starting job
Sun Dec  7 20:01:21 2025       
+-----------------------------------------------------------------------------------------+
| NVIDIA-SMI 580.65.06              Driver Version: 580.65.06      CUDA Version: 13.0     |
+-----------------------------------------+------------------------+----------------------+
| GPU  Name                 Persistence-M | Bus-Id          Disp.A | Volatile Uncorr. ECC |
| Fan  Temp   Perf          Pwr:Usage/Cap |           Memory-Usage | GPU-Util  Compute M. |
|                                         |                        |               MIG M. |
|=========================================+========================+======================|
|   0  NVIDIA H100 80GB HBM3          On  |   00000000:4C:00.0 Off |                   On |
| N/A   24C    P0            118W /  700W |     488MiB /  81559MiB |     N/A      Default |
|                                         |                        |              Enabled |
+-----------------------------------------+------------------------+----------------------+

+-----------------------------------------------------------------------------------------+
| MIG devices:                                                                            |
+------------------+----------------------------------+-----------+-----------------------+
| GPU  GI  CI  MIG |              Shared Memory-Usage |        Vol|        Shared         |
|      ID  ID  Dev |                Shared BAR1-Usage | SM     Unc| CE ENC  DEC  OFA  JPG |
|                  |                                  |        ECC|                       |
|==================+==================================+===========+=======================|
|  0   14   0   0  |              15MiB /  9984MiB    | 16      0 |  1   0    1    0    1 |
|                  |               0MiB /  6185MiB    |           |                       |
+------------------+----------------------------------+-----------+-----------------------+

+-----------------------------------------------------------------------------------------+
| Processes:                                                                              |
|  GPU   GI   CI              PID   Type   Process name                        GPU Memory |
|        ID   ID                                                               Usage      |
|=========================================================================================|
|  No running processes found                                                             |
+-----------------------------------------------------------------------------------------+
Running seed 5
Gym has been unmaintained since 2022 and does not support NumPy 2.0 amongst other critical functionality.
Please upgrade to Gymnasium, the maintained drop-in replacement of Gym, or contact the authors of your software and request that they upgrade.
Users of this version of Gym should be able to simply replace 'import gym' with 'import gymnasium as gym' in the vast majority of cases.
See the migration guide at https://gymnasium.farama.org/introduction/migration_guide/ for additional information.
Seed 5 | Episode 0 | Reward -300.00 | Epsilon 0.9987
Seed 5 | Episode 1 | Reward -300.00 | Epsilon 0.9897
Seed 5 | Episode 2 | Reward -300.00 | Epsilon 0.9808
Seed 5 | Episode 3 | Reward -300.00 | Epsilon 0.9720
Seed 5 | Episode 4 | Reward -300.00 | Epsilon 0.9633
Seed 5 | Episode 5 | Reward -300.00 | Epsilon 0.9547
Seed 5 | Episode 6 | Reward -300.00 | Epsilon 0.9462
Seed 5 | Episode 7 | Reward -300.00 | Epsilon 0.9377
Seed 5 | Episode 8 | Reward -300.00 | Epsilon 0.9293
Seed 5 | Episode 9 | Reward -300.00 | Epsilon 0.9209
Seed 5 | Episode 10 | Reward -300.00 | Epsilon 0.9127
Seed 5 | Episode 11 | Reward -300.00 | Epsilon 0.9045
Seed 5 | Episode 12 | Reward -300.00 | Epsilon 0.8964
Seed 5 | Episode 13 | Reward -300.00 | Epsilon 0.8884
Seed 5 | Episode 14 | Reward -300.00 | Epsilon 0.8804
Seed 5 | Episode 15 | Reward -300.00 | Epsilon 0.8725
Seed 5 | Episode 16 | Reward -300.00 | Epsilon 0.8647
Seed 5 | Episode 17 | Reward -300.00 | Epsilon 0.8570
Seed 5 | Episode 18 | Reward -300.00 | Epsilon 0.8493
Seed 5 | Episode 19 | Reward -300.00 | Epsilon 0.8417
Seed 5 | Episode 20 | Reward -300.00 | Epsilon 0.8341
Seed 5 | Episode 21 | Reward -300.00 | Epsilon 0.8267
Seed 5 | Episode 22 | Reward -300.00 | Epsilon 0.8193
Seed 5 | Episode 23 | Reward -300.00 | Epsilon 0.8119
Seed 5 | Episode 24 | Reward -300.00 | Epsilon 0.8046
Seed 5 | Episode 25 | Reward -300.00 | Epsilon 0.7974
Seed 5 | Episode 26 | Reward -300.00 | Epsilon 0.7903
Seed 5 | Episode 27 | Reward -300.00 | Epsilon 0.7832
Seed 5 | Episode 28 | Reward -300.00 | Epsilon 0.7762
Seed 5 | Episode 29 | Reward -300.00 | Epsilon 0.7692
Seed 5 | Episode 30 | Reward -300.00 | Epsilon 0.7623
Seed 5 | Episode 31 | Reward 3.00 | Epsilon 0.7601
Seed 5 | Episode 32 | Reward -300.00 | Epsilon 0.7533
Seed 5 | Episode 33 | Reward -300.00 | Epsilon 0.7465
Seed 5 | Episode 34 | Reward -300.00 | Epsilon 0.7399
Seed 5 | Episode 35 | Reward -300.00 | Epsilon 0.7332
Seed 5 | Episode 36 | Reward -300.00 | Epsilon 0.7267
Seed 5 | Episode 37 | Reward -300.00 | Epsilon 0.7202
Seed 5 | Episode 38 | Reward -300.00 | Epsilon 0.7137
Seed 5 | Episode 39 | Reward -300.00 | Epsilon 0.7073
Seed 5 | Episode 40 | Reward -300.00 | Epsilon 0.7010
Seed 5 | Episode 41 | Reward -300.00 | Epsilon 0.6947
Seed 5 | Episode 42 | Reward -300.00 | Epsilon 0.6885
Seed 5 | Episode 43 | Reward -300.00 | Epsilon 0.6823
Seed 5 | Episode 44 | Reward -300.00 | Epsilon 0.6762
Seed 5 | Episode 45 | Reward -300.00 | Epsilon 0.6701
Seed 5 | Episode 46 | Reward -300.00 | Epsilon 0.6641
Seed 5 | Episode 47 | Reward -300.00 | Epsilon 0.6582
Seed 5 | Episode 48 | Reward -300.00 | Epsilon 0.6523
Seed 5 | Episode 49 | Reward -300.00 | Epsilon 0.6464
Seed 5 | Episode 50 | Reward -300.00 | Epsilon 0.6406
Seed 5 | Episode 51 | Reward -300.00 | Epsilon 0.6349
Seed 5 | Episode 52 | Reward -300.00 | Epsilon 0.6292
Seed 5 | Episode 53 | Reward -300.00 | Epsilon 0.6236
Seed 5 | Episode 54 | Reward -300.00 | Epsilon 0.6180
Seed 5 | Episode 55 | Reward -300.00 | Epsilon 0.6124
Seed 5 | Episode 56 | Reward -300.00 | Epsilon 0.6070
Seed 5 | Episode 57 | Reward -300.00 | Epsilon 0.6015
Seed 5 | Episode 58 | Reward -300.00 | Epsilon 0.5961
Seed 5 | Episode 59 | Reward -300.00 | Epsilon 0.5908
Seed 5 | Episode 60 | Reward -300.00 | Epsilon 0.5855
Seed 5 | Episode 61 | Reward -300.00 | Epsilon 0.5802
Seed 5 | Episode 62 | Reward -300.00 | Epsilon 0.5750
Seed 5 | Episode 63 | Reward -300.00 | Epsilon 0.5699
Seed 5 | Episode 64 | Reward -300.00 | Epsilon 0.5648
Seed 5 | Episode 65 | Reward -300.00 | Epsilon 0.5597
Seed 5 | Episode 66 | Reward -300.00 | Epsilon 0.5547
Seed 5 | Episode 67 | Reward -300.00 | Epsilon 0.5497
Seed 5 | Episode 68 | Reward -300.00 | Epsilon 0.5448
Seed 5 | Episode 69 | Reward -300.00 | Epsilon 0.5399
Seed 5 | Episode 70 | Reward -300.00 | Epsilon 0.5351
Seed 5 | Episode 71 | Reward -300.00 | Epsilon 0.5303
Seed 5 | Episode 72 | Reward -300.00 | Epsilon 0.5256
Seed 5 | Episode 73 | Reward -300.00 | Epsilon 0.5208
Seed 5 | Episode 74 | Reward -300.00 | Epsilon 0.5162
Seed 5 | Episode 75 | Reward -300.00 | Epsilon 0.5116
Seed 5 | Episode 76 | Reward -300.00 | Epsilon 0.5070
Seed 5 | Episode 77 | Reward -300.00 | Epsilon 0.5024
Seed 5 | Episode 78 | Reward -300.00 | Epsilon 0.4979
Seed 5 | Episode 79 | Reward -300.00 | Epsilon 0.4935
Seed 5 | Episode 80 | Reward -300.00 | Epsilon 0.4890
Seed 5 | Episode 81 | Reward -300.00 | Epsilon 0.4847
Seed 5 | Episode 82 | Reward -300.00 | Epsilon 0.4803
Seed 5 | Episode 83 | Reward -300.00 | Epsilon 0.4760
Seed 5 | Episode 84 | Reward -300.00 | Epsilon 0.4718
Seed 5 | Episode 85 | Reward -300.00 | Epsilon 0.4675
Seed 5 | Episode 86 | Reward -300.00 | Epsilon 0.4633
Seed 5 | Episode 87 | Reward -300.00 | Epsilon 0.4592
Seed 5 | Episode 88 | Reward -300.00 | Epsilon 0.4551
Seed 5 | Episode 89 | Reward -300.00 | Epsilon 0.4510
Seed 5 | Episode 90 | Reward -300.00 | Epsilon 0.4470
Seed 5 | Episode 91 | Reward -300.00 | Epsilon 0.4429
Seed 5 | Episode 92 | Reward -300.00 | Epsilon 0.4390
Seed 5 | Episode 93 | Reward -300.00 | Epsilon 0.4350
Seed 5 | Episode 94 | Reward -300.00 | Epsilon 0.4311
Seed 5 | Episode 95 | Reward -300.00 | Epsilon 0.4273
Seed 5 | Episode 96 | Reward -300.00 | Epsilon 0.4235
Seed 5 | Episode 97 | Reward -300.00 | Epsilon 0.4197
Seed 5 | Episode 98 | Reward -300.00 | Epsilon 0.4159
Seed 5 | Episode 99 | Reward -300.00 | Epsilon 0.4122
Seed 5 | Episode 100 | Reward -300.00 | Epsilon 0.4085
Seed 5 | Episode 101 | Reward -300.00 | Epsilon 0.4048
Seed 5 | Episode 102 | Reward -300.00 | Epsilon 0.4012
Seed 5 | Episode 103 | Reward -300.00 | Epsilon 0.3976
Seed 5 | Episode 104 | Reward -300.00 | Epsilon 0.3940
Seed 5 | Episode 105 | Reward -300.00 | Epsilon 0.3905
Seed 5 | Episode 106 | Reward -300.00 | Epsilon 0.3870
Seed 5 | Episode 107 | Reward -300.00 | Epsilon 0.3835
Seed 5 | Episode 108 | Reward -300.00 | Epsilon 0.3801
Seed 5 | Episode 109 | Reward -300.00 | Epsilon 0.3767
Seed 5 | Episode 110 | Reward -300.00 | Epsilon 0.3733
Seed 5 | Episode 111 | Reward -300.00 | Epsilon 0.3700
Seed 5 | Episode 112 | Reward -300.00 | Epsilon 0.3667
Seed 5 | Episode 113 | Reward -300.00 | Epsilon 0.3634
Seed 5 | Episode 114 | Reward -300.00 | Epsilon 0.3601
Seed 5 | Episode 115 | Reward -300.00 | Epsilon 0.3569
Seed 5 | Episode 116 | Reward -300.00 | Epsilon 0.3537
Seed 5 | Episode 117 | Reward -300.00 | Epsilon 0.3505
Seed 5 | Episode 118 | Reward -300.00 | Epsilon 0.3474
Seed 5 | Episode 119 | Reward -300.00 | Epsilon 0.3443
Seed 5 | Episode 120 | Reward -300.00 | Epsilon 0.3412
Seed 5 | Episode 121 | Reward -300.00 | Epsilon 0.3381
Seed 5 | Episode 122 | Reward -300.00 | Epsilon 0.3351
Seed 5 | Episode 123 | Reward -300.00 | Epsilon 0.3321
Seed 5 | Episode 124 | Reward -300.00 | Epsilon 0.3291
Seed 5 | Episode 125 | Reward -300.00 | Epsilon 0.3262
Seed 5 | Episode 126 | Reward -300.00 | Epsilon 0.3233
Seed 5 | Episode 127 | Reward -300.00 | Epsilon 0.3204
Seed 5 | Episode 128 | Reward -300.00 | Epsilon 0.3175
Seed 5 | Episode 129 | Reward -300.00 | Epsilon 0.3146
Seed 5 | Episode 130 | Reward -300.00 | Epsilon 0.3118
Seed 5 | Episode 131 | Reward -300.00 | Epsilon 0.3090
Seed 5 | Episode 132 | Reward -300.00 | Epsilon 0.3063
Seed 5 | Episode 133 | Reward -300.00 | Epsilon 0.3035
Seed 5 | Episode 134 | Reward -300.00 | Epsilon 0.3008
Seed 5 | Episode 135 | Reward -300.00 | Epsilon 0.2981
Seed 5 | Episode 136 | Reward -300.00 | Epsilon 0.2954
Seed 5 | Episode 137 | Reward -300.00 | Epsilon 0.2928
Seed 5 | Episode 138 | Reward -300.00 | Epsilon 0.2902
Seed 5 | Episode 139 | Reward -300.00 | Epsilon 0.2876
Seed 5 | Episode 140 | Reward -300.00 | Epsilon 0.2850
Seed 5 | Episode 141 | Reward -300.00 | Epsilon 0.2824
Seed 5 | Episode 142 | Reward -300.00 | Epsilon 0.2799
Seed 5 | Episode 143 | Reward -300.00 | Epsilon 0.2774
Seed 5 | Episode 144 | Reward -300.00 | Epsilon 0.2749
Seed 5 | Episode 145 | Reward -300.00 | Epsilon 0.2724
Seed 5 | Episode 146 | Reward -300.00 | Epsilon 0.2700
Seed 5 | Episode 147 | Reward -300.00 | Epsilon 0.2676
Seed 5 | Episode 148 | Reward -300.00 | Epsilon 0.2652
Seed 5 | Episode 149 | Reward -300.00 | Epsilon 0.2628
Seed 5 | Episode 150 | Reward -300.00 | Epsilon 0.2605
Seed 5 | Episode 151 | Reward -300.00 | Epsilon 0.2581
Seed 5 | Episode 152 | Reward -300.00 | Epsilon 0.2558
Seed 5 | Episode 153 | Reward -300.00 | Epsilon 0.2535
Seed 5 | Episode 154 | Reward -300.00 | Epsilon 0.2512
Seed 5 | Episode 155 | Reward -300.00 | Epsilon 0.2490
Seed 5 | Episode 156 | Reward -300.00 | Epsilon 0.2468
Seed 5 | Episode 157 | Reward -300.00 | Epsilon 0.2446
Seed 5 | Episode 158 | Reward -300.00 | Epsilon 0.2424
Seed 5 | Episode 159 | Reward -300.00 | Epsilon 0.2402
Seed 5 | Episode 160 | Reward -300.00 | Epsilon 0.2380
Seed 5 | Episode 161 | Reward -300.00 | Epsilon 0.2359
Seed 5 | Episode 162 | Reward -300.00 | Epsilon 0.2338
Seed 5 | Episode 163 | Reward -300.00 | Epsilon 0.2317
Seed 5 | Episode 164 | Reward -300.00 | Epsilon 0.2296
Seed 5 | Episode 165 | Reward -300.00 | Epsilon 0.2276
Seed 5 | Episode 166 | Reward -300.00 | Epsilon 0.2255
Seed 5 | Episode 167 | Reward -300.00 | Epsilon 0.2235
Seed 5 | Episode 168 | Reward -300.00 | Epsilon 0.2215
Seed 5 | Episode 169 | Reward -300.00 | Epsilon 0.2195
Seed 5 | Episode 170 | Reward -300.00 | Epsilon 0.2176
Seed 5 | Episode 171 | Reward -300.00 | Epsilon 0.2156
Seed 5 | Episode 172 | Reward -300.00 | Epsilon 0.2137
Seed 5 | Episode 173 | Reward -300.00 | Epsilon 0.2118
Seed 5 | Episode 174 | Reward -300.00 | Epsilon 0.2099
Seed 5 | Episode 175 | Reward -300.00 | Epsilon 0.2080
Seed 5 | Episode 176 | Reward -300.00 | Epsilon 0.2061
Seed 5 | Episode 177 | Reward -300.00 | Epsilon 0.2043
Seed 5 | Episode 178 | Reward -300.00 | Epsilon 0.2024
Seed 5 | Episode 179 | Reward -300.00 | Epsilon 0.2006
Seed 5 | Episode 180 | Reward -300.00 | Epsilon 0.1988
Seed 5 | Episode 181 | Reward -300.00 | Epsilon 0.1970
Seed 5 | Episode 182 | Reward -300.00 | Epsilon 0.1953
Seed 5 | Episode 183 | Reward -300.00 | Epsilon 0.1935
Seed 5 | Episode 184 | Reward -300.00 | Epsilon 0.1918
Seed 5 | Episode 185 | Reward -300.00 | Epsilon 0.1901
Seed 5 | Episode 186 | Reward -300.00 | Epsilon 0.1884
Seed 5 | Episode 187 | Reward -300.00 | Epsilon 0.1867
Seed 5 | Episode 188 | Reward -300.00 | Epsilon 0.1850
Seed 5 | Episode 189 | Reward -300.00 | Epsilon 0.1834
Seed 5 | Episode 190 | Reward -300.00 | Epsilon 0.1817
Seed 5 | Episode 191 | Reward -300.00 | Epsilon 0.1801
Seed 5 | Episode 192 | Reward -300.00 | Epsilon 0.1785
Seed 5 | Episode 193 | Reward -300.00 | Epsilon 0.1769
Seed 5 | Episode 194 | Reward -300.00 | Epsilon 0.1753
Seed 5 | Episode 195 | Reward -300.00 | Epsilon 0.1737
Seed 5 | Episode 196 | Reward -300.00 | Epsilon 0.1722
Seed 5 | Episode 197 | Reward -300.00 | Epsilon 0.1706
Seed 5 | Episode 198 | Reward -300.00 | Epsilon 0.1691
Seed 5 | Episode 199 | Reward -300.00 | Epsilon 0.1676
Seed 5 | Episode 200 | Reward -300.00 | Epsilon 0.1661
Seed 5 | Episode 201 | Reward -300.00 | Epsilon 0.1646
Seed 5 | Episode 202 | Reward -300.00 | Epsilon 0.1631
Seed 5 | Episode 203 | Reward -300.00 | Epsilon 0.1617
Seed 5 | Episode 204 | Reward -300.00 | Epsilon 0.1602
Seed 5 | Episode 205 | Reward -300.00 | Epsilon 0.1588
Seed 5 | Episode 206 | Reward 39.00 | Epsilon 0.1585
Seed 5 | Episode 207 | Reward -300.00 | Epsilon 0.1571
Seed 5 | Episode 208 | Reward -300.00 | Epsilon 0.1556
Seed 5 | Episode 209 | Reward -300.00 | Epsilon 0.1543
Seed 5 | Episode 210 | Reward -300.00 | Epsilon 0.1529
Seed 5 | Episode 211 | Reward -300.00 | Epsilon 0.1515
Seed 5 | Episode 212 | Reward -300.00 | Epsilon 0.1501
Seed 5 | Episode 213 | Reward -300.00 | Epsilon 0.1488
Seed 5 | Episode 214 | Reward -300.00 | Epsilon 0.1475
Seed 5 | Episode 215 | Reward -111.00 | Epsilon 0.1465
Seed 5 | Episode 216 | Reward -300.00 | Epsilon 0.1452
Seed 5 | Episode 217 | Reward 41.00 | Epsilon 0.1450
Seed 5 | Episode 218 | Reward -112.00 | Epsilon 0.1440
Seed 5 | Episode 219 | Reward -300.00 | Epsilon 0.1427
Seed 5 | Episode 220 | Reward -300.00 | Epsilon 0.1415
Seed 5 | Episode 221 | Reward -300.00 | Epsilon 0.1402
Seed 5 | Episode 222 | Reward -92.00 | Epsilon 0.1394
Seed 5 | Episode 223 | Reward -92.00 | Epsilon 0.1386
Seed 5 | Episode 224 | Reward -300.00 | Epsilon 0.1373
Seed 5 | Episode 225 | Reward -300.00 | Epsilon 0.1361
Seed 5 | Episode 226 | Reward 37.00 | Epsilon 0.1358
Seed 5 | Episode 227 | Reward -300.00 | Epsilon 0.1346
Seed 5 | Episode 228 | Reward -300.00 | Epsilon 0.1334
Seed 5 | Episode 229 | Reward -300.00 | Epsilon 0.1322
Seed 5 | Episode 230 | Reward 47.00 | Epsilon 0.1320
Seed 5 | Episode 231 | Reward -300.00 | Epsilon 0.1308
Seed 5 | Episode 232 | Reward -300.00 | Epsilon 0.1297
Seed 5 | Episode 233 | Reward -300.00 | Epsilon 0.1285
Seed 5 | Episode 234 | Reward -181.00 | Epsilon 0.1274
Seed 5 | Episode 235 | Reward -300.00 | Epsilon 0.1263
Seed 5 | Episode 236 | Reward -300.00 | Epsilon 0.1251
Seed 5 | Episode 237 | Reward -300.00 | Epsilon 0.1240
Seed 5 | Episode 238 | Reward -300.00 | Epsilon 0.1229
Seed 5 | Episode 239 | Reward -300.00 | Epsilon 0.1218
Seed 5 | Episode 240 | Reward -300.00 | Epsilon 0.1207
Seed 5 | Episode 241 | Reward -7.00 | Epsilon 0.1203
Seed 5 | Episode 242 | Reward -300.00 | Epsilon 0.1192
Seed 5 | Episode 243 | Reward -300.00 | Epsilon 0.1182
Seed 5 | Episode 244 | Reward -300.00 | Epsilon 0.1171
Seed 5 | Episode 245 | Reward -300.00 | Epsilon 0.1161
Seed 5 | Episode 246 | Reward -300.00 | Epsilon 0.1150
Seed 5 | Episode 247 | Reward -300.00 | Epsilon 0.1140
Seed 5 | Episode 248 | Reward -300.00 | Epsilon 0.1130
Seed 5 | Episode 249 | Reward -300.00 | Epsilon 0.1120
Seed 5 | Episode 250 | Reward -300.00 | Epsilon 0.1110
Seed 5 | Episode 251 | Reward -300.00 | Epsilon 0.1100
Seed 5 | Episode 252 | Reward -300.00 | Epsilon 0.1090
Seed 5 | Episode 253 | Reward -300.00 | Epsilon 0.1080
Seed 5 | Episode 254 | Reward -300.00 | Epsilon 0.1070
Seed 5 | Episode 255 | Reward -300.00 | Epsilon 0.1061
Seed 5 | Episode 256 | Reward -300.00 | Epsilon 0.1051
Seed 5 | Episode 257 | Reward -300.00 | Epsilon 0.1042
Seed 5 | Episode 258 | Reward -300.00 | Epsilon 0.1033
Seed 5 | Episode 259 | Reward -300.00 | Epsilon 0.1023
Seed 5 | Episode 260 | Reward -300.00 | Epsilon 0.1014
Seed 5 | Episode 261 | Reward -300.00 | Epsilon 0.1005
Seed 5 | Episode 262 | Reward -300.00 | Epsilon 0.0996
Seed 5 | Episode 263 | Reward -300.00 | Epsilon 0.0987
Seed 5 | Episode 264 | Reward -300.00 | Epsilon 0.0978
Seed 5 | Episode 265 | Reward -300.00 | Epsilon 0.0970
Seed 5 | Episode 266 | Reward -300.00 | Epsilon 0.0961
Seed 5 | Episode 267 | Reward -300.00 | Epsilon 0.0952
Seed 5 | Episode 268 | Reward -300.00 | Epsilon 0.0944
Seed 5 | Episode 269 | Reward -300.00 | Epsilon 0.0935
Seed 5 | Episode 270 | Reward -300.00 | Epsilon 0.0927
Seed 5 | Episode 271 | Reward -300.00 | Epsilon 0.0919
Seed 5 | Episode 272 | Reward -300.00 | Epsilon 0.0910
Seed 5 | Episode 273 | Reward -300.00 | Epsilon 0.0902
Seed 5 | Episode 274 | Reward -300.00 | Epsilon 0.0894
Seed 5 | Episode 275 | Reward -300.00 | Epsilon 0.0886
Seed 5 | Episode 276 | Reward -300.00 | Epsilon 0.0878
Seed 5 | Episode 277 | Reward -300.00 | Epsilon 0.0870
Seed 5 | Episode 278 | Reward -300.00 | Epsilon 0.0862
Seed 5 | Episode 279 | Reward -300.00 | Epsilon 0.0855
Seed 5 | Episode 280 | Reward -300.00 | Epsilon 0.0847
Seed 5 | Episode 281 | Reward -300.00 | Epsilon 0.0839
Seed 5 | Episode 282 | Reward -300.00 | Epsilon 0.0832
Seed 5 | Episode 283 | Reward -300.00 | Epsilon 0.0825
Seed 5 | Episode 284 | Reward -300.00 | Epsilon 0.0817
Seed 5 | Episode 285 | Reward -300.00 | Epsilon 0.0810
Seed 5 | Episode 286 | Reward 40.00 | Epsilon 0.0808
Seed 5 | Episode 287 | Reward -300.00 | Epsilon 0.0801
Seed 5 | Episode 288 | Reward -300.00 | Epsilon 0.0794
Seed 5 | Episode 289 | Reward -300.00 | Epsilon 0.0787
Seed 5 | Episode 290 | Reward -34.00 | Epsilon 0.0784
Seed 5 | Episode 291 | Reward 15.00 | Epsilon 0.0782
Seed 5 | Episode 292 | Reward -300.00 | Epsilon 0.0775
Seed 5 | Episode 293 | Reward -300.00 | Epsilon 0.0768
Seed 5 | Episode 294 | Reward -121.00 | Epsilon 0.0763
Seed 5 | Episode 295 | Reward 29.00 | Epsilon 0.0761
Seed 5 | Episode 296 | Reward 46.00 | Epsilon 0.0760
Seed 5 | Episode 297 | Reward -300.00 | Epsilon 0.0753
Seed 5 | Episode 298 | Reward -117.00 | Epsilon 0.0748
Seed 5 | Episode 299 | Reward -24.00 | Epsilon 0.0745
Seed 5 | Episode 300 | Reward 44.00 | Epsilon 0.0744
Seed 5 | Episode 301 | Reward 35.00 | Epsilon 0.0742
Seed 5 | Episode 302 | Reward -300.00 | Epsilon 0.0736
Seed 5 | Episode 303 | Reward -82.00 | Epsilon 0.0732
Seed 5 | Episode 304 | Reward -300.00 | Epsilon 0.0725
Seed 5 | Episode 305 | Reward -300.00 | Epsilon 0.0719
Seed 5 | Episode 306 | Reward -10.00 | Epsilon 0.0716
Seed 5 | Episode 307 | Reward -117.00 | Epsilon 0.0712
Seed 5 | Episode 308 | Reward -10.00 | Epsilon 0.0709
Seed 5 | Episode 309 | Reward -48.00 | Epsilon 0.0706
Seed 5 | Episode 310 | Reward -19.00 | Epsilon 0.0704
Seed 5 | Episode 311 | Reward -300.00 | Epsilon 0.0697
Seed 5 | Episode 312 | Reward -300.00 | Epsilon 0.0691
Seed 5 | Episode 313 | Reward 46.00 | Epsilon 0.0690
Seed 5 | Episode 314 | Reward -300.00 | Epsilon 0.0684
Seed 5 | Episode 315 | Reward -300.00 | Epsilon 0.0678
Seed 5 | Episode 316 | Reward -300.00 | Epsilon 0.0671
Seed 5 | Episode 317 | Reward -30.00 | Epsilon 0.0669
Seed 5 | Episode 318 | Reward -21.00 | Epsilon 0.0666
Seed 5 | Episode 319 | Reward -196.00 | Epsilon 0.0660
Seed 5 | Episode 320 | Reward -300.00 | Epsilon 0.0655
Seed 5 | Episode 321 | Reward -75.00 | Epsilon 0.0651
Seed 5 | Episode 322 | Reward -300.00 | Epsilon 0.0645
Seed 5 | Episode 323 | Reward -300.00 | Epsilon 0.0639
Seed 5 | Episode 324 | Reward 30.00 | Epsilon 0.0638
Seed 5 | Episode 325 | Reward 33.00 | Epsilon 0.0637
Seed 5 | Episode 326 | Reward -300.00 | Epsilon 0.0631
Seed 5 | Episode 327 | Reward -300.00 | Epsilon 0.0625
Seed 5 | Episode 328 | Reward -164.00 | Epsilon 0.0621
Seed 5 | Episode 329 | Reward -78.00 | Epsilon 0.0617
Seed 5 | Episode 330 | Reward -20.00 | Epsilon 0.0615
Seed 5 | Episode 331 | Reward -300.00 | Epsilon 0.0609
Seed 5 | Episode 332 | Reward 37.00 | Epsilon 0.0608
Seed 5 | Episode 333 | Reward 38.00 | Epsilon 0.0607
Seed 5 | Episode 334 | Reward -136.00 | Epsilon 0.0603
Seed 5 | Episode 335 | Reward 41.00 | Epsilon 0.0602
Seed 5 | Episode 336 | Reward 49.00 | Epsilon 0.0601
Seed 5 | Episode 337 | Reward 54.00 | Epsilon 0.0600
Seed 5 | Episode 338 | Reward 43.00 | Epsilon 0.0599
Seed 5 | Episode 339 | Reward 33.00 | Epsilon 0.0598
Seed 5 | Episode 340 | Reward 38.00 | Epsilon 0.0597
Seed 5 | Episode 341 | Reward 47.00 | Epsilon 0.0596
Seed 5 | Episode 342 | Reward 45.00 | Epsilon 0.0595
Seed 5 | Episode 343 | Reward 40.00 | Epsilon 0.0594
Seed 5 | Episode 344 | Reward 33.00 | Epsilon 0.0592
Seed 5 | Episode 345 | Reward -14.00 | Epsilon 0.0590
Seed 5 | Episode 346 | Reward 52.00 | Epsilon 0.0589
Seed 5 | Episode 347 | Reward 51.00 | Epsilon 0.0589
Seed 5 | Episode 348 | Reward -8.00 | Epsilon 0.0587
Seed 5 | Episode 349 | Reward 59.00 | Epsilon 0.0586
Seed 5 | Episode 350 | Reward 40.00 | Epsilon 0.0585
Seed 5 | Episode 351 | Reward -109.00 | Epsilon 0.0581
Seed 5 | Episode 352 | Reward 47.00 | Epsilon 0.0580
Seed 5 | Episode 353 | Reward 47.00 | Epsilon 0.0579
Seed 5 | Episode 354 | Reward -11.00 | Epsilon 0.0577
Seed 5 | Episode 355 | Reward -300.00 | Epsilon 0.0572
Seed 5 | Episode 356 | Reward -300.00 | Epsilon 0.0567
Seed 5 | Episode 357 | Reward -50.00 | Epsilon 0.0564
Seed 5 | Episode 358 | Reward -141.00 | Epsilon 0.0560
Seed 5 | Episode 359 | Reward -66.00 | Epsilon 0.0558
Seed 5 | Episode 360 | Reward -77.00 | Epsilon 0.0555
Seed 5 | Episode 361 | Reward -11.00 | Epsilon 0.0553
Seed 5 | Episode 362 | Reward 55.00 | Epsilon 0.0552
Seed 5 | Episode 363 | Reward 51.00 | Epsilon 0.0551
Seed 5 | Episode 364 | Reward -85.00 | Epsilon 0.0548
Seed 5 | Episode 365 | Reward -1.00 | Epsilon 0.0546
Seed 5 | Episode 366 | Reward 55.00 | Epsilon 0.0546
Seed 5 | Episode 367 | Reward 43.00 | Epsilon 0.0545
Seed 5 | Episode 368 | Reward 15.00 | Epsilon 0.0543
Seed 5 | Episode 369 | Reward 30.00 | Epsilon 0.0542
Seed 5 | Episode 370 | Reward -97.00 | Epsilon 0.0539
Seed 5 | Episode 371 | Reward -29.00 | Epsilon 0.0537
Seed 5 | Episode 372 | Reward -178.00 | Epsilon 0.0532
Seed 5 | Episode 373 | Reward 55.00 | Epsilon 0.0532
Seed 5 | Episode 374 | Reward -58.00 | Epsilon 0.0529
Seed 5 | Episode 375 | Reward -17.00 | Epsilon 0.0527
Seed 5 | Episode 376 | Reward 55.00 | Epsilon 0.0526
Seed 5 | Episode 377 | Reward -8.00 | Epsilon 0.0525
Seed 5 | Episode 378 | Reward 32.00 | Epsilon 0.0524
Seed 5 | Episode 379 | Reward 44.00 | Epsilon 0.0523
Seed 5 | Episode 380 | Reward 52.00 | Epsilon 0.0522
Seed 5 | Episode 381 | Reward -66.00 | Epsilon 0.0519
Seed 5 | Episode 382 | Reward -179.00 | Epsilon 0.0515
Seed 5 | Episode 383 | Reward 44.00 | Epsilon 0.0514
Seed 5 | Episode 384 | Reward 42.00 | Epsilon 0.0513
Seed 5 | Episode 385 | Reward -300.00 | Epsilon 0.0509
Seed 5 | Episode 386 | Reward 47.00 | Epsilon 0.0508
Seed 5 | Episode 387 | Reward -22.00 | Epsilon 0.0506
Seed 5 | Episode 388 | Reward 54.00 | Epsilon 0.0505
Seed 5 | Episode 389 | Reward 53.00 | Epsilon 0.0505
Seed 5 | Episode 390 | Reward 52.00 | Epsilon 0.0504
Seed 5 | Episode 391 | Reward -51.00 | Epsilon 0.0502
Seed 5 | Episode 392 | Reward 52.00 | Epsilon 0.0501
Seed 5 | Episode 393 | Reward -51.00 | Epsilon 0.0498
Seed 5 | Episode 394 | Reward 21.00 | Epsilon 0.0497
Seed 5 | Episode 395 | Reward -300.00 | Epsilon 0.0493
Seed 5 | Episode 396 | Reward -190.00 | Epsilon 0.0489
Seed 5 | Episode 397 | Reward -75.00 | Epsilon 0.0486
Seed 5 | Episode 398 | Reward 29.00 | Epsilon 0.0485
Seed 5 | Episode 399 | Reward -74.00 | Epsilon 0.0482
Seed 5 | Episode 400 | Reward 53.00 | Epsilon 0.0482
Seed 5 | Episode 401 | Reward 50.00 | Epsilon 0.0481
Seed 5 | Episode 402 | Reward 54.00 | Epsilon 0.0480
Seed 5 | Episode 403 | Reward 41.00 | Epsilon 0.0479
Seed 5 | Episode 404 | Reward -35.00 | Epsilon 0.0477
Seed 5 | Episode 405 | Reward 2.00 | Epsilon 0.0476
Seed 5 | Episode 406 | Reward 34.00 | Epsilon 0.0475
Seed 5 | Episode 407 | Reward 52.00 | Epsilon 0.0474
Seed 5 | Episode 408 | Reward 44.00 | Epsilon 0.0474
Seed 5 | Episode 409 | Reward 46.00 | Epsilon 0.0473
Seed 5 | Episode 410 | Reward 36.00 | Epsilon 0.0472
Seed 5 | Episode 411 | Reward -72.00 | Epsilon 0.0469
Seed 5 | Episode 412 | Reward -29.00 | Epsilon 0.0468
Seed 5 | Episode 413 | Reward -74.00 | Epsilon 0.0465
Seed 5 | Episode 414 | Reward 49.00 | Epsilon 0.0464
Seed 5 | Episode 415 | Reward 35.00 | Epsilon 0.0464
Seed 5 | Episode 416 | Reward 44.00 | Epsilon 0.0463
Seed 5 | Episode 417 | Reward 38.00 | Epsilon 0.0462
Seed 5 | Episode 418 | Reward -14.00 | Epsilon 0.0460
Seed 5 | Episode 419 | Reward -167.00 | Epsilon 0.0457
Seed 5 | Episode 420 | Reward 56.00 | Epsilon 0.0456
Seed 5 | Episode 421 | Reward -3.00 | Epsilon 0.0455
Seed 5 | Episode 422 | Reward 48.00 | Epsilon 0.0454
Seed 5 | Episode 423 | Reward 47.00 | Epsilon 0.0453
Seed 5 | Episode 424 | Reward 49.00 | Epsilon 0.0452
Seed 5 | Episode 425 | Reward 54.00 | Epsilon 0.0452
Seed 5 | Episode 426 | Reward 39.00 | Epsilon 0.0451
Seed 5 | Episode 427 | Reward 41.00 | Epsilon 0.0450
Seed 5 | Episode 428 | Reward 54.00 | Epsilon 0.0449
Seed 5 | Episode 429 | Reward 52.00 | Epsilon 0.0449
Seed 5 | Episode 430 | Reward 49.00 | Epsilon 0.0448
Seed 5 | Episode 431 | Reward 28.00 | Epsilon 0.0447
Seed 5 | Episode 432 | Reward -8.00 | Epsilon 0.0446
Seed 5 | Episode 433 | Reward 33.00 | Epsilon 0.0445
Seed 5 | Episode 434 | Reward 54.00 | Epsilon 0.0444
Seed 5 | Episode 435 | Reward 56.00 | Epsilon 0.0444
Seed 5 | Episode 436 | Reward 43.00 | Epsilon 0.0443
Seed 5 | Episode 437 | Reward 49.00 | Epsilon 0.0442
Seed 5 | Episode 438 | Reward 36.00 | Epsilon 0.0441
Seed 5 | Episode 439 | Reward 52.00 | Epsilon 0.0441
Seed 5 | Episode 440 | Reward 32.00 | Epsilon 0.0440
Seed 5 | Episode 441 | Reward 53.00 | Epsilon 0.0439
Seed 5 | Episode 442 | Reward 36.00 | Epsilon 0.0438
Seed 5 | Episode 443 | Reward 59.00 | Epsilon 0.0438
Seed 5 | Episode 444 | Reward 61.00 | Epsilon 0.0437
Seed 5 | Episode 445 | Reward 44.00 | Epsilon 0.0436
Seed 5 | Episode 446 | Reward 63.00 | Epsilon 0.0436
Seed 5 | Episode 447 | Reward 43.00 | Epsilon 0.0435
Seed 5 | Episode 448 | Reward 41.00 | Epsilon 0.0434
Seed 5 | Episode 449 | Reward 59.00 | Epsilon 0.0434
Seed 5 | Episode 450 | Reward 34.00 | Epsilon 0.0433
Seed 5 | Episode 451 | Reward -7.00 | Epsilon 0.0431
Seed 5 | Episode 452 | Reward 37.00 | Epsilon 0.0431
Seed 5 | Episode 453 | Reward 40.00 | Epsilon 0.0430
Seed 5 | Episode 454 | Reward 53.00 | Epsilon 0.0429
Seed 5 | Episode 455 | Reward 48.00 | Epsilon 0.0429
Seed 5 | Episode 456 | Reward 60.00 | Epsilon 0.0428
Seed 5 | Episode 457 | Reward 52.00 | Epsilon 0.0427
Seed 5 | Episode 458 | Reward 56.00 | Epsilon 0.0427
Seed 5 | Episode 459 | Reward 42.00 | Epsilon 0.0426
Seed 5 | Episode 460 | Reward -10.00 | Epsilon 0.0425
Seed 5 | Episode 461 | Reward 43.00 | Epsilon 0.0424
Seed 5 | Episode 462 | Reward 60.00 | Epsilon 0.0423
Seed 5 | Episode 463 | Reward 39.00 | Epsilon 0.0423
Seed 5 | Episode 464 | Reward 49.00 | Epsilon 0.0422
Seed 5 | Episode 465 | Reward 27.00 | Epsilon 0.0421
Seed 5 | Episode 466 | Reward 40.00 | Epsilon 0.0420
Seed 5 | Episode 467 | Reward -75.00 | Epsilon 0.0418
Seed 5 | Episode 468 | Reward 5.00 | Epsilon 0.0417
Seed 5 | Episode 469 | Reward 40.00 | Epsilon 0.0416
Seed 5 | Episode 470 | Reward 49.00 | Epsilon 0.0415
Seed 5 | Episode 471 | Reward 55.00 | Epsilon 0.0415
Seed 5 | Episode 472 | Reward 54.00 | Epsilon 0.0414
Seed 5 | Episode 473 | Reward 47.00 | Epsilon 0.0414
Seed 5 | Episode 474 | Reward 48.00 | Epsilon 0.0413
Seed 5 | Episode 475 | Reward 20.00 | Epsilon 0.0412
Seed 5 | Episode 476 | Reward -50.00 | Epsilon 0.0410
Seed 5 | Episode 477 | Reward 43.00 | Epsilon 0.0409
Seed 5 | Episode 478 | Reward 43.00 | Epsilon 0.0409
Seed 5 | Episode 479 | Reward 41.00 | Epsilon 0.0408
Seed 5 | Episode 480 | Reward 38.00 | Epsilon 0.0407
Seed 5 | Episode 481 | Reward 52.00 | Epsilon 0.0407
Seed 5 | Episode 482 | Reward 55.00 | Epsilon 0.0406
Seed 5 | Episode 483 | Reward 32.00 | Epsilon 0.0405
Seed 5 | Episode 484 | Reward 58.00 | Epsilon 0.0405
Seed 5 | Episode 485 | Reward 50.00 | Epsilon 0.0404
Seed 5 | Episode 486 | Reward 60.00 | Epsilon 0.0404
Seed 5 | Episode 487 | Reward -20.00 | Epsilon 0.0402
Seed 5 | Episode 488 | Reward 50.00 | Epsilon 0.0401
Seed 5 | Episode 489 | Reward 43.00 | Epsilon 0.0401
Seed 5 | Episode 490 | Reward -66.00 | Epsilon 0.0399
Seed 5 | Episode 491 | Reward 48.00 | Epsilon 0.0398
Seed 5 | Episode 492 | Reward 48.00 | Epsilon 0.0397
Seed 5 | Episode 493 | Reward 38.00 | Epsilon 0.0397
Seed 5 | Episode 494 | Reward 47.00 | Epsilon 0.0396
Seed 5 | Episode 495 | Reward 38.00 | Epsilon 0.0395
Seed 5 | Episode 496 | Reward 60.00 | Epsilon 0.0395
Seed 5 | Episode 497 | Reward 44.00 | Epsilon 0.0394
Seed 5 | Episode 498 | Reward 31.00 | Epsilon 0.0393
Seed 5 | Episode 499 | Reward 50.00 | Epsilon 0.0393
Seed 5 | Episode 500 | Reward 56.00 | Epsilon 0.0392
Seed 5 | Episode 501 | Reward 52.00 | Epsilon 0.0392
Seed 5 | Episode 502 | Reward 37.00 | Epsilon 0.0391
Seed 5 | Episode 503 | Reward 20.00 | Epsilon 0.0390
Seed 5 | Episode 504 | Reward 45.00 | Epsilon 0.0389
Seed 5 | Episode 505 | Reward 36.00 | Epsilon 0.0389
Seed 5 | Episode 506 | Reward 54.00 | Epsilon 0.0388
Seed 5 | Episode 507 | Reward 57.00 | Epsilon 0.0387
Seed 5 | Episode 508 | Reward 55.00 | Epsilon 0.0387
Seed 5 | Episode 509 | Reward 45.00 | Epsilon 0.0386
Seed 5 | Episode 510 | Reward 42.00 | Epsilon 0.0386
Seed 5 | Episode 511 | Reward 47.00 | Epsilon 0.0385
Seed 5 | Episode 512 | Reward 1.00 | Epsilon 0.0384
Seed 5 | Episode 513 | Reward 39.00 | Epsilon 0.0383
Seed 5 | Episode 514 | Reward 28.00 | Epsilon 0.0382
Seed 5 | Episode 515 | Reward 29.00 | Epsilon 0.0381
Seed 5 | Episode 516 | Reward 24.00 | Epsilon 0.0381
Seed 5 | Episode 517 | Reward 43.00 | Epsilon 0.0380
Seed 5 | Episode 518 | Reward 38.00 | Epsilon 0.0379
Seed 5 | Episode 519 | Reward 59.00 | Epsilon 0.0379
Seed 5 | Episode 520 | Reward 51.00 | Epsilon 0.0378
Seed 5 | Episode 521 | Reward 46.00 | Epsilon 0.0378
Seed 5 | Episode 522 | Reward 48.00 | Epsilon 0.0377
Seed 5 | Episode 523 | Reward 6.00 | Epsilon 0.0376
Seed 5 | Episode 524 | Reward 45.00 | Epsilon 0.0375
Seed 5 | Episode 525 | Reward 47.00 | Epsilon 0.0375
Seed 5 | Episode 526 | Reward 42.00 | Epsilon 0.0374
Seed 5 | Episode 527 | Reward 46.00 | Epsilon 0.0373
Seed 5 | Episode 528 | Reward 56.00 | Epsilon 0.0373
Seed 5 | Episode 529 | Reward 41.00 | Epsilon 0.0372
Seed 5 | Episode 530 | Reward 56.00 | Epsilon 0.0372
Seed 5 | Episode 531 | Reward 45.00 | Epsilon 0.0371
Seed 5 | Episode 532 | Reward 54.00 | Epsilon 0.0370
Seed 5 | Episode 533 | Reward 54.00 | Epsilon 0.0370
Seed 5 | Episode 534 | Reward 44.00 | Epsilon 0.0369
Seed 5 | Episode 535 | Reward 40.00 | Epsilon 0.0369
Seed 5 | Episode 536 | Reward 46.00 | Epsilon 0.0368
Seed 5 | Episode 537 | Reward 59.00 | Epsilon 0.0368
Seed 5 | Episode 538 | Reward 41.00 | Epsilon 0.0367
Seed 5 | Episode 539 | Reward 59.00 | Epsilon 0.0366
Seed 5 | Episode 540 | Reward 49.00 | Epsilon 0.0366
Seed 5 | Episode 541 | Reward 45.00 | Epsilon 0.0365
Seed 5 | Episode 542 | Reward 61.00 | Epsilon 0.0365
Seed 5 | Episode 543 | Reward 41.00 | Epsilon 0.0364
Seed 5 | Episode 544 | Reward 61.00 | Epsilon 0.0364
Seed 5 | Episode 545 | Reward 46.00 | Epsilon 0.0363
Seed 5 | Episode 546 | Reward 47.00 | Epsilon 0.0363
Seed 5 | Episode 547 | Reward 58.00 | Epsilon 0.0362
Seed 5 | Episode 548 | Reward 59.00 | Epsilon 0.0362
Seed 5 | Episode 549 | Reward 56.00 | Epsilon 0.0361
Seed 5 | Episode 550 | Reward 51.00 | Epsilon 0.0361
Seed 5 | Episode 551 | Reward 44.00 | Epsilon 0.0360
Seed 5 | Episode 552 | Reward 48.00 | Epsilon 0.0359
Seed 5 | Episode 553 | Reward 46.00 | Epsilon 0.0359
Seed 5 | Episode 554 | Reward 42.00 | Epsilon 0.0358
Seed 5 | Episode 555 | Reward 29.00 | Epsilon 0.0357
Seed 5 | Episode 556 | Reward 49.00 | Epsilon 0.0357
Seed 5 | Episode 557 | Reward 45.00 | Epsilon 0.0356
Seed 5 | Episode 558 | Reward 58.00 | Epsilon 0.0356
Seed 5 | Episode 559 | Reward 43.00 | Epsilon 0.0355
Seed 5 | Episode 560 | Reward 47.00 | Epsilon 0.0355
Seed 5 | Episode 561 | Reward 47.00 | Epsilon 0.0354
Seed 5 | Episode 562 | Reward 42.00 | Epsilon 0.0353
Seed 5 | Episode 563 | Reward 46.00 | Epsilon 0.0353
Seed 5 | Episode 564 | Reward 57.00 | Epsilon 0.0352
Seed 5 | Episode 565 | Reward 47.00 | Epsilon 0.0352
Seed 5 | Episode 566 | Reward 54.00 | Epsilon 0.0351
Seed 5 | Episode 567 | Reward 36.00 | Epsilon 0.0351
Seed 5 | Episode 568 | Reward 45.00 | Epsilon 0.0350
Seed 5 | Episode 569 | Reward 47.00 | Epsilon 0.0349
Seed 5 | Episode 570 | Reward 54.00 | Epsilon 0.0349
Seed 5 | Episode 571 | Reward 38.00 | Epsilon 0.0348
Seed 5 | Episode 572 | Reward 56.00 | Epsilon 0.0348
Seed 5 | Episode 573 | Reward 36.00 | Epsilon 0.0347
Seed 5 | Episode 574 | Reward 55.00 | Epsilon 0.0347
Seed 5 | Episode 575 | Reward 45.00 | Epsilon 0.0346
Seed 5 | Episode 576 | Reward 55.00 | Epsilon 0.0346
Seed 5 | Episode 577 | Reward 45.00 | Epsilon 0.0345
Seed 5 | Episode 578 | Reward 55.00 | Epsilon 0.0345
Seed 5 | Episode 579 | Reward 42.00 | Epsilon 0.0344
Seed 5 | Episode 580 | Reward 62.00 | Epsilon 0.0344
Seed 5 | Episode 581 | Reward 45.00 | Epsilon 0.0343
Seed 5 | Episode 582 | Reward 54.00 | Epsilon 0.0343
Seed 5 | Episode 583 | Reward 54.00 | Epsilon 0.0342
Seed 5 | Episode 584 | Reward 51.00 | Epsilon 0.0342
Seed 5 | Episode 585 | Reward 53.00 | Epsilon 0.0341
Seed 5 | Episode 586 | Reward 49.00 | Epsilon 0.0340
Seed 5 | Episode 587 | Reward 49.00 | Epsilon 0.0340
Seed 5 | Episode 588 | Reward 61.00 | Epsilon 0.0340
Seed 5 | Episode 589 | Reward 54.00 | Epsilon 0.0339
Seed 5 | Episode 590 | Reward 59.00 | Epsilon 0.0339
Seed 5 | Episode 591 | Reward 54.00 | Epsilon 0.0338
Seed 5 | Episode 592 | Reward 40.00 | Epsilon 0.0338
Seed 5 | Episode 593 | Reward 49.00 | Epsilon 0.0337
Seed 5 | Episode 594 | Reward 45.00 | Epsilon 0.0336
Seed 5 | Episode 595 | Reward 59.00 | Epsilon 0.0336
Seed 5 | Episode 596 | Reward 54.00 | Epsilon 0.0336
Seed 5 | Episode 597 | Reward 52.00 | Epsilon 0.0335
Seed 5 | Episode 598 | Reward 52.00 | Epsilon 0.0335
Seed 5 | Episode 599 | Reward 42.00 | Epsilon 0.0334
Seed 5 | Episode 600 | Reward 56.00 | Epsilon 0.0334
Seed 5 | Episode 601 | Reward 57.00 | Epsilon 0.0333
Seed 5 | Episode 602 | Reward 47.00 | Epsilon 0.0333
Seed 5 | Episode 603 | Reward 51.00 | Epsilon 0.0332
Seed 5 | Episode 604 | Reward 48.00 | Epsilon 0.0332
Seed 5 | Episode 605 | Reward 47.00 | Epsilon 0.0331
Seed 5 | Episode 606 | Reward 41.00 | Epsilon 0.0330
Seed 5 | Episode 607 | Reward 50.00 | Epsilon 0.0330
Seed 5 | Episode 608 | Reward 54.00 | Epsilon 0.0329
Seed 5 | Episode 609 | Reward 54.00 | Epsilon 0.0329
Seed 5 | Episode 610 | Reward 52.00 | Epsilon 0.0328
Seed 5 | Episode 611 | Reward -19.00 | Epsilon 0.0327
Seed 5 | Episode 612 | Reward 52.00 | Epsilon 0.0327
Seed 5 | Episode 613 | Reward 44.00 | Epsilon 0.0326
Seed 5 | Episode 614 | Reward 49.00 | Epsilon 0.0326
Seed 5 | Episode 615 | Reward 41.00 | Epsilon 0.0325
Seed 5 | Episode 616 | Reward 52.00 | Epsilon 0.0325
Seed 5 | Episode 617 | Reward 39.00 | Epsilon 0.0324
Seed 5 | Episode 618 | Reward 58.00 | Epsilon 0.0324
Seed 5 | Episode 619 | Reward 36.00 | Epsilon 0.0323
Seed 5 | Episode 620 | Reward 59.00 | Epsilon 0.0323
Seed 5 | Episode 621 | Reward -28.00 | Epsilon 0.0321
Seed 5 | Episode 622 | Reward 58.00 | Epsilon 0.0321
Seed 5 | Episode 623 | Reward 48.00 | Epsilon 0.0320
Seed 5 | Episode 624 | Reward 49.00 | Epsilon 0.0320
Seed 5 | Episode 625 | Reward 58.00 | Epsilon 0.0320
Seed 5 | Episode 626 | Reward 60.00 | Epsilon 0.0319
Seed 5 | Episode 627 | Reward -107.00 | Epsilon 0.0317
Seed 5 | Episode 628 | Reward 42.00 | Epsilon 0.0317
Seed 5 | Episode 629 | Reward 54.00 | Epsilon 0.0316
Seed 5 | Episode 630 | Reward 42.00 | Epsilon 0.0316
Seed 5 | Episode 631 | Reward 59.00 | Epsilon 0.0315
Seed 5 | Episode 632 | Reward 57.00 | Epsilon 0.0315
Seed 5 | Episode 633 | Reward 55.00 | Epsilon 0.0314
Seed 5 | Episode 634 | Reward 59.00 | Epsilon 0.0314
Seed 5 | Episode 635 | Reward 63.00 | Epsilon 0.0314
Seed 5 | Episode 636 | Reward 49.00 | Epsilon 0.0313
Seed 5 | Episode 637 | Reward 57.00 | Epsilon 0.0313
Seed 5 | Episode 638 | Reward 39.00 | Epsilon 0.0312
Seed 5 | Episode 639 | Reward 48.00 | Epsilon 0.0312
Seed 5 | Episode 640 | Reward 58.00 | Epsilon 0.0311
Seed 5 | Episode 641 | Reward 49.00 | Epsilon 0.0311
Seed 5 | Episode 642 | Reward 53.00 | Epsilon 0.0310
Seed 5 | Episode 643 | Reward 55.00 | Epsilon 0.0310
Seed 5 | Episode 644 | Reward 49.00 | Epsilon 0.0309
Seed 5 | Episode 645 | Reward 47.00 | Epsilon 0.0309
Seed 5 | Episode 646 | Reward 46.00 | Epsilon 0.0308
Seed 5 | Episode 647 | Reward 41.00 | Epsilon 0.0308
Seed 5 | Episode 648 | Reward 43.00 | Epsilon 0.0307
Seed 5 | Episode 649 | Reward 49.00 | Epsilon 0.0307
Seed 5 | Episode 650 | Reward 47.00 | Epsilon 0.0306
Seed 5 | Episode 651 | Reward 40.00 | Epsilon 0.0306
Seed 5 | Episode 652 | Reward 43.00 | Epsilon 0.0305
Seed 5 | Episode 653 | Reward -53.00 | Epsilon 0.0304
Seed 5 | Episode 654 | Reward 54.00 | Epsilon 0.0303
Seed 5 | Episode 655 | Reward 40.00 | Epsilon 0.0303
Seed 5 | Episode 656 | Reward 58.00 | Epsilon 0.0302
Seed 5 | Episode 657 | Reward 62.00 | Epsilon 0.0302
Seed 5 | Episode 658 | Reward 41.00 | Epsilon 0.0302
Seed 5 | Episode 659 | Reward 60.00 | Epsilon 0.0301
Seed 5 | Episode 660 | Reward -300.00 | Epsilon 0.0298
Seed 5 | Episode 661 | Reward 40.00 | Epsilon 0.0298
Seed 5 | Episode 662 | Reward 55.00 | Epsilon 0.0298
Seed 5 | Episode 663 | Reward 45.00 | Epsilon 0.0297
Seed 5 | Episode 664 | Reward 43.00 | Epsilon 0.0296
Seed 5 | Episode 665 | Reward 62.00 | Epsilon 0.0296
Seed 5 | Episode 666 | Reward 42.00 | Epsilon 0.0296
Seed 5 | Episode 667 | Reward 62.00 | Epsilon 0.0295
Seed 5 | Episode 668 | Reward 56.00 | Epsilon 0.0295
Seed 5 | Episode 669 | Reward 50.00 | Epsilon 0.0294
Seed 5 | Episode 670 | Reward 26.00 | Epsilon 0.0294
Seed 5 | Episode 671 | Reward 51.00 | Epsilon 0.0293
Seed 5 | Episode 672 | Reward 48.00 | Epsilon 0.0293
Seed 5 | Episode 673 | Reward 43.00 | Epsilon 0.0292
Seed 5 | Episode 674 | Reward 53.00 | Epsilon 0.0292
Seed 5 | Episode 675 | Reward -50.00 | Epsilon 0.0291
Seed 5 | Episode 676 | Reward 53.00 | Epsilon 0.0290
Seed 5 | Episode 677 | Reward 54.00 | Epsilon 0.0290
Seed 5 | Episode 678 | Reward 53.00 | Epsilon 0.0289
Seed 5 | Episode 679 | Reward 50.00 | Epsilon 0.0289
Seed 5 | Episode 680 | Reward 53.00 | Epsilon 0.0289
Seed 5 | Episode 681 | Reward 51.00 | Epsilon 0.0288
Seed 5 | Episode 682 | Reward 61.00 | Epsilon 0.0288
Seed 5 | Episode 683 | Reward 58.00 | Epsilon 0.0287
Seed 5 | Episode 684 | Reward 44.00 | Epsilon 0.0287
Seed 5 | Episode 685 | Reward 42.00 | Epsilon 0.0286
Seed 5 | Episode 686 | Reward 54.00 | Epsilon 0.0286
Seed 5 | Episode 687 | Reward 29.00 | Epsilon 0.0285
Seed 5 | Episode 688 | Reward 58.00 | Epsilon 0.0285
Seed 5 | Episode 689 | Reward 52.00 | Epsilon 0.0285
Seed 5 | Episode 690 | Reward 54.00 | Epsilon 0.0284
Seed 5 | Episode 691 | Reward 31.00 | Epsilon 0.0284
Seed 5 | Episode 692 | Reward 37.00 | Epsilon 0.0283
Seed 5 | Episode 693 | Reward 52.00 | Epsilon 0.0283
Seed 5 | Episode 694 | Reward 33.00 | Epsilon 0.0282
Seed 5 | Episode 695 | Reward 59.00 | Epsilon 0.0282
Seed 5 | Episode 696 | Reward 57.00 | Epsilon 0.0281
Seed 5 | Episode 697 | Reward 57.00 | Epsilon 0.0281
Seed 5 | Episode 698 | Reward 43.00 | Epsilon 0.0280
Seed 5 | Episode 699 | Reward 42.00 | Epsilon 0.0280
Seed 5 | Episode 700 | Reward 49.00 | Epsilon 0.0279
Seed 5 | Episode 701 | Reward 59.00 | Epsilon 0.0279
Seed 5 | Episode 702 | Reward 47.00 | Epsilon 0.0279
Seed 5 | Episode 703 | Reward 59.00 | Epsilon 0.0278
Seed 5 | Episode 704 | Reward 54.00 | Epsilon 0.0278
Seed 5 | Episode 705 | Reward 61.00 | Epsilon 0.0278
Seed 5 | Episode 706 | Reward 55.00 | Epsilon 0.0277
Seed 5 | Episode 707 | Reward 43.00 | Epsilon 0.0277
Seed 5 | Episode 708 | Reward 51.00 | Epsilon 0.0276
Seed 5 | Episode 709 | Reward 53.00 | Epsilon 0.0276
Seed 5 | Episode 710 | Reward 63.00 | Epsilon 0.0276
Seed 5 | Episode 711 | Reward -104.00 | Epsilon 0.0274
Seed 5 | Episode 712 | Reward 46.00 | Epsilon 0.0273
Seed 5 | Episode 713 | Reward 50.00 | Epsilon 0.0273
Seed 5 | Episode 714 | Reward 49.00 | Epsilon 0.0273
Seed 5 | Episode 715 | Reward 52.00 | Epsilon 0.0272
Seed 5 | Episode 716 | Reward 39.00 | Epsilon 0.0272
Seed 5 | Episode 717 | Reward 53.00 | Epsilon 0.0271
Seed 5 | Episode 718 | Reward 50.00 | Epsilon 0.0271
Seed 5 | Episode 719 | Reward 57.00 | Epsilon 0.0271
Seed 5 | Episode 720 | Reward 52.00 | Epsilon 0.0270
Seed 5 | Episode 721 | Reward 62.00 | Epsilon 0.0270
Seed 5 | Episode 722 | Reward 49.00 | Epsilon 0.0269
Seed 5 | Episode 723 | Reward 61.00 | Epsilon 0.0269
Seed 5 | Episode 724 | Reward 56.00 | Epsilon 0.0269
Seed 5 | Episode 725 | Reward 60.00 | Epsilon 0.0268
Seed 5 | Episode 726 | Reward 58.00 | Epsilon 0.0268
Seed 5 | Episode 727 | Reward 54.00 | Epsilon 0.0268
Seed 5 | Episode 728 | Reward 57.00 | Epsilon 0.0267
Seed 5 | Episode 729 | Reward 55.00 | Epsilon 0.0267
Seed 5 | Episode 730 | Reward 47.00 | Epsilon 0.0267
Seed 5 | Episode 731 | Reward 48.00 | Epsilon 0.0266
Seed 5 | Episode 732 | Reward 50.00 | Epsilon 0.0266
Seed 5 | Episode 733 | Reward 54.00 | Epsilon 0.0265
Seed 5 | Episode 734 | Reward 49.00 | Epsilon 0.0265
Seed 5 | Episode 735 | Reward 50.00 | Epsilon 0.0265
Seed 5 | Episode 736 | Reward -31.00 | Epsilon 0.0263
Seed 5 | Episode 737 | Reward 55.00 | Epsilon 0.0263
Seed 5 | Episode 738 | Reward 46.00 | Epsilon 0.0263
Seed 5 | Episode 739 | Reward 50.00 | Epsilon 0.0262
Seed 5 | Episode 740 | Reward 57.00 | Epsilon 0.0262
Seed 5 | Episode 741 | Reward 59.00 | Epsilon 0.0262
Seed 5 | Episode 742 | Reward 50.00 | Epsilon 0.0261
Seed 5 | Episode 743 | Reward 65.00 | Epsilon 0.0261
Seed 5 | Episode 744 | Reward 43.00 | Epsilon 0.0260
Seed 5 | Episode 745 | Reward 48.00 | Epsilon 0.0260
Seed 5 | Episode 746 | Reward 53.00 | Epsilon 0.0260
Seed 5 | Episode 747 | Reward 46.00 | Epsilon 0.0259
Seed 5 | Episode 748 | Reward 48.00 | Epsilon 0.0259
Seed 5 | Episode 749 | Reward 43.00 | Epsilon 0.0258
Seed 5 | Episode 750 | Reward 57.00 | Epsilon 0.0258
Seed 5 | Episode 751 | Reward 58.00 | Epsilon 0.0258
Seed 5 | Episode 752 | Reward 55.00 | Epsilon 0.0257
Seed 5 | Episode 753 | Reward 61.00 | Epsilon 0.0257
Seed 5 | Episode 754 | Reward 43.00 | Epsilon 0.0257
Seed 5 | Episode 755 | Reward 53.00 | Epsilon 0.0256
Seed 5 | Episode 756 | Reward 39.00 | Epsilon 0.0256
Seed 5 | Episode 757 | Reward 56.00 | Epsilon 0.0255
Seed 5 | Episode 758 | Reward -127.00 | Epsilon 0.0254
Seed 5 | Episode 759 | Reward 59.00 | Epsilon 0.0253
Seed 5 | Episode 760 | Reward 65.00 | Epsilon 0.0253
Seed 5 | Episode 761 | Reward 55.00 | Epsilon 0.0253
Seed 5 | Episode 762 | Reward 44.00 | Epsilon 0.0252
Seed 5 | Episode 763 | Reward 50.00 | Epsilon 0.0252
Seed 5 | Episode 764 | Reward 63.00 | Epsilon 0.0252
Seed 5 | Episode 765 | Reward 59.00 | Epsilon 0.0251
Seed 5 | Episode 766 | Reward 61.00 | Epsilon 0.0251
Seed 5 | Episode 767 | Reward 53.00 | Epsilon 0.0251
Seed 5 | Episode 768 | Reward 52.00 | Epsilon 0.0250
Seed 5 | Episode 769 | Reward 45.00 | Epsilon 0.0250
Seed 5 | Episode 770 | Reward 60.00 | Epsilon 0.0250
Seed 5 | Episode 771 | Reward 48.00 | Epsilon 0.0249
Seed 5 | Episode 772 | Reward 53.00 | Epsilon 0.0249
Seed 5 | Episode 773 | Reward 40.00 | Epsilon 0.0248
Seed 5 | Episode 774 | Reward 38.00 | Epsilon 0.0248
Seed 5 | Episode 775 | Reward 46.00 | Epsilon 0.0247
Seed 5 | Episode 776 | Reward 49.00 | Epsilon 0.0247
Seed 5 | Episode 777 | Reward 54.00 | Epsilon 0.0247
Seed 5 | Episode 778 | Reward 59.00 | Epsilon 0.0246
Seed 5 | Episode 779 | Reward 36.00 | Epsilon 0.0246
Seed 5 | Episode 780 | Reward 42.00 | Epsilon 0.0246
Seed 5 | Episode 781 | Reward 57.00 | Epsilon 0.0245
Seed 5 | Episode 782 | Reward 59.00 | Epsilon 0.0245
Seed 5 | Episode 783 | Reward 49.00 | Epsilon 0.0244
Seed 5 | Episode 784 | Reward 43.00 | Epsilon 0.0244
Seed 5 | Episode 785 | Reward 45.00 | Epsilon 0.0244
Seed 5 | Episode 786 | Reward 47.00 | Epsilon 0.0243
Seed 5 | Episode 787 | Reward -23.00 | Epsilon 0.0242
Seed 5 | Episode 788 | Reward 38.00 | Epsilon 0.0242
Seed 5 | Episode 789 | Reward 61.00 | Epsilon 0.0242
Seed 5 | Episode 790 | Reward 40.00 | Epsilon 0.0241
Seed 5 | Episode 791 | Reward 44.00 | Epsilon 0.0241
Seed 5 | Episode 792 | Reward 54.00 | Epsilon 0.0240
Seed 5 | Episode 793 | Reward 42.00 | Epsilon 0.0240
Seed 5 | Episode 794 | Reward 53.00 | Epsilon 0.0240
Seed 5 | Episode 795 | Reward 50.00 | Epsilon 0.0239
Seed 5 | Episode 796 | Reward 49.00 | Epsilon 0.0239
Seed 5 | Episode 797 | Reward 51.00 | Epsilon 0.0239
Seed 5 | Episode 798 | Reward 6.00 | Epsilon 0.0238
Seed 5 | Episode 799 | Reward 50.00 | Epsilon 0.0238
Seed 5 | Episode 800 | Reward 58.00 | Epsilon 0.0237
Seed 5 | Episode 801 | Reward 40.00 | Epsilon 0.0237
Seed 5 | Episode 802 | Reward 51.00 | Epsilon 0.0236
Seed 5 | Episode 803 | Reward 47.00 | Epsilon 0.0236
Seed 5 | Episode 804 | Reward 56.00 | Epsilon 0.0236
Seed 5 | Episode 805 | Reward 44.00 | Epsilon 0.0235
Seed 5 | Episode 806 | Reward 23.00 | Epsilon 0.0235
Seed 5 | Episode 807 | Reward 39.00 | Epsilon 0.0234
Seed 5 | Episode 808 | Reward 41.00 | Epsilon 0.0234
Seed 5 | Episode 809 | Reward 51.00 | Epsilon 0.0234
Seed 5 | Episode 810 | Reward 54.00 | Epsilon 0.0233
Seed 5 | Episode 811 | Reward 45.00 | Epsilon 0.0233
Seed 5 | Episode 812 | Reward 55.00 | Epsilon 0.0233
Seed 5 | Episode 813 | Reward 52.00 | Epsilon 0.0232
Seed 5 | Episode 814 | Reward 53.00 | Epsilon 0.0232
Seed 5 | Episode 815 | Reward 51.00 | Epsilon 0.0231
Seed 5 | Episode 816 | Reward 54.00 | Epsilon 0.0231
Seed 5 | Episode 817 | Reward 43.00 | Epsilon 0.0231
Seed 5 | Episode 818 | Reward 55.00 | Epsilon 0.0230
Seed 5 | Episode 819 | Reward 55.00 | Epsilon 0.0230
Seed 5 | Episode 820 | Reward 47.00 | Epsilon 0.0230
Seed 5 | Episode 821 | Reward 50.00 | Epsilon 0.0229
Seed 5 | Episode 822 | Reward 52.00 | Epsilon 0.0229
Seed 5 | Episode 823 | Reward 53.00 | Epsilon 0.0229
Seed 5 | Episode 824 | Reward 17.00 | Epsilon 0.0228
Seed 5 | Episode 825 | Reward 52.00 | Epsilon 0.0228
Seed 5 | Episode 826 | Reward 61.00 | Epsilon 0.0228
Seed 5 | Episode 827 | Reward 51.00 | Epsilon 0.0227
Seed 5 | Episode 828 | Reward 59.00 | Epsilon 0.0227
Seed 5 | Episode 829 | Reward 43.00 | Epsilon 0.0227
Seed 5 | Episode 830 | Reward 59.00 | Epsilon 0.0226
Seed 5 | Episode 831 | Reward 40.00 | Epsilon 0.0226
Seed 5 | Episode 832 | Reward 47.00 | Epsilon 0.0225
Seed 5 | Episode 833 | Reward 55.00 | Epsilon 0.0225
Seed 5 | Episode 834 | Reward 58.00 | Epsilon 0.0225
Seed 5 | Episode 835 | Reward 56.00 | Epsilon 0.0225
Seed 5 | Episode 836 | Reward 44.00 | Epsilon 0.0224
Seed 5 | Episode 837 | Reward 42.00 | Epsilon 0.0224
Seed 5 | Episode 838 | Reward 59.00 | Epsilon 0.0223
Seed 5 | Episode 839 | Reward 40.00 | Epsilon 0.0223
Seed 5 | Episode 840 | Reward 46.00 | Epsilon 0.0223
Seed 5 | Episode 841 | Reward 56.00 | Epsilon 0.0222
Seed 5 | Episode 842 | Reward 58.00 | Epsilon 0.0222
Seed 5 | Episode 843 | Reward 52.00 | Epsilon 0.0222
Seed 5 | Episode 844 | Reward 53.00 | Epsilon 0.0221
Seed 5 | Episode 845 | Reward 41.00 | Epsilon 0.0221
Seed 5 | Episode 846 | Reward 65.00 | Epsilon 0.0221
Seed 5 | Episode 847 | Reward 26.00 | Epsilon 0.0220
Seed 5 | Episode 848 | Reward 63.00 | Epsilon 0.0220
Seed 5 | Episode 849 | Reward 58.00 | Epsilon 0.0220
Seed 5 | Episode 850 | Reward 64.00 | Epsilon 0.0220
Seed 5 | Episode 851 | Reward 56.00 | Epsilon 0.0219
Seed 5 | Episode 852 | Reward 51.00 | Epsilon 0.0219
Seed 5 | Episode 853 | Reward 56.00 | Epsilon 0.0219
Seed 5 | Episode 854 | Reward 47.00 | Epsilon 0.0218
Seed 5 | Episode 855 | Reward 48.00 | Epsilon 0.0218
Seed 5 | Episode 856 | Reward 57.00 | Epsilon 0.0218
Seed 5 | Episode 857 | Reward 47.00 | Epsilon 0.0217
Seed 5 | Episode 858 | Reward 51.00 | Epsilon 0.0217
Seed 5 | Episode 859 | Reward 63.00 | Epsilon 0.0217
Seed 5 | Episode 860 | Reward 65.00 | Epsilon 0.0217
Seed 5 | Episode 861 | Reward -7.00 | Epsilon 0.0216
Seed 5 | Episode 862 | Reward 42.00 | Epsilon 0.0215
Seed 5 | Episode 863 | Reward 30.00 | Epsilon 0.0215
Seed 5 | Episode 864 | Reward 64.00 | Epsilon 0.0215
Seed 5 | Episode 865 | Reward 56.00 | Epsilon 0.0214
Seed 5 | Episode 866 | Reward 64.00 | Epsilon 0.0214
Seed 5 | Episode 867 | Reward 38.00 | Epsilon 0.0214
Seed 5 | Episode 868 | Reward 47.00 | Epsilon 0.0213
Seed 5 | Episode 869 | Reward 47.00 | Epsilon 0.0213
Seed 5 | Episode 870 | Reward -21.00 | Epsilon 0.0212
Seed 5 | Episode 871 | Reward 46.00 | Epsilon 0.0212
Seed 5 | Episode 872 | Reward 50.00 | Epsilon 0.0212
Seed 5 | Episode 873 | Reward 59.00 | Epsilon 0.0211
Seed 5 | Episode 874 | Reward 50.00 | Epsilon 0.0211
Seed 5 | Episode 875 | Reward 36.00 | Epsilon 0.0211
Seed 5 | Episode 876 | Reward 53.00 | Epsilon 0.0210
Seed 5 | Episode 877 | Reward 57.00 | Epsilon 0.0210
Seed 5 | Episode 878 | Reward 46.00 | Epsilon 0.0210
Seed 5 | Episode 879 | Reward 41.00 | Epsilon 0.0209
Seed 5 | Episode 880 | Reward 44.00 | Epsilon 0.0209
Seed 5 | Episode 881 | Reward 65.00 | Epsilon 0.0209
Seed 5 | Episode 882 | Reward 60.00 | Epsilon 0.0209
Seed 5 | Episode 883 | Reward 55.00 | Epsilon 0.0208
Seed 5 | Episode 884 | Reward 55.00 | Epsilon 0.0208
Seed 5 | Episode 885 | Reward 54.00 | Epsilon 0.0208
Seed 5 | Episode 886 | Reward 42.00 | Epsilon 0.0207
Seed 5 | Episode 887 | Reward 43.00 | Epsilon 0.0207
Seed 5 | Episode 888 | Reward 58.00 | Epsilon 0.0207
Seed 5 | Episode 889 | Reward 60.00 | Epsilon 0.0206
Seed 5 | Episode 890 | Reward 45.00 | Epsilon 0.0206
Seed 5 | Episode 891 | Reward 50.00 | Epsilon 0.0206
Seed 5 | Episode 892 | Reward 56.00 | Epsilon 0.0205
Seed 5 | Episode 893 | Reward 46.00 | Epsilon 0.0205
Seed 5 | Episode 894 | Reward 49.00 | Epsilon 0.0205
Seed 5 | Episode 895 | Reward 63.00 | Epsilon 0.0205
Seed 5 | Episode 896 | Reward 46.00 | Epsilon 0.0204
Seed 5 | Episode 897 | Reward 46.00 | Epsilon 0.0204
Seed 5 | Episode 898 | Reward 60.00 | Epsilon 0.0204
Seed 5 | Episode 899 | Reward 58.00 | Epsilon 0.0203
Seed 5 | Episode 900 | Reward 49.00 | Epsilon 0.0203
Seed 5 | Episode 901 | Reward 40.00 | Epsilon 0.0203
Seed 5 | Episode 902 | Reward 50.00 | Epsilon 0.0202
Seed 5 | Episode 903 | Reward 60.00 | Epsilon 0.0202
Seed 5 | Episode 904 | Reward 57.00 | Epsilon 0.0202
Seed 5 | Episode 905 | Reward 46.00 | Epsilon 0.0202
Seed 5 | Episode 906 | Reward 57.00 | Epsilon 0.0201
Seed 5 | Episode 907 | Reward 38.00 | Epsilon 0.0201
Seed 5 | Episode 908 | Reward 55.00 | Epsilon 0.0201
Seed 5 | Episode 909 | Reward 56.00 | Epsilon 0.0200
Seed 5 | Episode 910 | Reward 56.00 | Epsilon 0.0200
Seed 5 | Episode 911 | Reward 61.00 | Epsilon 0.0200
Seed 5 | Episode 912 | Reward 34.00 | Epsilon 0.0199
Seed 5 | Episode 913 | Reward 65.00 | Epsilon 0.0199
Seed 5 | Episode 914 | Reward 47.00 | Epsilon 0.0199
Seed 5 | Episode 915 | Reward 47.00 | Epsilon 0.0199
Seed 5 | Episode 916 | Reward 56.00 | Epsilon 0.0198
Seed 5 | Episode 917 | Reward 52.00 | Epsilon 0.0198
Seed 5 | Episode 918 | Reward 65.00 | Epsilon 0.0198
Seed 5 | Episode 919 | Reward 46.00 | Epsilon 0.0197
Seed 5 | Episode 920 | Reward 60.00 | Epsilon 0.0197
Seed 5 | Episode 921 | Reward 64.00 | Epsilon 0.0197
Seed 5 | Episode 922 | Reward 50.00 | Epsilon 0.0197
Seed 5 | Episode 923 | Reward 48.00 | Epsilon 0.0196
Seed 5 | Episode 924 | Reward 58.00 | Epsilon 0.0196
Seed 5 | Episode 925 | Reward 56.00 | Epsilon 0.0196
Seed 5 | Episode 926 | Reward 56.00 | Epsilon 0.0196
Seed 5 | Episode 927 | Reward 55.00 | Epsilon 0.0195
Seed 5 | Episode 928 | Reward 60.00 | Epsilon 0.0195
Seed 5 | Episode 929 | Reward 39.00 | Epsilon 0.0195
Seed 5 | Episode 930 | Reward 65.00 | Epsilon 0.0195
Seed 5 | Episode 931 | Reward 47.00 | Epsilon 0.0194
Seed 5 | Episode 932 | Reward 45.00 | Epsilon 0.0194
Seed 5 | Episode 933 | Reward 47.00 | Epsilon 0.0194
Seed 5 | Episode 934 | Reward 55.00 | Epsilon 0.0193
Seed 5 | Episode 935 | Reward 60.00 | Epsilon 0.0193
Seed 5 | Episode 936 | Reward 46.00 | Epsilon 0.0193
Seed 5 | Episode 937 | Reward 57.00 | Epsilon 0.0192
Seed 5 | Episode 938 | Reward 61.00 | Epsilon 0.0192
Seed 5 | Episode 939 | Reward 57.00 | Epsilon 0.0192
Seed 5 | Episode 940 | Reward 48.00 | Epsilon 0.0192
Seed 5 | Episode 941 | Reward 61.00 | Epsilon 0.0191
Seed 5 | Episode 942 | Reward 56.00 | Epsilon 0.0191
Seed 5 | Episode 943 | Reward 43.00 | Epsilon 0.0191
Seed 5 | Episode 944 | Reward 62.00 | Epsilon 0.0191
Seed 5 | Episode 945 | Reward 58.00 | Epsilon 0.0190
Seed 5 | Episode 946 | Reward 60.00 | Epsilon 0.0190
Seed 5 | Episode 947 | Reward 57.00 | Epsilon 0.0190
Seed 5 | Episode 948 | Reward 49.00 | Epsilon 0.0190
Seed 5 | Episode 949 | Reward 54.00 | Epsilon 0.0189
Seed 5 | Episode 950 | Reward 54.00 | Epsilon 0.0189
Seed 5 | Episode 951 | Reward 36.00 | Epsilon 0.0189
Seed 5 | Episode 952 | Reward 55.00 | Epsilon 0.0188
Seed 5 | Episode 953 | Reward 53.00 | Epsilon 0.0188
Seed 5 | Episode 954 | Reward 45.00 | Epsilon 0.0188
Seed 5 | Episode 955 | Reward 46.00 | Epsilon 0.0188
Seed 5 | Episode 956 | Reward 17.00 | Epsilon 0.0187
Seed 5 | Episode 957 | Reward 59.00 | Epsilon 0.0187
Seed 5 | Episode 958 | Reward 57.00 | Epsilon 0.0187
Seed 5 | Episode 959 | Reward 50.00 | Epsilon 0.0186
Seed 5 | Episode 960 | Reward 55.00 | Epsilon 0.0186
Seed 5 | Episode 961 | Reward 50.00 | Epsilon 0.0186
Seed 5 | Episode 962 | Reward 51.00 | Epsilon 0.0186
Seed 5 | Episode 963 | Reward 46.00 | Epsilon 0.0185
Seed 5 | Episode 964 | Reward 51.00 | Epsilon 0.0185
Seed 5 | Episode 965 | Reward 61.00 | Epsilon 0.0185
Seed 5 | Episode 966 | Reward 53.00 | Epsilon 0.0184
Seed 5 | Episode 967 | Reward 45.00 | Epsilon 0.0184
Seed 5 | Episode 968 | Reward 60.00 | Epsilon 0.0184
Seed 5 | Episode 969 | Reward 61.00 | Epsilon 0.0184
Seed 5 | Episode 970 | Reward 58.00 | Epsilon 0.0183
Seed 5 | Episode 971 | Reward 38.00 | Epsilon 0.0183
Seed 5 | Episode 972 | Reward 62.00 | Epsilon 0.0183
Seed 5 | Episode 973 | Reward 49.00 | Epsilon 0.0183
Seed 5 | Episode 974 | Reward 54.00 | Epsilon 0.0182
Seed 5 | Episode 975 | Reward 66.00 | Epsilon 0.0182
Seed 5 | Episode 976 | Reward 47.00 | Epsilon 0.0182
Seed 5 | Episode 977 | Reward 47.00 | Epsilon 0.0182
Seed 5 | Episode 978 | Reward 47.00 | Epsilon 0.0181
Seed 5 | Episode 979 | Reward 51.00 | Epsilon 0.0181
Seed 5 | Episode 980 | Reward 53.00 | Epsilon 0.0181
Seed 5 | Episode 981 | Reward 51.00 | Epsilon 0.0180
Seed 5 | Episode 982 | Reward 66.00 | Epsilon 0.0180
Seed 5 | Episode 983 | Reward 7.00 | Epsilon 0.0180
Seed 5 | Episode 984 | Reward 57.00 | Epsilon 0.0180
Seed 5 | Episode 985 | Reward 44.00 | Epsilon 0.0179
Seed 5 | Episode 986 | Reward 61.00 | Epsilon 0.0179
Seed 5 | Episode 987 | Reward 58.00 | Epsilon 0.0179
Seed 5 | Episode 988 | Reward 65.00 | Epsilon 0.0179
Seed 5 | Episode 989 | Reward 64.00 | Epsilon 0.0178
Seed 5 | Episode 990 | Reward 36.00 | Epsilon 0.0178
Seed 5 | Episode 991 | Reward 49.00 | Epsilon 0.0178
Seed 5 | Episode 992 | Reward 62.00 | Epsilon 0.0178
Seed 5 | Episode 993 | Reward 43.00 | Epsilon 0.0177
Seed 5 | Episode 994 | Reward 45.00 | Epsilon 0.0177
Seed 5 | Episode 995 | Reward 58.00 | Epsilon 0.0177
Seed 5 | Episode 996 | Reward 45.00 | Epsilon 0.0176
Seed 5 | Episode 997 | Reward 55.00 | Epsilon 0.0176
Seed 5 | Episode 998 | Reward 58.00 | Epsilon 0.0176
Seed 5 | Episode 999 | Reward 55.00 | Epsilon 0.0176
Finished seed 5
