starting job
Sun Dec  7 20:01:21 2025       
+-----------------------------------------------------------------------------------------+
| NVIDIA-SMI 580.65.06              Driver Version: 580.65.06      CUDA Version: 13.0     |
+-----------------------------------------+------------------------+----------------------+
| GPU  Name                 Persistence-M | Bus-Id          Disp.A | Volatile Uncorr. ECC |
| Fan  Temp   Perf          Pwr:Usage/Cap |           Memory-Usage | GPU-Util  Compute M. |
|                                         |                        |               MIG M. |
|=========================================+========================+======================|
|   0  NVIDIA H100 80GB HBM3          On  |   00000000:06:00.0 Off |                   On |
| N/A   22C    P0             66W /  700W |     101MiB /  81559MiB |     N/A      Default |
|                                         |                        |              Enabled |
+-----------------------------------------+------------------------+----------------------+

+-----------------------------------------------------------------------------------------+
| MIG devices:                                                                            |
+------------------+----------------------------------+-----------+-----------------------+
| GPU  GI  CI  MIG |              Shared Memory-Usage |        Vol|        Shared         |
|      ID  ID  Dev |                Shared BAR1-Usage | SM     Unc| CE ENC  DEC  OFA  JPG |
|                  |                                  |        ECC|                       |
|==================+==================================+===========+=======================|
|  0   10   0   0  |              15MiB /  9984MiB    | 16      0 |  1   0    1    0    1 |
|                  |               0MiB /  6185MiB    |           |                       |
+------------------+----------------------------------+-----------+-----------------------+

+-----------------------------------------------------------------------------------------+
| Processes:                                                                              |
|  GPU   GI   CI              PID   Type   Process name                        GPU Memory |
|        ID   ID                                                               Usage      |
|=========================================================================================|
|  No running processes found                                                             |
+-----------------------------------------------------------------------------------------+
Running seed 14
Gym has been unmaintained since 2022 and does not support NumPy 2.0 amongst other critical functionality.
Please upgrade to Gymnasium, the maintained drop-in replacement of Gym, or contact the authors of your software and request that they upgrade.
Users of this version of Gym should be able to simply replace 'import gym' with 'import gymnasium as gym' in the vast majority of cases.
See the migration guide at https://gymnasium.farama.org/introduction/migration_guide/ for additional information.
Seed 14 | Episode 0 | Reward -300.00 | Epsilon 0.9987
Seed 14 | Episode 1 | Reward -300.00 | Epsilon 0.9897
Seed 14 | Episode 2 | Reward -300.00 | Epsilon 0.9808
Seed 14 | Episode 3 | Reward -300.00 | Epsilon 0.9720
Seed 14 | Episode 4 | Reward -300.00 | Epsilon 0.9633
Seed 14 | Episode 5 | Reward -300.00 | Epsilon 0.9547
Seed 14 | Episode 6 | Reward -300.00 | Epsilon 0.9462
Seed 14 | Episode 7 | Reward -300.00 | Epsilon 0.9377
Seed 14 | Episode 8 | Reward -300.00 | Epsilon 0.9293
Seed 14 | Episode 9 | Reward -300.00 | Epsilon 0.9209
Seed 14 | Episode 10 | Reward -300.00 | Epsilon 0.9127
Seed 14 | Episode 11 | Reward -300.00 | Epsilon 0.9045
Seed 14 | Episode 12 | Reward -300.00 | Epsilon 0.8964
Seed 14 | Episode 13 | Reward -300.00 | Epsilon 0.8884
Seed 14 | Episode 14 | Reward -300.00 | Epsilon 0.8804
Seed 14 | Episode 15 | Reward -300.00 | Epsilon 0.8725
Seed 14 | Episode 16 | Reward -300.00 | Epsilon 0.8647
Seed 14 | Episode 17 | Reward -300.00 | Epsilon 0.8570
Seed 14 | Episode 18 | Reward -300.00 | Epsilon 0.8493
Seed 14 | Episode 19 | Reward -300.00 | Epsilon 0.8417
Seed 14 | Episode 20 | Reward -300.00 | Epsilon 0.8341
Seed 14 | Episode 21 | Reward -300.00 | Epsilon 0.8267
Seed 14 | Episode 22 | Reward -300.00 | Epsilon 0.8193
Seed 14 | Episode 23 | Reward -300.00 | Epsilon 0.8119
Seed 14 | Episode 24 | Reward -300.00 | Epsilon 0.8046
Seed 14 | Episode 25 | Reward -300.00 | Epsilon 0.7974
Seed 14 | Episode 26 | Reward -300.00 | Epsilon 0.7903
Seed 14 | Episode 27 | Reward -300.00 | Epsilon 0.7832
Seed 14 | Episode 28 | Reward -300.00 | Epsilon 0.7762
Seed 14 | Episode 29 | Reward -300.00 | Epsilon 0.7692
Seed 14 | Episode 30 | Reward -300.00 | Epsilon 0.7623
Seed 14 | Episode 31 | Reward -300.00 | Epsilon 0.7555
Seed 14 | Episode 32 | Reward -300.00 | Epsilon 0.7487
Seed 14 | Episode 33 | Reward -300.00 | Epsilon 0.7420
Seed 14 | Episode 34 | Reward -300.00 | Epsilon 0.7354
Seed 14 | Episode 35 | Reward -300.00 | Epsilon 0.7288
Seed 14 | Episode 36 | Reward -300.00 | Epsilon 0.7223
Seed 14 | Episode 37 | Reward -300.00 | Epsilon 0.7158
Seed 14 | Episode 38 | Reward -300.00 | Epsilon 0.7094
Seed 14 | Episode 39 | Reward -300.00 | Epsilon 0.7030
Seed 14 | Episode 40 | Reward -300.00 | Epsilon 0.6967
Seed 14 | Episode 41 | Reward -300.00 | Epsilon 0.6905
Seed 14 | Episode 42 | Reward -300.00 | Epsilon 0.6843
Seed 14 | Episode 43 | Reward -300.00 | Epsilon 0.6782
Seed 14 | Episode 44 | Reward -300.00 | Epsilon 0.6721
Seed 14 | Episode 45 | Reward -300.00 | Epsilon 0.6661
Seed 14 | Episode 46 | Reward -300.00 | Epsilon 0.6601
Seed 14 | Episode 47 | Reward -300.00 | Epsilon 0.6542
Seed 14 | Episode 48 | Reward -300.00 | Epsilon 0.6483
Seed 14 | Episode 49 | Reward -300.00 | Epsilon 0.6425
Seed 14 | Episode 50 | Reward -300.00 | Epsilon 0.6368
Seed 14 | Episode 51 | Reward -300.00 | Epsilon 0.6311
Seed 14 | Episode 52 | Reward -300.00 | Epsilon 0.6254
Seed 14 | Episode 53 | Reward -300.00 | Epsilon 0.6198
Seed 14 | Episode 54 | Reward -300.00 | Epsilon 0.6142
Seed 14 | Episode 55 | Reward -300.00 | Epsilon 0.6087
Seed 14 | Episode 56 | Reward -300.00 | Epsilon 0.6033
Seed 14 | Episode 57 | Reward -300.00 | Epsilon 0.5979
Seed 14 | Episode 58 | Reward -300.00 | Epsilon 0.5925
Seed 14 | Episode 59 | Reward -300.00 | Epsilon 0.5872
Seed 14 | Episode 60 | Reward -300.00 | Epsilon 0.5820
Seed 14 | Episode 61 | Reward -300.00 | Epsilon 0.5767
Seed 14 | Episode 62 | Reward -300.00 | Epsilon 0.5716
Seed 14 | Episode 63 | Reward -300.00 | Epsilon 0.5665
Seed 14 | Episode 64 | Reward -300.00 | Epsilon 0.5614
Seed 14 | Episode 65 | Reward -300.00 | Epsilon 0.5563
Seed 14 | Episode 66 | Reward -300.00 | Epsilon 0.5514
Seed 14 | Episode 67 | Reward -300.00 | Epsilon 0.5464
Seed 14 | Episode 68 | Reward -300.00 | Epsilon 0.5415
Seed 14 | Episode 69 | Reward -300.00 | Epsilon 0.5367
Seed 14 | Episode 70 | Reward -300.00 | Epsilon 0.5319
Seed 14 | Episode 71 | Reward -300.00 | Epsilon 0.5271
Seed 14 | Episode 72 | Reward -300.00 | Epsilon 0.5224
Seed 14 | Episode 73 | Reward -300.00 | Epsilon 0.5177
Seed 14 | Episode 74 | Reward -300.00 | Epsilon 0.5131
Seed 14 | Episode 75 | Reward -300.00 | Epsilon 0.5085
Seed 14 | Episode 76 | Reward -300.00 | Epsilon 0.5039
Seed 14 | Episode 77 | Reward -300.00 | Epsilon 0.4994
Seed 14 | Episode 78 | Reward -300.00 | Epsilon 0.4949
Seed 14 | Episode 79 | Reward -300.00 | Epsilon 0.4905
Seed 14 | Episode 80 | Reward -300.00 | Epsilon 0.4861
Seed 14 | Episode 81 | Reward -300.00 | Epsilon 0.4817
Seed 14 | Episode 82 | Reward -300.00 | Epsilon 0.4774
Seed 14 | Episode 83 | Reward -300.00 | Epsilon 0.4731
Seed 14 | Episode 84 | Reward -300.00 | Epsilon 0.4689
Seed 14 | Episode 85 | Reward -300.00 | Epsilon 0.4647
Seed 14 | Episode 86 | Reward -300.00 | Epsilon 0.4605
Seed 14 | Episode 87 | Reward -300.00 | Epsilon 0.4564
Seed 14 | Episode 88 | Reward -300.00 | Epsilon 0.4523
Seed 14 | Episode 89 | Reward -300.00 | Epsilon 0.4483
Seed 14 | Episode 90 | Reward -300.00 | Epsilon 0.4443
Seed 14 | Episode 91 | Reward -300.00 | Epsilon 0.4403
Seed 14 | Episode 92 | Reward -300.00 | Epsilon 0.4363
Seed 14 | Episode 93 | Reward -300.00 | Epsilon 0.4324
Seed 14 | Episode 94 | Reward -300.00 | Epsilon 0.4285
Seed 14 | Episode 95 | Reward -104.00 | Epsilon 0.4259
Seed 14 | Episode 96 | Reward -300.00 | Epsilon 0.4221
Seed 14 | Episode 97 | Reward -300.00 | Epsilon 0.4183
Seed 14 | Episode 98 | Reward -300.00 | Epsilon 0.4146
Seed 14 | Episode 99 | Reward -300.00 | Epsilon 0.4109
Seed 14 | Episode 100 | Reward -300.00 | Epsilon 0.4072
Seed 14 | Episode 101 | Reward -300.00 | Epsilon 0.4035
Seed 14 | Episode 102 | Reward -300.00 | Epsilon 0.3999
Seed 14 | Episode 103 | Reward -300.00 | Epsilon 0.3963
Seed 14 | Episode 104 | Reward -300.00 | Epsilon 0.3928
Seed 14 | Episode 105 | Reward -300.00 | Epsilon 0.3893
Seed 14 | Episode 106 | Reward -300.00 | Epsilon 0.3858
Seed 14 | Episode 107 | Reward -300.00 | Epsilon 0.3823
Seed 14 | Episode 108 | Reward -300.00 | Epsilon 0.3789
Seed 14 | Episode 109 | Reward -300.00 | Epsilon 0.3755
Seed 14 | Episode 110 | Reward -300.00 | Epsilon 0.3721
Seed 14 | Episode 111 | Reward -300.00 | Epsilon 0.3688
Seed 14 | Episode 112 | Reward -300.00 | Epsilon 0.3655
Seed 14 | Episode 113 | Reward -300.00 | Epsilon 0.3622
Seed 14 | Episode 114 | Reward -300.00 | Epsilon 0.3590
Seed 14 | Episode 115 | Reward -300.00 | Epsilon 0.3558
Seed 14 | Episode 116 | Reward -300.00 | Epsilon 0.3526
Seed 14 | Episode 117 | Reward -300.00 | Epsilon 0.3494
Seed 14 | Episode 118 | Reward -300.00 | Epsilon 0.3463
Seed 14 | Episode 119 | Reward -300.00 | Epsilon 0.3432
Seed 14 | Episode 120 | Reward -300.00 | Epsilon 0.3401
Seed 14 | Episode 121 | Reward -300.00 | Epsilon 0.3371
Seed 14 | Episode 122 | Reward -300.00 | Epsilon 0.3340
Seed 14 | Episode 123 | Reward -300.00 | Epsilon 0.3310
Seed 14 | Episode 124 | Reward -300.00 | Epsilon 0.3281
Seed 14 | Episode 125 | Reward -300.00 | Epsilon 0.3251
Seed 14 | Episode 126 | Reward -300.00 | Epsilon 0.3222
Seed 14 | Episode 127 | Reward -300.00 | Epsilon 0.3193
Seed 14 | Episode 128 | Reward -300.00 | Epsilon 0.3165
Seed 14 | Episode 129 | Reward -300.00 | Epsilon 0.3136
Seed 14 | Episode 130 | Reward -300.00 | Epsilon 0.3108
Seed 14 | Episode 131 | Reward -300.00 | Epsilon 0.3080
Seed 14 | Episode 132 | Reward -300.00 | Epsilon 0.3053
Seed 14 | Episode 133 | Reward -300.00 | Epsilon 0.3025
Seed 14 | Episode 134 | Reward -300.00 | Epsilon 0.2998
Seed 14 | Episode 135 | Reward -300.00 | Epsilon 0.2972
Seed 14 | Episode 136 | Reward -300.00 | Epsilon 0.2945
Seed 14 | Episode 137 | Reward -300.00 | Epsilon 0.2918
Seed 14 | Episode 138 | Reward -300.00 | Epsilon 0.2892
Seed 14 | Episode 139 | Reward -300.00 | Epsilon 0.2866
Seed 14 | Episode 140 | Reward -300.00 | Epsilon 0.2841
Seed 14 | Episode 141 | Reward -300.00 | Epsilon 0.2815
Seed 14 | Episode 142 | Reward -300.00 | Epsilon 0.2790
Seed 14 | Episode 143 | Reward -300.00 | Epsilon 0.2765
Seed 14 | Episode 144 | Reward -300.00 | Epsilon 0.2740
Seed 14 | Episode 145 | Reward -300.00 | Epsilon 0.2716
Seed 14 | Episode 146 | Reward -300.00 | Epsilon 0.2691
Seed 14 | Episode 147 | Reward -300.00 | Epsilon 0.2667
Seed 14 | Episode 148 | Reward -300.00 | Epsilon 0.2643
Seed 14 | Episode 149 | Reward -300.00 | Epsilon 0.2620
Seed 14 | Episode 150 | Reward -300.00 | Epsilon 0.2596
Seed 14 | Episode 151 | Reward -300.00 | Epsilon 0.2573
Seed 14 | Episode 152 | Reward -300.00 | Epsilon 0.2550
Seed 14 | Episode 153 | Reward -300.00 | Epsilon 0.2527
Seed 14 | Episode 154 | Reward -300.00 | Epsilon 0.2504
Seed 14 | Episode 155 | Reward -300.00 | Epsilon 0.2482
Seed 14 | Episode 156 | Reward -300.00 | Epsilon 0.2460
Seed 14 | Episode 157 | Reward -300.00 | Epsilon 0.2438
Seed 14 | Episode 158 | Reward -300.00 | Epsilon 0.2416
Seed 14 | Episode 159 | Reward -300.00 | Epsilon 0.2394
Seed 14 | Episode 160 | Reward -300.00 | Epsilon 0.2373
Seed 14 | Episode 161 | Reward -300.00 | Epsilon 0.2352
Seed 14 | Episode 162 | Reward -300.00 | Epsilon 0.2330
Seed 14 | Episode 163 | Reward -300.00 | Epsilon 0.2310
Seed 14 | Episode 164 | Reward -300.00 | Epsilon 0.2289
Seed 14 | Episode 165 | Reward -300.00 | Epsilon 0.2268
Seed 14 | Episode 166 | Reward -300.00 | Epsilon 0.2248
Seed 14 | Episode 167 | Reward -300.00 | Epsilon 0.2228
Seed 14 | Episode 168 | Reward -300.00 | Epsilon 0.2208
Seed 14 | Episode 169 | Reward -300.00 | Epsilon 0.2188
Seed 14 | Episode 170 | Reward -300.00 | Epsilon 0.2169
Seed 14 | Episode 171 | Reward -300.00 | Epsilon 0.2149
Seed 14 | Episode 172 | Reward -300.00 | Epsilon 0.2130
Seed 14 | Episode 173 | Reward -300.00 | Epsilon 0.2111
Seed 14 | Episode 174 | Reward -300.00 | Epsilon 0.2092
Seed 14 | Episode 175 | Reward -300.00 | Epsilon 0.2073
Seed 14 | Episode 176 | Reward -300.00 | Epsilon 0.2055
Seed 14 | Episode 177 | Reward -300.00 | Epsilon 0.2036
Seed 14 | Episode 178 | Reward -300.00 | Epsilon 0.2018
Seed 14 | Episode 179 | Reward -300.00 | Epsilon 0.2000
Seed 14 | Episode 180 | Reward -117.00 | Epsilon 0.1987
Seed 14 | Episode 181 | Reward -300.00 | Epsilon 0.1969
Seed 14 | Episode 182 | Reward -300.00 | Epsilon 0.1951
Seed 14 | Episode 183 | Reward -300.00 | Epsilon 0.1934
Seed 14 | Episode 184 | Reward -300.00 | Epsilon 0.1917
Seed 14 | Episode 185 | Reward -300.00 | Epsilon 0.1899
Seed 14 | Episode 186 | Reward -300.00 | Epsilon 0.1882
Seed 14 | Episode 187 | Reward -300.00 | Epsilon 0.1865
Seed 14 | Episode 188 | Reward -300.00 | Epsilon 0.1849
Seed 14 | Episode 189 | Reward -300.00 | Epsilon 0.1832
Seed 14 | Episode 190 | Reward -300.00 | Epsilon 0.1816
Seed 14 | Episode 191 | Reward -300.00 | Epsilon 0.1800
Seed 14 | Episode 192 | Reward -300.00 | Epsilon 0.1783
Seed 14 | Episode 193 | Reward -300.00 | Epsilon 0.1767
Seed 14 | Episode 194 | Reward -300.00 | Epsilon 0.1752
Seed 14 | Episode 195 | Reward -300.00 | Epsilon 0.1736
Seed 14 | Episode 196 | Reward -300.00 | Epsilon 0.1720
Seed 14 | Episode 197 | Reward -300.00 | Epsilon 0.1705
Seed 14 | Episode 198 | Reward -300.00 | Epsilon 0.1690
Seed 14 | Episode 199 | Reward -300.00 | Epsilon 0.1675
Seed 14 | Episode 200 | Reward -300.00 | Epsilon 0.1660
Seed 14 | Episode 201 | Reward -300.00 | Epsilon 0.1645
Seed 14 | Episode 202 | Reward -300.00 | Epsilon 0.1630
Seed 14 | Episode 203 | Reward -300.00 | Epsilon 0.1615
Seed 14 | Episode 204 | Reward -300.00 | Epsilon 0.1601
Seed 14 | Episode 205 | Reward -300.00 | Epsilon 0.1586
Seed 14 | Episode 206 | Reward -300.00 | Epsilon 0.1572
Seed 14 | Episode 207 | Reward -300.00 | Epsilon 0.1558
Seed 14 | Episode 208 | Reward -300.00 | Epsilon 0.1544
Seed 14 | Episode 209 | Reward -300.00 | Epsilon 0.1530
Seed 14 | Episode 210 | Reward -300.00 | Epsilon 0.1517
Seed 14 | Episode 211 | Reward -300.00 | Epsilon 0.1503
Seed 14 | Episode 212 | Reward -300.00 | Epsilon 0.1490
Seed 14 | Episode 213 | Reward -300.00 | Epsilon 0.1476
Seed 14 | Episode 214 | Reward -300.00 | Epsilon 0.1463
Seed 14 | Episode 215 | Reward -300.00 | Epsilon 0.1450
Seed 14 | Episode 216 | Reward -300.00 | Epsilon 0.1437
Seed 14 | Episode 217 | Reward -300.00 | Epsilon 0.1424
Seed 14 | Episode 218 | Reward -300.00 | Epsilon 0.1411
Seed 14 | Episode 219 | Reward -300.00 | Epsilon 0.1399
Seed 14 | Episode 220 | Reward -300.00 | Epsilon 0.1386
Seed 14 | Episode 221 | Reward -300.00 | Epsilon 0.1374
Seed 14 | Episode 222 | Reward -300.00 | Epsilon 0.1361
Seed 14 | Episode 223 | Reward -300.00 | Epsilon 0.1349
Seed 14 | Episode 224 | Reward -300.00 | Epsilon 0.1337
Seed 14 | Episode 225 | Reward -300.00 | Epsilon 0.1325
Seed 14 | Episode 226 | Reward -300.00 | Epsilon 0.1313
Seed 14 | Episode 227 | Reward -300.00 | Epsilon 0.1301
Seed 14 | Episode 228 | Reward -300.00 | Epsilon 0.1290
Seed 14 | Episode 229 | Reward -300.00 | Epsilon 0.1278
Seed 14 | Episode 230 | Reward -300.00 | Epsilon 0.1267
Seed 14 | Episode 231 | Reward -300.00 | Epsilon 0.1255
Seed 14 | Episode 232 | Reward -300.00 | Epsilon 0.1244
Seed 14 | Episode 233 | Reward -300.00 | Epsilon 0.1233
Seed 14 | Episode 234 | Reward -300.00 | Epsilon 0.1222
Seed 14 | Episode 235 | Reward -300.00 | Epsilon 0.1211
Seed 14 | Episode 236 | Reward -300.00 | Epsilon 0.1200
Seed 14 | Episode 237 | Reward -300.00 | Epsilon 0.1189
Seed 14 | Episode 238 | Reward -300.00 | Epsilon 0.1179
Seed 14 | Episode 239 | Reward -300.00 | Epsilon 0.1168
Seed 14 | Episode 240 | Reward -300.00 | Epsilon 0.1158
Seed 14 | Episode 241 | Reward -300.00 | Epsilon 0.1147
Seed 14 | Episode 242 | Reward -300.00 | Epsilon 0.1137
Seed 14 | Episode 243 | Reward -300.00 | Epsilon 0.1127
Seed 14 | Episode 244 | Reward -300.00 | Epsilon 0.1117
Seed 14 | Episode 245 | Reward -300.00 | Epsilon 0.1107
Seed 14 | Episode 246 | Reward -300.00 | Epsilon 0.1097
Seed 14 | Episode 247 | Reward -300.00 | Epsilon 0.1087
Seed 14 | Episode 248 | Reward -300.00 | Epsilon 0.1077
Seed 14 | Episode 249 | Reward -300.00 | Epsilon 0.1068
Seed 14 | Episode 250 | Reward -300.00 | Epsilon 0.1058
Seed 14 | Episode 251 | Reward -300.00 | Epsilon 0.1049
Seed 14 | Episode 252 | Reward -300.00 | Epsilon 0.1039
Seed 14 | Episode 253 | Reward -300.00 | Epsilon 0.1030
Seed 14 | Episode 254 | Reward -300.00 | Epsilon 0.1021
Seed 14 | Episode 255 | Reward -300.00 | Epsilon 0.1012
Seed 14 | Episode 256 | Reward -300.00 | Epsilon 0.1003
Seed 14 | Episode 257 | Reward 10.00 | Epsilon 0.1000
Seed 14 | Episode 258 | Reward -137.00 | Epsilon 0.0993
Seed 14 | Episode 259 | Reward 57.00 | Epsilon 0.0991
Seed 14 | Episode 260 | Reward -300.00 | Epsilon 0.0982
Seed 14 | Episode 261 | Reward -300.00 | Epsilon 0.0974
Seed 14 | Episode 262 | Reward -300.00 | Epsilon 0.0965
Seed 14 | Episode 263 | Reward -300.00 | Epsilon 0.0956
Seed 14 | Episode 264 | Reward -300.00 | Epsilon 0.0948
Seed 14 | Episode 265 | Reward -300.00 | Epsilon 0.0939
Seed 14 | Episode 266 | Reward -300.00 | Epsilon 0.0931
Seed 14 | Episode 267 | Reward -300.00 | Epsilon 0.0922
Seed 14 | Episode 268 | Reward -300.00 | Epsilon 0.0914
Seed 14 | Episode 269 | Reward -300.00 | Epsilon 0.0906
Seed 14 | Episode 270 | Reward -13.00 | Epsilon 0.0903
Seed 14 | Episode 271 | Reward -300.00 | Epsilon 0.0895
Seed 14 | Episode 272 | Reward -300.00 | Epsilon 0.0887
Seed 14 | Episode 273 | Reward -20.00 | Epsilon 0.0884
Seed 14 | Episode 274 | Reward -300.00 | Epsilon 0.0876
Seed 14 | Episode 275 | Reward -300.00 | Epsilon 0.0868
Seed 14 | Episode 276 | Reward 15.00 | Epsilon 0.0866
Seed 14 | Episode 277 | Reward 34.00 | Epsilon 0.0864
Seed 14 | Episode 278 | Reward -300.00 | Epsilon 0.0856
Seed 14 | Episode 279 | Reward -300.00 | Epsilon 0.0848
Seed 14 | Episode 280 | Reward -300.00 | Epsilon 0.0841
Seed 14 | Episode 281 | Reward -300.00 | Epsilon 0.0833
Seed 14 | Episode 282 | Reward -38.00 | Epsilon 0.0830
Seed 14 | Episode 283 | Reward -300.00 | Epsilon 0.0822
Seed 14 | Episode 284 | Reward 6.00 | Epsilon 0.0820
Seed 14 | Episode 285 | Reward 31.00 | Epsilon 0.0818
Seed 14 | Episode 286 | Reward -300.00 | Epsilon 0.0811
Seed 14 | Episode 287 | Reward -300.00 | Epsilon 0.0804
Seed 14 | Episode 288 | Reward -300.00 | Epsilon 0.0797
Seed 14 | Episode 289 | Reward -300.00 | Epsilon 0.0789
Seed 14 | Episode 290 | Reward -300.00 | Epsilon 0.0782
Seed 14 | Episode 291 | Reward -300.00 | Epsilon 0.0775
Seed 14 | Episode 292 | Reward -300.00 | Epsilon 0.0768
Seed 14 | Episode 293 | Reward -300.00 | Epsilon 0.0762
Seed 14 | Episode 294 | Reward -300.00 | Epsilon 0.0755
Seed 14 | Episode 295 | Reward -300.00 | Epsilon 0.0748
Seed 14 | Episode 296 | Reward -300.00 | Epsilon 0.0741
Seed 14 | Episode 297 | Reward -300.00 | Epsilon 0.0735
Seed 14 | Episode 298 | Reward -300.00 | Epsilon 0.0728
Seed 14 | Episode 299 | Reward -300.00 | Epsilon 0.0721
Seed 14 | Episode 300 | Reward -300.00 | Epsilon 0.0715
Seed 14 | Episode 301 | Reward -300.00 | Epsilon 0.0709
Seed 14 | Episode 302 | Reward -52.00 | Epsilon 0.0705
Seed 14 | Episode 303 | Reward -169.00 | Epsilon 0.0700
Seed 14 | Episode 304 | Reward -300.00 | Epsilon 0.0693
Seed 14 | Episode 305 | Reward -300.00 | Epsilon 0.0687
Seed 14 | Episode 306 | Reward -300.00 | Epsilon 0.0681
Seed 14 | Episode 307 | Reward -300.00 | Epsilon 0.0675
Seed 14 | Episode 308 | Reward -39.00 | Epsilon 0.0672
Seed 14 | Episode 309 | Reward 63.00 | Epsilon 0.0671
Seed 14 | Episode 310 | Reward 48.00 | Epsilon 0.0670
Seed 14 | Episode 311 | Reward -68.00 | Epsilon 0.0667
Seed 14 | Episode 312 | Reward -150.00 | Epsilon 0.0662
Seed 14 | Episode 313 | Reward -80.00 | Epsilon 0.0658
Seed 14 | Episode 314 | Reward -300.00 | Epsilon 0.0652
Seed 14 | Episode 315 | Reward -300.00 | Epsilon 0.0647
Seed 14 | Episode 316 | Reward -300.00 | Epsilon 0.0641
Seed 14 | Episode 317 | Reward -45.00 | Epsilon 0.0638
Seed 14 | Episode 318 | Reward -100.00 | Epsilon 0.0634
Seed 14 | Episode 319 | Reward 0.00 | Epsilon 0.0632
Seed 14 | Episode 320 | Reward -144.00 | Epsilon 0.0628
Seed 14 | Episode 321 | Reward -18.00 | Epsilon 0.0625
Seed 14 | Episode 322 | Reward 45.00 | Epsilon 0.0624
Seed 14 | Episode 323 | Reward -300.00 | Epsilon 0.0619
Seed 14 | Episode 324 | Reward 52.00 | Epsilon 0.0618
Seed 14 | Episode 325 | Reward -18.00 | Epsilon 0.0616
Seed 14 | Episode 326 | Reward -97.00 | Epsilon 0.0612
Seed 14 | Episode 327 | Reward -300.00 | Epsilon 0.0606
Seed 14 | Episode 328 | Reward -99.00 | Epsilon 0.0603
Seed 14 | Episode 329 | Reward -99.00 | Epsilon 0.0599
Seed 14 | Episode 330 | Reward -152.00 | Epsilon 0.0595
Seed 14 | Episode 331 | Reward 60.00 | Epsilon 0.0594
Seed 14 | Episode 332 | Reward -77.00 | Epsilon 0.0591
Seed 14 | Episode 333 | Reward -157.00 | Epsilon 0.0586
Seed 14 | Episode 334 | Reward -161.00 | Epsilon 0.0582
Seed 14 | Episode 335 | Reward -69.00 | Epsilon 0.0579
Seed 14 | Episode 336 | Reward -300.00 | Epsilon 0.0574
Seed 14 | Episode 337 | Reward -300.00 | Epsilon 0.0568
Seed 14 | Episode 338 | Reward 0.00 | Epsilon 0.0567
Seed 14 | Episode 339 | Reward -198.00 | Epsilon 0.0562
Seed 14 | Episode 340 | Reward 6.00 | Epsilon 0.0560
Seed 14 | Episode 341 | Reward 50.00 | Epsilon 0.0559
Seed 14 | Episode 342 | Reward -51.00 | Epsilon 0.0557
Seed 14 | Episode 343 | Reward -169.00 | Epsilon 0.0552
Seed 14 | Episode 344 | Reward -134.00 | Epsilon 0.0548
Seed 14 | Episode 345 | Reward -300.00 | Epsilon 0.0543
Seed 14 | Episode 346 | Reward -300.00 | Epsilon 0.0538
Seed 14 | Episode 347 | Reward 61.00 | Epsilon 0.0538
Seed 14 | Episode 348 | Reward 40.00 | Epsilon 0.0537
Seed 14 | Episode 349 | Reward -300.00 | Epsilon 0.0532
Seed 14 | Episode 350 | Reward -47.00 | Epsilon 0.0530
Seed 14 | Episode 351 | Reward -5.00 | Epsilon 0.0528
Seed 14 | Episode 352 | Reward 50.00 | Epsilon 0.0527
Seed 14 | Episode 353 | Reward -98.00 | Epsilon 0.0524
Seed 14 | Episode 354 | Reward 55.00 | Epsilon 0.0523
Seed 14 | Episode 355 | Reward -69.00 | Epsilon 0.0521
Seed 14 | Episode 356 | Reward -175.00 | Epsilon 0.0516
Seed 14 | Episode 357 | Reward -300.00 | Epsilon 0.0512
Seed 14 | Episode 358 | Reward 59.00 | Epsilon 0.0511
Seed 14 | Episode 359 | Reward 49.00 | Epsilon 0.0510
Seed 14 | Episode 360 | Reward 59.00 | Epsilon 0.0510
Seed 14 | Episode 361 | Reward 52.00 | Epsilon 0.0509
Seed 14 | Episode 362 | Reward 37.00 | Epsilon 0.0508
Seed 14 | Episode 363 | Reward -300.00 | Epsilon 0.0503
Seed 14 | Episode 364 | Reward -2.00 | Epsilon 0.0502
Seed 14 | Episode 365 | Reward 0.00 | Epsilon 0.0500
Seed 14 | Episode 366 | Reward 54.00 | Epsilon 0.0500
Seed 14 | Episode 367 | Reward -119.00 | Epsilon 0.0496
Seed 14 | Episode 368 | Reward 61.00 | Epsilon 0.0496
Seed 14 | Episode 369 | Reward 58.00 | Epsilon 0.0495
Seed 14 | Episode 370 | Reward 23.00 | Epsilon 0.0494
Seed 14 | Episode 371 | Reward -81.00 | Epsilon 0.0491
Seed 14 | Episode 372 | Reward 57.00 | Epsilon 0.0491
Seed 14 | Episode 373 | Reward 53.00 | Epsilon 0.0490
Seed 14 | Episode 374 | Reward 48.00 | Epsilon 0.0489
Seed 14 | Episode 375 | Reward 49.00 | Epsilon 0.0488
Seed 14 | Episode 376 | Reward 47.00 | Epsilon 0.0488
Seed 14 | Episode 377 | Reward 53.00 | Epsilon 0.0487
Seed 14 | Episode 378 | Reward 55.00 | Epsilon 0.0486
Seed 14 | Episode 379 | Reward 55.00 | Epsilon 0.0485
Seed 14 | Episode 380 | Reward -67.00 | Epsilon 0.0483
Seed 14 | Episode 381 | Reward -17.00 | Epsilon 0.0481
Seed 14 | Episode 382 | Reward 58.00 | Epsilon 0.0481
Seed 14 | Episode 383 | Reward -39.00 | Epsilon 0.0479
Seed 14 | Episode 384 | Reward 0.00 | Epsilon 0.0477
Seed 14 | Episode 385 | Reward -87.00 | Epsilon 0.0475
Seed 14 | Episode 386 | Reward 40.00 | Epsilon 0.0474
Seed 14 | Episode 387 | Reward -99.00 | Epsilon 0.0471
Seed 14 | Episode 388 | Reward -14.00 | Epsilon 0.0469
Seed 14 | Episode 389 | Reward 52.00 | Epsilon 0.0469
Seed 14 | Episode 390 | Reward 20.00 | Epsilon 0.0467
Seed 14 | Episode 391 | Reward 44.00 | Epsilon 0.0467
Seed 14 | Episode 392 | Reward 48.00 | Epsilon 0.0466
Seed 14 | Episode 393 | Reward 53.00 | Epsilon 0.0465
Seed 14 | Episode 394 | Reward 57.00 | Epsilon 0.0465
Seed 14 | Episode 395 | Reward 46.00 | Epsilon 0.0464
Seed 14 | Episode 396 | Reward -26.00 | Epsilon 0.0462
Seed 14 | Episode 397 | Reward 48.00 | Epsilon 0.0461
Seed 14 | Episode 398 | Reward -172.00 | Epsilon 0.0458
Seed 14 | Episode 399 | Reward 49.00 | Epsilon 0.0457
Seed 14 | Episode 400 | Reward 51.00 | Epsilon 0.0456
Seed 14 | Episode 401 | Reward 56.00 | Epsilon 0.0456
Seed 14 | Episode 402 | Reward 57.00 | Epsilon 0.0455
Seed 14 | Episode 403 | Reward 51.00 | Epsilon 0.0454
Seed 14 | Episode 404 | Reward 52.00 | Epsilon 0.0454
Seed 14 | Episode 405 | Reward -192.00 | Epsilon 0.0450
Seed 14 | Episode 406 | Reward 45.00 | Epsilon 0.0449
Seed 14 | Episode 407 | Reward 51.00 | Epsilon 0.0448
Seed 14 | Episode 408 | Reward 49.00 | Epsilon 0.0448
Seed 14 | Episode 409 | Reward -66.00 | Epsilon 0.0445
Seed 14 | Episode 410 | Reward 39.00 | Epsilon 0.0444
Seed 14 | Episode 411 | Reward 54.00 | Epsilon 0.0444
Seed 14 | Episode 412 | Reward 58.00 | Epsilon 0.0443
Seed 14 | Episode 413 | Reward 47.00 | Epsilon 0.0443
Seed 14 | Episode 414 | Reward 43.00 | Epsilon 0.0442
Seed 14 | Episode 415 | Reward 59.00 | Epsilon 0.0441
Seed 14 | Episode 416 | Reward 47.00 | Epsilon 0.0440
Seed 14 | Episode 417 | Reward 58.00 | Epsilon 0.0440
Seed 14 | Episode 418 | Reward 40.00 | Epsilon 0.0439
Seed 14 | Episode 419 | Reward 47.00 | Epsilon 0.0438
Seed 14 | Episode 420 | Reward 43.00 | Epsilon 0.0438
Seed 14 | Episode 421 | Reward 60.00 | Epsilon 0.0437
Seed 14 | Episode 422 | Reward 54.00 | Epsilon 0.0436
Seed 14 | Episode 423 | Reward 60.00 | Epsilon 0.0436
Seed 14 | Episode 424 | Reward 53.00 | Epsilon 0.0435
Seed 14 | Episode 425 | Reward 39.00 | Epsilon 0.0435
Seed 14 | Episode 426 | Reward 58.00 | Epsilon 0.0434
Seed 14 | Episode 427 | Reward 43.00 | Epsilon 0.0433
Seed 14 | Episode 428 | Reward 61.00 | Epsilon 0.0433
Seed 14 | Episode 429 | Reward 55.00 | Epsilon 0.0432
Seed 14 | Episode 430 | Reward 64.00 | Epsilon 0.0432
Seed 14 | Episode 431 | Reward 43.00 | Epsilon 0.0431
Seed 14 | Episode 432 | Reward 50.00 | Epsilon 0.0430
Seed 14 | Episode 433 | Reward 46.00 | Epsilon 0.0429
Seed 14 | Episode 434 | Reward 51.00 | Epsilon 0.0429
Seed 14 | Episode 435 | Reward 46.00 | Epsilon 0.0428
Seed 14 | Episode 436 | Reward 52.00 | Epsilon 0.0428
Seed 14 | Episode 437 | Reward -11.00 | Epsilon 0.0426
Seed 14 | Episode 438 | Reward 36.00 | Epsilon 0.0425
Seed 14 | Episode 439 | Reward 37.00 | Epsilon 0.0424
Seed 14 | Episode 440 | Reward 41.00 | Epsilon 0.0424
Seed 14 | Episode 441 | Reward 37.00 | Epsilon 0.0423
Seed 14 | Episode 442 | Reward 45.00 | Epsilon 0.0422
Seed 14 | Episode 443 | Reward 32.00 | Epsilon 0.0421
Seed 14 | Episode 444 | Reward 43.00 | Epsilon 0.0421
Seed 14 | Episode 445 | Reward 65.00 | Epsilon 0.0420
Seed 14 | Episode 446 | Reward 47.00 | Epsilon 0.0419
Seed 14 | Episode 447 | Reward 52.00 | Epsilon 0.0419
Seed 14 | Episode 448 | Reward 49.00 | Epsilon 0.0418
Seed 14 | Episode 449 | Reward 53.00 | Epsilon 0.0418
Seed 14 | Episode 450 | Reward 52.00 | Epsilon 0.0417
Seed 14 | Episode 451 | Reward 56.00 | Epsilon 0.0416
Seed 14 | Episode 452 | Reward 47.00 | Epsilon 0.0416
Seed 14 | Episode 453 | Reward 41.00 | Epsilon 0.0415
Seed 14 | Episode 454 | Reward 48.00 | Epsilon 0.0414
Seed 14 | Episode 455 | Reward 54.00 | Epsilon 0.0414
Seed 14 | Episode 456 | Reward 61.00 | Epsilon 0.0413
Seed 14 | Episode 457 | Reward 59.00 | Epsilon 0.0413
Seed 14 | Episode 458 | Reward 52.00 | Epsilon 0.0412
Seed 14 | Episode 459 | Reward 61.00 | Epsilon 0.0412
Seed 14 | Episode 460 | Reward 52.00 | Epsilon 0.0411
Seed 14 | Episode 461 | Reward 26.00 | Epsilon 0.0410
Seed 14 | Episode 462 | Reward 37.00 | Epsilon 0.0409
Seed 14 | Episode 463 | Reward 56.00 | Epsilon 0.0409
Seed 14 | Episode 464 | Reward 27.00 | Epsilon 0.0408
Seed 14 | Episode 465 | Reward 26.00 | Epsilon 0.0407
Seed 14 | Episode 466 | Reward 52.00 | Epsilon 0.0406
Seed 14 | Episode 467 | Reward 29.00 | Epsilon 0.0405
Seed 14 | Episode 468 | Reward 40.00 | Epsilon 0.0405
Seed 14 | Episode 469 | Reward 54.00 | Epsilon 0.0404
Seed 14 | Episode 470 | Reward 61.00 | Epsilon 0.0404
Seed 14 | Episode 471 | Reward 44.00 | Epsilon 0.0403
Seed 14 | Episode 472 | Reward 60.00 | Epsilon 0.0402
Seed 14 | Episode 473 | Reward 39.00 | Epsilon 0.0402
Seed 14 | Episode 474 | Reward 53.00 | Epsilon 0.0401
Seed 14 | Episode 475 | Reward 44.00 | Epsilon 0.0400
Seed 14 | Episode 476 | Reward 46.00 | Epsilon 0.0400
Seed 14 | Episode 477 | Reward 43.00 | Epsilon 0.0399
Seed 14 | Episode 478 | Reward 47.00 | Epsilon 0.0398
Seed 14 | Episode 479 | Reward 50.00 | Epsilon 0.0398
Seed 14 | Episode 480 | Reward 51.00 | Epsilon 0.0397
Seed 14 | Episode 481 | Reward 53.00 | Epsilon 0.0397
Seed 14 | Episode 482 | Reward 40.00 | Epsilon 0.0396
Seed 14 | Episode 483 | Reward 57.00 | Epsilon 0.0395
Seed 14 | Episode 484 | Reward 47.00 | Epsilon 0.0395
Seed 14 | Episode 485 | Reward 58.00 | Epsilon 0.0394
Seed 14 | Episode 486 | Reward 47.00 | Epsilon 0.0394
Seed 14 | Episode 487 | Reward 54.00 | Epsilon 0.0393
Seed 14 | Episode 488 | Reward 56.00 | Epsilon 0.0393
Seed 14 | Episode 489 | Reward 36.00 | Epsilon 0.0392
Seed 14 | Episode 490 | Reward 60.00 | Epsilon 0.0391
Seed 14 | Episode 491 | Reward 46.00 | Epsilon 0.0391
Seed 14 | Episode 492 | Reward 57.00 | Epsilon 0.0390
Seed 14 | Episode 493 | Reward 58.00 | Epsilon 0.0390
Seed 14 | Episode 494 | Reward 53.00 | Epsilon 0.0389
Seed 14 | Episode 495 | Reward 43.00 | Epsilon 0.0388
Seed 14 | Episode 496 | Reward 54.00 | Epsilon 0.0388
Seed 14 | Episode 497 | Reward 44.00 | Epsilon 0.0387
Seed 14 | Episode 498 | Reward 47.00 | Epsilon 0.0387
Seed 14 | Episode 499 | Reward 51.00 | Epsilon 0.0386
Seed 14 | Episode 500 | Reward 53.00 | Epsilon 0.0385
Seed 14 | Episode 501 | Reward 48.00 | Epsilon 0.0385
Seed 14 | Episode 502 | Reward 56.00 | Epsilon 0.0384
Seed 14 | Episode 503 | Reward 55.00 | Epsilon 0.0384
Seed 14 | Episode 504 | Reward 61.00 | Epsilon 0.0383
Seed 14 | Episode 505 | Reward 45.00 | Epsilon 0.0383
Seed 14 | Episode 506 | Reward 46.00 | Epsilon 0.0382
Seed 14 | Episode 507 | Reward 57.00 | Epsilon 0.0382
Seed 14 | Episode 508 | Reward 43.00 | Epsilon 0.0381
Seed 14 | Episode 509 | Reward 50.00 | Epsilon 0.0380
Seed 14 | Episode 510 | Reward 56.00 | Epsilon 0.0380
Seed 14 | Episode 511 | Reward 63.00 | Epsilon 0.0379
Seed 14 | Episode 512 | Reward 45.00 | Epsilon 0.0379
Seed 14 | Episode 513 | Reward 56.00 | Epsilon 0.0378
Seed 14 | Episode 514 | Reward 50.00 | Epsilon 0.0378
Seed 14 | Episode 515 | Reward 52.00 | Epsilon 0.0377
Seed 14 | Episode 516 | Reward 59.00 | Epsilon 0.0377
Seed 14 | Episode 517 | Reward 60.00 | Epsilon 0.0376
Seed 14 | Episode 518 | Reward 44.00 | Epsilon 0.0375
Seed 14 | Episode 519 | Reward 46.00 | Epsilon 0.0375
Seed 14 | Episode 520 | Reward 59.00 | Epsilon 0.0374
Seed 14 | Episode 521 | Reward 55.00 | Epsilon 0.0374
Seed 14 | Episode 522 | Reward 48.00 | Epsilon 0.0373
Seed 14 | Episode 523 | Reward 53.00 | Epsilon 0.0373
Seed 14 | Episode 524 | Reward 50.00 | Epsilon 0.0372
Seed 14 | Episode 525 | Reward 56.00 | Epsilon 0.0372
Seed 14 | Episode 526 | Reward 57.00 | Epsilon 0.0371
Seed 14 | Episode 527 | Reward 40.00 | Epsilon 0.0370
Seed 14 | Episode 528 | Reward 51.00 | Epsilon 0.0370
Seed 14 | Episode 529 | Reward 54.00 | Epsilon 0.0369
Seed 14 | Episode 530 | Reward 62.00 | Epsilon 0.0369
Seed 14 | Episode 531 | Reward 49.00 | Epsilon 0.0368
Seed 14 | Episode 532 | Reward 55.00 | Epsilon 0.0368
Seed 14 | Episode 533 | Reward 48.00 | Epsilon 0.0367
Seed 14 | Episode 534 | Reward 46.00 | Epsilon 0.0367
Seed 14 | Episode 535 | Reward 63.00 | Epsilon 0.0366
Seed 14 | Episode 536 | Reward 64.00 | Epsilon 0.0366
Seed 14 | Episode 537 | Reward 48.00 | Epsilon 0.0365
Seed 14 | Episode 538 | Reward 50.00 | Epsilon 0.0365
Seed 14 | Episode 539 | Reward 60.00 | Epsilon 0.0364
Seed 14 | Episode 540 | Reward 42.00 | Epsilon 0.0364
Seed 14 | Episode 541 | Reward 56.00 | Epsilon 0.0363
Seed 14 | Episode 542 | Reward 51.00 | Epsilon 0.0363
Seed 14 | Episode 543 | Reward 56.00 | Epsilon 0.0362
Seed 14 | Episode 544 | Reward 41.00 | Epsilon 0.0361
Seed 14 | Episode 545 | Reward 61.00 | Epsilon 0.0361
Seed 14 | Episode 546 | Reward 63.00 | Epsilon 0.0361
Seed 14 | Episode 547 | Reward 53.00 | Epsilon 0.0360
Seed 14 | Episode 548 | Reward 50.00 | Epsilon 0.0360
Seed 14 | Episode 549 | Reward 44.00 | Epsilon 0.0359
Seed 14 | Episode 550 | Reward 60.00 | Epsilon 0.0358
Seed 14 | Episode 551 | Reward 53.00 | Epsilon 0.0358
Seed 14 | Episode 552 | Reward 37.00 | Epsilon 0.0357
Seed 14 | Episode 553 | Reward 48.00 | Epsilon 0.0357
Seed 14 | Episode 554 | Reward 46.00 | Epsilon 0.0356
Seed 14 | Episode 555 | Reward 52.00 | Epsilon 0.0356
Seed 14 | Episode 556 | Reward 58.00 | Epsilon 0.0355
Seed 14 | Episode 557 | Reward 53.00 | Epsilon 0.0355
Seed 14 | Episode 558 | Reward 45.00 | Epsilon 0.0354
Seed 14 | Episode 559 | Reward 41.00 | Epsilon 0.0353
Seed 14 | Episode 560 | Reward 45.00 | Epsilon 0.0353
Seed 14 | Episode 561 | Reward 52.00 | Epsilon 0.0352
Seed 14 | Episode 562 | Reward 56.00 | Epsilon 0.0352
Seed 14 | Episode 563 | Reward 52.00 | Epsilon 0.0351
Seed 14 | Episode 564 | Reward 48.00 | Epsilon 0.0351
Seed 14 | Episode 565 | Reward 64.00 | Epsilon 0.0350
Seed 14 | Episode 566 | Reward 55.00 | Epsilon 0.0350
Seed 14 | Episode 567 | Reward 45.00 | Epsilon 0.0349
Seed 14 | Episode 568 | Reward 56.00 | Epsilon 0.0349
Seed 14 | Episode 569 | Reward 58.00 | Epsilon 0.0348
Seed 14 | Episode 570 | Reward 57.00 | Epsilon 0.0348
Seed 14 | Episode 571 | Reward 59.00 | Epsilon 0.0347
Seed 14 | Episode 572 | Reward 60.00 | Epsilon 0.0347
Seed 14 | Episode 573 | Reward 53.00 | Epsilon 0.0347
Seed 14 | Episode 574 | Reward 43.00 | Epsilon 0.0346
Seed 14 | Episode 575 | Reward 55.00 | Epsilon 0.0345
Seed 14 | Episode 576 | Reward 58.00 | Epsilon 0.0345
Seed 14 | Episode 577 | Reward 58.00 | Epsilon 0.0345
Seed 14 | Episode 578 | Reward 61.00 | Epsilon 0.0344
Seed 14 | Episode 579 | Reward 57.00 | Epsilon 0.0344
Seed 14 | Episode 580 | Reward 39.00 | Epsilon 0.0343
Seed 14 | Episode 581 | Reward 58.00 | Epsilon 0.0343
Seed 14 | Episode 582 | Reward 35.00 | Epsilon 0.0342
Seed 14 | Episode 583 | Reward 52.00 | Epsilon 0.0341
Seed 14 | Episode 584 | Reward 48.00 | Epsilon 0.0341
Seed 14 | Episode 585 | Reward 51.00 | Epsilon 0.0340
Seed 14 | Episode 586 | Reward 52.00 | Epsilon 0.0340
Seed 14 | Episode 587 | Reward 38.00 | Epsilon 0.0339
Seed 14 | Episode 588 | Reward 62.00 | Epsilon 0.0339
Seed 14 | Episode 589 | Reward 61.00 | Epsilon 0.0338
Seed 14 | Episode 590 | Reward 54.00 | Epsilon 0.0338
Seed 14 | Episode 591 | Reward 43.00 | Epsilon 0.0337
Seed 14 | Episode 592 | Reward 38.00 | Epsilon 0.0337
Seed 14 | Episode 593 | Reward 46.00 | Epsilon 0.0336
Seed 14 | Episode 594 | Reward 55.00 | Epsilon 0.0336
Seed 14 | Episode 595 | Reward 51.00 | Epsilon 0.0335
Seed 14 | Episode 596 | Reward 52.00 | Epsilon 0.0335
Seed 14 | Episode 597 | Reward 56.00 | Epsilon 0.0334
Seed 14 | Episode 598 | Reward 56.00 | Epsilon 0.0334
Seed 14 | Episode 599 | Reward 51.00 | Epsilon 0.0333
Seed 14 | Episode 600 | Reward 47.00 | Epsilon 0.0333
Seed 14 | Episode 601 | Reward 61.00 | Epsilon 0.0332
Seed 14 | Episode 602 | Reward 41.00 | Epsilon 0.0332
Seed 14 | Episode 603 | Reward 57.00 | Epsilon 0.0331
Seed 14 | Episode 604 | Reward 54.00 | Epsilon 0.0331
Seed 14 | Episode 605 | Reward 41.00 | Epsilon 0.0330
Seed 14 | Episode 606 | Reward 47.00 | Epsilon 0.0330
Seed 14 | Episode 607 | Reward 57.00 | Epsilon 0.0329
Seed 14 | Episode 608 | Reward 39.00 | Epsilon 0.0329
Seed 14 | Episode 609 | Reward 46.00 | Epsilon 0.0328
Seed 14 | Episode 610 | Reward 42.00 | Epsilon 0.0328
Seed 14 | Episode 611 | Reward 47.00 | Epsilon 0.0327
Seed 14 | Episode 612 | Reward 53.00 | Epsilon 0.0327
Seed 14 | Episode 613 | Reward 44.00 | Epsilon 0.0326
Seed 14 | Episode 614 | Reward 59.00 | Epsilon 0.0326
Seed 14 | Episode 615 | Reward 58.00 | Epsilon 0.0325
Seed 14 | Episode 616 | Reward 52.00 | Epsilon 0.0325
Seed 14 | Episode 617 | Reward 55.00 | Epsilon 0.0324
Seed 14 | Episode 618 | Reward 55.00 | Epsilon 0.0324
Seed 14 | Episode 619 | Reward 51.00 | Epsilon 0.0323
Seed 14 | Episode 620 | Reward 48.00 | Epsilon 0.0323
Seed 14 | Episode 621 | Reward 54.00 | Epsilon 0.0322
Seed 14 | Episode 622 | Reward 47.00 | Epsilon 0.0322
Seed 14 | Episode 623 | Reward 60.00 | Epsilon 0.0321
Seed 14 | Episode 624 | Reward 58.00 | Epsilon 0.0321
Seed 14 | Episode 625 | Reward 42.00 | Epsilon 0.0320
Seed 14 | Episode 626 | Reward 45.00 | Epsilon 0.0320
Seed 14 | Episode 627 | Reward 60.00 | Epsilon 0.0320
Seed 14 | Episode 628 | Reward 59.00 | Epsilon 0.0319
Seed 14 | Episode 629 | Reward 44.00 | Epsilon 0.0319
Seed 14 | Episode 630 | Reward 56.00 | Epsilon 0.0318
Seed 14 | Episode 631 | Reward 60.00 | Epsilon 0.0318
Seed 14 | Episode 632 | Reward 51.00 | Epsilon 0.0317
Seed 14 | Episode 633 | Reward 44.00 | Epsilon 0.0317
Seed 14 | Episode 634 | Reward 56.00 | Epsilon 0.0316
Seed 14 | Episode 635 | Reward 49.00 | Epsilon 0.0316
Seed 14 | Episode 636 | Reward 55.00 | Epsilon 0.0315
Seed 14 | Episode 637 | Reward 51.00 | Epsilon 0.0315
Seed 14 | Episode 638 | Reward 43.00 | Epsilon 0.0314
Seed 14 | Episode 639 | Reward 53.00 | Epsilon 0.0314
Seed 14 | Episode 640 | Reward 38.00 | Epsilon 0.0313
Seed 14 | Episode 641 | Reward 48.00 | Epsilon 0.0313
Seed 14 | Episode 642 | Reward 48.00 | Epsilon 0.0312
Seed 14 | Episode 643 | Reward 38.00 | Epsilon 0.0312
Seed 14 | Episode 644 | Reward 60.00 | Epsilon 0.0311
Seed 14 | Episode 645 | Reward 50.00 | Epsilon 0.0311
Seed 14 | Episode 646 | Reward 50.00 | Epsilon 0.0310
Seed 14 | Episode 647 | Reward 49.00 | Epsilon 0.0310
Seed 14 | Episode 648 | Reward 43.00 | Epsilon 0.0309
Seed 14 | Episode 649 | Reward 42.00 | Epsilon 0.0309
Seed 14 | Episode 650 | Reward 58.00 | Epsilon 0.0308
Seed 14 | Episode 651 | Reward 52.00 | Epsilon 0.0308
Seed 14 | Episode 652 | Reward 46.00 | Epsilon 0.0307
Seed 14 | Episode 653 | Reward 64.00 | Epsilon 0.0307
Seed 14 | Episode 654 | Reward 43.00 | Epsilon 0.0307
Seed 14 | Episode 655 | Reward 45.00 | Epsilon 0.0306
Seed 14 | Episode 656 | Reward 55.00 | Epsilon 0.0306
Seed 14 | Episode 657 | Reward 33.00 | Epsilon 0.0305
Seed 14 | Episode 658 | Reward 64.00 | Epsilon 0.0305
Seed 14 | Episode 659 | Reward 59.00 | Epsilon 0.0304
Seed 14 | Episode 660 | Reward 52.00 | Epsilon 0.0304
Seed 14 | Episode 661 | Reward 49.00 | Epsilon 0.0303
Seed 14 | Episode 662 | Reward 53.00 | Epsilon 0.0303
Seed 14 | Episode 663 | Reward 44.00 | Epsilon 0.0302
Seed 14 | Episode 664 | Reward 53.00 | Epsilon 0.0302
Seed 14 | Episode 665 | Reward 61.00 | Epsilon 0.0302
Seed 14 | Episode 666 | Reward 62.00 | Epsilon 0.0301
Seed 14 | Episode 667 | Reward 43.00 | Epsilon 0.0301
Seed 14 | Episode 668 | Reward 64.00 | Epsilon 0.0300
Seed 14 | Episode 669 | Reward 51.00 | Epsilon 0.0300
Seed 14 | Episode 670 | Reward 54.00 | Epsilon 0.0300
Seed 14 | Episode 671 | Reward 51.00 | Epsilon 0.0299
Seed 14 | Episode 672 | Reward 61.00 | Epsilon 0.0299
Seed 14 | Episode 673 | Reward 59.00 | Epsilon 0.0298
Seed 14 | Episode 674 | Reward 51.00 | Epsilon 0.0298
Seed 14 | Episode 675 | Reward 56.00 | Epsilon 0.0298
Seed 14 | Episode 676 | Reward 62.00 | Epsilon 0.0297
Seed 14 | Episode 677 | Reward 61.00 | Epsilon 0.0297
Seed 14 | Episode 678 | Reward 44.00 | Epsilon 0.0296
Seed 14 | Episode 679 | Reward 48.00 | Epsilon 0.0296
Seed 14 | Episode 680 | Reward 55.00 | Epsilon 0.0295
Seed 14 | Episode 681 | Reward 58.00 | Epsilon 0.0295
Seed 14 | Episode 682 | Reward 52.00 | Epsilon 0.0295
Seed 14 | Episode 683 | Reward 51.00 | Epsilon 0.0294
Seed 14 | Episode 684 | Reward 57.00 | Epsilon 0.0294
Seed 14 | Episode 685 | Reward 50.00 | Epsilon 0.0293
Seed 14 | Episode 686 | Reward 55.00 | Epsilon 0.0293
Seed 14 | Episode 687 | Reward 49.00 | Epsilon 0.0292
Seed 14 | Episode 688 | Reward 49.00 | Epsilon 0.0292
Seed 14 | Episode 689 | Reward 52.00 | Epsilon 0.0292
Seed 14 | Episode 690 | Reward 58.00 | Epsilon 0.0291
Seed 14 | Episode 691 | Reward 65.00 | Epsilon 0.0291
Seed 14 | Episode 692 | Reward 54.00 | Epsilon 0.0291
Seed 14 | Episode 693 | Reward 52.00 | Epsilon 0.0290
Seed 14 | Episode 694 | Reward 62.00 | Epsilon 0.0290
Seed 14 | Episode 695 | Reward 64.00 | Epsilon 0.0289
Seed 14 | Episode 696 | Reward 60.00 | Epsilon 0.0289
Seed 14 | Episode 697 | Reward 51.00 | Epsilon 0.0289
Seed 14 | Episode 698 | Reward 61.00 | Epsilon 0.0288
Seed 14 | Episode 699 | Reward 63.00 | Epsilon 0.0288
Seed 14 | Episode 700 | Reward 62.00 | Epsilon 0.0288
Seed 14 | Episode 701 | Reward 59.00 | Epsilon 0.0287
Seed 14 | Episode 702 | Reward 53.00 | Epsilon 0.0287
Seed 14 | Episode 703 | Reward 47.00 | Epsilon 0.0286
Seed 14 | Episode 704 | Reward 19.00 | Epsilon 0.0286
Seed 14 | Episode 705 | Reward 48.00 | Epsilon 0.0285
Seed 14 | Episode 706 | Reward 42.00 | Epsilon 0.0285
Seed 14 | Episode 707 | Reward 58.00 | Epsilon 0.0284
Seed 14 | Episode 708 | Reward 40.00 | Epsilon 0.0284
Seed 14 | Episode 709 | Reward 62.00 | Epsilon 0.0284
Seed 14 | Episode 710 | Reward 45.00 | Epsilon 0.0283
Seed 14 | Episode 711 | Reward 59.00 | Epsilon 0.0283
Seed 14 | Episode 712 | Reward 53.00 | Epsilon 0.0282
Seed 14 | Episode 713 | Reward 46.00 | Epsilon 0.0282
Seed 14 | Episode 714 | Reward 57.00 | Epsilon 0.0281
Seed 14 | Episode 715 | Reward 56.00 | Epsilon 0.0281
Seed 14 | Episode 716 | Reward 47.00 | Epsilon 0.0281
Seed 14 | Episode 717 | Reward 44.00 | Epsilon 0.0280
Seed 14 | Episode 718 | Reward 59.00 | Epsilon 0.0280
Seed 14 | Episode 719 | Reward 48.00 | Epsilon 0.0279
Seed 14 | Episode 720 | Reward 44.00 | Epsilon 0.0279
Seed 14 | Episode 721 | Reward 50.00 | Epsilon 0.0278
Seed 14 | Episode 722 | Reward 40.00 | Epsilon 0.0278
Seed 14 | Episode 723 | Reward 58.00 | Epsilon 0.0278
Seed 14 | Episode 724 | Reward 48.00 | Epsilon 0.0277
Seed 14 | Episode 725 | Reward 50.00 | Epsilon 0.0277
Seed 14 | Episode 726 | Reward 50.00 | Epsilon 0.0276
Seed 14 | Episode 727 | Reward 61.00 | Epsilon 0.0276
Seed 14 | Episode 728 | Reward 63.00 | Epsilon 0.0276
Seed 14 | Episode 729 | Reward 53.00 | Epsilon 0.0275
Seed 14 | Episode 730 | Reward 55.00 | Epsilon 0.0275
Seed 14 | Episode 731 | Reward 51.00 | Epsilon 0.0274
Seed 14 | Episode 732 | Reward 52.00 | Epsilon 0.0274
Seed 14 | Episode 733 | Reward 45.00 | Epsilon 0.0274
Seed 14 | Episode 734 | Reward 47.00 | Epsilon 0.0273
Seed 14 | Episode 735 | Reward 47.00 | Epsilon 0.0273
Seed 14 | Episode 736 | Reward 49.00 | Epsilon 0.0272
Seed 14 | Episode 737 | Reward 44.00 | Epsilon 0.0272
Seed 14 | Episode 738 | Reward 56.00 | Epsilon 0.0271
Seed 14 | Episode 739 | Reward 65.00 | Epsilon 0.0271
Seed 14 | Episode 740 | Reward 41.00 | Epsilon 0.0271
Seed 14 | Episode 741 | Reward 52.00 | Epsilon 0.0270
Seed 14 | Episode 742 | Reward 51.00 | Epsilon 0.0270
Seed 14 | Episode 743 | Reward 55.00 | Epsilon 0.0269
Seed 14 | Episode 744 | Reward 46.00 | Epsilon 0.0269
Seed 14 | Episode 745 | Reward 42.00 | Epsilon 0.0269
Seed 14 | Episode 746 | Reward 55.00 | Epsilon 0.0268
Seed 14 | Episode 747 | Reward 44.00 | Epsilon 0.0268
Seed 14 | Episode 748 | Reward 50.00 | Epsilon 0.0267
Seed 14 | Episode 749 | Reward 56.00 | Epsilon 0.0267
Seed 14 | Episode 750 | Reward 65.00 | Epsilon 0.0267
Seed 14 | Episode 751 | Reward 60.00 | Epsilon 0.0266
Seed 14 | Episode 752 | Reward 58.00 | Epsilon 0.0266
Seed 14 | Episode 753 | Reward 53.00 | Epsilon 0.0266
Seed 14 | Episode 754 | Reward 57.00 | Epsilon 0.0265
Seed 14 | Episode 755 | Reward 49.00 | Epsilon 0.0265
Seed 14 | Episode 756 | Reward 54.00 | Epsilon 0.0264
Seed 14 | Episode 757 | Reward 51.00 | Epsilon 0.0264
Seed 14 | Episode 758 | Reward 50.00 | Epsilon 0.0264
Seed 14 | Episode 759 | Reward 60.00 | Epsilon 0.0263
Seed 14 | Episode 760 | Reward 41.00 | Epsilon 0.0263
Seed 14 | Episode 761 | Reward 63.00 | Epsilon 0.0263
Seed 14 | Episode 762 | Reward 56.00 | Epsilon 0.0262
Seed 14 | Episode 763 | Reward 48.00 | Epsilon 0.0262
Seed 14 | Episode 764 | Reward 57.00 | Epsilon 0.0261
Seed 14 | Episode 765 | Reward 53.00 | Epsilon 0.0261
Seed 14 | Episode 766 | Reward 47.00 | Epsilon 0.0261
Seed 14 | Episode 767 | Reward 55.00 | Epsilon 0.0260
Seed 14 | Episode 768 | Reward 50.00 | Epsilon 0.0260
Seed 14 | Episode 769 | Reward 60.00 | Epsilon 0.0260
Seed 14 | Episode 770 | Reward 48.00 | Epsilon 0.0259
Seed 14 | Episode 771 | Reward 51.00 | Epsilon 0.0259
Seed 14 | Episode 772 | Reward 52.00 | Epsilon 0.0258
Seed 14 | Episode 773 | Reward 52.00 | Epsilon 0.0258
Seed 14 | Episode 774 | Reward 59.00 | Epsilon 0.0258
Seed 14 | Episode 775 | Reward 51.00 | Epsilon 0.0257
Seed 14 | Episode 776 | Reward 50.00 | Epsilon 0.0257
Seed 14 | Episode 777 | Reward 50.00 | Epsilon 0.0257
Seed 14 | Episode 778 | Reward 52.00 | Epsilon 0.0256
Seed 14 | Episode 779 | Reward 49.00 | Epsilon 0.0256
Seed 14 | Episode 780 | Reward 45.00 | Epsilon 0.0255
Seed 14 | Episode 781 | Reward 36.00 | Epsilon 0.0255
Seed 14 | Episode 782 | Reward 41.00 | Epsilon 0.0254
Seed 14 | Episode 783 | Reward 58.00 | Epsilon 0.0254
Seed 14 | Episode 784 | Reward 51.00 | Epsilon 0.0254
Seed 14 | Episode 785 | Reward 39.00 | Epsilon 0.0253
Seed 14 | Episode 786 | Reward 53.00 | Epsilon 0.0253
Seed 14 | Episode 787 | Reward 61.00 | Epsilon 0.0253
Seed 14 | Episode 788 | Reward 59.00 | Epsilon 0.0252
Seed 14 | Episode 789 | Reward 63.00 | Epsilon 0.0252
Seed 14 | Episode 790 | Reward 50.00 | Epsilon 0.0252
Seed 14 | Episode 791 | Reward 46.00 | Epsilon 0.0251
Seed 14 | Episode 792 | Reward 55.00 | Epsilon 0.0251
Seed 14 | Episode 793 | Reward 51.00 | Epsilon 0.0250
Seed 14 | Episode 794 | Reward 51.00 | Epsilon 0.0250
Seed 14 | Episode 795 | Reward 24.00 | Epsilon 0.0249
Seed 14 | Episode 796 | Reward 62.00 | Epsilon 0.0249
Seed 14 | Episode 797 | Reward 60.00 | Epsilon 0.0249
Seed 14 | Episode 798 | Reward 49.00 | Epsilon 0.0248
Seed 14 | Episode 799 | Reward 31.00 | Epsilon 0.0248
Seed 14 | Episode 800 | Reward 45.00 | Epsilon 0.0248
Seed 14 | Episode 801 | Reward 45.00 | Epsilon 0.0247
Seed 14 | Episode 802 | Reward 49.00 | Epsilon 0.0247
Seed 14 | Episode 803 | Reward 55.00 | Epsilon 0.0246
Seed 14 | Episode 804 | Reward 60.00 | Epsilon 0.0246
Seed 14 | Episode 805 | Reward 47.00 | Epsilon 0.0246
Seed 14 | Episode 806 | Reward 46.00 | Epsilon 0.0245
Seed 14 | Episode 807 | Reward 57.00 | Epsilon 0.0245
Seed 14 | Episode 808 | Reward 59.00 | Epsilon 0.0245
Seed 14 | Episode 809 | Reward 58.00 | Epsilon 0.0244
Seed 14 | Episode 810 | Reward 50.00 | Epsilon 0.0244
Seed 14 | Episode 811 | Reward 48.00 | Epsilon 0.0244
Seed 14 | Episode 812 | Reward 55.00 | Epsilon 0.0243
Seed 14 | Episode 813 | Reward 63.00 | Epsilon 0.0243
Seed 14 | Episode 814 | Reward 49.00 | Epsilon 0.0243
Seed 14 | Episode 815 | Reward 45.00 | Epsilon 0.0242
Seed 14 | Episode 816 | Reward 42.00 | Epsilon 0.0242
Seed 14 | Episode 817 | Reward 46.00 | Epsilon 0.0241
Seed 14 | Episode 818 | Reward 47.00 | Epsilon 0.0241
Seed 14 | Episode 819 | Reward 60.00 | Epsilon 0.0241
Seed 14 | Episode 820 | Reward 57.00 | Epsilon 0.0240
Seed 14 | Episode 821 | Reward 56.00 | Epsilon 0.0240
Seed 14 | Episode 822 | Reward 40.00 | Epsilon 0.0240
Seed 14 | Episode 823 | Reward 52.00 | Epsilon 0.0239
Seed 14 | Episode 824 | Reward 64.00 | Epsilon 0.0239
Seed 14 | Episode 825 | Reward 63.00 | Epsilon 0.0239
Seed 14 | Episode 826 | Reward 44.00 | Epsilon 0.0238
Seed 14 | Episode 827 | Reward 50.00 | Epsilon 0.0238
Seed 14 | Episode 828 | Reward 50.00 | Epsilon 0.0238
Seed 14 | Episode 829 | Reward 56.00 | Epsilon 0.0237
Seed 14 | Episode 830 | Reward 49.00 | Epsilon 0.0237
Seed 14 | Episode 831 | Reward 49.00 | Epsilon 0.0236
Seed 14 | Episode 832 | Reward 61.00 | Epsilon 0.0236
Seed 14 | Episode 833 | Reward 57.00 | Epsilon 0.0236
Seed 14 | Episode 834 | Reward 48.00 | Epsilon 0.0236
Seed 14 | Episode 835 | Reward 51.00 | Epsilon 0.0235
Seed 14 | Episode 836 | Reward 49.00 | Epsilon 0.0235
Seed 14 | Episode 837 | Reward 53.00 | Epsilon 0.0234
Seed 14 | Episode 838 | Reward 54.00 | Epsilon 0.0234
Seed 14 | Episode 839 | Reward 56.00 | Epsilon 0.0234
Seed 14 | Episode 840 | Reward 51.00 | Epsilon 0.0233
Seed 14 | Episode 841 | Reward 52.00 | Epsilon 0.0233
Seed 14 | Episode 842 | Reward 44.00 | Epsilon 0.0233
Seed 14 | Episode 843 | Reward 60.00 | Epsilon 0.0232
Seed 14 | Episode 844 | Reward 43.00 | Epsilon 0.0232
Seed 14 | Episode 845 | Reward 48.00 | Epsilon 0.0232
Seed 14 | Episode 846 | Reward 54.00 | Epsilon 0.0231
Seed 14 | Episode 847 | Reward 49.00 | Epsilon 0.0231
Seed 14 | Episode 848 | Reward 61.00 | Epsilon 0.0231
Seed 14 | Episode 849 | Reward 64.00 | Epsilon 0.0230
Seed 14 | Episode 850 | Reward 44.00 | Epsilon 0.0230
Seed 14 | Episode 851 | Reward 45.00 | Epsilon 0.0230
Seed 14 | Episode 852 | Reward 61.00 | Epsilon 0.0229
Seed 14 | Episode 853 | Reward 41.00 | Epsilon 0.0229
Seed 14 | Episode 854 | Reward 43.00 | Epsilon 0.0229
Seed 14 | Episode 855 | Reward 44.00 | Epsilon 0.0228
Seed 14 | Episode 856 | Reward 48.00 | Epsilon 0.0228
Seed 14 | Episode 857 | Reward 48.00 | Epsilon 0.0227
Seed 14 | Episode 858 | Reward 58.00 | Epsilon 0.0227
Seed 14 | Episode 859 | Reward 58.00 | Epsilon 0.0227
Seed 14 | Episode 860 | Reward 64.00 | Epsilon 0.0227
Seed 14 | Episode 861 | Reward 59.00 | Epsilon 0.0226
Seed 14 | Episode 862 | Reward 56.00 | Epsilon 0.0226
Seed 14 | Episode 863 | Reward 48.00 | Epsilon 0.0226
Seed 14 | Episode 864 | Reward 52.00 | Epsilon 0.0225
Seed 14 | Episode 865 | Reward 28.00 | Epsilon 0.0225
Seed 14 | Episode 866 | Reward 41.00 | Epsilon 0.0224
Seed 14 | Episode 867 | Reward 52.00 | Epsilon 0.0224
Seed 14 | Episode 868 | Reward 53.00 | Epsilon 0.0224
Seed 14 | Episode 869 | Reward 49.00 | Epsilon 0.0223
Seed 14 | Episode 870 | Reward 55.00 | Epsilon 0.0223
Seed 14 | Episode 871 | Reward 58.00 | Epsilon 0.0223
Seed 14 | Episode 872 | Reward 53.00 | Epsilon 0.0223
Seed 14 | Episode 873 | Reward 47.00 | Epsilon 0.0222
Seed 14 | Episode 874 | Reward 48.00 | Epsilon 0.0222
Seed 14 | Episode 875 | Reward 56.00 | Epsilon 0.0222
Seed 14 | Episode 876 | Reward 61.00 | Epsilon 0.0221
Seed 14 | Episode 877 | Reward 65.00 | Epsilon 0.0221
Seed 14 | Episode 878 | Reward 59.00 | Epsilon 0.0221
Seed 14 | Episode 879 | Reward 41.00 | Epsilon 0.0220
Seed 14 | Episode 880 | Reward 60.00 | Epsilon 0.0220
Seed 14 | Episode 881 | Reward 58.00 | Epsilon 0.0220
Seed 14 | Episode 882 | Reward 49.00 | Epsilon 0.0219
Seed 14 | Episode 883 | Reward 61.00 | Epsilon 0.0219
Seed 14 | Episode 884 | Reward 55.00 | Epsilon 0.0219
Seed 14 | Episode 885 | Reward 51.00 | Epsilon 0.0219
Seed 14 | Episode 886 | Reward 66.00 | Epsilon 0.0218
Seed 14 | Episode 887 | Reward 55.00 | Epsilon 0.0218
Seed 14 | Episode 888 | Reward 62.00 | Epsilon 0.0218
Seed 14 | Episode 889 | Reward 53.00 | Epsilon 0.0217
Seed 14 | Episode 890 | Reward 59.00 | Epsilon 0.0217
Seed 14 | Episode 891 | Reward 62.00 | Epsilon 0.0217
Seed 14 | Episode 892 | Reward 51.00 | Epsilon 0.0217
Seed 14 | Episode 893 | Reward 49.00 | Epsilon 0.0216
Seed 14 | Episode 894 | Reward 54.00 | Epsilon 0.0216
Seed 14 | Episode 895 | Reward 60.00 | Epsilon 0.0216
Seed 14 | Episode 896 | Reward 65.00 | Epsilon 0.0215
Seed 14 | Episode 897 | Reward 53.00 | Epsilon 0.0215
Seed 14 | Episode 898 | Reward 50.00 | Epsilon 0.0215
Seed 14 | Episode 899 | Reward 45.00 | Epsilon 0.0214
Seed 14 | Episode 900 | Reward 64.00 | Epsilon 0.0214
Seed 14 | Episode 901 | Reward 56.00 | Epsilon 0.0214
Seed 14 | Episode 902 | Reward 59.00 | Epsilon 0.0214
Seed 14 | Episode 903 | Reward 56.00 | Epsilon 0.0213
Seed 14 | Episode 904 | Reward 51.00 | Epsilon 0.0213
Seed 14 | Episode 905 | Reward 47.00 | Epsilon 0.0213
Seed 14 | Episode 906 | Reward 43.00 | Epsilon 0.0212
Seed 14 | Episode 907 | Reward 44.00 | Epsilon 0.0212
Seed 14 | Episode 908 | Reward 38.00 | Epsilon 0.0212
Seed 14 | Episode 909 | Reward 53.00 | Epsilon 0.0211
Seed 14 | Episode 910 | Reward 50.00 | Epsilon 0.0211
Seed 14 | Episode 911 | Reward 42.00 | Epsilon 0.0211
Seed 14 | Episode 912 | Reward 62.00 | Epsilon 0.0210
Seed 14 | Episode 913 | Reward 56.00 | Epsilon 0.0210
Seed 14 | Episode 914 | Reward 58.00 | Epsilon 0.0210
Seed 14 | Episode 915 | Reward 34.00 | Epsilon 0.0209
Seed 14 | Episode 916 | Reward 64.00 | Epsilon 0.0209
Seed 14 | Episode 917 | Reward 56.00 | Epsilon 0.0209
Seed 14 | Episode 918 | Reward 50.00 | Epsilon 0.0209
Seed 14 | Episode 919 | Reward 64.00 | Epsilon 0.0208
Seed 14 | Episode 920 | Reward 52.00 | Epsilon 0.0208
Seed 14 | Episode 921 | Reward 65.00 | Epsilon 0.0208
Seed 14 | Episode 922 | Reward 50.00 | Epsilon 0.0207
Seed 14 | Episode 923 | Reward 35.00 | Epsilon 0.0207
Seed 14 | Episode 924 | Reward 62.00 | Epsilon 0.0207
Seed 14 | Episode 925 | Reward 62.00 | Epsilon 0.0207
Seed 14 | Episode 926 | Reward 53.00 | Epsilon 0.0206
Seed 14 | Episode 927 | Reward 47.00 | Epsilon 0.0206
Seed 14 | Episode 928 | Reward 52.00 | Epsilon 0.0206
Seed 14 | Episode 929 | Reward 57.00 | Epsilon 0.0205
Seed 14 | Episode 930 | Reward 48.00 | Epsilon 0.0205
Seed 14 | Episode 931 | Reward 48.00 | Epsilon 0.0205
Seed 14 | Episode 932 | Reward 39.00 | Epsilon 0.0204
Seed 14 | Episode 933 | Reward 60.00 | Epsilon 0.0204
Seed 14 | Episode 934 | Reward 65.00 | Epsilon 0.0204
Seed 14 | Episode 935 | Reward 53.00 | Epsilon 0.0204
Seed 14 | Episode 936 | Reward 51.00 | Epsilon 0.0203
Seed 14 | Episode 937 | Reward 38.00 | Epsilon 0.0203
Seed 14 | Episode 938 | Reward 46.00 | Epsilon 0.0203
Seed 14 | Episode 939 | Reward 57.00 | Epsilon 0.0202
Seed 14 | Episode 940 | Reward 51.00 | Epsilon 0.0202
Seed 14 | Episode 941 | Reward 47.00 | Epsilon 0.0202
Seed 14 | Episode 942 | Reward 67.00 | Epsilon 0.0201
Seed 14 | Episode 943 | Reward 43.00 | Epsilon 0.0201
Seed 14 | Episode 944 | Reward 61.00 | Epsilon 0.0201
Seed 14 | Episode 945 | Reward -118.00 | Epsilon 0.0199
Seed 14 | Episode 946 | Reward 44.00 | Epsilon 0.0199
Seed 14 | Episode 947 | Reward 57.00 | Epsilon 0.0199
Seed 14 | Episode 948 | Reward 53.00 | Epsilon 0.0199
Seed 14 | Episode 949 | Reward 50.00 | Epsilon 0.0198
Seed 14 | Episode 950 | Reward 54.00 | Epsilon 0.0198
Seed 14 | Episode 951 | Reward 49.00 | Epsilon 0.0198
Seed 14 | Episode 952 | Reward 41.00 | Epsilon 0.0197
Seed 14 | Episode 953 | Reward 51.00 | Epsilon 0.0197
Seed 14 | Episode 954 | Reward 41.00 | Epsilon 0.0197
Seed 14 | Episode 955 | Reward 58.00 | Epsilon 0.0196
Seed 14 | Episode 956 | Reward 60.00 | Epsilon 0.0196
Seed 14 | Episode 957 | Reward 50.00 | Epsilon 0.0196
Seed 14 | Episode 958 | Reward 65.00 | Epsilon 0.0196
Seed 14 | Episode 959 | Reward 56.00 | Epsilon 0.0195
Seed 14 | Episode 960 | Reward 56.00 | Epsilon 0.0195
Seed 14 | Episode 961 | Reward 54.00 | Epsilon 0.0195
Seed 14 | Episode 962 | Reward 57.00 | Epsilon 0.0195
Seed 14 | Episode 963 | Reward 51.00 | Epsilon 0.0194
Seed 14 | Episode 964 | Reward 60.00 | Epsilon 0.0194
Seed 14 | Episode 965 | Reward 48.00 | Epsilon 0.0194
Seed 14 | Episode 966 | Reward 60.00 | Epsilon 0.0194
Seed 14 | Episode 967 | Reward -140.00 | Epsilon 0.0192
Seed 14 | Episode 968 | Reward -300.00 | Epsilon 0.0190
Seed 14 | Episode 969 | Reward 59.00 | Epsilon 0.0190
Seed 14 | Episode 970 | Reward 58.00 | Epsilon 0.0190
Seed 14 | Episode 971 | Reward 56.00 | Epsilon 0.0190
Seed 14 | Episode 972 | Reward 60.00 | Epsilon 0.0189
Seed 14 | Episode 973 | Reward 54.00 | Epsilon 0.0189
Seed 14 | Episode 974 | Reward 57.00 | Epsilon 0.0189
Seed 14 | Episode 975 | Reward 40.00 | Epsilon 0.0189
Seed 14 | Episode 976 | Reward 54.00 | Epsilon 0.0188
Seed 14 | Episode 977 | Reward 45.00 | Epsilon 0.0188
Seed 14 | Episode 978 | Reward 48.00 | Epsilon 0.0188
Seed 14 | Episode 979 | Reward 63.00 | Epsilon 0.0188
Seed 14 | Episode 980 | Reward 64.00 | Epsilon 0.0187
Seed 14 | Episode 981 | Reward 51.00 | Epsilon 0.0187
Seed 14 | Episode 982 | Reward 49.00 | Epsilon 0.0187
Seed 14 | Episode 983 | Reward 59.00 | Epsilon 0.0187
Seed 14 | Episode 984 | Reward 41.00 | Epsilon 0.0186
Seed 14 | Episode 985 | Reward 65.00 | Epsilon 0.0186
Seed 14 | Episode 986 | Reward -15.00 | Epsilon 0.0185
Seed 14 | Episode 987 | Reward 41.00 | Epsilon 0.0185
Seed 14 | Episode 988 | Reward 51.00 | Epsilon 0.0185
Seed 14 | Episode 989 | Reward 47.00 | Epsilon 0.0184
Seed 14 | Episode 990 | Reward 50.00 | Epsilon 0.0184
Seed 14 | Episode 991 | Reward 59.00 | Epsilon 0.0184
Seed 14 | Episode 992 | Reward 43.00 | Epsilon 0.0184
Seed 14 | Episode 993 | Reward 54.00 | Epsilon 0.0183
Seed 14 | Episode 994 | Reward 40.00 | Epsilon 0.0183
Seed 14 | Episode 995 | Reward 52.00 | Epsilon 0.0183
Seed 14 | Episode 996 | Reward 55.00 | Epsilon 0.0182
Seed 14 | Episode 997 | Reward 59.00 | Epsilon 0.0182
Seed 14 | Episode 998 | Reward 55.00 | Epsilon 0.0182
Seed 14 | Episode 999 | Reward -39.00 | Epsilon 0.0181
Finished seed 14
