starting job
Sun Dec  7 20:01:21 2025       
+-----------------------------------------------------------------------------------------+
| NVIDIA-SMI 580.65.06              Driver Version: 580.65.06      CUDA Version: 13.0     |
+-----------------------------------------+------------------------+----------------------+
| GPU  Name                 Persistence-M | Bus-Id          Disp.A | Volatile Uncorr. ECC |
| Fan  Temp   Perf          Pwr:Usage/Cap |           Memory-Usage | GPU-Util  Compute M. |
|                                         |                        |               MIG M. |
|=========================================+========================+======================|
|   0  NVIDIA H100 80GB HBM3          On  |   00000000:4C:00.0 Off |                   On |
| N/A   39C    P0            424W /  700W |   36064MiB /  81559MiB |     N/A      Default |
|                                         |                        |              Enabled |
+-----------------------------------------+------------------------+----------------------+

+-----------------------------------------------------------------------------------------+
| MIG devices:                                                                            |
+------------------+----------------------------------+-----------+-----------------------+
| GPU  GI  CI  MIG |              Shared Memory-Usage |        Vol|        Shared         |
|      ID  ID  Dev |                Shared BAR1-Usage | SM     Unc| CE ENC  DEC  OFA  JPG |
|                  |                                  |        ECC|                       |
|==================+==================================+===========+=======================|
|  0    9   0   0  |              15MiB /  9984MiB    | 16      0 |  1   0    1    0    1 |
|                  |               0MiB /  6185MiB    |           |                       |
+------------------+----------------------------------+-----------+-----------------------+

+-----------------------------------------------------------------------------------------+
| Processes:                                                                              |
|  GPU   GI   CI              PID   Type   Process name                        GPU Memory |
|        ID   ID                                                               Usage      |
|=========================================================================================|
|  No running processes found                                                             |
+-----------------------------------------------------------------------------------------+
Running seed 16
Gym has been unmaintained since 2022 and does not support NumPy 2.0 amongst other critical functionality.
Please upgrade to Gymnasium, the maintained drop-in replacement of Gym, or contact the authors of your software and request that they upgrade.
Users of this version of Gym should be able to simply replace 'import gym' with 'import gymnasium as gym' in the vast majority of cases.
See the migration guide at https://gymnasium.farama.org/introduction/migration_guide/ for additional information.
Seed 16 | Episode 0 | Reward -300.00 | Epsilon 0.9987
Seed 16 | Episode 1 | Reward -300.00 | Epsilon 0.9897
Seed 16 | Episode 2 | Reward -300.00 | Epsilon 0.9808
Seed 16 | Episode 3 | Reward -300.00 | Epsilon 0.9720
Seed 16 | Episode 4 | Reward -300.00 | Epsilon 0.9633
Seed 16 | Episode 5 | Reward -300.00 | Epsilon 0.9547
Seed 16 | Episode 6 | Reward -300.00 | Epsilon 0.9462
Seed 16 | Episode 7 | Reward -300.00 | Epsilon 0.9377
Seed 16 | Episode 8 | Reward -300.00 | Epsilon 0.9293
Seed 16 | Episode 9 | Reward -300.00 | Epsilon 0.9209
Seed 16 | Episode 10 | Reward -300.00 | Epsilon 0.9127
Seed 16 | Episode 11 | Reward -300.00 | Epsilon 0.9045
Seed 16 | Episode 12 | Reward -300.00 | Epsilon 0.8964
Seed 16 | Episode 13 | Reward -300.00 | Epsilon 0.8884
Seed 16 | Episode 14 | Reward -300.00 | Epsilon 0.8804
Seed 16 | Episode 15 | Reward -300.00 | Epsilon 0.8725
Seed 16 | Episode 16 | Reward -300.00 | Epsilon 0.8647
Seed 16 | Episode 17 | Reward -300.00 | Epsilon 0.8570
Seed 16 | Episode 18 | Reward -300.00 | Epsilon 0.8493
Seed 16 | Episode 19 | Reward -300.00 | Epsilon 0.8417
Seed 16 | Episode 20 | Reward -300.00 | Epsilon 0.8341
Seed 16 | Episode 21 | Reward -300.00 | Epsilon 0.8267
Seed 16 | Episode 22 | Reward -300.00 | Epsilon 0.8193
Seed 16 | Episode 23 | Reward -300.00 | Epsilon 0.8119
Seed 16 | Episode 24 | Reward -300.00 | Epsilon 0.8046
Seed 16 | Episode 25 | Reward -300.00 | Epsilon 0.7974
Seed 16 | Episode 26 | Reward -300.00 | Epsilon 0.7903
Seed 16 | Episode 27 | Reward -300.00 | Epsilon 0.7832
Seed 16 | Episode 28 | Reward -300.00 | Epsilon 0.7762
Seed 16 | Episode 29 | Reward -300.00 | Epsilon 0.7692
Seed 16 | Episode 30 | Reward -300.00 | Epsilon 0.7623
Seed 16 | Episode 31 | Reward -300.00 | Epsilon 0.7555
Seed 16 | Episode 32 | Reward -300.00 | Epsilon 0.7487
Seed 16 | Episode 33 | Reward -300.00 | Epsilon 0.7420
Seed 16 | Episode 34 | Reward -300.00 | Epsilon 0.7354
Seed 16 | Episode 35 | Reward -300.00 | Epsilon 0.7288
Seed 16 | Episode 36 | Reward -300.00 | Epsilon 0.7223
Seed 16 | Episode 37 | Reward -300.00 | Epsilon 0.7158
Seed 16 | Episode 38 | Reward -300.00 | Epsilon 0.7094
Seed 16 | Episode 39 | Reward -300.00 | Epsilon 0.7030
Seed 16 | Episode 40 | Reward -300.00 | Epsilon 0.6967
Seed 16 | Episode 41 | Reward -300.00 | Epsilon 0.6905
Seed 16 | Episode 42 | Reward -300.00 | Epsilon 0.6843
Seed 16 | Episode 43 | Reward -300.00 | Epsilon 0.6782
Seed 16 | Episode 44 | Reward -300.00 | Epsilon 0.6721
Seed 16 | Episode 45 | Reward -300.00 | Epsilon 0.6661
Seed 16 | Episode 46 | Reward -300.00 | Epsilon 0.6601
Seed 16 | Episode 47 | Reward -300.00 | Epsilon 0.6542
Seed 16 | Episode 48 | Reward -300.00 | Epsilon 0.6483
Seed 16 | Episode 49 | Reward -300.00 | Epsilon 0.6425
Seed 16 | Episode 50 | Reward -300.00 | Epsilon 0.6368
Seed 16 | Episode 51 | Reward -300.00 | Epsilon 0.6311
Seed 16 | Episode 52 | Reward -300.00 | Epsilon 0.6254
Seed 16 | Episode 53 | Reward -300.00 | Epsilon 0.6198
Seed 16 | Episode 54 | Reward -300.00 | Epsilon 0.6142
Seed 16 | Episode 55 | Reward -300.00 | Epsilon 0.6087
Seed 16 | Episode 56 | Reward -300.00 | Epsilon 0.6033
Seed 16 | Episode 57 | Reward -300.00 | Epsilon 0.5979
Seed 16 | Episode 58 | Reward -300.00 | Epsilon 0.5925
Seed 16 | Episode 59 | Reward -300.00 | Epsilon 0.5872
Seed 16 | Episode 60 | Reward -300.00 | Epsilon 0.5820
Seed 16 | Episode 61 | Reward -300.00 | Epsilon 0.5767
Seed 16 | Episode 62 | Reward -300.00 | Epsilon 0.5716
Seed 16 | Episode 63 | Reward -300.00 | Epsilon 0.5665
Seed 16 | Episode 64 | Reward -300.00 | Epsilon 0.5614
Seed 16 | Episode 65 | Reward -300.00 | Epsilon 0.5563
Seed 16 | Episode 66 | Reward -300.00 | Epsilon 0.5514
Seed 16 | Episode 67 | Reward -300.00 | Epsilon 0.5464
Seed 16 | Episode 68 | Reward -300.00 | Epsilon 0.5415
Seed 16 | Episode 69 | Reward -300.00 | Epsilon 0.5367
Seed 16 | Episode 70 | Reward -300.00 | Epsilon 0.5319
Seed 16 | Episode 71 | Reward -300.00 | Epsilon 0.5271
Seed 16 | Episode 72 | Reward -300.00 | Epsilon 0.5224
Seed 16 | Episode 73 | Reward -300.00 | Epsilon 0.5177
Seed 16 | Episode 74 | Reward -300.00 | Epsilon 0.5131
Seed 16 | Episode 75 | Reward -300.00 | Epsilon 0.5085
Seed 16 | Episode 76 | Reward -300.00 | Epsilon 0.5039
Seed 16 | Episode 77 | Reward -300.00 | Epsilon 0.4994
Seed 16 | Episode 78 | Reward -300.00 | Epsilon 0.4949
Seed 16 | Episode 79 | Reward -300.00 | Epsilon 0.4905
Seed 16 | Episode 80 | Reward -300.00 | Epsilon 0.4861
Seed 16 | Episode 81 | Reward -300.00 | Epsilon 0.4817
Seed 16 | Episode 82 | Reward -300.00 | Epsilon 0.4774
Seed 16 | Episode 83 | Reward -300.00 | Epsilon 0.4731
Seed 16 | Episode 84 | Reward -300.00 | Epsilon 0.4689
Seed 16 | Episode 85 | Reward -300.00 | Epsilon 0.4647
Seed 16 | Episode 86 | Reward -300.00 | Epsilon 0.4605
Seed 16 | Episode 87 | Reward -300.00 | Epsilon 0.4564
Seed 16 | Episode 88 | Reward -300.00 | Epsilon 0.4523
Seed 16 | Episode 89 | Reward -300.00 | Epsilon 0.4483
Seed 16 | Episode 90 | Reward -300.00 | Epsilon 0.4443
Seed 16 | Episode 91 | Reward -300.00 | Epsilon 0.4403
Seed 16 | Episode 92 | Reward -300.00 | Epsilon 0.4363
Seed 16 | Episode 93 | Reward -300.00 | Epsilon 0.4324
Seed 16 | Episode 94 | Reward -300.00 | Epsilon 0.4285
Seed 16 | Episode 95 | Reward -300.00 | Epsilon 0.4247
Seed 16 | Episode 96 | Reward -300.00 | Epsilon 0.4209
Seed 16 | Episode 97 | Reward -300.00 | Epsilon 0.4171
Seed 16 | Episode 98 | Reward -300.00 | Epsilon 0.4134
Seed 16 | Episode 99 | Reward -300.00 | Epsilon 0.4097
Seed 16 | Episode 100 | Reward -300.00 | Epsilon 0.4060
Seed 16 | Episode 101 | Reward -300.00 | Epsilon 0.4024
Seed 16 | Episode 102 | Reward -300.00 | Epsilon 0.3988
Seed 16 | Episode 103 | Reward -300.00 | Epsilon 0.3952
Seed 16 | Episode 104 | Reward -300.00 | Epsilon 0.3917
Seed 16 | Episode 105 | Reward -300.00 | Epsilon 0.3881
Seed 16 | Episode 106 | Reward -300.00 | Epsilon 0.3847
Seed 16 | Episode 107 | Reward -300.00 | Epsilon 0.3812
Seed 16 | Episode 108 | Reward -300.00 | Epsilon 0.3778
Seed 16 | Episode 109 | Reward -300.00 | Epsilon 0.3744
Seed 16 | Episode 110 | Reward -300.00 | Epsilon 0.3711
Seed 16 | Episode 111 | Reward -300.00 | Epsilon 0.3677
Seed 16 | Episode 112 | Reward -300.00 | Epsilon 0.3645
Seed 16 | Episode 113 | Reward -300.00 | Epsilon 0.3612
Seed 16 | Episode 114 | Reward -300.00 | Epsilon 0.3579
Seed 16 | Episode 115 | Reward -300.00 | Epsilon 0.3547
Seed 16 | Episode 116 | Reward -300.00 | Epsilon 0.3516
Seed 16 | Episode 117 | Reward -300.00 | Epsilon 0.3484
Seed 16 | Episode 118 | Reward -300.00 | Epsilon 0.3453
Seed 16 | Episode 119 | Reward -300.00 | Epsilon 0.3422
Seed 16 | Episode 120 | Reward -300.00 | Epsilon 0.3391
Seed 16 | Episode 121 | Reward -300.00 | Epsilon 0.3361
Seed 16 | Episode 122 | Reward -300.00 | Epsilon 0.3331
Seed 16 | Episode 123 | Reward -300.00 | Epsilon 0.3301
Seed 16 | Episode 124 | Reward -300.00 | Epsilon 0.3271
Seed 16 | Episode 125 | Reward -300.00 | Epsilon 0.3242
Seed 16 | Episode 126 | Reward -300.00 | Epsilon 0.3213
Seed 16 | Episode 127 | Reward -300.00 | Epsilon 0.3184
Seed 16 | Episode 128 | Reward -300.00 | Epsilon 0.3156
Seed 16 | Episode 129 | Reward -300.00 | Epsilon 0.3127
Seed 16 | Episode 130 | Reward -300.00 | Epsilon 0.3099
Seed 16 | Episode 131 | Reward -300.00 | Epsilon 0.3072
Seed 16 | Episode 132 | Reward -300.00 | Epsilon 0.3044
Seed 16 | Episode 133 | Reward -300.00 | Epsilon 0.3017
Seed 16 | Episode 134 | Reward -300.00 | Epsilon 0.2990
Seed 16 | Episode 135 | Reward -300.00 | Epsilon 0.2963
Seed 16 | Episode 136 | Reward -300.00 | Epsilon 0.2936
Seed 16 | Episode 137 | Reward -300.00 | Epsilon 0.2910
Seed 16 | Episode 138 | Reward -300.00 | Epsilon 0.2884
Seed 16 | Episode 139 | Reward -300.00 | Epsilon 0.2858
Seed 16 | Episode 140 | Reward -300.00 | Epsilon 0.2833
Seed 16 | Episode 141 | Reward -300.00 | Epsilon 0.2807
Seed 16 | Episode 142 | Reward -300.00 | Epsilon 0.2782
Seed 16 | Episode 143 | Reward -300.00 | Epsilon 0.2757
Seed 16 | Episode 144 | Reward -300.00 | Epsilon 0.2732
Seed 16 | Episode 145 | Reward -300.00 | Epsilon 0.2708
Seed 16 | Episode 146 | Reward -300.00 | Epsilon 0.2684
Seed 16 | Episode 147 | Reward -300.00 | Epsilon 0.2660
Seed 16 | Episode 148 | Reward -300.00 | Epsilon 0.2636
Seed 16 | Episode 149 | Reward -300.00 | Epsilon 0.2612
Seed 16 | Episode 150 | Reward -300.00 | Epsilon 0.2589
Seed 16 | Episode 151 | Reward -300.00 | Epsilon 0.2566
Seed 16 | Episode 152 | Reward -300.00 | Epsilon 0.2543
Seed 16 | Episode 153 | Reward -300.00 | Epsilon 0.2520
Seed 16 | Episode 154 | Reward -300.00 | Epsilon 0.2497
Seed 16 | Episode 155 | Reward -300.00 | Epsilon 0.2475
Seed 16 | Episode 156 | Reward -300.00 | Epsilon 0.2453
Seed 16 | Episode 157 | Reward -300.00 | Epsilon 0.2431
Seed 16 | Episode 158 | Reward -300.00 | Epsilon 0.2409
Seed 16 | Episode 159 | Reward -300.00 | Epsilon 0.2387
Seed 16 | Episode 160 | Reward -300.00 | Epsilon 0.2366
Seed 16 | Episode 161 | Reward -300.00 | Epsilon 0.2345
Seed 16 | Episode 162 | Reward -300.00 | Epsilon 0.2324
Seed 16 | Episode 163 | Reward -300.00 | Epsilon 0.2303
Seed 16 | Episode 164 | Reward -300.00 | Epsilon 0.2282
Seed 16 | Episode 165 | Reward -300.00 | Epsilon 0.2262
Seed 16 | Episode 166 | Reward -300.00 | Epsilon 0.2242
Seed 16 | Episode 167 | Reward -300.00 | Epsilon 0.2222
Seed 16 | Episode 168 | Reward -300.00 | Epsilon 0.2202
Seed 16 | Episode 169 | Reward -300.00 | Epsilon 0.2182
Seed 16 | Episode 170 | Reward -300.00 | Epsilon 0.2162
Seed 16 | Episode 171 | Reward -300.00 | Epsilon 0.2143
Seed 16 | Episode 172 | Reward -300.00 | Epsilon 0.2124
Seed 16 | Episode 173 | Reward -300.00 | Epsilon 0.2105
Seed 16 | Episode 174 | Reward -300.00 | Epsilon 0.2086
Seed 16 | Episode 175 | Reward -300.00 | Epsilon 0.2067
Seed 16 | Episode 176 | Reward -300.00 | Epsilon 0.2049
Seed 16 | Episode 177 | Reward -300.00 | Epsilon 0.2030
Seed 16 | Episode 178 | Reward -300.00 | Epsilon 0.2012
Seed 16 | Episode 179 | Reward -300.00 | Epsilon 0.1994
Seed 16 | Episode 180 | Reward -300.00 | Epsilon 0.1976
Seed 16 | Episode 181 | Reward -300.00 | Epsilon 0.1959
Seed 16 | Episode 182 | Reward -300.00 | Epsilon 0.1941
Seed 16 | Episode 183 | Reward -300.00 | Epsilon 0.1924
Seed 16 | Episode 184 | Reward -300.00 | Epsilon 0.1906
Seed 16 | Episode 185 | Reward -300.00 | Epsilon 0.1889
Seed 16 | Episode 186 | Reward -300.00 | Epsilon 0.1872
Seed 16 | Episode 187 | Reward -300.00 | Epsilon 0.1856
Seed 16 | Episode 188 | Reward -300.00 | Epsilon 0.1839
Seed 16 | Episode 189 | Reward -300.00 | Epsilon 0.1823
Seed 16 | Episode 190 | Reward -300.00 | Epsilon 0.1806
Seed 16 | Episode 191 | Reward -300.00 | Epsilon 0.1790
Seed 16 | Episode 192 | Reward -300.00 | Epsilon 0.1774
Seed 16 | Episode 193 | Reward -300.00 | Epsilon 0.1758
Seed 16 | Episode 194 | Reward -300.00 | Epsilon 0.1742
Seed 16 | Episode 195 | Reward -300.00 | Epsilon 0.1727
Seed 16 | Episode 196 | Reward -300.00 | Epsilon 0.1711
Seed 16 | Episode 197 | Reward -300.00 | Epsilon 0.1696
Seed 16 | Episode 198 | Reward -300.00 | Epsilon 0.1681
Seed 16 | Episode 199 | Reward -300.00 | Epsilon 0.1666
Seed 16 | Episode 200 | Reward -300.00 | Epsilon 0.1651
Seed 16 | Episode 201 | Reward -300.00 | Epsilon 0.1636
Seed 16 | Episode 202 | Reward -300.00 | Epsilon 0.1621
Seed 16 | Episode 203 | Reward -300.00 | Epsilon 0.1607
Seed 16 | Episode 204 | Reward -300.00 | Epsilon 0.1592
Seed 16 | Episode 205 | Reward -300.00 | Epsilon 0.1578
Seed 16 | Episode 206 | Reward -300.00 | Epsilon 0.1564
Seed 16 | Episode 207 | Reward -300.00 | Epsilon 0.1550
Seed 16 | Episode 208 | Reward -300.00 | Epsilon 0.1536
Seed 16 | Episode 209 | Reward -300.00 | Epsilon 0.1522
Seed 16 | Episode 210 | Reward -300.00 | Epsilon 0.1509
Seed 16 | Episode 211 | Reward -300.00 | Epsilon 0.1495
Seed 16 | Episode 212 | Reward -300.00 | Epsilon 0.1482
Seed 16 | Episode 213 | Reward -300.00 | Epsilon 0.1468
Seed 16 | Episode 214 | Reward -300.00 | Epsilon 0.1455
Seed 16 | Episode 215 | Reward -300.00 | Epsilon 0.1442
Seed 16 | Episode 216 | Reward -300.00 | Epsilon 0.1429
Seed 16 | Episode 217 | Reward -300.00 | Epsilon 0.1417
Seed 16 | Episode 218 | Reward -300.00 | Epsilon 0.1404
Seed 16 | Episode 219 | Reward -300.00 | Epsilon 0.1391
Seed 16 | Episode 220 | Reward -300.00 | Epsilon 0.1379
Seed 16 | Episode 221 | Reward -300.00 | Epsilon 0.1366
Seed 16 | Episode 222 | Reward -300.00 | Epsilon 0.1354
Seed 16 | Episode 223 | Reward -300.00 | Epsilon 0.1342
Seed 16 | Episode 224 | Reward -300.00 | Epsilon 0.1330
Seed 16 | Episode 225 | Reward -300.00 | Epsilon 0.1318
Seed 16 | Episode 226 | Reward -300.00 | Epsilon 0.1306
Seed 16 | Episode 227 | Reward -300.00 | Epsilon 0.1295
Seed 16 | Episode 228 | Reward -300.00 | Epsilon 0.1283
Seed 16 | Episode 229 | Reward -300.00 | Epsilon 0.1272
Seed 16 | Episode 230 | Reward -300.00 | Epsilon 0.1260
Seed 16 | Episode 231 | Reward -300.00 | Epsilon 0.1249
Seed 16 | Episode 232 | Reward -300.00 | Epsilon 0.1238
Seed 16 | Episode 233 | Reward -300.00 | Epsilon 0.1227
Seed 16 | Episode 234 | Reward -300.00 | Epsilon 0.1216
Seed 16 | Episode 235 | Reward -300.00 | Epsilon 0.1205
Seed 16 | Episode 236 | Reward -300.00 | Epsilon 0.1194
Seed 16 | Episode 237 | Reward -300.00 | Epsilon 0.1183
Seed 16 | Episode 238 | Reward -300.00 | Epsilon 0.1173
Seed 16 | Episode 239 | Reward -300.00 | Epsilon 0.1162
Seed 16 | Episode 240 | Reward -300.00 | Epsilon 0.1152
Seed 16 | Episode 241 | Reward -300.00 | Epsilon 0.1141
Seed 16 | Episode 242 | Reward -300.00 | Epsilon 0.1131
Seed 16 | Episode 243 | Reward -300.00 | Epsilon 0.1121
Seed 16 | Episode 244 | Reward -300.00 | Epsilon 0.1111
Seed 16 | Episode 245 | Reward -300.00 | Epsilon 0.1101
Seed 16 | Episode 246 | Reward -300.00 | Epsilon 0.1091
Seed 16 | Episode 247 | Reward -300.00 | Epsilon 0.1081
Seed 16 | Episode 248 | Reward -300.00 | Epsilon 0.1072
Seed 16 | Episode 249 | Reward -300.00 | Epsilon 0.1062
Seed 16 | Episode 250 | Reward -300.00 | Epsilon 0.1053
Seed 16 | Episode 251 | Reward -300.00 | Epsilon 0.1043
Seed 16 | Episode 252 | Reward -300.00 | Epsilon 0.1034
Seed 16 | Episode 253 | Reward -300.00 | Epsilon 0.1024
Seed 16 | Episode 254 | Reward -132.00 | Epsilon 0.1017
Seed 16 | Episode 255 | Reward -300.00 | Epsilon 0.1008
Seed 16 | Episode 256 | Reward -300.00 | Epsilon 0.0999
Seed 16 | Episode 257 | Reward -300.00 | Epsilon 0.0990
Seed 16 | Episode 258 | Reward -300.00 | Epsilon 0.0981
Seed 16 | Episode 259 | Reward -300.00 | Epsilon 0.0973
Seed 16 | Episode 260 | Reward -300.00 | Epsilon 0.0964
Seed 16 | Episode 261 | Reward -300.00 | Epsilon 0.0955
Seed 16 | Episode 262 | Reward -300.00 | Epsilon 0.0947
Seed 16 | Episode 263 | Reward -300.00 | Epsilon 0.0938
Seed 16 | Episode 264 | Reward -300.00 | Epsilon 0.0930
Seed 16 | Episode 265 | Reward -300.00 | Epsilon 0.0921
Seed 16 | Episode 266 | Reward -300.00 | Epsilon 0.0913
Seed 16 | Episode 267 | Reward -300.00 | Epsilon 0.0905
Seed 16 | Episode 268 | Reward -300.00 | Epsilon 0.0897
Seed 16 | Episode 269 | Reward -300.00 | Epsilon 0.0889
Seed 16 | Episode 270 | Reward -300.00 | Epsilon 0.0881
Seed 16 | Episode 271 | Reward -300.00 | Epsilon 0.0873
Seed 16 | Episode 272 | Reward -300.00 | Epsilon 0.0865
Seed 16 | Episode 273 | Reward -300.00 | Epsilon 0.0857
Seed 16 | Episode 274 | Reward -300.00 | Epsilon 0.0850
Seed 16 | Episode 275 | Reward -300.00 | Epsilon 0.0842
Seed 16 | Episode 276 | Reward -300.00 | Epsilon 0.0835
Seed 16 | Episode 277 | Reward -300.00 | Epsilon 0.0827
Seed 16 | Episode 278 | Reward -300.00 | Epsilon 0.0820
Seed 16 | Episode 279 | Reward -300.00 | Epsilon 0.0812
Seed 16 | Episode 280 | Reward -300.00 | Epsilon 0.0805
Seed 16 | Episode 281 | Reward -300.00 | Epsilon 0.0798
Seed 16 | Episode 282 | Reward -300.00 | Epsilon 0.0791
Seed 16 | Episode 283 | Reward -300.00 | Epsilon 0.0784
Seed 16 | Episode 284 | Reward -300.00 | Epsilon 0.0777
Seed 16 | Episode 285 | Reward -300.00 | Epsilon 0.0770
Seed 16 | Episode 286 | Reward -300.00 | Epsilon 0.0763
Seed 16 | Episode 287 | Reward -300.00 | Epsilon 0.0756
Seed 16 | Episode 288 | Reward -300.00 | Epsilon 0.0749
Seed 16 | Episode 289 | Reward -300.00 | Epsilon 0.0742
Seed 16 | Episode 290 | Reward -300.00 | Epsilon 0.0736
Seed 16 | Episode 291 | Reward -300.00 | Epsilon 0.0729
Seed 16 | Episode 292 | Reward -300.00 | Epsilon 0.0723
Seed 16 | Episode 293 | Reward -300.00 | Epsilon 0.0716
Seed 16 | Episode 294 | Reward -300.00 | Epsilon 0.0710
Seed 16 | Episode 295 | Reward -300.00 | Epsilon 0.0703
Seed 16 | Episode 296 | Reward -300.00 | Epsilon 0.0697
Seed 16 | Episode 297 | Reward -300.00 | Epsilon 0.0691
Seed 16 | Episode 298 | Reward -300.00 | Epsilon 0.0685
Seed 16 | Episode 299 | Reward -300.00 | Epsilon 0.0679
Seed 16 | Episode 300 | Reward -300.00 | Epsilon 0.0672
Seed 16 | Episode 301 | Reward -300.00 | Epsilon 0.0666
Seed 16 | Episode 302 | Reward -300.00 | Epsilon 0.0660
Seed 16 | Episode 303 | Reward -300.00 | Epsilon 0.0655
Seed 16 | Episode 304 | Reward -300.00 | Epsilon 0.0649
Seed 16 | Episode 305 | Reward -300.00 | Epsilon 0.0643
Seed 16 | Episode 306 | Reward -300.00 | Epsilon 0.0637
Seed 16 | Episode 307 | Reward -300.00 | Epsilon 0.0631
Seed 16 | Episode 308 | Reward -300.00 | Epsilon 0.0626
Seed 16 | Episode 309 | Reward -300.00 | Epsilon 0.0620
Seed 16 | Episode 310 | Reward -300.00 | Epsilon 0.0615
Seed 16 | Episode 311 | Reward -300.00 | Epsilon 0.0609
Seed 16 | Episode 312 | Reward -300.00 | Epsilon 0.0604
Seed 16 | Episode 313 | Reward -300.00 | Epsilon 0.0598
Seed 16 | Episode 314 | Reward -300.00 | Epsilon 0.0593
Seed 16 | Episode 315 | Reward -300.00 | Epsilon 0.0588
Seed 16 | Episode 316 | Reward -300.00 | Epsilon 0.0582
Seed 16 | Episode 317 | Reward -300.00 | Epsilon 0.0577
Seed 16 | Episode 318 | Reward -300.00 | Epsilon 0.0572
Seed 16 | Episode 319 | Reward -300.00 | Epsilon 0.0567
Seed 16 | Episode 320 | Reward -300.00 | Epsilon 0.0562
Seed 16 | Episode 321 | Reward -300.00 | Epsilon 0.0557
Seed 16 | Episode 322 | Reward -300.00 | Epsilon 0.0552
Seed 16 | Episode 323 | Reward -300.00 | Epsilon 0.0547
Seed 16 | Episode 324 | Reward -300.00 | Epsilon 0.0542
Seed 16 | Episode 325 | Reward -300.00 | Epsilon 0.0537
Seed 16 | Episode 326 | Reward -300.00 | Epsilon 0.0532
Seed 16 | Episode 327 | Reward -300.00 | Epsilon 0.0527
Seed 16 | Episode 328 | Reward -300.00 | Epsilon 0.0523
Seed 16 | Episode 329 | Reward -300.00 | Epsilon 0.0518
Seed 16 | Episode 330 | Reward -300.00 | Epsilon 0.0513
Seed 16 | Episode 331 | Reward -300.00 | Epsilon 0.0509
Seed 16 | Episode 332 | Reward -300.00 | Epsilon 0.0504
Seed 16 | Episode 333 | Reward -300.00 | Epsilon 0.0500
Seed 16 | Episode 334 | Reward -300.00 | Epsilon 0.0495
Seed 16 | Episode 335 | Reward -300.00 | Epsilon 0.0491
Seed 16 | Episode 336 | Reward -300.00 | Epsilon 0.0486
Seed 16 | Episode 337 | Reward -300.00 | Epsilon 0.0482
Seed 16 | Episode 338 | Reward -300.00 | Epsilon 0.0478
Seed 16 | Episode 339 | Reward -300.00 | Epsilon 0.0473
Seed 16 | Episode 340 | Reward -300.00 | Epsilon 0.0469
Seed 16 | Episode 341 | Reward -300.00 | Epsilon 0.0465
Seed 16 | Episode 342 | Reward -300.00 | Epsilon 0.0461
Seed 16 | Episode 343 | Reward -300.00 | Epsilon 0.0457
Seed 16 | Episode 344 | Reward -300.00 | Epsilon 0.0453
Seed 16 | Episode 345 | Reward -300.00 | Epsilon 0.0449
Seed 16 | Episode 346 | Reward -300.00 | Epsilon 0.0445
Seed 16 | Episode 347 | Reward -300.00 | Epsilon 0.0441
Seed 16 | Episode 348 | Reward -300.00 | Epsilon 0.0437
Seed 16 | Episode 349 | Reward -300.00 | Epsilon 0.0433
Seed 16 | Episode 350 | Reward -300.00 | Epsilon 0.0429
Seed 16 | Episode 351 | Reward -300.00 | Epsilon 0.0425
Seed 16 | Episode 352 | Reward -300.00 | Epsilon 0.0421
Seed 16 | Episode 353 | Reward -300.00 | Epsilon 0.0417
Seed 16 | Episode 354 | Reward -300.00 | Epsilon 0.0414
Seed 16 | Episode 355 | Reward -300.00 | Epsilon 0.0410
Seed 16 | Episode 356 | Reward -300.00 | Epsilon 0.0406
Seed 16 | Episode 357 | Reward -300.00 | Epsilon 0.0403
Seed 16 | Episode 358 | Reward -300.00 | Epsilon 0.0399
Seed 16 | Episode 359 | Reward -300.00 | Epsilon 0.0395
Seed 16 | Episode 360 | Reward -300.00 | Epsilon 0.0392
Seed 16 | Episode 361 | Reward -300.00 | Epsilon 0.0388
Seed 16 | Episode 362 | Reward -300.00 | Epsilon 0.0385
Seed 16 | Episode 363 | Reward -300.00 | Epsilon 0.0381
Seed 16 | Episode 364 | Reward -300.00 | Epsilon 0.0378
Seed 16 | Episode 365 | Reward -300.00 | Epsilon 0.0375
Seed 16 | Episode 366 | Reward -300.00 | Epsilon 0.0371
Seed 16 | Episode 367 | Reward -300.00 | Epsilon 0.0368
Seed 16 | Episode 368 | Reward -300.00 | Epsilon 0.0365
Seed 16 | Episode 369 | Reward -300.00 | Epsilon 0.0361
Seed 16 | Episode 370 | Reward -300.00 | Epsilon 0.0358
Seed 16 | Episode 371 | Reward 48.00 | Epsilon 0.0358
Seed 16 | Episode 372 | Reward -300.00 | Epsilon 0.0354
Seed 16 | Episode 373 | Reward -300.00 | Epsilon 0.0351
Seed 16 | Episode 374 | Reward -300.00 | Epsilon 0.0348
Seed 16 | Episode 375 | Reward -300.00 | Epsilon 0.0345
Seed 16 | Episode 376 | Reward -300.00 | Epsilon 0.0342
Seed 16 | Episode 377 | Reward -300.00 | Epsilon 0.0339
Seed 16 | Episode 378 | Reward -300.00 | Epsilon 0.0336
Seed 16 | Episode 379 | Reward -300.00 | Epsilon 0.0333
Seed 16 | Episode 380 | Reward -300.00 | Epsilon 0.0330
Seed 16 | Episode 381 | Reward -300.00 | Epsilon 0.0327
Seed 16 | Episode 382 | Reward -300.00 | Epsilon 0.0324
Seed 16 | Episode 383 | Reward -300.00 | Epsilon 0.0321
Seed 16 | Episode 384 | Reward -300.00 | Epsilon 0.0318
Seed 16 | Episode 385 | Reward -300.00 | Epsilon 0.0315
Seed 16 | Episode 386 | Reward -300.00 | Epsilon 0.0312
Seed 16 | Episode 387 | Reward -300.00 | Epsilon 0.0310
Seed 16 | Episode 388 | Reward -300.00 | Epsilon 0.0307
Seed 16 | Episode 389 | Reward -300.00 | Epsilon 0.0304
Seed 16 | Episode 390 | Reward -300.00 | Epsilon 0.0301
Seed 16 | Episode 391 | Reward -300.00 | Epsilon 0.0299
Seed 16 | Episode 392 | Reward -300.00 | Epsilon 0.0296
Seed 16 | Episode 393 | Reward -300.00 | Epsilon 0.0293
Seed 16 | Episode 394 | Reward -300.00 | Epsilon 0.0291
Seed 16 | Episode 395 | Reward -300.00 | Epsilon 0.0288
Seed 16 | Episode 396 | Reward -300.00 | Epsilon 0.0286
Seed 16 | Episode 397 | Reward -300.00 | Epsilon 0.0283
Seed 16 | Episode 398 | Reward -300.00 | Epsilon 0.0280
Seed 16 | Episode 399 | Reward -300.00 | Epsilon 0.0278
Seed 16 | Episode 400 | Reward -300.00 | Epsilon 0.0275
Seed 16 | Episode 401 | Reward -300.00 | Epsilon 0.0273
Seed 16 | Episode 402 | Reward -300.00 | Epsilon 0.0271
Seed 16 | Episode 403 | Reward -300.00 | Epsilon 0.0268
Seed 16 | Episode 404 | Reward -300.00 | Epsilon 0.0266
Seed 16 | Episode 405 | Reward -300.00 | Epsilon 0.0263
Seed 16 | Episode 406 | Reward -300.00 | Epsilon 0.0261
Seed 16 | Episode 407 | Reward -300.00 | Epsilon 0.0259
Seed 16 | Episode 408 | Reward -300.00 | Epsilon 0.0256
Seed 16 | Episode 409 | Reward -300.00 | Epsilon 0.0254
Seed 16 | Episode 410 | Reward -300.00 | Epsilon 0.0252
Seed 16 | Episode 411 | Reward -300.00 | Epsilon 0.0249
Seed 16 | Episode 412 | Reward -300.00 | Epsilon 0.0247
Seed 16 | Episode 413 | Reward -300.00 | Epsilon 0.0245
Seed 16 | Episode 414 | Reward -300.00 | Epsilon 0.0243
Seed 16 | Episode 415 | Reward -300.00 | Epsilon 0.0241
Seed 16 | Episode 416 | Reward -300.00 | Epsilon 0.0238
Seed 16 | Episode 417 | Reward -300.00 | Epsilon 0.0236
Seed 16 | Episode 418 | Reward -300.00 | Epsilon 0.0234
Seed 16 | Episode 419 | Reward -300.00 | Epsilon 0.0232
Seed 16 | Episode 420 | Reward -300.00 | Epsilon 0.0230
Seed 16 | Episode 421 | Reward -300.00 | Epsilon 0.0228
Seed 16 | Episode 422 | Reward -300.00 | Epsilon 0.0226
Seed 16 | Episode 423 | Reward -300.00 | Epsilon 0.0224
Seed 16 | Episode 424 | Reward -300.00 | Epsilon 0.0222
Seed 16 | Episode 425 | Reward -300.00 | Epsilon 0.0220
Seed 16 | Episode 426 | Reward -300.00 | Epsilon 0.0218
Seed 16 | Episode 427 | Reward -300.00 | Epsilon 0.0216
Seed 16 | Episode 428 | Reward -300.00 | Epsilon 0.0214
Seed 16 | Episode 429 | Reward -30.00 | Epsilon 0.0213
Seed 16 | Episode 430 | Reward -300.00 | Epsilon 0.0211
Seed 16 | Episode 431 | Reward -300.00 | Epsilon 0.0209
Seed 16 | Episode 432 | Reward -300.00 | Epsilon 0.0208
Seed 16 | Episode 433 | Reward -300.00 | Epsilon 0.0206
Seed 16 | Episode 434 | Reward -3.00 | Epsilon 0.0205
Seed 16 | Episode 435 | Reward -300.00 | Epsilon 0.0203
Seed 16 | Episode 436 | Reward -300.00 | Epsilon 0.0201
Seed 16 | Episode 437 | Reward -300.00 | Epsilon 0.0200
Seed 16 | Episode 438 | Reward -300.00 | Epsilon 0.0198
Seed 16 | Episode 439 | Reward -28.00 | Epsilon 0.0197
Seed 16 | Episode 440 | Reward -300.00 | Epsilon 0.0195
Seed 16 | Episode 441 | Reward -300.00 | Epsilon 0.0194
Seed 16 | Episode 442 | Reward -300.00 | Epsilon 0.0192
Seed 16 | Episode 443 | Reward -300.00 | Epsilon 0.0190
Seed 16 | Episode 444 | Reward -300.00 | Epsilon 0.0188
Seed 16 | Episode 445 | Reward -300.00 | Epsilon 0.0187
Seed 16 | Episode 446 | Reward -300.00 | Epsilon 0.0185
Seed 16 | Episode 447 | Reward -300.00 | Epsilon 0.0183
Seed 16 | Episode 448 | Reward -300.00 | Epsilon 0.0182
Seed 16 | Episode 449 | Reward -300.00 | Epsilon 0.0180
Seed 16 | Episode 450 | Reward -300.00 | Epsilon 0.0178
Seed 16 | Episode 451 | Reward -300.00 | Epsilon 0.0177
Seed 16 | Episode 452 | Reward -300.00 | Epsilon 0.0175
Seed 16 | Episode 453 | Reward -300.00 | Epsilon 0.0174
Seed 16 | Episode 454 | Reward -300.00 | Epsilon 0.0172
Seed 16 | Episode 455 | Reward -300.00 | Epsilon 0.0171
Seed 16 | Episode 456 | Reward -300.00 | Epsilon 0.0169
Seed 16 | Episode 457 | Reward -300.00 | Epsilon 0.0168
Seed 16 | Episode 458 | Reward -300.00 | Epsilon 0.0166
Seed 16 | Episode 459 | Reward -300.00 | Epsilon 0.0165
Seed 16 | Episode 460 | Reward -300.00 | Epsilon 0.0163
Seed 16 | Episode 461 | Reward -300.00 | Epsilon 0.0162
Seed 16 | Episode 462 | Reward 54.00 | Epsilon 0.0161
Seed 16 | Episode 463 | Reward -8.00 | Epsilon 0.0161
Seed 16 | Episode 464 | Reward -300.00 | Epsilon 0.0159
Seed 16 | Episode 465 | Reward -300.00 | Epsilon 0.0158
Seed 16 | Episode 466 | Reward -168.00 | Epsilon 0.0157
Seed 16 | Episode 467 | Reward -300.00 | Epsilon 0.0155
Seed 16 | Episode 468 | Reward -300.00 | Epsilon 0.0154
Seed 16 | Episode 469 | Reward -300.00 | Epsilon 0.0153
Seed 16 | Episode 470 | Reward -300.00 | Epsilon 0.0151
Seed 16 | Episode 471 | Reward -300.00 | Epsilon 0.0150
Seed 16 | Episode 472 | Reward -300.00 | Epsilon 0.0149
Seed 16 | Episode 473 | Reward -300.00 | Epsilon 0.0147
Seed 16 | Episode 474 | Reward -300.00 | Epsilon 0.0146
Seed 16 | Episode 475 | Reward -300.00 | Epsilon 0.0145
Seed 16 | Episode 476 | Reward -300.00 | Epsilon 0.0143
Seed 16 | Episode 477 | Reward -300.00 | Epsilon 0.0142
Seed 16 | Episode 478 | Reward -300.00 | Epsilon 0.0141
Seed 16 | Episode 479 | Reward -300.00 | Epsilon 0.0139
Seed 16 | Episode 480 | Reward -300.00 | Epsilon 0.0138
Seed 16 | Episode 481 | Reward -300.00 | Epsilon 0.0137
Seed 16 | Episode 482 | Reward -300.00 | Epsilon 0.0136
Seed 16 | Episode 483 | Reward -300.00 | Epsilon 0.0135
Seed 16 | Episode 484 | Reward -300.00 | Epsilon 0.0133
Seed 16 | Episode 485 | Reward -300.00 | Epsilon 0.0132
Seed 16 | Episode 486 | Reward -300.00 | Epsilon 0.0131
Seed 16 | Episode 487 | Reward -300.00 | Epsilon 0.0130
Seed 16 | Episode 488 | Reward -300.00 | Epsilon 0.0129
Seed 16 | Episode 489 | Reward -300.00 | Epsilon 0.0127
Seed 16 | Episode 490 | Reward -300.00 | Epsilon 0.0126
Seed 16 | Episode 491 | Reward -300.00 | Epsilon 0.0125
Seed 16 | Episode 492 | Reward -300.00 | Epsilon 0.0124
Seed 16 | Episode 493 | Reward -300.00 | Epsilon 0.0123
Seed 16 | Episode 494 | Reward -300.00 | Epsilon 0.0122
Seed 16 | Episode 495 | Reward -300.00 | Epsilon 0.0121
Seed 16 | Episode 496 | Reward -300.00 | Epsilon 0.0120
Seed 16 | Episode 497 | Reward -300.00 | Epsilon 0.0119
Seed 16 | Episode 498 | Reward -300.00 | Epsilon 0.0118
Seed 16 | Episode 499 | Reward -300.00 | Epsilon 0.0116
Seed 16 | Episode 500 | Reward -300.00 | Epsilon 0.0115
Seed 16 | Episode 501 | Reward -300.00 | Epsilon 0.0114
Seed 16 | Episode 502 | Reward -300.00 | Epsilon 0.0113
Seed 16 | Episode 503 | Reward -300.00 | Epsilon 0.0112
Seed 16 | Episode 504 | Reward -300.00 | Epsilon 0.0111
Seed 16 | Episode 505 | Reward -300.00 | Epsilon 0.0110
Seed 16 | Episode 506 | Reward -300.00 | Epsilon 0.0109
Seed 16 | Episode 507 | Reward -300.00 | Epsilon 0.0108
Seed 16 | Episode 508 | Reward -300.00 | Epsilon 0.0107
Seed 16 | Episode 509 | Reward -300.00 | Epsilon 0.0106
Seed 16 | Episode 510 | Reward -300.00 | Epsilon 0.0105
Seed 16 | Episode 511 | Reward -300.00 | Epsilon 0.0105
Seed 16 | Episode 512 | Reward -300.00 | Epsilon 0.0104
Seed 16 | Episode 513 | Reward -300.00 | Epsilon 0.0103
Seed 16 | Episode 514 | Reward -300.00 | Epsilon 0.0102
Seed 16 | Episode 515 | Reward -300.00 | Epsilon 0.0101
Seed 16 | Episode 516 | Reward -300.00 | Epsilon 0.0100
Seed 16 | Episode 517 | Reward -300.00 | Epsilon 0.0100
Seed 16 | Episode 518 | Reward -300.00 | Epsilon 0.0100
Seed 16 | Episode 519 | Reward -300.00 | Epsilon 0.0100
Seed 16 | Episode 520 | Reward -300.00 | Epsilon 0.0100
Seed 16 | Episode 521 | Reward -300.00 | Epsilon 0.0100
Seed 16 | Episode 522 | Reward -300.00 | Epsilon 0.0100
Seed 16 | Episode 523 | Reward -300.00 | Epsilon 0.0100
Seed 16 | Episode 524 | Reward -300.00 | Epsilon 0.0100
Seed 16 | Episode 525 | Reward -300.00 | Epsilon 0.0100
Seed 16 | Episode 526 | Reward -300.00 | Epsilon 0.0100
Seed 16 | Episode 527 | Reward -300.00 | Epsilon 0.0100
Seed 16 | Episode 528 | Reward -300.00 | Epsilon 0.0100
Seed 16 | Episode 529 | Reward -300.00 | Epsilon 0.0100
Seed 16 | Episode 530 | Reward -300.00 | Epsilon 0.0100
Seed 16 | Episode 531 | Reward -300.00 | Epsilon 0.0100
Seed 16 | Episode 532 | Reward -300.00 | Epsilon 0.0100
Seed 16 | Episode 533 | Reward -300.00 | Epsilon 0.0100
Seed 16 | Episode 534 | Reward -300.00 | Epsilon 0.0100
Seed 16 | Episode 535 | Reward -26.00 | Epsilon 0.0100
Seed 16 | Episode 536 | Reward -300.00 | Epsilon 0.0100
Seed 16 | Episode 537 | Reward -300.00 | Epsilon 0.0100
Seed 16 | Episode 538 | Reward -300.00 | Epsilon 0.0100
Seed 16 | Episode 539 | Reward -300.00 | Epsilon 0.0100
Seed 16 | Episode 540 | Reward -300.00 | Epsilon 0.0100
Seed 16 | Episode 541 | Reward -300.00 | Epsilon 0.0100
Seed 16 | Episode 542 | Reward -300.00 | Epsilon 0.0100
Seed 16 | Episode 543 | Reward -300.00 | Epsilon 0.0100
Seed 16 | Episode 544 | Reward -300.00 | Epsilon 0.0100
Seed 16 | Episode 545 | Reward -300.00 | Epsilon 0.0100
Seed 16 | Episode 546 | Reward -300.00 | Epsilon 0.0100
Seed 16 | Episode 547 | Reward -300.00 | Epsilon 0.0100
Seed 16 | Episode 548 | Reward -300.00 | Epsilon 0.0100
Seed 16 | Episode 549 | Reward -300.00 | Epsilon 0.0100
Seed 16 | Episode 550 | Reward 54.00 | Epsilon 0.0100
Seed 16 | Episode 551 | Reward -300.00 | Epsilon 0.0100
Seed 16 | Episode 552 | Reward -300.00 | Epsilon 0.0100
Seed 16 | Episode 553 | Reward -190.00 | Epsilon 0.0100
Seed 16 | Episode 554 | Reward -300.00 | Epsilon 0.0100
Seed 16 | Episode 555 | Reward -300.00 | Epsilon 0.0100
Seed 16 | Episode 556 | Reward -91.00 | Epsilon 0.0100
Seed 16 | Episode 557 | Reward -179.00 | Epsilon 0.0100
Seed 16 | Episode 558 | Reward -300.00 | Epsilon 0.0100
Seed 16 | Episode 559 | Reward -300.00 | Epsilon 0.0100
Seed 16 | Episode 560 | Reward -300.00 | Epsilon 0.0100
Seed 16 | Episode 561 | Reward 49.00 | Epsilon 0.0100
Seed 16 | Episode 562 | Reward -300.00 | Epsilon 0.0100
Seed 16 | Episode 563 | Reward -300.00 | Epsilon 0.0100
Seed 16 | Episode 564 | Reward 52.00 | Epsilon 0.0100
Seed 16 | Episode 565 | Reward -300.00 | Epsilon 0.0100
Seed 16 | Episode 566 | Reward -300.00 | Epsilon 0.0100
Seed 16 | Episode 567 | Reward -300.00 | Epsilon 0.0100
Seed 16 | Episode 568 | Reward -300.00 | Epsilon 0.0100
Seed 16 | Episode 569 | Reward -300.00 | Epsilon 0.0100
Seed 16 | Episode 570 | Reward -300.00 | Epsilon 0.0100
Seed 16 | Episode 571 | Reward -300.00 | Epsilon 0.0100
Seed 16 | Episode 572 | Reward -300.00 | Epsilon 0.0100
Seed 16 | Episode 573 | Reward -300.00 | Epsilon 0.0100
Seed 16 | Episode 574 | Reward -300.00 | Epsilon 0.0100
Seed 16 | Episode 575 | Reward -300.00 | Epsilon 0.0100
Seed 16 | Episode 576 | Reward -300.00 | Epsilon 0.0100
Seed 16 | Episode 577 | Reward -300.00 | Epsilon 0.0100
Seed 16 | Episode 578 | Reward -300.00 | Epsilon 0.0100
Seed 16 | Episode 579 | Reward -300.00 | Epsilon 0.0100
Seed 16 | Episode 580 | Reward -300.00 | Epsilon 0.0100
Seed 16 | Episode 581 | Reward -300.00 | Epsilon 0.0100
Seed 16 | Episode 582 | Reward -300.00 | Epsilon 0.0100
Seed 16 | Episode 583 | Reward -300.00 | Epsilon 0.0100
Seed 16 | Episode 584 | Reward -300.00 | Epsilon 0.0100
Seed 16 | Episode 585 | Reward -300.00 | Epsilon 0.0100
Seed 16 | Episode 586 | Reward -300.00 | Epsilon 0.0100
Seed 16 | Episode 587 | Reward -300.00 | Epsilon 0.0100
Seed 16 | Episode 588 | Reward -300.00 | Epsilon 0.0100
Seed 16 | Episode 589 | Reward -300.00 | Epsilon 0.0100
Seed 16 | Episode 590 | Reward -300.00 | Epsilon 0.0100
Seed 16 | Episode 591 | Reward -116.00 | Epsilon 0.0100
Seed 16 | Episode 592 | Reward -300.00 | Epsilon 0.0100
Seed 16 | Episode 593 | Reward -45.00 | Epsilon 0.0100
Seed 16 | Episode 594 | Reward -74.00 | Epsilon 0.0100
Seed 16 | Episode 595 | Reward 50.00 | Epsilon 0.0100
Seed 16 | Episode 596 | Reward -41.00 | Epsilon 0.0100
Seed 16 | Episode 597 | Reward -13.00 | Epsilon 0.0100
Seed 16 | Episode 598 | Reward -300.00 | Epsilon 0.0100
Seed 16 | Episode 599 | Reward 43.00 | Epsilon 0.0100
Seed 16 | Episode 600 | Reward 41.00 | Epsilon 0.0100
Seed 16 | Episode 601 | Reward -300.00 | Epsilon 0.0100
Seed 16 | Episode 602 | Reward -109.00 | Epsilon 0.0100
Seed 16 | Episode 603 | Reward 52.00 | Epsilon 0.0100
Seed 16 | Episode 604 | Reward -300.00 | Epsilon 0.0100
Seed 16 | Episode 605 | Reward -300.00 | Epsilon 0.0100
Seed 16 | Episode 606 | Reward -300.00 | Epsilon 0.0100
Seed 16 | Episode 607 | Reward -300.00 | Epsilon 0.0100
Seed 16 | Episode 608 | Reward -38.00 | Epsilon 0.0100
Seed 16 | Episode 609 | Reward -23.00 | Epsilon 0.0100
Seed 16 | Episode 610 | Reward -300.00 | Epsilon 0.0100
Seed 16 | Episode 611 | Reward -24.00 | Epsilon 0.0100
Seed 16 | Episode 612 | Reward -43.00 | Epsilon 0.0100
Seed 16 | Episode 613 | Reward -300.00 | Epsilon 0.0100
Seed 16 | Episode 614 | Reward -300.00 | Epsilon 0.0100
Seed 16 | Episode 615 | Reward -300.00 | Epsilon 0.0100
Seed 16 | Episode 616 | Reward -300.00 | Epsilon 0.0100
Seed 16 | Episode 617 | Reward 16.00 | Epsilon 0.0100
Seed 16 | Episode 618 | Reward -300.00 | Epsilon 0.0100
Seed 16 | Episode 619 | Reward 54.00 | Epsilon 0.0100
Seed 16 | Episode 620 | Reward -18.00 | Epsilon 0.0100
Seed 16 | Episode 621 | Reward -182.00 | Epsilon 0.0100
Seed 16 | Episode 622 | Reward -300.00 | Epsilon 0.0100
Seed 16 | Episode 623 | Reward -300.00 | Epsilon 0.0100
Seed 16 | Episode 624 | Reward -300.00 | Epsilon 0.0100
Seed 16 | Episode 625 | Reward -300.00 | Epsilon 0.0100
Seed 16 | Episode 626 | Reward -300.00 | Epsilon 0.0100
Seed 16 | Episode 627 | Reward -300.00 | Epsilon 0.0100
Seed 16 | Episode 628 | Reward -300.00 | Epsilon 0.0100
Seed 16 | Episode 629 | Reward -300.00 | Epsilon 0.0100
Seed 16 | Episode 630 | Reward -300.00 | Epsilon 0.0100
Seed 16 | Episode 631 | Reward -300.00 | Epsilon 0.0100
Seed 16 | Episode 632 | Reward -300.00 | Epsilon 0.0100
Seed 16 | Episode 633 | Reward -300.00 | Epsilon 0.0100
Seed 16 | Episode 634 | Reward -300.00 | Epsilon 0.0100
Seed 16 | Episode 635 | Reward -300.00 | Epsilon 0.0100
Seed 16 | Episode 636 | Reward -300.00 | Epsilon 0.0100
Seed 16 | Episode 637 | Reward -18.00 | Epsilon 0.0100
Seed 16 | Episode 638 | Reward -75.00 | Epsilon 0.0100
Seed 16 | Episode 639 | Reward -19.00 | Epsilon 0.0100
Seed 16 | Episode 640 | Reward -300.00 | Epsilon 0.0100
Seed 16 | Episode 641 | Reward -92.00 | Epsilon 0.0100
Seed 16 | Episode 642 | Reward 42.00 | Epsilon 0.0100
Seed 16 | Episode 643 | Reward 55.00 | Epsilon 0.0100
Seed 16 | Episode 644 | Reward -148.00 | Epsilon 0.0100
Seed 16 | Episode 645 | Reward -20.00 | Epsilon 0.0100
Seed 16 | Episode 646 | Reward 46.00 | Epsilon 0.0100
Seed 16 | Episode 647 | Reward 7.00 | Epsilon 0.0100
Seed 16 | Episode 648 | Reward -300.00 | Epsilon 0.0100
Seed 16 | Episode 649 | Reward -300.00 | Epsilon 0.0100
Seed 16 | Episode 650 | Reward -27.00 | Epsilon 0.0100
Seed 16 | Episode 651 | Reward 35.00 | Epsilon 0.0100
Seed 16 | Episode 652 | Reward -94.00 | Epsilon 0.0100
Seed 16 | Episode 653 | Reward 47.00 | Epsilon 0.0100
Seed 16 | Episode 654 | Reward -300.00 | Epsilon 0.0100
Seed 16 | Episode 655 | Reward 42.00 | Epsilon 0.0100
Seed 16 | Episode 656 | Reward -300.00 | Epsilon 0.0100
Seed 16 | Episode 657 | Reward -166.00 | Epsilon 0.0100
Seed 16 | Episode 658 | Reward -300.00 | Epsilon 0.0100
Seed 16 | Episode 659 | Reward 49.00 | Epsilon 0.0100
Seed 16 | Episode 660 | Reward -110.00 | Epsilon 0.0100
Seed 16 | Episode 661 | Reward -75.00 | Epsilon 0.0100
Seed 16 | Episode 662 | Reward 36.00 | Epsilon 0.0100
Seed 16 | Episode 663 | Reward -300.00 | Epsilon 0.0100
Seed 16 | Episode 664 | Reward -62.00 | Epsilon 0.0100
Seed 16 | Episode 665 | Reward 45.00 | Epsilon 0.0100
Seed 16 | Episode 666 | Reward -300.00 | Epsilon 0.0100
Seed 16 | Episode 667 | Reward -45.00 | Epsilon 0.0100
Seed 16 | Episode 668 | Reward -300.00 | Epsilon 0.0100
Seed 16 | Episode 669 | Reward -300.00 | Epsilon 0.0100
Seed 16 | Episode 670 | Reward 56.00 | Epsilon 0.0100
Seed 16 | Episode 671 | Reward -300.00 | Epsilon 0.0100
Seed 16 | Episode 672 | Reward 48.00 | Epsilon 0.0100
Seed 16 | Episode 673 | Reward 57.00 | Epsilon 0.0100
Seed 16 | Episode 674 | Reward 41.00 | Epsilon 0.0100
Seed 16 | Episode 675 | Reward -36.00 | Epsilon 0.0100
Seed 16 | Episode 676 | Reward -83.00 | Epsilon 0.0100
Seed 16 | Episode 677 | Reward 49.00 | Epsilon 0.0100
Seed 16 | Episode 678 | Reward 53.00 | Epsilon 0.0100
Seed 16 | Episode 679 | Reward -300.00 | Epsilon 0.0100
Seed 16 | Episode 680 | Reward -49.00 | Epsilon 0.0100
Seed 16 | Episode 681 | Reward -300.00 | Epsilon 0.0100
Seed 16 | Episode 682 | Reward -300.00 | Epsilon 0.0100
Seed 16 | Episode 683 | Reward 56.00 | Epsilon 0.0100
Seed 16 | Episode 684 | Reward -6.00 | Epsilon 0.0100
Seed 16 | Episode 685 | Reward 51.00 | Epsilon 0.0100
Seed 16 | Episode 686 | Reward -28.00 | Epsilon 0.0100
Seed 16 | Episode 687 | Reward -15.00 | Epsilon 0.0100
Seed 16 | Episode 688 | Reward -57.00 | Epsilon 0.0100
Seed 16 | Episode 689 | Reward -145.00 | Epsilon 0.0100
Seed 16 | Episode 690 | Reward 51.00 | Epsilon 0.0100
Seed 16 | Episode 691 | Reward 4.00 | Epsilon 0.0100
Seed 16 | Episode 692 | Reward -36.00 | Epsilon 0.0100
Seed 16 | Episode 693 | Reward -300.00 | Epsilon 0.0100
Seed 16 | Episode 694 | Reward -87.00 | Epsilon 0.0100
Seed 16 | Episode 695 | Reward -300.00 | Epsilon 0.0100
Seed 16 | Episode 696 | Reward 48.00 | Epsilon 0.0100
Seed 16 | Episode 697 | Reward 52.00 | Epsilon 0.0100
Seed 16 | Episode 698 | Reward 48.00 | Epsilon 0.0100
Seed 16 | Episode 699 | Reward 51.00 | Epsilon 0.0100
Seed 16 | Episode 700 | Reward -160.00 | Epsilon 0.0100
Seed 16 | Episode 701 | Reward 41.00 | Epsilon 0.0100
Seed 16 | Episode 702 | Reward -43.00 | Epsilon 0.0100
Seed 16 | Episode 703 | Reward 43.00 | Epsilon 0.0100
Seed 16 | Episode 704 | Reward -300.00 | Epsilon 0.0100
Seed 16 | Episode 705 | Reward -105.00 | Epsilon 0.0100
Seed 16 | Episode 706 | Reward -300.00 | Epsilon 0.0100
Seed 16 | Episode 707 | Reward 58.00 | Epsilon 0.0100
Seed 16 | Episode 708 | Reward -19.00 | Epsilon 0.0100
Seed 16 | Episode 709 | Reward 61.00 | Epsilon 0.0100
Seed 16 | Episode 710 | Reward 51.00 | Epsilon 0.0100
Seed 16 | Episode 711 | Reward 56.00 | Epsilon 0.0100
Seed 16 | Episode 712 | Reward 10.00 | Epsilon 0.0100
Seed 16 | Episode 713 | Reward 52.00 | Epsilon 0.0100
Seed 16 | Episode 714 | Reward -61.00 | Epsilon 0.0100
Seed 16 | Episode 715 | Reward 1.00 | Epsilon 0.0100
Seed 16 | Episode 716 | Reward 48.00 | Epsilon 0.0100
Seed 16 | Episode 717 | Reward 37.00 | Epsilon 0.0100
Seed 16 | Episode 718 | Reward -40.00 | Epsilon 0.0100
Seed 16 | Episode 719 | Reward 47.00 | Epsilon 0.0100
Seed 16 | Episode 720 | Reward -150.00 | Epsilon 0.0100
Seed 16 | Episode 721 | Reward -31.00 | Epsilon 0.0100
Seed 16 | Episode 722 | Reward -51.00 | Epsilon 0.0100
Seed 16 | Episode 723 | Reward 41.00 | Epsilon 0.0100
Seed 16 | Episode 724 | Reward 42.00 | Epsilon 0.0100
Seed 16 | Episode 725 | Reward 39.00 | Epsilon 0.0100
Seed 16 | Episode 726 | Reward 48.00 | Epsilon 0.0100
Seed 16 | Episode 727 | Reward -15.00 | Epsilon 0.0100
Seed 16 | Episode 728 | Reward 44.00 | Epsilon 0.0100
Seed 16 | Episode 729 | Reward -300.00 | Epsilon 0.0100
Seed 16 | Episode 730 | Reward -18.00 | Epsilon 0.0100
Seed 16 | Episode 731 | Reward -300.00 | Epsilon 0.0100
Seed 16 | Episode 732 | Reward 43.00 | Epsilon 0.0100
Seed 16 | Episode 733 | Reward 49.00 | Epsilon 0.0100
Seed 16 | Episode 734 | Reward 47.00 | Epsilon 0.0100
Seed 16 | Episode 735 | Reward -33.00 | Epsilon 0.0100
Seed 16 | Episode 736 | Reward -300.00 | Epsilon 0.0100
Seed 16 | Episode 737 | Reward 36.00 | Epsilon 0.0100
Seed 16 | Episode 738 | Reward 28.00 | Epsilon 0.0100
Seed 16 | Episode 739 | Reward 51.00 | Epsilon 0.0100
Seed 16 | Episode 740 | Reward 36.00 | Epsilon 0.0100
Seed 16 | Episode 741 | Reward -54.00 | Epsilon 0.0100
Seed 16 | Episode 742 | Reward -13.00 | Epsilon 0.0100
Seed 16 | Episode 743 | Reward 41.00 | Epsilon 0.0100
Seed 16 | Episode 744 | Reward -300.00 | Epsilon 0.0100
Seed 16 | Episode 745 | Reward 44.00 | Epsilon 0.0100
Seed 16 | Episode 746 | Reward 43.00 | Epsilon 0.0100
Seed 16 | Episode 747 | Reward -52.00 | Epsilon 0.0100
Seed 16 | Episode 748 | Reward -29.00 | Epsilon 0.0100
Seed 16 | Episode 749 | Reward -90.00 | Epsilon 0.0100
Seed 16 | Episode 750 | Reward 45.00 | Epsilon 0.0100
Seed 16 | Episode 751 | Reward -88.00 | Epsilon 0.0100
Seed 16 | Episode 752 | Reward 37.00 | Epsilon 0.0100
Seed 16 | Episode 753 | Reward 54.00 | Epsilon 0.0100
Seed 16 | Episode 754 | Reward 40.00 | Epsilon 0.0100
Seed 16 | Episode 755 | Reward -27.00 | Epsilon 0.0100
Seed 16 | Episode 756 | Reward 39.00 | Epsilon 0.0100
Seed 16 | Episode 757 | Reward -13.00 | Epsilon 0.0100
Seed 16 | Episode 758 | Reward 54.00 | Epsilon 0.0100
Seed 16 | Episode 759 | Reward -22.00 | Epsilon 0.0100
Seed 16 | Episode 760 | Reward 52.00 | Epsilon 0.0100
Seed 16 | Episode 761 | Reward 57.00 | Epsilon 0.0100
Seed 16 | Episode 762 | Reward -94.00 | Epsilon 0.0100
Seed 16 | Episode 763 | Reward -300.00 | Epsilon 0.0100
Seed 16 | Episode 764 | Reward -300.00 | Epsilon 0.0100
Seed 16 | Episode 765 | Reward -53.00 | Epsilon 0.0100
Seed 16 | Episode 766 | Reward 34.00 | Epsilon 0.0100
Seed 16 | Episode 767 | Reward 47.00 | Epsilon 0.0100
Seed 16 | Episode 768 | Reward -300.00 | Epsilon 0.0100
Seed 16 | Episode 769 | Reward 47.00 | Epsilon 0.0100
Seed 16 | Episode 770 | Reward 40.00 | Epsilon 0.0100
Seed 16 | Episode 771 | Reward -91.00 | Epsilon 0.0100
Seed 16 | Episode 772 | Reward -300.00 | Epsilon 0.0100
Seed 16 | Episode 773 | Reward -300.00 | Epsilon 0.0100
Seed 16 | Episode 774 | Reward -142.00 | Epsilon 0.0100
Seed 16 | Episode 775 | Reward 19.00 | Epsilon 0.0100
Seed 16 | Episode 776 | Reward -300.00 | Epsilon 0.0100
Seed 16 | Episode 777 | Reward 41.00 | Epsilon 0.0100
Seed 16 | Episode 778 | Reward 32.00 | Epsilon 0.0100
Seed 16 | Episode 779 | Reward 51.00 | Epsilon 0.0100
Seed 16 | Episode 780 | Reward 9.00 | Epsilon 0.0100
Seed 16 | Episode 781 | Reward -46.00 | Epsilon 0.0100
Seed 16 | Episode 782 | Reward -300.00 | Epsilon 0.0100
Seed 16 | Episode 783 | Reward -300.00 | Epsilon 0.0100
Seed 16 | Episode 784 | Reward -300.00 | Epsilon 0.0100
Seed 16 | Episode 785 | Reward -112.00 | Epsilon 0.0100
Seed 16 | Episode 786 | Reward -113.00 | Epsilon 0.0100
Seed 16 | Episode 787 | Reward 54.00 | Epsilon 0.0100
Seed 16 | Episode 788 | Reward 40.00 | Epsilon 0.0100
Seed 16 | Episode 789 | Reward -82.00 | Epsilon 0.0100
Seed 16 | Episode 790 | Reward 29.00 | Epsilon 0.0100
Seed 16 | Episode 791 | Reward -100.00 | Epsilon 0.0100
Seed 16 | Episode 792 | Reward 51.00 | Epsilon 0.0100
Seed 16 | Episode 793 | Reward -300.00 | Epsilon 0.0100
Seed 16 | Episode 794 | Reward 42.00 | Epsilon 0.0100
Seed 16 | Episode 795 | Reward -37.00 | Epsilon 0.0100
Seed 16 | Episode 796 | Reward 58.00 | Epsilon 0.0100
Seed 16 | Episode 797 | Reward -300.00 | Epsilon 0.0100
Seed 16 | Episode 798 | Reward -83.00 | Epsilon 0.0100
Seed 16 | Episode 799 | Reward 14.00 | Epsilon 0.0100
Seed 16 | Episode 800 | Reward 42.00 | Epsilon 0.0100
Seed 16 | Episode 801 | Reward 48.00 | Epsilon 0.0100
Seed 16 | Episode 802 | Reward 48.00 | Epsilon 0.0100
Seed 16 | Episode 803 | Reward -190.00 | Epsilon 0.0100
Seed 16 | Episode 804 | Reward 29.00 | Epsilon 0.0100
Seed 16 | Episode 805 | Reward -300.00 | Epsilon 0.0100
Seed 16 | Episode 806 | Reward 52.00 | Epsilon 0.0100
Seed 16 | Episode 807 | Reward 59.00 | Epsilon 0.0100
Seed 16 | Episode 808 | Reward 42.00 | Epsilon 0.0100
Seed 16 | Episode 809 | Reward -140.00 | Epsilon 0.0100
Seed 16 | Episode 810 | Reward -68.00 | Epsilon 0.0100
Seed 16 | Episode 811 | Reward 40.00 | Epsilon 0.0100
Seed 16 | Episode 812 | Reward -1.00 | Epsilon 0.0100
Seed 16 | Episode 813 | Reward -300.00 | Epsilon 0.0100
Seed 16 | Episode 814 | Reward 46.00 | Epsilon 0.0100
Seed 16 | Episode 815 | Reward -300.00 | Epsilon 0.0100
Seed 16 | Episode 816 | Reward 53.00 | Epsilon 0.0100
Seed 16 | Episode 817 | Reward -300.00 | Epsilon 0.0100
Seed 16 | Episode 818 | Reward 55.00 | Epsilon 0.0100
Seed 16 | Episode 819 | Reward -6.00 | Epsilon 0.0100
Seed 16 | Episode 820 | Reward -155.00 | Epsilon 0.0100
Seed 16 | Episode 821 | Reward 9.00 | Epsilon 0.0100
Seed 16 | Episode 822 | Reward -300.00 | Epsilon 0.0100
Seed 16 | Episode 823 | Reward 30.00 | Epsilon 0.0100
Seed 16 | Episode 824 | Reward 50.00 | Epsilon 0.0100
Seed 16 | Episode 825 | Reward 48.00 | Epsilon 0.0100
Seed 16 | Episode 826 | Reward 60.00 | Epsilon 0.0100
Seed 16 | Episode 827 | Reward 41.00 | Epsilon 0.0100
Seed 16 | Episode 828 | Reward -127.00 | Epsilon 0.0100
Seed 16 | Episode 829 | Reward 46.00 | Epsilon 0.0100
Seed 16 | Episode 830 | Reward -106.00 | Epsilon 0.0100
Seed 16 | Episode 831 | Reward -300.00 | Epsilon 0.0100
Seed 16 | Episode 832 | Reward -300.00 | Epsilon 0.0100
Seed 16 | Episode 833 | Reward 42.00 | Epsilon 0.0100
Seed 16 | Episode 834 | Reward -110.00 | Epsilon 0.0100
Seed 16 | Episode 835 | Reward 0.00 | Epsilon 0.0100
Seed 16 | Episode 836 | Reward -116.00 | Epsilon 0.0100
Seed 16 | Episode 837 | Reward 41.00 | Epsilon 0.0100
Seed 16 | Episode 838 | Reward -154.00 | Epsilon 0.0100
Seed 16 | Episode 839 | Reward 42.00 | Epsilon 0.0100
Seed 16 | Episode 840 | Reward -300.00 | Epsilon 0.0100
Seed 16 | Episode 841 | Reward 57.00 | Epsilon 0.0100
Seed 16 | Episode 842 | Reward -93.00 | Epsilon 0.0100
Seed 16 | Episode 843 | Reward 44.00 | Epsilon 0.0100
Seed 16 | Episode 844 | Reward -134.00 | Epsilon 0.0100
Seed 16 | Episode 845 | Reward 55.00 | Epsilon 0.0100
Seed 16 | Episode 846 | Reward -51.00 | Epsilon 0.0100
Seed 16 | Episode 847 | Reward 59.00 | Epsilon 0.0100
Seed 16 | Episode 848 | Reward -300.00 | Epsilon 0.0100
Seed 16 | Episode 849 | Reward -49.00 | Epsilon 0.0100
Seed 16 | Episode 850 | Reward -111.00 | Epsilon 0.0100
Seed 16 | Episode 851 | Reward -92.00 | Epsilon 0.0100
Seed 16 | Episode 852 | Reward -54.00 | Epsilon 0.0100
Seed 16 | Episode 853 | Reward -99.00 | Epsilon 0.0100
Seed 16 | Episode 854 | Reward 47.00 | Epsilon 0.0100
Seed 16 | Episode 855 | Reward -20.00 | Epsilon 0.0100
Seed 16 | Episode 856 | Reward 5.00 | Epsilon 0.0100
Seed 16 | Episode 857 | Reward 42.00 | Epsilon 0.0100
Seed 16 | Episode 858 | Reward 54.00 | Epsilon 0.0100
Seed 16 | Episode 859 | Reward -300.00 | Epsilon 0.0100
Seed 16 | Episode 860 | Reward -300.00 | Epsilon 0.0100
Seed 16 | Episode 861 | Reward -93.00 | Epsilon 0.0100
Seed 16 | Episode 862 | Reward 57.00 | Epsilon 0.0100
Seed 16 | Episode 863 | Reward 39.00 | Epsilon 0.0100
Seed 16 | Episode 864 | Reward -300.00 | Epsilon 0.0100
Seed 16 | Episode 865 | Reward -111.00 | Epsilon 0.0100
Seed 16 | Episode 866 | Reward -300.00 | Epsilon 0.0100
Seed 16 | Episode 867 | Reward -139.00 | Epsilon 0.0100
Seed 16 | Episode 868 | Reward 52.00 | Epsilon 0.0100
Seed 16 | Episode 869 | Reward -44.00 | Epsilon 0.0100
Seed 16 | Episode 870 | Reward -300.00 | Epsilon 0.0100
Seed 16 | Episode 871 | Reward 24.00 | Epsilon 0.0100
Seed 16 | Episode 872 | Reward 53.00 | Epsilon 0.0100
Seed 16 | Episode 873 | Reward -300.00 | Epsilon 0.0100
Seed 16 | Episode 874 | Reward 56.00 | Epsilon 0.0100
Seed 16 | Episode 875 | Reward -56.00 | Epsilon 0.0100
Seed 16 | Episode 876 | Reward -300.00 | Epsilon 0.0100
Seed 16 | Episode 877 | Reward 44.00 | Epsilon 0.0100
Seed 16 | Episode 878 | Reward 57.00 | Epsilon 0.0100
Seed 16 | Episode 879 | Reward -151.00 | Epsilon 0.0100
Seed 16 | Episode 880 | Reward 60.00 | Epsilon 0.0100
Seed 16 | Episode 881 | Reward -300.00 | Epsilon 0.0100
Seed 16 | Episode 882 | Reward -300.00 | Epsilon 0.0100
Seed 16 | Episode 883 | Reward 45.00 | Epsilon 0.0100
Seed 16 | Episode 884 | Reward 48.00 | Epsilon 0.0100
Seed 16 | Episode 885 | Reward 42.00 | Epsilon 0.0100
Seed 16 | Episode 886 | Reward -68.00 | Epsilon 0.0100
Seed 16 | Episode 887 | Reward 40.00 | Epsilon 0.0100
Seed 16 | Episode 888 | Reward 47.00 | Epsilon 0.0100
Seed 16 | Episode 889 | Reward 47.00 | Epsilon 0.0100
Seed 16 | Episode 890 | Reward 37.00 | Epsilon 0.0100
Seed 16 | Episode 891 | Reward -60.00 | Epsilon 0.0100
Seed 16 | Episode 892 | Reward 48.00 | Epsilon 0.0100
Seed 16 | Episode 893 | Reward -98.00 | Epsilon 0.0100
Seed 16 | Episode 894 | Reward 44.00 | Epsilon 0.0100
Seed 16 | Episode 895 | Reward -5.00 | Epsilon 0.0100
Seed 16 | Episode 896 | Reward -21.00 | Epsilon 0.0100
Seed 16 | Episode 897 | Reward -300.00 | Epsilon 0.0100
Seed 16 | Episode 898 | Reward 62.00 | Epsilon 0.0100
Seed 16 | Episode 899 | Reward -23.00 | Epsilon 0.0100
Seed 16 | Episode 900 | Reward 55.00 | Epsilon 0.0100
Seed 16 | Episode 901 | Reward 54.00 | Epsilon 0.0100
Seed 16 | Episode 902 | Reward -300.00 | Epsilon 0.0100
Seed 16 | Episode 903 | Reward 58.00 | Epsilon 0.0100
Seed 16 | Episode 904 | Reward -300.00 | Epsilon 0.0100
Seed 16 | Episode 905 | Reward 41.00 | Epsilon 0.0100
Seed 16 | Episode 906 | Reward -115.00 | Epsilon 0.0100
Seed 16 | Episode 907 | Reward 54.00 | Epsilon 0.0100
Seed 16 | Episode 908 | Reward -69.00 | Epsilon 0.0100
Seed 16 | Episode 909 | Reward 51.00 | Epsilon 0.0100
Seed 16 | Episode 910 | Reward 46.00 | Epsilon 0.0100
Seed 16 | Episode 911 | Reward 51.00 | Epsilon 0.0100
Seed 16 | Episode 912 | Reward -168.00 | Epsilon 0.0100
Seed 16 | Episode 913 | Reward 43.00 | Epsilon 0.0100
Seed 16 | Episode 914 | Reward 53.00 | Epsilon 0.0100
Seed 16 | Episode 915 | Reward -300.00 | Epsilon 0.0100
Seed 16 | Episode 916 | Reward 53.00 | Epsilon 0.0100
Seed 16 | Episode 917 | Reward -63.00 | Epsilon 0.0100
Seed 16 | Episode 918 | Reward 54.00 | Epsilon 0.0100
Seed 16 | Episode 919 | Reward 48.00 | Epsilon 0.0100
Seed 16 | Episode 920 | Reward -85.00 | Epsilon 0.0100
Seed 16 | Episode 921 | Reward 54.00 | Epsilon 0.0100
Seed 16 | Episode 922 | Reward 43.00 | Epsilon 0.0100
Seed 16 | Episode 923 | Reward 51.00 | Epsilon 0.0100
Seed 16 | Episode 924 | Reward 45.00 | Epsilon 0.0100
Seed 16 | Episode 925 | Reward 57.00 | Epsilon 0.0100
Seed 16 | Episode 926 | Reward -96.00 | Epsilon 0.0100
Seed 16 | Episode 927 | Reward 41.00 | Epsilon 0.0100
Seed 16 | Episode 928 | Reward -300.00 | Epsilon 0.0100
Seed 16 | Episode 929 | Reward 51.00 | Epsilon 0.0100
Seed 16 | Episode 930 | Reward -40.00 | Epsilon 0.0100
Seed 16 | Episode 931 | Reward 59.00 | Epsilon 0.0100
Seed 16 | Episode 932 | Reward 7.00 | Epsilon 0.0100
Seed 16 | Episode 933 | Reward -300.00 | Epsilon 0.0100
Seed 16 | Episode 934 | Reward 56.00 | Epsilon 0.0100
Seed 16 | Episode 935 | Reward -12.00 | Epsilon 0.0100
Seed 16 | Episode 936 | Reward 38.00 | Epsilon 0.0100
Seed 16 | Episode 937 | Reward 54.00 | Epsilon 0.0100
Seed 16 | Episode 938 | Reward -300.00 | Epsilon 0.0100
Seed 16 | Episode 939 | Reward -127.00 | Epsilon 0.0100
Seed 16 | Episode 940 | Reward 37.00 | Epsilon 0.0100
Seed 16 | Episode 941 | Reward -300.00 | Epsilon 0.0100
Seed 16 | Episode 942 | Reward -99.00 | Epsilon 0.0100
Seed 16 | Episode 943 | Reward 23.00 | Epsilon 0.0100
Seed 16 | Episode 944 | Reward 37.00 | Epsilon 0.0100
Seed 16 | Episode 945 | Reward 48.00 | Epsilon 0.0100
Seed 16 | Episode 946 | Reward 30.00 | Epsilon 0.0100
Seed 16 | Episode 947 | Reward 27.00 | Epsilon 0.0100
Seed 16 | Episode 948 | Reward 3.00 | Epsilon 0.0100
Seed 16 | Episode 949 | Reward 8.00 | Epsilon 0.0100
Seed 16 | Episode 950 | Reward -124.00 | Epsilon 0.0100
Seed 16 | Episode 951 | Reward -300.00 | Epsilon 0.0100
Seed 16 | Episode 952 | Reward 47.00 | Epsilon 0.0100
Seed 16 | Episode 953 | Reward -106.00 | Epsilon 0.0100
Seed 16 | Episode 954 | Reward -25.00 | Epsilon 0.0100
Seed 16 | Episode 955 | Reward 45.00 | Epsilon 0.0100
Seed 16 | Episode 956 | Reward 56.00 | Epsilon 0.0100
Seed 16 | Episode 957 | Reward 12.00 | Epsilon 0.0100
Seed 16 | Episode 958 | Reward 54.00 | Epsilon 0.0100
Seed 16 | Episode 959 | Reward 34.00 | Epsilon 0.0100
Seed 16 | Episode 960 | Reward 46.00 | Epsilon 0.0100
Seed 16 | Episode 961 | Reward 41.00 | Epsilon 0.0100
Seed 16 | Episode 962 | Reward 40.00 | Epsilon 0.0100
Seed 16 | Episode 963 | Reward -153.00 | Epsilon 0.0100
Seed 16 | Episode 964 | Reward -300.00 | Epsilon 0.0100
Seed 16 | Episode 965 | Reward 31.00 | Epsilon 0.0100
Seed 16 | Episode 966 | Reward 55.00 | Epsilon 0.0100
Seed 16 | Episode 967 | Reward -35.00 | Epsilon 0.0100
Seed 16 | Episode 968 | Reward 45.00 | Epsilon 0.0100
Seed 16 | Episode 969 | Reward 48.00 | Epsilon 0.0100
Seed 16 | Episode 970 | Reward 44.00 | Epsilon 0.0100
Seed 16 | Episode 971 | Reward 53.00 | Epsilon 0.0100
Seed 16 | Episode 972 | Reward 51.00 | Epsilon 0.0100
Seed 16 | Episode 973 | Reward 51.00 | Epsilon 0.0100
Seed 16 | Episode 974 | Reward -175.00 | Epsilon 0.0100
Seed 16 | Episode 975 | Reward 21.00 | Epsilon 0.0100
Seed 16 | Episode 976 | Reward 45.00 | Epsilon 0.0100
Seed 16 | Episode 977 | Reward -99.00 | Epsilon 0.0100
Seed 16 | Episode 978 | Reward 49.00 | Epsilon 0.0100
Seed 16 | Episode 979 | Reward 46.00 | Epsilon 0.0100
Seed 16 | Episode 980 | Reward 37.00 | Epsilon 0.0100
Seed 16 | Episode 981 | Reward 61.00 | Epsilon 0.0100
Seed 16 | Episode 982 | Reward -117.00 | Epsilon 0.0100
Seed 16 | Episode 983 | Reward 45.00 | Epsilon 0.0100
Seed 16 | Episode 984 | Reward 40.00 | Epsilon 0.0100
Seed 16 | Episode 985 | Reward 41.00 | Epsilon 0.0100
Seed 16 | Episode 986 | Reward -11.00 | Epsilon 0.0100
Seed 16 | Episode 987 | Reward 49.00 | Epsilon 0.0100
Seed 16 | Episode 988 | Reward 55.00 | Epsilon 0.0100
Seed 16 | Episode 989 | Reward 31.00 | Epsilon 0.0100
Seed 16 | Episode 990 | Reward 50.00 | Epsilon 0.0100
Seed 16 | Episode 991 | Reward 43.00 | Epsilon 0.0100
Seed 16 | Episode 992 | Reward 48.00 | Epsilon 0.0100
Seed 16 | Episode 993 | Reward 29.00 | Epsilon 0.0100
Seed 16 | Episode 994 | Reward 44.00 | Epsilon 0.0100
Seed 16 | Episode 995 | Reward 50.00 | Epsilon 0.0100
Seed 16 | Episode 996 | Reward 47.00 | Epsilon 0.0100
Seed 16 | Episode 997 | Reward 32.00 | Epsilon 0.0100
Seed 16 | Episode 998 | Reward -300.00 | Epsilon 0.0100
Seed 16 | Episode 999 | Reward 48.00 | Epsilon 0.0100
Finished seed 16
