starting job
Sun Dec  7 20:01:21 2025       
+-----------------------------------------------------------------------------------------+
| NVIDIA-SMI 580.65.06              Driver Version: 580.65.06      CUDA Version: 13.0     |
+-----------------------------------------+------------------------+----------------------+
| GPU  Name                 Persistence-M | Bus-Id          Disp.A | Volatile Uncorr. ECC |
| Fan  Temp   Perf          Pwr:Usage/Cap |           Memory-Usage | GPU-Util  Compute M. |
|                                         |                        |               MIG M. |
|=========================================+========================+======================|
|   0  NVIDIA H100 80GB HBM3          On  |   00000000:06:00.0 Off |                   On |
| N/A   22C    P0             66W /  700W |     101MiB /  81559MiB |     N/A      Default |
|                                         |                        |              Enabled |
+-----------------------------------------+------------------------+----------------------+

+-----------------------------------------------------------------------------------------+
| MIG devices:                                                                            |
+------------------+----------------------------------+-----------+-----------------------+
| GPU  GI  CI  MIG |              Shared Memory-Usage |        Vol|        Shared         |
|      ID  ID  Dev |                Shared BAR1-Usage | SM     Unc| CE ENC  DEC  OFA  JPG |
|                  |                                  |        ECC|                       |
|==================+==================================+===========+=======================|
|  0    9   0   0  |              15MiB /  9984MiB    | 16      0 |  1   0    1    0    1 |
|                  |               0MiB /  6185MiB    |           |                       |
+------------------+----------------------------------+-----------+-----------------------+

+-----------------------------------------------------------------------------------------+
| Processes:                                                                              |
|  GPU   GI   CI              PID   Type   Process name                        GPU Memory |
|        ID   ID                                                               Usage      |
|=========================================================================================|
|  No running processes found                                                             |
+-----------------------------------------------------------------------------------------+
Running seed 13
Gym has been unmaintained since 2022 and does not support NumPy 2.0 amongst other critical functionality.
Please upgrade to Gymnasium, the maintained drop-in replacement of Gym, or contact the authors of your software and request that they upgrade.
Users of this version of Gym should be able to simply replace 'import gym' with 'import gymnasium as gym' in the vast majority of cases.
See the migration guide at https://gymnasium.farama.org/introduction/migration_guide/ for additional information.
Seed 13 | Episode 0 | Reward -300.00 | Epsilon 0.9987
Seed 13 | Episode 1 | Reward -300.00 | Epsilon 0.9897
Seed 13 | Episode 2 | Reward -300.00 | Epsilon 0.9808
Seed 13 | Episode 3 | Reward -300.00 | Epsilon 0.9720
Seed 13 | Episode 4 | Reward -300.00 | Epsilon 0.9633
Seed 13 | Episode 5 | Reward -300.00 | Epsilon 0.9547
Seed 13 | Episode 6 | Reward -300.00 | Epsilon 0.9462
Seed 13 | Episode 7 | Reward -300.00 | Epsilon 0.9377
Seed 13 | Episode 8 | Reward -300.00 | Epsilon 0.9293
Seed 13 | Episode 9 | Reward -300.00 | Epsilon 0.9209
Seed 13 | Episode 10 | Reward -300.00 | Epsilon 0.9127
Seed 13 | Episode 11 | Reward -300.00 | Epsilon 0.9045
Seed 13 | Episode 12 | Reward -300.00 | Epsilon 0.8964
Seed 13 | Episode 13 | Reward -300.00 | Epsilon 0.8884
Seed 13 | Episode 14 | Reward -300.00 | Epsilon 0.8804
Seed 13 | Episode 15 | Reward -300.00 | Epsilon 0.8725
Seed 13 | Episode 16 | Reward -300.00 | Epsilon 0.8647
Seed 13 | Episode 17 | Reward -300.00 | Epsilon 0.8570
Seed 13 | Episode 18 | Reward -300.00 | Epsilon 0.8493
Seed 13 | Episode 19 | Reward -300.00 | Epsilon 0.8417
Seed 13 | Episode 20 | Reward -300.00 | Epsilon 0.8341
Seed 13 | Episode 21 | Reward -300.00 | Epsilon 0.8267
Seed 13 | Episode 22 | Reward -300.00 | Epsilon 0.8193
Seed 13 | Episode 23 | Reward -300.00 | Epsilon 0.8119
Seed 13 | Episode 24 | Reward -300.00 | Epsilon 0.8046
Seed 13 | Episode 25 | Reward -300.00 | Epsilon 0.7974
Seed 13 | Episode 26 | Reward -300.00 | Epsilon 0.7903
Seed 13 | Episode 27 | Reward -300.00 | Epsilon 0.7832
Seed 13 | Episode 28 | Reward -300.00 | Epsilon 0.7762
Seed 13 | Episode 29 | Reward -300.00 | Epsilon 0.7692
Seed 13 | Episode 30 | Reward -300.00 | Epsilon 0.7623
Seed 13 | Episode 31 | Reward -300.00 | Epsilon 0.7555
Seed 13 | Episode 32 | Reward -300.00 | Epsilon 0.7487
Seed 13 | Episode 33 | Reward -300.00 | Epsilon 0.7420
Seed 13 | Episode 34 | Reward -300.00 | Epsilon 0.7354
Seed 13 | Episode 35 | Reward -300.00 | Epsilon 0.7288
Seed 13 | Episode 36 | Reward -300.00 | Epsilon 0.7223
Seed 13 | Episode 37 | Reward -300.00 | Epsilon 0.7158
Seed 13 | Episode 38 | Reward -300.00 | Epsilon 0.7094
Seed 13 | Episode 39 | Reward -300.00 | Epsilon 0.7030
Seed 13 | Episode 40 | Reward -300.00 | Epsilon 0.6967
Seed 13 | Episode 41 | Reward -300.00 | Epsilon 0.6905
Seed 13 | Episode 42 | Reward -300.00 | Epsilon 0.6843
Seed 13 | Episode 43 | Reward -300.00 | Epsilon 0.6782
Seed 13 | Episode 44 | Reward -300.00 | Epsilon 0.6721
Seed 13 | Episode 45 | Reward -300.00 | Epsilon 0.6661
Seed 13 | Episode 46 | Reward -300.00 | Epsilon 0.6601
Seed 13 | Episode 47 | Reward -300.00 | Epsilon 0.6542
Seed 13 | Episode 48 | Reward -300.00 | Epsilon 0.6483
Seed 13 | Episode 49 | Reward -300.00 | Epsilon 0.6425
Seed 13 | Episode 50 | Reward -300.00 | Epsilon 0.6368
Seed 13 | Episode 51 | Reward -300.00 | Epsilon 0.6311
Seed 13 | Episode 52 | Reward -300.00 | Epsilon 0.6254
Seed 13 | Episode 53 | Reward -300.00 | Epsilon 0.6198
Seed 13 | Episode 54 | Reward -300.00 | Epsilon 0.6142
Seed 13 | Episode 55 | Reward -300.00 | Epsilon 0.6087
Seed 13 | Episode 56 | Reward -300.00 | Epsilon 0.6033
Seed 13 | Episode 57 | Reward -300.00 | Epsilon 0.5979
Seed 13 | Episode 58 | Reward -300.00 | Epsilon 0.5925
Seed 13 | Episode 59 | Reward -300.00 | Epsilon 0.5872
Seed 13 | Episode 60 | Reward -300.00 | Epsilon 0.5820
Seed 13 | Episode 61 | Reward -300.00 | Epsilon 0.5767
Seed 13 | Episode 62 | Reward -300.00 | Epsilon 0.5716
Seed 13 | Episode 63 | Reward -300.00 | Epsilon 0.5665
Seed 13 | Episode 64 | Reward -300.00 | Epsilon 0.5614
Seed 13 | Episode 65 | Reward -300.00 | Epsilon 0.5563
Seed 13 | Episode 66 | Reward -300.00 | Epsilon 0.5514
Seed 13 | Episode 67 | Reward -300.00 | Epsilon 0.5464
Seed 13 | Episode 68 | Reward -300.00 | Epsilon 0.5415
Seed 13 | Episode 69 | Reward -300.00 | Epsilon 0.5367
Seed 13 | Episode 70 | Reward -300.00 | Epsilon 0.5319
Seed 13 | Episode 71 | Reward -300.00 | Epsilon 0.5271
Seed 13 | Episode 72 | Reward -300.00 | Epsilon 0.5224
Seed 13 | Episode 73 | Reward -300.00 | Epsilon 0.5177
Seed 13 | Episode 74 | Reward -300.00 | Epsilon 0.5131
Seed 13 | Episode 75 | Reward -300.00 | Epsilon 0.5085
Seed 13 | Episode 76 | Reward -300.00 | Epsilon 0.5039
Seed 13 | Episode 77 | Reward -300.00 | Epsilon 0.4994
Seed 13 | Episode 78 | Reward -300.00 | Epsilon 0.4949
Seed 13 | Episode 79 | Reward -300.00 | Epsilon 0.4905
Seed 13 | Episode 80 | Reward -300.00 | Epsilon 0.4861
Seed 13 | Episode 81 | Reward -300.00 | Epsilon 0.4817
Seed 13 | Episode 82 | Reward -300.00 | Epsilon 0.4774
Seed 13 | Episode 83 | Reward -300.00 | Epsilon 0.4731
Seed 13 | Episode 84 | Reward -300.00 | Epsilon 0.4689
Seed 13 | Episode 85 | Reward -300.00 | Epsilon 0.4647
Seed 13 | Episode 86 | Reward -300.00 | Epsilon 0.4605
Seed 13 | Episode 87 | Reward -300.00 | Epsilon 0.4564
Seed 13 | Episode 88 | Reward -300.00 | Epsilon 0.4523
Seed 13 | Episode 89 | Reward -300.00 | Epsilon 0.4483
Seed 13 | Episode 90 | Reward -300.00 | Epsilon 0.4443
Seed 13 | Episode 91 | Reward -300.00 | Epsilon 0.4403
Seed 13 | Episode 92 | Reward -300.00 | Epsilon 0.4363
Seed 13 | Episode 93 | Reward -300.00 | Epsilon 0.4324
Seed 13 | Episode 94 | Reward -300.00 | Epsilon 0.4285
Seed 13 | Episode 95 | Reward -300.00 | Epsilon 0.4247
Seed 13 | Episode 96 | Reward -300.00 | Epsilon 0.4209
Seed 13 | Episode 97 | Reward -300.00 | Epsilon 0.4171
Seed 13 | Episode 98 | Reward -300.00 | Epsilon 0.4134
Seed 13 | Episode 99 | Reward -300.00 | Epsilon 0.4097
Seed 13 | Episode 100 | Reward -300.00 | Epsilon 0.4060
Seed 13 | Episode 101 | Reward -300.00 | Epsilon 0.4024
Seed 13 | Episode 102 | Reward -300.00 | Epsilon 0.3988
Seed 13 | Episode 103 | Reward -300.00 | Epsilon 0.3952
Seed 13 | Episode 104 | Reward -300.00 | Epsilon 0.3917
Seed 13 | Episode 105 | Reward -300.00 | Epsilon 0.3881
Seed 13 | Episode 106 | Reward -300.00 | Epsilon 0.3847
Seed 13 | Episode 107 | Reward -300.00 | Epsilon 0.3812
Seed 13 | Episode 108 | Reward -152.00 | Epsilon 0.3783
Seed 13 | Episode 109 | Reward -300.00 | Epsilon 0.3750
Seed 13 | Episode 110 | Reward -300.00 | Epsilon 0.3716
Seed 13 | Episode 111 | Reward -300.00 | Epsilon 0.3683
Seed 13 | Episode 112 | Reward -300.00 | Epsilon 0.3650
Seed 13 | Episode 113 | Reward -300.00 | Epsilon 0.3617
Seed 13 | Episode 114 | Reward -300.00 | Epsilon 0.3585
Seed 13 | Episode 115 | Reward -300.00 | Epsilon 0.3552
Seed 13 | Episode 116 | Reward -300.00 | Epsilon 0.3521
Seed 13 | Episode 117 | Reward -300.00 | Epsilon 0.3489
Seed 13 | Episode 118 | Reward -300.00 | Epsilon 0.3458
Seed 13 | Episode 119 | Reward -300.00 | Epsilon 0.3427
Seed 13 | Episode 120 | Reward -300.00 | Epsilon 0.3396
Seed 13 | Episode 121 | Reward -300.00 | Epsilon 0.3366
Seed 13 | Episode 122 | Reward -300.00 | Epsilon 0.3336
Seed 13 | Episode 123 | Reward -300.00 | Epsilon 0.3306
Seed 13 | Episode 124 | Reward -300.00 | Epsilon 0.3276
Seed 13 | Episode 125 | Reward -300.00 | Epsilon 0.3247
Seed 13 | Episode 126 | Reward -300.00 | Epsilon 0.3218
Seed 13 | Episode 127 | Reward -300.00 | Epsilon 0.3189
Seed 13 | Episode 128 | Reward -300.00 | Epsilon 0.3160
Seed 13 | Episode 129 | Reward -300.00 | Epsilon 0.3132
Seed 13 | Episode 130 | Reward -300.00 | Epsilon 0.3104
Seed 13 | Episode 131 | Reward -300.00 | Epsilon 0.3076
Seed 13 | Episode 132 | Reward -300.00 | Epsilon 0.3048
Seed 13 | Episode 133 | Reward -300.00 | Epsilon 0.3021
Seed 13 | Episode 134 | Reward -300.00 | Epsilon 0.2994
Seed 13 | Episode 135 | Reward -300.00 | Epsilon 0.2967
Seed 13 | Episode 136 | Reward -300.00 | Epsilon 0.2941
Seed 13 | Episode 137 | Reward -300.00 | Epsilon 0.2914
Seed 13 | Episode 138 | Reward -300.00 | Epsilon 0.2888
Seed 13 | Episode 139 | Reward -300.00 | Epsilon 0.2862
Seed 13 | Episode 140 | Reward -300.00 | Epsilon 0.2837
Seed 13 | Episode 141 | Reward -300.00 | Epsilon 0.2811
Seed 13 | Episode 142 | Reward -300.00 | Epsilon 0.2786
Seed 13 | Episode 143 | Reward -300.00 | Epsilon 0.2761
Seed 13 | Episode 144 | Reward -300.00 | Epsilon 0.2736
Seed 13 | Episode 145 | Reward -300.00 | Epsilon 0.2712
Seed 13 | Episode 146 | Reward -300.00 | Epsilon 0.2688
Seed 13 | Episode 147 | Reward -300.00 | Epsilon 0.2663
Seed 13 | Episode 148 | Reward -300.00 | Epsilon 0.2640
Seed 13 | Episode 149 | Reward -300.00 | Epsilon 0.2616
Seed 13 | Episode 150 | Reward -300.00 | Epsilon 0.2593
Seed 13 | Episode 151 | Reward -300.00 | Epsilon 0.2569
Seed 13 | Episode 152 | Reward -300.00 | Epsilon 0.2546
Seed 13 | Episode 153 | Reward -300.00 | Epsilon 0.2523
Seed 13 | Episode 154 | Reward -300.00 | Epsilon 0.2501
Seed 13 | Episode 155 | Reward -300.00 | Epsilon 0.2478
Seed 13 | Episode 156 | Reward -300.00 | Epsilon 0.2456
Seed 13 | Episode 157 | Reward -300.00 | Epsilon 0.2434
Seed 13 | Episode 158 | Reward -300.00 | Epsilon 0.2412
Seed 13 | Episode 159 | Reward -300.00 | Epsilon 0.2391
Seed 13 | Episode 160 | Reward -300.00 | Epsilon 0.2369
Seed 13 | Episode 161 | Reward -300.00 | Epsilon 0.2348
Seed 13 | Episode 162 | Reward -300.00 | Epsilon 0.2327
Seed 13 | Episode 163 | Reward -300.00 | Epsilon 0.2306
Seed 13 | Episode 164 | Reward -300.00 | Epsilon 0.2286
Seed 13 | Episode 165 | Reward -300.00 | Epsilon 0.2265
Seed 13 | Episode 166 | Reward -300.00 | Epsilon 0.2245
Seed 13 | Episode 167 | Reward -300.00 | Epsilon 0.2225
Seed 13 | Episode 168 | Reward -300.00 | Epsilon 0.2205
Seed 13 | Episode 169 | Reward -300.00 | Epsilon 0.2185
Seed 13 | Episode 170 | Reward -300.00 | Epsilon 0.2165
Seed 13 | Episode 171 | Reward -300.00 | Epsilon 0.2146
Seed 13 | Episode 172 | Reward -300.00 | Epsilon 0.2127
Seed 13 | Episode 173 | Reward -300.00 | Epsilon 0.2108
Seed 13 | Episode 174 | Reward -300.00 | Epsilon 0.2089
Seed 13 | Episode 175 | Reward -300.00 | Epsilon 0.2070
Seed 13 | Episode 176 | Reward -300.00 | Epsilon 0.2052
Seed 13 | Episode 177 | Reward -300.00 | Epsilon 0.2033
Seed 13 | Episode 178 | Reward -300.00 | Epsilon 0.2015
Seed 13 | Episode 179 | Reward -300.00 | Epsilon 0.1997
Seed 13 | Episode 180 | Reward -300.00 | Epsilon 0.1979
Seed 13 | Episode 181 | Reward -300.00 | Epsilon 0.1961
Seed 13 | Episode 182 | Reward -300.00 | Epsilon 0.1944
Seed 13 | Episode 183 | Reward 57.00 | Epsilon 0.1941
Seed 13 | Episode 184 | Reward -300.00 | Epsilon 0.1924
Seed 13 | Episode 185 | Reward -300.00 | Epsilon 0.1907
Seed 13 | Episode 186 | Reward -300.00 | Epsilon 0.1889
Seed 13 | Episode 187 | Reward -300.00 | Epsilon 0.1873
Seed 13 | Episode 188 | Reward -300.00 | Epsilon 0.1856
Seed 13 | Episode 189 | Reward -300.00 | Epsilon 0.1839
Seed 13 | Episode 190 | Reward -300.00 | Epsilon 0.1823
Seed 13 | Episode 191 | Reward -300.00 | Epsilon 0.1806
Seed 13 | Episode 192 | Reward -300.00 | Epsilon 0.1790
Seed 13 | Episode 193 | Reward -300.00 | Epsilon 0.1774
Seed 13 | Episode 194 | Reward -300.00 | Epsilon 0.1758
Seed 13 | Episode 195 | Reward -300.00 | Epsilon 0.1742
Seed 13 | Episode 196 | Reward -300.00 | Epsilon 0.1727
Seed 13 | Episode 197 | Reward -300.00 | Epsilon 0.1711
Seed 13 | Episode 198 | Reward -300.00 | Epsilon 0.1696
Seed 13 | Episode 199 | Reward -300.00 | Epsilon 0.1681
Seed 13 | Episode 200 | Reward -300.00 | Epsilon 0.1666
Seed 13 | Episode 201 | Reward -300.00 | Epsilon 0.1651
Seed 13 | Episode 202 | Reward -300.00 | Epsilon 0.1636
Seed 13 | Episode 203 | Reward -300.00 | Epsilon 0.1621
Seed 13 | Episode 204 | Reward -300.00 | Epsilon 0.1607
Seed 13 | Episode 205 | Reward 57.00 | Epsilon 0.1605
Seed 13 | Episode 206 | Reward 45.00 | Epsilon 0.1602
Seed 13 | Episode 207 | Reward -300.00 | Epsilon 0.1588
Seed 13 | Episode 208 | Reward -300.00 | Epsilon 0.1573
Seed 13 | Episode 209 | Reward -300.00 | Epsilon 0.1559
Seed 13 | Episode 210 | Reward -300.00 | Epsilon 0.1545
Seed 13 | Episode 211 | Reward -300.00 | Epsilon 0.1532
Seed 13 | Episode 212 | Reward -300.00 | Epsilon 0.1518
Seed 13 | Episode 213 | Reward -300.00 | Epsilon 0.1504
Seed 13 | Episode 214 | Reward -300.00 | Epsilon 0.1491
Seed 13 | Episode 215 | Reward -300.00 | Epsilon 0.1477
Seed 13 | Episode 216 | Reward -300.00 | Epsilon 0.1464
Seed 13 | Episode 217 | Reward -300.00 | Epsilon 0.1451
Seed 13 | Episode 218 | Reward -300.00 | Epsilon 0.1438
Seed 13 | Episode 219 | Reward -300.00 | Epsilon 0.1425
Seed 13 | Episode 220 | Reward -300.00 | Epsilon 0.1412
Seed 13 | Episode 221 | Reward -300.00 | Epsilon 0.1400
Seed 13 | Episode 222 | Reward -300.00 | Epsilon 0.1387
Seed 13 | Episode 223 | Reward -300.00 | Epsilon 0.1375
Seed 13 | Episode 224 | Reward 55.00 | Epsilon 0.1373
Seed 13 | Episode 225 | Reward -300.00 | Epsilon 0.1361
Seed 13 | Episode 226 | Reward -300.00 | Epsilon 0.1348
Seed 13 | Episode 227 | Reward -300.00 | Epsilon 0.1336
Seed 13 | Episode 228 | Reward -300.00 | Epsilon 0.1324
Seed 13 | Episode 229 | Reward -300.00 | Epsilon 0.1312
Seed 13 | Episode 230 | Reward -300.00 | Epsilon 0.1301
Seed 13 | Episode 231 | Reward -300.00 | Epsilon 0.1289
Seed 13 | Episode 232 | Reward -300.00 | Epsilon 0.1278
Seed 13 | Episode 233 | Reward -300.00 | Epsilon 0.1266
Seed 13 | Episode 234 | Reward -300.00 | Epsilon 0.1255
Seed 13 | Episode 235 | Reward -300.00 | Epsilon 0.1243
Seed 13 | Episode 236 | Reward -300.00 | Epsilon 0.1232
Seed 13 | Episode 237 | Reward -300.00 | Epsilon 0.1221
Seed 13 | Episode 238 | Reward -300.00 | Epsilon 0.1210
Seed 13 | Episode 239 | Reward -300.00 | Epsilon 0.1200
Seed 13 | Episode 240 | Reward -300.00 | Epsilon 0.1189
Seed 13 | Episode 241 | Reward -300.00 | Epsilon 0.1178
Seed 13 | Episode 242 | Reward -300.00 | Epsilon 0.1168
Seed 13 | Episode 243 | Reward -300.00 | Epsilon 0.1157
Seed 13 | Episode 244 | Reward -300.00 | Epsilon 0.1147
Seed 13 | Episode 245 | Reward -300.00 | Epsilon 0.1136
Seed 13 | Episode 246 | Reward -300.00 | Epsilon 0.1126
Seed 13 | Episode 247 | Reward -300.00 | Epsilon 0.1116
Seed 13 | Episode 248 | Reward -300.00 | Epsilon 0.1106
Seed 13 | Episode 249 | Reward -300.00 | Epsilon 0.1096
Seed 13 | Episode 250 | Reward -300.00 | Epsilon 0.1086
Seed 13 | Episode 251 | Reward -146.00 | Epsilon 0.1078
Seed 13 | Episode 252 | Reward -300.00 | Epsilon 0.1069
Seed 13 | Episode 253 | Reward -300.00 | Epsilon 0.1059
Seed 13 | Episode 254 | Reward -300.00 | Epsilon 0.1050
Seed 13 | Episode 255 | Reward -300.00 | Epsilon 0.1040
Seed 13 | Episode 256 | Reward -300.00 | Epsilon 0.1031
Seed 13 | Episode 257 | Reward -300.00 | Epsilon 0.1022
Seed 13 | Episode 258 | Reward -300.00 | Epsilon 0.1013
Seed 13 | Episode 259 | Reward -300.00 | Epsilon 0.1004
Seed 13 | Episode 260 | Reward -300.00 | Epsilon 0.0995
Seed 13 | Episode 261 | Reward -300.00 | Epsilon 0.0986
Seed 13 | Episode 262 | Reward -300.00 | Epsilon 0.0977
Seed 13 | Episode 263 | Reward -300.00 | Epsilon 0.0968
Seed 13 | Episode 264 | Reward -300.00 | Epsilon 0.0959
Seed 13 | Episode 265 | Reward -300.00 | Epsilon 0.0951
Seed 13 | Episode 266 | Reward -300.00 | Epsilon 0.0942
Seed 13 | Episode 267 | Reward -300.00 | Epsilon 0.0934
Seed 13 | Episode 268 | Reward -300.00 | Epsilon 0.0925
Seed 13 | Episode 269 | Reward -300.00 | Epsilon 0.0917
Seed 13 | Episode 270 | Reward -300.00 | Epsilon 0.0909
Seed 13 | Episode 271 | Reward -300.00 | Epsilon 0.0901
Seed 13 | Episode 272 | Reward -300.00 | Epsilon 0.0893
Seed 13 | Episode 273 | Reward -300.00 | Epsilon 0.0885
Seed 13 | Episode 274 | Reward -13.00 | Epsilon 0.0882
Seed 13 | Episode 275 | Reward -300.00 | Epsilon 0.0874
Seed 13 | Episode 276 | Reward -300.00 | Epsilon 0.0866
Seed 13 | Episode 277 | Reward -14.00 | Epsilon 0.0863
Seed 13 | Episode 278 | Reward -300.00 | Epsilon 0.0855
Seed 13 | Episode 279 | Reward -300.00 | Epsilon 0.0848
Seed 13 | Episode 280 | Reward -300.00 | Epsilon 0.0840
Seed 13 | Episode 281 | Reward -300.00 | Epsilon 0.0832
Seed 13 | Episode 282 | Reward -300.00 | Epsilon 0.0825
Seed 13 | Episode 283 | Reward -300.00 | Epsilon 0.0818
Seed 13 | Episode 284 | Reward -300.00 | Epsilon 0.0810
Seed 13 | Episode 285 | Reward 51.00 | Epsilon 0.0809
Seed 13 | Episode 286 | Reward 49.00 | Epsilon 0.0808
Seed 13 | Episode 287 | Reward -300.00 | Epsilon 0.0801
Seed 13 | Episode 288 | Reward -300.00 | Epsilon 0.0793
Seed 13 | Episode 289 | Reward -300.00 | Epsilon 0.0786
Seed 13 | Episode 290 | Reward -181.00 | Epsilon 0.0780
Seed 13 | Episode 291 | Reward -103.00 | Epsilon 0.0775
Seed 13 | Episode 292 | Reward -300.00 | Epsilon 0.0768
Seed 13 | Episode 293 | Reward 43.00 | Epsilon 0.0767
Seed 13 | Episode 294 | Reward -300.00 | Epsilon 0.0760
Seed 13 | Episode 295 | Reward -300.00 | Epsilon 0.0753
Seed 13 | Episode 296 | Reward -74.00 | Epsilon 0.0749
Seed 13 | Episode 297 | Reward -300.00 | Epsilon 0.0742
Seed 13 | Episode 298 | Reward 54.00 | Epsilon 0.0741
Seed 13 | Episode 299 | Reward -300.00 | Epsilon 0.0735
Seed 13 | Episode 300 | Reward -300.00 | Epsilon 0.0728
Seed 13 | Episode 301 | Reward -148.00 | Epsilon 0.0723
Seed 13 | Episode 302 | Reward -300.00 | Epsilon 0.0716
Seed 13 | Episode 303 | Reward 49.00 | Epsilon 0.0715
Seed 13 | Episode 304 | Reward 42.00 | Epsilon 0.0714
Seed 13 | Episode 305 | Reward -300.00 | Epsilon 0.0707
Seed 13 | Episode 306 | Reward -300.00 | Epsilon 0.0701
Seed 13 | Episode 307 | Reward -300.00 | Epsilon 0.0695
Seed 13 | Episode 308 | Reward -300.00 | Epsilon 0.0689
Seed 13 | Episode 309 | Reward 56.00 | Epsilon 0.0688
Seed 13 | Episode 310 | Reward -42.00 | Epsilon 0.0685
Seed 13 | Episode 311 | Reward -143.00 | Epsilon 0.0680
Seed 13 | Episode 312 | Reward -300.00 | Epsilon 0.0674
Seed 13 | Episode 313 | Reward -175.00 | Epsilon 0.0668
Seed 13 | Episode 314 | Reward 46.00 | Epsilon 0.0667
Seed 13 | Episode 315 | Reward -300.00 | Epsilon 0.0661
Seed 13 | Episode 316 | Reward -300.00 | Epsilon 0.0655
Seed 13 | Episode 317 | Reward 48.00 | Epsilon 0.0654
Seed 13 | Episode 318 | Reward -300.00 | Epsilon 0.0648
Seed 13 | Episode 319 | Reward 40.00 | Epsilon 0.0647
Seed 13 | Episode 320 | Reward -33.00 | Epsilon 0.0644
Seed 13 | Episode 321 | Reward -300.00 | Epsilon 0.0639
Seed 13 | Episode 322 | Reward -300.00 | Epsilon 0.0633
Seed 13 | Episode 323 | Reward -300.00 | Epsilon 0.0627
Seed 13 | Episode 324 | Reward -300.00 | Epsilon 0.0622
Seed 13 | Episode 325 | Reward 60.00 | Epsilon 0.0621
Seed 13 | Episode 326 | Reward -134.00 | Epsilon 0.0616
Seed 13 | Episode 327 | Reward -300.00 | Epsilon 0.0611
Seed 13 | Episode 328 | Reward -300.00 | Epsilon 0.0605
Seed 13 | Episode 329 | Reward -300.00 | Epsilon 0.0600
Seed 13 | Episode 330 | Reward -300.00 | Epsilon 0.0595
Seed 13 | Episode 331 | Reward -300.00 | Epsilon 0.0589
Seed 13 | Episode 332 | Reward -300.00 | Epsilon 0.0584
Seed 13 | Episode 333 | Reward 37.00 | Epsilon 0.0583
Seed 13 | Episode 334 | Reward -143.00 | Epsilon 0.0579
Seed 13 | Episode 335 | Reward 53.00 | Epsilon 0.0578
Seed 13 | Episode 336 | Reward -300.00 | Epsilon 0.0573
Seed 13 | Episode 337 | Reward -300.00 | Epsilon 0.0568
Seed 13 | Episode 338 | Reward -300.00 | Epsilon 0.0562
Seed 13 | Episode 339 | Reward -117.00 | Epsilon 0.0559
Seed 13 | Episode 340 | Reward -95.00 | Epsilon 0.0555
Seed 13 | Episode 341 | Reward -4.00 | Epsilon 0.0554
Seed 13 | Episode 342 | Reward 42.00 | Epsilon 0.0553
Seed 13 | Episode 343 | Reward 62.00 | Epsilon 0.0552
Seed 13 | Episode 344 | Reward -300.00 | Epsilon 0.0547
Seed 13 | Episode 345 | Reward -300.00 | Epsilon 0.0542
Seed 13 | Episode 346 | Reward 49.00 | Epsilon 0.0541
Seed 13 | Episode 347 | Reward -48.00 | Epsilon 0.0539
Seed 13 | Episode 348 | Reward -300.00 | Epsilon 0.0534
Seed 13 | Episode 349 | Reward -96.00 | Epsilon 0.0531
Seed 13 | Episode 350 | Reward 58.00 | Epsilon 0.0530
Seed 13 | Episode 351 | Reward 52.00 | Epsilon 0.0530
Seed 13 | Episode 352 | Reward 48.00 | Epsilon 0.0529
Seed 13 | Episode 353 | Reward 47.00 | Epsilon 0.0528
Seed 13 | Episode 354 | Reward -4.00 | Epsilon 0.0526
Seed 13 | Episode 355 | Reward 57.00 | Epsilon 0.0526
Seed 13 | Episode 356 | Reward 6.00 | Epsilon 0.0524
Seed 13 | Episode 357 | Reward -99.00 | Epsilon 0.0521
Seed 13 | Episode 358 | Reward 12.00 | Epsilon 0.0519
Seed 13 | Episode 359 | Reward 6.00 | Epsilon 0.0518
Seed 13 | Episode 360 | Reward 54.00 | Epsilon 0.0517
Seed 13 | Episode 361 | Reward -300.00 | Epsilon 0.0513
Seed 13 | Episode 362 | Reward -300.00 | Epsilon 0.0508
Seed 13 | Episode 363 | Reward 55.00 | Epsilon 0.0507
Seed 13 | Episode 364 | Reward 42.00 | Epsilon 0.0506
Seed 13 | Episode 365 | Reward 52.00 | Epsilon 0.0506
Seed 13 | Episode 366 | Reward 51.00 | Epsilon 0.0505
Seed 13 | Episode 367 | Reward -110.00 | Epsilon 0.0502
Seed 13 | Episode 368 | Reward -300.00 | Epsilon 0.0497
Seed 13 | Episode 369 | Reward -300.00 | Epsilon 0.0493
Seed 13 | Episode 370 | Reward 47.00 | Epsilon 0.0492
Seed 13 | Episode 371 | Reward -300.00 | Epsilon 0.0488
Seed 13 | Episode 372 | Reward -42.00 | Epsilon 0.0486
Seed 13 | Episode 373 | Reward -46.00 | Epsilon 0.0483
Seed 13 | Episode 374 | Reward -108.00 | Epsilon 0.0480
Seed 13 | Episode 375 | Reward -300.00 | Epsilon 0.0476
Seed 13 | Episode 376 | Reward -37.00 | Epsilon 0.0474
Seed 13 | Episode 377 | Reward 44.00 | Epsilon 0.0473
Seed 13 | Episode 378 | Reward -300.00 | Epsilon 0.0469
Seed 13 | Episode 379 | Reward 50.00 | Epsilon 0.0468
Seed 13 | Episode 380 | Reward -300.00 | Epsilon 0.0464
Seed 13 | Episode 381 | Reward -300.00 | Epsilon 0.0460
Seed 13 | Episode 382 | Reward 53.00 | Epsilon 0.0459
Seed 13 | Episode 383 | Reward 57.00 | Epsilon 0.0459
Seed 13 | Episode 384 | Reward -56.00 | Epsilon 0.0457
Seed 13 | Episode 385 | Reward 51.00 | Epsilon 0.0456
Seed 13 | Episode 386 | Reward 48.00 | Epsilon 0.0455
Seed 13 | Episode 387 | Reward 34.00 | Epsilon 0.0454
Seed 13 | Episode 388 | Reward -128.00 | Epsilon 0.0451
Seed 13 | Episode 389 | Reward 57.00 | Epsilon 0.0451
Seed 13 | Episode 390 | Reward 44.00 | Epsilon 0.0450
Seed 13 | Episode 391 | Reward -36.00 | Epsilon 0.0448
Seed 13 | Episode 392 | Reward 51.00 | Epsilon 0.0447
Seed 13 | Episode 393 | Reward -127.00 | Epsilon 0.0444
Seed 13 | Episode 394 | Reward -20.00 | Epsilon 0.0443
Seed 13 | Episode 395 | Reward -21.00 | Epsilon 0.0441
Seed 13 | Episode 396 | Reward 58.00 | Epsilon 0.0440
Seed 13 | Episode 397 | Reward 38.00 | Epsilon 0.0440
Seed 13 | Episode 398 | Reward 62.00 | Epsilon 0.0439
Seed 13 | Episode 399 | Reward 56.00 | Epsilon 0.0438
Seed 13 | Episode 400 | Reward 53.00 | Epsilon 0.0438
Seed 13 | Episode 401 | Reward 58.00 | Epsilon 0.0437
Seed 13 | Episode 402 | Reward 55.00 | Epsilon 0.0437
Seed 13 | Episode 403 | Reward 47.00 | Epsilon 0.0436
Seed 13 | Episode 404 | Reward 52.00 | Epsilon 0.0435
Seed 13 | Episode 405 | Reward 54.00 | Epsilon 0.0435
Seed 13 | Episode 406 | Reward 56.00 | Epsilon 0.0434
Seed 13 | Episode 407 | Reward 46.00 | Epsilon 0.0433
Seed 13 | Episode 408 | Reward 4.00 | Epsilon 0.0432
Seed 13 | Episode 409 | Reward -4.00 | Epsilon 0.0431
Seed 13 | Episode 410 | Reward 44.00 | Epsilon 0.0430
Seed 13 | Episode 411 | Reward 45.00 | Epsilon 0.0429
Seed 13 | Episode 412 | Reward 46.00 | Epsilon 0.0429
Seed 13 | Episode 413 | Reward 33.00 | Epsilon 0.0428
Seed 13 | Episode 414 | Reward 54.00 | Epsilon 0.0427
Seed 13 | Episode 415 | Reward -300.00 | Epsilon 0.0423
Seed 13 | Episode 416 | Reward 41.00 | Epsilon 0.0423
Seed 13 | Episode 417 | Reward 32.00 | Epsilon 0.0422
Seed 13 | Episode 418 | Reward 57.00 | Epsilon 0.0421
Seed 13 | Episode 419 | Reward 29.00 | Epsilon 0.0420
Seed 13 | Episode 420 | Reward 52.00 | Epsilon 0.0420
Seed 13 | Episode 421 | Reward 48.00 | Epsilon 0.0419
Seed 13 | Episode 422 | Reward 57.00 | Epsilon 0.0418
Seed 13 | Episode 423 | Reward -52.00 | Epsilon 0.0416
Seed 13 | Episode 424 | Reward -59.00 | Epsilon 0.0414
Seed 13 | Episode 425 | Reward -56.00 | Epsilon 0.0413
Seed 13 | Episode 426 | Reward -14.00 | Epsilon 0.0411
Seed 13 | Episode 427 | Reward 42.00 | Epsilon 0.0410
Seed 13 | Episode 428 | Reward -300.00 | Epsilon 0.0407
Seed 13 | Episode 429 | Reward 61.00 | Epsilon 0.0406
Seed 13 | Episode 430 | Reward -86.00 | Epsilon 0.0404
Seed 13 | Episode 431 | Reward -77.00 | Epsilon 0.0402
Seed 13 | Episode 432 | Reward 23.00 | Epsilon 0.0401
Seed 13 | Episode 433 | Reward -31.00 | Epsilon 0.0399
Seed 13 | Episode 434 | Reward 59.00 | Epsilon 0.0399
Seed 13 | Episode 435 | Reward -85.00 | Epsilon 0.0397
Seed 13 | Episode 436 | Reward -17.00 | Epsilon 0.0395
Seed 13 | Episode 437 | Reward 1.00 | Epsilon 0.0394
Seed 13 | Episode 438 | Reward -19.00 | Epsilon 0.0393
Seed 13 | Episode 439 | Reward 59.00 | Epsilon 0.0392
Seed 13 | Episode 440 | Reward 43.00 | Epsilon 0.0391
Seed 13 | Episode 441 | Reward -119.00 | Epsilon 0.0389
Seed 13 | Episode 442 | Reward -300.00 | Epsilon 0.0385
Seed 13 | Episode 443 | Reward -300.00 | Epsilon 0.0382
Seed 13 | Episode 444 | Reward 47.00 | Epsilon 0.0381
Seed 13 | Episode 445 | Reward -196.00 | Epsilon 0.0378
Seed 13 | Episode 446 | Reward 39.00 | Epsilon 0.0377
Seed 13 | Episode 447 | Reward 55.00 | Epsilon 0.0377
Seed 13 | Episode 448 | Reward 35.00 | Epsilon 0.0376
Seed 13 | Episode 449 | Reward -81.00 | Epsilon 0.0374
Seed 13 | Episode 450 | Reward -17.00 | Epsilon 0.0373
Seed 13 | Episode 451 | Reward 40.00 | Epsilon 0.0372
Seed 13 | Episode 452 | Reward 50.00 | Epsilon 0.0371
Seed 13 | Episode 453 | Reward -10.00 | Epsilon 0.0370
Seed 13 | Episode 454 | Reward -119.00 | Epsilon 0.0368
Seed 13 | Episode 455 | Reward 45.00 | Epsilon 0.0367
Seed 13 | Episode 456 | Reward -199.00 | Epsilon 0.0364
Seed 13 | Episode 457 | Reward -115.00 | Epsilon 0.0361
Seed 13 | Episode 458 | Reward 50.00 | Epsilon 0.0361
Seed 13 | Episode 459 | Reward -300.00 | Epsilon 0.0358
Seed 13 | Episode 460 | Reward 61.00 | Epsilon 0.0357
Seed 13 | Episode 461 | Reward 51.00 | Epsilon 0.0357
Seed 13 | Episode 462 | Reward -33.00 | Epsilon 0.0355
Seed 13 | Episode 463 | Reward 56.00 | Epsilon 0.0355
Seed 13 | Episode 464 | Reward 44.00 | Epsilon 0.0354
Seed 13 | Episode 465 | Reward -7.00 | Epsilon 0.0353
Seed 13 | Episode 466 | Reward -133.00 | Epsilon 0.0350
Seed 13 | Episode 467 | Reward 48.00 | Epsilon 0.0350
Seed 13 | Episode 468 | Reward 2.00 | Epsilon 0.0349
Seed 13 | Episode 469 | Reward 51.00 | Epsilon 0.0348
Seed 13 | Episode 470 | Reward 55.00 | Epsilon 0.0348
Seed 13 | Episode 471 | Reward 60.00 | Epsilon 0.0347
Seed 13 | Episode 472 | Reward 48.00 | Epsilon 0.0347
Seed 13 | Episode 473 | Reward -23.00 | Epsilon 0.0346
Seed 13 | Episode 474 | Reward -127.00 | Epsilon 0.0343
Seed 13 | Episode 475 | Reward 48.00 | Epsilon 0.0343
Seed 13 | Episode 476 | Reward 58.00 | Epsilon 0.0342
Seed 13 | Episode 477 | Reward 44.00 | Epsilon 0.0342
Seed 13 | Episode 478 | Reward 37.00 | Epsilon 0.0341
Seed 13 | Episode 479 | Reward 61.00 | Epsilon 0.0341
Seed 13 | Episode 480 | Reward 56.00 | Epsilon 0.0340
Seed 13 | Episode 481 | Reward 60.00 | Epsilon 0.0340
Seed 13 | Episode 482 | Reward 35.00 | Epsilon 0.0339
Seed 13 | Episode 483 | Reward 49.00 | Epsilon 0.0339
Seed 13 | Episode 484 | Reward 48.00 | Epsilon 0.0338
Seed 13 | Episode 485 | Reward 44.00 | Epsilon 0.0337
Seed 13 | Episode 486 | Reward 46.00 | Epsilon 0.0337
Seed 13 | Episode 487 | Reward 57.00 | Epsilon 0.0336
Seed 13 | Episode 488 | Reward 43.00 | Epsilon 0.0336
Seed 13 | Episode 489 | Reward 41.00 | Epsilon 0.0335
Seed 13 | Episode 490 | Reward 51.00 | Epsilon 0.0335
Seed 13 | Episode 491 | Reward 40.00 | Epsilon 0.0334
Seed 13 | Episode 492 | Reward 43.00 | Epsilon 0.0334
Seed 13 | Episode 493 | Reward 58.00 | Epsilon 0.0333
Seed 13 | Episode 494 | Reward 43.00 | Epsilon 0.0333
Seed 13 | Episode 495 | Reward 44.00 | Epsilon 0.0332
Seed 13 | Episode 496 | Reward 32.00 | Epsilon 0.0331
Seed 13 | Episode 497 | Reward 56.00 | Epsilon 0.0331
Seed 13 | Episode 498 | Reward -49.00 | Epsilon 0.0329
Seed 13 | Episode 499 | Reward 57.00 | Epsilon 0.0329
Seed 13 | Episode 500 | Reward 54.00 | Epsilon 0.0328
Seed 13 | Episode 501 | Reward 52.00 | Epsilon 0.0328
Seed 13 | Episode 502 | Reward 27.00 | Epsilon 0.0327
Seed 13 | Episode 503 | Reward 48.00 | Epsilon 0.0327
Seed 13 | Episode 504 | Reward 54.00 | Epsilon 0.0326
Seed 13 | Episode 505 | Reward 42.00 | Epsilon 0.0326
Seed 13 | Episode 506 | Reward 53.00 | Epsilon 0.0325
Seed 13 | Episode 507 | Reward 42.00 | Epsilon 0.0325
Seed 13 | Episode 508 | Reward 50.00 | Epsilon 0.0324
Seed 13 | Episode 509 | Reward 38.00 | Epsilon 0.0324
Seed 13 | Episode 510 | Reward 54.00 | Epsilon 0.0323
Seed 13 | Episode 511 | Reward -6.00 | Epsilon 0.0322
Seed 13 | Episode 512 | Reward 50.00 | Epsilon 0.0322
Seed 13 | Episode 513 | Reward 47.00 | Epsilon 0.0321
Seed 13 | Episode 514 | Reward 58.00 | Epsilon 0.0321
Seed 13 | Episode 515 | Reward 57.00 | Epsilon 0.0320
Seed 13 | Episode 516 | Reward 45.00 | Epsilon 0.0320
Seed 13 | Episode 517 | Reward 56.00 | Epsilon 0.0319
Seed 13 | Episode 518 | Reward 57.00 | Epsilon 0.0319
Seed 13 | Episode 519 | Reward 46.00 | Epsilon 0.0318
Seed 13 | Episode 520 | Reward 48.00 | Epsilon 0.0318
Seed 13 | Episode 521 | Reward 44.00 | Epsilon 0.0317
Seed 13 | Episode 522 | Reward 48.00 | Epsilon 0.0317
Seed 13 | Episode 523 | Reward 45.00 | Epsilon 0.0316
Seed 13 | Episode 524 | Reward 51.00 | Epsilon 0.0316
Seed 13 | Episode 525 | Reward 59.00 | Epsilon 0.0315
Seed 13 | Episode 526 | Reward 47.00 | Epsilon 0.0315
Seed 13 | Episode 527 | Reward 50.00 | Epsilon 0.0314
Seed 13 | Episode 528 | Reward 40.00 | Epsilon 0.0314
Seed 13 | Episode 529 | Reward 56.00 | Epsilon 0.0313
Seed 13 | Episode 530 | Reward 41.00 | Epsilon 0.0313
Seed 13 | Episode 531 | Reward 47.00 | Epsilon 0.0312
Seed 13 | Episode 532 | Reward 56.00 | Epsilon 0.0312
Seed 13 | Episode 533 | Reward 2.00 | Epsilon 0.0311
Seed 13 | Episode 534 | Reward 43.00 | Epsilon 0.0310
Seed 13 | Episode 535 | Reward 50.00 | Epsilon 0.0310
Seed 13 | Episode 536 | Reward 48.00 | Epsilon 0.0309
Seed 13 | Episode 537 | Reward -6.00 | Epsilon 0.0308
Seed 13 | Episode 538 | Reward 51.00 | Epsilon 0.0308
Seed 13 | Episode 539 | Reward 51.00 | Epsilon 0.0307
Seed 13 | Episode 540 | Reward 53.00 | Epsilon 0.0307
Seed 13 | Episode 541 | Reward 44.00 | Epsilon 0.0307
Seed 13 | Episode 542 | Reward 56.00 | Epsilon 0.0306
Seed 13 | Episode 543 | Reward 54.00 | Epsilon 0.0306
Seed 13 | Episode 544 | Reward 44.00 | Epsilon 0.0305
Seed 13 | Episode 545 | Reward 39.00 | Epsilon 0.0305
Seed 13 | Episode 546 | Reward 61.00 | Epsilon 0.0304
Seed 13 | Episode 547 | Reward 56.00 | Epsilon 0.0304
Seed 13 | Episode 548 | Reward 43.00 | Epsilon 0.0303
Seed 13 | Episode 549 | Reward 44.00 | Epsilon 0.0303
Seed 13 | Episode 550 | Reward -29.00 | Epsilon 0.0302
Seed 13 | Episode 551 | Reward 52.00 | Epsilon 0.0301
Seed 13 | Episode 552 | Reward 46.00 | Epsilon 0.0301
Seed 13 | Episode 553 | Reward 49.00 | Epsilon 0.0300
Seed 13 | Episode 554 | Reward 53.00 | Epsilon 0.0300
Seed 13 | Episode 555 | Reward 40.00 | Epsilon 0.0299
Seed 13 | Episode 556 | Reward 60.00 | Epsilon 0.0299
Seed 13 | Episode 557 | Reward 50.00 | Epsilon 0.0298
Seed 13 | Episode 558 | Reward 46.00 | Epsilon 0.0298
Seed 13 | Episode 559 | Reward 50.00 | Epsilon 0.0297
Seed 13 | Episode 560 | Reward 42.00 | Epsilon 0.0297
Seed 13 | Episode 561 | Reward 56.00 | Epsilon 0.0296
Seed 13 | Episode 562 | Reward 50.00 | Epsilon 0.0296
Seed 13 | Episode 563 | Reward 50.00 | Epsilon 0.0296
Seed 13 | Episode 564 | Reward 38.00 | Epsilon 0.0295
Seed 13 | Episode 565 | Reward 53.00 | Epsilon 0.0295
Seed 13 | Episode 566 | Reward 57.00 | Epsilon 0.0294
Seed 13 | Episode 567 | Reward 47.00 | Epsilon 0.0294
Seed 13 | Episode 568 | Reward 27.00 | Epsilon 0.0293
Seed 13 | Episode 569 | Reward 35.00 | Epsilon 0.0292
Seed 13 | Episode 570 | Reward 40.00 | Epsilon 0.0292
Seed 13 | Episode 571 | Reward 49.00 | Epsilon 0.0292
Seed 13 | Episode 572 | Reward 60.00 | Epsilon 0.0291
Seed 13 | Episode 573 | Reward 51.00 | Epsilon 0.0291
Seed 13 | Episode 574 | Reward 32.00 | Epsilon 0.0290
Seed 13 | Episode 575 | Reward 50.00 | Epsilon 0.0290
Seed 13 | Episode 576 | Reward 59.00 | Epsilon 0.0289
Seed 13 | Episode 577 | Reward 60.00 | Epsilon 0.0289
Seed 13 | Episode 578 | Reward 49.00 | Epsilon 0.0288
Seed 13 | Episode 579 | Reward 53.00 | Epsilon 0.0288
Seed 13 | Episode 580 | Reward 62.00 | Epsilon 0.0288
Seed 13 | Episode 581 | Reward 49.00 | Epsilon 0.0287
Seed 13 | Episode 582 | Reward 53.00 | Epsilon 0.0287
Seed 13 | Episode 583 | Reward 60.00 | Epsilon 0.0287
Seed 13 | Episode 584 | Reward 55.00 | Epsilon 0.0286
Seed 13 | Episode 585 | Reward 47.00 | Epsilon 0.0286
Seed 13 | Episode 586 | Reward 37.00 | Epsilon 0.0285
Seed 13 | Episode 587 | Reward 45.00 | Epsilon 0.0285
Seed 13 | Episode 588 | Reward 45.00 | Epsilon 0.0284
Seed 13 | Episode 589 | Reward 27.00 | Epsilon 0.0284
Seed 13 | Episode 590 | Reward 62.00 | Epsilon 0.0283
Seed 13 | Episode 591 | Reward 60.00 | Epsilon 0.0283
Seed 13 | Episode 592 | Reward 47.00 | Epsilon 0.0282
Seed 13 | Episode 593 | Reward 44.00 | Epsilon 0.0282
Seed 13 | Episode 594 | Reward 57.00 | Epsilon 0.0282
Seed 13 | Episode 595 | Reward 56.00 | Epsilon 0.0281
Seed 13 | Episode 596 | Reward 57.00 | Epsilon 0.0281
Seed 13 | Episode 597 | Reward 47.00 | Epsilon 0.0280
Seed 13 | Episode 598 | Reward 43.00 | Epsilon 0.0280
Seed 13 | Episode 599 | Reward 42.00 | Epsilon 0.0279
Seed 13 | Episode 600 | Reward 47.00 | Epsilon 0.0279
Seed 13 | Episode 601 | Reward 54.00 | Epsilon 0.0279
Seed 13 | Episode 602 | Reward -49.00 | Epsilon 0.0277
Seed 13 | Episode 603 | Reward 49.00 | Epsilon 0.0277
Seed 13 | Episode 604 | Reward 53.00 | Epsilon 0.0276
Seed 13 | Episode 605 | Reward 46.00 | Epsilon 0.0276
Seed 13 | Episode 606 | Reward 46.00 | Epsilon 0.0276
Seed 13 | Episode 607 | Reward 50.00 | Epsilon 0.0275
Seed 13 | Episode 608 | Reward 56.00 | Epsilon 0.0275
Seed 13 | Episode 609 | Reward 58.00 | Epsilon 0.0274
Seed 13 | Episode 610 | Reward -9.00 | Epsilon 0.0273
Seed 13 | Episode 611 | Reward 4.00 | Epsilon 0.0273
Seed 13 | Episode 612 | Reward 48.00 | Epsilon 0.0272
Seed 13 | Episode 613 | Reward 51.00 | Epsilon 0.0272
Seed 13 | Episode 614 | Reward 58.00 | Epsilon 0.0271
Seed 13 | Episode 615 | Reward 55.00 | Epsilon 0.0271
Seed 13 | Episode 616 | Reward 48.00 | Epsilon 0.0271
Seed 13 | Episode 617 | Reward 44.00 | Epsilon 0.0270
Seed 13 | Episode 618 | Reward 59.00 | Epsilon 0.0270
Seed 13 | Episode 619 | Reward 49.00 | Epsilon 0.0269
Seed 13 | Episode 620 | Reward 56.00 | Epsilon 0.0269
Seed 13 | Episode 621 | Reward 48.00 | Epsilon 0.0269
Seed 13 | Episode 622 | Reward 41.00 | Epsilon 0.0268
Seed 13 | Episode 623 | Reward 43.00 | Epsilon 0.0268
Seed 13 | Episode 624 | Reward 46.00 | Epsilon 0.0267
Seed 13 | Episode 625 | Reward 64.00 | Epsilon 0.0267
Seed 13 | Episode 626 | Reward 64.00 | Epsilon 0.0267
Seed 13 | Episode 627 | Reward 50.00 | Epsilon 0.0266
Seed 13 | Episode 628 | Reward 45.00 | Epsilon 0.0266
Seed 13 | Episode 629 | Reward 46.00 | Epsilon 0.0265
Seed 13 | Episode 630 | Reward 59.00 | Epsilon 0.0265
Seed 13 | Episode 631 | Reward 50.00 | Epsilon 0.0265
Seed 13 | Episode 632 | Reward 42.00 | Epsilon 0.0264
Seed 13 | Episode 633 | Reward 53.00 | Epsilon 0.0264
Seed 13 | Episode 634 | Reward 42.00 | Epsilon 0.0263
Seed 13 | Episode 635 | Reward 45.00 | Epsilon 0.0263
Seed 13 | Episode 636 | Reward 46.00 | Epsilon 0.0262
Seed 13 | Episode 637 | Reward 48.00 | Epsilon 0.0262
Seed 13 | Episode 638 | Reward 44.00 | Epsilon 0.0262
Seed 13 | Episode 639 | Reward 54.00 | Epsilon 0.0261
Seed 13 | Episode 640 | Reward 35.00 | Epsilon 0.0261
Seed 13 | Episode 641 | Reward 49.00 | Epsilon 0.0260
Seed 13 | Episode 642 | Reward 56.00 | Epsilon 0.0260
Seed 13 | Episode 643 | Reward 47.00 | Epsilon 0.0260
Seed 13 | Episode 644 | Reward 55.00 | Epsilon 0.0259
Seed 13 | Episode 645 | Reward 48.00 | Epsilon 0.0259
Seed 13 | Episode 646 | Reward 54.00 | Epsilon 0.0258
Seed 13 | Episode 647 | Reward 58.00 | Epsilon 0.0258
Seed 13 | Episode 648 | Reward 44.00 | Epsilon 0.0258
Seed 13 | Episode 649 | Reward 30.00 | Epsilon 0.0257
Seed 13 | Episode 650 | Reward 49.00 | Epsilon 0.0257
Seed 13 | Episode 651 | Reward 48.00 | Epsilon 0.0256
Seed 13 | Episode 652 | Reward 50.00 | Epsilon 0.0256
Seed 13 | Episode 653 | Reward 36.00 | Epsilon 0.0255
Seed 13 | Episode 654 | Reward 54.00 | Epsilon 0.0255
Seed 13 | Episode 655 | Reward 6.00 | Epsilon 0.0254
Seed 13 | Episode 656 | Reward 61.00 | Epsilon 0.0254
Seed 13 | Episode 657 | Reward 57.00 | Epsilon 0.0254
Seed 13 | Episode 658 | Reward 41.00 | Epsilon 0.0253
Seed 13 | Episode 659 | Reward 61.00 | Epsilon 0.0253
Seed 13 | Episode 660 | Reward 45.00 | Epsilon 0.0252
Seed 13 | Episode 661 | Reward 61.00 | Epsilon 0.0252
Seed 13 | Episode 662 | Reward 60.00 | Epsilon 0.0252
Seed 13 | Episode 663 | Reward 48.00 | Epsilon 0.0251
Seed 13 | Episode 664 | Reward 58.00 | Epsilon 0.0251
Seed 13 | Episode 665 | Reward 47.00 | Epsilon 0.0251
Seed 13 | Episode 666 | Reward 57.00 | Epsilon 0.0250
Seed 13 | Episode 667 | Reward 63.00 | Epsilon 0.0250
Seed 13 | Episode 668 | Reward 53.00 | Epsilon 0.0250
Seed 13 | Episode 669 | Reward 48.00 | Epsilon 0.0249
Seed 13 | Episode 670 | Reward 33.00 | Epsilon 0.0249
Seed 13 | Episode 671 | Reward 50.00 | Epsilon 0.0248
Seed 13 | Episode 672 | Reward 57.00 | Epsilon 0.0248
Seed 13 | Episode 673 | Reward 44.00 | Epsilon 0.0248
Seed 13 | Episode 674 | Reward 58.00 | Epsilon 0.0247
Seed 13 | Episode 675 | Reward 58.00 | Epsilon 0.0247
Seed 13 | Episode 676 | Reward 56.00 | Epsilon 0.0247
Seed 13 | Episode 677 | Reward 27.00 | Epsilon 0.0246
Seed 13 | Episode 678 | Reward 57.00 | Epsilon 0.0246
Seed 13 | Episode 679 | Reward 58.00 | Epsilon 0.0246
Seed 13 | Episode 680 | Reward 54.00 | Epsilon 0.0245
Seed 13 | Episode 681 | Reward -14.00 | Epsilon 0.0244
Seed 13 | Episode 682 | Reward 58.00 | Epsilon 0.0244
Seed 13 | Episode 683 | Reward 60.00 | Epsilon 0.0244
Seed 13 | Episode 684 | Reward 54.00 | Epsilon 0.0243
Seed 13 | Episode 685 | Reward 47.00 | Epsilon 0.0243
Seed 13 | Episode 686 | Reward 51.00 | Epsilon 0.0243
Seed 13 | Episode 687 | Reward 49.00 | Epsilon 0.0242
Seed 13 | Episode 688 | Reward 39.00 | Epsilon 0.0242
Seed 13 | Episode 689 | Reward 64.00 | Epsilon 0.0242
Seed 13 | Episode 690 | Reward 53.00 | Epsilon 0.0241
Seed 13 | Episode 691 | Reward 61.00 | Epsilon 0.0241
Seed 13 | Episode 692 | Reward 62.00 | Epsilon 0.0241
Seed 13 | Episode 693 | Reward 52.00 | Epsilon 0.0240
Seed 13 | Episode 694 | Reward 54.00 | Epsilon 0.0240
Seed 13 | Episode 695 | Reward 62.00 | Epsilon 0.0240
Seed 13 | Episode 696 | Reward 50.00 | Epsilon 0.0239
Seed 13 | Episode 697 | Reward 54.00 | Epsilon 0.0239
Seed 13 | Episode 698 | Reward 60.00 | Epsilon 0.0239
Seed 13 | Episode 699 | Reward 62.00 | Epsilon 0.0238
Seed 13 | Episode 700 | Reward 62.00 | Epsilon 0.0238
Seed 13 | Episode 701 | Reward 34.00 | Epsilon 0.0238
Seed 13 | Episode 702 | Reward 44.00 | Epsilon 0.0237
Seed 13 | Episode 703 | Reward 12.00 | Epsilon 0.0237
Seed 13 | Episode 704 | Reward 45.00 | Epsilon 0.0236
Seed 13 | Episode 705 | Reward 56.00 | Epsilon 0.0236
Seed 13 | Episode 706 | Reward 48.00 | Epsilon 0.0235
Seed 13 | Episode 707 | Reward 56.00 | Epsilon 0.0235
Seed 13 | Episode 708 | Reward 45.00 | Epsilon 0.0235
Seed 13 | Episode 709 | Reward 51.00 | Epsilon 0.0234
Seed 13 | Episode 710 | Reward 47.00 | Epsilon 0.0234
Seed 13 | Episode 711 | Reward 0.00 | Epsilon 0.0233
Seed 13 | Episode 712 | Reward 52.00 | Epsilon 0.0233
Seed 13 | Episode 713 | Reward 56.00 | Epsilon 0.0233
Seed 13 | Episode 714 | Reward 56.00 | Epsilon 0.0232
Seed 13 | Episode 715 | Reward 44.00 | Epsilon 0.0232
Seed 13 | Episode 716 | Reward 54.00 | Epsilon 0.0232
Seed 13 | Episode 717 | Reward 55.00 | Epsilon 0.0231
Seed 13 | Episode 718 | Reward 53.00 | Epsilon 0.0231
Seed 13 | Episode 719 | Reward 51.00 | Epsilon 0.0231
Seed 13 | Episode 720 | Reward 57.00 | Epsilon 0.0230
Seed 13 | Episode 721 | Reward 42.00 | Epsilon 0.0230
Seed 13 | Episode 722 | Reward 40.00 | Epsilon 0.0230
Seed 13 | Episode 723 | Reward 50.00 | Epsilon 0.0229
Seed 13 | Episode 724 | Reward 62.00 | Epsilon 0.0229
Seed 13 | Episode 725 | Reward 58.00 | Epsilon 0.0229
Seed 13 | Episode 726 | Reward 47.00 | Epsilon 0.0228
Seed 13 | Episode 727 | Reward 46.00 | Epsilon 0.0228
Seed 13 | Episode 728 | Reward 57.00 | Epsilon 0.0228
Seed 13 | Episode 729 | Reward 57.00 | Epsilon 0.0227
Seed 13 | Episode 730 | Reward 38.00 | Epsilon 0.0227
Seed 13 | Episode 731 | Reward 50.00 | Epsilon 0.0226
Seed 13 | Episode 732 | Reward 56.00 | Epsilon 0.0226
Seed 13 | Episode 733 | Reward 56.00 | Epsilon 0.0226
Seed 13 | Episode 734 | Reward 61.00 | Epsilon 0.0226
Seed 13 | Episode 735 | Reward 44.00 | Epsilon 0.0225
Seed 13 | Episode 736 | Reward 48.00 | Epsilon 0.0225
Seed 13 | Episode 737 | Reward 56.00 | Epsilon 0.0225
Seed 13 | Episode 738 | Reward 41.00 | Epsilon 0.0224
Seed 13 | Episode 739 | Reward 62.00 | Epsilon 0.0224
Seed 13 | Episode 740 | Reward 50.00 | Epsilon 0.0224
Seed 13 | Episode 741 | Reward 58.00 | Epsilon 0.0223
Seed 13 | Episode 742 | Reward 53.00 | Epsilon 0.0223
Seed 13 | Episode 743 | Reward -19.00 | Epsilon 0.0222
Seed 13 | Episode 744 | Reward 48.00 | Epsilon 0.0222
Seed 13 | Episode 745 | Reward 55.00 | Epsilon 0.0221
Seed 13 | Episode 746 | Reward 43.00 | Epsilon 0.0221
Seed 13 | Episode 747 | Reward 39.00 | Epsilon 0.0221
Seed 13 | Episode 748 | Reward 60.00 | Epsilon 0.0220
Seed 13 | Episode 749 | Reward 55.00 | Epsilon 0.0220
Seed 13 | Episode 750 | Reward 48.00 | Epsilon 0.0220
Seed 13 | Episode 751 | Reward 44.00 | Epsilon 0.0219
Seed 13 | Episode 752 | Reward 55.00 | Epsilon 0.0219
Seed 13 | Episode 753 | Reward 42.00 | Epsilon 0.0219
Seed 13 | Episode 754 | Reward 60.00 | Epsilon 0.0218
Seed 13 | Episode 755 | Reward 32.00 | Epsilon 0.0218
Seed 13 | Episode 756 | Reward 55.00 | Epsilon 0.0218
Seed 13 | Episode 757 | Reward 58.00 | Epsilon 0.0217
Seed 13 | Episode 758 | Reward 61.00 | Epsilon 0.0217
Seed 13 | Episode 759 | Reward 54.00 | Epsilon 0.0217
Seed 13 | Episode 760 | Reward 61.00 | Epsilon 0.0217
Seed 13 | Episode 761 | Reward 47.00 | Epsilon 0.0216
Seed 13 | Episode 762 | Reward 57.00 | Epsilon 0.0216
Seed 13 | Episode 763 | Reward 53.00 | Epsilon 0.0216
Seed 13 | Episode 764 | Reward 47.00 | Epsilon 0.0215
Seed 13 | Episode 765 | Reward 55.00 | Epsilon 0.0215
Seed 13 | Episode 766 | Reward 52.00 | Epsilon 0.0215
Seed 13 | Episode 767 | Reward 57.00 | Epsilon 0.0214
Seed 13 | Episode 768 | Reward 40.00 | Epsilon 0.0214
Seed 13 | Episode 769 | Reward 63.00 | Epsilon 0.0214
Seed 13 | Episode 770 | Reward 55.00 | Epsilon 0.0213
Seed 13 | Episode 771 | Reward 59.00 | Epsilon 0.0213
Seed 13 | Episode 772 | Reward 43.00 | Epsilon 0.0213
Seed 13 | Episode 773 | Reward 42.00 | Epsilon 0.0212
Seed 13 | Episode 774 | Reward 55.00 | Epsilon 0.0212
Seed 13 | Episode 775 | Reward 44.00 | Epsilon 0.0212
Seed 13 | Episode 776 | Reward 57.00 | Epsilon 0.0211
Seed 13 | Episode 777 | Reward 48.00 | Epsilon 0.0211
Seed 13 | Episode 778 | Reward 55.00 | Epsilon 0.0211
Seed 13 | Episode 779 | Reward 35.00 | Epsilon 0.0210
Seed 13 | Episode 780 | Reward 65.00 | Epsilon 0.0210
Seed 13 | Episode 781 | Reward 53.00 | Epsilon 0.0210
Seed 13 | Episode 782 | Reward 52.00 | Epsilon 0.0210
Seed 13 | Episode 783 | Reward 48.00 | Epsilon 0.0209
Seed 13 | Episode 784 | Reward -12.00 | Epsilon 0.0209
Seed 13 | Episode 785 | Reward 58.00 | Epsilon 0.0208
Seed 13 | Episode 786 | Reward 59.00 | Epsilon 0.0208
Seed 13 | Episode 787 | Reward 28.00 | Epsilon 0.0208
Seed 13 | Episode 788 | Reward 21.00 | Epsilon 0.0207
Seed 13 | Episode 789 | Reward 56.00 | Epsilon 0.0207
Seed 13 | Episode 790 | Reward 55.00 | Epsilon 0.0207
Seed 13 | Episode 791 | Reward 39.00 | Epsilon 0.0206
Seed 13 | Episode 792 | Reward 36.00 | Epsilon 0.0206
Seed 13 | Episode 793 | Reward 58.00 | Epsilon 0.0205
Seed 13 | Episode 794 | Reward 46.00 | Epsilon 0.0205
Seed 13 | Episode 795 | Reward 43.00 | Epsilon 0.0205
Seed 13 | Episode 796 | Reward 46.00 | Epsilon 0.0204
Seed 13 | Episode 797 | Reward 48.00 | Epsilon 0.0204
Seed 13 | Episode 798 | Reward 55.00 | Epsilon 0.0204
Seed 13 | Episode 799 | Reward 49.00 | Epsilon 0.0204
Seed 13 | Episode 800 | Reward 45.00 | Epsilon 0.0203
Seed 13 | Episode 801 | Reward 26.00 | Epsilon 0.0203
Seed 13 | Episode 802 | Reward 60.00 | Epsilon 0.0202
Seed 13 | Episode 803 | Reward 55.00 | Epsilon 0.0202
Seed 13 | Episode 804 | Reward 47.00 | Epsilon 0.0202
Seed 13 | Episode 805 | Reward 60.00 | Epsilon 0.0202
Seed 13 | Episode 806 | Reward 51.00 | Epsilon 0.0201
Seed 13 | Episode 807 | Reward 40.00 | Epsilon 0.0201
Seed 13 | Episode 808 | Reward 48.00 | Epsilon 0.0201
Seed 13 | Episode 809 | Reward 49.00 | Epsilon 0.0200
Seed 13 | Episode 810 | Reward 55.00 | Epsilon 0.0200
Seed 13 | Episode 811 | Reward 49.00 | Epsilon 0.0200
Seed 13 | Episode 812 | Reward 46.00 | Epsilon 0.0199
Seed 13 | Episode 813 | Reward 57.00 | Epsilon 0.0199
Seed 13 | Episode 814 | Reward 56.00 | Epsilon 0.0199
Seed 13 | Episode 815 | Reward 38.00 | Epsilon 0.0198
Seed 13 | Episode 816 | Reward 49.00 | Epsilon 0.0198
Seed 13 | Episode 817 | Reward 43.00 | Epsilon 0.0198
Seed 13 | Episode 818 | Reward 60.00 | Epsilon 0.0198
Seed 13 | Episode 819 | Reward 31.00 | Epsilon 0.0197
Seed 13 | Episode 820 | Reward 42.00 | Epsilon 0.0197
Seed 13 | Episode 821 | Reward 43.00 | Epsilon 0.0196
Seed 13 | Episode 822 | Reward 49.00 | Epsilon 0.0196
Seed 13 | Episode 823 | Reward 59.00 | Epsilon 0.0196
Seed 13 | Episode 824 | Reward -31.00 | Epsilon 0.0195
Seed 13 | Episode 825 | Reward 55.00 | Epsilon 0.0195
Seed 13 | Episode 826 | Reward 55.00 | Epsilon 0.0195
Seed 13 | Episode 827 | Reward 54.00 | Epsilon 0.0194
Seed 13 | Episode 828 | Reward 47.00 | Epsilon 0.0194
Seed 13 | Episode 829 | Reward 43.00 | Epsilon 0.0194
Seed 13 | Episode 830 | Reward 30.00 | Epsilon 0.0193
Seed 13 | Episode 831 | Reward 53.00 | Epsilon 0.0193
Seed 13 | Episode 832 | Reward 52.00 | Epsilon 0.0193
Seed 13 | Episode 833 | Reward 63.00 | Epsilon 0.0192
Seed 13 | Episode 834 | Reward 63.00 | Epsilon 0.0192
Seed 13 | Episode 835 | Reward 48.00 | Epsilon 0.0192
Seed 13 | Episode 836 | Reward 52.00 | Epsilon 0.0192
Seed 13 | Episode 837 | Reward 58.00 | Epsilon 0.0191
Seed 13 | Episode 838 | Reward 47.00 | Epsilon 0.0191
Seed 13 | Episode 839 | Reward 51.00 | Epsilon 0.0191
Seed 13 | Episode 840 | Reward 56.00 | Epsilon 0.0191
Seed 13 | Episode 841 | Reward 62.00 | Epsilon 0.0190
Seed 13 | Episode 842 | Reward 51.00 | Epsilon 0.0190
Seed 13 | Episode 843 | Reward 30.00 | Epsilon 0.0190
Seed 13 | Episode 844 | Reward 63.00 | Epsilon 0.0189
Seed 13 | Episode 845 | Reward 63.00 | Epsilon 0.0189
Seed 13 | Episode 846 | Reward 42.00 | Epsilon 0.0189
Seed 13 | Episode 847 | Reward 39.00 | Epsilon 0.0189
Seed 13 | Episode 848 | Reward 54.00 | Epsilon 0.0188
Seed 13 | Episode 849 | Reward 53.00 | Epsilon 0.0188
Seed 13 | Episode 850 | Reward 41.00 | Epsilon 0.0188
Seed 13 | Episode 851 | Reward 47.00 | Epsilon 0.0187
Seed 13 | Episode 852 | Reward 64.00 | Epsilon 0.0187
Seed 13 | Episode 853 | Reward 48.00 | Epsilon 0.0187
Seed 13 | Episode 854 | Reward 42.00 | Epsilon 0.0187
Seed 13 | Episode 855 | Reward 52.00 | Epsilon 0.0186
Seed 13 | Episode 856 | Reward 52.00 | Epsilon 0.0186
Seed 13 | Episode 857 | Reward 55.00 | Epsilon 0.0186
Seed 13 | Episode 858 | Reward 58.00 | Epsilon 0.0185
Seed 13 | Episode 859 | Reward 61.00 | Epsilon 0.0185
Seed 13 | Episode 860 | Reward 46.00 | Epsilon 0.0185
Seed 13 | Episode 861 | Reward 50.00 | Epsilon 0.0185
Seed 13 | Episode 862 | Reward 49.00 | Epsilon 0.0184
Seed 13 | Episode 863 | Reward 54.00 | Epsilon 0.0184
Seed 13 | Episode 864 | Reward 59.00 | Epsilon 0.0184
Seed 13 | Episode 865 | Reward 56.00 | Epsilon 0.0184
Seed 13 | Episode 866 | Reward 63.00 | Epsilon 0.0183
Seed 13 | Episode 867 | Reward 54.00 | Epsilon 0.0183
Seed 13 | Episode 868 | Reward 64.00 | Epsilon 0.0183
Seed 13 | Episode 869 | Reward 52.00 | Epsilon 0.0183
Seed 13 | Episode 870 | Reward 61.00 | Epsilon 0.0182
Seed 13 | Episode 871 | Reward 62.00 | Epsilon 0.0182
Seed 13 | Episode 872 | Reward 63.00 | Epsilon 0.0182
Seed 13 | Episode 873 | Reward 42.00 | Epsilon 0.0182
Seed 13 | Episode 874 | Reward 39.00 | Epsilon 0.0181
Seed 13 | Episode 875 | Reward 35.00 | Epsilon 0.0181
Seed 13 | Episode 876 | Reward 52.00 | Epsilon 0.0181
Seed 13 | Episode 877 | Reward 46.00 | Epsilon 0.0180
Seed 13 | Episode 878 | Reward 36.00 | Epsilon 0.0180
Seed 13 | Episode 879 | Reward 61.00 | Epsilon 0.0180
Seed 13 | Episode 880 | Reward 63.00 | Epsilon 0.0180
Seed 13 | Episode 881 | Reward 45.00 | Epsilon 0.0179
Seed 13 | Episode 882 | Reward 62.00 | Epsilon 0.0179
Seed 13 | Episode 883 | Reward 55.00 | Epsilon 0.0179
Seed 13 | Episode 884 | Reward 56.00 | Epsilon 0.0179
Seed 13 | Episode 885 | Reward 55.00 | Epsilon 0.0178
Seed 13 | Episode 886 | Reward 18.00 | Epsilon 0.0178
Seed 13 | Episode 887 | Reward 53.00 | Epsilon 0.0178
Seed 13 | Episode 888 | Reward 49.00 | Epsilon 0.0177
Seed 13 | Episode 889 | Reward 48.00 | Epsilon 0.0177
Seed 13 | Episode 890 | Reward 48.00 | Epsilon 0.0177
Seed 13 | Episode 891 | Reward 46.00 | Epsilon 0.0177
Seed 13 | Episode 892 | Reward 43.00 | Epsilon 0.0176
Seed 13 | Episode 893 | Reward 56.00 | Epsilon 0.0176
Seed 13 | Episode 894 | Reward 29.00 | Epsilon 0.0176
Seed 13 | Episode 895 | Reward 56.00 | Epsilon 0.0175
Seed 13 | Episode 896 | Reward 61.00 | Epsilon 0.0175
Seed 13 | Episode 897 | Reward 24.00 | Epsilon 0.0175
Seed 13 | Episode 898 | Reward 53.00 | Epsilon 0.0175
Seed 13 | Episode 899 | Reward 63.00 | Epsilon 0.0174
Seed 13 | Episode 900 | Reward 36.00 | Epsilon 0.0174
Seed 13 | Episode 901 | Reward 57.00 | Epsilon 0.0174
Seed 13 | Episode 902 | Reward 62.00 | Epsilon 0.0174
Seed 13 | Episode 903 | Reward 54.00 | Epsilon 0.0173
Seed 13 | Episode 904 | Reward 61.00 | Epsilon 0.0173
Seed 13 | Episode 905 | Reward 36.00 | Epsilon 0.0173
Seed 13 | Episode 906 | Reward 48.00 | Epsilon 0.0173
Seed 13 | Episode 907 | Reward 57.00 | Epsilon 0.0172
Seed 13 | Episode 908 | Reward 26.00 | Epsilon 0.0172
Seed 13 | Episode 909 | Reward 61.00 | Epsilon 0.0172
Seed 13 | Episode 910 | Reward 56.00 | Epsilon 0.0172
Seed 13 | Episode 911 | Reward 34.00 | Epsilon 0.0171
Seed 13 | Episode 912 | Reward 57.00 | Epsilon 0.0171
Seed 13 | Episode 913 | Reward 58.00 | Epsilon 0.0171
Seed 13 | Episode 914 | Reward 66.00 | Epsilon 0.0171
Seed 13 | Episode 915 | Reward 58.00 | Epsilon 0.0170
Seed 13 | Episode 916 | Reward 57.00 | Epsilon 0.0170
Seed 13 | Episode 917 | Reward 62.00 | Epsilon 0.0170
Seed 13 | Episode 918 | Reward 48.00 | Epsilon 0.0170
Seed 13 | Episode 919 | Reward 52.00 | Epsilon 0.0169
Seed 13 | Episode 920 | Reward 52.00 | Epsilon 0.0169
Seed 13 | Episode 921 | Reward 40.00 | Epsilon 0.0169
Seed 13 | Episode 922 | Reward 43.00 | Epsilon 0.0169
Seed 13 | Episode 923 | Reward 52.00 | Epsilon 0.0168
Seed 13 | Episode 924 | Reward 49.00 | Epsilon 0.0168
Seed 13 | Episode 925 | Reward 55.00 | Epsilon 0.0168
Seed 13 | Episode 926 | Reward 44.00 | Epsilon 0.0168
Seed 13 | Episode 927 | Reward 44.00 | Epsilon 0.0167
Seed 13 | Episode 928 | Reward 38.00 | Epsilon 0.0167
Seed 13 | Episode 929 | Reward 48.00 | Epsilon 0.0167
Seed 13 | Episode 930 | Reward 1.00 | Epsilon 0.0166
Seed 13 | Episode 931 | Reward 52.00 | Epsilon 0.0166
Seed 13 | Episode 932 | Reward 44.00 | Epsilon 0.0166
Seed 13 | Episode 933 | Reward 38.00 | Epsilon 0.0165
Seed 13 | Episode 934 | Reward 54.00 | Epsilon 0.0165
Seed 13 | Episode 935 | Reward 51.00 | Epsilon 0.0165
Seed 13 | Episode 936 | Reward 61.00 | Epsilon 0.0165
Seed 13 | Episode 937 | Reward 58.00 | Epsilon 0.0164
Seed 13 | Episode 938 | Reward 50.00 | Epsilon 0.0164
Seed 13 | Episode 939 | Reward 55.00 | Epsilon 0.0164
Seed 13 | Episode 940 | Reward 45.00 | Epsilon 0.0164
Seed 13 | Episode 941 | Reward 56.00 | Epsilon 0.0163
Seed 13 | Episode 942 | Reward 55.00 | Epsilon 0.0163
Seed 13 | Episode 943 | Reward 49.00 | Epsilon 0.0163
Seed 13 | Episode 944 | Reward 46.00 | Epsilon 0.0163
Seed 13 | Episode 945 | Reward 54.00 | Epsilon 0.0162
Seed 13 | Episode 946 | Reward 30.00 | Epsilon 0.0162
Seed 13 | Episode 947 | Reward 59.00 | Epsilon 0.0162
Seed 13 | Episode 948 | Reward -4.00 | Epsilon 0.0161
Seed 13 | Episode 949 | Reward 45.00 | Epsilon 0.0161
Seed 13 | Episode 950 | Reward 45.00 | Epsilon 0.0161
Seed 13 | Episode 951 | Reward 27.00 | Epsilon 0.0161
Seed 13 | Episode 952 | Reward 45.00 | Epsilon 0.0160
Seed 13 | Episode 953 | Reward -105.00 | Epsilon 0.0159
Seed 13 | Episode 954 | Reward 34.00 | Epsilon 0.0159
Seed 13 | Episode 955 | Reward 62.00 | Epsilon 0.0159
Seed 13 | Episode 956 | Reward 33.00 | Epsilon 0.0158
Seed 13 | Episode 957 | Reward 45.00 | Epsilon 0.0158
Seed 13 | Episode 958 | Reward 59.00 | Epsilon 0.0158
Seed 13 | Episode 959 | Reward 46.00 | Epsilon 0.0158
Seed 13 | Episode 960 | Reward 48.00 | Epsilon 0.0157
Seed 13 | Episode 961 | Reward 29.00 | Epsilon 0.0157
Seed 13 | Episode 962 | Reward 50.00 | Epsilon 0.0157
Seed 13 | Episode 963 | Reward 49.00 | Epsilon 0.0157
Seed 13 | Episode 964 | Reward 49.00 | Epsilon 0.0156
Seed 13 | Episode 965 | Reward 42.00 | Epsilon 0.0156
Seed 13 | Episode 966 | Reward 59.00 | Epsilon 0.0156
Seed 13 | Episode 967 | Reward 49.00 | Epsilon 0.0156
Seed 13 | Episode 968 | Reward 41.00 | Epsilon 0.0155
Seed 13 | Episode 969 | Reward 53.00 | Epsilon 0.0155
Seed 13 | Episode 970 | Reward 61.00 | Epsilon 0.0155
Seed 13 | Episode 971 | Reward 51.00 | Epsilon 0.0155
Seed 13 | Episode 972 | Reward 51.00 | Epsilon 0.0155
Seed 13 | Episode 973 | Reward 54.00 | Epsilon 0.0154
Seed 13 | Episode 974 | Reward 65.00 | Epsilon 0.0154
Seed 13 | Episode 975 | Reward 49.00 | Epsilon 0.0154
Seed 13 | Episode 976 | Reward 59.00 | Epsilon 0.0154
Seed 13 | Episode 977 | Reward 45.00 | Epsilon 0.0153
Seed 13 | Episode 978 | Reward 26.00 | Epsilon 0.0153
Seed 13 | Episode 979 | Reward 57.00 | Epsilon 0.0153
Seed 13 | Episode 980 | Reward 56.00 | Epsilon 0.0153
Seed 13 | Episode 981 | Reward 47.00 | Epsilon 0.0152
Seed 13 | Episode 982 | Reward 62.00 | Epsilon 0.0152
Seed 13 | Episode 983 | Reward 34.00 | Epsilon 0.0152
Seed 13 | Episode 984 | Reward 27.00 | Epsilon 0.0152
Seed 13 | Episode 985 | Reward 49.00 | Epsilon 0.0151
Seed 13 | Episode 986 | Reward 58.00 | Epsilon 0.0151
Seed 13 | Episode 987 | Reward 55.00 | Epsilon 0.0151
Seed 13 | Episode 988 | Reward 41.00 | Epsilon 0.0151
Seed 13 | Episode 989 | Reward 63.00 | Epsilon 0.0151
Seed 13 | Episode 990 | Reward 51.00 | Epsilon 0.0150
Seed 13 | Episode 991 | Reward 36.00 | Epsilon 0.0150
Seed 13 | Episode 992 | Reward 50.00 | Epsilon 0.0150
Seed 13 | Episode 993 | Reward 60.00 | Epsilon 0.0150
Seed 13 | Episode 994 | Reward 61.00 | Epsilon 0.0149
Seed 13 | Episode 995 | Reward 56.00 | Epsilon 0.0149
Seed 13 | Episode 996 | Reward 5.00 | Epsilon 0.0149
Seed 13 | Episode 997 | Reward 32.00 | Epsilon 0.0148
Seed 13 | Episode 998 | Reward 56.00 | Epsilon 0.0148
Seed 13 | Episode 999 | Reward 52.00 | Epsilon 0.0148
Finished seed 13
