starting job
Sun Dec  7 20:08:08 2025       
+-----------------------------------------------------------------------------------------+
| NVIDIA-SMI 580.65.06              Driver Version: 580.65.06      CUDA Version: 13.0     |
+-----------------------------------------+------------------------+----------------------+
| GPU  Name                 Persistence-M | Bus-Id          Disp.A | Volatile Uncorr. ECC |
| Fan  Temp   Perf          Pwr:Usage/Cap |           Memory-Usage | GPU-Util  Compute M. |
|                                         |                        |               MIG M. |
|=========================================+========================+======================|
|   0  NVIDIA H100 80GB HBM3          On  |   00000000:06:00.0 Off |                   On |
| N/A   22C    P0             66W /  700W |     101MiB /  81559MiB |     N/A      Default |
|                                         |                        |              Enabled |
+-----------------------------------------+------------------------+----------------------+

+-----------------------------------------------------------------------------------------+
| MIG devices:                                                                            |
+------------------+----------------------------------+-----------+-----------------------+
| GPU  GI  CI  MIG |              Shared Memory-Usage |        Vol|        Shared         |
|      ID  ID  Dev |                Shared BAR1-Usage | SM     Unc| CE ENC  DEC  OFA  JPG |
|                  |                                  |        ECC|                       |
|==================+==================================+===========+=======================|
|  0    9   0   0  |              15MiB /  9984MiB    | 16      0 |  1   0    1    0    1 |
|                  |               0MiB /  6185MiB    |           |                       |
+------------------+----------------------------------+-----------+-----------------------+

+-----------------------------------------------------------------------------------------+
| Processes:                                                                              |
|  GPU   GI   CI              PID   Type   Process name                        GPU Memory |
|        ID   ID                                                               Usage      |
|=========================================================================================|
|  No running processes found                                                             |
+-----------------------------------------------------------------------------------------+
Running seed 19
Gym has been unmaintained since 2022 and does not support NumPy 2.0 amongst other critical functionality.
Please upgrade to Gymnasium, the maintained drop-in replacement of Gym, or contact the authors of your software and request that they upgrade.
Users of this version of Gym should be able to simply replace 'import gym' with 'import gymnasium as gym' in the vast majority of cases.
See the migration guide at https://gymnasium.farama.org/introduction/migration_guide/ for additional information.
Seed 19 | Episode 0 | Reward -300.00 | Epsilon 0.9987
Seed 19 | Episode 1 | Reward -300.00 | Epsilon 0.9897
Seed 19 | Episode 2 | Reward -300.00 | Epsilon 0.9808
Seed 19 | Episode 3 | Reward -300.00 | Epsilon 0.9720
Seed 19 | Episode 4 | Reward -300.00 | Epsilon 0.9633
Seed 19 | Episode 5 | Reward -300.00 | Epsilon 0.9547
Seed 19 | Episode 6 | Reward -300.00 | Epsilon 0.9462
Seed 19 | Episode 7 | Reward -300.00 | Epsilon 0.9377
Seed 19 | Episode 8 | Reward -300.00 | Epsilon 0.9293
Seed 19 | Episode 9 | Reward -300.00 | Epsilon 0.9209
Seed 19 | Episode 10 | Reward -300.00 | Epsilon 0.9127
Seed 19 | Episode 11 | Reward -300.00 | Epsilon 0.9045
Seed 19 | Episode 12 | Reward -300.00 | Epsilon 0.8964
Seed 19 | Episode 13 | Reward -300.00 | Epsilon 0.8884
Seed 19 | Episode 14 | Reward -300.00 | Epsilon 0.8804
Seed 19 | Episode 15 | Reward -300.00 | Epsilon 0.8725
Seed 19 | Episode 16 | Reward -300.00 | Epsilon 0.8647
Seed 19 | Episode 17 | Reward -300.00 | Epsilon 0.8570
Seed 19 | Episode 18 | Reward -300.00 | Epsilon 0.8493
Seed 19 | Episode 19 | Reward -300.00 | Epsilon 0.8417
Seed 19 | Episode 20 | Reward -300.00 | Epsilon 0.8341
Seed 19 | Episode 21 | Reward -300.00 | Epsilon 0.8267
Seed 19 | Episode 22 | Reward -300.00 | Epsilon 0.8193
Seed 19 | Episode 23 | Reward -300.00 | Epsilon 0.8119
Seed 19 | Episode 24 | Reward -300.00 | Epsilon 0.8046
Seed 19 | Episode 25 | Reward -300.00 | Epsilon 0.7974
Seed 19 | Episode 26 | Reward -300.00 | Epsilon 0.7903
Seed 19 | Episode 27 | Reward -196.00 | Epsilon 0.7833
Seed 19 | Episode 28 | Reward -300.00 | Epsilon 0.7763
Seed 19 | Episode 29 | Reward -300.00 | Epsilon 0.7693
Seed 19 | Episode 30 | Reward -300.00 | Epsilon 0.7624
Seed 19 | Episode 31 | Reward -300.00 | Epsilon 0.7556
Seed 19 | Episode 32 | Reward -300.00 | Epsilon 0.7488
Seed 19 | Episode 33 | Reward -300.00 | Epsilon 0.7421
Seed 19 | Episode 34 | Reward -300.00 | Epsilon 0.7355
Seed 19 | Episode 35 | Reward -300.00 | Epsilon 0.7289
Seed 19 | Episode 36 | Reward -300.00 | Epsilon 0.7223
Seed 19 | Episode 37 | Reward -300.00 | Epsilon 0.7159
Seed 19 | Episode 38 | Reward -300.00 | Epsilon 0.7095
Seed 19 | Episode 39 | Reward -300.00 | Epsilon 0.7031
Seed 19 | Episode 40 | Reward -300.00 | Epsilon 0.6968
Seed 19 | Episode 41 | Reward -300.00 | Epsilon 0.6906
Seed 19 | Episode 42 | Reward -300.00 | Epsilon 0.6844
Seed 19 | Episode 43 | Reward -300.00 | Epsilon 0.6782
Seed 19 | Episode 44 | Reward -300.00 | Epsilon 0.6722
Seed 19 | Episode 45 | Reward -300.00 | Epsilon 0.6661
Seed 19 | Episode 46 | Reward -300.00 | Epsilon 0.6602
Seed 19 | Episode 47 | Reward -300.00 | Epsilon 0.6542
Seed 19 | Episode 48 | Reward -300.00 | Epsilon 0.6484
Seed 19 | Episode 49 | Reward -300.00 | Epsilon 0.6426
Seed 19 | Episode 50 | Reward -300.00 | Epsilon 0.6368
Seed 19 | Episode 51 | Reward -300.00 | Epsilon 0.6311
Seed 19 | Episode 52 | Reward -300.00 | Epsilon 0.6255
Seed 19 | Episode 53 | Reward -300.00 | Epsilon 0.6199
Seed 19 | Episode 54 | Reward -300.00 | Epsilon 0.6143
Seed 19 | Episode 55 | Reward -300.00 | Epsilon 0.6088
Seed 19 | Episode 56 | Reward -300.00 | Epsilon 0.6033
Seed 19 | Episode 57 | Reward -300.00 | Epsilon 0.5979
Seed 19 | Episode 58 | Reward -300.00 | Epsilon 0.5926
Seed 19 | Episode 59 | Reward -300.00 | Epsilon 0.5873
Seed 19 | Episode 60 | Reward -300.00 | Epsilon 0.5820
Seed 19 | Episode 61 | Reward -300.00 | Epsilon 0.5768
Seed 19 | Episode 62 | Reward -300.00 | Epsilon 0.5716
Seed 19 | Episode 63 | Reward -300.00 | Epsilon 0.5665
Seed 19 | Episode 64 | Reward -300.00 | Epsilon 0.5614
Seed 19 | Episode 65 | Reward -300.00 | Epsilon 0.5564
Seed 19 | Episode 66 | Reward -300.00 | Epsilon 0.5514
Seed 19 | Episode 67 | Reward -300.00 | Epsilon 0.5465
Seed 19 | Episode 68 | Reward -300.00 | Epsilon 0.5416
Seed 19 | Episode 69 | Reward -300.00 | Epsilon 0.5367
Seed 19 | Episode 70 | Reward -300.00 | Epsilon 0.5319
Seed 19 | Episode 71 | Reward -300.00 | Epsilon 0.5272
Seed 19 | Episode 72 | Reward -300.00 | Epsilon 0.5224
Seed 19 | Episode 73 | Reward -300.00 | Epsilon 0.5177
Seed 19 | Episode 74 | Reward -300.00 | Epsilon 0.5131
Seed 19 | Episode 75 | Reward 41.00 | Epsilon 0.5122
Seed 19 | Episode 76 | Reward -300.00 | Epsilon 0.5076
Seed 19 | Episode 77 | Reward -300.00 | Epsilon 0.5030
Seed 19 | Episode 78 | Reward -300.00 | Epsilon 0.4985
Seed 19 | Episode 79 | Reward -300.00 | Epsilon 0.4941
Seed 19 | Episode 80 | Reward -300.00 | Epsilon 0.4896
Seed 19 | Episode 81 | Reward -300.00 | Epsilon 0.4853
Seed 19 | Episode 82 | Reward -300.00 | Epsilon 0.4809
Seed 19 | Episode 83 | Reward -71.00 | Epsilon 0.4784
Seed 19 | Episode 84 | Reward -300.00 | Epsilon 0.4742
Seed 19 | Episode 85 | Reward -300.00 | Epsilon 0.4699
Seed 19 | Episode 86 | Reward -300.00 | Epsilon 0.4657
Seed 19 | Episode 87 | Reward -300.00 | Epsilon 0.4615
Seed 19 | Episode 88 | Reward -300.00 | Epsilon 0.4574
Seed 19 | Episode 89 | Reward -300.00 | Epsilon 0.4533
Seed 19 | Episode 90 | Reward -300.00 | Epsilon 0.4492
Seed 19 | Episode 91 | Reward -300.00 | Epsilon 0.4452
Seed 19 | Episode 92 | Reward -300.00 | Epsilon 0.4412
Seed 19 | Episode 93 | Reward -300.00 | Epsilon 0.4373
Seed 19 | Episode 94 | Reward -21.00 | Epsilon 0.4357
Seed 19 | Episode 95 | Reward -300.00 | Epsilon 0.4318
Seed 19 | Episode 96 | Reward 39.00 | Epsilon 0.4310
Seed 19 | Episode 97 | Reward -300.00 | Epsilon 0.4271
Seed 19 | Episode 98 | Reward -300.00 | Epsilon 0.4233
Seed 19 | Episode 99 | Reward -300.00 | Epsilon 0.4195
Seed 19 | Episode 100 | Reward -300.00 | Epsilon 0.4157
Seed 19 | Episode 101 | Reward -300.00 | Epsilon 0.4120
Seed 19 | Episode 102 | Reward -300.00 | Epsilon 0.4083
Seed 19 | Episode 103 | Reward -300.00 | Epsilon 0.4046
Seed 19 | Episode 104 | Reward -300.00 | Epsilon 0.4010
Seed 19 | Episode 105 | Reward -300.00 | Epsilon 0.3974
Seed 19 | Episode 106 | Reward -133.00 | Epsilon 0.3946
Seed 19 | Episode 107 | Reward -300.00 | Epsilon 0.3911
Seed 19 | Episode 108 | Reward -300.00 | Epsilon 0.3876
Seed 19 | Episode 109 | Reward -300.00 | Epsilon 0.3841
Seed 19 | Episode 110 | Reward -300.00 | Epsilon 0.3807
Seed 19 | Episode 111 | Reward -300.00 | Epsilon 0.3773
Seed 19 | Episode 112 | Reward -150.00 | Epsilon 0.3744
Seed 19 | Episode 113 | Reward -300.00 | Epsilon 0.3711
Seed 19 | Episode 114 | Reward -300.00 | Epsilon 0.3678
Seed 19 | Episode 115 | Reward -117.00 | Epsilon 0.3654
Seed 19 | Episode 116 | Reward -300.00 | Epsilon 0.3621
Seed 19 | Episode 117 | Reward -300.00 | Epsilon 0.3589
Seed 19 | Episode 118 | Reward -300.00 | Epsilon 0.3556
Seed 19 | Episode 119 | Reward -300.00 | Epsilon 0.3525
Seed 19 | Episode 120 | Reward -300.00 | Epsilon 0.3493
Seed 19 | Episode 121 | Reward -300.00 | Epsilon 0.3462
Seed 19 | Episode 122 | Reward -300.00 | Epsilon 0.3431
Seed 19 | Episode 123 | Reward -300.00 | Epsilon 0.3400
Seed 19 | Episode 124 | Reward 18.00 | Epsilon 0.3391
Seed 19 | Episode 125 | Reward -300.00 | Epsilon 0.3361
Seed 19 | Episode 126 | Reward -300.00 | Epsilon 0.3331
Seed 19 | Episode 127 | Reward -300.00 | Epsilon 0.3301
Seed 19 | Episode 128 | Reward -300.00 | Epsilon 0.3271
Seed 19 | Episode 129 | Reward -300.00 | Epsilon 0.3242
Seed 19 | Episode 130 | Reward -300.00 | Epsilon 0.3213
Seed 19 | Episode 131 | Reward -300.00 | Epsilon 0.3184
Seed 19 | Episode 132 | Reward -74.00 | Epsilon 0.3168
Seed 19 | Episode 133 | Reward -300.00 | Epsilon 0.3139
Seed 19 | Episode 134 | Reward -300.00 | Epsilon 0.3111
Seed 19 | Episode 135 | Reward -300.00 | Epsilon 0.3083
Seed 19 | Episode 136 | Reward -300.00 | Epsilon 0.3056
Seed 19 | Episode 137 | Reward -300.00 | Epsilon 0.3028
Seed 19 | Episode 138 | Reward -300.00 | Epsilon 0.3001
Seed 19 | Episode 139 | Reward -67.00 | Epsilon 0.2986
Seed 19 | Episode 140 | Reward -300.00 | Epsilon 0.2959
Seed 19 | Episode 141 | Reward -300.00 | Epsilon 0.2933
Seed 19 | Episode 142 | Reward -300.00 | Epsilon 0.2907
Seed 19 | Episode 143 | Reward -300.00 | Epsilon 0.2880
Seed 19 | Episode 144 | Reward -300.00 | Epsilon 0.2855
Seed 19 | Episode 145 | Reward -300.00 | Epsilon 0.2829
Seed 19 | Episode 146 | Reward -300.00 | Epsilon 0.2804
Seed 19 | Episode 147 | Reward -300.00 | Epsilon 0.2779
Seed 19 | Episode 148 | Reward -300.00 | Epsilon 0.2754
Seed 19 | Episode 149 | Reward -300.00 | Epsilon 0.2729
Seed 19 | Episode 150 | Reward 33.00 | Epsilon 0.2723
Seed 19 | Episode 151 | Reward -300.00 | Epsilon 0.2699
Seed 19 | Episode 152 | Reward -300.00 | Epsilon 0.2675
Seed 19 | Episode 153 | Reward 50.00 | Epsilon 0.2671
Seed 19 | Episode 154 | Reward -300.00 | Epsilon 0.2647
Seed 19 | Episode 155 | Reward -300.00 | Epsilon 0.2623
Seed 19 | Episode 156 | Reward -300.00 | Epsilon 0.2600
Seed 19 | Episode 157 | Reward -300.00 | Epsilon 0.2576
Seed 19 | Episode 158 | Reward -34.00 | Epsilon 0.2566
Seed 19 | Episode 159 | Reward -300.00 | Epsilon 0.2543
Seed 19 | Episode 160 | Reward -300.00 | Epsilon 0.2520
Seed 19 | Episode 161 | Reward -300.00 | Epsilon 0.2498
Seed 19 | Episode 162 | Reward -300.00 | Epsilon 0.2475
Seed 19 | Episode 163 | Reward -113.00 | Epsilon 0.2459
Seed 19 | Episode 164 | Reward -300.00 | Epsilon 0.2437
Seed 19 | Episode 165 | Reward -158.00 | Epsilon 0.2418
Seed 19 | Episode 166 | Reward -48.00 | Epsilon 0.2408
Seed 19 | Episode 167 | Reward -29.00 | Epsilon 0.2398
Seed 19 | Episode 168 | Reward 40.00 | Epsilon 0.2394
Seed 19 | Episode 169 | Reward -300.00 | Epsilon 0.2372
Seed 19 | Episode 170 | Reward -38.00 | Epsilon 0.2363
Seed 19 | Episode 171 | Reward -300.00 | Epsilon 0.2341
Seed 19 | Episode 172 | Reward -66.00 | Epsilon 0.2330
Seed 19 | Episode 173 | Reward -300.00 | Epsilon 0.2309
Seed 19 | Episode 174 | Reward -35.00 | Epsilon 0.2299
Seed 19 | Episode 175 | Reward 8.00 | Epsilon 0.2293
Seed 19 | Episode 176 | Reward -300.00 | Epsilon 0.2273
Seed 19 | Episode 177 | Reward 50.00 | Epsilon 0.2269
Seed 19 | Episode 178 | Reward -140.00 | Epsilon 0.2253
Seed 19 | Episode 179 | Reward -300.00 | Epsilon 0.2233
Seed 19 | Episode 180 | Reward 56.00 | Epsilon 0.2230
Seed 19 | Episode 181 | Reward -300.00 | Epsilon 0.2210
Seed 19 | Episode 182 | Reward -96.00 | Epsilon 0.2197
Seed 19 | Episode 183 | Reward 19.00 | Epsilon 0.2191
Seed 19 | Episode 184 | Reward 58.00 | Epsilon 0.2188
Seed 19 | Episode 185 | Reward 35.00 | Epsilon 0.2184
Seed 19 | Episode 186 | Reward -41.00 | Epsilon 0.2175
Seed 19 | Episode 187 | Reward -101.00 | Epsilon 0.2162
Seed 19 | Episode 188 | Reward -153.00 | Epsilon 0.2145
Seed 19 | Episode 189 | Reward 31.00 | Epsilon 0.2141
Seed 19 | Episode 190 | Reward -46.00 | Epsilon 0.2131
Seed 19 | Episode 191 | Reward -35.00 | Epsilon 0.2123
Seed 19 | Episode 192 | Reward 23.00 | Epsilon 0.2118
Seed 19 | Episode 193 | Reward 31.00 | Epsilon 0.2113
Seed 19 | Episode 194 | Reward 43.00 | Epsilon 0.2109
Seed 19 | Episode 195 | Reward -100.00 | Epsilon 0.2097
Seed 19 | Episode 196 | Reward 60.00 | Epsilon 0.2094
Seed 19 | Episode 197 | Reward -19.00 | Epsilon 0.2087
Seed 19 | Episode 198 | Reward 36.00 | Epsilon 0.2083
Seed 19 | Episode 199 | Reward 55.00 | Epsilon 0.2080
Seed 19 | Episode 200 | Reward 52.00 | Epsilon 0.2077
Seed 19 | Episode 201 | Reward 50.00 | Epsilon 0.2074
Seed 19 | Episode 202 | Reward 12.00 | Epsilon 0.2068
Seed 19 | Episode 203 | Reward 56.00 | Epsilon 0.2065
Seed 19 | Episode 204 | Reward 58.00 | Epsilon 0.2063
Seed 19 | Episode 205 | Reward 45.00 | Epsilon 0.2059
Seed 19 | Episode 206 | Reward -18.00 | Epsilon 0.2052
Seed 19 | Episode 207 | Reward 56.00 | Epsilon 0.2049
Seed 19 | Episode 208 | Reward 51.00 | Epsilon 0.2046
Seed 19 | Episode 209 | Reward 57.00 | Epsilon 0.2043
Seed 19 | Episode 210 | Reward 24.00 | Epsilon 0.2038
Seed 19 | Episode 211 | Reward 28.00 | Epsilon 0.2034
Seed 19 | Episode 212 | Reward 12.00 | Epsilon 0.2029
Seed 19 | Episode 213 | Reward 57.00 | Epsilon 0.2026
Seed 19 | Episode 214 | Reward 51.00 | Epsilon 0.2023
Seed 19 | Episode 215 | Reward 46.00 | Epsilon 0.2020
Seed 19 | Episode 216 | Reward -18.00 | Epsilon 0.2012
Seed 19 | Episode 217 | Reward 62.00 | Epsilon 0.2010
Seed 19 | Episode 218 | Reward 59.00 | Epsilon 0.2007
Seed 19 | Episode 219 | Reward 33.00 | Epsilon 0.2003
Seed 19 | Episode 220 | Reward 47.00 | Epsilon 0.2000
Seed 19 | Episode 221 | Reward 54.00 | Epsilon 0.1997
Seed 19 | Episode 222 | Reward 49.00 | Epsilon 0.1994
Seed 19 | Episode 223 | Reward -4.00 | Epsilon 0.1988
Seed 19 | Episode 224 | Reward -1.00 | Epsilon 0.1982
Seed 19 | Episode 225 | Reward 59.00 | Epsilon 0.1979
Seed 19 | Episode 226 | Reward 58.00 | Epsilon 0.1977
Seed 19 | Episode 227 | Reward 58.00 | Epsilon 0.1974
Seed 19 | Episode 228 | Reward 24.00 | Epsilon 0.1970
Seed 19 | Episode 229 | Reward 45.00 | Epsilon 0.1966
Seed 19 | Episode 230 | Reward 59.00 | Epsilon 0.1964
Seed 19 | Episode 231 | Reward 45.00 | Epsilon 0.1961
Seed 19 | Episode 232 | Reward 41.00 | Epsilon 0.1957
Seed 19 | Episode 233 | Reward 53.00 | Epsilon 0.1954
Seed 19 | Episode 234 | Reward 57.00 | Epsilon 0.1952
Seed 19 | Episode 235 | Reward 43.00 | Epsilon 0.1948
Seed 19 | Episode 236 | Reward -4.00 | Epsilon 0.1942
Seed 19 | Episode 237 | Reward 51.00 | Epsilon 0.1939
Seed 19 | Episode 238 | Reward 30.00 | Epsilon 0.1935
Seed 19 | Episode 239 | Reward 20.00 | Epsilon 0.1930
Seed 19 | Episode 240 | Reward 45.00 | Epsilon 0.1927
Seed 19 | Episode 241 | Reward 54.00 | Epsilon 0.1924
Seed 19 | Episode 242 | Reward 36.00 | Epsilon 0.1921
Seed 19 | Episode 243 | Reward -27.00 | Epsilon 0.1913
Seed 19 | Episode 244 | Reward 61.00 | Epsilon 0.1911
Seed 19 | Episode 245 | Reward 53.00 | Epsilon 0.1908
Seed 19 | Episode 246 | Reward 55.00 | Epsilon 0.1906
Seed 19 | Episode 247 | Reward 59.00 | Epsilon 0.1903
Seed 19 | Episode 248 | Reward 45.00 | Epsilon 0.1900
Seed 19 | Episode 249 | Reward -9.00 | Epsilon 0.1894
Seed 19 | Episode 250 | Reward 44.00 | Epsilon 0.1891
Seed 19 | Episode 251 | Reward 52.00 | Epsilon 0.1888
Seed 19 | Episode 252 | Reward 49.00 | Epsilon 0.1885
Seed 19 | Episode 253 | Reward 57.00 | Epsilon 0.1882
Seed 19 | Episode 254 | Reward 58.00 | Epsilon 0.1880
Seed 19 | Episode 255 | Reward 51.00 | Epsilon 0.1877
Seed 19 | Episode 256 | Reward 54.00 | Epsilon 0.1875
Seed 19 | Episode 257 | Reward 46.00 | Epsilon 0.1871
Seed 19 | Episode 258 | Reward 48.00 | Epsilon 0.1868
Seed 19 | Episode 259 | Reward 51.00 | Epsilon 0.1866
Seed 19 | Episode 260 | Reward 55.00 | Epsilon 0.1863
Seed 19 | Episode 261 | Reward 65.00 | Epsilon 0.1861
Seed 19 | Episode 262 | Reward 43.00 | Epsilon 0.1858
Seed 19 | Episode 263 | Reward 48.00 | Epsilon 0.1855
Seed 19 | Episode 264 | Reward 55.00 | Epsilon 0.1852
Seed 19 | Episode 265 | Reward 50.00 | Epsilon 0.1849
Seed 19 | Episode 266 | Reward 42.00 | Epsilon 0.1846
Seed 19 | Episode 267 | Reward 60.00 | Epsilon 0.1844
Seed 19 | Episode 268 | Reward 51.00 | Epsilon 0.1841
Seed 19 | Episode 269 | Reward 45.00 | Epsilon 0.1838
Seed 19 | Episode 270 | Reward 48.00 | Epsilon 0.1835
Seed 19 | Episode 271 | Reward 62.00 | Epsilon 0.1833
Seed 19 | Episode 272 | Reward 46.00 | Epsilon 0.1830
Seed 19 | Episode 273 | Reward 51.00 | Epsilon 0.1827
Seed 19 | Episode 274 | Reward 49.00 | Epsilon 0.1824
Seed 19 | Episode 275 | Reward 48.00 | Epsilon 0.1822
Seed 19 | Episode 276 | Reward 54.00 | Epsilon 0.1819
Seed 19 | Episode 277 | Reward 38.00 | Epsilon 0.1816
Seed 19 | Episode 278 | Reward 45.00 | Epsilon 0.1812
Seed 19 | Episode 279 | Reward 57.00 | Epsilon 0.1810
Seed 19 | Episode 280 | Reward 54.00 | Epsilon 0.1808
Seed 19 | Episode 281 | Reward 35.00 | Epsilon 0.1804
Seed 19 | Episode 282 | Reward 49.00 | Epsilon 0.1801
Seed 19 | Episode 283 | Reward 48.00 | Epsilon 0.1798
Seed 19 | Episode 284 | Reward 46.00 | Epsilon 0.1795
Seed 19 | Episode 285 | Reward 53.00 | Epsilon 0.1793
Seed 19 | Episode 286 | Reward 57.00 | Epsilon 0.1790
Seed 19 | Episode 287 | Reward 42.00 | Epsilon 0.1787
Seed 19 | Episode 288 | Reward 41.00 | Epsilon 0.1784
Seed 19 | Episode 289 | Reward 49.00 | Epsilon 0.1781
Seed 19 | Episode 290 | Reward 48.00 | Epsilon 0.1778
Seed 19 | Episode 291 | Reward 57.00 | Epsilon 0.1776
Seed 19 | Episode 292 | Reward 42.00 | Epsilon 0.1773
Seed 19 | Episode 293 | Reward 56.00 | Epsilon 0.1770
Seed 19 | Episode 294 | Reward 59.00 | Epsilon 0.1768
Seed 19 | Episode 295 | Reward 48.00 | Epsilon 0.1765
Seed 19 | Episode 296 | Reward 56.00 | Epsilon 0.1763
Seed 19 | Episode 297 | Reward 36.00 | Epsilon 0.1760
Seed 19 | Episode 298 | Reward 47.00 | Epsilon 0.1757
Seed 19 | Episode 299 | Reward 41.00 | Epsilon 0.1754
Seed 19 | Episode 300 | Reward 40.00 | Epsilon 0.1750
Seed 19 | Episode 301 | Reward 47.00 | Epsilon 0.1748
Seed 19 | Episode 302 | Reward 60.00 | Epsilon 0.1745
Seed 19 | Episode 303 | Reward 51.00 | Epsilon 0.1743
Seed 19 | Episode 304 | Reward 57.00 | Epsilon 0.1741
Seed 19 | Episode 305 | Reward 49.00 | Epsilon 0.1738
Seed 19 | Episode 306 | Reward 42.00 | Epsilon 0.1735
Seed 19 | Episode 307 | Reward 43.00 | Epsilon 0.1732
Seed 19 | Episode 308 | Reward 52.00 | Epsilon 0.1729
Seed 19 | Episode 309 | Reward 51.00 | Epsilon 0.1727
Seed 19 | Episode 310 | Reward 41.00 | Epsilon 0.1723
Seed 19 | Episode 311 | Reward 51.00 | Epsilon 0.1721
Seed 19 | Episode 312 | Reward 47.00 | Epsilon 0.1718
Seed 19 | Episode 313 | Reward 43.00 | Epsilon 0.1715
Seed 19 | Episode 314 | Reward 46.00 | Epsilon 0.1712
Seed 19 | Episode 315 | Reward 46.00 | Epsilon 0.1709
Seed 19 | Episode 316 | Reward 53.00 | Epsilon 0.1707
Seed 19 | Episode 317 | Reward 52.00 | Epsilon 0.1705
Seed 19 | Episode 318 | Reward 58.00 | Epsilon 0.1702
Seed 19 | Episode 319 | Reward 56.00 | Epsilon 0.1700
Seed 19 | Episode 320 | Reward 52.00 | Epsilon 0.1698
Seed 19 | Episode 321 | Reward 44.00 | Epsilon 0.1695
Seed 19 | Episode 322 | Reward 52.00 | Epsilon 0.1692
Seed 19 | Episode 323 | Reward 46.00 | Epsilon 0.1689
Seed 19 | Episode 324 | Reward 43.00 | Epsilon 0.1686
Seed 19 | Episode 325 | Reward 51.00 | Epsilon 0.1684
Seed 19 | Episode 326 | Reward 50.00 | Epsilon 0.1681
Seed 19 | Episode 327 | Reward 59.00 | Epsilon 0.1679
Seed 19 | Episode 328 | Reward 41.00 | Epsilon 0.1676
Seed 19 | Episode 329 | Reward 41.00 | Epsilon 0.1673
Seed 19 | Episode 330 | Reward 54.00 | Epsilon 0.1671
Seed 19 | Episode 331 | Reward 43.00 | Epsilon 0.1668
Seed 19 | Episode 332 | Reward 39.00 | Epsilon 0.1665
Seed 19 | Episode 333 | Reward 43.00 | Epsilon 0.1662
Seed 19 | Episode 334 | Reward 38.00 | Epsilon 0.1659
Seed 19 | Episode 335 | Reward 52.00 | Epsilon 0.1656
Seed 19 | Episode 336 | Reward 53.00 | Epsilon 0.1654
Seed 19 | Episode 337 | Reward 52.00 | Epsilon 0.1652
Seed 19 | Episode 338 | Reward 44.00 | Epsilon 0.1649
Seed 19 | Episode 339 | Reward 43.00 | Epsilon 0.1646
Seed 19 | Episode 340 | Reward 51.00 | Epsilon 0.1643
Seed 19 | Episode 341 | Reward 46.00 | Epsilon 0.1641
Seed 19 | Episode 342 | Reward 54.00 | Epsilon 0.1638
Seed 19 | Episode 343 | Reward 62.00 | Epsilon 0.1636
Seed 19 | Episode 344 | Reward 29.00 | Epsilon 0.1633
Seed 19 | Episode 345 | Reward 55.00 | Epsilon 0.1631
Seed 19 | Episode 346 | Reward 62.00 | Epsilon 0.1629
Seed 19 | Episode 347 | Reward 54.00 | Epsilon 0.1626
Seed 19 | Episode 348 | Reward 62.00 | Epsilon 0.1625
Seed 19 | Episode 349 | Reward 47.00 | Epsilon 0.1622
Seed 19 | Episode 350 | Reward 48.00 | Epsilon 0.1619
Seed 19 | Episode 351 | Reward 57.00 | Epsilon 0.1617
Seed 19 | Episode 352 | Reward 51.00 | Epsilon 0.1615
Seed 19 | Episode 353 | Reward 48.00 | Epsilon 0.1612
Seed 19 | Episode 354 | Reward 57.00 | Epsilon 0.1610
Seed 19 | Episode 355 | Reward 53.00 | Epsilon 0.1608
Seed 19 | Episode 356 | Reward 56.00 | Epsilon 0.1606
Seed 19 | Episode 357 | Reward 47.00 | Epsilon 0.1603
Seed 19 | Episode 358 | Reward 36.00 | Epsilon 0.1600
Seed 19 | Episode 359 | Reward 48.00 | Epsilon 0.1597
Seed 19 | Episode 360 | Reward 31.00 | Epsilon 0.1594
Seed 19 | Episode 361 | Reward 50.00 | Epsilon 0.1592
Seed 19 | Episode 362 | Reward 44.00 | Epsilon 0.1589
Seed 19 | Episode 363 | Reward 52.00 | Epsilon 0.1586
Seed 19 | Episode 364 | Reward 52.00 | Epsilon 0.1584
Seed 19 | Episode 365 | Reward 58.00 | Epsilon 0.1582
Seed 19 | Episode 366 | Reward 54.00 | Epsilon 0.1580
Seed 19 | Episode 367 | Reward 52.00 | Epsilon 0.1578
Seed 19 | Episode 368 | Reward 49.00 | Epsilon 0.1575
Seed 19 | Episode 369 | Reward 59.00 | Epsilon 0.1573
Seed 19 | Episode 370 | Reward 49.00 | Epsilon 0.1571
Seed 19 | Episode 371 | Reward 46.00 | Epsilon 0.1568
Seed 19 | Episode 372 | Reward 38.00 | Epsilon 0.1565
Seed 19 | Episode 373 | Reward 61.00 | Epsilon 0.1563
Seed 19 | Episode 374 | Reward 40.00 | Epsilon 0.1560
Seed 19 | Episode 375 | Reward 47.00 | Epsilon 0.1558
Seed 19 | Episode 376 | Reward 45.00 | Epsilon 0.1555
Seed 19 | Episode 377 | Reward 44.00 | Epsilon 0.1553
Seed 19 | Episode 378 | Reward 56.00 | Epsilon 0.1550
Seed 19 | Episode 379 | Reward 52.00 | Epsilon 0.1548
Seed 19 | Episode 380 | Reward 56.00 | Epsilon 0.1546
Seed 19 | Episode 381 | Reward 42.00 | Epsilon 0.1543
Seed 19 | Episode 382 | Reward 54.00 | Epsilon 0.1541
Seed 19 | Episode 383 | Reward 47.00 | Epsilon 0.1539
Seed 19 | Episode 384 | Reward 45.00 | Epsilon 0.1536
Seed 19 | Episode 385 | Reward 50.00 | Epsilon 0.1534
Seed 19 | Episode 386 | Reward 58.00 | Epsilon 0.1532
Seed 19 | Episode 387 | Reward 57.00 | Epsilon 0.1530
Seed 19 | Episode 388 | Reward 56.00 | Epsilon 0.1528
Seed 19 | Episode 389 | Reward 49.00 | Epsilon 0.1525
Seed 19 | Episode 390 | Reward 44.00 | Epsilon 0.1523
Seed 19 | Episode 391 | Reward 52.00 | Epsilon 0.1520
Seed 19 | Episode 392 | Reward 41.00 | Epsilon 0.1518
Seed 19 | Episode 393 | Reward 41.00 | Epsilon 0.1515
Seed 19 | Episode 394 | Reward 48.00 | Epsilon 0.1513
Seed 19 | Episode 395 | Reward 60.00 | Epsilon 0.1511
Seed 19 | Episode 396 | Reward 45.00 | Epsilon 0.1508
Seed 19 | Episode 397 | Reward 58.00 | Epsilon 0.1506
Seed 19 | Episode 398 | Reward 53.00 | Epsilon 0.1504
Seed 19 | Episode 399 | Reward 54.00 | Epsilon 0.1502
Seed 19 | Episode 400 | Reward 40.00 | Epsilon 0.1499
Seed 19 | Episode 401 | Reward 54.00 | Epsilon 0.1497
Seed 19 | Episode 402 | Reward 40.00 | Epsilon 0.1494
Seed 19 | Episode 403 | Reward 57.00 | Epsilon 0.1492
Seed 19 | Episode 404 | Reward 56.00 | Epsilon 0.1490
Seed 19 | Episode 405 | Reward 55.00 | Epsilon 0.1488
Seed 19 | Episode 406 | Reward 54.00 | Epsilon 0.1486
Seed 19 | Episode 407 | Reward 45.00 | Epsilon 0.1484
Seed 19 | Episode 408 | Reward 54.00 | Epsilon 0.1482
Seed 19 | Episode 409 | Reward 52.00 | Epsilon 0.1480
Seed 19 | Episode 410 | Reward 48.00 | Epsilon 0.1477
Seed 19 | Episode 411 | Reward 59.00 | Epsilon 0.1475
Seed 19 | Episode 412 | Reward 40.00 | Epsilon 0.1473
Seed 19 | Episode 413 | Reward 64.00 | Epsilon 0.1471
Seed 19 | Episode 414 | Reward 54.00 | Epsilon 0.1469
Seed 19 | Episode 415 | Reward 60.00 | Epsilon 0.1467
Seed 19 | Episode 416 | Reward 54.00 | Epsilon 0.1465
Seed 19 | Episode 417 | Reward 48.00 | Epsilon 0.1463
Seed 19 | Episode 418 | Reward 41.00 | Epsilon 0.1460
Seed 19 | Episode 419 | Reward 39.00 | Epsilon 0.1457
Seed 19 | Episode 420 | Reward 64.00 | Epsilon 0.1456
Seed 19 | Episode 421 | Reward 40.00 | Epsilon 0.1453
Seed 19 | Episode 422 | Reward 46.00 | Epsilon 0.1451
Seed 19 | Episode 423 | Reward 47.00 | Epsilon 0.1448
Seed 19 | Episode 424 | Reward 56.00 | Epsilon 0.1446
Seed 19 | Episode 425 | Reward 62.00 | Epsilon 0.1445
Seed 19 | Episode 426 | Reward 48.00 | Epsilon 0.1442
Seed 19 | Episode 427 | Reward 45.00 | Epsilon 0.1440
Seed 19 | Episode 428 | Reward 54.00 | Epsilon 0.1438
Seed 19 | Episode 429 | Reward 44.00 | Epsilon 0.1435
Seed 19 | Episode 430 | Reward 54.00 | Epsilon 0.1433
Seed 19 | Episode 431 | Reward 55.00 | Epsilon 0.1431
Seed 19 | Episode 432 | Reward 48.00 | Epsilon 0.1429
Seed 19 | Episode 433 | Reward 45.00 | Epsilon 0.1427
Seed 19 | Episode 434 | Reward 45.00 | Epsilon 0.1424
Seed 19 | Episode 435 | Reward 38.00 | Epsilon 0.1422
Seed 19 | Episode 436 | Reward 43.00 | Epsilon 0.1419
Seed 19 | Episode 437 | Reward 45.00 | Epsilon 0.1417
Seed 19 | Episode 438 | Reward 50.00 | Epsilon 0.1415
Seed 19 | Episode 439 | Reward 61.00 | Epsilon 0.1413
Seed 19 | Episode 440 | Reward 44.00 | Epsilon 0.1411
Seed 19 | Episode 441 | Reward 43.00 | Epsilon 0.1408
Seed 19 | Episode 442 | Reward 63.00 | Epsilon 0.1407
Seed 19 | Episode 443 | Reward 40.00 | Epsilon 0.1404
Seed 19 | Episode 444 | Reward 49.00 | Epsilon 0.1402
Seed 19 | Episode 445 | Reward 34.00 | Epsilon 0.1399
Seed 19 | Episode 446 | Reward 44.00 | Epsilon 0.1397
Seed 19 | Episode 447 | Reward 51.00 | Epsilon 0.1394
Seed 19 | Episode 448 | Reward 60.00 | Epsilon 0.1393
Seed 19 | Episode 449 | Reward 61.00 | Epsilon 0.1391
Seed 19 | Episode 450 | Reward 54.00 | Epsilon 0.1389
Seed 19 | Episode 451 | Reward 58.00 | Epsilon 0.1387
Seed 19 | Episode 452 | Reward 46.00 | Epsilon 0.1385
Seed 19 | Episode 453 | Reward 41.00 | Epsilon 0.1383
Seed 19 | Episode 454 | Reward 48.00 | Epsilon 0.1380
Seed 19 | Episode 455 | Reward 41.00 | Epsilon 0.1378
Seed 19 | Episode 456 | Reward 43.00 | Epsilon 0.1375
Seed 19 | Episode 457 | Reward 41.00 | Epsilon 0.1373
Seed 19 | Episode 458 | Reward 52.00 | Epsilon 0.1371
Seed 19 | Episode 459 | Reward 63.00 | Epsilon 0.1369
Seed 19 | Episode 460 | Reward 41.00 | Epsilon 0.1367
Seed 19 | Episode 461 | Reward 58.00 | Epsilon 0.1365
Seed 19 | Episode 462 | Reward 44.00 | Epsilon 0.1363
Seed 19 | Episode 463 | Reward 51.00 | Epsilon 0.1361
Seed 19 | Episode 464 | Reward 62.00 | Epsilon 0.1359
Seed 19 | Episode 465 | Reward 49.00 | Epsilon 0.1357
Seed 19 | Episode 466 | Reward 58.00 | Epsilon 0.1355
Seed 19 | Episode 467 | Reward 62.00 | Epsilon 0.1354
Seed 19 | Episode 468 | Reward 37.00 | Epsilon 0.1351
Seed 19 | Episode 469 | Reward 57.00 | Epsilon 0.1349
Seed 19 | Episode 470 | Reward 46.00 | Epsilon 0.1347
Seed 19 | Episode 471 | Reward 46.00 | Epsilon 0.1345
Seed 19 | Episode 472 | Reward 53.00 | Epsilon 0.1343
Seed 19 | Episode 473 | Reward 38.00 | Epsilon 0.1340
Seed 19 | Episode 474 | Reward 56.00 | Epsilon 0.1339
Seed 19 | Episode 475 | Reward 49.00 | Epsilon 0.1337
Seed 19 | Episode 476 | Reward 58.00 | Epsilon 0.1335
Seed 19 | Episode 477 | Reward 33.00 | Epsilon 0.1332
Seed 19 | Episode 478 | Reward 31.00 | Epsilon 0.1329
Seed 19 | Episode 479 | Reward 47.00 | Epsilon 0.1327
Seed 19 | Episode 480 | Reward 53.00 | Epsilon 0.1325
Seed 19 | Episode 481 | Reward 46.00 | Epsilon 0.1323
Seed 19 | Episode 482 | Reward 41.00 | Epsilon 0.1321
Seed 19 | Episode 483 | Reward 47.00 | Epsilon 0.1319
Seed 19 | Episode 484 | Reward 49.00 | Epsilon 0.1317
Seed 19 | Episode 485 | Reward 53.00 | Epsilon 0.1315
Seed 19 | Episode 486 | Reward 49.00 | Epsilon 0.1313
Seed 19 | Episode 487 | Reward 53.00 | Epsilon 0.1311
Seed 19 | Episode 488 | Reward 48.00 | Epsilon 0.1309
Seed 19 | Episode 489 | Reward 47.00 | Epsilon 0.1307
Seed 19 | Episode 490 | Reward 50.00 | Epsilon 0.1305
Seed 19 | Episode 491 | Reward 59.00 | Epsilon 0.1303
Seed 19 | Episode 492 | Reward 46.00 | Epsilon 0.1301
Seed 19 | Episode 493 | Reward 55.00 | Epsilon 0.1299
Seed 19 | Episode 494 | Reward 49.00 | Epsilon 0.1297
Seed 19 | Episode 495 | Reward 47.00 | Epsilon 0.1295
Seed 19 | Episode 496 | Reward 59.00 | Epsilon 0.1293
Seed 19 | Episode 497 | Reward 52.00 | Epsilon 0.1291
Seed 19 | Episode 498 | Reward 65.00 | Epsilon 0.1290
Seed 19 | Episode 499 | Reward 53.00 | Epsilon 0.1288
Seed 19 | Episode 500 | Reward 54.00 | Epsilon 0.1286
Seed 19 | Episode 501 | Reward 43.00 | Epsilon 0.1284
Seed 19 | Episode 502 | Reward 64.00 | Epsilon 0.1283
Seed 19 | Episode 503 | Reward 47.00 | Epsilon 0.1280
Seed 19 | Episode 504 | Reward 53.00 | Epsilon 0.1279
Seed 19 | Episode 505 | Reward 61.00 | Epsilon 0.1277
Seed 19 | Episode 506 | Reward 44.00 | Epsilon 0.1275
Seed 19 | Episode 507 | Reward 56.00 | Epsilon 0.1273
Seed 19 | Episode 508 | Reward 51.00 | Epsilon 0.1271
Seed 19 | Episode 509 | Reward 49.00 | Epsilon 0.1269
Seed 19 | Episode 510 | Reward 59.00 | Epsilon 0.1268
Seed 19 | Episode 511 | Reward 49.00 | Epsilon 0.1266
Seed 19 | Episode 512 | Reward 54.00 | Epsilon 0.1264
Seed 19 | Episode 513 | Reward 55.00 | Epsilon 0.1262
Seed 19 | Episode 514 | Reward 40.00 | Epsilon 0.1260
Seed 19 | Episode 515 | Reward 63.00 | Epsilon 0.1258
Seed 19 | Episode 516 | Reward 56.00 | Epsilon 0.1257
Seed 19 | Episode 517 | Reward 53.00 | Epsilon 0.1255
Seed 19 | Episode 518 | Reward 57.00 | Epsilon 0.1253
Seed 19 | Episode 519 | Reward 57.00 | Epsilon 0.1252
Seed 19 | Episode 520 | Reward 46.00 | Epsilon 0.1250
Seed 19 | Episode 521 | Reward 57.00 | Epsilon 0.1248
Seed 19 | Episode 522 | Reward 49.00 | Epsilon 0.1246
Seed 19 | Episode 523 | Reward 46.00 | Epsilon 0.1244
Seed 19 | Episode 524 | Reward 48.00 | Epsilon 0.1242
Seed 19 | Episode 525 | Reward 56.00 | Epsilon 0.1240
Seed 19 | Episode 526 | Reward 45.00 | Epsilon 0.1238
Seed 19 | Episode 527 | Reward 59.00 | Epsilon 0.1237
Seed 19 | Episode 528 | Reward 63.00 | Epsilon 0.1235
Seed 19 | Episode 529 | Reward 56.00 | Epsilon 0.1234
Seed 19 | Episode 530 | Reward 56.00 | Epsilon 0.1232
Seed 19 | Episode 531 | Reward 58.00 | Epsilon 0.1230
Seed 19 | Episode 532 | Reward 47.00 | Epsilon 0.1228
Seed 19 | Episode 533 | Reward 65.00 | Epsilon 0.1227
Seed 19 | Episode 534 | Reward 55.00 | Epsilon 0.1225
Seed 19 | Episode 535 | Reward 48.00 | Epsilon 0.1223
Seed 19 | Episode 536 | Reward 52.00 | Epsilon 0.1222
Seed 19 | Episode 537 | Reward 45.00 | Epsilon 0.1220
Seed 19 | Episode 538 | Reward 55.00 | Epsilon 0.1218
Seed 19 | Episode 539 | Reward 51.00 | Epsilon 0.1216
Seed 19 | Episode 540 | Reward 57.00 | Epsilon 0.1214
Seed 19 | Episode 541 | Reward 46.00 | Epsilon 0.1212
Seed 19 | Episode 542 | Reward 33.00 | Epsilon 0.1210
Seed 19 | Episode 543 | Reward 46.00 | Epsilon 0.1208
Seed 19 | Episode 544 | Reward 57.00 | Epsilon 0.1206
Seed 19 | Episode 545 | Reward 43.00 | Epsilon 0.1204
Seed 19 | Episode 546 | Reward 49.00 | Epsilon 0.1202
Seed 19 | Episode 547 | Reward 58.00 | Epsilon 0.1201
Seed 19 | Episode 548 | Reward 57.00 | Epsilon 0.1199
Seed 19 | Episode 549 | Reward 47.00 | Epsilon 0.1197
Seed 19 | Episode 550 | Reward 42.00 | Epsilon 0.1195
Seed 19 | Episode 551 | Reward 50.00 | Epsilon 0.1193
Seed 19 | Episode 552 | Reward 55.00 | Epsilon 0.1192
Seed 19 | Episode 553 | Reward 37.00 | Epsilon 0.1189
Seed 19 | Episode 554 | Reward 48.00 | Epsilon 0.1188
Seed 19 | Episode 555 | Reward 50.00 | Epsilon 0.1186
Seed 19 | Episode 556 | Reward 60.00 | Epsilon 0.1184
Seed 19 | Episode 557 | Reward 52.00 | Epsilon 0.1183
Seed 19 | Episode 558 | Reward 35.00 | Epsilon 0.1180
Seed 19 | Episode 559 | Reward 51.00 | Epsilon 0.1178
Seed 19 | Episode 560 | Reward 56.00 | Epsilon 0.1177
Seed 19 | Episode 561 | Reward 58.00 | Epsilon 0.1175
Seed 19 | Episode 562 | Reward 45.00 | Epsilon 0.1173
Seed 19 | Episode 563 | Reward 34.00 | Epsilon 0.1171
Seed 19 | Episode 564 | Reward 47.00 | Epsilon 0.1169
Seed 19 | Episode 565 | Reward 61.00 | Epsilon 0.1168
Seed 19 | Episode 566 | Reward 40.00 | Epsilon 0.1166
Seed 19 | Episode 567 | Reward 63.00 | Epsilon 0.1164
Seed 19 | Episode 568 | Reward 59.00 | Epsilon 0.1163
Seed 19 | Episode 569 | Reward 65.00 | Epsilon 0.1161
Seed 19 | Episode 570 | Reward 56.00 | Epsilon 0.1160
Seed 19 | Episode 571 | Reward 60.00 | Epsilon 0.1158
Seed 19 | Episode 572 | Reward 51.00 | Epsilon 0.1157
Seed 19 | Episode 573 | Reward 38.00 | Epsilon 0.1155
Seed 19 | Episode 574 | Reward 40.00 | Epsilon 0.1152
Seed 19 | Episode 575 | Reward 43.00 | Epsilon 0.1150
Seed 19 | Episode 576 | Reward 57.00 | Epsilon 0.1149
Seed 19 | Episode 577 | Reward 62.00 | Epsilon 0.1148
Seed 19 | Episode 578 | Reward 61.00 | Epsilon 0.1146
Seed 19 | Episode 579 | Reward 45.00 | Epsilon 0.1144
Seed 19 | Episode 580 | Reward 42.00 | Epsilon 0.1142
Seed 19 | Episode 581 | Reward 56.00 | Epsilon 0.1141
Seed 19 | Episode 582 | Reward 48.00 | Epsilon 0.1139
Seed 19 | Episode 583 | Reward 48.00 | Epsilon 0.1137
Seed 19 | Episode 584 | Reward 49.00 | Epsilon 0.1135
Seed 19 | Episode 585 | Reward 51.00 | Epsilon 0.1134
Seed 19 | Episode 586 | Reward 49.00 | Epsilon 0.1132
Seed 19 | Episode 587 | Reward 52.00 | Epsilon 0.1130
Seed 19 | Episode 588 | Reward 46.00 | Epsilon 0.1128
Seed 19 | Episode 589 | Reward 57.00 | Epsilon 0.1127
Seed 19 | Episode 590 | Reward 65.00 | Epsilon 0.1126
Seed 19 | Episode 591 | Reward 61.00 | Epsilon 0.1124
Seed 19 | Episode 592 | Reward 44.00 | Epsilon 0.1122
Seed 19 | Episode 593 | Reward 53.00 | Epsilon 0.1121
Seed 19 | Episode 594 | Reward 47.00 | Epsilon 0.1119
Seed 19 | Episode 595 | Reward 50.00 | Epsilon 0.1117
Seed 19 | Episode 596 | Reward 47.00 | Epsilon 0.1115
Seed 19 | Episode 597 | Reward 57.00 | Epsilon 0.1114
Seed 19 | Episode 598 | Reward 53.00 | Epsilon 0.1112
Seed 19 | Episode 599 | Reward 34.00 | Epsilon 0.1110
Seed 19 | Episode 600 | Reward 44.00 | Epsilon 0.1108
Seed 19 | Episode 601 | Reward 50.00 | Epsilon 0.1107
Seed 19 | Episode 602 | Reward 56.00 | Epsilon 0.1105
Seed 19 | Episode 603 | Reward 63.00 | Epsilon 0.1104
Seed 19 | Episode 604 | Reward 52.00 | Epsilon 0.1102
Seed 19 | Episode 605 | Reward 45.00 | Epsilon 0.1100
Seed 19 | Episode 606 | Reward 59.00 | Epsilon 0.1099
Seed 19 | Episode 607 | Reward 45.00 | Epsilon 0.1097
Seed 19 | Episode 608 | Reward 46.00 | Epsilon 0.1095
Seed 19 | Episode 609 | Reward 58.00 | Epsilon 0.1094
Seed 19 | Episode 610 | Reward 44.00 | Epsilon 0.1092
Seed 19 | Episode 611 | Reward 53.00 | Epsilon 0.1090
Seed 19 | Episode 612 | Reward 60.00 | Epsilon 0.1089
Seed 19 | Episode 613 | Reward 55.00 | Epsilon 0.1088
Seed 19 | Episode 614 | Reward 44.00 | Epsilon 0.1086
Seed 19 | Episode 615 | Reward 55.00 | Epsilon 0.1084
Seed 19 | Episode 616 | Reward 52.00 | Epsilon 0.1083
Seed 19 | Episode 617 | Reward 57.00 | Epsilon 0.1081
Seed 19 | Episode 618 | Reward 49.00 | Epsilon 0.1079
Seed 19 | Episode 619 | Reward 39.00 | Epsilon 0.1077
Seed 19 | Episode 620 | Reward 48.00 | Epsilon 0.1076
Seed 19 | Episode 621 | Reward 50.00 | Epsilon 0.1074
Seed 19 | Episode 622 | Reward 50.00 | Epsilon 0.1072
Seed 19 | Episode 623 | Reward 55.00 | Epsilon 0.1071
Seed 19 | Episode 624 | Reward 49.00 | Epsilon 0.1069
Seed 19 | Episode 625 | Reward 44.00 | Epsilon 0.1068
Seed 19 | Episode 626 | Reward 55.00 | Epsilon 0.1066
Seed 19 | Episode 627 | Reward 47.00 | Epsilon 0.1064
Seed 19 | Episode 628 | Reward 55.00 | Epsilon 0.1063
Seed 19 | Episode 629 | Reward 58.00 | Epsilon 0.1061
Seed 19 | Episode 630 | Reward 51.00 | Epsilon 0.1060
Seed 19 | Episode 631 | Reward 52.00 | Epsilon 0.1058
Seed 19 | Episode 632 | Reward 55.00 | Epsilon 0.1057
Seed 19 | Episode 633 | Reward 55.00 | Epsilon 0.1055
Seed 19 | Episode 634 | Reward 38.00 | Epsilon 0.1053
Seed 19 | Episode 635 | Reward 49.00 | Epsilon 0.1052
Seed 19 | Episode 636 | Reward 60.00 | Epsilon 0.1050
Seed 19 | Episode 637 | Reward 42.00 | Epsilon 0.1049
Seed 19 | Episode 638 | Reward 47.00 | Epsilon 0.1047
Seed 19 | Episode 639 | Reward 42.00 | Epsilon 0.1045
Seed 19 | Episode 640 | Reward 54.00 | Epsilon 0.1044
Seed 19 | Episode 641 | Reward 60.00 | Epsilon 0.1042
Seed 19 | Episode 642 | Reward 41.00 | Epsilon 0.1040
Seed 19 | Episode 643 | Reward 42.00 | Epsilon 0.1039
Seed 19 | Episode 644 | Reward 56.00 | Epsilon 0.1037
Seed 19 | Episode 645 | Reward 42.00 | Epsilon 0.1035
Seed 19 | Episode 646 | Reward 31.00 | Epsilon 0.1033
Seed 19 | Episode 647 | Reward 61.00 | Epsilon 0.1032
Seed 19 | Episode 648 | Reward 63.00 | Epsilon 0.1031
Seed 19 | Episode 649 | Reward 55.00 | Epsilon 0.1029
Seed 19 | Episode 650 | Reward 59.00 | Epsilon 0.1028
Seed 19 | Episode 651 | Reward 59.00 | Epsilon 0.1027
Seed 19 | Episode 652 | Reward 55.00 | Epsilon 0.1025
Seed 19 | Episode 653 | Reward 60.00 | Epsilon 0.1024
Seed 19 | Episode 654 | Reward 40.00 | Epsilon 0.1022
Seed 19 | Episode 655 | Reward 51.00 | Epsilon 0.1021
Seed 19 | Episode 656 | Reward 48.00 | Epsilon 0.1019
Seed 19 | Episode 657 | Reward 54.00 | Epsilon 0.1018
Seed 19 | Episode 658 | Reward 57.00 | Epsilon 0.1016
Seed 19 | Episode 659 | Reward 64.00 | Epsilon 0.1015
Seed 19 | Episode 660 | Reward 43.00 | Epsilon 0.1013
Seed 19 | Episode 661 | Reward 43.00 | Epsilon 0.1012
Seed 19 | Episode 662 | Reward 48.00 | Epsilon 0.1010
Seed 19 | Episode 663 | Reward 43.00 | Epsilon 0.1008
Seed 19 | Episode 664 | Reward 62.00 | Epsilon 0.1007
Seed 19 | Episode 665 | Reward 45.00 | Epsilon 0.1005
Seed 19 | Episode 666 | Reward 53.00 | Epsilon 0.1004
Seed 19 | Episode 667 | Reward 61.00 | Epsilon 0.1003
Seed 19 | Episode 668 | Reward 65.00 | Epsilon 0.1002
Seed 19 | Episode 669 | Reward 47.00 | Epsilon 0.1000
Seed 19 | Episode 670 | Reward 41.00 | Epsilon 0.0998
Seed 19 | Episode 671 | Reward 51.00 | Epsilon 0.0997
Seed 19 | Episode 672 | Reward 39.00 | Epsilon 0.0995
Seed 19 | Episode 673 | Reward 52.00 | Epsilon 0.0993
Seed 19 | Episode 674 | Reward 53.00 | Epsilon 0.0992
Seed 19 | Episode 675 | Reward 59.00 | Epsilon 0.0991
Seed 19 | Episode 676 | Reward 59.00 | Epsilon 0.0990
Seed 19 | Episode 677 | Reward 60.00 | Epsilon 0.0988
Seed 19 | Episode 678 | Reward 55.00 | Epsilon 0.0987
Seed 19 | Episode 679 | Reward 43.00 | Epsilon 0.0985
Seed 19 | Episode 680 | Reward 57.00 | Epsilon 0.0984
Seed 19 | Episode 681 | Reward 46.00 | Epsilon 0.0982
Seed 19 | Episode 682 | Reward 59.00 | Epsilon 0.0981
Seed 19 | Episode 683 | Reward 52.00 | Epsilon 0.0980
Seed 19 | Episode 684 | Reward 57.00 | Epsilon 0.0978
Seed 19 | Episode 685 | Reward 42.00 | Epsilon 0.0977
Seed 19 | Episode 686 | Reward 47.00 | Epsilon 0.0975
Seed 19 | Episode 687 | Reward 53.00 | Epsilon 0.0974
Seed 19 | Episode 688 | Reward 58.00 | Epsilon 0.0972
Seed 19 | Episode 689 | Reward 48.00 | Epsilon 0.0971
Seed 19 | Episode 690 | Reward 52.00 | Epsilon 0.0969
Seed 19 | Episode 691 | Reward 57.00 | Epsilon 0.0968
Seed 19 | Episode 692 | Reward 41.00 | Epsilon 0.0966
Seed 19 | Episode 693 | Reward 47.00 | Epsilon 0.0965
Seed 19 | Episode 694 | Reward 64.00 | Epsilon 0.0964
Seed 19 | Episode 695 | Reward 52.00 | Epsilon 0.0962
Seed 19 | Episode 696 | Reward 29.00 | Epsilon 0.0960
Seed 19 | Episode 697 | Reward 62.00 | Epsilon 0.0959
Seed 19 | Episode 698 | Reward 53.00 | Epsilon 0.0958
Seed 19 | Episode 699 | Reward 49.00 | Epsilon 0.0956
Seed 19 | Episode 700 | Reward 50.00 | Epsilon 0.0955
Seed 19 | Episode 701 | Reward 52.00 | Epsilon 0.0953
Seed 19 | Episode 702 | Reward 58.00 | Epsilon 0.0952
Seed 19 | Episode 703 | Reward 40.00 | Epsilon 0.0950
Seed 19 | Episode 704 | Reward 44.00 | Epsilon 0.0949
Seed 19 | Episode 705 | Reward 55.00 | Epsilon 0.0947
Seed 19 | Episode 706 | Reward 45.00 | Epsilon 0.0946
Seed 19 | Episode 707 | Reward 57.00 | Epsilon 0.0945
Seed 19 | Episode 708 | Reward 60.00 | Epsilon 0.0943
Seed 19 | Episode 709 | Reward 53.00 | Epsilon 0.0942
Seed 19 | Episode 710 | Reward 62.00 | Epsilon 0.0941
Seed 19 | Episode 711 | Reward 43.00 | Epsilon 0.0939
Seed 19 | Episode 712 | Reward 49.00 | Epsilon 0.0938
Seed 19 | Episode 713 | Reward 47.00 | Epsilon 0.0936
Seed 19 | Episode 714 | Reward 48.00 | Epsilon 0.0935
Seed 19 | Episode 715 | Reward 49.00 | Epsilon 0.0933
Seed 19 | Episode 716 | Reward 62.00 | Epsilon 0.0932
Seed 19 | Episode 717 | Reward 66.00 | Epsilon 0.0931
Seed 19 | Episode 718 | Reward 53.00 | Epsilon 0.0930
Seed 19 | Episode 719 | Reward 50.00 | Epsilon 0.0929
Seed 19 | Episode 720 | Reward 44.00 | Epsilon 0.0927
Seed 19 | Episode 721 | Reward 53.00 | Epsilon 0.0926
Seed 19 | Episode 722 | Reward 35.00 | Epsilon 0.0924
Seed 19 | Episode 723 | Reward 48.00 | Epsilon 0.0922
Seed 19 | Episode 724 | Reward 46.00 | Epsilon 0.0921
Seed 19 | Episode 725 | Reward 44.00 | Epsilon 0.0919
Seed 19 | Episode 726 | Reward 50.00 | Epsilon 0.0918
Seed 19 | Episode 727 | Reward 45.00 | Epsilon 0.0916
Seed 19 | Episode 728 | Reward 62.00 | Epsilon 0.0915
Seed 19 | Episode 729 | Reward 48.00 | Epsilon 0.0914
Seed 19 | Episode 730 | Reward 45.00 | Epsilon 0.0912
Seed 19 | Episode 731 | Reward 47.00 | Epsilon 0.0911
Seed 19 | Episode 732 | Reward 56.00 | Epsilon 0.0910
Seed 19 | Episode 733 | Reward 46.00 | Epsilon 0.0908
Seed 19 | Episode 734 | Reward 60.00 | Epsilon 0.0907
Seed 19 | Episode 735 | Reward 51.00 | Epsilon 0.0906
Seed 19 | Episode 736 | Reward 54.00 | Epsilon 0.0904
Seed 19 | Episode 737 | Reward 57.00 | Epsilon 0.0903
Seed 19 | Episode 738 | Reward 59.00 | Epsilon 0.0902
Seed 19 | Episode 739 | Reward 45.00 | Epsilon 0.0901
Seed 19 | Episode 740 | Reward 59.00 | Epsilon 0.0899
Seed 19 | Episode 741 | Reward 39.00 | Epsilon 0.0898
Seed 19 | Episode 742 | Reward 57.00 | Epsilon 0.0897
Seed 19 | Episode 743 | Reward 56.00 | Epsilon 0.0895
Seed 19 | Episode 744 | Reward 43.00 | Epsilon 0.0894
Seed 19 | Episode 745 | Reward 58.00 | Epsilon 0.0893
Seed 19 | Episode 746 | Reward 54.00 | Epsilon 0.0891
Seed 19 | Episode 747 | Reward 43.00 | Epsilon 0.0890
Seed 19 | Episode 748 | Reward 39.00 | Epsilon 0.0888
Seed 19 | Episode 749 | Reward 60.00 | Epsilon 0.0887
Seed 19 | Episode 750 | Reward 50.00 | Epsilon 0.0886
Seed 19 | Episode 751 | Reward 50.00 | Epsilon 0.0884
Seed 19 | Episode 752 | Reward 66.00 | Epsilon 0.0883
Seed 19 | Episode 753 | Reward 60.00 | Epsilon 0.0882
Seed 19 | Episode 754 | Reward 52.00 | Epsilon 0.0881
Seed 19 | Episode 755 | Reward 45.00 | Epsilon 0.0880
Seed 19 | Episode 756 | Reward 48.00 | Epsilon 0.0878
Seed 19 | Episode 757 | Reward 58.00 | Epsilon 0.0877
Seed 19 | Episode 758 | Reward 64.00 | Epsilon 0.0876
Seed 19 | Episode 759 | Reward 54.00 | Epsilon 0.0875
Seed 19 | Episode 760 | Reward 59.00 | Epsilon 0.0874
Seed 19 | Episode 761 | Reward 49.00 | Epsilon 0.0872
Seed 19 | Episode 762 | Reward 55.00 | Epsilon 0.0871
Seed 19 | Episode 763 | Reward 51.00 | Epsilon 0.0870
Seed 19 | Episode 764 | Reward 47.00 | Epsilon 0.0868
Seed 19 | Episode 765 | Reward 48.00 | Epsilon 0.0867
Seed 19 | Episode 766 | Reward 54.00 | Epsilon 0.0866
Seed 19 | Episode 767 | Reward 44.00 | Epsilon 0.0864
Seed 19 | Episode 768 | Reward 52.00 | Epsilon 0.0863
Seed 19 | Episode 769 | Reward 40.00 | Epsilon 0.0861
Seed 19 | Episode 770 | Reward 54.00 | Epsilon 0.0860
Seed 19 | Episode 771 | Reward 64.00 | Epsilon 0.0859
Seed 19 | Episode 772 | Reward 45.00 | Epsilon 0.0858
Seed 19 | Episode 773 | Reward 49.00 | Epsilon 0.0857
Seed 19 | Episode 774 | Reward 45.00 | Epsilon 0.0855
Seed 19 | Episode 775 | Reward 60.00 | Epsilon 0.0854
Seed 19 | Episode 776 | Reward 56.00 | Epsilon 0.0853
Seed 19 | Episode 777 | Reward 58.00 | Epsilon 0.0852
Seed 19 | Episode 778 | Reward 61.00 | Epsilon 0.0851
Seed 19 | Episode 779 | Reward 62.00 | Epsilon 0.0850
Seed 19 | Episode 780 | Reward 50.00 | Epsilon 0.0848
Seed 19 | Episode 781 | Reward 45.00 | Epsilon 0.0847
Seed 19 | Episode 782 | Reward 49.00 | Epsilon 0.0846
Seed 19 | Episode 783 | Reward 43.00 | Epsilon 0.0844
Seed 19 | Episode 784 | Reward 63.00 | Epsilon 0.0843
Seed 19 | Episode 785 | Reward 62.00 | Epsilon 0.0842
Seed 19 | Episode 786 | Reward 41.00 | Epsilon 0.0841
Seed 19 | Episode 787 | Reward 54.00 | Epsilon 0.0840
Seed 19 | Episode 788 | Reward 46.00 | Epsilon 0.0838
Seed 19 | Episode 789 | Reward 58.00 | Epsilon 0.0837
Seed 19 | Episode 790 | Reward 42.00 | Epsilon 0.0836
Seed 19 | Episode 791 | Reward 45.00 | Epsilon 0.0834
Seed 19 | Episode 792 | Reward 54.00 | Epsilon 0.0833
Seed 19 | Episode 793 | Reward 60.00 | Epsilon 0.0832
Seed 19 | Episode 794 | Reward 62.00 | Epsilon 0.0831
Seed 19 | Episode 795 | Reward 48.00 | Epsilon 0.0830
Seed 19 | Episode 796 | Reward 63.00 | Epsilon 0.0829
Seed 19 | Episode 797 | Reward 46.00 | Epsilon 0.0827
Seed 19 | Episode 798 | Reward 51.00 | Epsilon 0.0826
Seed 19 | Episode 799 | Reward 56.00 | Epsilon 0.0825
Seed 19 | Episode 800 | Reward 53.00 | Epsilon 0.0824
Seed 19 | Episode 801 | Reward 51.00 | Epsilon 0.0823
Seed 19 | Episode 802 | Reward 58.00 | Epsilon 0.0822
Seed 19 | Episode 803 | Reward 59.00 | Epsilon 0.0821
Seed 19 | Episode 804 | Reward 48.00 | Epsilon 0.0819
Seed 19 | Episode 805 | Reward 40.00 | Epsilon 0.0818
Seed 19 | Episode 806 | Reward 55.00 | Epsilon 0.0817
Seed 19 | Episode 807 | Reward 57.00 | Epsilon 0.0816
Seed 19 | Episode 808 | Reward 50.00 | Epsilon 0.0814
Seed 19 | Episode 809 | Reward 59.00 | Epsilon 0.0813
Seed 19 | Episode 810 | Reward 63.00 | Epsilon 0.0812
Seed 19 | Episode 811 | Reward 44.00 | Epsilon 0.0811
Seed 19 | Episode 812 | Reward 59.00 | Epsilon 0.0810
Seed 19 | Episode 813 | Reward 63.00 | Epsilon 0.0809
Seed 19 | Episode 814 | Reward 45.00 | Epsilon 0.0808
Seed 19 | Episode 815 | Reward 62.00 | Epsilon 0.0807
Seed 19 | Episode 816 | Reward 10.00 | Epsilon 0.0805
Seed 19 | Episode 817 | Reward 58.00 | Epsilon 0.0804
Seed 19 | Episode 818 | Reward 60.00 | Epsilon 0.0803
Seed 19 | Episode 819 | Reward 53.00 | Epsilon 0.0801
Seed 19 | Episode 820 | Reward 55.00 | Epsilon 0.0800
Seed 19 | Episode 821 | Reward 37.00 | Epsilon 0.0799
Seed 19 | Episode 822 | Reward 59.00 | Epsilon 0.0798
Seed 19 | Episode 823 | Reward 62.00 | Epsilon 0.0797
Seed 19 | Episode 824 | Reward 54.00 | Epsilon 0.0796
Seed 19 | Episode 825 | Reward 47.00 | Epsilon 0.0794
Seed 19 | Episode 826 | Reward 33.00 | Epsilon 0.0793
Seed 19 | Episode 827 | Reward 49.00 | Epsilon 0.0792
Seed 19 | Episode 828 | Reward 45.00 | Epsilon 0.0790
Seed 19 | Episode 829 | Reward 53.00 | Epsilon 0.0789
Seed 19 | Episode 830 | Reward 44.00 | Epsilon 0.0788
Seed 19 | Episode 831 | Reward 60.00 | Epsilon 0.0787
Seed 19 | Episode 832 | Reward 65.00 | Epsilon 0.0786
Seed 19 | Episode 833 | Reward 59.00 | Epsilon 0.0785
Seed 19 | Episode 834 | Reward 57.00 | Epsilon 0.0784
Seed 19 | Episode 835 | Reward 59.00 | Epsilon 0.0783
Seed 19 | Episode 836 | Reward 58.00 | Epsilon 0.0782
Seed 19 | Episode 837 | Reward 51.00 | Epsilon 0.0781
Seed 19 | Episode 838 | Reward 64.00 | Epsilon 0.0780
Seed 19 | Episode 839 | Reward 46.00 | Epsilon 0.0779
Seed 19 | Episode 840 | Reward 62.00 | Epsilon 0.0778
Seed 19 | Episode 841 | Reward 47.00 | Epsilon 0.0776
Seed 19 | Episode 842 | Reward 54.00 | Epsilon 0.0775
Seed 19 | Episode 843 | Reward 43.00 | Epsilon 0.0774
Seed 19 | Episode 844 | Reward 43.00 | Epsilon 0.0773
Seed 19 | Episode 845 | Reward 61.00 | Epsilon 0.0772
Seed 19 | Episode 846 | Reward 47.00 | Epsilon 0.0770
Seed 19 | Episode 847 | Reward 42.00 | Epsilon 0.0769
Seed 19 | Episode 848 | Reward 47.00 | Epsilon 0.0768
Seed 19 | Episode 849 | Reward 57.00 | Epsilon 0.0767
Seed 19 | Episode 850 | Reward 57.00 | Epsilon 0.0766
Seed 19 | Episode 851 | Reward 56.00 | Epsilon 0.0765
Seed 19 | Episode 852 | Reward 51.00 | Epsilon 0.0764
Seed 19 | Episode 853 | Reward 37.00 | Epsilon 0.0762
Seed 19 | Episode 854 | Reward 63.00 | Epsilon 0.0761
Seed 19 | Episode 855 | Reward 60.00 | Epsilon 0.0760
Seed 19 | Episode 856 | Reward 58.00 | Epsilon 0.0759
Seed 19 | Episode 857 | Reward 44.00 | Epsilon 0.0758
Seed 19 | Episode 858 | Reward 48.00 | Epsilon 0.0757
Seed 19 | Episode 859 | Reward 65.00 | Epsilon 0.0756
Seed 19 | Episode 860 | Reward 48.00 | Epsilon 0.0755
Seed 19 | Episode 861 | Reward 52.00 | Epsilon 0.0754
Seed 19 | Episode 862 | Reward 59.00 | Epsilon 0.0753
Seed 19 | Episode 863 | Reward 51.00 | Epsilon 0.0752
Seed 19 | Episode 864 | Reward 65.00 | Epsilon 0.0751
Seed 19 | Episode 865 | Reward 42.00 | Epsilon 0.0750
Seed 19 | Episode 866 | Reward 60.00 | Epsilon 0.0749
Seed 19 | Episode 867 | Reward 58.00 | Epsilon 0.0748
Seed 19 | Episode 868 | Reward 56.00 | Epsilon 0.0747
Seed 19 | Episode 869 | Reward 63.00 | Epsilon 0.0746
Seed 19 | Episode 870 | Reward 55.00 | Epsilon 0.0745
Seed 19 | Episode 871 | Reward 63.00 | Epsilon 0.0744
Seed 19 | Episode 872 | Reward 49.00 | Epsilon 0.0743
Seed 19 | Episode 873 | Reward 62.00 | Epsilon 0.0742
Seed 19 | Episode 874 | Reward 41.00 | Epsilon 0.0741
Seed 19 | Episode 875 | Reward 62.00 | Epsilon 0.0740
Seed 19 | Episode 876 | Reward 39.00 | Epsilon 0.0738
Seed 19 | Episode 877 | Reward 51.00 | Epsilon 0.0737
Seed 19 | Episode 878 | Reward 60.00 | Epsilon 0.0736
Seed 19 | Episode 879 | Reward 41.00 | Epsilon 0.0735
Seed 19 | Episode 880 | Reward 53.00 | Epsilon 0.0734
Seed 19 | Episode 881 | Reward 51.00 | Epsilon 0.0733
Seed 19 | Episode 882 | Reward 54.00 | Epsilon 0.0732
Seed 19 | Episode 883 | Reward 59.00 | Epsilon 0.0731
Seed 19 | Episode 884 | Reward 49.00 | Epsilon 0.0730
Seed 19 | Episode 885 | Reward 34.00 | Epsilon 0.0728
Seed 19 | Episode 886 | Reward 48.00 | Epsilon 0.0727
Seed 19 | Episode 887 | Reward 41.00 | Epsilon 0.0726
Seed 19 | Episode 888 | Reward 65.00 | Epsilon 0.0725
Seed 19 | Episode 889 | Reward 56.00 | Epsilon 0.0724
Seed 19 | Episode 890 | Reward 58.00 | Epsilon 0.0723
Seed 19 | Episode 891 | Reward 43.00 | Epsilon 0.0722
Seed 19 | Episode 892 | Reward 52.00 | Epsilon 0.0721
Seed 19 | Episode 893 | Reward 61.00 | Epsilon 0.0720
Seed 19 | Episode 894 | Reward 53.00 | Epsilon 0.0719
Seed 19 | Episode 895 | Reward 62.00 | Epsilon 0.0718
Seed 19 | Episode 896 | Reward 57.00 | Epsilon 0.0717
Seed 19 | Episode 897 | Reward 32.00 | Epsilon 0.0716
Seed 19 | Episode 898 | Reward 57.00 | Epsilon 0.0715
Seed 19 | Episode 899 | Reward 53.00 | Epsilon 0.0714
Seed 19 | Episode 900 | Reward 40.00 | Epsilon 0.0712
Seed 19 | Episode 901 | Reward 57.00 | Epsilon 0.0711
Seed 19 | Episode 902 | Reward 50.00 | Epsilon 0.0710
Seed 19 | Episode 903 | Reward 56.00 | Epsilon 0.0709
Seed 19 | Episode 904 | Reward 40.00 | Epsilon 0.0708
Seed 19 | Episode 905 | Reward 59.00 | Epsilon 0.0707
Seed 19 | Episode 906 | Reward 64.00 | Epsilon 0.0706
Seed 19 | Episode 907 | Reward 48.00 | Epsilon 0.0705
Seed 19 | Episode 908 | Reward 43.00 | Epsilon 0.0704
Seed 19 | Episode 909 | Reward 52.00 | Epsilon 0.0703
Seed 19 | Episode 910 | Reward 39.00 | Epsilon 0.0702
Seed 19 | Episode 911 | Reward 50.00 | Epsilon 0.0701
Seed 19 | Episode 912 | Reward 61.00 | Epsilon 0.0700
Seed 19 | Episode 913 | Reward 49.00 | Epsilon 0.0699
Seed 19 | Episode 914 | Reward 45.00 | Epsilon 0.0697
Seed 19 | Episode 915 | Reward 56.00 | Epsilon 0.0697
Seed 19 | Episode 916 | Reward 59.00 | Epsilon 0.0696
Seed 19 | Episode 917 | Reward 53.00 | Epsilon 0.0695
Seed 19 | Episode 918 | Reward 53.00 | Epsilon 0.0694
Seed 19 | Episode 919 | Reward 47.00 | Epsilon 0.0693
Seed 19 | Episode 920 | Reward 40.00 | Epsilon 0.0691
Seed 19 | Episode 921 | Reward 48.00 | Epsilon 0.0690
Seed 19 | Episode 922 | Reward 58.00 | Epsilon 0.0689
Seed 19 | Episode 923 | Reward 41.00 | Epsilon 0.0688
Seed 19 | Episode 924 | Reward 61.00 | Epsilon 0.0687
Seed 19 | Episode 925 | Reward 46.00 | Epsilon 0.0686
Seed 19 | Episode 926 | Reward 55.00 | Epsilon 0.0685
Seed 19 | Episode 927 | Reward 45.00 | Epsilon 0.0684
Seed 19 | Episode 928 | Reward 59.00 | Epsilon 0.0683
Seed 19 | Episode 929 | Reward 39.00 | Epsilon 0.0682
Seed 19 | Episode 930 | Reward 52.00 | Epsilon 0.0681
Seed 19 | Episode 931 | Reward 49.00 | Epsilon 0.0680
Seed 19 | Episode 932 | Reward 60.00 | Epsilon 0.0679
Seed 19 | Episode 933 | Reward 57.00 | Epsilon 0.0678
Seed 19 | Episode 934 | Reward 57.00 | Epsilon 0.0677
Seed 19 | Episode 935 | Reward 40.00 | Epsilon 0.0676
Seed 19 | Episode 936 | Reward 52.00 | Epsilon 0.0675
Seed 19 | Episode 937 | Reward 65.00 | Epsilon 0.0674
Seed 19 | Episode 938 | Reward 61.00 | Epsilon 0.0673
Seed 19 | Episode 939 | Reward 57.00 | Epsilon 0.0673
Seed 19 | Episode 940 | Reward 43.00 | Epsilon 0.0671
Seed 19 | Episode 941 | Reward 53.00 | Epsilon 0.0670
Seed 19 | Episode 942 | Reward 46.00 | Epsilon 0.0669
Seed 19 | Episode 943 | Reward 47.00 | Epsilon 0.0668
Seed 19 | Episode 944 | Reward 60.00 | Epsilon 0.0667
Seed 19 | Episode 945 | Reward 48.00 | Epsilon 0.0666
Seed 19 | Episode 946 | Reward 57.00 | Epsilon 0.0665
Seed 19 | Episode 947 | Reward 44.00 | Epsilon 0.0664
Seed 19 | Episode 948 | Reward 51.00 | Epsilon 0.0663
Seed 19 | Episode 949 | Reward 52.00 | Epsilon 0.0662
Seed 19 | Episode 950 | Reward 62.00 | Epsilon 0.0662
Seed 19 | Episode 951 | Reward 28.00 | Epsilon 0.0660
Seed 19 | Episode 952 | Reward 43.00 | Epsilon 0.0659
Seed 19 | Episode 953 | Reward 52.00 | Epsilon 0.0658
Seed 19 | Episode 954 | Reward 46.00 | Epsilon 0.0657
Seed 19 | Episode 955 | Reward 58.00 | Epsilon 0.0656
Seed 19 | Episode 956 | Reward 59.00 | Epsilon 0.0655
Seed 19 | Episode 957 | Reward 51.00 | Epsilon 0.0654
Seed 19 | Episode 958 | Reward 57.00 | Epsilon 0.0653
Seed 19 | Episode 959 | Reward 50.00 | Epsilon 0.0652
Seed 19 | Episode 960 | Reward 62.00 | Epsilon 0.0652
Seed 19 | Episode 961 | Reward 45.00 | Epsilon 0.0651
Seed 19 | Episode 962 | Reward 50.00 | Epsilon 0.0650
Seed 19 | Episode 963 | Reward 54.00 | Epsilon 0.0649
Seed 19 | Episode 964 | Reward 45.00 | Epsilon 0.0648
Seed 19 | Episode 965 | Reward 63.00 | Epsilon 0.0647
Seed 19 | Episode 966 | Reward 51.00 | Epsilon 0.0646
Seed 19 | Episode 967 | Reward 46.00 | Epsilon 0.0645
Seed 19 | Episode 968 | Reward 57.00 | Epsilon 0.0644
Seed 19 | Episode 969 | Reward 46.00 | Epsilon 0.0643
Seed 19 | Episode 970 | Reward 43.00 | Epsilon 0.0642
Seed 19 | Episode 971 | Reward 58.00 | Epsilon 0.0641
Seed 19 | Episode 972 | Reward 56.00 | Epsilon 0.0640
Seed 19 | Episode 973 | Reward 44.00 | Epsilon 0.0639
Seed 19 | Episode 974 | Reward 49.00 | Epsilon 0.0638
Seed 19 | Episode 975 | Reward 56.00 | Epsilon 0.0637
Seed 19 | Episode 976 | Reward 48.00 | Epsilon 0.0636
Seed 19 | Episode 977 | Reward 54.00 | Epsilon 0.0635
Seed 19 | Episode 978 | Reward 61.00 | Epsilon 0.0634
Seed 19 | Episode 979 | Reward 43.00 | Epsilon 0.0633
Seed 19 | Episode 980 | Reward 61.00 | Epsilon 0.0633
Seed 19 | Episode 981 | Reward 34.00 | Epsilon 0.0631
Seed 19 | Episode 982 | Reward 54.00 | Epsilon 0.0630
Seed 19 | Episode 983 | Reward 38.00 | Epsilon 0.0629
Seed 19 | Episode 984 | Reward 52.00 | Epsilon 0.0628
Seed 19 | Episode 985 | Reward 29.00 | Epsilon 0.0627
Seed 19 | Episode 986 | Reward 55.00 | Epsilon 0.0626
Seed 19 | Episode 987 | Reward 58.00 | Epsilon 0.0625
Seed 19 | Episode 988 | Reward 53.00 | Epsilon 0.0624
Seed 19 | Episode 989 | Reward 61.00 | Epsilon 0.0624
Seed 19 | Episode 990 | Reward 50.00 | Epsilon 0.0623
Seed 19 | Episode 991 | Reward 55.00 | Epsilon 0.0622
Seed 19 | Episode 992 | Reward 56.00 | Epsilon 0.0621
Seed 19 | Episode 993 | Reward 51.00 | Epsilon 0.0620
Seed 19 | Episode 994 | Reward 63.00 | Epsilon 0.0619
Seed 19 | Episode 995 | Reward 60.00 | Epsilon 0.0619
Seed 19 | Episode 996 | Reward 43.00 | Epsilon 0.0617
Seed 19 | Episode 997 | Reward 51.00 | Epsilon 0.0617
Seed 19 | Episode 998 | Reward 46.00 | Epsilon 0.0616
Seed 19 | Episode 999 | Reward 50.00 | Epsilon 0.0615
Finished seed 19
