starting job
Sun Dec  7 20:08:07 2025       
+-----------------------------------------------------------------------------------------+
| NVIDIA-SMI 580.65.06              Driver Version: 580.65.06      CUDA Version: 13.0     |
+-----------------------------------------+------------------------+----------------------+
| GPU  Name                 Persistence-M | Bus-Id          Disp.A | Volatile Uncorr. ECC |
| Fan  Temp   Perf          Pwr:Usage/Cap |           Memory-Usage | GPU-Util  Compute M. |
|                                         |                        |               MIG M. |
|=========================================+========================+======================|
|   0  NVIDIA H100 80GB HBM3          On  |   00000000:46:00.0 Off |                   On |
| N/A   38C    P0            347W /  700W |   21510MiB /  81559MiB |     N/A      Default |
|                                         |                        |              Enabled |
+-----------------------------------------+------------------------+----------------------+

+-----------------------------------------------------------------------------------------+
| MIG devices:                                                                            |
+------------------+----------------------------------+-----------+-----------------------+
| GPU  GI  CI  MIG |              Shared Memory-Usage |        Vol|        Shared         |
|      ID  ID  Dev |                Shared BAR1-Usage | SM     Unc| CE ENC  DEC  OFA  JPG |
|                  |                                  |        ECC|                       |
|==================+==================================+===========+=======================|
|  0   14   0   0  |              15MiB /  9984MiB    | 16      0 |  1   0    1    0    1 |
|                  |               0MiB /  6185MiB    |           |                       |
+------------------+----------------------------------+-----------+-----------------------+

+-----------------------------------------------------------------------------------------+
| Processes:                                                                              |
|  GPU   GI   CI              PID   Type   Process name                        GPU Memory |
|        ID   ID                                                               Usage      |
|=========================================================================================|
|  No running processes found                                                             |
+-----------------------------------------------------------------------------------------+
Running seed 4
Gym has been unmaintained since 2022 and does not support NumPy 2.0 amongst other critical functionality.
Please upgrade to Gymnasium, the maintained drop-in replacement of Gym, or contact the authors of your software and request that they upgrade.
Users of this version of Gym should be able to simply replace 'import gym' with 'import gymnasium as gym' in the vast majority of cases.
See the migration guide at https://gymnasium.farama.org/introduction/migration_guide/ for additional information.
Seed 4 | Episode 0 | Reward -300.00 | Epsilon 0.9987
Seed 4 | Episode 1 | Reward -300.00 | Epsilon 0.9897
Seed 4 | Episode 2 | Reward -300.00 | Epsilon 0.9808
Seed 4 | Episode 3 | Reward -300.00 | Epsilon 0.9720
Seed 4 | Episode 4 | Reward -300.00 | Epsilon 0.9633
Seed 4 | Episode 5 | Reward -300.00 | Epsilon 0.9547
Seed 4 | Episode 6 | Reward -300.00 | Epsilon 0.9462
Seed 4 | Episode 7 | Reward -300.00 | Epsilon 0.9377
Seed 4 | Episode 8 | Reward -300.00 | Epsilon 0.9293
Seed 4 | Episode 9 | Reward -300.00 | Epsilon 0.9209
Seed 4 | Episode 10 | Reward -300.00 | Epsilon 0.9127
Seed 4 | Episode 11 | Reward -300.00 | Epsilon 0.9045
Seed 4 | Episode 12 | Reward -300.00 | Epsilon 0.8964
Seed 4 | Episode 13 | Reward -300.00 | Epsilon 0.8884
Seed 4 | Episode 14 | Reward -300.00 | Epsilon 0.8804
Seed 4 | Episode 15 | Reward -300.00 | Epsilon 0.8725
Seed 4 | Episode 16 | Reward -300.00 | Epsilon 0.8647
Seed 4 | Episode 17 | Reward -300.00 | Epsilon 0.8570
Seed 4 | Episode 18 | Reward -300.00 | Epsilon 0.8493
Seed 4 | Episode 19 | Reward -300.00 | Epsilon 0.8417
Seed 4 | Episode 20 | Reward -300.00 | Epsilon 0.8341
Seed 4 | Episode 21 | Reward -300.00 | Epsilon 0.8267
Seed 4 | Episode 22 | Reward -300.00 | Epsilon 0.8193
Seed 4 | Episode 23 | Reward -300.00 | Epsilon 0.8119
Seed 4 | Episode 24 | Reward -300.00 | Epsilon 0.8046
Seed 4 | Episode 25 | Reward -300.00 | Epsilon 0.7974
Seed 4 | Episode 26 | Reward -300.00 | Epsilon 0.7903
Seed 4 | Episode 27 | Reward -300.00 | Epsilon 0.7832
Seed 4 | Episode 28 | Reward -300.00 | Epsilon 0.7762
Seed 4 | Episode 29 | Reward -300.00 | Epsilon 0.7692
Seed 4 | Episode 30 | Reward -300.00 | Epsilon 0.7623
Seed 4 | Episode 31 | Reward -300.00 | Epsilon 0.7555
Seed 4 | Episode 32 | Reward -300.00 | Epsilon 0.7487
Seed 4 | Episode 33 | Reward -300.00 | Epsilon 0.7420
Seed 4 | Episode 34 | Reward -300.00 | Epsilon 0.7354
Seed 4 | Episode 35 | Reward -300.00 | Epsilon 0.7288
Seed 4 | Episode 36 | Reward -300.00 | Epsilon 0.7223
Seed 4 | Episode 37 | Reward -300.00 | Epsilon 0.7158
Seed 4 | Episode 38 | Reward -300.00 | Epsilon 0.7094
Seed 4 | Episode 39 | Reward -300.00 | Epsilon 0.7030
Seed 4 | Episode 40 | Reward -300.00 | Epsilon 0.6967
Seed 4 | Episode 41 | Reward -300.00 | Epsilon 0.6905
Seed 4 | Episode 42 | Reward -300.00 | Epsilon 0.6843
Seed 4 | Episode 43 | Reward 49.00 | Epsilon 0.6832
Seed 4 | Episode 44 | Reward -300.00 | Epsilon 0.6771
Seed 4 | Episode 45 | Reward -300.00 | Epsilon 0.6710
Seed 4 | Episode 46 | Reward -30.00 | Epsilon 0.6684
Seed 4 | Episode 47 | Reward -300.00 | Epsilon 0.6624
Seed 4 | Episode 48 | Reward -300.00 | Epsilon 0.6565
Seed 4 | Episode 49 | Reward -300.00 | Epsilon 0.6506
Seed 4 | Episode 50 | Reward -300.00 | Epsilon 0.6448
Seed 4 | Episode 51 | Reward -300.00 | Epsilon 0.6390
Seed 4 | Episode 52 | Reward -300.00 | Epsilon 0.6333
Seed 4 | Episode 53 | Reward -300.00 | Epsilon 0.6276
Seed 4 | Episode 54 | Reward -300.00 | Epsilon 0.6220
Seed 4 | Episode 55 | Reward -125.00 | Epsilon 0.6178
Seed 4 | Episode 56 | Reward -300.00 | Epsilon 0.6122
Seed 4 | Episode 57 | Reward -300.00 | Epsilon 0.6068
Seed 4 | Episode 58 | Reward -300.00 | Epsilon 0.6013
Seed 4 | Episode 59 | Reward -300.00 | Epsilon 0.5959
Seed 4 | Episode 60 | Reward -300.00 | Epsilon 0.5906
Seed 4 | Episode 61 | Reward -300.00 | Epsilon 0.5853
Seed 4 | Episode 62 | Reward -300.00 | Epsilon 0.5801
Seed 4 | Episode 63 | Reward -300.00 | Epsilon 0.5749
Seed 4 | Episode 64 | Reward -300.00 | Epsilon 0.5697
Seed 4 | Episode 65 | Reward -300.00 | Epsilon 0.5646
Seed 4 | Episode 66 | Reward -300.00 | Epsilon 0.5595
Seed 4 | Episode 67 | Reward -300.00 | Epsilon 0.5545
Seed 4 | Episode 68 | Reward -300.00 | Epsilon 0.5496
Seed 4 | Episode 69 | Reward -300.00 | Epsilon 0.5446
Seed 4 | Episode 70 | Reward -300.00 | Epsilon 0.5398
Seed 4 | Episode 71 | Reward -300.00 | Epsilon 0.5349
Seed 4 | Episode 72 | Reward -300.00 | Epsilon 0.5301
Seed 4 | Episode 73 | Reward -300.00 | Epsilon 0.5254
Seed 4 | Episode 74 | Reward -300.00 | Epsilon 0.5207
Seed 4 | Episode 75 | Reward -300.00 | Epsilon 0.5160
Seed 4 | Episode 76 | Reward -300.00 | Epsilon 0.5114
Seed 4 | Episode 77 | Reward -137.00 | Epsilon 0.5077
Seed 4 | Episode 78 | Reward -300.00 | Epsilon 0.5032
Seed 4 | Episode 79 | Reward -300.00 | Epsilon 0.4987
Seed 4 | Episode 80 | Reward -300.00 | Epsilon 0.4942
Seed 4 | Episode 81 | Reward -300.00 | Epsilon 0.4898
Seed 4 | Episode 82 | Reward -300.00 | Epsilon 0.4854
Seed 4 | Episode 83 | Reward -300.00 | Epsilon 0.4811
Seed 4 | Episode 84 | Reward -300.00 | Epsilon 0.4767
Seed 4 | Episode 85 | Reward -300.00 | Epsilon 0.4725
Seed 4 | Episode 86 | Reward -300.00 | Epsilon 0.4682
Seed 4 | Episode 87 | Reward -300.00 | Epsilon 0.4640
Seed 4 | Episode 88 | Reward -300.00 | Epsilon 0.4599
Seed 4 | Episode 89 | Reward -300.00 | Epsilon 0.4558
Seed 4 | Episode 90 | Reward -300.00 | Epsilon 0.4517
Seed 4 | Episode 91 | Reward -300.00 | Epsilon 0.4476
Seed 4 | Episode 92 | Reward -300.00 | Epsilon 0.4436
Seed 4 | Episode 93 | Reward -300.00 | Epsilon 0.4397
Seed 4 | Episode 94 | Reward -300.00 | Epsilon 0.4357
Seed 4 | Episode 95 | Reward -300.00 | Epsilon 0.4318
Seed 4 | Episode 96 | Reward -300.00 | Epsilon 0.4279
Seed 4 | Episode 97 | Reward -300.00 | Epsilon 0.4241
Seed 4 | Episode 98 | Reward -300.00 | Epsilon 0.4203
Seed 4 | Episode 99 | Reward -300.00 | Epsilon 0.4165
Seed 4 | Episode 100 | Reward -300.00 | Epsilon 0.4128
Seed 4 | Episode 101 | Reward -300.00 | Epsilon 0.4091
Seed 4 | Episode 102 | Reward -300.00 | Epsilon 0.4054
Seed 4 | Episode 103 | Reward -300.00 | Epsilon 0.4018
Seed 4 | Episode 104 | Reward -300.00 | Epsilon 0.3982
Seed 4 | Episode 105 | Reward -300.00 | Epsilon 0.3946
Seed 4 | Episode 106 | Reward -300.00 | Epsilon 0.3911
Seed 4 | Episode 107 | Reward -24.00 | Epsilon 0.3896
Seed 4 | Episode 108 | Reward -300.00 | Epsilon 0.3862
Seed 4 | Episode 109 | Reward -300.00 | Epsilon 0.3827
Seed 4 | Episode 110 | Reward -300.00 | Epsilon 0.3793
Seed 4 | Episode 111 | Reward -300.00 | Epsilon 0.3759
Seed 4 | Episode 112 | Reward -300.00 | Epsilon 0.3725
Seed 4 | Episode 113 | Reward -300.00 | Epsilon 0.3692
Seed 4 | Episode 114 | Reward -300.00 | Epsilon 0.3659
Seed 4 | Episode 115 | Reward -300.00 | Epsilon 0.3626
Seed 4 | Episode 116 | Reward -300.00 | Epsilon 0.3593
Seed 4 | Episode 117 | Reward -300.00 | Epsilon 0.3561
Seed 4 | Episode 118 | Reward -300.00 | Epsilon 0.3529
Seed 4 | Episode 119 | Reward -27.00 | Epsilon 0.3516
Seed 4 | Episode 120 | Reward -300.00 | Epsilon 0.3484
Seed 4 | Episode 121 | Reward -300.00 | Epsilon 0.3453
Seed 4 | Episode 122 | Reward 13.00 | Epsilon 0.3444
Seed 4 | Episode 123 | Reward -300.00 | Epsilon 0.3413
Seed 4 | Episode 124 | Reward -300.00 | Epsilon 0.3382
Seed 4 | Episode 125 | Reward -156.00 | Epsilon 0.3356
Seed 4 | Episode 126 | Reward -300.00 | Epsilon 0.3326
Seed 4 | Episode 127 | Reward -300.00 | Epsilon 0.3297
Seed 4 | Episode 128 | Reward -300.00 | Epsilon 0.3267
Seed 4 | Episode 129 | Reward -111.00 | Epsilon 0.3246
Seed 4 | Episode 130 | Reward -115.00 | Epsilon 0.3225
Seed 4 | Episode 131 | Reward -300.00 | Epsilon 0.3196
Seed 4 | Episode 132 | Reward -127.00 | Epsilon 0.3175
Seed 4 | Episode 133 | Reward -22.00 | Epsilon 0.3163
Seed 4 | Episode 134 | Reward -300.00 | Epsilon 0.3135
Seed 4 | Episode 135 | Reward -5.00 | Epsilon 0.3125
Seed 4 | Episode 136 | Reward -300.00 | Epsilon 0.3097
Seed 4 | Episode 137 | Reward -300.00 | Epsilon 0.3069
Seed 4 | Episode 138 | Reward -300.00 | Epsilon 0.3041
Seed 4 | Episode 139 | Reward -11.00 | Epsilon 0.3031
Seed 4 | Episode 140 | Reward -300.00 | Epsilon 0.3004
Seed 4 | Episode 141 | Reward -300.00 | Epsilon 0.2977
Seed 4 | Episode 142 | Reward -300.00 | Epsilon 0.2950
Seed 4 | Episode 143 | Reward -54.00 | Epsilon 0.2937
Seed 4 | Episode 144 | Reward -3.00 | Epsilon 0.2928
Seed 4 | Episode 145 | Reward -108.00 | Epsilon 0.2909
Seed 4 | Episode 146 | Reward -300.00 | Epsilon 0.2883
Seed 4 | Episode 147 | Reward -52.00 | Epsilon 0.2870
Seed 4 | Episode 148 | Reward -300.00 | Epsilon 0.2844
Seed 4 | Episode 149 | Reward -300.00 | Epsilon 0.2819
Seed 4 | Episode 150 | Reward -300.00 | Epsilon 0.2794
Seed 4 | Episode 151 | Reward 0.00 | Epsilon 0.2785
Seed 4 | Episode 152 | Reward 44.00 | Epsilon 0.2780
Seed 4 | Episode 153 | Reward -167.00 | Epsilon 0.2758
Seed 4 | Episode 154 | Reward -173.00 | Epsilon 0.2736
Seed 4 | Episode 155 | Reward -300.00 | Epsilon 0.2711
Seed 4 | Episode 156 | Reward -300.00 | Epsilon 0.2687
Seed 4 | Episode 157 | Reward 57.00 | Epsilon 0.2683
Seed 4 | Episode 158 | Reward 52.00 | Epsilon 0.2679
Seed 4 | Episode 159 | Reward 50.00 | Epsilon 0.2675
Seed 4 | Episode 160 | Reward -300.00 | Epsilon 0.2651
Seed 4 | Episode 161 | Reward -300.00 | Epsilon 0.2627
Seed 4 | Episode 162 | Reward -300.00 | Epsilon 0.2604
Seed 4 | Episode 163 | Reward 55.00 | Epsilon 0.2600
Seed 4 | Episode 164 | Reward -300.00 | Epsilon 0.2577
Seed 4 | Episode 165 | Reward -300.00 | Epsilon 0.2554
Seed 4 | Episode 166 | Reward 42.00 | Epsilon 0.2549
Seed 4 | Episode 167 | Reward 46.00 | Epsilon 0.2545
Seed 4 | Episode 168 | Reward 59.00 | Epsilon 0.2542
Seed 4 | Episode 169 | Reward -83.00 | Epsilon 0.2528
Seed 4 | Episode 170 | Reward -164.00 | Epsilon 0.2508
Seed 4 | Episode 171 | Reward 7.00 | Epsilon 0.2501
Seed 4 | Episode 172 | Reward -86.00 | Epsilon 0.2487
Seed 4 | Episode 173 | Reward 44.00 | Epsilon 0.2483
Seed 4 | Episode 174 | Reward 34.00 | Epsilon 0.2478
Seed 4 | Episode 175 | Reward 40.00 | Epsilon 0.2473
Seed 4 | Episode 176 | Reward -27.00 | Epsilon 0.2464
Seed 4 | Episode 177 | Reward 62.00 | Epsilon 0.2461
Seed 4 | Episode 178 | Reward 40.00 | Epsilon 0.2456
Seed 4 | Episode 179 | Reward -94.00 | Epsilon 0.2442
Seed 4 | Episode 180 | Reward 49.00 | Epsilon 0.2438
Seed 4 | Episode 181 | Reward -117.00 | Epsilon 0.2422
Seed 4 | Episode 182 | Reward -27.00 | Epsilon 0.2413
Seed 4 | Episode 183 | Reward 57.00 | Epsilon 0.2410
Seed 4 | Episode 184 | Reward -36.00 | Epsilon 0.2400
Seed 4 | Episode 185 | Reward 43.00 | Epsilon 0.2396
Seed 4 | Episode 186 | Reward -143.00 | Epsilon 0.2378
Seed 4 | Episode 187 | Reward -129.00 | Epsilon 0.2362
Seed 4 | Episode 188 | Reward -14.00 | Epsilon 0.2354
Seed 4 | Episode 189 | Reward 49.00 | Epsilon 0.2350
Seed 4 | Episode 190 | Reward 48.00 | Epsilon 0.2346
Seed 4 | Episode 191 | Reward 30.00 | Epsilon 0.2341
Seed 4 | Episode 192 | Reward -67.00 | Epsilon 0.2330
Seed 4 | Episode 193 | Reward 34.00 | Epsilon 0.2325
Seed 4 | Episode 194 | Reward 42.00 | Epsilon 0.2321
Seed 4 | Episode 195 | Reward 52.00 | Epsilon 0.2317
Seed 4 | Episode 196 | Reward 51.00 | Epsilon 0.2314
Seed 4 | Episode 197 | Reward -300.00 | Epsilon 0.2293
Seed 4 | Episode 198 | Reward 41.00 | Epsilon 0.2289
Seed 4 | Episode 199 | Reward 50.00 | Epsilon 0.2286
Seed 4 | Episode 200 | Reward 39.00 | Epsilon 0.2281
Seed 4 | Episode 201 | Reward 46.00 | Epsilon 0.2278
Seed 4 | Episode 202 | Reward -140.00 | Epsilon 0.2261
Seed 4 | Episode 203 | Reward 36.00 | Epsilon 0.2257
Seed 4 | Episode 204 | Reward 57.00 | Epsilon 0.2254
Seed 4 | Episode 205 | Reward 58.00 | Epsilon 0.2251
Seed 4 | Episode 206 | Reward 60.00 | Epsilon 0.2248
Seed 4 | Episode 207 | Reward 51.00 | Epsilon 0.2245
Seed 4 | Episode 208 | Reward 56.00 | Epsilon 0.2242
Seed 4 | Episode 209 | Reward 50.00 | Epsilon 0.2238
Seed 4 | Episode 210 | Reward 37.00 | Epsilon 0.2234
Seed 4 | Episode 211 | Reward 48.00 | Epsilon 0.2230
Seed 4 | Episode 212 | Reward 49.00 | Epsilon 0.2227
Seed 4 | Episode 213 | Reward 49.00 | Epsilon 0.2224
Seed 4 | Episode 214 | Reward 45.00 | Epsilon 0.2220
Seed 4 | Episode 215 | Reward 35.00 | Epsilon 0.2215
Seed 4 | Episode 216 | Reward 49.00 | Epsilon 0.2212
Seed 4 | Episode 217 | Reward 44.00 | Epsilon 0.2208
Seed 4 | Episode 218 | Reward 46.00 | Epsilon 0.2205
Seed 4 | Episode 219 | Reward 43.00 | Epsilon 0.2201
Seed 4 | Episode 220 | Reward 61.00 | Epsilon 0.2198
Seed 4 | Episode 221 | Reward 59.00 | Epsilon 0.2195
Seed 4 | Episode 222 | Reward 36.00 | Epsilon 0.2191
Seed 4 | Episode 223 | Reward -83.00 | Epsilon 0.2179
Seed 4 | Episode 224 | Reward 60.00 | Epsilon 0.2176
Seed 4 | Episode 225 | Reward 49.00 | Epsilon 0.2173
Seed 4 | Episode 226 | Reward 52.00 | Epsilon 0.2170
Seed 4 | Episode 227 | Reward 58.00 | Epsilon 0.2167
Seed 4 | Episode 228 | Reward -20.00 | Epsilon 0.2159
Seed 4 | Episode 229 | Reward 43.00 | Epsilon 0.2155
Seed 4 | Episode 230 | Reward 52.00 | Epsilon 0.2152
Seed 4 | Episode 231 | Reward 51.00 | Epsilon 0.2149
Seed 4 | Episode 232 | Reward 36.00 | Epsilon 0.2145
Seed 4 | Episode 233 | Reward 40.00 | Epsilon 0.2141
Seed 4 | Episode 234 | Reward 53.00 | Epsilon 0.2138
Seed 4 | Episode 235 | Reward 40.00 | Epsilon 0.2134
Seed 4 | Episode 236 | Reward 59.00 | Epsilon 0.2131
Seed 4 | Episode 237 | Reward 36.00 | Epsilon 0.2127
Seed 4 | Episode 238 | Reward 45.00 | Epsilon 0.2123
Seed 4 | Episode 239 | Reward 30.00 | Epsilon 0.2119
Seed 4 | Episode 240 | Reward 47.00 | Epsilon 0.2115
Seed 4 | Episode 241 | Reward 52.00 | Epsilon 0.2112
Seed 4 | Episode 242 | Reward 46.00 | Epsilon 0.2109
Seed 4 | Episode 243 | Reward 46.00 | Epsilon 0.2105
Seed 4 | Episode 244 | Reward 38.00 | Epsilon 0.2101
Seed 4 | Episode 245 | Reward 48.00 | Epsilon 0.2098
Seed 4 | Episode 246 | Reward 13.00 | Epsilon 0.2093
Seed 4 | Episode 247 | Reward 37.00 | Epsilon 0.2088
Seed 4 | Episode 248 | Reward 53.00 | Epsilon 0.2085
Seed 4 | Episode 249 | Reward 49.00 | Epsilon 0.2082
Seed 4 | Episode 250 | Reward 40.00 | Epsilon 0.2078
Seed 4 | Episode 251 | Reward 51.00 | Epsilon 0.2075
Seed 4 | Episode 252 | Reward 45.00 | Epsilon 0.2072
Seed 4 | Episode 253 | Reward 47.00 | Epsilon 0.2068
Seed 4 | Episode 254 | Reward 50.00 | Epsilon 0.2065
Seed 4 | Episode 255 | Reward 54.00 | Epsilon 0.2062
Seed 4 | Episode 256 | Reward 53.00 | Epsilon 0.2059
Seed 4 | Episode 257 | Reward 51.00 | Epsilon 0.2056
Seed 4 | Episode 258 | Reward 56.00 | Epsilon 0.2054
Seed 4 | Episode 259 | Reward 44.00 | Epsilon 0.2050
Seed 4 | Episode 260 | Reward 49.00 | Epsilon 0.2047
Seed 4 | Episode 261 | Reward 46.00 | Epsilon 0.2043
Seed 4 | Episode 262 | Reward 56.00 | Epsilon 0.2041
Seed 4 | Episode 263 | Reward 42.00 | Epsilon 0.2037
Seed 4 | Episode 264 | Reward 56.00 | Epsilon 0.2034
Seed 4 | Episode 265 | Reward 44.00 | Epsilon 0.2031
Seed 4 | Episode 266 | Reward 46.00 | Epsilon 0.2028
Seed 4 | Episode 267 | Reward 58.00 | Epsilon 0.2025
Seed 4 | Episode 268 | Reward 60.00 | Epsilon 0.2022
Seed 4 | Episode 269 | Reward 53.00 | Epsilon 0.2020
Seed 4 | Episode 270 | Reward 47.00 | Epsilon 0.2016
Seed 4 | Episode 271 | Reward 58.00 | Epsilon 0.2014
Seed 4 | Episode 272 | Reward 45.00 | Epsilon 0.2010
Seed 4 | Episode 273 | Reward 45.00 | Epsilon 0.2007
Seed 4 | Episode 274 | Reward 50.00 | Epsilon 0.2004
Seed 4 | Episode 275 | Reward 62.00 | Epsilon 0.2002
Seed 4 | Episode 276 | Reward 40.00 | Epsilon 0.1998
Seed 4 | Episode 277 | Reward 43.00 | Epsilon 0.1994
Seed 4 | Episode 278 | Reward 51.00 | Epsilon 0.1991
Seed 4 | Episode 279 | Reward 37.00 | Epsilon 0.1988
Seed 4 | Episode 280 | Reward 54.00 | Epsilon 0.1985
Seed 4 | Episode 281 | Reward 45.00 | Epsilon 0.1981
Seed 4 | Episode 282 | Reward 50.00 | Epsilon 0.1978
Seed 4 | Episode 283 | Reward 56.00 | Epsilon 0.1976
Seed 4 | Episode 284 | Reward 52.00 | Epsilon 0.1973
Seed 4 | Episode 285 | Reward 58.00 | Epsilon 0.1970
Seed 4 | Episode 286 | Reward 53.00 | Epsilon 0.1967
Seed 4 | Episode 287 | Reward 54.00 | Epsilon 0.1965
Seed 4 | Episode 288 | Reward 51.00 | Epsilon 0.1962
Seed 4 | Episode 289 | Reward 51.00 | Epsilon 0.1959
Seed 4 | Episode 290 | Reward 38.00 | Epsilon 0.1955
Seed 4 | Episode 291 | Reward 53.00 | Epsilon 0.1952
Seed 4 | Episode 292 | Reward 51.00 | Epsilon 0.1949
Seed 4 | Episode 293 | Reward 47.00 | Epsilon 0.1946
Seed 4 | Episode 294 | Reward 57.00 | Epsilon 0.1944
Seed 4 | Episode 295 | Reward 41.00 | Epsilon 0.1940
Seed 4 | Episode 296 | Reward 57.00 | Epsilon 0.1938
Seed 4 | Episode 297 | Reward 53.00 | Epsilon 0.1935
Seed 4 | Episode 298 | Reward 54.00 | Epsilon 0.1932
Seed 4 | Episode 299 | Reward 40.00 | Epsilon 0.1929
Seed 4 | Episode 300 | Reward 43.00 | Epsilon 0.1925
Seed 4 | Episode 301 | Reward 61.00 | Epsilon 0.1923
Seed 4 | Episode 302 | Reward 47.00 | Epsilon 0.1920
Seed 4 | Episode 303 | Reward 55.00 | Epsilon 0.1917
Seed 4 | Episode 304 | Reward 53.00 | Epsilon 0.1914
Seed 4 | Episode 305 | Reward 58.00 | Epsilon 0.1912
Seed 4 | Episode 306 | Reward 50.00 | Epsilon 0.1909
Seed 4 | Episode 307 | Reward 43.00 | Epsilon 0.1906
Seed 4 | Episode 308 | Reward 54.00 | Epsilon 0.1903
Seed 4 | Episode 309 | Reward 53.00 | Epsilon 0.1900
Seed 4 | Episode 310 | Reward 61.00 | Epsilon 0.1898
Seed 4 | Episode 311 | Reward 56.00 | Epsilon 0.1895
Seed 4 | Episode 312 | Reward 42.00 | Epsilon 0.1892
Seed 4 | Episode 313 | Reward 47.00 | Epsilon 0.1889
Seed 4 | Episode 314 | Reward 57.00 | Epsilon 0.1886
Seed 4 | Episode 315 | Reward 62.00 | Epsilon 0.1884
Seed 4 | Episode 316 | Reward 58.00 | Epsilon 0.1882
Seed 4 | Episode 317 | Reward 55.00 | Epsilon 0.1879
Seed 4 | Episode 318 | Reward 46.00 | Epsilon 0.1876
Seed 4 | Episode 319 | Reward 46.00 | Epsilon 0.1873
Seed 4 | Episode 320 | Reward 37.00 | Epsilon 0.1869
Seed 4 | Episode 321 | Reward 55.00 | Epsilon 0.1867
Seed 4 | Episode 322 | Reward 45.00 | Epsilon 0.1864
Seed 4 | Episode 323 | Reward 59.00 | Epsilon 0.1861
Seed 4 | Episode 324 | Reward 51.00 | Epsilon 0.1859
Seed 4 | Episode 325 | Reward 47.00 | Epsilon 0.1856
Seed 4 | Episode 326 | Reward 55.00 | Epsilon 0.1853
Seed 4 | Episode 327 | Reward 45.00 | Epsilon 0.1850
Seed 4 | Episode 328 | Reward 41.00 | Epsilon 0.1847
Seed 4 | Episode 329 | Reward 52.00 | Epsilon 0.1844
Seed 4 | Episode 330 | Reward 55.00 | Epsilon 0.1841
Seed 4 | Episode 331 | Reward 53.00 | Epsilon 0.1839
Seed 4 | Episode 332 | Reward 47.00 | Epsilon 0.1836
Seed 4 | Episode 333 | Reward 46.00 | Epsilon 0.1833
Seed 4 | Episode 334 | Reward 41.00 | Epsilon 0.1829
Seed 4 | Episode 335 | Reward 55.00 | Epsilon 0.1827
Seed 4 | Episode 336 | Reward 40.00 | Epsilon 0.1824
Seed 4 | Episode 337 | Reward 53.00 | Epsilon 0.1821
Seed 4 | Episode 338 | Reward 39.00 | Epsilon 0.1818
Seed 4 | Episode 339 | Reward 56.00 | Epsilon 0.1815
Seed 4 | Episode 340 | Reward 57.00 | Epsilon 0.1813
Seed 4 | Episode 341 | Reward 52.00 | Epsilon 0.1810
Seed 4 | Episode 342 | Reward 55.00 | Epsilon 0.1808
Seed 4 | Episode 343 | Reward 48.00 | Epsilon 0.1805
Seed 4 | Episode 344 | Reward 57.00 | Epsilon 0.1802
Seed 4 | Episode 345 | Reward 54.00 | Epsilon 0.1800
Seed 4 | Episode 346 | Reward 52.00 | Epsilon 0.1797
Seed 4 | Episode 347 | Reward 47.00 | Epsilon 0.1794
Seed 4 | Episode 348 | Reward 55.00 | Epsilon 0.1792
Seed 4 | Episode 349 | Reward 47.00 | Epsilon 0.1789
Seed 4 | Episode 350 | Reward 50.00 | Epsilon 0.1786
Seed 4 | Episode 351 | Reward 53.00 | Epsilon 0.1784
Seed 4 | Episode 352 | Reward 45.00 | Epsilon 0.1781
Seed 4 | Episode 353 | Reward 47.00 | Epsilon 0.1778
Seed 4 | Episode 354 | Reward 58.00 | Epsilon 0.1775
Seed 4 | Episode 355 | Reward 51.00 | Epsilon 0.1773
Seed 4 | Episode 356 | Reward 56.00 | Epsilon 0.1770
Seed 4 | Episode 357 | Reward 50.00 | Epsilon 0.1768
Seed 4 | Episode 358 | Reward 61.00 | Epsilon 0.1765
Seed 4 | Episode 359 | Reward 43.00 | Epsilon 0.1762
Seed 4 | Episode 360 | Reward 39.00 | Epsilon 0.1759
Seed 4 | Episode 361 | Reward 41.00 | Epsilon 0.1756
Seed 4 | Episode 362 | Reward 49.00 | Epsilon 0.1753
Seed 4 | Episode 363 | Reward 54.00 | Epsilon 0.1751
Seed 4 | Episode 364 | Reward 42.00 | Epsilon 0.1748
Seed 4 | Episode 365 | Reward 44.00 | Epsilon 0.1745
Seed 4 | Episode 366 | Reward 63.00 | Epsilon 0.1743
Seed 4 | Episode 367 | Reward 55.00 | Epsilon 0.1740
Seed 4 | Episode 368 | Reward 54.00 | Epsilon 0.1738
Seed 4 | Episode 369 | Reward 50.00 | Epsilon 0.1735
Seed 4 | Episode 370 | Reward 43.00 | Epsilon 0.1732
Seed 4 | Episode 371 | Reward 53.00 | Epsilon 0.1730
Seed 4 | Episode 372 | Reward 47.00 | Epsilon 0.1727
Seed 4 | Episode 373 | Reward 47.00 | Epsilon 0.1724
Seed 4 | Episode 374 | Reward 55.00 | Epsilon 0.1722
Seed 4 | Episode 375 | Reward 62.00 | Epsilon 0.1720
Seed 4 | Episode 376 | Reward 37.00 | Epsilon 0.1716
Seed 4 | Episode 377 | Reward 42.00 | Epsilon 0.1713
Seed 4 | Episode 378 | Reward 47.00 | Epsilon 0.1711
Seed 4 | Episode 379 | Reward 52.00 | Epsilon 0.1708
Seed 4 | Episode 380 | Reward 43.00 | Epsilon 0.1705
Seed 4 | Episode 381 | Reward 53.00 | Epsilon 0.1703
Seed 4 | Episode 382 | Reward 54.00 | Epsilon 0.1700
Seed 4 | Episode 383 | Reward 39.00 | Epsilon 0.1697
Seed 4 | Episode 384 | Reward 59.00 | Epsilon 0.1695
Seed 4 | Episode 385 | Reward 60.00 | Epsilon 0.1693
Seed 4 | Episode 386 | Reward 56.00 | Epsilon 0.1691
Seed 4 | Episode 387 | Reward 55.00 | Epsilon 0.1688
Seed 4 | Episode 388 | Reward 56.00 | Epsilon 0.1686
Seed 4 | Episode 389 | Reward 48.00 | Epsilon 0.1683
Seed 4 | Episode 390 | Reward 53.00 | Epsilon 0.1681
Seed 4 | Episode 391 | Reward 36.00 | Epsilon 0.1678
Seed 4 | Episode 392 | Reward 44.00 | Epsilon 0.1675
Seed 4 | Episode 393 | Reward 39.00 | Epsilon 0.1672
Seed 4 | Episode 394 | Reward 45.00 | Epsilon 0.1669
Seed 4 | Episode 395 | Reward 50.00 | Epsilon 0.1666
Seed 4 | Episode 396 | Reward 50.00 | Epsilon 0.1664
Seed 4 | Episode 397 | Reward 45.00 | Epsilon 0.1661
Seed 4 | Episode 398 | Reward 48.00 | Epsilon 0.1658
Seed 4 | Episode 399 | Reward 41.00 | Epsilon 0.1655
Seed 4 | Episode 400 | Reward 47.00 | Epsilon 0.1653
Seed 4 | Episode 401 | Reward 39.00 | Epsilon 0.1650
Seed 4 | Episode 402 | Reward 58.00 | Epsilon 0.1647
Seed 4 | Episode 403 | Reward 48.00 | Epsilon 0.1645
Seed 4 | Episode 404 | Reward 41.00 | Epsilon 0.1642
Seed 4 | Episode 405 | Reward 49.00 | Epsilon 0.1639
Seed 4 | Episode 406 | Reward 48.00 | Epsilon 0.1637
Seed 4 | Episode 407 | Reward 53.00 | Epsilon 0.1634
Seed 4 | Episode 408 | Reward 47.00 | Epsilon 0.1632
Seed 4 | Episode 409 | Reward 56.00 | Epsilon 0.1629
Seed 4 | Episode 410 | Reward 60.00 | Epsilon 0.1627
Seed 4 | Episode 411 | Reward 60.00 | Epsilon 0.1625
Seed 4 | Episode 412 | Reward 44.00 | Epsilon 0.1623
Seed 4 | Episode 413 | Reward 45.00 | Epsilon 0.1620
Seed 4 | Episode 414 | Reward 44.00 | Epsilon 0.1617
Seed 4 | Episode 415 | Reward 50.00 | Epsilon 0.1615
Seed 4 | Episode 416 | Reward 44.00 | Epsilon 0.1612
Seed 4 | Episode 417 | Reward 33.00 | Epsilon 0.1609
Seed 4 | Episode 418 | Reward 48.00 | Epsilon 0.1606
Seed 4 | Episode 419 | Reward 48.00 | Epsilon 0.1604
Seed 4 | Episode 420 | Reward 34.00 | Epsilon 0.1600
Seed 4 | Episode 421 | Reward 44.00 | Epsilon 0.1598
Seed 4 | Episode 422 | Reward 47.00 | Epsilon 0.1595
Seed 4 | Episode 423 | Reward 52.00 | Epsilon 0.1593
Seed 4 | Episode 424 | Reward 51.00 | Epsilon 0.1590
Seed 4 | Episode 425 | Reward 45.00 | Epsilon 0.1588
Seed 4 | Episode 426 | Reward 54.00 | Epsilon 0.1585
Seed 4 | Episode 427 | Reward 52.00 | Epsilon 0.1583
Seed 4 | Episode 428 | Reward 43.00 | Epsilon 0.1580
Seed 4 | Episode 429 | Reward 37.00 | Epsilon 0.1577
Seed 4 | Episode 430 | Reward 58.00 | Epsilon 0.1575
Seed 4 | Episode 431 | Reward 62.00 | Epsilon 0.1573
Seed 4 | Episode 432 | Reward 53.00 | Epsilon 0.1571
Seed 4 | Episode 433 | Reward 46.00 | Epsilon 0.1569
Seed 4 | Episode 434 | Reward 55.00 | Epsilon 0.1566
Seed 4 | Episode 435 | Reward 44.00 | Epsilon 0.1564
Seed 4 | Episode 436 | Reward 54.00 | Epsilon 0.1562
Seed 4 | Episode 437 | Reward 50.00 | Epsilon 0.1559
Seed 4 | Episode 438 | Reward 60.00 | Epsilon 0.1557
Seed 4 | Episode 439 | Reward 50.00 | Epsilon 0.1555
Seed 4 | Episode 440 | Reward 43.00 | Epsilon 0.1552
Seed 4 | Episode 441 | Reward 37.00 | Epsilon 0.1549
Seed 4 | Episode 442 | Reward 59.00 | Epsilon 0.1547
Seed 4 | Episode 443 | Reward 51.00 | Epsilon 0.1545
Seed 4 | Episode 444 | Reward 56.00 | Epsilon 0.1543
Seed 4 | Episode 445 | Reward 54.00 | Epsilon 0.1541
Seed 4 | Episode 446 | Reward 42.00 | Epsilon 0.1538
Seed 4 | Episode 447 | Reward 52.00 | Epsilon 0.1536
Seed 4 | Episode 448 | Reward 30.00 | Epsilon 0.1532
Seed 4 | Episode 449 | Reward 52.00 | Epsilon 0.1530
Seed 4 | Episode 450 | Reward 53.00 | Epsilon 0.1528
Seed 4 | Episode 451 | Reward 49.00 | Epsilon 0.1526
Seed 4 | Episode 452 | Reward 45.00 | Epsilon 0.1523
Seed 4 | Episode 453 | Reward 50.00 | Epsilon 0.1521
Seed 4 | Episode 454 | Reward 44.00 | Epsilon 0.1518
Seed 4 | Episode 455 | Reward 40.00 | Epsilon 0.1515
Seed 4 | Episode 456 | Reward 40.00 | Epsilon 0.1512
Seed 4 | Episode 457 | Reward 58.00 | Epsilon 0.1511
Seed 4 | Episode 458 | Reward 54.00 | Epsilon 0.1508
Seed 4 | Episode 459 | Reward 54.00 | Epsilon 0.1506
Seed 4 | Episode 460 | Reward 60.00 | Epsilon 0.1504
Seed 4 | Episode 461 | Reward 41.00 | Epsilon 0.1502
Seed 4 | Episode 462 | Reward 48.00 | Epsilon 0.1499
Seed 4 | Episode 463 | Reward 51.00 | Epsilon 0.1497
Seed 4 | Episode 464 | Reward 43.00 | Epsilon 0.1494
Seed 4 | Episode 465 | Reward 51.00 | Epsilon 0.1492
Seed 4 | Episode 466 | Reward 56.00 | Epsilon 0.1490
Seed 4 | Episode 467 | Reward 50.00 | Epsilon 0.1488
Seed 4 | Episode 468 | Reward 57.00 | Epsilon 0.1486
Seed 4 | Episode 469 | Reward 61.00 | Epsilon 0.1484
Seed 4 | Episode 470 | Reward 49.00 | Epsilon 0.1482
Seed 4 | Episode 471 | Reward 34.00 | Epsilon 0.1479
Seed 4 | Episode 472 | Reward 33.00 | Epsilon 0.1476
Seed 4 | Episode 473 | Reward 44.00 | Epsilon 0.1473
Seed 4 | Episode 474 | Reward 53.00 | Epsilon 0.1471
Seed 4 | Episode 475 | Reward 43.00 | Epsilon 0.1469
Seed 4 | Episode 476 | Reward 43.00 | Epsilon 0.1466
Seed 4 | Episode 477 | Reward 50.00 | Epsilon 0.1464
Seed 4 | Episode 478 | Reward 60.00 | Epsilon 0.1462
Seed 4 | Episode 479 | Reward 50.00 | Epsilon 0.1460
Seed 4 | Episode 480 | Reward 53.00 | Epsilon 0.1458
Seed 4 | Episode 481 | Reward 47.00 | Epsilon 0.1455
Seed 4 | Episode 482 | Reward 47.00 | Epsilon 0.1453
Seed 4 | Episode 483 | Reward 57.00 | Epsilon 0.1451
Seed 4 | Episode 484 | Reward 46.00 | Epsilon 0.1449
Seed 4 | Episode 485 | Reward 34.00 | Epsilon 0.1446
Seed 4 | Episode 486 | Reward 37.00 | Epsilon 0.1443
Seed 4 | Episode 487 | Reward 40.00 | Epsilon 0.1440
Seed 4 | Episode 488 | Reward 52.00 | Epsilon 0.1438
Seed 4 | Episode 489 | Reward 44.00 | Epsilon 0.1436
Seed 4 | Episode 490 | Reward 44.00 | Epsilon 0.1433
Seed 4 | Episode 491 | Reward 50.00 | Epsilon 0.1431
Seed 4 | Episode 492 | Reward 56.00 | Epsilon 0.1429
Seed 4 | Episode 493 | Reward 48.00 | Epsilon 0.1427
Seed 4 | Episode 494 | Reward 43.00 | Epsilon 0.1425
Seed 4 | Episode 495 | Reward 46.00 | Epsilon 0.1422
Seed 4 | Episode 496 | Reward 58.00 | Epsilon 0.1420
Seed 4 | Episode 497 | Reward 61.00 | Epsilon 0.1419
Seed 4 | Episode 498 | Reward 56.00 | Epsilon 0.1417
Seed 4 | Episode 499 | Reward 42.00 | Epsilon 0.1414
Seed 4 | Episode 500 | Reward 50.00 | Epsilon 0.1412
Seed 4 | Episode 501 | Reward 53.00 | Epsilon 0.1410
Seed 4 | Episode 502 | Reward 59.00 | Epsilon 0.1408
Seed 4 | Episode 503 | Reward 49.00 | Epsilon 0.1406
Seed 4 | Episode 504 | Reward 52.00 | Epsilon 0.1404
Seed 4 | Episode 505 | Reward 63.00 | Epsilon 0.1402
Seed 4 | Episode 506 | Reward 51.00 | Epsilon 0.1400
Seed 4 | Episode 507 | Reward 35.00 | Epsilon 0.1398
Seed 4 | Episode 508 | Reward 49.00 | Epsilon 0.1395
Seed 4 | Episode 509 | Reward 49.00 | Epsilon 0.1393
Seed 4 | Episode 510 | Reward 61.00 | Epsilon 0.1392
Seed 4 | Episode 511 | Reward 58.00 | Epsilon 0.1390
Seed 4 | Episode 512 | Reward 50.00 | Epsilon 0.1388
Seed 4 | Episode 513 | Reward 62.00 | Epsilon 0.1386
Seed 4 | Episode 514 | Reward 58.00 | Epsilon 0.1384
Seed 4 | Episode 515 | Reward 48.00 | Epsilon 0.1382
Seed 4 | Episode 516 | Reward 13.00 | Epsilon 0.1378
Seed 4 | Episode 517 | Reward 60.00 | Epsilon 0.1377
Seed 4 | Episode 518 | Reward 49.00 | Epsilon 0.1374
Seed 4 | Episode 519 | Reward 50.00 | Epsilon 0.1372
Seed 4 | Episode 520 | Reward 52.00 | Epsilon 0.1370
Seed 4 | Episode 521 | Reward 62.00 | Epsilon 0.1369
Seed 4 | Episode 522 | Reward 50.00 | Epsilon 0.1367
Seed 4 | Episode 523 | Reward 50.00 | Epsilon 0.1365
Seed 4 | Episode 524 | Reward 59.00 | Epsilon 0.1363
Seed 4 | Episode 525 | Reward 47.00 | Epsilon 0.1361
Seed 4 | Episode 526 | Reward 50.00 | Epsilon 0.1359
Seed 4 | Episode 527 | Reward 46.00 | Epsilon 0.1356
Seed 4 | Episode 528 | Reward 50.00 | Epsilon 0.1354
Seed 4 | Episode 529 | Reward 45.00 | Epsilon 0.1352
Seed 4 | Episode 530 | Reward 63.00 | Epsilon 0.1350
Seed 4 | Episode 531 | Reward 53.00 | Epsilon 0.1349
Seed 4 | Episode 532 | Reward 42.00 | Epsilon 0.1346
Seed 4 | Episode 533 | Reward 55.00 | Epsilon 0.1344
Seed 4 | Episode 534 | Reward 62.00 | Epsilon 0.1343
Seed 4 | Episode 535 | Reward 44.00 | Epsilon 0.1340
Seed 4 | Episode 536 | Reward 33.00 | Epsilon 0.1338
Seed 4 | Episode 537 | Reward 51.00 | Epsilon 0.1336
Seed 4 | Episode 538 | Reward 63.00 | Epsilon 0.1334
Seed 4 | Episode 539 | Reward 47.00 | Epsilon 0.1332
Seed 4 | Episode 540 | Reward 52.00 | Epsilon 0.1330
Seed 4 | Episode 541 | Reward 57.00 | Epsilon 0.1328
Seed 4 | Episode 542 | Reward 56.00 | Epsilon 0.1326
Seed 4 | Episode 543 | Reward 55.00 | Epsilon 0.1325
Seed 4 | Episode 544 | Reward 46.00 | Epsilon 0.1322
Seed 4 | Episode 545 | Reward 64.00 | Epsilon 0.1321
Seed 4 | Episode 546 | Reward 51.00 | Epsilon 0.1319
Seed 4 | Episode 547 | Reward 46.00 | Epsilon 0.1317
Seed 4 | Episode 548 | Reward 58.00 | Epsilon 0.1315
Seed 4 | Episode 549 | Reward 45.00 | Epsilon 0.1313
Seed 4 | Episode 550 | Reward 61.00 | Epsilon 0.1311
Seed 4 | Episode 551 | Reward 52.00 | Epsilon 0.1309
Seed 4 | Episode 552 | Reward 62.00 | Epsilon 0.1308
Seed 4 | Episode 553 | Reward 52.00 | Epsilon 0.1306
Seed 4 | Episode 554 | Reward 59.00 | Epsilon 0.1304
Seed 4 | Episode 555 | Reward 50.00 | Epsilon 0.1302
Seed 4 | Episode 556 | Reward 58.00 | Epsilon 0.1301
Seed 4 | Episode 557 | Reward 58.00 | Epsilon 0.1299
Seed 4 | Episode 558 | Reward 62.00 | Epsilon 0.1297
Seed 4 | Episode 559 | Reward 50.00 | Epsilon 0.1295
Seed 4 | Episode 560 | Reward 50.00 | Epsilon 0.1294
Seed 4 | Episode 561 | Reward 49.00 | Epsilon 0.1292
Seed 4 | Episode 562 | Reward 51.00 | Epsilon 0.1290
Seed 4 | Episode 563 | Reward 59.00 | Epsilon 0.1288
Seed 4 | Episode 564 | Reward 59.00 | Epsilon 0.1286
Seed 4 | Episode 565 | Reward 54.00 | Epsilon 0.1285
Seed 4 | Episode 566 | Reward 58.00 | Epsilon 0.1283
Seed 4 | Episode 567 | Reward 60.00 | Epsilon 0.1281
Seed 4 | Episode 568 | Reward 48.00 | Epsilon 0.1279
Seed 4 | Episode 569 | Reward 61.00 | Epsilon 0.1278
Seed 4 | Episode 570 | Reward 57.00 | Epsilon 0.1276
Seed 4 | Episode 571 | Reward 50.00 | Epsilon 0.1274
Seed 4 | Episode 572 | Reward 58.00 | Epsilon 0.1272
Seed 4 | Episode 573 | Reward 55.00 | Epsilon 0.1271
Seed 4 | Episode 574 | Reward 60.00 | Epsilon 0.1269
Seed 4 | Episode 575 | Reward 58.00 | Epsilon 0.1267
Seed 4 | Episode 576 | Reward 49.00 | Epsilon 0.1265
Seed 4 | Episode 577 | Reward 66.00 | Epsilon 0.1264
Seed 4 | Episode 578 | Reward 51.00 | Epsilon 0.1262
Seed 4 | Episode 579 | Reward 62.00 | Epsilon 0.1261
Seed 4 | Episode 580 | Reward 47.00 | Epsilon 0.1259
Seed 4 | Episode 581 | Reward 49.00 | Epsilon 0.1257
Seed 4 | Episode 582 | Reward 55.00 | Epsilon 0.1255
Seed 4 | Episode 583 | Reward 48.00 | Epsilon 0.1253
Seed 4 | Episode 584 | Reward 41.00 | Epsilon 0.1251
Seed 4 | Episode 585 | Reward 51.00 | Epsilon 0.1249
Seed 4 | Episode 586 | Reward 62.00 | Epsilon 0.1247
Seed 4 | Episode 587 | Reward 50.00 | Epsilon 0.1246
Seed 4 | Episode 588 | Reward 45.00 | Epsilon 0.1243
Seed 4 | Episode 589 | Reward 46.00 | Epsilon 0.1241
Seed 4 | Episode 590 | Reward 50.00 | Epsilon 0.1240
Seed 4 | Episode 591 | Reward 56.00 | Epsilon 0.1238
Seed 4 | Episode 592 | Reward 56.00 | Epsilon 0.1236
Seed 4 | Episode 593 | Reward 59.00 | Epsilon 0.1235
Seed 4 | Episode 594 | Reward 48.00 | Epsilon 0.1233
Seed 4 | Episode 595 | Reward 55.00 | Epsilon 0.1231
Seed 4 | Episode 596 | Reward 64.00 | Epsilon 0.1230
Seed 4 | Episode 597 | Reward 49.00 | Epsilon 0.1228
Seed 4 | Episode 598 | Reward 58.00 | Epsilon 0.1226
Seed 4 | Episode 599 | Reward 42.00 | Epsilon 0.1224
Seed 4 | Episode 600 | Reward 58.00 | Epsilon 0.1222
Seed 4 | Episode 601 | Reward 54.00 | Epsilon 0.1221
Seed 4 | Episode 602 | Reward 41.00 | Epsilon 0.1218
Seed 4 | Episode 603 | Reward 56.00 | Epsilon 0.1217
Seed 4 | Episode 604 | Reward 52.00 | Epsilon 0.1215
Seed 4 | Episode 605 | Reward 64.00 | Epsilon 0.1214
Seed 4 | Episode 606 | Reward 47.00 | Epsilon 0.1212
Seed 4 | Episode 607 | Reward 62.00 | Epsilon 0.1210
Seed 4 | Episode 608 | Reward 49.00 | Epsilon 0.1208
Seed 4 | Episode 609 | Reward 58.00 | Epsilon 0.1207
Seed 4 | Episode 610 | Reward 50.00 | Epsilon 0.1205
Seed 4 | Episode 611 | Reward 48.00 | Epsilon 0.1203
Seed 4 | Episode 612 | Reward 48.00 | Epsilon 0.1201
Seed 4 | Episode 613 | Reward 49.00 | Epsilon 0.1199
Seed 4 | Episode 614 | Reward 48.00 | Epsilon 0.1197
Seed 4 | Episode 615 | Reward 49.00 | Epsilon 0.1196
Seed 4 | Episode 616 | Reward 52.00 | Epsilon 0.1194
Seed 4 | Episode 617 | Reward 41.00 | Epsilon 0.1192
Seed 4 | Episode 618 | Reward 49.00 | Epsilon 0.1190
Seed 4 | Episode 619 | Reward 49.00 | Epsilon 0.1188
Seed 4 | Episode 620 | Reward 59.00 | Epsilon 0.1186
Seed 4 | Episode 621 | Reward 50.00 | Epsilon 0.1185
Seed 4 | Episode 622 | Reward 54.00 | Epsilon 0.1183
Seed 4 | Episode 623 | Reward 52.00 | Epsilon 0.1181
Seed 4 | Episode 624 | Reward 47.00 | Epsilon 0.1179
Seed 4 | Episode 625 | Reward 56.00 | Epsilon 0.1178
Seed 4 | Episode 626 | Reward 52.00 | Epsilon 0.1176
Seed 4 | Episode 627 | Reward 59.00 | Epsilon 0.1174
Seed 4 | Episode 628 | Reward 56.00 | Epsilon 0.1173
Seed 4 | Episode 629 | Reward 53.00 | Epsilon 0.1171
Seed 4 | Episode 630 | Reward 49.00 | Epsilon 0.1169
Seed 4 | Episode 631 | Reward 56.00 | Epsilon 0.1168
Seed 4 | Episode 632 | Reward 41.00 | Epsilon 0.1166
Seed 4 | Episode 633 | Reward 37.00 | Epsilon 0.1163
Seed 4 | Episode 634 | Reward 52.00 | Epsilon 0.1162
Seed 4 | Episode 635 | Reward 41.00 | Epsilon 0.1160
Seed 4 | Episode 636 | Reward -102.00 | Epsilon 0.1153
Seed 4 | Episode 637 | Reward 52.00 | Epsilon 0.1151
Seed 4 | Episode 638 | Reward 49.00 | Epsilon 0.1149
Seed 4 | Episode 639 | Reward 60.00 | Epsilon 0.1148
Seed 4 | Episode 640 | Reward 45.00 | Epsilon 0.1146
Seed 4 | Episode 641 | Reward 50.00 | Epsilon 0.1144
Seed 4 | Episode 642 | Reward 63.00 | Epsilon 0.1143
Seed 4 | Episode 643 | Reward 52.00 | Epsilon 0.1141
Seed 4 | Episode 644 | Reward 63.00 | Epsilon 0.1140
Seed 4 | Episode 645 | Reward 49.00 | Epsilon 0.1138
Seed 4 | Episode 646 | Reward 59.00 | Epsilon 0.1137
Seed 4 | Episode 647 | Reward 53.00 | Epsilon 0.1135
Seed 4 | Episode 648 | Reward 45.00 | Epsilon 0.1133
Seed 4 | Episode 649 | Reward 55.00 | Epsilon 0.1131
Seed 4 | Episode 650 | Reward 51.00 | Epsilon 0.1130
Seed 4 | Episode 651 | Reward 57.00 | Epsilon 0.1128
Seed 4 | Episode 652 | Reward 60.00 | Epsilon 0.1127
Seed 4 | Episode 653 | Reward 55.00 | Epsilon 0.1125
Seed 4 | Episode 654 | Reward 63.00 | Epsilon 0.1124
Seed 4 | Episode 655 | Reward 61.00 | Epsilon 0.1123
Seed 4 | Episode 656 | Reward 47.00 | Epsilon 0.1121
Seed 4 | Episode 657 | Reward 44.00 | Epsilon 0.1119
Seed 4 | Episode 658 | Reward 61.00 | Epsilon 0.1118
Seed 4 | Episode 659 | Reward 53.00 | Epsilon 0.1116
Seed 4 | Episode 660 | Reward 59.00 | Epsilon 0.1115
Seed 4 | Episode 661 | Reward 49.00 | Epsilon 0.1113
Seed 4 | Episode 662 | Reward 60.00 | Epsilon 0.1112
Seed 4 | Episode 663 | Reward 51.00 | Epsilon 0.1110
Seed 4 | Episode 664 | Reward 58.00 | Epsilon 0.1108
Seed 4 | Episode 665 | Reward 58.00 | Epsilon 0.1107
Seed 4 | Episode 666 | Reward 51.00 | Epsilon 0.1105
Seed 4 | Episode 667 | Reward 58.00 | Epsilon 0.1104
Seed 4 | Episode 668 | Reward 46.00 | Epsilon 0.1102
Seed 4 | Episode 669 | Reward 53.00 | Epsilon 0.1100
Seed 4 | Episode 670 | Reward 52.00 | Epsilon 0.1099
Seed 4 | Episode 671 | Reward 54.00 | Epsilon 0.1097
Seed 4 | Episode 672 | Reward 63.00 | Epsilon 0.1096
Seed 4 | Episode 673 | Reward 56.00 | Epsilon 0.1095
Seed 4 | Episode 674 | Reward 59.00 | Epsilon 0.1093
Seed 4 | Episode 675 | Reward 57.00 | Epsilon 0.1092
Seed 4 | Episode 676 | Reward 42.00 | Epsilon 0.1090
Seed 4 | Episode 677 | Reward 57.00 | Epsilon 0.1088
Seed 4 | Episode 678 | Reward 49.00 | Epsilon 0.1087
Seed 4 | Episode 679 | Reward 49.00 | Epsilon 0.1085
Seed 4 | Episode 680 | Reward 48.00 | Epsilon 0.1083
Seed 4 | Episode 681 | Reward 55.00 | Epsilon 0.1082
Seed 4 | Episode 682 | Reward 56.00 | Epsilon 0.1080
Seed 4 | Episode 683 | Reward 41.00 | Epsilon 0.1078
Seed 4 | Episode 684 | Reward 55.00 | Epsilon 0.1077
Seed 4 | Episode 685 | Reward 52.00 | Epsilon 0.1075
Seed 4 | Episode 686 | Reward 56.00 | Epsilon 0.1074
Seed 4 | Episode 687 | Reward 54.00 | Epsilon 0.1072
Seed 4 | Episode 688 | Reward 45.00 | Epsilon 0.1071
Seed 4 | Episode 689 | Reward 45.00 | Epsilon 0.1069
Seed 4 | Episode 690 | Reward 53.00 | Epsilon 0.1067
Seed 4 | Episode 691 | Reward 62.00 | Epsilon 0.1066
Seed 4 | Episode 692 | Reward 53.00 | Epsilon 0.1064
Seed 4 | Episode 693 | Reward 55.00 | Epsilon 0.1063
Seed 4 | Episode 694 | Reward 40.00 | Epsilon 0.1061
Seed 4 | Episode 695 | Reward 47.00 | Epsilon 0.1059
Seed 4 | Episode 696 | Reward 64.00 | Epsilon 0.1058
Seed 4 | Episode 697 | Reward 55.00 | Epsilon 0.1057
Seed 4 | Episode 698 | Reward 42.00 | Epsilon 0.1055
Seed 4 | Episode 699 | Reward 51.00 | Epsilon 0.1053
Seed 4 | Episode 700 | Reward 49.00 | Epsilon 0.1052
Seed 4 | Episode 701 | Reward 49.00 | Epsilon 0.1050
Seed 4 | Episode 702 | Reward 53.00 | Epsilon 0.1048
Seed 4 | Episode 703 | Reward 54.00 | Epsilon 0.1047
Seed 4 | Episode 704 | Reward 57.00 | Epsilon 0.1046
Seed 4 | Episode 705 | Reward 50.00 | Epsilon 0.1044
Seed 4 | Episode 706 | Reward 48.00 | Epsilon 0.1042
Seed 4 | Episode 707 | Reward 53.00 | Epsilon 0.1041
Seed 4 | Episode 708 | Reward 47.00 | Epsilon 0.1039
Seed 4 | Episode 709 | Reward 59.00 | Epsilon 0.1038
Seed 4 | Episode 710 | Reward 62.00 | Epsilon 0.1037
Seed 4 | Episode 711 | Reward 48.00 | Epsilon 0.1035
Seed 4 | Episode 712 | Reward 57.00 | Epsilon 0.1034
Seed 4 | Episode 713 | Reward 53.00 | Epsilon 0.1032
Seed 4 | Episode 714 | Reward 56.00 | Epsilon 0.1031
Seed 4 | Episode 715 | Reward 43.00 | Epsilon 0.1029
Seed 4 | Episode 716 | Reward 58.00 | Epsilon 0.1028
Seed 4 | Episode 717 | Reward 56.00 | Epsilon 0.1026
Seed 4 | Episode 718 | Reward 41.00 | Epsilon 0.1024
Seed 4 | Episode 719 | Reward 47.00 | Epsilon 0.1023
Seed 4 | Episode 720 | Reward 43.00 | Epsilon 0.1021
Seed 4 | Episode 721 | Reward 44.00 | Epsilon 0.1019
Seed 4 | Episode 722 | Reward 57.00 | Epsilon 0.1018
Seed 4 | Episode 723 | Reward 55.00 | Epsilon 0.1016
Seed 4 | Episode 724 | Reward 46.00 | Epsilon 0.1015
Seed 4 | Episode 725 | Reward 50.00 | Epsilon 0.1013
Seed 4 | Episode 726 | Reward 59.00 | Epsilon 0.1012
Seed 4 | Episode 727 | Reward 50.00 | Epsilon 0.1010
Seed 4 | Episode 728 | Reward 59.00 | Epsilon 0.1009
Seed 4 | Episode 729 | Reward 27.00 | Epsilon 0.1007
Seed 4 | Episode 730 | Reward 54.00 | Epsilon 0.1005
Seed 4 | Episode 731 | Reward 63.00 | Epsilon 0.1004
Seed 4 | Episode 732 | Reward 49.00 | Epsilon 0.1003
Seed 4 | Episode 733 | Reward 60.00 | Epsilon 0.1002
Seed 4 | Episode 734 | Reward 54.00 | Epsilon 0.1000
Seed 4 | Episode 735 | Reward 59.00 | Epsilon 0.0999
Seed 4 | Episode 736 | Reward 62.00 | Epsilon 0.0998
Seed 4 | Episode 737 | Reward 54.00 | Epsilon 0.0996
Seed 4 | Episode 738 | Reward 43.00 | Epsilon 0.0995
Seed 4 | Episode 739 | Reward 46.00 | Epsilon 0.0993
Seed 4 | Episode 740 | Reward 50.00 | Epsilon 0.0991
Seed 4 | Episode 741 | Reward 64.00 | Epsilon 0.0990
Seed 4 | Episode 742 | Reward 64.00 | Epsilon 0.0989
Seed 4 | Episode 743 | Reward 51.00 | Epsilon 0.0988
Seed 4 | Episode 744 | Reward 57.00 | Epsilon 0.0986
Seed 4 | Episode 745 | Reward 61.00 | Epsilon 0.0985
Seed 4 | Episode 746 | Reward 54.00 | Epsilon 0.0984
Seed 4 | Episode 747 | Reward 60.00 | Epsilon 0.0983
Seed 4 | Episode 748 | Reward 46.00 | Epsilon 0.0981
Seed 4 | Episode 749 | Reward 58.00 | Epsilon 0.0980
Seed 4 | Episode 750 | Reward 53.00 | Epsilon 0.0978
Seed 4 | Episode 751 | Reward 51.00 | Epsilon 0.0977
Seed 4 | Episode 752 | Reward 59.00 | Epsilon 0.0976
Seed 4 | Episode 753 | Reward 48.00 | Epsilon 0.0974
Seed 4 | Episode 754 | Reward 40.00 | Epsilon 0.0972
Seed 4 | Episode 755 | Reward 56.00 | Epsilon 0.0971
Seed 4 | Episode 756 | Reward 51.00 | Epsilon 0.0970
Seed 4 | Episode 757 | Reward 48.00 | Epsilon 0.0968
Seed 4 | Episode 758 | Reward 45.00 | Epsilon 0.0966
Seed 4 | Episode 759 | Reward 58.00 | Epsilon 0.0965
Seed 4 | Episode 760 | Reward 48.00 | Epsilon 0.0964
Seed 4 | Episode 761 | Reward 50.00 | Epsilon 0.0962
Seed 4 | Episode 762 | Reward 49.00 | Epsilon 0.0961
Seed 4 | Episode 763 | Reward 57.00 | Epsilon 0.0959
Seed 4 | Episode 764 | Reward 63.00 | Epsilon 0.0958
Seed 4 | Episode 765 | Reward 59.00 | Epsilon 0.0957
Seed 4 | Episode 766 | Reward 44.00 | Epsilon 0.0955
Seed 4 | Episode 767 | Reward 46.00 | Epsilon 0.0954
Seed 4 | Episode 768 | Reward 50.00 | Epsilon 0.0952
Seed 4 | Episode 769 | Reward 49.00 | Epsilon 0.0951
Seed 4 | Episode 770 | Reward 55.00 | Epsilon 0.0950
Seed 4 | Episode 771 | Reward 44.00 | Epsilon 0.0948
Seed 4 | Episode 772 | Reward 54.00 | Epsilon 0.0947
Seed 4 | Episode 773 | Reward 49.00 | Epsilon 0.0945
Seed 4 | Episode 774 | Reward 46.00 | Epsilon 0.0944
Seed 4 | Episode 775 | Reward 55.00 | Epsilon 0.0942
Seed 4 | Episode 776 | Reward 50.00 | Epsilon 0.0941
Seed 4 | Episode 777 | Reward 48.00 | Epsilon 0.0939
Seed 4 | Episode 778 | Reward 53.00 | Epsilon 0.0938
Seed 4 | Episode 779 | Reward 46.00 | Epsilon 0.0936
Seed 4 | Episode 780 | Reward 62.00 | Epsilon 0.0935
Seed 4 | Episode 781 | Reward 44.00 | Epsilon 0.0934
Seed 4 | Episode 782 | Reward 58.00 | Epsilon 0.0933
Seed 4 | Episode 783 | Reward 40.00 | Epsilon 0.0931
Seed 4 | Episode 784 | Reward 52.00 | Epsilon 0.0929
Seed 4 | Episode 785 | Reward 44.00 | Epsilon 0.0928
Seed 4 | Episode 786 | Reward 44.00 | Epsilon 0.0926
Seed 4 | Episode 787 | Reward 40.00 | Epsilon 0.0925
Seed 4 | Episode 788 | Reward 59.00 | Epsilon 0.0923
Seed 4 | Episode 789 | Reward 55.00 | Epsilon 0.0922
Seed 4 | Episode 790 | Reward 62.00 | Epsilon 0.0921
Seed 4 | Episode 791 | Reward 63.00 | Epsilon 0.0920
Seed 4 | Episode 792 | Reward 65.00 | Epsilon 0.0919
Seed 4 | Episode 793 | Reward 51.00 | Epsilon 0.0918
Seed 4 | Episode 794 | Reward 47.00 | Epsilon 0.0916
Seed 4 | Episode 795 | Reward 51.00 | Epsilon 0.0915
Seed 4 | Episode 796 | Reward 57.00 | Epsilon 0.0914
Seed 4 | Episode 797 | Reward 57.00 | Epsilon 0.0912
Seed 4 | Episode 798 | Reward 48.00 | Epsilon 0.0911
Seed 4 | Episode 799 | Reward 61.00 | Epsilon 0.0910
Seed 4 | Episode 800 | Reward 60.00 | Epsilon 0.0909
Seed 4 | Episode 801 | Reward 66.00 | Epsilon 0.0908
Seed 4 | Episode 802 | Reward 49.00 | Epsilon 0.0906
Seed 4 | Episode 803 | Reward 57.00 | Epsilon 0.0905
Seed 4 | Episode 804 | Reward 51.00 | Epsilon 0.0904
Seed 4 | Episode 805 | Reward 47.00 | Epsilon 0.0902
Seed 4 | Episode 806 | Reward 52.00 | Epsilon 0.0901
Seed 4 | Episode 807 | Reward 44.00 | Epsilon 0.0900
Seed 4 | Episode 808 | Reward 65.00 | Epsilon 0.0899
Seed 4 | Episode 809 | Reward 58.00 | Epsilon 0.0897
Seed 4 | Episode 810 | Reward 54.00 | Epsilon 0.0896
Seed 4 | Episode 811 | Reward 64.00 | Epsilon 0.0895
Seed 4 | Episode 812 | Reward 60.00 | Epsilon 0.0894
Seed 4 | Episode 813 | Reward 67.00 | Epsilon 0.0893
Seed 4 | Episode 814 | Reward 50.00 | Epsilon 0.0892
Seed 4 | Episode 815 | Reward 55.00 | Epsilon 0.0891
Seed 4 | Episode 816 | Reward 57.00 | Epsilon 0.0889
Seed 4 | Episode 817 | Reward 42.00 | Epsilon 0.0888
Seed 4 | Episode 818 | Reward 48.00 | Epsilon 0.0886
Seed 4 | Episode 819 | Reward 63.00 | Epsilon 0.0885
Seed 4 | Episode 820 | Reward 49.00 | Epsilon 0.0884
Seed 4 | Episode 821 | Reward 53.00 | Epsilon 0.0883
Seed 4 | Episode 822 | Reward 66.00 | Epsilon 0.0882
Seed 4 | Episode 823 | Reward 52.00 | Epsilon 0.0880
Seed 4 | Episode 824 | Reward 39.00 | Epsilon 0.0879
Seed 4 | Episode 825 | Reward 41.00 | Epsilon 0.0877
Seed 4 | Episode 826 | Reward 46.00 | Epsilon 0.0876
Seed 4 | Episode 827 | Reward 47.00 | Epsilon 0.0874
Seed 4 | Episode 828 | Reward 46.00 | Epsilon 0.0873
Seed 4 | Episode 829 | Reward 48.00 | Epsilon 0.0872
Seed 4 | Episode 830 | Reward 58.00 | Epsilon 0.0870
Seed 4 | Episode 831 | Reward 59.00 | Epsilon 0.0869
Seed 4 | Episode 832 | Reward 52.00 | Epsilon 0.0868
Seed 4 | Episode 833 | Reward 61.00 | Epsilon 0.0867
Seed 4 | Episode 834 | Reward 53.00 | Epsilon 0.0866
Seed 4 | Episode 835 | Reward 45.00 | Epsilon 0.0864
Seed 4 | Episode 836 | Reward 43.00 | Epsilon 0.0863
Seed 4 | Episode 837 | Reward 42.00 | Epsilon 0.0861
Seed 4 | Episode 838 | Reward 57.00 | Epsilon 0.0860
Seed 4 | Episode 839 | Reward 49.00 | Epsilon 0.0859
Seed 4 | Episode 840 | Reward 52.00 | Epsilon 0.0858
Seed 4 | Episode 841 | Reward 46.00 | Epsilon 0.0856
Seed 4 | Episode 842 | Reward 63.00 | Epsilon 0.0855
Seed 4 | Episode 843 | Reward 62.00 | Epsilon 0.0854
Seed 4 | Episode 844 | Reward 56.00 | Epsilon 0.0853
Seed 4 | Episode 845 | Reward 38.00 | Epsilon 0.0851
Seed 4 | Episode 846 | Reward 46.00 | Epsilon 0.0850
Seed 4 | Episode 847 | Reward 52.00 | Epsilon 0.0849
Seed 4 | Episode 848 | Reward 50.00 | Epsilon 0.0847
Seed 4 | Episode 849 | Reward 57.00 | Epsilon 0.0846
Seed 4 | Episode 850 | Reward 59.00 | Epsilon 0.0845
Seed 4 | Episode 851 | Reward 58.00 | Epsilon 0.0844
Seed 4 | Episode 852 | Reward 51.00 | Epsilon 0.0843
Seed 4 | Episode 853 | Reward 56.00 | Epsilon 0.0842
Seed 4 | Episode 854 | Reward 61.00 | Epsilon 0.0841
Seed 4 | Episode 855 | Reward 61.00 | Epsilon 0.0840
Seed 4 | Episode 856 | Reward 56.00 | Epsilon 0.0839
Seed 4 | Episode 857 | Reward 43.00 | Epsilon 0.0837
Seed 4 | Episode 858 | Reward 45.00 | Epsilon 0.0836
Seed 4 | Episode 859 | Reward 59.00 | Epsilon 0.0835
Seed 4 | Episode 860 | Reward 42.00 | Epsilon 0.0833
Seed 4 | Episode 861 | Reward 50.00 | Epsilon 0.0832
Seed 4 | Episode 862 | Reward 47.00 | Epsilon 0.0831
Seed 4 | Episode 863 | Reward 60.00 | Epsilon 0.0830
Seed 4 | Episode 864 | Reward 55.00 | Epsilon 0.0828
Seed 4 | Episode 865 | Reward 46.00 | Epsilon 0.0827
Seed 4 | Episode 866 | Reward 58.00 | Epsilon 0.0826
Seed 4 | Episode 867 | Reward 46.00 | Epsilon 0.0825
Seed 4 | Episode 868 | Reward 46.00 | Epsilon 0.0823
Seed 4 | Episode 869 | Reward 48.00 | Epsilon 0.0822
Seed 4 | Episode 870 | Reward 58.00 | Epsilon 0.0821
Seed 4 | Episode 871 | Reward 45.00 | Epsilon 0.0820
Seed 4 | Episode 872 | Reward 57.00 | Epsilon 0.0818
Seed 4 | Episode 873 | Reward 46.00 | Epsilon 0.0817
Seed 4 | Episode 874 | Reward 58.00 | Epsilon 0.0816
Seed 4 | Episode 875 | Reward 64.00 | Epsilon 0.0815
Seed 4 | Episode 876 | Reward 52.00 | Epsilon 0.0814
Seed 4 | Episode 877 | Reward 56.00 | Epsilon 0.0813
Seed 4 | Episode 878 | Reward 55.00 | Epsilon 0.0812
Seed 4 | Episode 879 | Reward 54.00 | Epsilon 0.0811
Seed 4 | Episode 880 | Reward 55.00 | Epsilon 0.0809
Seed 4 | Episode 881 | Reward 50.00 | Epsilon 0.0808
Seed 4 | Episode 882 | Reward 57.00 | Epsilon 0.0807
Seed 4 | Episode 883 | Reward 51.00 | Epsilon 0.0806
Seed 4 | Episode 884 | Reward 42.00 | Epsilon 0.0805
Seed 4 | Episode 885 | Reward 46.00 | Epsilon 0.0803
Seed 4 | Episode 886 | Reward 60.00 | Epsilon 0.0802
Seed 4 | Episode 887 | Reward 56.00 | Epsilon 0.0801
Seed 4 | Episode 888 | Reward 48.00 | Epsilon 0.0800
Seed 4 | Episode 889 | Reward 56.00 | Epsilon 0.0799
Seed 4 | Episode 890 | Reward 49.00 | Epsilon 0.0798
Seed 4 | Episode 891 | Reward 48.00 | Epsilon 0.0796
Seed 4 | Episode 892 | Reward 58.00 | Epsilon 0.0795
Seed 4 | Episode 893 | Reward 52.00 | Epsilon 0.0794
Seed 4 | Episode 894 | Reward 48.00 | Epsilon 0.0793
Seed 4 | Episode 895 | Reward 36.00 | Epsilon 0.0791
Seed 4 | Episode 896 | Reward 60.00 | Epsilon 0.0790
Seed 4 | Episode 897 | Reward 58.00 | Epsilon 0.0789
Seed 4 | Episode 898 | Reward 54.00 | Epsilon 0.0788
Seed 4 | Episode 899 | Reward 50.00 | Epsilon 0.0787
Seed 4 | Episode 900 | Reward 52.00 | Epsilon 0.0786
Seed 4 | Episode 901 | Reward 58.00 | Epsilon 0.0785
Seed 4 | Episode 902 | Reward 50.00 | Epsilon 0.0784
Seed 4 | Episode 903 | Reward 58.00 | Epsilon 0.0783
Seed 4 | Episode 904 | Reward 52.00 | Epsilon 0.0781
Seed 4 | Episode 905 | Reward 55.00 | Epsilon 0.0780
Seed 4 | Episode 906 | Reward 51.00 | Epsilon 0.0779
Seed 4 | Episode 907 | Reward 59.00 | Epsilon 0.0778
Seed 4 | Episode 908 | Reward 51.00 | Epsilon 0.0777
Seed 4 | Episode 909 | Reward 54.00 | Epsilon 0.0776
Seed 4 | Episode 910 | Reward 58.00 | Epsilon 0.0775
Seed 4 | Episode 911 | Reward 53.00 | Epsilon 0.0774
Seed 4 | Episode 912 | Reward 60.00 | Epsilon 0.0773
Seed 4 | Episode 913 | Reward 45.00 | Epsilon 0.0772
Seed 4 | Episode 914 | Reward 65.00 | Epsilon 0.0771
Seed 4 | Episode 915 | Reward 51.00 | Epsilon 0.0770
Seed 4 | Episode 916 | Reward 59.00 | Epsilon 0.0769
Seed 4 | Episode 917 | Reward 43.00 | Epsilon 0.0767
Seed 4 | Episode 918 | Reward 49.00 | Epsilon 0.0766
Seed 4 | Episode 919 | Reward 53.00 | Epsilon 0.0765
Seed 4 | Episode 920 | Reward 63.00 | Epsilon 0.0764
Seed 4 | Episode 921 | Reward 65.00 | Epsilon 0.0763
Seed 4 | Episode 922 | Reward 58.00 | Epsilon 0.0762
Seed 4 | Episode 923 | Reward 51.00 | Epsilon 0.0761
Seed 4 | Episode 924 | Reward 49.00 | Epsilon 0.0760
Seed 4 | Episode 925 | Reward 57.00 | Epsilon 0.0759
Seed 4 | Episode 926 | Reward 51.00 | Epsilon 0.0758
Seed 4 | Episode 927 | Reward 46.00 | Epsilon 0.0757
Seed 4 | Episode 928 | Reward 64.00 | Epsilon 0.0756
Seed 4 | Episode 929 | Reward 58.00 | Epsilon 0.0755
Seed 4 | Episode 930 | Reward 46.00 | Epsilon 0.0754
Seed 4 | Episode 931 | Reward 65.00 | Epsilon 0.0753
Seed 4 | Episode 932 | Reward 55.00 | Epsilon 0.0752
Seed 4 | Episode 933 | Reward 54.00 | Epsilon 0.0751
Seed 4 | Episode 934 | Reward 52.00 | Epsilon 0.0750
Seed 4 | Episode 935 | Reward 53.00 | Epsilon 0.0748
Seed 4 | Episode 936 | Reward 64.00 | Epsilon 0.0748
Seed 4 | Episode 937 | Reward 59.00 | Epsilon 0.0747
Seed 4 | Episode 938 | Reward 48.00 | Epsilon 0.0745
Seed 4 | Episode 939 | Reward 59.00 | Epsilon 0.0745
Seed 4 | Episode 940 | Reward 53.00 | Epsilon 0.0743
Seed 4 | Episode 941 | Reward 51.00 | Epsilon 0.0742
Seed 4 | Episode 942 | Reward 54.00 | Epsilon 0.0741
Seed 4 | Episode 943 | Reward 66.00 | Epsilon 0.0741
Seed 4 | Episode 944 | Reward 60.00 | Epsilon 0.0740
Seed 4 | Episode 945 | Reward 49.00 | Epsilon 0.0738
Seed 4 | Episode 946 | Reward 55.00 | Epsilon 0.0737
Seed 4 | Episode 947 | Reward 56.00 | Epsilon 0.0736
Seed 4 | Episode 948 | Reward 65.00 | Epsilon 0.0736
Seed 4 | Episode 949 | Reward 58.00 | Epsilon 0.0735
Seed 4 | Episode 950 | Reward 57.00 | Epsilon 0.0734
Seed 4 | Episode 951 | Reward 51.00 | Epsilon 0.0733
Seed 4 | Episode 952 | Reward 52.00 | Epsilon 0.0732
Seed 4 | Episode 953 | Reward 57.00 | Epsilon 0.0731
Seed 4 | Episode 954 | Reward 56.00 | Epsilon 0.0730
Seed 4 | Episode 955 | Reward 59.00 | Epsilon 0.0729
Seed 4 | Episode 956 | Reward 52.00 | Epsilon 0.0728
Seed 4 | Episode 957 | Reward 60.00 | Epsilon 0.0727
Seed 4 | Episode 958 | Reward 50.00 | Epsilon 0.0726
Seed 4 | Episode 959 | Reward 50.00 | Epsilon 0.0725
Seed 4 | Episode 960 | Reward 54.00 | Epsilon 0.0724
Seed 4 | Episode 961 | Reward 56.00 | Epsilon 0.0723
Seed 4 | Episode 962 | Reward 56.00 | Epsilon 0.0722
Seed 4 | Episode 963 | Reward 65.00 | Epsilon 0.0721
Seed 4 | Episode 964 | Reward 54.00 | Epsilon 0.0720
Seed 4 | Episode 965 | Reward 56.00 | Epsilon 0.0719
Seed 4 | Episode 966 | Reward 61.00 | Epsilon 0.0718
Seed 4 | Episode 967 | Reward 51.00 | Epsilon 0.0717
Seed 4 | Episode 968 | Reward 42.00 | Epsilon 0.0716
Seed 4 | Episode 969 | Reward 60.00 | Epsilon 0.0715
Seed 4 | Episode 970 | Reward 54.00 | Epsilon 0.0714
Seed 4 | Episode 971 | Reward 51.00 | Epsilon 0.0713
Seed 4 | Episode 972 | Reward 45.00 | Epsilon 0.0711
Seed 4 | Episode 973 | Reward 53.00 | Epsilon 0.0710
Seed 4 | Episode 974 | Reward 61.00 | Epsilon 0.0710
Seed 4 | Episode 975 | Reward 56.00 | Epsilon 0.0709
Seed 4 | Episode 976 | Reward 50.00 | Epsilon 0.0708
Seed 4 | Episode 977 | Reward 46.00 | Epsilon 0.0706
Seed 4 | Episode 978 | Reward 57.00 | Epsilon 0.0705
Seed 4 | Episode 979 | Reward 32.00 | Epsilon 0.0704
Seed 4 | Episode 980 | Reward 55.00 | Epsilon 0.0703
Seed 4 | Episode 981 | Reward 59.00 | Epsilon 0.0702
Seed 4 | Episode 982 | Reward 58.00 | Epsilon 0.0701
Seed 4 | Episode 983 | Reward 57.00 | Epsilon 0.0700
Seed 4 | Episode 984 | Reward 46.00 | Epsilon 0.0699
Seed 4 | Episode 985 | Reward 54.00 | Epsilon 0.0698
Seed 4 | Episode 986 | Reward 38.00 | Epsilon 0.0697
Seed 4 | Episode 987 | Reward 46.00 | Epsilon 0.0696
Seed 4 | Episode 988 | Reward 49.00 | Epsilon 0.0695
Seed 4 | Episode 989 | Reward 51.00 | Epsilon 0.0694
Seed 4 | Episode 990 | Reward 45.00 | Epsilon 0.0692
Seed 4 | Episode 991 | Reward 53.00 | Epsilon 0.0691
Seed 4 | Episode 992 | Reward 54.00 | Epsilon 0.0690
Seed 4 | Episode 993 | Reward 61.00 | Epsilon 0.0690
Seed 4 | Episode 994 | Reward 55.00 | Epsilon 0.0689
Seed 4 | Episode 995 | Reward 49.00 | Epsilon 0.0688
Seed 4 | Episode 996 | Reward 55.00 | Epsilon 0.0687
Seed 4 | Episode 997 | Reward 46.00 | Epsilon 0.0685
Seed 4 | Episode 998 | Reward 57.00 | Epsilon 0.0685
Seed 4 | Episode 999 | Reward 52.00 | Epsilon 0.0684
Finished seed 4
