starting job
Sun Dec  7 20:08:07 2025       
+-----------------------------------------------------------------------------------------+
| NVIDIA-SMI 580.65.06              Driver Version: 580.65.06      CUDA Version: 13.0     |
+-----------------------------------------+------------------------+----------------------+
| GPU  Name                 Persistence-M | Bus-Id          Disp.A | Volatile Uncorr. ECC |
| Fan  Temp   Perf          Pwr:Usage/Cap |           Memory-Usage | GPU-Util  Compute M. |
|                                         |                        |               MIG M. |
|=========================================+========================+======================|
|   0  NVIDIA H100 80GB HBM3          On  |   00000000:46:00.0 Off |                   On |
| N/A   24C    P0            114W /  700W |     411MiB /  81559MiB |     N/A      Default |
|                                         |                        |              Enabled |
+-----------------------------------------+------------------------+----------------------+

+-----------------------------------------------------------------------------------------+
| MIG devices:                                                                            |
+------------------+----------------------------------+-----------+-----------------------+
| GPU  GI  CI  MIG |              Shared Memory-Usage |        Vol|        Shared         |
|      ID  ID  Dev |                Shared BAR1-Usage | SM     Unc| CE ENC  DEC  OFA  JPG |
|                  |                                  |        ECC|                       |
|==================+==================================+===========+=======================|
|  0   13   0   0  |              15MiB /  9984MiB    | 16      0 |  1   0    1    0    1 |
|                  |               0MiB /  6185MiB    |           |                       |
+------------------+----------------------------------+-----------+-----------------------+

+-----------------------------------------------------------------------------------------+
| Processes:                                                                              |
|  GPU   GI   CI              PID   Type   Process name                        GPU Memory |
|        ID   ID                                                               Usage      |
|=========================================================================================|
|  No running processes found                                                             |
+-----------------------------------------------------------------------------------------+
Running seed 8
Gym has been unmaintained since 2022 and does not support NumPy 2.0 amongst other critical functionality.
Please upgrade to Gymnasium, the maintained drop-in replacement of Gym, or contact the authors of your software and request that they upgrade.
Users of this version of Gym should be able to simply replace 'import gym' with 'import gymnasium as gym' in the vast majority of cases.
See the migration guide at https://gymnasium.farama.org/introduction/migration_guide/ for additional information.
Seed 8 | Episode 0 | Reward -300.00 | Epsilon 0.9987
Seed 8 | Episode 1 | Reward -300.00 | Epsilon 0.9897
Seed 8 | Episode 2 | Reward -300.00 | Epsilon 0.9808
Seed 8 | Episode 3 | Reward -300.00 | Epsilon 0.9720
Seed 8 | Episode 4 | Reward -300.00 | Epsilon 0.9633
Seed 8 | Episode 5 | Reward -300.00 | Epsilon 0.9547
Seed 8 | Episode 6 | Reward -300.00 | Epsilon 0.9462
Seed 8 | Episode 7 | Reward -300.00 | Epsilon 0.9377
Seed 8 | Episode 8 | Reward -300.00 | Epsilon 0.9293
Seed 8 | Episode 9 | Reward -300.00 | Epsilon 0.9209
Seed 8 | Episode 10 | Reward -300.00 | Epsilon 0.9127
Seed 8 | Episode 11 | Reward -300.00 | Epsilon 0.9045
Seed 8 | Episode 12 | Reward -300.00 | Epsilon 0.8964
Seed 8 | Episode 13 | Reward -300.00 | Epsilon 0.8884
Seed 8 | Episode 14 | Reward -300.00 | Epsilon 0.8804
Seed 8 | Episode 15 | Reward -300.00 | Epsilon 0.8725
Seed 8 | Episode 16 | Reward -300.00 | Epsilon 0.8647
Seed 8 | Episode 17 | Reward -300.00 | Epsilon 0.8570
Seed 8 | Episode 18 | Reward -300.00 | Epsilon 0.8493
Seed 8 | Episode 19 | Reward -300.00 | Epsilon 0.8417
Seed 8 | Episode 20 | Reward -300.00 | Epsilon 0.8341
Seed 8 | Episode 21 | Reward -300.00 | Epsilon 0.8267
Seed 8 | Episode 22 | Reward -300.00 | Epsilon 0.8193
Seed 8 | Episode 23 | Reward -300.00 | Epsilon 0.8119
Seed 8 | Episode 24 | Reward -300.00 | Epsilon 0.8046
Seed 8 | Episode 25 | Reward -300.00 | Epsilon 0.7974
Seed 8 | Episode 26 | Reward -300.00 | Epsilon 0.7903
Seed 8 | Episode 27 | Reward -300.00 | Epsilon 0.7832
Seed 8 | Episode 28 | Reward -300.00 | Epsilon 0.7762
Seed 8 | Episode 29 | Reward -300.00 | Epsilon 0.7692
Seed 8 | Episode 30 | Reward -300.00 | Epsilon 0.7623
Seed 8 | Episode 31 | Reward -6.00 | Epsilon 0.7599
Seed 8 | Episode 32 | Reward -300.00 | Epsilon 0.7531
Seed 8 | Episode 33 | Reward -300.00 | Epsilon 0.7463
Seed 8 | Episode 34 | Reward -300.00 | Epsilon 0.7397
Seed 8 | Episode 35 | Reward -300.00 | Epsilon 0.7330
Seed 8 | Episode 36 | Reward -300.00 | Epsilon 0.7265
Seed 8 | Episode 37 | Reward -300.00 | Epsilon 0.7200
Seed 8 | Episode 38 | Reward -300.00 | Epsilon 0.7135
Seed 8 | Episode 39 | Reward -300.00 | Epsilon 0.7071
Seed 8 | Episode 40 | Reward -300.00 | Epsilon 0.7008
Seed 8 | Episode 41 | Reward -300.00 | Epsilon 0.6945
Seed 8 | Episode 42 | Reward -300.00 | Epsilon 0.6883
Seed 8 | Episode 43 | Reward -300.00 | Epsilon 0.6821
Seed 8 | Episode 44 | Reward -300.00 | Epsilon 0.6760
Seed 8 | Episode 45 | Reward -300.00 | Epsilon 0.6699
Seed 8 | Episode 46 | Reward -300.00 | Epsilon 0.6639
Seed 8 | Episode 47 | Reward -300.00 | Epsilon 0.6580
Seed 8 | Episode 48 | Reward -300.00 | Epsilon 0.6521
Seed 8 | Episode 49 | Reward -300.00 | Epsilon 0.6463
Seed 8 | Episode 50 | Reward -300.00 | Epsilon 0.6405
Seed 8 | Episode 51 | Reward -300.00 | Epsilon 0.6347
Seed 8 | Episode 52 | Reward -300.00 | Epsilon 0.6290
Seed 8 | Episode 53 | Reward -300.00 | Epsilon 0.6234
Seed 8 | Episode 54 | Reward -300.00 | Epsilon 0.6178
Seed 8 | Episode 55 | Reward -300.00 | Epsilon 0.6123
Seed 8 | Episode 56 | Reward -300.00 | Epsilon 0.6068
Seed 8 | Episode 57 | Reward -300.00 | Epsilon 0.6014
Seed 8 | Episode 58 | Reward -300.00 | Epsilon 0.5960
Seed 8 | Episode 59 | Reward -300.00 | Epsilon 0.5906
Seed 8 | Episode 60 | Reward -300.00 | Epsilon 0.5853
Seed 8 | Episode 61 | Reward -300.00 | Epsilon 0.5801
Seed 8 | Episode 62 | Reward -300.00 | Epsilon 0.5749
Seed 8 | Episode 63 | Reward -300.00 | Epsilon 0.5697
Seed 8 | Episode 64 | Reward -300.00 | Epsilon 0.5646
Seed 8 | Episode 65 | Reward -300.00 | Epsilon 0.5596
Seed 8 | Episode 66 | Reward -300.00 | Epsilon 0.5546
Seed 8 | Episode 67 | Reward -300.00 | Epsilon 0.5496
Seed 8 | Episode 68 | Reward -300.00 | Epsilon 0.5447
Seed 8 | Episode 69 | Reward -300.00 | Epsilon 0.5398
Seed 8 | Episode 70 | Reward -300.00 | Epsilon 0.5350
Seed 8 | Episode 71 | Reward -300.00 | Epsilon 0.5302
Seed 8 | Episode 72 | Reward -300.00 | Epsilon 0.5254
Seed 8 | Episode 73 | Reward -300.00 | Epsilon 0.5207
Seed 8 | Episode 74 | Reward -300.00 | Epsilon 0.5160
Seed 8 | Episode 75 | Reward -300.00 | Epsilon 0.5114
Seed 8 | Episode 76 | Reward 45.00 | Epsilon 0.5106
Seed 8 | Episode 77 | Reward -300.00 | Epsilon 0.5060
Seed 8 | Episode 78 | Reward -13.00 | Epsilon 0.5043
Seed 8 | Episode 79 | Reward -300.00 | Epsilon 0.4997
Seed 8 | Episode 80 | Reward -300.00 | Epsilon 0.4953
Seed 8 | Episode 81 | Reward -300.00 | Epsilon 0.4908
Seed 8 | Episode 82 | Reward -300.00 | Epsilon 0.4864
Seed 8 | Episode 83 | Reward -300.00 | Epsilon 0.4821
Seed 8 | Episode 84 | Reward -300.00 | Epsilon 0.4777
Seed 8 | Episode 85 | Reward -300.00 | Epsilon 0.4735
Seed 8 | Episode 86 | Reward -300.00 | Epsilon 0.4692
Seed 8 | Episode 87 | Reward -300.00 | Epsilon 0.4650
Seed 8 | Episode 88 | Reward -300.00 | Epsilon 0.4609
Seed 8 | Episode 89 | Reward -300.00 | Epsilon 0.4567
Seed 8 | Episode 90 | Reward -300.00 | Epsilon 0.4526
Seed 8 | Episode 91 | Reward -300.00 | Epsilon 0.4486
Seed 8 | Episode 92 | Reward -300.00 | Epsilon 0.4446
Seed 8 | Episode 93 | Reward -42.00 | Epsilon 0.4427
Seed 8 | Episode 94 | Reward -300.00 | Epsilon 0.4387
Seed 8 | Episode 95 | Reward -300.00 | Epsilon 0.4348
Seed 8 | Episode 96 | Reward -300.00 | Epsilon 0.4309
Seed 8 | Episode 97 | Reward -300.00 | Epsilon 0.4270
Seed 8 | Episode 98 | Reward -300.00 | Epsilon 0.4232
Seed 8 | Episode 99 | Reward -300.00 | Epsilon 0.4194
Seed 8 | Episode 100 | Reward -300.00 | Epsilon 0.4156
Seed 8 | Episode 101 | Reward -300.00 | Epsilon 0.4119
Seed 8 | Episode 102 | Reward -300.00 | Epsilon 0.4082
Seed 8 | Episode 103 | Reward -300.00 | Epsilon 0.4046
Seed 8 | Episode 104 | Reward -300.00 | Epsilon 0.4009
Seed 8 | Episode 105 | Reward -300.00 | Epsilon 0.3973
Seed 8 | Episode 106 | Reward -189.00 | Epsilon 0.3939
Seed 8 | Episode 107 | Reward -300.00 | Epsilon 0.3904
Seed 8 | Episode 108 | Reward 45.00 | Epsilon 0.3897
Seed 8 | Episode 109 | Reward -300.00 | Epsilon 0.3862
Seed 8 | Episode 110 | Reward 37.00 | Epsilon 0.3855
Seed 8 | Episode 111 | Reward 59.00 | Epsilon 0.3850
Seed 8 | Episode 112 | Reward -300.00 | Epsilon 0.3815
Seed 8 | Episode 113 | Reward -300.00 | Epsilon 0.3781
Seed 8 | Episode 114 | Reward 47.00 | Epsilon 0.3775
Seed 8 | Episode 115 | Reward -300.00 | Epsilon 0.3741
Seed 8 | Episode 116 | Reward -300.00 | Epsilon 0.3708
Seed 8 | Episode 117 | Reward -300.00 | Epsilon 0.3675
Seed 8 | Episode 118 | Reward -300.00 | Epsilon 0.3642
Seed 8 | Episode 119 | Reward -300.00 | Epsilon 0.3609
Seed 8 | Episode 120 | Reward -300.00 | Epsilon 0.3577
Seed 8 | Episode 121 | Reward -300.00 | Epsilon 0.3545
Seed 8 | Episode 122 | Reward -300.00 | Epsilon 0.3513
Seed 8 | Episode 123 | Reward -300.00 | Epsilon 0.3481
Seed 8 | Episode 124 | Reward -300.00 | Epsilon 0.3450
Seed 8 | Episode 125 | Reward -300.00 | Epsilon 0.3419
Seed 8 | Episode 126 | Reward -300.00 | Epsilon 0.3389
Seed 8 | Episode 127 | Reward -300.00 | Epsilon 0.3358
Seed 8 | Episode 128 | Reward 57.00 | Epsilon 0.3354
Seed 8 | Episode 129 | Reward -162.00 | Epsilon 0.3328
Seed 8 | Episode 130 | Reward -300.00 | Epsilon 0.3298
Seed 8 | Episode 131 | Reward -300.00 | Epsilon 0.3268
Seed 8 | Episode 132 | Reward -300.00 | Epsilon 0.3239
Seed 8 | Episode 133 | Reward -300.00 | Epsilon 0.3210
Seed 8 | Episode 134 | Reward -160.00 | Epsilon 0.3185
Seed 8 | Episode 135 | Reward -71.00 | Epsilon 0.3168
Seed 8 | Episode 136 | Reward -300.00 | Epsilon 0.3140
Seed 8 | Episode 137 | Reward -300.00 | Epsilon 0.3112
Seed 8 | Episode 138 | Reward -300.00 | Epsilon 0.3084
Seed 8 | Episode 139 | Reward -58.00 | Epsilon 0.3069
Seed 8 | Episode 140 | Reward -172.00 | Epsilon 0.3044
Seed 8 | Episode 141 | Reward -300.00 | Epsilon 0.3017
Seed 8 | Episode 142 | Reward -300.00 | Epsilon 0.2990
Seed 8 | Episode 143 | Reward -188.00 | Epsilon 0.2964
Seed 8 | Episode 144 | Reward -41.00 | Epsilon 0.2952
Seed 8 | Episode 145 | Reward -300.00 | Epsilon 0.2925
Seed 8 | Episode 146 | Reward -300.00 | Epsilon 0.2899
Seed 8 | Episode 147 | Reward -300.00 | Epsilon 0.2873
Seed 8 | Episode 148 | Reward -300.00 | Epsilon 0.2847
Seed 8 | Episode 149 | Reward -23.00 | Epsilon 0.2837
Seed 8 | Episode 150 | Reward -300.00 | Epsilon 0.2811
Seed 8 | Episode 151 | Reward 42.00 | Epsilon 0.2806
Seed 8 | Episode 152 | Reward 26.00 | Epsilon 0.2800
Seed 8 | Episode 153 | Reward -300.00 | Epsilon 0.2775
Seed 8 | Episode 154 | Reward -300.00 | Epsilon 0.2750
Seed 8 | Episode 155 | Reward 60.00 | Epsilon 0.2747
Seed 8 | Episode 156 | Reward 55.00 | Epsilon 0.2743
Seed 8 | Episode 157 | Reward -300.00 | Epsilon 0.2718
Seed 8 | Episode 158 | Reward -300.00 | Epsilon 0.2694
Seed 8 | Episode 159 | Reward 56.00 | Epsilon 0.2690
Seed 8 | Episode 160 | Reward -141.00 | Epsilon 0.2671
Seed 8 | Episode 161 | Reward 54.00 | Epsilon 0.2667
Seed 8 | Episode 162 | Reward -49.00 | Epsilon 0.2655
Seed 8 | Episode 163 | Reward -19.00 | Epsilon 0.2646
Seed 8 | Episode 164 | Reward -110.00 | Epsilon 0.2629
Seed 8 | Episode 165 | Reward -300.00 | Epsilon 0.2605
Seed 8 | Episode 166 | Reward 52.00 | Epsilon 0.2601
Seed 8 | Episode 167 | Reward -72.00 | Epsilon 0.2588
Seed 8 | Episode 168 | Reward 56.00 | Epsilon 0.2585
Seed 8 | Episode 169 | Reward 56.00 | Epsilon 0.2581
Seed 8 | Episode 170 | Reward -64.00 | Epsilon 0.2568
Seed 8 | Episode 171 | Reward -300.00 | Epsilon 0.2545
Seed 8 | Episode 172 | Reward -58.00 | Epsilon 0.2533
Seed 8 | Episode 173 | Reward -103.00 | Epsilon 0.2518
Seed 8 | Episode 174 | Reward -115.00 | Epsilon 0.2501
Seed 8 | Episode 175 | Reward 59.00 | Epsilon 0.2498
Seed 8 | Episode 176 | Reward -118.00 | Epsilon 0.2482
Seed 8 | Episode 177 | Reward 50.00 | Epsilon 0.2478
Seed 8 | Episode 178 | Reward -14.00 | Epsilon 0.2470
Seed 8 | Episode 179 | Reward 60.00 | Epsilon 0.2467
Seed 8 | Episode 180 | Reward -300.00 | Epsilon 0.2444
Seed 8 | Episode 181 | Reward 32.00 | Epsilon 0.2439
Seed 8 | Episode 182 | Reward 51.00 | Epsilon 0.2436
Seed 8 | Episode 183 | Reward 59.00 | Epsilon 0.2433
Seed 8 | Episode 184 | Reward -300.00 | Epsilon 0.2411
Seed 8 | Episode 185 | Reward 41.00 | Epsilon 0.2407
Seed 8 | Episode 186 | Reward 57.00 | Epsilon 0.2403
Seed 8 | Episode 187 | Reward 60.00 | Epsilon 0.2400
Seed 8 | Episode 188 | Reward 50.00 | Epsilon 0.2397
Seed 8 | Episode 189 | Reward 27.00 | Epsilon 0.2391
Seed 8 | Episode 190 | Reward -196.00 | Epsilon 0.2370
Seed 8 | Episode 191 | Reward 35.00 | Epsilon 0.2366
Seed 8 | Episode 192 | Reward -300.00 | Epsilon 0.2344
Seed 8 | Episode 193 | Reward 55.00 | Epsilon 0.2341
Seed 8 | Episode 194 | Reward -134.00 | Epsilon 0.2325
Seed 8 | Episode 195 | Reward 54.00 | Epsilon 0.2321
Seed 8 | Episode 196 | Reward 51.00 | Epsilon 0.2318
Seed 8 | Episode 197 | Reward -300.00 | Epsilon 0.2297
Seed 8 | Episode 198 | Reward 60.00 | Epsilon 0.2294
Seed 8 | Episode 199 | Reward 51.00 | Epsilon 0.2291
Seed 8 | Episode 200 | Reward 52.00 | Epsilon 0.2288
Seed 8 | Episode 201 | Reward 57.00 | Epsilon 0.2284
Seed 8 | Episode 202 | Reward 10.00 | Epsilon 0.2278
Seed 8 | Episode 203 | Reward 61.00 | Epsilon 0.2276
Seed 8 | Episode 204 | Reward 46.00 | Epsilon 0.2272
Seed 8 | Episode 205 | Reward 60.00 | Epsilon 0.2269
Seed 8 | Episode 206 | Reward 29.00 | Epsilon 0.2264
Seed 8 | Episode 207 | Reward -8.00 | Epsilon 0.2257
Seed 8 | Episode 208 | Reward -300.00 | Epsilon 0.2236
Seed 8 | Episode 209 | Reward 13.00 | Epsilon 0.2231
Seed 8 | Episode 210 | Reward 58.00 | Epsilon 0.2228
Seed 8 | Episode 211 | Reward 50.00 | Epsilon 0.2224
Seed 8 | Episode 212 | Reward 48.00 | Epsilon 0.2221
Seed 8 | Episode 213 | Reward 64.00 | Epsilon 0.2218
Seed 8 | Episode 214 | Reward 59.00 | Epsilon 0.2216
Seed 8 | Episode 215 | Reward 41.00 | Epsilon 0.2212
Seed 8 | Episode 216 | Reward 50.00 | Epsilon 0.2208
Seed 8 | Episode 217 | Reward 48.00 | Epsilon 0.2205
Seed 8 | Episode 218 | Reward 44.00 | Epsilon 0.2201
Seed 8 | Episode 219 | Reward 58.00 | Epsilon 0.2198
Seed 8 | Episode 220 | Reward 46.00 | Epsilon 0.2194
Seed 8 | Episode 221 | Reward 50.00 | Epsilon 0.2191
Seed 8 | Episode 222 | Reward 52.00 | Epsilon 0.2188
Seed 8 | Episode 223 | Reward 58.00 | Epsilon 0.2185
Seed 8 | Episode 224 | Reward 51.00 | Epsilon 0.2182
Seed 8 | Episode 225 | Reward 53.00 | Epsilon 0.2179
Seed 8 | Episode 226 | Reward 63.00 | Epsilon 0.2176
Seed 8 | Episode 227 | Reward 56.00 | Epsilon 0.2173
Seed 8 | Episode 228 | Reward -1.00 | Epsilon 0.2167
Seed 8 | Episode 229 | Reward 48.00 | Epsilon 0.2163
Seed 8 | Episode 230 | Reward -57.00 | Epsilon 0.2153
Seed 8 | Episode 231 | Reward 50.00 | Epsilon 0.2150
Seed 8 | Episode 232 | Reward 61.00 | Epsilon 0.2147
Seed 8 | Episode 233 | Reward 48.00 | Epsilon 0.2144
Seed 8 | Episode 234 | Reward 40.00 | Epsilon 0.2140
Seed 8 | Episode 235 | Reward 55.00 | Epsilon 0.2137
Seed 8 | Episode 236 | Reward 41.00 | Epsilon 0.2133
Seed 8 | Episode 237 | Reward 48.00 | Epsilon 0.2129
Seed 8 | Episode 238 | Reward 48.00 | Epsilon 0.2126
Seed 8 | Episode 239 | Reward 43.00 | Epsilon 0.2122
Seed 8 | Episode 240 | Reward 56.00 | Epsilon 0.2120
Seed 8 | Episode 241 | Reward -138.00 | Epsilon 0.2104
Seed 8 | Episode 242 | Reward 54.00 | Epsilon 0.2101
Seed 8 | Episode 243 | Reward 61.00 | Epsilon 0.2099
Seed 8 | Episode 244 | Reward 37.00 | Epsilon 0.2095
Seed 8 | Episode 245 | Reward 53.00 | Epsilon 0.2092
Seed 8 | Episode 246 | Reward 52.00 | Epsilon 0.2089
Seed 8 | Episode 247 | Reward 43.00 | Epsilon 0.2085
Seed 8 | Episode 248 | Reward 30.00 | Epsilon 0.2081
Seed 8 | Episode 249 | Reward 43.00 | Epsilon 0.2077
Seed 8 | Episode 250 | Reward 62.00 | Epsilon 0.2075
Seed 8 | Episode 251 | Reward 49.00 | Epsilon 0.2071
Seed 8 | Episode 252 | Reward 50.00 | Epsilon 0.2068
Seed 8 | Episode 253 | Reward 43.00 | Epsilon 0.2065
Seed 8 | Episode 254 | Reward 61.00 | Epsilon 0.2062
Seed 8 | Episode 255 | Reward 51.00 | Epsilon 0.2059
Seed 8 | Episode 256 | Reward 58.00 | Epsilon 0.2056
Seed 8 | Episode 257 | Reward 33.00 | Epsilon 0.2052
Seed 8 | Episode 258 | Reward 53.00 | Epsilon 0.2049
Seed 8 | Episode 259 | Reward 54.00 | Epsilon 0.2046
Seed 8 | Episode 260 | Reward 65.00 | Epsilon 0.2044
Seed 8 | Episode 261 | Reward 46.00 | Epsilon 0.2041
Seed 8 | Episode 262 | Reward 41.00 | Epsilon 0.2037
Seed 8 | Episode 263 | Reward 44.00 | Epsilon 0.2034
Seed 8 | Episode 264 | Reward 56.00 | Epsilon 0.2031
Seed 8 | Episode 265 | Reward 46.00 | Epsilon 0.2028
Seed 8 | Episode 266 | Reward 63.00 | Epsilon 0.2025
Seed 8 | Episode 267 | Reward 37.00 | Epsilon 0.2021
Seed 8 | Episode 268 | Reward 63.00 | Epsilon 0.2019
Seed 8 | Episode 269 | Reward 39.00 | Epsilon 0.2015
Seed 8 | Episode 270 | Reward 60.00 | Epsilon 0.2013
Seed 8 | Episode 271 | Reward 64.00 | Epsilon 0.2011
Seed 8 | Episode 272 | Reward 35.00 | Epsilon 0.2007
Seed 8 | Episode 273 | Reward 61.00 | Epsilon 0.2004
Seed 8 | Episode 274 | Reward 48.00 | Epsilon 0.2001
Seed 8 | Episode 275 | Reward 53.00 | Epsilon 0.1998
Seed 8 | Episode 276 | Reward 60.00 | Epsilon 0.1996
Seed 8 | Episode 277 | Reward 46.00 | Epsilon 0.1992
Seed 8 | Episode 278 | Reward 58.00 | Epsilon 0.1990
Seed 8 | Episode 279 | Reward 38.00 | Epsilon 0.1986
Seed 8 | Episode 280 | Reward 38.00 | Epsilon 0.1982
Seed 8 | Episode 281 | Reward 47.00 | Epsilon 0.1979
Seed 8 | Episode 282 | Reward 63.00 | Epsilon 0.1977
Seed 8 | Episode 283 | Reward 55.00 | Epsilon 0.1974
Seed 8 | Episode 284 | Reward 55.00 | Epsilon 0.1971
Seed 8 | Episode 285 | Reward 47.00 | Epsilon 0.1968
Seed 8 | Episode 286 | Reward 58.00 | Epsilon 0.1966
Seed 8 | Episode 287 | Reward 65.00 | Epsilon 0.1964
Seed 8 | Episode 288 | Reward 47.00 | Epsilon 0.1960
Seed 8 | Episode 289 | Reward 55.00 | Epsilon 0.1958
Seed 8 | Episode 290 | Reward 55.00 | Epsilon 0.1955
Seed 8 | Episode 291 | Reward 36.00 | Epsilon 0.1951
Seed 8 | Episode 292 | Reward 64.00 | Epsilon 0.1949
Seed 8 | Episode 293 | Reward 59.00 | Epsilon 0.1947
Seed 8 | Episode 294 | Reward 38.00 | Epsilon 0.1943
Seed 8 | Episode 295 | Reward 48.00 | Epsilon 0.1940
Seed 8 | Episode 296 | Reward 59.00 | Epsilon 0.1937
Seed 8 | Episode 297 | Reward 41.00 | Epsilon 0.1934
Seed 8 | Episode 298 | Reward 60.00 | Epsilon 0.1932
Seed 8 | Episode 299 | Reward 29.00 | Epsilon 0.1927
Seed 8 | Episode 300 | Reward 60.00 | Epsilon 0.1925
Seed 8 | Episode 301 | Reward 50.00 | Epsilon 0.1922
Seed 8 | Episode 302 | Reward 62.00 | Epsilon 0.1920
Seed 8 | Episode 303 | Reward 51.00 | Epsilon 0.1917
Seed 8 | Episode 304 | Reward 40.00 | Epsilon 0.1913
Seed 8 | Episode 305 | Reward 43.00 | Epsilon 0.1910
Seed 8 | Episode 306 | Reward 32.00 | Epsilon 0.1906
Seed 8 | Episode 307 | Reward 56.00 | Epsilon 0.1904
Seed 8 | Episode 308 | Reward 48.00 | Epsilon 0.1901
Seed 8 | Episode 309 | Reward 44.00 | Epsilon 0.1897
Seed 8 | Episode 310 | Reward 46.00 | Epsilon 0.1894
Seed 8 | Episode 311 | Reward 48.00 | Epsilon 0.1891
Seed 8 | Episode 312 | Reward 47.00 | Epsilon 0.1888
Seed 8 | Episode 313 | Reward 55.00 | Epsilon 0.1886
Seed 8 | Episode 314 | Reward 56.00 | Epsilon 0.1883
Seed 8 | Episode 315 | Reward 42.00 | Epsilon 0.1880
Seed 8 | Episode 316 | Reward 47.00 | Epsilon 0.1877
Seed 8 | Episode 317 | Reward 53.00 | Epsilon 0.1874
Seed 8 | Episode 318 | Reward 44.00 | Epsilon 0.1871
Seed 8 | Episode 319 | Reward 61.00 | Epsilon 0.1868
Seed 8 | Episode 320 | Reward 61.00 | Epsilon 0.1866
Seed 8 | Episode 321 | Reward 52.00 | Epsilon 0.1863
Seed 8 | Episode 322 | Reward 57.00 | Epsilon 0.1861
Seed 8 | Episode 323 | Reward 44.00 | Epsilon 0.1858
Seed 8 | Episode 324 | Reward 49.00 | Epsilon 0.1855
Seed 8 | Episode 325 | Reward 60.00 | Epsilon 0.1853
Seed 8 | Episode 326 | Reward 51.00 | Epsilon 0.1850
Seed 8 | Episode 327 | Reward 55.00 | Epsilon 0.1847
Seed 8 | Episode 328 | Reward 39.00 | Epsilon 0.1844
Seed 8 | Episode 329 | Reward 45.00 | Epsilon 0.1841
Seed 8 | Episode 330 | Reward 49.00 | Epsilon 0.1838
Seed 8 | Episode 331 | Reward 47.00 | Epsilon 0.1835
Seed 8 | Episode 332 | Reward 53.00 | Epsilon 0.1832
Seed 8 | Episode 333 | Reward 42.00 | Epsilon 0.1829
Seed 8 | Episode 334 | Reward 59.00 | Epsilon 0.1827
Seed 8 | Episode 335 | Reward 62.00 | Epsilon 0.1825
Seed 8 | Episode 336 | Reward 50.00 | Epsilon 0.1822
Seed 8 | Episode 337 | Reward 47.00 | Epsilon 0.1819
Seed 8 | Episode 338 | Reward 42.00 | Epsilon 0.1816
Seed 8 | Episode 339 | Reward 44.00 | Epsilon 0.1813
Seed 8 | Episode 340 | Reward 47.00 | Epsilon 0.1810
Seed 8 | Episode 341 | Reward 40.00 | Epsilon 0.1806
Seed 8 | Episode 342 | Reward 52.00 | Epsilon 0.1804
Seed 8 | Episode 343 | Reward 63.00 | Epsilon 0.1802
Seed 8 | Episode 344 | Reward 55.00 | Epsilon 0.1799
Seed 8 | Episode 345 | Reward 50.00 | Epsilon 0.1796
Seed 8 | Episode 346 | Reward 56.00 | Epsilon 0.1794
Seed 8 | Episode 347 | Reward 46.00 | Epsilon 0.1791
Seed 8 | Episode 348 | Reward 52.00 | Epsilon 0.1788
Seed 8 | Episode 349 | Reward 43.00 | Epsilon 0.1785
Seed 8 | Episode 350 | Reward 58.00 | Epsilon 0.1783
Seed 8 | Episode 351 | Reward 59.00 | Epsilon 0.1781
Seed 8 | Episode 352 | Reward 38.00 | Epsilon 0.1777
Seed 8 | Episode 353 | Reward 57.00 | Epsilon 0.1775
Seed 8 | Episode 354 | Reward 58.00 | Epsilon 0.1773
Seed 8 | Episode 355 | Reward 41.00 | Epsilon 0.1770
Seed 8 | Episode 356 | Reward 53.00 | Epsilon 0.1767
Seed 8 | Episode 357 | Reward 61.00 | Epsilon 0.1765
Seed 8 | Episode 358 | Reward 47.00 | Epsilon 0.1762
Seed 8 | Episode 359 | Reward 51.00 | Epsilon 0.1759
Seed 8 | Episode 360 | Reward 49.00 | Epsilon 0.1757
Seed 8 | Episode 361 | Reward 51.00 | Epsilon 0.1754
Seed 8 | Episode 362 | Reward 64.00 | Epsilon 0.1752
Seed 8 | Episode 363 | Reward 51.00 | Epsilon 0.1749
Seed 8 | Episode 364 | Reward 62.00 | Epsilon 0.1747
Seed 8 | Episode 365 | Reward 56.00 | Epsilon 0.1745
Seed 8 | Episode 366 | Reward 58.00 | Epsilon 0.1743
Seed 8 | Episode 367 | Reward 45.00 | Epsilon 0.1740
Seed 8 | Episode 368 | Reward 56.00 | Epsilon 0.1738
Seed 8 | Episode 369 | Reward 54.00 | Epsilon 0.1735
Seed 8 | Episode 370 | Reward 44.00 | Epsilon 0.1732
Seed 8 | Episode 371 | Reward 54.00 | Epsilon 0.1730
Seed 8 | Episode 372 | Reward 51.00 | Epsilon 0.1727
Seed 8 | Episode 373 | Reward 49.00 | Epsilon 0.1724
Seed 8 | Episode 374 | Reward 53.00 | Epsilon 0.1722
Seed 8 | Episode 375 | Reward 46.00 | Epsilon 0.1719
Seed 8 | Episode 376 | Reward 55.00 | Epsilon 0.1717
Seed 8 | Episode 377 | Reward 61.00 | Epsilon 0.1715
Seed 8 | Episode 378 | Reward 56.00 | Epsilon 0.1712
Seed 8 | Episode 379 | Reward 56.00 | Epsilon 0.1710
Seed 8 | Episode 380 | Reward 52.00 | Epsilon 0.1707
Seed 8 | Episode 381 | Reward 52.00 | Epsilon 0.1705
Seed 8 | Episode 382 | Reward 55.00 | Epsilon 0.1703
Seed 8 | Episode 383 | Reward 55.00 | Epsilon 0.1700
Seed 8 | Episode 384 | Reward 43.00 | Epsilon 0.1697
Seed 8 | Episode 385 | Reward 62.00 | Epsilon 0.1695
Seed 8 | Episode 386 | Reward 46.00 | Epsilon 0.1693
Seed 8 | Episode 387 | Reward 41.00 | Epsilon 0.1689
Seed 8 | Episode 388 | Reward 63.00 | Epsilon 0.1688
Seed 8 | Episode 389 | Reward 44.00 | Epsilon 0.1685
Seed 8 | Episode 390 | Reward 58.00 | Epsilon 0.1683
Seed 8 | Episode 391 | Reward 47.00 | Epsilon 0.1680
Seed 8 | Episode 392 | Reward 50.00 | Epsilon 0.1677
Seed 8 | Episode 393 | Reward 50.00 | Epsilon 0.1675
Seed 8 | Episode 394 | Reward 54.00 | Epsilon 0.1672
Seed 8 | Episode 395 | Reward 62.00 | Epsilon 0.1670
Seed 8 | Episode 396 | Reward 64.00 | Epsilon 0.1668
Seed 8 | Episode 397 | Reward 47.00 | Epsilon 0.1666
Seed 8 | Episode 398 | Reward 46.00 | Epsilon 0.1663
Seed 8 | Episode 399 | Reward 63.00 | Epsilon 0.1661
Seed 8 | Episode 400 | Reward 49.00 | Epsilon 0.1659
Seed 8 | Episode 401 | Reward 50.00 | Epsilon 0.1656
Seed 8 | Episode 402 | Reward 53.00 | Epsilon 0.1654
Seed 8 | Episode 403 | Reward 58.00 | Epsilon 0.1652
Seed 8 | Episode 404 | Reward 59.00 | Epsilon 0.1649
Seed 8 | Episode 405 | Reward 52.00 | Epsilon 0.1647
Seed 8 | Episode 406 | Reward 54.00 | Epsilon 0.1645
Seed 8 | Episode 407 | Reward 54.00 | Epsilon 0.1642
Seed 8 | Episode 408 | Reward 42.00 | Epsilon 0.1639
Seed 8 | Episode 409 | Reward 45.00 | Epsilon 0.1637
Seed 8 | Episode 410 | Reward 53.00 | Epsilon 0.1634
Seed 8 | Episode 411 | Reward 61.00 | Epsilon 0.1632
Seed 8 | Episode 412 | Reward 61.00 | Epsilon 0.1630
Seed 8 | Episode 413 | Reward 50.00 | Epsilon 0.1628
Seed 8 | Episode 414 | Reward 57.00 | Epsilon 0.1626
Seed 8 | Episode 415 | Reward 51.00 | Epsilon 0.1623
Seed 8 | Episode 416 | Reward 47.00 | Epsilon 0.1621
Seed 8 | Episode 417 | Reward 51.00 | Epsilon 0.1618
Seed 8 | Episode 418 | Reward 54.00 | Epsilon 0.1616
Seed 8 | Episode 419 | Reward 55.00 | Epsilon 0.1614
Seed 8 | Episode 420 | Reward 60.00 | Epsilon 0.1612
Seed 8 | Episode 421 | Reward 59.00 | Epsilon 0.1610
Seed 8 | Episode 422 | Reward 54.00 | Epsilon 0.1608
Seed 8 | Episode 423 | Reward 39.00 | Epsilon 0.1605
Seed 8 | Episode 424 | Reward 42.00 | Epsilon 0.1602
Seed 8 | Episode 425 | Reward 63.00 | Epsilon 0.1600
Seed 8 | Episode 426 | Reward 43.00 | Epsilon 0.1597
Seed 8 | Episode 427 | Reward 46.00 | Epsilon 0.1594
Seed 8 | Episode 428 | Reward 50.00 | Epsilon 0.1592
Seed 8 | Episode 429 | Reward 48.00 | Epsilon 0.1589
Seed 8 | Episode 430 | Reward 48.00 | Epsilon 0.1587
Seed 8 | Episode 431 | Reward 55.00 | Epsilon 0.1585
Seed 8 | Episode 432 | Reward 43.00 | Epsilon 0.1582
Seed 8 | Episode 433 | Reward 43.00 | Epsilon 0.1579
Seed 8 | Episode 434 | Reward 36.00 | Epsilon 0.1576
Seed 8 | Episode 435 | Reward 62.00 | Epsilon 0.1574
Seed 8 | Episode 436 | Reward 45.00 | Epsilon 0.1572
Seed 8 | Episode 437 | Reward 50.00 | Epsilon 0.1569
Seed 8 | Episode 438 | Reward 62.00 | Epsilon 0.1567
Seed 8 | Episode 439 | Reward 51.00 | Epsilon 0.1565
Seed 8 | Episode 440 | Reward 54.00 | Epsilon 0.1563
Seed 8 | Episode 441 | Reward 51.00 | Epsilon 0.1561
Seed 8 | Episode 442 | Reward 57.00 | Epsilon 0.1559
Seed 8 | Episode 443 | Reward 52.00 | Epsilon 0.1556
Seed 8 | Episode 444 | Reward 54.00 | Epsilon 0.1554
Seed 8 | Episode 445 | Reward 55.00 | Epsilon 0.1552
Seed 8 | Episode 446 | Reward 49.00 | Epsilon 0.1549
Seed 8 | Episode 447 | Reward 54.00 | Epsilon 0.1547
Seed 8 | Episode 448 | Reward 49.00 | Epsilon 0.1545
Seed 8 | Episode 449 | Reward 53.00 | Epsilon 0.1543
Seed 8 | Episode 450 | Reward 63.00 | Epsilon 0.1541
Seed 8 | Episode 451 | Reward 52.00 | Epsilon 0.1539
Seed 8 | Episode 452 | Reward 45.00 | Epsilon 0.1536
Seed 8 | Episode 453 | Reward 59.00 | Epsilon 0.1534
Seed 8 | Episode 454 | Reward 51.00 | Epsilon 0.1532
Seed 8 | Episode 455 | Reward 63.00 | Epsilon 0.1530
Seed 8 | Episode 456 | Reward 54.00 | Epsilon 0.1528
Seed 8 | Episode 457 | Reward 54.00 | Epsilon 0.1526
Seed 8 | Episode 458 | Reward 54.00 | Epsilon 0.1524
Seed 8 | Episode 459 | Reward 53.00 | Epsilon 0.1521
Seed 8 | Episode 460 | Reward 53.00 | Epsilon 0.1519
Seed 8 | Episode 461 | Reward 58.00 | Epsilon 0.1517
Seed 8 | Episode 462 | Reward 51.00 | Epsilon 0.1515
Seed 8 | Episode 463 | Reward 30.00 | Epsilon 0.1512
Seed 8 | Episode 464 | Reward 55.00 | Epsilon 0.1510
Seed 8 | Episode 465 | Reward 38.00 | Epsilon 0.1507
Seed 8 | Episode 466 | Reward 60.00 | Epsilon 0.1505
Seed 8 | Episode 467 | Reward 45.00 | Epsilon 0.1502
Seed 8 | Episode 468 | Reward 53.00 | Epsilon 0.1500
Seed 8 | Episode 469 | Reward 60.00 | Epsilon 0.1498
Seed 8 | Episode 470 | Reward 47.00 | Epsilon 0.1496
Seed 8 | Episode 471 | Reward 39.00 | Epsilon 0.1493
Seed 8 | Episode 472 | Reward 54.00 | Epsilon 0.1491
Seed 8 | Episode 473 | Reward 52.00 | Epsilon 0.1489
Seed 8 | Episode 474 | Reward 40.00 | Epsilon 0.1486
Seed 8 | Episode 475 | Reward 53.00 | Epsilon 0.1484
Seed 8 | Episode 476 | Reward 60.00 | Epsilon 0.1482
Seed 8 | Episode 477 | Reward 54.00 | Epsilon 0.1480
Seed 8 | Episode 478 | Reward 61.00 | Epsilon 0.1478
Seed 8 | Episode 479 | Reward 51.00 | Epsilon 0.1476
Seed 8 | Episode 480 | Reward 45.00 | Epsilon 0.1474
Seed 8 | Episode 481 | Reward 55.00 | Epsilon 0.1472
Seed 8 | Episode 482 | Reward 45.00 | Epsilon 0.1469
Seed 8 | Episode 483 | Reward 52.00 | Epsilon 0.1467
Seed 8 | Episode 484 | Reward 60.00 | Epsilon 0.1465
Seed 8 | Episode 485 | Reward 57.00 | Epsilon 0.1463
Seed 8 | Episode 486 | Reward 50.00 | Epsilon 0.1461
Seed 8 | Episode 487 | Reward 55.00 | Epsilon 0.1459
Seed 8 | Episode 488 | Reward 49.00 | Epsilon 0.1457
Seed 8 | Episode 489 | Reward 47.00 | Epsilon 0.1454
Seed 8 | Episode 490 | Reward 51.00 | Epsilon 0.1452
Seed 8 | Episode 491 | Reward 46.00 | Epsilon 0.1450
Seed 8 | Episode 492 | Reward 63.00 | Epsilon 0.1448
Seed 8 | Episode 493 | Reward 61.00 | Epsilon 0.1446
Seed 8 | Episode 494 | Reward 50.00 | Epsilon 0.1444
Seed 8 | Episode 495 | Reward 51.00 | Epsilon 0.1442
Seed 8 | Episode 496 | Reward 33.00 | Epsilon 0.1439
Seed 8 | Episode 497 | Reward 48.00 | Epsilon 0.1437
Seed 8 | Episode 498 | Reward 58.00 | Epsilon 0.1435
Seed 8 | Episode 499 | Reward 37.00 | Epsilon 0.1432
Seed 8 | Episode 500 | Reward 42.00 | Epsilon 0.1430
Seed 8 | Episode 501 | Reward 48.00 | Epsilon 0.1427
Seed 8 | Episode 502 | Reward 57.00 | Epsilon 0.1426
Seed 8 | Episode 503 | Reward 52.00 | Epsilon 0.1423
Seed 8 | Episode 504 | Reward 44.00 | Epsilon 0.1421
Seed 8 | Episode 505 | Reward 56.00 | Epsilon 0.1419
Seed 8 | Episode 506 | Reward 46.00 | Epsilon 0.1417
Seed 8 | Episode 507 | Reward 53.00 | Epsilon 0.1415
Seed 8 | Episode 508 | Reward 43.00 | Epsilon 0.1412
Seed 8 | Episode 509 | Reward 53.00 | Epsilon 0.1410
Seed 8 | Episode 510 | Reward 30.00 | Epsilon 0.1407
Seed 8 | Episode 511 | Reward 57.00 | Epsilon 0.1405
Seed 8 | Episode 512 | Reward 61.00 | Epsilon 0.1404
Seed 8 | Episode 513 | Reward 55.00 | Epsilon 0.1402
Seed 8 | Episode 514 | Reward 49.00 | Epsilon 0.1400
Seed 8 | Episode 515 | Reward 54.00 | Epsilon 0.1398
Seed 8 | Episode 516 | Reward 52.00 | Epsilon 0.1396
Seed 8 | Episode 517 | Reward 50.00 | Epsilon 0.1393
Seed 8 | Episode 518 | Reward 46.00 | Epsilon 0.1391
Seed 8 | Episode 519 | Reward 58.00 | Epsilon 0.1389
Seed 8 | Episode 520 | Reward 53.00 | Epsilon 0.1387
Seed 8 | Episode 521 | Reward 54.00 | Epsilon 0.1385
Seed 8 | Episode 522 | Reward 60.00 | Epsilon 0.1384
Seed 8 | Episode 523 | Reward 48.00 | Epsilon 0.1381
Seed 8 | Episode 524 | Reward 56.00 | Epsilon 0.1380
Seed 8 | Episode 525 | Reward 58.00 | Epsilon 0.1378
Seed 8 | Episode 526 | Reward 58.00 | Epsilon 0.1376
Seed 8 | Episode 527 | Reward 40.00 | Epsilon 0.1374
Seed 8 | Episode 528 | Reward 48.00 | Epsilon 0.1371
Seed 8 | Episode 529 | Reward 60.00 | Epsilon 0.1370
Seed 8 | Episode 530 | Reward 47.00 | Epsilon 0.1367
Seed 8 | Episode 531 | Reward 52.00 | Epsilon 0.1365
Seed 8 | Episode 532 | Reward 43.00 | Epsilon 0.1363
Seed 8 | Episode 533 | Reward 50.00 | Epsilon 0.1361
Seed 8 | Episode 534 | Reward 55.00 | Epsilon 0.1359
Seed 8 | Episode 535 | Reward 52.00 | Epsilon 0.1357
Seed 8 | Episode 536 | Reward 50.00 | Epsilon 0.1355
Seed 8 | Episode 537 | Reward 55.00 | Epsilon 0.1353
Seed 8 | Episode 538 | Reward 49.00 | Epsilon 0.1351
Seed 8 | Episode 539 | Reward 50.00 | Epsilon 0.1349
Seed 8 | Episode 540 | Reward 36.00 | Epsilon 0.1346
Seed 8 | Episode 541 | Reward 39.00 | Epsilon 0.1344
Seed 8 | Episode 542 | Reward 40.00 | Epsilon 0.1341
Seed 8 | Episode 543 | Reward 60.00 | Epsilon 0.1340
Seed 8 | Episode 544 | Reward 59.00 | Epsilon 0.1338
Seed 8 | Episode 545 | Reward 61.00 | Epsilon 0.1336
Seed 8 | Episode 546 | Reward 61.00 | Epsilon 0.1335
Seed 8 | Episode 547 | Reward 47.00 | Epsilon 0.1333
Seed 8 | Episode 548 | Reward 58.00 | Epsilon 0.1331
Seed 8 | Episode 549 | Reward 54.00 | Epsilon 0.1329
Seed 8 | Episode 550 | Reward 49.00 | Epsilon 0.1327
Seed 8 | Episode 551 | Reward 56.00 | Epsilon 0.1325
Seed 8 | Episode 552 | Reward 55.00 | Epsilon 0.1323
Seed 8 | Episode 553 | Reward 49.00 | Epsilon 0.1321
Seed 8 | Episode 554 | Reward 49.00 | Epsilon 0.1319
Seed 8 | Episode 555 | Reward 53.00 | Epsilon 0.1317
Seed 8 | Episode 556 | Reward 50.00 | Epsilon 0.1315
Seed 8 | Episode 557 | Reward 36.00 | Epsilon 0.1313
Seed 8 | Episode 558 | Reward 47.00 | Epsilon 0.1311
Seed 8 | Episode 559 | Reward 52.00 | Epsilon 0.1309
Seed 8 | Episode 560 | Reward 46.00 | Epsilon 0.1307
Seed 8 | Episode 561 | Reward 60.00 | Epsilon 0.1305
Seed 8 | Episode 562 | Reward 55.00 | Epsilon 0.1303
Seed 8 | Episode 563 | Reward 39.00 | Epsilon 0.1301
Seed 8 | Episode 564 | Reward 62.00 | Epsilon 0.1299
Seed 8 | Episode 565 | Reward 63.00 | Epsilon 0.1298
Seed 8 | Episode 566 | Reward 53.00 | Epsilon 0.1296
Seed 8 | Episode 567 | Reward 53.00 | Epsilon 0.1294
Seed 8 | Episode 568 | Reward 51.00 | Epsilon 0.1292
Seed 8 | Episode 569 | Reward 38.00 | Epsilon 0.1290
Seed 8 | Episode 570 | Reward 47.00 | Epsilon 0.1288
Seed 8 | Episode 571 | Reward 32.00 | Epsilon 0.1285
Seed 8 | Episode 572 | Reward 62.00 | Epsilon 0.1283
Seed 8 | Episode 573 | Reward 50.00 | Epsilon 0.1281
Seed 8 | Episode 574 | Reward 63.00 | Epsilon 0.1280
Seed 8 | Episode 575 | Reward 54.00 | Epsilon 0.1278
Seed 8 | Episode 576 | Reward 65.00 | Epsilon 0.1277
Seed 8 | Episode 577 | Reward 54.00 | Epsilon 0.1275
Seed 8 | Episode 578 | Reward 59.00 | Epsilon 0.1273
Seed 8 | Episode 579 | Reward 49.00 | Epsilon 0.1271
Seed 8 | Episode 580 | Reward 56.00 | Epsilon 0.1270
Seed 8 | Episode 581 | Reward 54.00 | Epsilon 0.1268
Seed 8 | Episode 582 | Reward 57.00 | Epsilon 0.1266
Seed 8 | Episode 583 | Reward 58.00 | Epsilon 0.1265
Seed 8 | Episode 584 | Reward 46.00 | Epsilon 0.1263
Seed 8 | Episode 585 | Reward 55.00 | Epsilon 0.1261
Seed 8 | Episode 586 | Reward 55.00 | Epsilon 0.1259
Seed 8 | Episode 587 | Reward 34.00 | Epsilon 0.1257
Seed 8 | Episode 588 | Reward 42.00 | Epsilon 0.1254
Seed 8 | Episode 589 | Reward 55.00 | Epsilon 0.1253
Seed 8 | Episode 590 | Reward 49.00 | Epsilon 0.1251
Seed 8 | Episode 591 | Reward 50.00 | Epsilon 0.1249
Seed 8 | Episode 592 | Reward 61.00 | Epsilon 0.1247
Seed 8 | Episode 593 | Reward 43.00 | Epsilon 0.1245
Seed 8 | Episode 594 | Reward 62.00 | Epsilon 0.1244
Seed 8 | Episode 595 | Reward 50.00 | Epsilon 0.1242
Seed 8 | Episode 596 | Reward 59.00 | Epsilon 0.1240
Seed 8 | Episode 597 | Reward 48.00 | Epsilon 0.1238
Seed 8 | Episode 598 | Reward 59.00 | Epsilon 0.1237
Seed 8 | Episode 599 | Reward 36.00 | Epsilon 0.1234
Seed 8 | Episode 600 | Reward 49.00 | Epsilon 0.1232
Seed 8 | Episode 601 | Reward 45.00 | Epsilon 0.1230
Seed 8 | Episode 602 | Reward 54.00 | Epsilon 0.1228
Seed 8 | Episode 603 | Reward 61.00 | Epsilon 0.1227
Seed 8 | Episode 604 | Reward 35.00 | Epsilon 0.1225
Seed 8 | Episode 605 | Reward 64.00 | Epsilon 0.1223
Seed 8 | Episode 606 | Reward 60.00 | Epsilon 0.1222
Seed 8 | Episode 607 | Reward 61.00 | Epsilon 0.1220
Seed 8 | Episode 608 | Reward 51.00 | Epsilon 0.1218
Seed 8 | Episode 609 | Reward 59.00 | Epsilon 0.1217
Seed 8 | Episode 610 | Reward 54.00 | Epsilon 0.1215
Seed 8 | Episode 611 | Reward 51.00 | Epsilon 0.1213
Seed 8 | Episode 612 | Reward 51.00 | Epsilon 0.1212
Seed 8 | Episode 613 | Reward 46.00 | Epsilon 0.1210
Seed 8 | Episode 614 | Reward 51.00 | Epsilon 0.1208
Seed 8 | Episode 615 | Reward 62.00 | Epsilon 0.1206
Seed 8 | Episode 616 | Reward 46.00 | Epsilon 0.1204
Seed 8 | Episode 617 | Reward 54.00 | Epsilon 0.1203
Seed 8 | Episode 618 | Reward 56.00 | Epsilon 0.1201
Seed 8 | Episode 619 | Reward 54.00 | Epsilon 0.1199
Seed 8 | Episode 620 | Reward 55.00 | Epsilon 0.1198
Seed 8 | Episode 621 | Reward 54.00 | Epsilon 0.1196
Seed 8 | Episode 622 | Reward 46.00 | Epsilon 0.1194
Seed 8 | Episode 623 | Reward 52.00 | Epsilon 0.1192
Seed 8 | Episode 624 | Reward 53.00 | Epsilon 0.1191
Seed 8 | Episode 625 | Reward 56.00 | Epsilon 0.1189
Seed 8 | Episode 626 | Reward 46.00 | Epsilon 0.1187
Seed 8 | Episode 627 | Reward 61.00 | Epsilon 0.1186
Seed 8 | Episode 628 | Reward 47.00 | Epsilon 0.1184
Seed 8 | Episode 629 | Reward 64.00 | Epsilon 0.1182
Seed 8 | Episode 630 | Reward 50.00 | Epsilon 0.1180
Seed 8 | Episode 631 | Reward 51.00 | Epsilon 0.1179
Seed 8 | Episode 632 | Reward 62.00 | Epsilon 0.1177
Seed 8 | Episode 633 | Reward 45.00 | Epsilon 0.1175
Seed 8 | Episode 634 | Reward 44.00 | Epsilon 0.1173
Seed 8 | Episode 635 | Reward 49.00 | Epsilon 0.1172
Seed 8 | Episode 636 | Reward 47.00 | Epsilon 0.1170
Seed 8 | Episode 637 | Reward 58.00 | Epsilon 0.1168
Seed 8 | Episode 638 | Reward 41.00 | Epsilon 0.1166
Seed 8 | Episode 639 | Reward 58.00 | Epsilon 0.1165
Seed 8 | Episode 640 | Reward 47.00 | Epsilon 0.1163
Seed 8 | Episode 641 | Reward 52.00 | Epsilon 0.1161
Seed 8 | Episode 642 | Reward 57.00 | Epsilon 0.1159
Seed 8 | Episode 643 | Reward 61.00 | Epsilon 0.1158
Seed 8 | Episode 644 | Reward 59.00 | Epsilon 0.1157
Seed 8 | Episode 645 | Reward 46.00 | Epsilon 0.1155
Seed 8 | Episode 646 | Reward 54.00 | Epsilon 0.1153
Seed 8 | Episode 647 | Reward 56.00 | Epsilon 0.1151
Seed 8 | Episode 648 | Reward 48.00 | Epsilon 0.1150
Seed 8 | Episode 649 | Reward 64.00 | Epsilon 0.1148
Seed 8 | Episode 650 | Reward 53.00 | Epsilon 0.1147
Seed 8 | Episode 651 | Reward 47.00 | Epsilon 0.1145
Seed 8 | Episode 652 | Reward 48.00 | Epsilon 0.1143
Seed 8 | Episode 653 | Reward 59.00 | Epsilon 0.1142
Seed 8 | Episode 654 | Reward 45.00 | Epsilon 0.1140
Seed 8 | Episode 655 | Reward 57.00 | Epsilon 0.1138
Seed 8 | Episode 656 | Reward 62.00 | Epsilon 0.1137
Seed 8 | Episode 657 | Reward 41.00 | Epsilon 0.1135
Seed 8 | Episode 658 | Reward 36.00 | Epsilon 0.1133
Seed 8 | Episode 659 | Reward 48.00 | Epsilon 0.1131
Seed 8 | Episode 660 | Reward 63.00 | Epsilon 0.1129
Seed 8 | Episode 661 | Reward 34.00 | Epsilon 0.1127
Seed 8 | Episode 662 | Reward 43.00 | Epsilon 0.1125
Seed 8 | Episode 663 | Reward 60.00 | Epsilon 0.1124
Seed 8 | Episode 664 | Reward 63.00 | Epsilon 0.1123
Seed 8 | Episode 665 | Reward 50.00 | Epsilon 0.1121
Seed 8 | Episode 666 | Reward 56.00 | Epsilon 0.1119
Seed 8 | Episode 667 | Reward 45.00 | Epsilon 0.1117
Seed 8 | Episode 668 | Reward 52.00 | Epsilon 0.1116
Seed 8 | Episode 669 | Reward 57.00 | Epsilon 0.1114
Seed 8 | Episode 670 | Reward 49.00 | Epsilon 0.1113
Seed 8 | Episode 671 | Reward 38.00 | Epsilon 0.1111
Seed 8 | Episode 672 | Reward 46.00 | Epsilon 0.1109
Seed 8 | Episode 673 | Reward 48.00 | Epsilon 0.1107
Seed 8 | Episode 674 | Reward 43.00 | Epsilon 0.1105
Seed 8 | Episode 675 | Reward 54.00 | Epsilon 0.1103
Seed 8 | Episode 676 | Reward 45.00 | Epsilon 0.1102
Seed 8 | Episode 677 | Reward 46.00 | Epsilon 0.1100
Seed 8 | Episode 678 | Reward 49.00 | Epsilon 0.1098
Seed 8 | Episode 679 | Reward 54.00 | Epsilon 0.1097
Seed 8 | Episode 680 | Reward 51.00 | Epsilon 0.1095
Seed 8 | Episode 681 | Reward 48.00 | Epsilon 0.1093
Seed 8 | Episode 682 | Reward 59.00 | Epsilon 0.1092
Seed 8 | Episode 683 | Reward 62.00 | Epsilon 0.1090
Seed 8 | Episode 684 | Reward 57.00 | Epsilon 0.1089
Seed 8 | Episode 685 | Reward 54.00 | Epsilon 0.1088
Seed 8 | Episode 686 | Reward 63.00 | Epsilon 0.1086
Seed 8 | Episode 687 | Reward 53.00 | Epsilon 0.1085
Seed 8 | Episode 688 | Reward 55.00 | Epsilon 0.1083
Seed 8 | Episode 689 | Reward 61.00 | Epsilon 0.1082
Seed 8 | Episode 690 | Reward 45.00 | Epsilon 0.1080
Seed 8 | Episode 691 | Reward 52.00 | Epsilon 0.1079
Seed 8 | Episode 692 | Reward 56.00 | Epsilon 0.1077
Seed 8 | Episode 693 | Reward 53.00 | Epsilon 0.1076
Seed 8 | Episode 694 | Reward 58.00 | Epsilon 0.1074
Seed 8 | Episode 695 | Reward 52.00 | Epsilon 0.1073
Seed 8 | Episode 696 | Reward 58.00 | Epsilon 0.1071
Seed 8 | Episode 697 | Reward 54.00 | Epsilon 0.1070
Seed 8 | Episode 698 | Reward 47.00 | Epsilon 0.1068
Seed 8 | Episode 699 | Reward 59.00 | Epsilon 0.1067
Seed 8 | Episode 700 | Reward 44.00 | Epsilon 0.1065
Seed 8 | Episode 701 | Reward 62.00 | Epsilon 0.1064
Seed 8 | Episode 702 | Reward 50.00 | Epsilon 0.1062
Seed 8 | Episode 703 | Reward 55.00 | Epsilon 0.1060
Seed 8 | Episode 704 | Reward 47.00 | Epsilon 0.1059
Seed 8 | Episode 705 | Reward 53.00 | Epsilon 0.1057
Seed 8 | Episode 706 | Reward 60.00 | Epsilon 0.1056
Seed 8 | Episode 707 | Reward 62.00 | Epsilon 0.1055
Seed 8 | Episode 708 | Reward 57.00 | Epsilon 0.1053
Seed 8 | Episode 709 | Reward 44.00 | Epsilon 0.1051
Seed 8 | Episode 710 | Reward 30.00 | Epsilon 0.1049
Seed 8 | Episode 711 | Reward 63.00 | Epsilon 0.1048
Seed 8 | Episode 712 | Reward 45.00 | Epsilon 0.1046
Seed 8 | Episode 713 | Reward 45.00 | Epsilon 0.1045
Seed 8 | Episode 714 | Reward 47.00 | Epsilon 0.1043
Seed 8 | Episode 715 | Reward 61.00 | Epsilon 0.1042
Seed 8 | Episode 716 | Reward 52.00 | Epsilon 0.1040
Seed 8 | Episode 717 | Reward 62.00 | Epsilon 0.1039
Seed 8 | Episode 718 | Reward 47.00 | Epsilon 0.1037
Seed 8 | Episode 719 | Reward 46.00 | Epsilon 0.1035
Seed 8 | Episode 720 | Reward 51.00 | Epsilon 0.1034
Seed 8 | Episode 721 | Reward 62.00 | Epsilon 0.1033
Seed 8 | Episode 722 | Reward 40.00 | Epsilon 0.1031
Seed 8 | Episode 723 | Reward 45.00 | Epsilon 0.1029
Seed 8 | Episode 724 | Reward 50.00 | Epsilon 0.1027
Seed 8 | Episode 725 | Reward 49.00 | Epsilon 0.1026
Seed 8 | Episode 726 | Reward 55.00 | Epsilon 0.1024
Seed 8 | Episode 727 | Reward 49.00 | Epsilon 0.1023
Seed 8 | Episode 728 | Reward 50.00 | Epsilon 0.1021
Seed 8 | Episode 729 | Reward 58.00 | Epsilon 0.1020
Seed 8 | Episode 730 | Reward 34.00 | Epsilon 0.1018
Seed 8 | Episode 731 | Reward 47.00 | Epsilon 0.1016
Seed 8 | Episode 732 | Reward 47.00 | Epsilon 0.1015
Seed 8 | Episode 733 | Reward 53.00 | Epsilon 0.1013
Seed 8 | Episode 734 | Reward 45.00 | Epsilon 0.1011
Seed 8 | Episode 735 | Reward 59.00 | Epsilon 0.1010
Seed 8 | Episode 736 | Reward 56.00 | Epsilon 0.1009
Seed 8 | Episode 737 | Reward 64.00 | Epsilon 0.1008
Seed 8 | Episode 738 | Reward 51.00 | Epsilon 0.1006
Seed 8 | Episode 739 | Reward 51.00 | Epsilon 0.1005
Seed 8 | Episode 740 | Reward 38.00 | Epsilon 0.1003
Seed 8 | Episode 741 | Reward 54.00 | Epsilon 0.1001
Seed 8 | Episode 742 | Reward 39.00 | Epsilon 0.1000
Seed 8 | Episode 743 | Reward 51.00 | Epsilon 0.0998
Seed 8 | Episode 744 | Reward 49.00 | Epsilon 0.0996
Seed 8 | Episode 745 | Reward 50.00 | Epsilon 0.0995
Seed 8 | Episode 746 | Reward 54.00 | Epsilon 0.0994
Seed 8 | Episode 747 | Reward 58.00 | Epsilon 0.0992
Seed 8 | Episode 748 | Reward 38.00 | Epsilon 0.0990
Seed 8 | Episode 749 | Reward 62.00 | Epsilon 0.0989
Seed 8 | Episode 750 | Reward 61.00 | Epsilon 0.0988
Seed 8 | Episode 751 | Reward 53.00 | Epsilon 0.0987
Seed 8 | Episode 752 | Reward 56.00 | Epsilon 0.0985
Seed 8 | Episode 753 | Reward 62.00 | Epsilon 0.0984
Seed 8 | Episode 754 | Reward 53.00 | Epsilon 0.0983
Seed 8 | Episode 755 | Reward 63.00 | Epsilon 0.0982
Seed 8 | Episode 756 | Reward 55.00 | Epsilon 0.0980
Seed 8 | Episode 757 | Reward 58.00 | Epsilon 0.0979
Seed 8 | Episode 758 | Reward 57.00 | Epsilon 0.0978
Seed 8 | Episode 759 | Reward 59.00 | Epsilon 0.0976
Seed 8 | Episode 760 | Reward 55.00 | Epsilon 0.0975
Seed 8 | Episode 761 | Reward 49.00 | Epsilon 0.0974
Seed 8 | Episode 762 | Reward 40.00 | Epsilon 0.0972
Seed 8 | Episode 763 | Reward 46.00 | Epsilon 0.0970
Seed 8 | Episode 764 | Reward 62.00 | Epsilon 0.0969
Seed 8 | Episode 765 | Reward 54.00 | Epsilon 0.0968
Seed 8 | Episode 766 | Reward 47.00 | Epsilon 0.0966
Seed 8 | Episode 767 | Reward 56.00 | Epsilon 0.0965
Seed 8 | Episode 768 | Reward 52.00 | Epsilon 0.0963
Seed 8 | Episode 769 | Reward 44.00 | Epsilon 0.0962
Seed 8 | Episode 770 | Reward 49.00 | Epsilon 0.0960
Seed 8 | Episode 771 | Reward 44.00 | Epsilon 0.0959
Seed 8 | Episode 772 | Reward 52.00 | Epsilon 0.0957
Seed 8 | Episode 773 | Reward 44.00 | Epsilon 0.0956
Seed 8 | Episode 774 | Reward 55.00 | Epsilon 0.0954
Seed 8 | Episode 775 | Reward 55.00 | Epsilon 0.0953
Seed 8 | Episode 776 | Reward 56.00 | Epsilon 0.0952
Seed 8 | Episode 777 | Reward 49.00 | Epsilon 0.0950
Seed 8 | Episode 778 | Reward 60.00 | Epsilon 0.0949
Seed 8 | Episode 779 | Reward 63.00 | Epsilon 0.0948
Seed 8 | Episode 780 | Reward 54.00 | Epsilon 0.0947
Seed 8 | Episode 781 | Reward 55.00 | Epsilon 0.0945
Seed 8 | Episode 782 | Reward 49.00 | Epsilon 0.0944
Seed 8 | Episode 783 | Reward 55.00 | Epsilon 0.0943
Seed 8 | Episode 784 | Reward 60.00 | Epsilon 0.0941
Seed 8 | Episode 785 | Reward 58.00 | Epsilon 0.0940
Seed 8 | Episode 786 | Reward 55.00 | Epsilon 0.0939
Seed 8 | Episode 787 | Reward 52.00 | Epsilon 0.0937
Seed 8 | Episode 788 | Reward 51.00 | Epsilon 0.0936
Seed 8 | Episode 789 | Reward 46.00 | Epsilon 0.0935
Seed 8 | Episode 790 | Reward 45.00 | Epsilon 0.0933
Seed 8 | Episode 791 | Reward 54.00 | Epsilon 0.0932
Seed 8 | Episode 792 | Reward 49.00 | Epsilon 0.0930
Seed 8 | Episode 793 | Reward 43.00 | Epsilon 0.0929
Seed 8 | Episode 794 | Reward 54.00 | Epsilon 0.0927
Seed 8 | Episode 795 | Reward 59.00 | Epsilon 0.0926
Seed 8 | Episode 796 | Reward 35.00 | Epsilon 0.0924
Seed 8 | Episode 797 | Reward 54.00 | Epsilon 0.0923
Seed 8 | Episode 798 | Reward 57.00 | Epsilon 0.0922
Seed 8 | Episode 799 | Reward 40.00 | Epsilon 0.0920
Seed 8 | Episode 800 | Reward 49.00 | Epsilon 0.0919
Seed 8 | Episode 801 | Reward 47.00 | Epsilon 0.0917
Seed 8 | Episode 802 | Reward 65.00 | Epsilon 0.0916
Seed 8 | Episode 803 | Reward 42.00 | Epsilon 0.0915
Seed 8 | Episode 804 | Reward 45.00 | Epsilon 0.0913
Seed 8 | Episode 805 | Reward 54.00 | Epsilon 0.0912
Seed 8 | Episode 806 | Reward 39.00 | Epsilon 0.0910
Seed 8 | Episode 807 | Reward 61.00 | Epsilon 0.0909
Seed 8 | Episode 808 | Reward 63.00 | Epsilon 0.0908
Seed 8 | Episode 809 | Reward 58.00 | Epsilon 0.0907
Seed 8 | Episode 810 | Reward 61.00 | Epsilon 0.0906
Seed 8 | Episode 811 | Reward 48.00 | Epsilon 0.0904
Seed 8 | Episode 812 | Reward 50.00 | Epsilon 0.0903
Seed 8 | Episode 813 | Reward 53.00 | Epsilon 0.0902
Seed 8 | Episode 814 | Reward 55.00 | Epsilon 0.0900
Seed 8 | Episode 815 | Reward 48.00 | Epsilon 0.0899
Seed 8 | Episode 816 | Reward 56.00 | Epsilon 0.0898
Seed 8 | Episode 817 | Reward 43.00 | Epsilon 0.0896
Seed 8 | Episode 818 | Reward 44.00 | Epsilon 0.0895
Seed 8 | Episode 819 | Reward 56.00 | Epsilon 0.0893
Seed 8 | Episode 820 | Reward 59.00 | Epsilon 0.0892
Seed 8 | Episode 821 | Reward 63.00 | Epsilon 0.0891
Seed 8 | Episode 822 | Reward 55.00 | Epsilon 0.0890
Seed 8 | Episode 823 | Reward 35.00 | Epsilon 0.0888
Seed 8 | Episode 824 | Reward 50.00 | Epsilon 0.0887
Seed 8 | Episode 825 | Reward 50.00 | Epsilon 0.0886
Seed 8 | Episode 826 | Reward 54.00 | Epsilon 0.0884
Seed 8 | Episode 827 | Reward 28.00 | Epsilon 0.0882
Seed 8 | Episode 828 | Reward 52.00 | Epsilon 0.0881
Seed 8 | Episode 829 | Reward 50.00 | Epsilon 0.0880
Seed 8 | Episode 830 | Reward 54.00 | Epsilon 0.0878
Seed 8 | Episode 831 | Reward 55.00 | Epsilon 0.0877
Seed 8 | Episode 832 | Reward 62.00 | Epsilon 0.0876
Seed 8 | Episode 833 | Reward 56.00 | Epsilon 0.0875
Seed 8 | Episode 834 | Reward 51.00 | Epsilon 0.0874
Seed 8 | Episode 835 | Reward 55.00 | Epsilon 0.0873
Seed 8 | Episode 836 | Reward 55.00 | Epsilon 0.0871
Seed 8 | Episode 837 | Reward 58.00 | Epsilon 0.0870
Seed 8 | Episode 838 | Reward 55.00 | Epsilon 0.0869
Seed 8 | Episode 839 | Reward 56.00 | Epsilon 0.0868
Seed 8 | Episode 840 | Reward 61.00 | Epsilon 0.0867
Seed 8 | Episode 841 | Reward 53.00 | Epsilon 0.0866
Seed 8 | Episode 842 | Reward 55.00 | Epsilon 0.0864
Seed 8 | Episode 843 | Reward 50.00 | Epsilon 0.0863
Seed 8 | Episode 844 | Reward 57.00 | Epsilon 0.0862
Seed 8 | Episode 845 | Reward 51.00 | Epsilon 0.0861
Seed 8 | Episode 846 | Reward 62.00 | Epsilon 0.0860
Seed 8 | Episode 847 | Reward 63.00 | Epsilon 0.0859
Seed 8 | Episode 848 | Reward 49.00 | Epsilon 0.0857
Seed 8 | Episode 849 | Reward 53.00 | Epsilon 0.0856
Seed 8 | Episode 850 | Reward 59.00 | Epsilon 0.0855
Seed 8 | Episode 851 | Reward 51.00 | Epsilon 0.0854
Seed 8 | Episode 852 | Reward 57.00 | Epsilon 0.0853
Seed 8 | Episode 853 | Reward 51.00 | Epsilon 0.0851
Seed 8 | Episode 854 | Reward 61.00 | Epsilon 0.0850
Seed 8 | Episode 855 | Reward 56.00 | Epsilon 0.0849
Seed 8 | Episode 856 | Reward 54.00 | Epsilon 0.0848
Seed 8 | Episode 857 | Reward 46.00 | Epsilon 0.0846
Seed 8 | Episode 858 | Reward 57.00 | Epsilon 0.0845
Seed 8 | Episode 859 | Reward 48.00 | Epsilon 0.0844
Seed 8 | Episode 860 | Reward 49.00 | Epsilon 0.0843
Seed 8 | Episode 861 | Reward 38.00 | Epsilon 0.0841
Seed 8 | Episode 862 | Reward 54.00 | Epsilon 0.0840
Seed 8 | Episode 863 | Reward 59.00 | Epsilon 0.0839
Seed 8 | Episode 864 | Reward 63.00 | Epsilon 0.0838
Seed 8 | Episode 865 | Reward 37.00 | Epsilon 0.0836
Seed 8 | Episode 866 | Reward 50.00 | Epsilon 0.0835
Seed 8 | Episode 867 | Reward 53.00 | Epsilon 0.0834
Seed 8 | Episode 868 | Reward 51.00 | Epsilon 0.0833
Seed 8 | Episode 869 | Reward 52.00 | Epsilon 0.0831
Seed 8 | Episode 870 | Reward 49.00 | Epsilon 0.0830
Seed 8 | Episode 871 | Reward 43.00 | Epsilon 0.0829
Seed 8 | Episode 872 | Reward 54.00 | Epsilon 0.0827
Seed 8 | Episode 873 | Reward 63.00 | Epsilon 0.0827
Seed 8 | Episode 874 | Reward 21.00 | Epsilon 0.0825
Seed 8 | Episode 875 | Reward -12.00 | Epsilon 0.0822
Seed 8 | Episode 876 | Reward 50.00 | Epsilon 0.0820
Seed 8 | Episode 877 | Reward 51.00 | Epsilon 0.0819
Seed 8 | Episode 878 | Reward 56.00 | Epsilon 0.0818
Seed 8 | Episode 879 | Reward 56.00 | Epsilon 0.0817
Seed 8 | Episode 880 | Reward 44.00 | Epsilon 0.0816
Seed 8 | Episode 881 | Reward 57.00 | Epsilon 0.0815
Seed 8 | Episode 882 | Reward 58.00 | Epsilon 0.0814
Seed 8 | Episode 883 | Reward 48.00 | Epsilon 0.0812
Seed 8 | Episode 884 | Reward 47.00 | Epsilon 0.0811
Seed 8 | Episode 885 | Reward 66.00 | Epsilon 0.0810
Seed 8 | Episode 886 | Reward 52.00 | Epsilon 0.0809
Seed 8 | Episode 887 | Reward 56.00 | Epsilon 0.0808
Seed 8 | Episode 888 | Reward 52.00 | Epsilon 0.0807
Seed 8 | Episode 889 | Reward 53.00 | Epsilon 0.0805
Seed 8 | Episode 890 | Reward 42.00 | Epsilon 0.0804
Seed 8 | Episode 891 | Reward 53.00 | Epsilon 0.0803
Seed 8 | Episode 892 | Reward 53.00 | Epsilon 0.0802
Seed 8 | Episode 893 | Reward 64.00 | Epsilon 0.0801
Seed 8 | Episode 894 | Reward 46.00 | Epsilon 0.0799
Seed 8 | Episode 895 | Reward 64.00 | Epsilon 0.0799
Seed 8 | Episode 896 | Reward 48.00 | Epsilon 0.0797
Seed 8 | Episode 897 | Reward 13.00 | Epsilon 0.0795
Seed 8 | Episode 898 | Reward 50.00 | Epsilon 0.0794
Seed 8 | Episode 899 | Reward 58.00 | Epsilon 0.0793
Seed 8 | Episode 900 | Reward 60.00 | Epsilon 0.0792
Seed 8 | Episode 901 | Reward 43.00 | Epsilon 0.0791
Seed 8 | Episode 902 | Reward 46.00 | Epsilon 0.0789
Seed 8 | Episode 903 | Reward 54.00 | Epsilon 0.0788
Seed 8 | Episode 904 | Reward 51.00 | Epsilon 0.0787
Seed 8 | Episode 905 | Reward 57.00 | Epsilon 0.0786
Seed 8 | Episode 906 | Reward 50.00 | Epsilon 0.0785
Seed 8 | Episode 907 | Reward 60.00 | Epsilon 0.0784
Seed 8 | Episode 908 | Reward 50.00 | Epsilon 0.0783
Seed 8 | Episode 909 | Reward 60.00 | Epsilon 0.0782
Seed 8 | Episode 910 | Reward 56.00 | Epsilon 0.0781
Seed 8 | Episode 911 | Reward 48.00 | Epsilon 0.0779
Seed 8 | Episode 912 | Reward 59.00 | Epsilon 0.0778
Seed 8 | Episode 913 | Reward 44.00 | Epsilon 0.0777
Seed 8 | Episode 914 | Reward 44.00 | Epsilon 0.0776
Seed 8 | Episode 915 | Reward 65.00 | Epsilon 0.0775
Seed 8 | Episode 916 | Reward 53.00 | Epsilon 0.0774
Seed 8 | Episode 917 | Reward 65.00 | Epsilon 0.0773
Seed 8 | Episode 918 | Reward 58.00 | Epsilon 0.0772
Seed 8 | Episode 919 | Reward 52.00 | Epsilon 0.0771
Seed 8 | Episode 920 | Reward 64.00 | Epsilon 0.0770
Seed 8 | Episode 921 | Reward 16.00 | Epsilon 0.0768
Seed 8 | Episode 922 | Reward 60.00 | Epsilon 0.0767
Seed 8 | Episode 923 | Reward 46.00 | Epsilon 0.0766
Seed 8 | Episode 924 | Reward 56.00 | Epsilon 0.0765
Seed 8 | Episode 925 | Reward 49.00 | Epsilon 0.0764
Seed 8 | Episode 926 | Reward 57.00 | Epsilon 0.0763
Seed 8 | Episode 927 | Reward 51.00 | Epsilon 0.0761
Seed 8 | Episode 928 | Reward 55.00 | Epsilon 0.0760
Seed 8 | Episode 929 | Reward 62.00 | Epsilon 0.0759
Seed 8 | Episode 930 | Reward 57.00 | Epsilon 0.0758
Seed 8 | Episode 931 | Reward 52.00 | Epsilon 0.0757
Seed 8 | Episode 932 | Reward 60.00 | Epsilon 0.0756
Seed 8 | Episode 933 | Reward 43.00 | Epsilon 0.0755
Seed 8 | Episode 934 | Reward 44.00 | Epsilon 0.0754
Seed 8 | Episode 935 | Reward 58.00 | Epsilon 0.0753
Seed 8 | Episode 936 | Reward 47.00 | Epsilon 0.0752
Seed 8 | Episode 937 | Reward 57.00 | Epsilon 0.0751
Seed 8 | Episode 938 | Reward 47.00 | Epsilon 0.0749
Seed 8 | Episode 939 | Reward 44.00 | Epsilon 0.0748
Seed 8 | Episode 940 | Reward 59.00 | Epsilon 0.0747
Seed 8 | Episode 941 | Reward 54.00 | Epsilon 0.0746
Seed 8 | Episode 942 | Reward 61.00 | Epsilon 0.0745
Seed 8 | Episode 943 | Reward -3.00 | Epsilon 0.0743
Seed 8 | Episode 944 | Reward 61.00 | Epsilon 0.0742
Seed 8 | Episode 945 | Reward 50.00 | Epsilon 0.0741
Seed 8 | Episode 946 | Reward 55.00 | Epsilon 0.0740
Seed 8 | Episode 947 | Reward 61.00 | Epsilon 0.0739
Seed 8 | Episode 948 | Reward 51.00 | Epsilon 0.0738
Seed 8 | Episode 949 | Reward 28.00 | Epsilon 0.0736
Seed 8 | Episode 950 | Reward 48.00 | Epsilon 0.0735
Seed 8 | Episode 951 | Reward 45.00 | Epsilon 0.0734
Seed 8 | Episode 952 | Reward 60.00 | Epsilon 0.0733
Seed 8 | Episode 953 | Reward 62.00 | Epsilon 0.0732
Seed 8 | Episode 954 | Reward 56.00 | Epsilon 0.0731
Seed 8 | Episode 955 | Reward 45.00 | Epsilon 0.0730
Seed 8 | Episode 956 | Reward 49.00 | Epsilon 0.0729
Seed 8 | Episode 957 | Reward 62.00 | Epsilon 0.0728
Seed 8 | Episode 958 | Reward 53.00 | Epsilon 0.0727
Seed 8 | Episode 959 | Reward 47.00 | Epsilon 0.0726
Seed 8 | Episode 960 | Reward 48.00 | Epsilon 0.0725
Seed 8 | Episode 961 | Reward 55.00 | Epsilon 0.0724
Seed 8 | Episode 962 | Reward 47.00 | Epsilon 0.0722
Seed 8 | Episode 963 | Reward 52.00 | Epsilon 0.0721
Seed 8 | Episode 964 | Reward 57.00 | Epsilon 0.0720
Seed 8 | Episode 965 | Reward 57.00 | Epsilon 0.0719
Seed 8 | Episode 966 | Reward 53.00 | Epsilon 0.0718
Seed 8 | Episode 967 | Reward 48.00 | Epsilon 0.0717
Seed 8 | Episode 968 | Reward 56.00 | Epsilon 0.0716
Seed 8 | Episode 969 | Reward 18.00 | Epsilon 0.0714
Seed 8 | Episode 970 | Reward 15.00 | Epsilon 0.0713
Seed 8 | Episode 971 | Reward 65.00 | Epsilon 0.0712
Seed 8 | Episode 972 | Reward 16.00 | Epsilon 0.0710
Seed 8 | Episode 973 | Reward 59.00 | Epsilon 0.0709
Seed 8 | Episode 974 | Reward -5.00 | Epsilon 0.0707
Seed 8 | Episode 975 | Reward 49.00 | Epsilon 0.0706
Seed 8 | Episode 976 | Reward 51.00 | Epsilon 0.0705
Seed 8 | Episode 977 | Reward 54.00 | Epsilon 0.0704
Seed 8 | Episode 978 | Reward 57.00 | Epsilon 0.0703
Seed 8 | Episode 979 | Reward 61.00 | Epsilon 0.0702
Seed 8 | Episode 980 | Reward 53.00 | Epsilon 0.0701
Seed 8 | Episode 981 | Reward -52.00 | Epsilon 0.0698
Seed 8 | Episode 982 | Reward 60.00 | Epsilon 0.0697
Seed 8 | Episode 983 | Reward -7.00 | Epsilon 0.0695
Seed 8 | Episode 984 | Reward 62.00 | Epsilon 0.0694
Seed 8 | Episode 985 | Reward 59.00 | Epsilon 0.0693
Seed 8 | Episode 986 | Reward 14.00 | Epsilon 0.0691
Seed 8 | Episode 987 | Reward 53.00 | Epsilon 0.0690
Seed 8 | Episode 988 | Reward 52.00 | Epsilon 0.0689
Seed 8 | Episode 989 | Reward 63.00 | Epsilon 0.0688
Seed 8 | Episode 990 | Reward 54.00 | Epsilon 0.0687
Seed 8 | Episode 991 | Reward 59.00 | Epsilon 0.0687
Seed 8 | Episode 992 | Reward -32.00 | Epsilon 0.0684
Seed 8 | Episode 993 | Reward 31.00 | Epsilon 0.0682
Seed 8 | Episode 994 | Reward 59.00 | Epsilon 0.0682
Seed 8 | Episode 995 | Reward 47.00 | Epsilon 0.0680
Seed 8 | Episode 996 | Reward 62.00 | Epsilon 0.0680
Seed 8 | Episode 997 | Reward 63.00 | Epsilon 0.0679
Seed 8 | Episode 998 | Reward 60.00 | Epsilon 0.0678
Seed 8 | Episode 999 | Reward 31.00 | Epsilon 0.0677
Finished seed 8
