starting job
Sun Dec  7 20:04:44 2025       
+-----------------------------------------------------------------------------------------+
| NVIDIA-SMI 580.65.06              Driver Version: 580.65.06      CUDA Version: 13.0     |
+-----------------------------------------+------------------------+----------------------+
| GPU  Name                 Persistence-M | Bus-Id          Disp.A | Volatile Uncorr. ECC |
| Fan  Temp   Perf          Pwr:Usage/Cap |           Memory-Usage | GPU-Util  Compute M. |
|                                         |                        |               MIG M. |
|=========================================+========================+======================|
|   0  NVIDIA H100 80GB HBM3          On  |   00000000:46:00.0 Off |                   On |
| N/A   52C    P0            455W /  700W |   27880MiB /  81559MiB |     N/A      Default |
|                                         |                        |              Enabled |
+-----------------------------------------+------------------------+----------------------+

+-----------------------------------------------------------------------------------------+
| MIG devices:                                                                            |
+------------------+----------------------------------+-----------+-----------------------+
| GPU  GI  CI  MIG |              Shared Memory-Usage |        Vol|        Shared         |
|      ID  ID  Dev |                Shared BAR1-Usage | SM     Unc| CE ENC  DEC  OFA  JPG |
|                  |                                  |        ECC|                       |
|==================+==================================+===========+=======================|
|  0    9   0   0  |              15MiB /  9984MiB    | 16      0 |  1   0    1    0    1 |
|                  |               0MiB /  6185MiB    |           |                       |
+------------------+----------------------------------+-----------+-----------------------+

+-----------------------------------------------------------------------------------------+
| Processes:                                                                              |
|  GPU   GI   CI              PID   Type   Process name                        GPU Memory |
|        ID   ID                                                               Usage      |
|=========================================================================================|
|  No running processes found                                                             |
+-----------------------------------------------------------------------------------------+
Running seed 1
Gym has been unmaintained since 2022 and does not support NumPy 2.0 amongst other critical functionality.
Please upgrade to Gymnasium, the maintained drop-in replacement of Gym, or contact the authors of your software and request that they upgrade.
Users of this version of Gym should be able to simply replace 'import gym' with 'import gymnasium as gym' in the vast majority of cases.
See the migration guide at https://gymnasium.farama.org/introduction/migration_guide/ for additional information.
Seed 1 | Episode 0 | Reward -300.00 | Epsilon 0.9987
Seed 1 | Episode 1 | Reward -300.00 | Epsilon 0.9897
Seed 1 | Episode 2 | Reward -300.00 | Epsilon 0.9808
Seed 1 | Episode 3 | Reward -300.00 | Epsilon 0.9720
Seed 1 | Episode 4 | Reward -300.00 | Epsilon 0.9633
Seed 1 | Episode 5 | Reward -300.00 | Epsilon 0.9547
Seed 1 | Episode 6 | Reward -300.00 | Epsilon 0.9462
Seed 1 | Episode 7 | Reward -300.00 | Epsilon 0.9377
Seed 1 | Episode 8 | Reward -300.00 | Epsilon 0.9293
Seed 1 | Episode 9 | Reward -300.00 | Epsilon 0.9209
Seed 1 | Episode 10 | Reward -300.00 | Epsilon 0.9127
Seed 1 | Episode 11 | Reward -300.00 | Epsilon 0.9045
Seed 1 | Episode 12 | Reward -300.00 | Epsilon 0.8964
Seed 1 | Episode 13 | Reward -300.00 | Epsilon 0.8884
Seed 1 | Episode 14 | Reward -300.00 | Epsilon 0.8804
Seed 1 | Episode 15 | Reward -300.00 | Epsilon 0.8725
Seed 1 | Episode 16 | Reward -300.00 | Epsilon 0.8647
Seed 1 | Episode 17 | Reward -300.00 | Epsilon 0.8570
Seed 1 | Episode 18 | Reward -300.00 | Epsilon 0.8493
Seed 1 | Episode 19 | Reward -300.00 | Epsilon 0.8417
Seed 1 | Episode 20 | Reward -300.00 | Epsilon 0.8341
Seed 1 | Episode 21 | Reward -300.00 | Epsilon 0.8267
Seed 1 | Episode 22 | Reward -300.00 | Epsilon 0.8193
Seed 1 | Episode 23 | Reward -300.00 | Epsilon 0.8119
Seed 1 | Episode 24 | Reward -300.00 | Epsilon 0.8046
Seed 1 | Episode 25 | Reward -300.00 | Epsilon 0.7974
Seed 1 | Episode 26 | Reward -300.00 | Epsilon 0.7903
Seed 1 | Episode 27 | Reward -300.00 | Epsilon 0.7832
Seed 1 | Episode 28 | Reward -300.00 | Epsilon 0.7762
Seed 1 | Episode 29 | Reward -300.00 | Epsilon 0.7692
Seed 1 | Episode 30 | Reward -300.00 | Epsilon 0.7623
Seed 1 | Episode 31 | Reward -300.00 | Epsilon 0.7555
Seed 1 | Episode 32 | Reward -300.00 | Epsilon 0.7487
Seed 1 | Episode 33 | Reward -300.00 | Epsilon 0.7420
Seed 1 | Episode 34 | Reward -300.00 | Epsilon 0.7354
Seed 1 | Episode 35 | Reward -300.00 | Epsilon 0.7288
Seed 1 | Episode 36 | Reward -300.00 | Epsilon 0.7223
Seed 1 | Episode 37 | Reward -300.00 | Epsilon 0.7158
Seed 1 | Episode 38 | Reward -300.00 | Epsilon 0.7094
Seed 1 | Episode 39 | Reward -300.00 | Epsilon 0.7030
Seed 1 | Episode 40 | Reward -300.00 | Epsilon 0.6967
Seed 1 | Episode 41 | Reward -300.00 | Epsilon 0.6905
Seed 1 | Episode 42 | Reward -300.00 | Epsilon 0.6843
Seed 1 | Episode 43 | Reward -300.00 | Epsilon 0.6782
Seed 1 | Episode 44 | Reward -300.00 | Epsilon 0.6721
Seed 1 | Episode 45 | Reward -300.00 | Epsilon 0.6661
Seed 1 | Episode 46 | Reward -300.00 | Epsilon 0.6601
Seed 1 | Episode 47 | Reward -300.00 | Epsilon 0.6542
Seed 1 | Episode 48 | Reward -300.00 | Epsilon 0.6483
Seed 1 | Episode 49 | Reward -6.00 | Epsilon 0.6463
Seed 1 | Episode 50 | Reward -300.00 | Epsilon 0.6405
Seed 1 | Episode 51 | Reward -300.00 | Epsilon 0.6347
Seed 1 | Episode 52 | Reward -300.00 | Epsilon 0.6290
Seed 1 | Episode 53 | Reward -300.00 | Epsilon 0.6234
Seed 1 | Episode 54 | Reward -300.00 | Epsilon 0.6178
Seed 1 | Episode 55 | Reward -300.00 | Epsilon 0.6123
Seed 1 | Episode 56 | Reward -300.00 | Epsilon 0.6068
Seed 1 | Episode 57 | Reward -300.00 | Epsilon 0.6014
Seed 1 | Episode 58 | Reward -300.00 | Epsilon 0.5960
Seed 1 | Episode 59 | Reward -300.00 | Epsilon 0.5906
Seed 1 | Episode 60 | Reward -300.00 | Epsilon 0.5853
Seed 1 | Episode 61 | Reward -300.00 | Epsilon 0.5801
Seed 1 | Episode 62 | Reward -300.00 | Epsilon 0.5749
Seed 1 | Episode 63 | Reward -300.00 | Epsilon 0.5697
Seed 1 | Episode 64 | Reward -300.00 | Epsilon 0.5646
Seed 1 | Episode 65 | Reward -300.00 | Epsilon 0.5596
Seed 1 | Episode 66 | Reward -300.00 | Epsilon 0.5546
Seed 1 | Episode 67 | Reward -300.00 | Epsilon 0.5496
Seed 1 | Episode 68 | Reward -300.00 | Epsilon 0.5447
Seed 1 | Episode 69 | Reward -300.00 | Epsilon 0.5398
Seed 1 | Episode 70 | Reward -300.00 | Epsilon 0.5350
Seed 1 | Episode 71 | Reward -300.00 | Epsilon 0.5302
Seed 1 | Episode 72 | Reward -300.00 | Epsilon 0.5254
Seed 1 | Episode 73 | Reward -300.00 | Epsilon 0.5207
Seed 1 | Episode 74 | Reward -300.00 | Epsilon 0.5160
Seed 1 | Episode 75 | Reward -300.00 | Epsilon 0.5114
Seed 1 | Episode 76 | Reward -300.00 | Epsilon 0.5068
Seed 1 | Episode 77 | Reward -300.00 | Epsilon 0.5023
Seed 1 | Episode 78 | Reward -300.00 | Epsilon 0.4978
Seed 1 | Episode 79 | Reward -300.00 | Epsilon 0.4933
Seed 1 | Episode 80 | Reward -300.00 | Epsilon 0.4889
Seed 1 | Episode 81 | Reward -300.00 | Epsilon 0.4845
Seed 1 | Episode 82 | Reward -300.00 | Epsilon 0.4802
Seed 1 | Episode 83 | Reward -300.00 | Epsilon 0.4759
Seed 1 | Episode 84 | Reward -300.00 | Epsilon 0.4716
Seed 1 | Episode 85 | Reward -300.00 | Epsilon 0.4674
Seed 1 | Episode 86 | Reward -300.00 | Epsilon 0.4632
Seed 1 | Episode 87 | Reward -300.00 | Epsilon 0.4591
Seed 1 | Episode 88 | Reward -300.00 | Epsilon 0.4549
Seed 1 | Episode 89 | Reward -300.00 | Epsilon 0.4509
Seed 1 | Episode 90 | Reward -300.00 | Epsilon 0.4468
Seed 1 | Episode 91 | Reward -300.00 | Epsilon 0.4428
Seed 1 | Episode 92 | Reward -300.00 | Epsilon 0.4389
Seed 1 | Episode 93 | Reward -300.00 | Epsilon 0.4349
Seed 1 | Episode 94 | Reward -300.00 | Epsilon 0.4310
Seed 1 | Episode 95 | Reward -300.00 | Epsilon 0.4272
Seed 1 | Episode 96 | Reward -300.00 | Epsilon 0.4233
Seed 1 | Episode 97 | Reward -300.00 | Epsilon 0.4195
Seed 1 | Episode 98 | Reward -300.00 | Epsilon 0.4158
Seed 1 | Episode 99 | Reward -300.00 | Epsilon 0.4121
Seed 1 | Episode 100 | Reward -300.00 | Epsilon 0.4084
Seed 1 | Episode 101 | Reward -300.00 | Epsilon 0.4047
Seed 1 | Episode 102 | Reward -300.00 | Epsilon 0.4011
Seed 1 | Episode 103 | Reward -300.00 | Epsilon 0.3975
Seed 1 | Episode 104 | Reward -300.00 | Epsilon 0.3939
Seed 1 | Episode 105 | Reward -300.00 | Epsilon 0.3904
Seed 1 | Episode 106 | Reward -300.00 | Epsilon 0.3869
Seed 1 | Episode 107 | Reward -300.00 | Epsilon 0.3834
Seed 1 | Episode 108 | Reward -300.00 | Epsilon 0.3800
Seed 1 | Episode 109 | Reward -300.00 | Epsilon 0.3766
Seed 1 | Episode 110 | Reward -300.00 | Epsilon 0.3732
Seed 1 | Episode 111 | Reward -300.00 | Epsilon 0.3699
Seed 1 | Episode 112 | Reward -300.00 | Epsilon 0.3666
Seed 1 | Episode 113 | Reward -300.00 | Epsilon 0.3633
Seed 1 | Episode 114 | Reward -300.00 | Epsilon 0.3600
Seed 1 | Episode 115 | Reward -300.00 | Epsilon 0.3568
Seed 1 | Episode 116 | Reward -300.00 | Epsilon 0.3536
Seed 1 | Episode 117 | Reward -300.00 | Epsilon 0.3504
Seed 1 | Episode 118 | Reward -300.00 | Epsilon 0.3473
Seed 1 | Episode 119 | Reward -300.00 | Epsilon 0.3442
Seed 1 | Episode 120 | Reward -300.00 | Epsilon 0.3411
Seed 1 | Episode 121 | Reward -300.00 | Epsilon 0.3380
Seed 1 | Episode 122 | Reward -300.00 | Epsilon 0.3350
Seed 1 | Episode 123 | Reward -300.00 | Epsilon 0.3320
Seed 1 | Episode 124 | Reward -300.00 | Epsilon 0.3290
Seed 1 | Episode 125 | Reward -300.00 | Epsilon 0.3261
Seed 1 | Episode 126 | Reward -300.00 | Epsilon 0.3232
Seed 1 | Episode 127 | Reward -300.00 | Epsilon 0.3203
Seed 1 | Episode 128 | Reward -300.00 | Epsilon 0.3174
Seed 1 | Episode 129 | Reward -300.00 | Epsilon 0.3146
Seed 1 | Episode 130 | Reward -300.00 | Epsilon 0.3117
Seed 1 | Episode 131 | Reward -300.00 | Epsilon 0.3089
Seed 1 | Episode 132 | Reward -300.00 | Epsilon 0.3062
Seed 1 | Episode 133 | Reward -300.00 | Epsilon 0.3034
Seed 1 | Episode 134 | Reward -300.00 | Epsilon 0.3007
Seed 1 | Episode 135 | Reward -300.00 | Epsilon 0.2980
Seed 1 | Episode 136 | Reward -300.00 | Epsilon 0.2954
Seed 1 | Episode 137 | Reward 21.00 | Epsilon 0.2946
Seed 1 | Episode 138 | Reward -300.00 | Epsilon 0.2920
Seed 1 | Episode 139 | Reward -300.00 | Epsilon 0.2894
Seed 1 | Episode 140 | Reward -300.00 | Epsilon 0.2868
Seed 1 | Episode 141 | Reward -300.00 | Epsilon 0.2842
Seed 1 | Episode 142 | Reward -300.00 | Epsilon 0.2817
Seed 1 | Episode 143 | Reward -300.00 | Epsilon 0.2792
Seed 1 | Episode 144 | Reward -300.00 | Epsilon 0.2767
Seed 1 | Episode 145 | Reward -300.00 | Epsilon 0.2742
Seed 1 | Episode 146 | Reward -300.00 | Epsilon 0.2717
Seed 1 | Episode 147 | Reward -300.00 | Epsilon 0.2693
Seed 1 | Episode 148 | Reward -300.00 | Epsilon 0.2669
Seed 1 | Episode 149 | Reward -300.00 | Epsilon 0.2645
Seed 1 | Episode 150 | Reward -300.00 | Epsilon 0.2621
Seed 1 | Episode 151 | Reward -300.00 | Epsilon 0.2598
Seed 1 | Episode 152 | Reward -300.00 | Epsilon 0.2574
Seed 1 | Episode 153 | Reward -300.00 | Epsilon 0.2551
Seed 1 | Episode 154 | Reward -300.00 | Epsilon 0.2528
Seed 1 | Episode 155 | Reward -300.00 | Epsilon 0.2506
Seed 1 | Episode 156 | Reward -300.00 | Epsilon 0.2483
Seed 1 | Episode 157 | Reward -300.00 | Epsilon 0.2461
Seed 1 | Episode 158 | Reward -300.00 | Epsilon 0.2439
Seed 1 | Episode 159 | Reward -300.00 | Epsilon 0.2417
Seed 1 | Episode 160 | Reward -300.00 | Epsilon 0.2396
Seed 1 | Episode 161 | Reward -300.00 | Epsilon 0.2374
Seed 1 | Episode 162 | Reward -300.00 | Epsilon 0.2353
Seed 1 | Episode 163 | Reward -300.00 | Epsilon 0.2332
Seed 1 | Episode 164 | Reward -300.00 | Epsilon 0.2311
Seed 1 | Episode 165 | Reward -300.00 | Epsilon 0.2290
Seed 1 | Episode 166 | Reward -91.00 | Epsilon 0.2277
Seed 1 | Episode 167 | Reward -300.00 | Epsilon 0.2257
Seed 1 | Episode 168 | Reward 32.00 | Epsilon 0.2252
Seed 1 | Episode 169 | Reward -182.00 | Epsilon 0.2233
Seed 1 | Episode 170 | Reward -300.00 | Epsilon 0.2213
Seed 1 | Episode 171 | Reward -300.00 | Epsilon 0.2193
Seed 1 | Episode 172 | Reward -300.00 | Epsilon 0.2173
Seed 1 | Episode 173 | Reward -300.00 | Epsilon 0.2154
Seed 1 | Episode 174 | Reward -300.00 | Epsilon 0.2135
Seed 1 | Episode 175 | Reward -300.00 | Epsilon 0.2115
Seed 1 | Episode 176 | Reward -300.00 | Epsilon 0.2097
Seed 1 | Episode 177 | Reward -300.00 | Epsilon 0.2078
Seed 1 | Episode 178 | Reward -300.00 | Epsilon 0.2059
Seed 1 | Episode 179 | Reward -300.00 | Epsilon 0.2041
Seed 1 | Episode 180 | Reward -300.00 | Epsilon 0.2022
Seed 1 | Episode 181 | Reward -300.00 | Epsilon 0.2004
Seed 1 | Episode 182 | Reward -300.00 | Epsilon 0.1986
Seed 1 | Episode 183 | Reward -300.00 | Epsilon 0.1969
Seed 1 | Episode 184 | Reward -300.00 | Epsilon 0.1951
Seed 1 | Episode 185 | Reward -90.00 | Epsilon 0.1940
Seed 1 | Episode 186 | Reward -300.00 | Epsilon 0.1922
Seed 1 | Episode 187 | Reward -300.00 | Epsilon 0.1905
Seed 1 | Episode 188 | Reward -300.00 | Epsilon 0.1888
Seed 1 | Episode 189 | Reward -300.00 | Epsilon 0.1871
Seed 1 | Episode 190 | Reward -300.00 | Epsilon 0.1854
Seed 1 | Episode 191 | Reward -21.00 | Epsilon 0.1848
Seed 1 | Episode 192 | Reward -300.00 | Epsilon 0.1831
Seed 1 | Episode 193 | Reward -300.00 | Epsilon 0.1815
Seed 1 | Episode 194 | Reward -300.00 | Epsilon 0.1798
Seed 1 | Episode 195 | Reward -300.00 | Epsilon 0.1782
Seed 1 | Episode 196 | Reward -300.00 | Epsilon 0.1766
Seed 1 | Episode 197 | Reward -300.00 | Epsilon 0.1750
Seed 1 | Episode 198 | Reward -164.00 | Epsilon 0.1737
Seed 1 | Episode 199 | Reward -31.00 | Epsilon 0.1730
Seed 1 | Episode 200 | Reward -118.00 | Epsilon 0.1718
Seed 1 | Episode 201 | Reward -300.00 | Epsilon 0.1703
Seed 1 | Episode 202 | Reward -300.00 | Epsilon 0.1688
Seed 1 | Episode 203 | Reward -300.00 | Epsilon 0.1673
Seed 1 | Episode 204 | Reward -191.00 | Epsilon 0.1658
Seed 1 | Episode 205 | Reward -300.00 | Epsilon 0.1643
Seed 1 | Episode 206 | Reward -300.00 | Epsilon 0.1628
Seed 1 | Episode 207 | Reward -300.00 | Epsilon 0.1614
Seed 1 | Episode 208 | Reward -95.00 | Epsilon 0.1604
Seed 1 | Episode 209 | Reward 27.00 | Epsilon 0.1601
Seed 1 | Episode 210 | Reward -300.00 | Epsilon 0.1587
Seed 1 | Episode 211 | Reward -300.00 | Epsilon 0.1572
Seed 1 | Episode 212 | Reward -300.00 | Epsilon 0.1558
Seed 1 | Episode 213 | Reward -300.00 | Epsilon 0.1544
Seed 1 | Episode 214 | Reward -300.00 | Epsilon 0.1530
Seed 1 | Episode 215 | Reward -300.00 | Epsilon 0.1517
Seed 1 | Episode 216 | Reward -63.00 | Epsilon 0.1509
Seed 1 | Episode 217 | Reward -300.00 | Epsilon 0.1496
Seed 1 | Episode 218 | Reward 34.00 | Epsilon 0.1493
Seed 1 | Episode 219 | Reward -300.00 | Epsilon 0.1479
Seed 1 | Episode 220 | Reward -300.00 | Epsilon 0.1466
Seed 1 | Episode 221 | Reward -300.00 | Epsilon 0.1453
Seed 1 | Episode 222 | Reward -300.00 | Epsilon 0.1440
Seed 1 | Episode 223 | Reward -300.00 | Epsilon 0.1427
Seed 1 | Episode 224 | Reward -300.00 | Epsilon 0.1414
Seed 1 | Episode 225 | Reward -300.00 | Epsilon 0.1402
Seed 1 | Episode 226 | Reward -300.00 | Epsilon 0.1389
Seed 1 | Episode 227 | Reward -300.00 | Epsilon 0.1377
Seed 1 | Episode 228 | Reward -300.00 | Epsilon 0.1364
Seed 1 | Episode 229 | Reward -300.00 | Epsilon 0.1352
Seed 1 | Episode 230 | Reward -300.00 | Epsilon 0.1340
Seed 1 | Episode 231 | Reward -300.00 | Epsilon 0.1328
Seed 1 | Episode 232 | Reward -300.00 | Epsilon 0.1316
Seed 1 | Episode 233 | Reward 2.00 | Epsilon 0.1312
Seed 1 | Episode 234 | Reward 41.00 | Epsilon 0.1310
Seed 1 | Episode 235 | Reward -170.00 | Epsilon 0.1299
Seed 1 | Episode 236 | Reward 40.00 | Epsilon 0.1297
Seed 1 | Episode 237 | Reward 41.00 | Epsilon 0.1294
Seed 1 | Episode 238 | Reward -126.00 | Epsilon 0.1286
Seed 1 | Episode 239 | Reward 39.00 | Epsilon 0.1283
Seed 1 | Episode 240 | Reward 4.00 | Epsilon 0.1280
Seed 1 | Episode 241 | Reward -5.00 | Epsilon 0.1275
Seed 1 | Episode 242 | Reward 44.00 | Epsilon 0.1273
Seed 1 | Episode 243 | Reward -101.00 | Epsilon 0.1266
Seed 1 | Episode 244 | Reward -300.00 | Epsilon 0.1254
Seed 1 | Episode 245 | Reward 42.00 | Epsilon 0.1252
Seed 1 | Episode 246 | Reward -10.00 | Epsilon 0.1248
Seed 1 | Episode 247 | Reward 46.00 | Epsilon 0.1246
Seed 1 | Episode 248 | Reward -6.00 | Epsilon 0.1242
Seed 1 | Episode 249 | Reward 33.00 | Epsilon 0.1239
Seed 1 | Episode 250 | Reward -300.00 | Epsilon 0.1228
Seed 1 | Episode 251 | Reward 50.00 | Epsilon 0.1226
Seed 1 | Episode 252 | Reward 37.00 | Epsilon 0.1224
Seed 1 | Episode 253 | Reward 33.00 | Epsilon 0.1221
Seed 1 | Episode 254 | Reward 56.00 | Epsilon 0.1220
Seed 1 | Episode 255 | Reward -19.00 | Epsilon 0.1215
Seed 1 | Episode 256 | Reward 43.00 | Epsilon 0.1213
Seed 1 | Episode 257 | Reward -193.00 | Epsilon 0.1203
Seed 1 | Episode 258 | Reward 49.00 | Epsilon 0.1201
Seed 1 | Episode 259 | Reward -300.00 | Epsilon 0.1190
Seed 1 | Episode 260 | Reward -300.00 | Epsilon 0.1179
Seed 1 | Episode 261 | Reward -300.00 | Epsilon 0.1169
Seed 1 | Episode 262 | Reward -22.00 | Epsilon 0.1165
Seed 1 | Episode 263 | Reward 49.00 | Epsilon 0.1163
Seed 1 | Episode 264 | Reward -12.00 | Epsilon 0.1159
Seed 1 | Episode 265 | Reward 39.00 | Epsilon 0.1157
Seed 1 | Episode 266 | Reward -300.00 | Epsilon 0.1146
Seed 1 | Episode 267 | Reward 41.00 | Epsilon 0.1144
Seed 1 | Episode 268 | Reward -300.00 | Epsilon 0.1134
Seed 1 | Episode 269 | Reward 54.00 | Epsilon 0.1132
Seed 1 | Episode 270 | Reward -176.00 | Epsilon 0.1123
Seed 1 | Episode 271 | Reward 48.00 | Epsilon 0.1121
Seed 1 | Episode 272 | Reward -126.00 | Epsilon 0.1114
Seed 1 | Episode 273 | Reward 45.00 | Epsilon 0.1112
Seed 1 | Episode 274 | Reward 45.00 | Epsilon 0.1110
Seed 1 | Episode 275 | Reward -102.00 | Epsilon 0.1103
Seed 1 | Episode 276 | Reward -300.00 | Epsilon 0.1093
Seed 1 | Episode 277 | Reward -300.00 | Epsilon 0.1083
Seed 1 | Episode 278 | Reward -300.00 | Epsilon 0.1074
Seed 1 | Episode 279 | Reward 55.00 | Epsilon 0.1072
Seed 1 | Episode 280 | Reward 60.00 | Epsilon 0.1071
Seed 1 | Episode 281 | Reward -74.00 | Epsilon 0.1065
Seed 1 | Episode 282 | Reward -300.00 | Epsilon 0.1056
Seed 1 | Episode 283 | Reward 46.00 | Epsilon 0.1054
Seed 1 | Episode 284 | Reward -10.00 | Epsilon 0.1051
Seed 1 | Episode 285 | Reward -194.00 | Epsilon 0.1041
Seed 1 | Episode 286 | Reward -43.00 | Epsilon 0.1037
Seed 1 | Episode 287 | Reward 49.00 | Epsilon 0.1035
Seed 1 | Episode 288 | Reward -300.00 | Epsilon 0.1026
Seed 1 | Episode 289 | Reward -98.00 | Epsilon 0.1020
Seed 1 | Episode 290 | Reward -300.00 | Epsilon 0.1011
Seed 1 | Episode 291 | Reward -300.00 | Epsilon 0.1002
Seed 1 | Episode 292 | Reward -157.00 | Epsilon 0.0994
Seed 1 | Episode 293 | Reward -128.00 | Epsilon 0.0987
Seed 1 | Episode 294 | Reward -175.00 | Epsilon 0.0979
Seed 1 | Episode 295 | Reward -300.00 | Epsilon 0.0970
Seed 1 | Episode 296 | Reward 36.00 | Epsilon 0.0968
Seed 1 | Episode 297 | Reward -300.00 | Epsilon 0.0960
Seed 1 | Episode 298 | Reward -300.00 | Epsilon 0.0951
Seed 1 | Episode 299 | Reward -3.00 | Epsilon 0.0948
Seed 1 | Episode 300 | Reward 43.00 | Epsilon 0.0946
Seed 1 | Episode 301 | Reward 54.00 | Epsilon 0.0945
Seed 1 | Episode 302 | Reward -119.00 | Epsilon 0.0939
Seed 1 | Episode 303 | Reward 5.00 | Epsilon 0.0936
Seed 1 | Episode 304 | Reward 44.00 | Epsilon 0.0935
Seed 1 | Episode 305 | Reward -135.00 | Epsilon 0.0928
Seed 1 | Episode 306 | Reward -7.00 | Epsilon 0.0925
Seed 1 | Episode 307 | Reward 40.00 | Epsilon 0.0923
Seed 1 | Episode 308 | Reward 51.00 | Epsilon 0.0922
Seed 1 | Episode 309 | Reward 54.00 | Epsilon 0.0921
Seed 1 | Episode 310 | Reward 36.00 | Epsilon 0.0919
Seed 1 | Episode 311 | Reward 61.00 | Epsilon 0.0918
Seed 1 | Episode 312 | Reward 53.00 | Epsilon 0.0916
Seed 1 | Episode 313 | Reward 44.00 | Epsilon 0.0915
Seed 1 | Episode 314 | Reward 47.00 | Epsilon 0.0913
Seed 1 | Episode 315 | Reward 50.00 | Epsilon 0.0912
Seed 1 | Episode 316 | Reward 57.00 | Epsilon 0.0911
Seed 1 | Episode 317 | Reward -25.00 | Epsilon 0.0907
Seed 1 | Episode 318 | Reward 48.00 | Epsilon 0.0906
Seed 1 | Episode 319 | Reward 55.00 | Epsilon 0.0905
Seed 1 | Episode 320 | Reward -67.00 | Epsilon 0.0900
Seed 1 | Episode 321 | Reward 46.00 | Epsilon 0.0899
Seed 1 | Episode 322 | Reward 55.00 | Epsilon 0.0897
Seed 1 | Episode 323 | Reward 53.00 | Epsilon 0.0896
Seed 1 | Episode 324 | Reward 6.00 | Epsilon 0.0893
Seed 1 | Episode 325 | Reward 10.00 | Epsilon 0.0891
Seed 1 | Episode 326 | Reward 51.00 | Epsilon 0.0890
Seed 1 | Episode 327 | Reward 57.00 | Epsilon 0.0889
Seed 1 | Episode 328 | Reward 58.00 | Epsilon 0.0887
Seed 1 | Episode 329 | Reward 55.00 | Epsilon 0.0886
Seed 1 | Episode 330 | Reward 51.00 | Epsilon 0.0885
Seed 1 | Episode 331 | Reward -24.00 | Epsilon 0.0881
Seed 1 | Episode 332 | Reward 47.00 | Epsilon 0.0880
Seed 1 | Episode 333 | Reward 46.00 | Epsilon 0.0879
Seed 1 | Episode 334 | Reward 44.00 | Epsilon 0.0877
Seed 1 | Episode 335 | Reward 53.00 | Epsilon 0.0876
Seed 1 | Episode 336 | Reward -14.00 | Epsilon 0.0873
Seed 1 | Episode 337 | Reward 48.00 | Epsilon 0.0871
Seed 1 | Episode 338 | Reward 42.00 | Epsilon 0.0870
Seed 1 | Episode 339 | Reward 56.00 | Epsilon 0.0869
Seed 1 | Episode 340 | Reward 20.00 | Epsilon 0.0867
Seed 1 | Episode 341 | Reward 52.00 | Epsilon 0.0865
Seed 1 | Episode 342 | Reward 60.00 | Epsilon 0.0864
Seed 1 | Episode 343 | Reward 40.00 | Epsilon 0.0863
Seed 1 | Episode 344 | Reward 30.00 | Epsilon 0.0861
Seed 1 | Episode 345 | Reward -70.00 | Epsilon 0.0856
Seed 1 | Episode 346 | Reward 55.00 | Epsilon 0.0855
Seed 1 | Episode 347 | Reward 61.00 | Epsilon 0.0854
Seed 1 | Episode 348 | Reward -17.00 | Epsilon 0.0851
Seed 1 | Episode 349 | Reward -68.00 | Epsilon 0.0847
Seed 1 | Episode 350 | Reward 62.00 | Epsilon 0.0846
Seed 1 | Episode 351 | Reward 58.00 | Epsilon 0.0845
Seed 1 | Episode 352 | Reward 49.00 | Epsilon 0.0844
Seed 1 | Episode 353 | Reward 55.00 | Epsilon 0.0842
Seed 1 | Episode 354 | Reward 59.00 | Epsilon 0.0841
Seed 1 | Episode 355 | Reward 50.00 | Epsilon 0.0840
Seed 1 | Episode 356 | Reward 60.00 | Epsilon 0.0839
Seed 1 | Episode 357 | Reward 19.00 | Epsilon 0.0837
Seed 1 | Episode 358 | Reward -88.00 | Epsilon 0.0832
Seed 1 | Episode 359 | Reward 56.00 | Epsilon 0.0831
Seed 1 | Episode 360 | Reward 37.00 | Epsilon 0.0829
Seed 1 | Episode 361 | Reward 6.00 | Epsilon 0.0827
Seed 1 | Episode 362 | Reward 46.00 | Epsilon 0.0826
Seed 1 | Episode 363 | Reward 57.00 | Epsilon 0.0825
Seed 1 | Episode 364 | Reward 52.00 | Epsilon 0.0823
Seed 1 | Episode 365 | Reward -300.00 | Epsilon 0.0816
Seed 1 | Episode 366 | Reward 59.00 | Epsilon 0.0815
Seed 1 | Episode 367 | Reward 54.00 | Epsilon 0.0814
Seed 1 | Episode 368 | Reward 59.00 | Epsilon 0.0813
Seed 1 | Episode 369 | Reward -300.00 | Epsilon 0.0806
Seed 1 | Episode 370 | Reward 37.00 | Epsilon 0.0804
Seed 1 | Episode 371 | Reward 45.00 | Epsilon 0.0803
Seed 1 | Episode 372 | Reward 52.00 | Epsilon 0.0802
Seed 1 | Episode 373 | Reward 49.00 | Epsilon 0.0800
Seed 1 | Episode 374 | Reward 45.00 | Epsilon 0.0799
Seed 1 | Episode 375 | Reward -40.00 | Epsilon 0.0796
Seed 1 | Episode 376 | Reward 22.00 | Epsilon 0.0794
Seed 1 | Episode 377 | Reward 45.00 | Epsilon 0.0792
Seed 1 | Episode 378 | Reward 49.00 | Epsilon 0.0791
Seed 1 | Episode 379 | Reward 55.00 | Epsilon 0.0790
Seed 1 | Episode 380 | Reward 5.00 | Epsilon 0.0788
Seed 1 | Episode 381 | Reward 50.00 | Epsilon 0.0787
Seed 1 | Episode 382 | Reward 52.00 | Epsilon 0.0785
Seed 1 | Episode 383 | Reward 55.00 | Epsilon 0.0784
Seed 1 | Episode 384 | Reward 33.00 | Epsilon 0.0783
Seed 1 | Episode 385 | Reward 58.00 | Epsilon 0.0782
Seed 1 | Episode 386 | Reward 47.00 | Epsilon 0.0780
Seed 1 | Episode 387 | Reward -19.00 | Epsilon 0.0778
Seed 1 | Episode 388 | Reward 57.00 | Epsilon 0.0777
Seed 1 | Episode 389 | Reward 51.00 | Epsilon 0.0775
Seed 1 | Episode 390 | Reward 48.00 | Epsilon 0.0774
Seed 1 | Episode 391 | Reward 58.00 | Epsilon 0.0773
Seed 1 | Episode 392 | Reward 52.00 | Epsilon 0.0772
Seed 1 | Episode 393 | Reward 33.00 | Epsilon 0.0771
Seed 1 | Episode 394 | Reward 1.00 | Epsilon 0.0768
Seed 1 | Episode 395 | Reward 45.00 | Epsilon 0.0767
Seed 1 | Episode 396 | Reward 19.00 | Epsilon 0.0765
Seed 1 | Episode 397 | Reward 47.00 | Epsilon 0.0764
Seed 1 | Episode 398 | Reward 55.00 | Epsilon 0.0763
Seed 1 | Episode 399 | Reward 16.00 | Epsilon 0.0761
Seed 1 | Episode 400 | Reward 43.00 | Epsilon 0.0759
Seed 1 | Episode 401 | Reward 43.00 | Epsilon 0.0758
Seed 1 | Episode 402 | Reward 51.00 | Epsilon 0.0757
Seed 1 | Episode 403 | Reward 57.00 | Epsilon 0.0756
Seed 1 | Episode 404 | Reward 47.00 | Epsilon 0.0755
Seed 1 | Episode 405 | Reward 45.00 | Epsilon 0.0754
Seed 1 | Episode 406 | Reward 40.00 | Epsilon 0.0752
Seed 1 | Episode 407 | Reward 58.00 | Epsilon 0.0751
Seed 1 | Episode 408 | Reward 52.00 | Epsilon 0.0750
Seed 1 | Episode 409 | Reward 31.00 | Epsilon 0.0748
Seed 1 | Episode 410 | Reward 53.00 | Epsilon 0.0747
Seed 1 | Episode 411 | Reward 57.00 | Epsilon 0.0746
Seed 1 | Episode 412 | Reward 38.00 | Epsilon 0.0745
Seed 1 | Episode 413 | Reward 62.00 | Epsilon 0.0744
Seed 1 | Episode 414 | Reward 59.00 | Epsilon 0.0743
Seed 1 | Episode 415 | Reward 55.00 | Epsilon 0.0742
Seed 1 | Episode 416 | Reward 31.00 | Epsilon 0.0741
Seed 1 | Episode 417 | Reward 49.00 | Epsilon 0.0739
Seed 1 | Episode 418 | Reward 52.00 | Epsilon 0.0738
Seed 1 | Episode 419 | Reward 48.00 | Epsilon 0.0737
Seed 1 | Episode 420 | Reward 59.00 | Epsilon 0.0736
Seed 1 | Episode 421 | Reward 45.00 | Epsilon 0.0735
Seed 1 | Episode 422 | Reward 50.00 | Epsilon 0.0734
Seed 1 | Episode 423 | Reward 60.00 | Epsilon 0.0733
Seed 1 | Episode 424 | Reward 49.00 | Epsilon 0.0732
Seed 1 | Episode 425 | Reward 60.00 | Epsilon 0.0731
Seed 1 | Episode 426 | Reward 60.00 | Epsilon 0.0730
Seed 1 | Episode 427 | Reward 36.00 | Epsilon 0.0729
Seed 1 | Episode 428 | Reward 54.00 | Epsilon 0.0728
Seed 1 | Episode 429 | Reward 45.00 | Epsilon 0.0726
Seed 1 | Episode 430 | Reward 43.00 | Epsilon 0.0725
Seed 1 | Episode 431 | Reward 52.00 | Epsilon 0.0724
Seed 1 | Episode 432 | Reward 49.00 | Epsilon 0.0723
Seed 1 | Episode 433 | Reward 42.00 | Epsilon 0.0722
Seed 1 | Episode 434 | Reward 50.00 | Epsilon 0.0721
Seed 1 | Episode 435 | Reward 47.00 | Epsilon 0.0719
Seed 1 | Episode 436 | Reward 59.00 | Epsilon 0.0719
Seed 1 | Episode 437 | Reward 48.00 | Epsilon 0.0717
Seed 1 | Episode 438 | Reward 9.00 | Epsilon 0.0715
Seed 1 | Episode 439 | Reward 51.00 | Epsilon 0.0714
Seed 1 | Episode 440 | Reward 54.00 | Epsilon 0.0713
Seed 1 | Episode 441 | Reward 34.00 | Epsilon 0.0712
Seed 1 | Episode 442 | Reward 49.00 | Epsilon 0.0711
Seed 1 | Episode 443 | Reward 46.00 | Epsilon 0.0710
Seed 1 | Episode 444 | Reward 40.00 | Epsilon 0.0708
Seed 1 | Episode 445 | Reward 56.00 | Epsilon 0.0707
Seed 1 | Episode 446 | Reward 49.00 | Epsilon 0.0706
Seed 1 | Episode 447 | Reward 44.00 | Epsilon 0.0705
Seed 1 | Episode 448 | Reward 47.00 | Epsilon 0.0704
Seed 1 | Episode 449 | Reward 47.00 | Epsilon 0.0703
Seed 1 | Episode 450 | Reward 53.00 | Epsilon 0.0702
Seed 1 | Episode 451 | Reward 51.00 | Epsilon 0.0701
Seed 1 | Episode 452 | Reward 58.00 | Epsilon 0.0700
Seed 1 | Episode 453 | Reward 58.00 | Epsilon 0.0699
Seed 1 | Episode 454 | Reward 58.00 | Epsilon 0.0698
Seed 1 | Episode 455 | Reward 55.00 | Epsilon 0.0697
Seed 1 | Episode 456 | Reward 52.00 | Epsilon 0.0696
Seed 1 | Episode 457 | Reward 49.00 | Epsilon 0.0695
Seed 1 | Episode 458 | Reward 51.00 | Epsilon 0.0694
Seed 1 | Episode 459 | Reward 52.00 | Epsilon 0.0693
Seed 1 | Episode 460 | Reward 58.00 | Epsilon 0.0692
Seed 1 | Episode 461 | Reward 56.00 | Epsilon 0.0691
Seed 1 | Episode 462 | Reward 51.00 | Epsilon 0.0690
Seed 1 | Episode 463 | Reward 48.00 | Epsilon 0.0689
Seed 1 | Episode 464 | Reward 62.00 | Epsilon 0.0688
Seed 1 | Episode 465 | Reward 58.00 | Epsilon 0.0687
Seed 1 | Episode 466 | Reward 58.00 | Epsilon 0.0686
Seed 1 | Episode 467 | Reward 57.00 | Epsilon 0.0685
Seed 1 | Episode 468 | Reward 58.00 | Epsilon 0.0685
Seed 1 | Episode 469 | Reward 51.00 | Epsilon 0.0683
Seed 1 | Episode 470 | Reward 48.00 | Epsilon 0.0682
Seed 1 | Episode 471 | Reward 49.00 | Epsilon 0.0681
Seed 1 | Episode 472 | Reward 51.00 | Epsilon 0.0680
Seed 1 | Episode 473 | Reward 65.00 | Epsilon 0.0680
Seed 1 | Episode 474 | Reward 45.00 | Epsilon 0.0678
Seed 1 | Episode 475 | Reward 49.00 | Epsilon 0.0677
Seed 1 | Episode 476 | Reward 54.00 | Epsilon 0.0676
Seed 1 | Episode 477 | Reward 56.00 | Epsilon 0.0676
Seed 1 | Episode 478 | Reward 47.00 | Epsilon 0.0674
Seed 1 | Episode 479 | Reward 54.00 | Epsilon 0.0673
Seed 1 | Episode 480 | Reward 45.00 | Epsilon 0.0672
Seed 1 | Episode 481 | Reward 49.00 | Epsilon 0.0671
Seed 1 | Episode 482 | Reward 55.00 | Epsilon 0.0670
Seed 1 | Episode 483 | Reward 48.00 | Epsilon 0.0669
Seed 1 | Episode 484 | Reward 54.00 | Epsilon 0.0668
Seed 1 | Episode 485 | Reward 48.00 | Epsilon 0.0667
Seed 1 | Episode 486 | Reward 47.00 | Epsilon 0.0666
Seed 1 | Episode 487 | Reward 48.00 | Epsilon 0.0665
Seed 1 | Episode 488 | Reward 47.00 | Epsilon 0.0664
Seed 1 | Episode 489 | Reward 57.00 | Epsilon 0.0663
Seed 1 | Episode 490 | Reward 60.00 | Epsilon 0.0662
Seed 1 | Episode 491 | Reward 53.00 | Epsilon 0.0661
Seed 1 | Episode 492 | Reward 43.00 | Epsilon 0.0660
Seed 1 | Episode 493 | Reward 53.00 | Epsilon 0.0659
Seed 1 | Episode 494 | Reward 58.00 | Epsilon 0.0658
Seed 1 | Episode 495 | Reward 47.00 | Epsilon 0.0657
Seed 1 | Episode 496 | Reward 51.00 | Epsilon 0.0656
Seed 1 | Episode 497 | Reward 61.00 | Epsilon 0.0656
Seed 1 | Episode 498 | Reward 39.00 | Epsilon 0.0654
Seed 1 | Episode 499 | Reward 48.00 | Epsilon 0.0653
Seed 1 | Episode 500 | Reward 52.00 | Epsilon 0.0652
Seed 1 | Episode 501 | Reward 60.00 | Epsilon 0.0652
Seed 1 | Episode 502 | Reward -14.00 | Epsilon 0.0649
Seed 1 | Episode 503 | Reward 60.00 | Epsilon 0.0649
Seed 1 | Episode 504 | Reward 60.00 | Epsilon 0.0648
Seed 1 | Episode 505 | Reward 61.00 | Epsilon 0.0647
Seed 1 | Episode 506 | Reward 46.00 | Epsilon 0.0646
Seed 1 | Episode 507 | Reward 57.00 | Epsilon 0.0645
Seed 1 | Episode 508 | Reward 48.00 | Epsilon 0.0644
Seed 1 | Episode 509 | Reward 56.00 | Epsilon 0.0643
Seed 1 | Episode 510 | Reward 45.00 | Epsilon 0.0642
Seed 1 | Episode 511 | Reward -79.00 | Epsilon 0.0639
Seed 1 | Episode 512 | Reward 50.00 | Epsilon 0.0638
Seed 1 | Episode 513 | Reward 41.00 | Epsilon 0.0637
Seed 1 | Episode 514 | Reward 54.00 | Epsilon 0.0636
Seed 1 | Episode 515 | Reward 51.00 | Epsilon 0.0635
Seed 1 | Episode 516 | Reward 56.00 | Epsilon 0.0634
Seed 1 | Episode 517 | Reward 56.00 | Epsilon 0.0633
Seed 1 | Episode 518 | Reward 45.00 | Epsilon 0.0632
Seed 1 | Episode 519 | Reward 43.00 | Epsilon 0.0631
Seed 1 | Episode 520 | Reward 61.00 | Epsilon 0.0630
Seed 1 | Episode 521 | Reward 49.00 | Epsilon 0.0629
Seed 1 | Episode 522 | Reward 55.00 | Epsilon 0.0628
Seed 1 | Episode 523 | Reward 46.00 | Epsilon 0.0627
Seed 1 | Episode 524 | Reward 49.00 | Epsilon 0.0626
Seed 1 | Episode 525 | Reward 35.00 | Epsilon 0.0625
Seed 1 | Episode 526 | Reward 50.00 | Epsilon 0.0624
Seed 1 | Episode 527 | Reward 43.00 | Epsilon 0.0623
Seed 1 | Episode 528 | Reward 34.00 | Epsilon 0.0622
Seed 1 | Episode 529 | Reward 64.00 | Epsilon 0.0621
Seed 1 | Episode 530 | Reward 44.00 | Epsilon 0.0620
Seed 1 | Episode 531 | Reward 48.00 | Epsilon 0.0619
Seed 1 | Episode 532 | Reward 51.00 | Epsilon 0.0618
Seed 1 | Episode 533 | Reward 46.00 | Epsilon 0.0617
Seed 1 | Episode 534 | Reward 41.00 | Epsilon 0.0616
Seed 1 | Episode 535 | Reward 62.00 | Epsilon 0.0615
Seed 1 | Episode 536 | Reward 49.00 | Epsilon 0.0614
Seed 1 | Episode 537 | Reward 54.00 | Epsilon 0.0613
Seed 1 | Episode 538 | Reward 44.00 | Epsilon 0.0612
Seed 1 | Episode 539 | Reward 58.00 | Epsilon 0.0612
Seed 1 | Episode 540 | Reward 46.00 | Epsilon 0.0610
Seed 1 | Episode 541 | Reward 59.00 | Epsilon 0.0610
Seed 1 | Episode 542 | Reward 54.00 | Epsilon 0.0609
Seed 1 | Episode 543 | Reward 48.00 | Epsilon 0.0608
Seed 1 | Episode 544 | Reward 51.00 | Epsilon 0.0607
Seed 1 | Episode 545 | Reward 57.00 | Epsilon 0.0606
Seed 1 | Episode 546 | Reward 45.00 | Epsilon 0.0605
Seed 1 | Episode 547 | Reward 39.00 | Epsilon 0.0604
Seed 1 | Episode 548 | Reward 53.00 | Epsilon 0.0603
Seed 1 | Episode 549 | Reward 25.00 | Epsilon 0.0602
Seed 1 | Episode 550 | Reward 47.00 | Epsilon 0.0601
Seed 1 | Episode 551 | Reward 53.00 | Epsilon 0.0600
Seed 1 | Episode 552 | Reward 62.00 | Epsilon 0.0599
Seed 1 | Episode 553 | Reward 41.00 | Epsilon 0.0598
Seed 1 | Episode 554 | Reward 44.00 | Epsilon 0.0597
Seed 1 | Episode 555 | Reward 47.00 | Epsilon 0.0596
Seed 1 | Episode 556 | Reward 49.00 | Epsilon 0.0595
Seed 1 | Episode 557 | Reward 35.00 | Epsilon 0.0594
Seed 1 | Episode 558 | Reward 50.00 | Epsilon 0.0593
Seed 1 | Episode 559 | Reward 54.00 | Epsilon 0.0592
Seed 1 | Episode 560 | Reward 57.00 | Epsilon 0.0592
Seed 1 | Episode 561 | Reward 41.00 | Epsilon 0.0590
Seed 1 | Episode 562 | Reward 39.00 | Epsilon 0.0589
Seed 1 | Episode 563 | Reward 63.00 | Epsilon 0.0589
Seed 1 | Episode 564 | Reward 50.00 | Epsilon 0.0588
Seed 1 | Episode 565 | Reward 46.00 | Epsilon 0.0587
Seed 1 | Episode 566 | Reward 55.00 | Epsilon 0.0586
Seed 1 | Episode 567 | Reward 56.00 | Epsilon 0.0585
Seed 1 | Episode 568 | Reward 57.00 | Epsilon 0.0584
Seed 1 | Episode 569 | Reward 44.00 | Epsilon 0.0583
Seed 1 | Episode 570 | Reward 11.00 | Epsilon 0.0582
Seed 1 | Episode 571 | Reward 62.00 | Epsilon 0.0581
Seed 1 | Episode 572 | Reward 37.00 | Epsilon 0.0580
Seed 1 | Episode 573 | Reward 54.00 | Epsilon 0.0579
Seed 1 | Episode 574 | Reward 41.00 | Epsilon 0.0578
Seed 1 | Episode 575 | Reward 62.00 | Epsilon 0.0578
Seed 1 | Episode 576 | Reward 46.00 | Epsilon 0.0577
Seed 1 | Episode 577 | Reward 51.00 | Epsilon 0.0576
Seed 1 | Episode 578 | Reward 61.00 | Epsilon 0.0575
Seed 1 | Episode 579 | Reward 53.00 | Epsilon 0.0574
Seed 1 | Episode 580 | Reward 47.00 | Epsilon 0.0573
Seed 1 | Episode 581 | Reward 50.00 | Epsilon 0.0572
Seed 1 | Episode 582 | Reward 51.00 | Epsilon 0.0572
Seed 1 | Episode 583 | Reward 32.00 | Epsilon 0.0570
Seed 1 | Episode 584 | Reward 42.00 | Epsilon 0.0569
Seed 1 | Episode 585 | Reward 44.00 | Epsilon 0.0568
Seed 1 | Episode 586 | Reward 55.00 | Epsilon 0.0568
Seed 1 | Episode 587 | Reward 51.00 | Epsilon 0.0567
Seed 1 | Episode 588 | Reward 46.00 | Epsilon 0.0566
Seed 1 | Episode 589 | Reward 46.00 | Epsilon 0.0565
Seed 1 | Episode 590 | Reward 45.00 | Epsilon 0.0564
Seed 1 | Episode 591 | Reward 55.00 | Epsilon 0.0563
Seed 1 | Episode 592 | Reward 60.00 | Epsilon 0.0563
Seed 1 | Episode 593 | Reward 43.00 | Epsilon 0.0562
Seed 1 | Episode 594 | Reward 52.00 | Epsilon 0.0561
Seed 1 | Episode 595 | Reward 40.00 | Epsilon 0.0560
Seed 1 | Episode 596 | Reward 42.00 | Epsilon 0.0559
Seed 1 | Episode 597 | Reward 51.00 | Epsilon 0.0558
Seed 1 | Episode 598 | Reward 54.00 | Epsilon 0.0557
Seed 1 | Episode 599 | Reward 54.00 | Epsilon 0.0556
Seed 1 | Episode 600 | Reward 40.00 | Epsilon 0.0555
Seed 1 | Episode 601 | Reward 42.00 | Epsilon 0.0554
Seed 1 | Episode 602 | Reward 45.00 | Epsilon 0.0553
Seed 1 | Episode 603 | Reward 58.00 | Epsilon 0.0553
Seed 1 | Episode 604 | Reward 29.00 | Epsilon 0.0551
Seed 1 | Episode 605 | Reward 67.00 | Epsilon 0.0551
Seed 1 | Episode 606 | Reward 43.00 | Epsilon 0.0550
Seed 1 | Episode 607 | Reward 49.00 | Epsilon 0.0549
Seed 1 | Episode 608 | Reward 51.00 | Epsilon 0.0548
Seed 1 | Episode 609 | Reward 60.00 | Epsilon 0.0548
Seed 1 | Episode 610 | Reward 52.00 | Epsilon 0.0547
Seed 1 | Episode 611 | Reward 57.00 | Epsilon 0.0546
Seed 1 | Episode 612 | Reward 64.00 | Epsilon 0.0545
Seed 1 | Episode 613 | Reward 56.00 | Epsilon 0.0545
Seed 1 | Episode 614 | Reward 54.00 | Epsilon 0.0544
Seed 1 | Episode 615 | Reward 49.00 | Epsilon 0.0543
Seed 1 | Episode 616 | Reward 22.00 | Epsilon 0.0542
Seed 1 | Episode 617 | Reward 58.00 | Epsilon 0.0541
Seed 1 | Episode 618 | Reward 54.00 | Epsilon 0.0540
Seed 1 | Episode 619 | Reward 46.00 | Epsilon 0.0539
Seed 1 | Episode 620 | Reward 47.00 | Epsilon 0.0539
Seed 1 | Episode 621 | Reward 57.00 | Epsilon 0.0538
Seed 1 | Episode 622 | Reward 49.00 | Epsilon 0.0537
Seed 1 | Episode 623 | Reward 51.00 | Epsilon 0.0536
Seed 1 | Episode 624 | Reward 56.00 | Epsilon 0.0535
Seed 1 | Episode 625 | Reward 45.00 | Epsilon 0.0535
Seed 1 | Episode 626 | Reward 42.00 | Epsilon 0.0534
Seed 1 | Episode 627 | Reward 61.00 | Epsilon 0.0533
Seed 1 | Episode 628 | Reward 55.00 | Epsilon 0.0532
Seed 1 | Episode 629 | Reward 53.00 | Epsilon 0.0532
Seed 1 | Episode 630 | Reward 61.00 | Epsilon 0.0531
Seed 1 | Episode 631 | Reward 41.00 | Epsilon 0.0530
Seed 1 | Episode 632 | Reward 61.00 | Epsilon 0.0529
Seed 1 | Episode 633 | Reward 44.00 | Epsilon 0.0528
Seed 1 | Episode 634 | Reward 52.00 | Epsilon 0.0528
Seed 1 | Episode 635 | Reward 49.00 | Epsilon 0.0527
Seed 1 | Episode 636 | Reward 51.00 | Epsilon 0.0526
Seed 1 | Episode 637 | Reward 50.00 | Epsilon 0.0525
Seed 1 | Episode 638 | Reward 54.00 | Epsilon 0.0524
Seed 1 | Episode 639 | Reward 63.00 | Epsilon 0.0524
Seed 1 | Episode 640 | Reward 54.00 | Epsilon 0.0523
Seed 1 | Episode 641 | Reward 62.00 | Epsilon 0.0523
Seed 1 | Episode 642 | Reward 43.00 | Epsilon 0.0522
Seed 1 | Episode 643 | Reward 50.00 | Epsilon 0.0521
Seed 1 | Episode 644 | Reward 63.00 | Epsilon 0.0520
Seed 1 | Episode 645 | Reward 32.00 | Epsilon 0.0519
Seed 1 | Episode 646 | Reward 65.00 | Epsilon 0.0519
Seed 1 | Episode 647 | Reward 50.00 | Epsilon 0.0518
Seed 1 | Episode 648 | Reward 53.00 | Epsilon 0.0517
Seed 1 | Episode 649 | Reward 62.00 | Epsilon 0.0516
Seed 1 | Episode 650 | Reward 44.00 | Epsilon 0.0516
Seed 1 | Episode 651 | Reward 58.00 | Epsilon 0.0515
Seed 1 | Episode 652 | Reward 47.00 | Epsilon 0.0514
Seed 1 | Episode 653 | Reward 41.00 | Epsilon 0.0513
Seed 1 | Episode 654 | Reward 57.00 | Epsilon 0.0512
Seed 1 | Episode 655 | Reward 56.00 | Epsilon 0.0512
Seed 1 | Episode 656 | Reward 63.00 | Epsilon 0.0511
Seed 1 | Episode 657 | Reward 60.00 | Epsilon 0.0511
Seed 1 | Episode 658 | Reward 54.00 | Epsilon 0.0510
Seed 1 | Episode 659 | Reward 56.00 | Epsilon 0.0509
Seed 1 | Episode 660 | Reward 58.00 | Epsilon 0.0508
Seed 1 | Episode 661 | Reward 12.00 | Epsilon 0.0507
Seed 1 | Episode 662 | Reward 63.00 | Epsilon 0.0507
Seed 1 | Episode 663 | Reward 42.00 | Epsilon 0.0506
Seed 1 | Episode 664 | Reward 53.00 | Epsilon 0.0505
Seed 1 | Episode 665 | Reward 52.00 | Epsilon 0.0504
Seed 1 | Episode 666 | Reward 54.00 | Epsilon 0.0503
Seed 1 | Episode 667 | Reward 10.00 | Epsilon 0.0502
Seed 1 | Episode 668 | Reward 55.00 | Epsilon 0.0501
Seed 1 | Episode 669 | Reward 13.00 | Epsilon 0.0500
Seed 1 | Episode 670 | Reward 54.00 | Epsilon 0.0499
Seed 1 | Episode 671 | Reward 52.00 | Epsilon 0.0499
Seed 1 | Episode 672 | Reward 61.00 | Epsilon 0.0498
Seed 1 | Episode 673 | Reward 45.00 | Epsilon 0.0497
Seed 1 | Episode 674 | Reward 53.00 | Epsilon 0.0496
Seed 1 | Episode 675 | Reward 53.00 | Epsilon 0.0496
Seed 1 | Episode 676 | Reward 55.00 | Epsilon 0.0495
Seed 1 | Episode 677 | Reward 35.00 | Epsilon 0.0494
Seed 1 | Episode 678 | Reward 49.00 | Epsilon 0.0493
Seed 1 | Episode 679 | Reward 53.00 | Epsilon 0.0493
Seed 1 | Episode 680 | Reward 50.00 | Epsilon 0.0492
Seed 1 | Episode 681 | Reward 60.00 | Epsilon 0.0491
Seed 1 | Episode 682 | Reward 29.00 | Epsilon 0.0490
Seed 1 | Episode 683 | Reward 51.00 | Epsilon 0.0489
Seed 1 | Episode 684 | Reward 50.00 | Epsilon 0.0489
Seed 1 | Episode 685 | Reward 50.00 | Epsilon 0.0488
Seed 1 | Episode 686 | Reward 57.00 | Epsilon 0.0487
Seed 1 | Episode 687 | Reward 48.00 | Epsilon 0.0487
Seed 1 | Episode 688 | Reward 46.00 | Epsilon 0.0486
Seed 1 | Episode 689 | Reward 48.00 | Epsilon 0.0485
Seed 1 | Episode 690 | Reward 49.00 | Epsilon 0.0484
Seed 1 | Episode 691 | Reward 48.00 | Epsilon 0.0483
Seed 1 | Episode 692 | Reward 26.00 | Epsilon 0.0482
Seed 1 | Episode 693 | Reward 34.00 | Epsilon 0.0481
Seed 1 | Episode 694 | Reward 58.00 | Epsilon 0.0481
Seed 1 | Episode 695 | Reward 32.00 | Epsilon 0.0480
Seed 1 | Episode 696 | Reward 52.00 | Epsilon 0.0479
Seed 1 | Episode 697 | Reward 57.00 | Epsilon 0.0478
Seed 1 | Episode 698 | Reward 46.00 | Epsilon 0.0478
Seed 1 | Episode 699 | Reward 60.00 | Epsilon 0.0477
Seed 1 | Episode 700 | Reward 48.00 | Epsilon 0.0476
Seed 1 | Episode 701 | Reward 52.00 | Epsilon 0.0476
Seed 1 | Episode 702 | Reward 44.00 | Epsilon 0.0475
Seed 1 | Episode 703 | Reward 57.00 | Epsilon 0.0474
Seed 1 | Episode 704 | Reward 61.00 | Epsilon 0.0474
Seed 1 | Episode 705 | Reward 52.00 | Epsilon 0.0473
Seed 1 | Episode 706 | Reward 51.00 | Epsilon 0.0472
Seed 1 | Episode 707 | Reward 63.00 | Epsilon 0.0472
Seed 1 | Episode 708 | Reward 64.00 | Epsilon 0.0471
Seed 1 | Episode 709 | Reward 59.00 | Epsilon 0.0471
Seed 1 | Episode 710 | Reward 7.00 | Epsilon 0.0469
Seed 1 | Episode 711 | Reward 51.00 | Epsilon 0.0469
Seed 1 | Episode 712 | Reward 48.00 | Epsilon 0.0468
Seed 1 | Episode 713 | Reward 62.00 | Epsilon 0.0467
Seed 1 | Episode 714 | Reward 52.00 | Epsilon 0.0467
Seed 1 | Episode 715 | Reward 53.00 | Epsilon 0.0466
Seed 1 | Episode 716 | Reward 53.00 | Epsilon 0.0465
Seed 1 | Episode 717 | Reward 45.00 | Epsilon 0.0464
Seed 1 | Episode 718 | Reward 49.00 | Epsilon 0.0464
Seed 1 | Episode 719 | Reward 62.00 | Epsilon 0.0463
Seed 1 | Episode 720 | Reward 43.00 | Epsilon 0.0462
Seed 1 | Episode 721 | Reward 59.00 | Epsilon 0.0462
Seed 1 | Episode 722 | Reward 59.00 | Epsilon 0.0461
Seed 1 | Episode 723 | Reward 59.00 | Epsilon 0.0461
Seed 1 | Episode 724 | Reward 59.00 | Epsilon 0.0460
Seed 1 | Episode 725 | Reward 50.00 | Epsilon 0.0459
Seed 1 | Episode 726 | Reward 55.00 | Epsilon 0.0459
Seed 1 | Episode 727 | Reward 46.00 | Epsilon 0.0458
Seed 1 | Episode 728 | Reward 51.00 | Epsilon 0.0457
Seed 1 | Episode 729 | Reward 39.00 | Epsilon 0.0456
Seed 1 | Episode 730 | Reward 54.00 | Epsilon 0.0456
Seed 1 | Episode 731 | Reward 39.00 | Epsilon 0.0455
Seed 1 | Episode 732 | Reward 62.00 | Epsilon 0.0454
Seed 1 | Episode 733 | Reward 41.00 | Epsilon 0.0454
Seed 1 | Episode 734 | Reward 59.00 | Epsilon 0.0453
Seed 1 | Episode 735 | Reward 51.00 | Epsilon 0.0452
Seed 1 | Episode 736 | Reward 45.00 | Epsilon 0.0452
Seed 1 | Episode 737 | Reward 44.00 | Epsilon 0.0451
Seed 1 | Episode 738 | Reward 46.00 | Epsilon 0.0450
Seed 1 | Episode 739 | Reward 60.00 | Epsilon 0.0449
Seed 1 | Episode 740 | Reward 38.00 | Epsilon 0.0449
Seed 1 | Episode 741 | Reward 52.00 | Epsilon 0.0448
Seed 1 | Episode 742 | Reward 44.00 | Epsilon 0.0447
Seed 1 | Episode 743 | Reward 54.00 | Epsilon 0.0447
Seed 1 | Episode 744 | Reward 54.00 | Epsilon 0.0446
Seed 1 | Episode 745 | Reward 50.00 | Epsilon 0.0445
Seed 1 | Episode 746 | Reward 48.00 | Epsilon 0.0445
Seed 1 | Episode 747 | Reward 43.00 | Epsilon 0.0444
Seed 1 | Episode 748 | Reward 60.00 | Epsilon 0.0443
Seed 1 | Episode 749 | Reward 58.00 | Epsilon 0.0443
Seed 1 | Episode 750 | Reward 44.00 | Epsilon 0.0442
Seed 1 | Episode 751 | Reward 58.00 | Epsilon 0.0441
Seed 1 | Episode 752 | Reward 52.00 | Epsilon 0.0441
Seed 1 | Episode 753 | Reward 53.00 | Epsilon 0.0440
Seed 1 | Episode 754 | Reward 48.00 | Epsilon 0.0439
Seed 1 | Episode 755 | Reward 34.00 | Epsilon 0.0438
Seed 1 | Episode 756 | Reward 50.00 | Epsilon 0.0438
Seed 1 | Episode 757 | Reward 40.00 | Epsilon 0.0437
Seed 1 | Episode 758 | Reward 60.00 | Epsilon 0.0436
Seed 1 | Episode 759 | Reward 64.00 | Epsilon 0.0436
Seed 1 | Episode 760 | Reward 50.00 | Epsilon 0.0435
Seed 1 | Episode 761 | Reward 58.00 | Epsilon 0.0435
Seed 1 | Episode 762 | Reward 53.00 | Epsilon 0.0434
Seed 1 | Episode 763 | Reward 47.00 | Epsilon 0.0433
Seed 1 | Episode 764 | Reward 46.00 | Epsilon 0.0433
Seed 1 | Episode 765 | Reward 52.00 | Epsilon 0.0432
Seed 1 | Episode 766 | Reward 56.00 | Epsilon 0.0432
Seed 1 | Episode 767 | Reward 65.00 | Epsilon 0.0431
Seed 1 | Episode 768 | Reward 59.00 | Epsilon 0.0430
Seed 1 | Episode 769 | Reward 56.00 | Epsilon 0.0430
Seed 1 | Episode 770 | Reward 50.00 | Epsilon 0.0429
Seed 1 | Episode 771 | Reward 59.00 | Epsilon 0.0429
Seed 1 | Episode 772 | Reward 51.00 | Epsilon 0.0428
Seed 1 | Episode 773 | Reward 61.00 | Epsilon 0.0428
Seed 1 | Episode 774 | Reward 48.00 | Epsilon 0.0427
Seed 1 | Episode 775 | Reward 56.00 | Epsilon 0.0426
Seed 1 | Episode 776 | Reward 50.00 | Epsilon 0.0426
Seed 1 | Episode 777 | Reward 48.00 | Epsilon 0.0425
Seed 1 | Episode 778 | Reward 47.00 | Epsilon 0.0424
Seed 1 | Episode 779 | Reward 53.00 | Epsilon 0.0424
Seed 1 | Episode 780 | Reward 47.00 | Epsilon 0.0423
Seed 1 | Episode 781 | Reward 52.00 | Epsilon 0.0422
Seed 1 | Episode 782 | Reward 58.00 | Epsilon 0.0422
Seed 1 | Episode 783 | Reward 55.00 | Epsilon 0.0421
Seed 1 | Episode 784 | Reward 47.00 | Epsilon 0.0421
Seed 1 | Episode 785 | Reward 50.00 | Epsilon 0.0420
Seed 1 | Episode 786 | Reward 49.00 | Epsilon 0.0419
Seed 1 | Episode 787 | Reward 64.00 | Epsilon 0.0419
Seed 1 | Episode 788 | Reward 40.00 | Epsilon 0.0418
Seed 1 | Episode 789 | Reward 60.00 | Epsilon 0.0418
Seed 1 | Episode 790 | Reward 52.00 | Epsilon 0.0417
Seed 1 | Episode 791 | Reward 46.00 | Epsilon 0.0416
Seed 1 | Episode 792 | Reward 47.00 | Epsilon 0.0416
Seed 1 | Episode 793 | Reward 54.00 | Epsilon 0.0415
Seed 1 | Episode 794 | Reward 58.00 | Epsilon 0.0414
Seed 1 | Episode 795 | Reward 49.00 | Epsilon 0.0414
Seed 1 | Episode 796 | Reward 45.00 | Epsilon 0.0413
Seed 1 | Episode 797 | Reward 56.00 | Epsilon 0.0413
Seed 1 | Episode 798 | Reward 58.00 | Epsilon 0.0412
Seed 1 | Episode 799 | Reward 53.00 | Epsilon 0.0411
Seed 1 | Episode 800 | Reward 48.00 | Epsilon 0.0411
Seed 1 | Episode 801 | Reward 54.00 | Epsilon 0.0410
Seed 1 | Episode 802 | Reward -16.00 | Epsilon 0.0409
Seed 1 | Episode 803 | Reward 62.00 | Epsilon 0.0408
Seed 1 | Episode 804 | Reward 52.00 | Epsilon 0.0408
Seed 1 | Episode 805 | Reward 54.00 | Epsilon 0.0407
Seed 1 | Episode 806 | Reward 64.00 | Epsilon 0.0407
Seed 1 | Episode 807 | Reward 43.00 | Epsilon 0.0406
Seed 1 | Episode 808 | Reward 40.00 | Epsilon 0.0405
Seed 1 | Episode 809 | Reward 63.00 | Epsilon 0.0405
Seed 1 | Episode 810 | Reward 61.00 | Epsilon 0.0404
Seed 1 | Episode 811 | Reward 51.00 | Epsilon 0.0404
Seed 1 | Episode 812 | Reward 49.00 | Epsilon 0.0403
Seed 1 | Episode 813 | Reward 58.00 | Epsilon 0.0402
Seed 1 | Episode 814 | Reward 45.00 | Epsilon 0.0402
Seed 1 | Episode 815 | Reward 39.00 | Epsilon 0.0401
Seed 1 | Episode 816 | Reward 57.00 | Epsilon 0.0401
Seed 1 | Episode 817 | Reward 33.00 | Epsilon 0.0400
Seed 1 | Episode 818 | Reward 50.00 | Epsilon 0.0399
Seed 1 | Episode 819 | Reward 53.00 | Epsilon 0.0399
Seed 1 | Episode 820 | Reward 51.00 | Epsilon 0.0398
Seed 1 | Episode 821 | Reward 58.00 | Epsilon 0.0397
Seed 1 | Episode 822 | Reward 55.00 | Epsilon 0.0397
Seed 1 | Episode 823 | Reward 51.00 | Epsilon 0.0396
Seed 1 | Episode 824 | Reward 60.00 | Epsilon 0.0396
Seed 1 | Episode 825 | Reward 61.00 | Epsilon 0.0395
Seed 1 | Episode 826 | Reward 47.00 | Epsilon 0.0395
Seed 1 | Episode 827 | Reward 60.00 | Epsilon 0.0394
Seed 1 | Episode 828 | Reward 54.00 | Epsilon 0.0394
Seed 1 | Episode 829 | Reward 64.00 | Epsilon 0.0393
Seed 1 | Episode 830 | Reward 45.00 | Epsilon 0.0393
Seed 1 | Episode 831 | Reward 47.00 | Epsilon 0.0392
Seed 1 | Episode 832 | Reward 54.00 | Epsilon 0.0391
Seed 1 | Episode 833 | Reward 57.00 | Epsilon 0.0391
Seed 1 | Episode 834 | Reward 52.00 | Epsilon 0.0390
Seed 1 | Episode 835 | Reward 62.00 | Epsilon 0.0390
Seed 1 | Episode 836 | Reward 45.00 | Epsilon 0.0389
Seed 1 | Episode 837 | Reward 65.00 | Epsilon 0.0389
Seed 1 | Episode 838 | Reward 63.00 | Epsilon 0.0388
Seed 1 | Episode 839 | Reward 55.00 | Epsilon 0.0388
Seed 1 | Episode 840 | Reward 58.00 | Epsilon 0.0387
Seed 1 | Episode 841 | Reward 51.00 | Epsilon 0.0387
Seed 1 | Episode 842 | Reward 48.00 | Epsilon 0.0386
Seed 1 | Episode 843 | Reward 60.00 | Epsilon 0.0386
Seed 1 | Episode 844 | Reward 60.00 | Epsilon 0.0385
Seed 1 | Episode 845 | Reward 64.00 | Epsilon 0.0385
Seed 1 | Episode 846 | Reward 47.00 | Epsilon 0.0384
Seed 1 | Episode 847 | Reward 50.00 | Epsilon 0.0383
Seed 1 | Episode 848 | Reward 42.00 | Epsilon 0.0383
Seed 1 | Episode 849 | Reward 62.00 | Epsilon 0.0382
Seed 1 | Episode 850 | Reward 47.00 | Epsilon 0.0382
Seed 1 | Episode 851 | Reward 50.00 | Epsilon 0.0381
Seed 1 | Episode 852 | Reward 60.00 | Epsilon 0.0381
Seed 1 | Episode 853 | Reward 47.00 | Epsilon 0.0380
Seed 1 | Episode 854 | Reward 44.00 | Epsilon 0.0379
Seed 1 | Episode 855 | Reward 65.00 | Epsilon 0.0379
Seed 1 | Episode 856 | Reward 64.00 | Epsilon 0.0379
Seed 1 | Episode 857 | Reward 42.00 | Epsilon 0.0378
Seed 1 | Episode 858 | Reward 60.00 | Epsilon 0.0377
Seed 1 | Episode 859 | Reward 46.00 | Epsilon 0.0377
Seed 1 | Episode 860 | Reward 60.00 | Epsilon 0.0376
Seed 1 | Episode 861 | Reward 60.00 | Epsilon 0.0376
Seed 1 | Episode 862 | Reward 46.00 | Epsilon 0.0375
Seed 1 | Episode 863 | Reward 66.00 | Epsilon 0.0375
Seed 1 | Episode 864 | Reward 55.00 | Epsilon 0.0374
Seed 1 | Episode 865 | Reward 52.00 | Epsilon 0.0374
Seed 1 | Episode 866 | Reward 58.00 | Epsilon 0.0373
Seed 1 | Episode 867 | Reward 45.00 | Epsilon 0.0373
Seed 1 | Episode 868 | Reward 39.00 | Epsilon 0.0372
Seed 1 | Episode 869 | Reward 42.00 | Epsilon 0.0371
Seed 1 | Episode 870 | Reward 51.00 | Epsilon 0.0371
Seed 1 | Episode 871 | Reward 49.00 | Epsilon 0.0370
Seed 1 | Episode 872 | Reward 47.00 | Epsilon 0.0370
Seed 1 | Episode 873 | Reward 55.00 | Epsilon 0.0369
Seed 1 | Episode 874 | Reward 49.00 | Epsilon 0.0369
Seed 1 | Episode 875 | Reward 57.00 | Epsilon 0.0368
Seed 1 | Episode 876 | Reward 22.00 | Epsilon 0.0367
Seed 1 | Episode 877 | Reward 55.00 | Epsilon 0.0367
Seed 1 | Episode 878 | Reward 55.00 | Epsilon 0.0366
Seed 1 | Episode 879 | Reward 41.00 | Epsilon 0.0366
Seed 1 | Episode 880 | Reward 56.00 | Epsilon 0.0365
Seed 1 | Episode 881 | Reward 55.00 | Epsilon 0.0365
Seed 1 | Episode 882 | Reward 50.00 | Epsilon 0.0364
Seed 1 | Episode 883 | Reward 61.00 | Epsilon 0.0364
Seed 1 | Episode 884 | Reward 23.00 | Epsilon 0.0363
Seed 1 | Episode 885 | Reward 59.00 | Epsilon 0.0362
Seed 1 | Episode 886 | Reward 53.00 | Epsilon 0.0362
Seed 1 | Episode 887 | Reward 62.00 | Epsilon 0.0361
Seed 1 | Episode 888 | Reward 52.00 | Epsilon 0.0361
Seed 1 | Episode 889 | Reward 56.00 | Epsilon 0.0360
Seed 1 | Episode 890 | Reward 50.00 | Epsilon 0.0360
Seed 1 | Episode 891 | Reward 45.00 | Epsilon 0.0359
Seed 1 | Episode 892 | Reward -86.00 | Epsilon 0.0357
Seed 1 | Episode 893 | Reward 56.00 | Epsilon 0.0357
Seed 1 | Episode 894 | Reward 59.00 | Epsilon 0.0356
Seed 1 | Episode 895 | Reward 49.00 | Epsilon 0.0356
Seed 1 | Episode 896 | Reward 57.00 | Epsilon 0.0355
Seed 1 | Episode 897 | Reward 46.00 | Epsilon 0.0355
Seed 1 | Episode 898 | Reward 50.00 | Epsilon 0.0354
Seed 1 | Episode 899 | Reward 51.00 | Epsilon 0.0353
Seed 1 | Episode 900 | Reward 49.00 | Epsilon 0.0353
Seed 1 | Episode 901 | Reward 53.00 | Epsilon 0.0352
Seed 1 | Episode 902 | Reward 49.00 | Epsilon 0.0352
Seed 1 | Episode 903 | Reward 49.00 | Epsilon 0.0351
Seed 1 | Episode 904 | Reward 58.00 | Epsilon 0.0351
Seed 1 | Episode 905 | Reward 65.00 | Epsilon 0.0350
Seed 1 | Episode 906 | Reward 52.00 | Epsilon 0.0350
Seed 1 | Episode 907 | Reward 49.00 | Epsilon 0.0349
Seed 1 | Episode 908 | Reward 50.00 | Epsilon 0.0349
Seed 1 | Episode 909 | Reward 51.00 | Epsilon 0.0348
Seed 1 | Episode 910 | Reward 59.00 | Epsilon 0.0348
Seed 1 | Episode 911 | Reward 51.00 | Epsilon 0.0347
Seed 1 | Episode 912 | Reward 59.00 | Epsilon 0.0347
Seed 1 | Episode 913 | Reward 48.00 | Epsilon 0.0346
Seed 1 | Episode 914 | Reward 58.00 | Epsilon 0.0346
Seed 1 | Episode 915 | Reward 53.00 | Epsilon 0.0345
Seed 1 | Episode 916 | Reward 52.00 | Epsilon 0.0345
Seed 1 | Episode 917 | Reward 47.00 | Epsilon 0.0344
Seed 1 | Episode 918 | Reward 53.00 | Epsilon 0.0344
Seed 1 | Episode 919 | Reward 65.00 | Epsilon 0.0344
Seed 1 | Episode 920 | Reward 54.00 | Epsilon 0.0343
Seed 1 | Episode 921 | Reward 49.00 | Epsilon 0.0343
Seed 1 | Episode 922 | Reward 62.00 | Epsilon 0.0342
Seed 1 | Episode 923 | Reward 58.00 | Epsilon 0.0342
Seed 1 | Episode 924 | Reward 53.00 | Epsilon 0.0341
Seed 1 | Episode 925 | Reward 49.00 | Epsilon 0.0341
Seed 1 | Episode 926 | Reward 54.00 | Epsilon 0.0340
Seed 1 | Episode 927 | Reward 52.00 | Epsilon 0.0340
Seed 1 | Episode 928 | Reward 52.00 | Epsilon 0.0339
Seed 1 | Episode 929 | Reward 42.00 | Epsilon 0.0339
Seed 1 | Episode 930 | Reward 40.00 | Epsilon 0.0338
Seed 1 | Episode 931 | Reward 46.00 | Epsilon 0.0337
Seed 1 | Episode 932 | Reward 45.00 | Epsilon 0.0337
Seed 1 | Episode 933 | Reward 52.00 | Epsilon 0.0336
Seed 1 | Episode 934 | Reward 57.00 | Epsilon 0.0336
Seed 1 | Episode 935 | Reward 55.00 | Epsilon 0.0335
Seed 1 | Episode 936 | Reward 50.00 | Epsilon 0.0335
Seed 1 | Episode 937 | Reward 56.00 | Epsilon 0.0334
Seed 1 | Episode 938 | Reward 59.00 | Epsilon 0.0334
Seed 1 | Episode 939 | Reward 51.00 | Epsilon 0.0334
Seed 1 | Episode 940 | Reward 52.00 | Epsilon 0.0333
Seed 1 | Episode 941 | Reward 51.00 | Epsilon 0.0333
Seed 1 | Episode 942 | Reward 46.00 | Epsilon 0.0332
Seed 1 | Episode 943 | Reward 56.00 | Epsilon 0.0332
Seed 1 | Episode 944 | Reward 60.00 | Epsilon 0.0331
Seed 1 | Episode 945 | Reward 54.00 | Epsilon 0.0331
Seed 1 | Episode 946 | Reward 60.00 | Epsilon 0.0330
Seed 1 | Episode 947 | Reward 62.00 | Epsilon 0.0330
Seed 1 | Episode 948 | Reward 59.00 | Epsilon 0.0329
Seed 1 | Episode 949 | Reward 64.00 | Epsilon 0.0329
Seed 1 | Episode 950 | Reward 50.00 | Epsilon 0.0329
Seed 1 | Episode 951 | Reward 58.00 | Epsilon 0.0328
Seed 1 | Episode 952 | Reward 45.00 | Epsilon 0.0328
Seed 1 | Episode 953 | Reward 44.00 | Epsilon 0.0327
Seed 1 | Episode 954 | Reward 62.00 | Epsilon 0.0327
Seed 1 | Episode 955 | Reward 41.00 | Epsilon 0.0326
Seed 1 | Episode 956 | Reward 50.00 | Epsilon 0.0326
Seed 1 | Episode 957 | Reward 60.00 | Epsilon 0.0325
Seed 1 | Episode 958 | Reward 55.00 | Epsilon 0.0325
Seed 1 | Episode 959 | Reward 52.00 | Epsilon 0.0324
Seed 1 | Episode 960 | Reward 49.00 | Epsilon 0.0324
Seed 1 | Episode 961 | Reward 51.00 | Epsilon 0.0323
Seed 1 | Episode 962 | Reward 63.00 | Epsilon 0.0323
Seed 1 | Episode 963 | Reward 56.00 | Epsilon 0.0322
Seed 1 | Episode 964 | Reward 59.00 | Epsilon 0.0322
Seed 1 | Episode 965 | Reward 62.00 | Epsilon 0.0322
Seed 1 | Episode 966 | Reward 61.00 | Epsilon 0.0321
Seed 1 | Episode 967 | Reward 51.00 | Epsilon 0.0321
Seed 1 | Episode 968 | Reward 54.00 | Epsilon 0.0320
Seed 1 | Episode 969 | Reward 65.00 | Epsilon 0.0320
Seed 1 | Episode 970 | Reward 55.00 | Epsilon 0.0320
Seed 1 | Episode 971 | Reward 62.00 | Epsilon 0.0319
Seed 1 | Episode 972 | Reward 51.00 | Epsilon 0.0319
Seed 1 | Episode 973 | Reward 52.00 | Epsilon 0.0318
Seed 1 | Episode 974 | Reward 59.00 | Epsilon 0.0318
Seed 1 | Episode 975 | Reward 41.00 | Epsilon 0.0317
Seed 1 | Episode 976 | Reward 47.00 | Epsilon 0.0317
Seed 1 | Episode 977 | Reward 63.00 | Epsilon 0.0316
Seed 1 | Episode 978 | Reward 47.00 | Epsilon 0.0316
Seed 1 | Episode 979 | Reward 60.00 | Epsilon 0.0316
Seed 1 | Episode 980 | Reward 44.00 | Epsilon 0.0315
Seed 1 | Episode 981 | Reward 26.00 | Epsilon 0.0314
Seed 1 | Episode 982 | Reward 51.00 | Epsilon 0.0314
Seed 1 | Episode 983 | Reward 61.00 | Epsilon 0.0313
Seed 1 | Episode 984 | Reward 32.00 | Epsilon 0.0313
Seed 1 | Episode 985 | Reward 54.00 | Epsilon 0.0312
Seed 1 | Episode 986 | Reward 55.00 | Epsilon 0.0312
Seed 1 | Episode 987 | Reward 52.00 | Epsilon 0.0311
Seed 1 | Episode 988 | Reward 58.00 | Epsilon 0.0311
Seed 1 | Episode 989 | Reward 40.00 | Epsilon 0.0310
Seed 1 | Episode 990 | Reward 45.00 | Epsilon 0.0310
Seed 1 | Episode 991 | Reward 52.00 | Epsilon 0.0310
Seed 1 | Episode 992 | Reward 54.00 | Epsilon 0.0309
Seed 1 | Episode 993 | Reward 42.00 | Epsilon 0.0309
Seed 1 | Episode 994 | Reward 49.00 | Epsilon 0.0308
Seed 1 | Episode 995 | Reward 56.00 | Epsilon 0.0308
Seed 1 | Episode 996 | Reward 61.00 | Epsilon 0.0307
Seed 1 | Episode 997 | Reward 57.00 | Epsilon 0.0307
Seed 1 | Episode 998 | Reward 54.00 | Epsilon 0.0306
Seed 1 | Episode 999 | Reward 62.00 | Epsilon 0.0306
Finished seed 1
