starting job
Sun Dec  7 19:54:41 2025       
+-----------------------------------------------------------------------------------------+
| NVIDIA-SMI 580.65.06              Driver Version: 580.65.06      CUDA Version: 13.0     |
+-----------------------------------------+------------------------+----------------------+
| GPU  Name                 Persistence-M | Bus-Id          Disp.A | Volatile Uncorr. ECC |
| Fan  Temp   Perf          Pwr:Usage/Cap |           Memory-Usage | GPU-Util  Compute M. |
|                                         |                        |               MIG M. |
|=========================================+========================+======================|
|   0  NVIDIA H100 80GB HBM3          On  |   00000000:4C:00.0 Off |                   On |
| N/A   38C    P0            407W /  700W |   35754MiB /  81559MiB |     N/A      Default |
|                                         |                        |              Enabled |
+-----------------------------------------+------------------------+----------------------+

+-----------------------------------------------------------------------------------------+
| MIG devices:                                                                            |
+------------------+----------------------------------+-----------+-----------------------+
| GPU  GI  CI  MIG |              Shared Memory-Usage |        Vol|        Shared         |
|      ID  ID  Dev |                Shared BAR1-Usage | SM     Unc| CE ENC  DEC  OFA  JPG |
|                  |                                  |        ECC|                       |
|==================+==================================+===========+=======================|
|  0   10   0   0  |              15MiB /  9984MiB    | 16      0 |  1   0    1    0    1 |
|                  |               0MiB /  6185MiB    |           |                       |
+------------------+----------------------------------+-----------+-----------------------+

+-----------------------------------------------------------------------------------------+
| Processes:                                                                              |
|  GPU   GI   CI              PID   Type   Process name                        GPU Memory |
|        ID   ID                                                               Usage      |
|=========================================================================================|
|  No running processes found                                                             |
+-----------------------------------------------------------------------------------------+
Running seed 6
Gym has been unmaintained since 2022 and does not support NumPy 2.0 amongst other critical functionality.
Please upgrade to Gymnasium, the maintained drop-in replacement of Gym, or contact the authors of your software and request that they upgrade.
Users of this version of Gym should be able to simply replace 'import gym' with 'import gymnasium as gym' in the vast majority of cases.
See the migration guide at https://gymnasium.farama.org/introduction/migration_guide/ for additional information.
Seed 6 | Episode 0 | Reward -300.00 | Epsilon 0.9987
Seed 6 | Episode 1 | Reward -300.00 | Epsilon 0.9897
Seed 6 | Episode 2 | Reward 53.00 | Epsilon 0.9883
Seed 6 | Episode 3 | Reward -300.00 | Epsilon 0.9794
Seed 6 | Episode 4 | Reward -300.00 | Epsilon 0.9706
Seed 6 | Episode 5 | Reward -300.00 | Epsilon 0.9620
Seed 6 | Episode 6 | Reward -300.00 | Epsilon 0.9533
Seed 6 | Episode 7 | Reward -300.00 | Epsilon 0.9448
Seed 6 | Episode 8 | Reward -300.00 | Epsilon 0.9363
Seed 6 | Episode 9 | Reward -300.00 | Epsilon 0.9279
Seed 6 | Episode 10 | Reward -300.00 | Epsilon 0.9196
Seed 6 | Episode 11 | Reward -300.00 | Epsilon 0.9114
Seed 6 | Episode 12 | Reward -300.00 | Epsilon 0.9032
Seed 6 | Episode 13 | Reward -300.00 | Epsilon 0.8951
Seed 6 | Episode 14 | Reward -300.00 | Epsilon 0.8871
Seed 6 | Episode 15 | Reward -300.00 | Epsilon 0.8792
Seed 6 | Episode 16 | Reward -300.00 | Epsilon 0.8713
Seed 6 | Episode 17 | Reward -300.00 | Epsilon 0.8635
Seed 6 | Episode 18 | Reward -300.00 | Epsilon 0.8557
Seed 6 | Episode 19 | Reward -300.00 | Epsilon 0.8481
Seed 6 | Episode 20 | Reward -300.00 | Epsilon 0.8405
Seed 6 | Episode 21 | Reward -300.00 | Epsilon 0.8329
Seed 6 | Episode 22 | Reward -300.00 | Epsilon 0.8255
Seed 6 | Episode 23 | Reward -300.00 | Epsilon 0.8181
Seed 6 | Episode 24 | Reward -300.00 | Epsilon 0.8108
Seed 6 | Episode 25 | Reward -300.00 | Epsilon 0.8035
Seed 6 | Episode 26 | Reward -300.00 | Epsilon 0.7963
Seed 6 | Episode 27 | Reward -300.00 | Epsilon 0.7892
Seed 6 | Episode 28 | Reward -300.00 | Epsilon 0.7821
Seed 6 | Episode 29 | Reward -39.00 | Epsilon 0.7788
Seed 6 | Episode 30 | Reward -300.00 | Epsilon 0.7718
Seed 6 | Episode 31 | Reward -300.00 | Epsilon 0.7649
Seed 6 | Episode 32 | Reward -300.00 | Epsilon 0.7581
Seed 6 | Episode 33 | Reward -300.00 | Epsilon 0.7513
Seed 6 | Episode 34 | Reward -300.00 | Epsilon 0.7445
Seed 6 | Episode 35 | Reward -300.00 | Epsilon 0.7379
Seed 6 | Episode 36 | Reward -300.00 | Epsilon 0.7313
Seed 6 | Episode 37 | Reward -300.00 | Epsilon 0.7247
Seed 6 | Episode 38 | Reward -300.00 | Epsilon 0.7182
Seed 6 | Episode 39 | Reward -300.00 | Epsilon 0.7118
Seed 6 | Episode 40 | Reward -300.00 | Epsilon 0.7054
Seed 6 | Episode 41 | Reward -300.00 | Epsilon 0.6991
Seed 6 | Episode 42 | Reward -300.00 | Epsilon 0.6928
Seed 6 | Episode 43 | Reward -300.00 | Epsilon 0.6866
Seed 6 | Episode 44 | Reward -300.00 | Epsilon 0.6805
Seed 6 | Episode 45 | Reward -300.00 | Epsilon 0.6744
Seed 6 | Episode 46 | Reward 57.00 | Epsilon 0.6735
Seed 6 | Episode 47 | Reward -300.00 | Epsilon 0.6674
Seed 6 | Episode 48 | Reward -300.00 | Epsilon 0.6615
Seed 6 | Episode 49 | Reward -300.00 | Epsilon 0.6555
Seed 6 | Episode 50 | Reward -300.00 | Epsilon 0.6497
Seed 6 | Episode 51 | Reward -300.00 | Epsilon 0.6438
Seed 6 | Episode 52 | Reward 46.00 | Epsilon 0.6428
Seed 6 | Episode 53 | Reward 14.00 | Epsilon 0.6411
Seed 6 | Episode 54 | Reward -300.00 | Epsilon 0.6354
Seed 6 | Episode 55 | Reward -300.00 | Epsilon 0.6297
Seed 6 | Episode 56 | Reward 51.00 | Epsilon 0.6287
Seed 6 | Episode 57 | Reward -300.00 | Epsilon 0.6231
Seed 6 | Episode 58 | Reward -9.00 | Epsilon 0.6210
Seed 6 | Episode 59 | Reward -300.00 | Epsilon 0.6155
Seed 6 | Episode 60 | Reward -300.00 | Epsilon 0.6100
Seed 6 | Episode 61 | Reward -300.00 | Epsilon 0.6045
Seed 6 | Episode 62 | Reward -300.00 | Epsilon 0.5991
Seed 6 | Episode 63 | Reward -300.00 | Epsilon 0.5937
Seed 6 | Episode 64 | Reward -300.00 | Epsilon 0.5884
Seed 6 | Episode 65 | Reward -300.00 | Epsilon 0.5831
Seed 6 | Episode 66 | Reward -300.00 | Epsilon 0.5779
Seed 6 | Episode 67 | Reward 42.00 | Epsilon 0.5769
Seed 6 | Episode 68 | Reward -78.00 | Epsilon 0.5738
Seed 6 | Episode 69 | Reward -54.00 | Epsilon 0.5711
Seed 6 | Episode 70 | Reward -300.00 | Epsilon 0.5660
Seed 6 | Episode 71 | Reward -300.00 | Epsilon 0.5609
Seed 6 | Episode 72 | Reward -300.00 | Epsilon 0.5559
Seed 6 | Episode 73 | Reward -300.00 | Epsilon 0.5509
Seed 6 | Episode 74 | Reward -300.00 | Epsilon 0.5460
Seed 6 | Episode 75 | Reward -300.00 | Epsilon 0.5411
Seed 6 | Episode 76 | Reward -300.00 | Epsilon 0.5362
Seed 6 | Episode 77 | Reward -300.00 | Epsilon 0.5314
Seed 6 | Episode 78 | Reward -300.00 | Epsilon 0.5267
Seed 6 | Episode 79 | Reward 43.00 | Epsilon 0.5258
Seed 6 | Episode 80 | Reward -300.00 | Epsilon 0.5210
Seed 6 | Episode 81 | Reward 38.00 | Epsilon 0.5201
Seed 6 | Episode 82 | Reward -300.00 | Epsilon 0.5154
Seed 6 | Episode 83 | Reward -300.00 | Epsilon 0.5108
Seed 6 | Episode 84 | Reward -300.00 | Epsilon 0.5062
Seed 6 | Episode 85 | Reward -300.00 | Epsilon 0.5017
Seed 6 | Episode 86 | Reward -300.00 | Epsilon 0.4972
Seed 6 | Episode 87 | Reward -300.00 | Epsilon 0.4927
Seed 6 | Episode 88 | Reward -76.00 | Epsilon 0.4901
Seed 6 | Episode 89 | Reward 47.00 | Epsilon 0.4893
Seed 6 | Episode 90 | Reward -300.00 | Epsilon 0.4849
Seed 6 | Episode 91 | Reward -300.00 | Epsilon 0.4806
Seed 6 | Episode 92 | Reward -147.00 | Epsilon 0.4770
Seed 6 | Episode 93 | Reward -300.00 | Epsilon 0.4728
Seed 6 | Episode 94 | Reward -102.00 | Epsilon 0.4699
Seed 6 | Episode 95 | Reward 46.00 | Epsilon 0.4691
Seed 6 | Episode 96 | Reward -300.00 | Epsilon 0.4649
Seed 6 | Episode 97 | Reward -300.00 | Epsilon 0.4607
Seed 6 | Episode 98 | Reward -62.00 | Epsilon 0.4585
Seed 6 | Episode 99 | Reward -300.00 | Epsilon 0.4544
Seed 6 | Episode 100 | Reward -53.00 | Epsilon 0.4523
Seed 6 | Episode 101 | Reward -300.00 | Epsilon 0.4482
Seed 6 | Episode 102 | Reward -300.00 | Epsilon 0.4442
Seed 6 | Episode 103 | Reward -33.00 | Epsilon 0.4424
Seed 6 | Episode 104 | Reward 49.00 | Epsilon 0.4418
Seed 6 | Episode 105 | Reward 44.00 | Epsilon 0.4410
Seed 6 | Episode 106 | Reward 38.00 | Epsilon 0.4402
Seed 6 | Episode 107 | Reward -300.00 | Epsilon 0.4362
Seed 6 | Episode 108 | Reward -300.00 | Epsilon 0.4323
Seed 6 | Episode 109 | Reward -19.00 | Epsilon 0.4308
Seed 6 | Episode 110 | Reward 44.00 | Epsilon 0.4300
Seed 6 | Episode 111 | Reward -300.00 | Epsilon 0.4262
Seed 6 | Episode 112 | Reward -300.00 | Epsilon 0.4224
Seed 6 | Episode 113 | Reward 54.00 | Epsilon 0.4218
Seed 6 | Episode 114 | Reward -168.00 | Epsilon 0.4184
Seed 6 | Episode 115 | Reward -300.00 | Epsilon 0.4146
Seed 6 | Episode 116 | Reward 48.00 | Epsilon 0.4140
Seed 6 | Episode 117 | Reward -186.00 | Epsilon 0.4104
Seed 6 | Episode 118 | Reward -120.00 | Epsilon 0.4077
Seed 6 | Episode 119 | Reward 54.00 | Epsilon 0.4071
Seed 6 | Episode 120 | Reward -300.00 | Epsilon 0.4035
Seed 6 | Episode 121 | Reward 48.00 | Epsilon 0.4028
Seed 6 | Episode 122 | Reward 56.00 | Epsilon 0.4023
Seed 6 | Episode 123 | Reward -36.00 | Epsilon 0.4006
Seed 6 | Episode 124 | Reward -4.00 | Epsilon 0.3994
Seed 6 | Episode 125 | Reward 44.00 | Epsilon 0.3987
Seed 6 | Episode 126 | Reward -300.00 | Epsilon 0.3951
Seed 6 | Episode 127 | Reward 31.00 | Epsilon 0.3943
Seed 6 | Episode 128 | Reward 33.00 | Epsilon 0.3935
Seed 6 | Episode 129 | Reward 57.00 | Epsilon 0.3930
Seed 6 | Episode 130 | Reward 54.00 | Epsilon 0.3924
Seed 6 | Episode 131 | Reward -35.00 | Epsilon 0.3908
Seed 6 | Episode 132 | Reward 47.00 | Epsilon 0.3902
Seed 6 | Episode 133 | Reward -162.00 | Epsilon 0.3871
Seed 6 | Episode 134 | Reward -191.00 | Epsilon 0.3837
Seed 6 | Episode 135 | Reward 28.00 | Epsilon 0.3829
Seed 6 | Episode 136 | Reward -79.00 | Epsilon 0.3808
Seed 6 | Episode 137 | Reward 40.00 | Epsilon 0.3802
Seed 6 | Episode 138 | Reward 36.00 | Epsilon 0.3794
Seed 6 | Episode 139 | Reward 53.00 | Epsilon 0.3789
Seed 6 | Episode 140 | Reward -36.00 | Epsilon 0.3773
Seed 6 | Episode 141 | Reward 62.00 | Epsilon 0.3769
Seed 6 | Episode 142 | Reward -19.00 | Epsilon 0.3755
Seed 6 | Episode 143 | Reward -2.00 | Epsilon 0.3744
Seed 6 | Episode 144 | Reward -101.00 | Epsilon 0.3721
Seed 6 | Episode 145 | Reward -77.00 | Epsilon 0.3701
Seed 6 | Episode 146 | Reward 27.00 | Epsilon 0.3693
Seed 6 | Episode 147 | Reward 21.00 | Epsilon 0.3684
Seed 6 | Episode 148 | Reward -41.00 | Epsilon 0.3668
Seed 6 | Episode 149 | Reward 56.00 | Epsilon 0.3663
Seed 6 | Episode 150 | Reward 50.00 | Epsilon 0.3658
Seed 6 | Episode 151 | Reward -300.00 | Epsilon 0.3625
Seed 6 | Episode 152 | Reward -90.00 | Epsilon 0.3604
Seed 6 | Episode 153 | Reward 42.00 | Epsilon 0.3598
Seed 6 | Episode 154 | Reward -121.00 | Epsilon 0.3574
Seed 6 | Episode 155 | Reward -31.00 | Epsilon 0.3560
Seed 6 | Episode 156 | Reward 44.00 | Epsilon 0.3554
Seed 6 | Episode 157 | Reward -14.00 | Epsilon 0.3542
Seed 6 | Episode 158 | Reward 38.00 | Epsilon 0.3535
Seed 6 | Episode 159 | Reward 41.00 | Epsilon 0.3529
Seed 6 | Episode 160 | Reward -300.00 | Epsilon 0.3497
Seed 6 | Episode 161 | Reward -51.00 | Epsilon 0.3481
Seed 6 | Episode 162 | Reward -30.00 | Epsilon 0.3467
Seed 6 | Episode 163 | Reward 55.00 | Epsilon 0.3463
Seed 6 | Episode 164 | Reward 47.00 | Epsilon 0.3457
Seed 6 | Episode 165 | Reward 35.00 | Epsilon 0.3450
Seed 6 | Episode 166 | Reward -4.00 | Epsilon 0.3439
Seed 6 | Episode 167 | Reward -22.00 | Epsilon 0.3427
Seed 6 | Episode 168 | Reward -82.00 | Epsilon 0.3408
Seed 6 | Episode 169 | Reward -16.00 | Epsilon 0.3396
Seed 6 | Episode 170 | Reward 36.00 | Epsilon 0.3389
Seed 6 | Episode 171 | Reward 53.00 | Epsilon 0.3385
Seed 6 | Episode 172 | Reward 55.00 | Epsilon 0.3380
Seed 6 | Episode 173 | Reward -300.00 | Epsilon 0.3350
Seed 6 | Episode 174 | Reward 43.00 | Epsilon 0.3344
Seed 6 | Episode 175 | Reward 48.00 | Epsilon 0.3338
Seed 6 | Episode 176 | Reward 34.00 | Epsilon 0.3332
Seed 6 | Episode 177 | Reward 44.00 | Epsilon 0.3326
Seed 6 | Episode 178 | Reward 50.00 | Epsilon 0.3321
Seed 6 | Episode 179 | Reward 57.00 | Epsilon 0.3317
Seed 6 | Episode 180 | Reward -12.00 | Epsilon 0.3305
Seed 6 | Episode 181 | Reward -42.00 | Epsilon 0.3291
Seed 6 | Episode 182 | Reward -29.00 | Epsilon 0.3278
Seed 6 | Episode 183 | Reward 4.00 | Epsilon 0.3269
Seed 6 | Episode 184 | Reward 39.00 | Epsilon 0.3263
Seed 6 | Episode 185 | Reward 59.00 | Epsilon 0.3259
Seed 6 | Episode 186 | Reward -23.00 | Epsilon 0.3247
Seed 6 | Episode 187 | Reward 52.00 | Epsilon 0.3242
Seed 6 | Episode 188 | Reward 62.00 | Epsilon 0.3238
Seed 6 | Episode 189 | Reward 47.00 | Epsilon 0.3233
Seed 6 | Episode 190 | Reward 51.00 | Epsilon 0.3228
Seed 6 | Episode 191 | Reward 50.00 | Epsilon 0.3223
Seed 6 | Episode 192 | Reward 51.00 | Epsilon 0.3218
Seed 6 | Episode 193 | Reward 40.00 | Epsilon 0.3212
Seed 6 | Episode 194 | Reward 47.00 | Epsilon 0.3207
Seed 6 | Episode 195 | Reward 58.00 | Epsilon 0.3203
Seed 6 | Episode 196 | Reward 42.00 | Epsilon 0.3197
Seed 6 | Episode 197 | Reward -2.00 | Epsilon 0.3187
Seed 6 | Episode 198 | Reward 51.00 | Epsilon 0.3183
Seed 6 | Episode 199 | Reward 50.00 | Epsilon 0.3178
Seed 6 | Episode 200 | Reward -19.00 | Epsilon 0.3166
Seed 6 | Episode 201 | Reward 52.00 | Epsilon 0.3162
Seed 6 | Episode 202 | Reward -12.00 | Epsilon 0.3151
Seed 6 | Episode 203 | Reward -300.00 | Epsilon 0.3123
Seed 6 | Episode 204 | Reward 57.00 | Epsilon 0.3119
Seed 6 | Episode 205 | Reward 60.00 | Epsilon 0.3115
Seed 6 | Episode 206 | Reward 50.00 | Epsilon 0.3110
Seed 6 | Episode 207 | Reward 38.00 | Epsilon 0.3104
Seed 6 | Episode 208 | Reward 40.00 | Epsilon 0.3098
Seed 6 | Episode 209 | Reward 48.00 | Epsilon 0.3094
Seed 6 | Episode 210 | Reward 54.00 | Epsilon 0.3089
Seed 6 | Episode 211 | Reward 61.00 | Epsilon 0.3086
Seed 6 | Episode 212 | Reward -31.00 | Epsilon 0.3073
Seed 6 | Episode 213 | Reward -12.00 | Epsilon 0.3063
Seed 6 | Episode 214 | Reward 53.00 | Epsilon 0.3059
Seed 6 | Episode 215 | Reward 36.00 | Epsilon 0.3053
Seed 6 | Episode 216 | Reward 48.00 | Epsilon 0.3048
Seed 6 | Episode 217 | Reward 47.00 | Epsilon 0.3043
Seed 6 | Episode 218 | Reward -56.00 | Epsilon 0.3028
Seed 6 | Episode 219 | Reward 40.00 | Epsilon 0.3023
Seed 6 | Episode 220 | Reward -123.00 | Epsilon 0.3003
Seed 6 | Episode 221 | Reward 37.00 | Epsilon 0.2997
Seed 6 | Episode 222 | Reward 55.00 | Epsilon 0.2993
Seed 6 | Episode 223 | Reward 40.00 | Epsilon 0.2987
Seed 6 | Episode 224 | Reward -31.00 | Epsilon 0.2976
Seed 6 | Episode 225 | Reward 61.00 | Epsilon 0.2972
Seed 6 | Episode 226 | Reward -8.00 | Epsilon 0.2962
Seed 6 | Episode 227 | Reward 55.00 | Epsilon 0.2958
Seed 6 | Episode 228 | Reward 63.00 | Epsilon 0.2955
Seed 6 | Episode 229 | Reward -62.00 | Epsilon 0.2940
Seed 6 | Episode 230 | Reward -36.00 | Epsilon 0.2928
Seed 6 | Episode 231 | Reward 46.00 | Epsilon 0.2923
Seed 6 | Episode 232 | Reward 41.00 | Epsilon 0.2918
Seed 6 | Episode 233 | Reward 51.00 | Epsilon 0.2914
Seed 6 | Episode 234 | Reward 62.00 | Epsilon 0.2910
Seed 6 | Episode 235 | Reward 37.00 | Epsilon 0.2905
Seed 6 | Episode 236 | Reward -41.00 | Epsilon 0.2893
Seed 6 | Episode 237 | Reward 51.00 | Epsilon 0.2888
Seed 6 | Episode 238 | Reward 26.00 | Epsilon 0.2882
Seed 6 | Episode 239 | Reward 59.00 | Epsilon 0.2878
Seed 6 | Episode 240 | Reward 31.00 | Epsilon 0.2872
Seed 6 | Episode 241 | Reward 40.00 | Epsilon 0.2867
Seed 6 | Episode 242 | Reward 42.00 | Epsilon 0.2862
Seed 6 | Episode 243 | Reward 39.00 | Epsilon 0.2856
Seed 6 | Episode 244 | Reward 61.00 | Epsilon 0.2853
Seed 6 | Episode 245 | Reward 48.00 | Epsilon 0.2848
Seed 6 | Episode 246 | Reward 49.00 | Epsilon 0.2844
Seed 6 | Episode 247 | Reward 46.00 | Epsilon 0.2839
Seed 6 | Episode 248 | Reward 55.00 | Epsilon 0.2835
Seed 6 | Episode 249 | Reward 41.00 | Epsilon 0.2830
Seed 6 | Episode 250 | Reward 50.00 | Epsilon 0.2826
Seed 6 | Episode 251 | Reward -300.00 | Epsilon 0.2801
Seed 6 | Episode 252 | Reward 36.00 | Epsilon 0.2795
Seed 6 | Episode 253 | Reward 52.00 | Epsilon 0.2791
Seed 6 | Episode 254 | Reward 53.00 | Epsilon 0.2787
Seed 6 | Episode 255 | Reward 37.00 | Epsilon 0.2782
Seed 6 | Episode 256 | Reward 54.00 | Epsilon 0.2778
Seed 6 | Episode 257 | Reward 43.00 | Epsilon 0.2773
Seed 6 | Episode 258 | Reward 57.00 | Epsilon 0.2769
Seed 6 | Episode 259 | Reward 53.00 | Epsilon 0.2765
Seed 6 | Episode 260 | Reward 56.00 | Epsilon 0.2762
Seed 6 | Episode 261 | Reward 48.00 | Epsilon 0.2757
Seed 6 | Episode 262 | Reward 55.00 | Epsilon 0.2753
Seed 6 | Episode 263 | Reward 38.00 | Epsilon 0.2748
Seed 6 | Episode 264 | Reward 34.00 | Epsilon 0.2743
Seed 6 | Episode 265 | Reward 52.00 | Epsilon 0.2739
Seed 6 | Episode 266 | Reward -38.00 | Epsilon 0.2727
Seed 6 | Episode 267 | Reward -23.00 | Epsilon 0.2717
Seed 6 | Episode 268 | Reward 48.00 | Epsilon 0.2713
Seed 6 | Episode 269 | Reward 42.00 | Epsilon 0.2708
Seed 6 | Episode 270 | Reward 51.00 | Epsilon 0.2704
Seed 6 | Episode 271 | Reward 1.00 | Epsilon 0.2696
Seed 6 | Episode 272 | Reward 48.00 | Epsilon 0.2692
Seed 6 | Episode 273 | Reward 50.00 | Epsilon 0.2687
Seed 6 | Episode 274 | Reward 55.00 | Epsilon 0.2684
Seed 6 | Episode 275 | Reward 36.00 | Epsilon 0.2679
Seed 6 | Episode 276 | Reward 51.00 | Epsilon 0.2675
Seed 6 | Episode 277 | Reward 45.00 | Epsilon 0.2670
Seed 6 | Episode 278 | Reward 50.00 | Epsilon 0.2666
Seed 6 | Episode 279 | Reward 55.00 | Epsilon 0.2662
Seed 6 | Episode 280 | Reward -153.00 | Epsilon 0.2642
Seed 6 | Episode 281 | Reward 54.00 | Epsilon 0.2638
Seed 6 | Episode 282 | Reward -300.00 | Epsilon 0.2615
Seed 6 | Episode 283 | Reward 39.00 | Epsilon 0.2610
Seed 6 | Episode 284 | Reward 42.00 | Epsilon 0.2605
Seed 6 | Episode 285 | Reward 44.00 | Epsilon 0.2601
Seed 6 | Episode 286 | Reward 37.00 | Epsilon 0.2596
Seed 6 | Episode 287 | Reward 54.00 | Epsilon 0.2592
Seed 6 | Episode 288 | Reward 47.00 | Epsilon 0.2588
Seed 6 | Episode 289 | Reward -69.00 | Epsilon 0.2575
Seed 6 | Episode 290 | Reward 49.00 | Epsilon 0.2571
Seed 6 | Episode 291 | Reward 55.00 | Epsilon 0.2567
Seed 6 | Episode 292 | Reward 58.00 | Epsilon 0.2564
Seed 6 | Episode 293 | Reward 49.00 | Epsilon 0.2560
Seed 6 | Episode 294 | Reward 52.00 | Epsilon 0.2556
Seed 6 | Episode 295 | Reward 45.00 | Epsilon 0.2552
Seed 6 | Episode 296 | Reward 46.00 | Epsilon 0.2548
Seed 6 | Episode 297 | Reward 57.00 | Epsilon 0.2544
Seed 6 | Episode 298 | Reward 24.00 | Epsilon 0.2538
Seed 6 | Episode 299 | Reward 58.00 | Epsilon 0.2535
Seed 6 | Episode 300 | Reward 43.00 | Epsilon 0.2531
Seed 6 | Episode 301 | Reward 1.00 | Epsilon 0.2523
Seed 6 | Episode 302 | Reward 58.00 | Epsilon 0.2520
Seed 6 | Episode 303 | Reward 54.00 | Epsilon 0.2516
Seed 6 | Episode 304 | Reward 43.00 | Epsilon 0.2512
Seed 6 | Episode 305 | Reward 52.00 | Epsilon 0.2508
Seed 6 | Episode 306 | Reward 50.00 | Epsilon 0.2504
Seed 6 | Episode 307 | Reward 55.00 | Epsilon 0.2501
Seed 6 | Episode 308 | Reward 45.00 | Epsilon 0.2497
Seed 6 | Episode 309 | Reward 61.00 | Epsilon 0.2494
Seed 6 | Episode 310 | Reward 42.00 | Epsilon 0.2489
Seed 6 | Episode 311 | Reward 48.00 | Epsilon 0.2485
Seed 6 | Episode 312 | Reward 39.00 | Epsilon 0.2481
Seed 6 | Episode 313 | Reward -115.00 | Epsilon 0.2465
Seed 6 | Episode 314 | Reward 53.00 | Epsilon 0.2461
Seed 6 | Episode 315 | Reward 42.00 | Epsilon 0.2457
Seed 6 | Episode 316 | Reward 38.00 | Epsilon 0.2452
Seed 6 | Episode 317 | Reward 62.00 | Epsilon 0.2449
Seed 6 | Episode 318 | Reward 53.00 | Epsilon 0.2446
Seed 6 | Episode 319 | Reward 60.00 | Epsilon 0.2443
Seed 6 | Episode 320 | Reward 3.00 | Epsilon 0.2436
Seed 6 | Episode 321 | Reward 39.00 | Epsilon 0.2431
Seed 6 | Episode 322 | Reward 46.00 | Epsilon 0.2427
Seed 6 | Episode 323 | Reward 54.00 | Epsilon 0.2424
Seed 6 | Episode 324 | Reward 31.00 | Epsilon 0.2419
Seed 6 | Episode 325 | Reward 50.00 | Epsilon 0.2415
Seed 6 | Episode 326 | Reward 45.00 | Epsilon 0.2411
Seed 6 | Episode 327 | Reward -14.00 | Epsilon 0.2403
Seed 6 | Episode 328 | Reward 56.00 | Epsilon 0.2399
Seed 6 | Episode 329 | Reward 44.00 | Epsilon 0.2395
Seed 6 | Episode 330 | Reward 51.00 | Epsilon 0.2392
Seed 6 | Episode 331 | Reward 44.00 | Epsilon 0.2388
Seed 6 | Episode 332 | Reward 48.00 | Epsilon 0.2384
Seed 6 | Episode 333 | Reward -175.00 | Epsilon 0.2364
Seed 6 | Episode 334 | Reward -47.00 | Epsilon 0.2354
Seed 6 | Episode 335 | Reward 12.00 | Epsilon 0.2347
Seed 6 | Episode 336 | Reward 63.00 | Epsilon 0.2345
Seed 6 | Episode 337 | Reward 36.00 | Epsilon 0.2340
Seed 6 | Episode 338 | Reward 50.00 | Epsilon 0.2337
Seed 6 | Episode 339 | Reward 40.00 | Epsilon 0.2332
Seed 6 | Episode 340 | Reward 62.00 | Epsilon 0.2330
Seed 6 | Episode 341 | Reward 56.00 | Epsilon 0.2326
Seed 6 | Episode 342 | Reward 37.00 | Epsilon 0.2322
Seed 6 | Episode 343 | Reward 59.00 | Epsilon 0.2319
Seed 6 | Episode 344 | Reward 58.00 | Epsilon 0.2316
Seed 6 | Episode 345 | Reward 51.00 | Epsilon 0.2313
Seed 6 | Episode 346 | Reward 46.00 | Epsilon 0.2309
Seed 6 | Episode 347 | Reward 49.00 | Epsilon 0.2305
Seed 6 | Episode 348 | Reward 51.00 | Epsilon 0.2302
Seed 6 | Episode 349 | Reward 44.00 | Epsilon 0.2298
Seed 6 | Episode 350 | Reward 33.00 | Epsilon 0.2293
Seed 6 | Episode 351 | Reward 48.00 | Epsilon 0.2289
Seed 6 | Episode 352 | Reward -42.00 | Epsilon 0.2280
Seed 6 | Episode 353 | Reward 44.00 | Epsilon 0.2276
Seed 6 | Episode 354 | Reward 43.00 | Epsilon 0.2272
Seed 6 | Episode 355 | Reward 39.00 | Epsilon 0.2268
Seed 6 | Episode 356 | Reward 53.00 | Epsilon 0.2264
Seed 6 | Episode 357 | Reward 40.00 | Epsilon 0.2260
Seed 6 | Episode 358 | Reward 31.00 | Epsilon 0.2255
Seed 6 | Episode 359 | Reward -126.00 | Epsilon 0.2240
Seed 6 | Episode 360 | Reward 60.00 | Epsilon 0.2237
Seed 6 | Episode 361 | Reward -51.00 | Epsilon 0.2227
Seed 6 | Episode 362 | Reward 53.00 | Epsilon 0.2224
Seed 6 | Episode 363 | Reward 60.00 | Epsilon 0.2221
Seed 6 | Episode 364 | Reward 57.00 | Epsilon 0.2218
Seed 6 | Episode 365 | Reward 42.00 | Epsilon 0.2214
Seed 6 | Episode 366 | Reward 43.00 | Epsilon 0.2211
Seed 6 | Episode 367 | Reward 50.00 | Epsilon 0.2207
Seed 6 | Episode 368 | Reward 48.00 | Epsilon 0.2204
Seed 6 | Episode 369 | Reward 56.00 | Epsilon 0.2201
Seed 6 | Episode 370 | Reward 48.00 | Epsilon 0.2197
Seed 6 | Episode 371 | Reward 44.00 | Epsilon 0.2193
Seed 6 | Episode 372 | Reward 48.00 | Epsilon 0.2190
Seed 6 | Episode 373 | Reward 49.00 | Epsilon 0.2187
Seed 6 | Episode 374 | Reward 16.00 | Epsilon 0.2181
Seed 6 | Episode 375 | Reward 47.00 | Epsilon 0.2177
Seed 6 | Episode 376 | Reward 49.00 | Epsilon 0.2174
Seed 6 | Episode 377 | Reward 48.00 | Epsilon 0.2171
Seed 6 | Episode 378 | Reward 64.00 | Epsilon 0.2168
Seed 6 | Episode 379 | Reward 24.00 | Epsilon 0.2163
Seed 6 | Episode 380 | Reward 47.00 | Epsilon 0.2160
Seed 6 | Episode 381 | Reward 45.00 | Epsilon 0.2156
Seed 6 | Episode 382 | Reward 45.00 | Epsilon 0.2152
Seed 6 | Episode 383 | Reward 58.00 | Epsilon 0.2150
Seed 6 | Episode 384 | Reward 43.00 | Epsilon 0.2146
Seed 6 | Episode 385 | Reward -83.00 | Epsilon 0.2134
Seed 6 | Episode 386 | Reward 34.00 | Epsilon 0.2130
Seed 6 | Episode 387 | Reward 49.00 | Epsilon 0.2126
Seed 6 | Episode 388 | Reward -58.00 | Epsilon 0.2116
Seed 6 | Episode 389 | Reward 43.00 | Epsilon 0.2113
Seed 6 | Episode 390 | Reward 57.00 | Epsilon 0.2110
Seed 6 | Episode 391 | Reward 61.00 | Epsilon 0.2107
Seed 6 | Episode 392 | Reward 61.00 | Epsilon 0.2105
Seed 6 | Episode 393 | Reward 61.00 | Epsilon 0.2102
Seed 6 | Episode 394 | Reward 54.00 | Epsilon 0.2099
Seed 6 | Episode 395 | Reward 49.00 | Epsilon 0.2096
Seed 6 | Episode 396 | Reward -41.00 | Epsilon 0.2087
Seed 6 | Episode 397 | Reward 63.00 | Epsilon 0.2085
Seed 6 | Episode 398 | Reward 49.00 | Epsilon 0.2082
Seed 6 | Episode 399 | Reward 46.00 | Epsilon 0.2078
Seed 6 | Episode 400 | Reward 50.00 | Epsilon 0.2075
Seed 6 | Episode 401 | Reward 46.00 | Epsilon 0.2072
Seed 6 | Episode 402 | Reward 44.00 | Epsilon 0.2068
Seed 6 | Episode 403 | Reward -16.00 | Epsilon 0.2061
Seed 6 | Episode 404 | Reward 50.00 | Epsilon 0.2058
Seed 6 | Episode 405 | Reward -49.00 | Epsilon 0.2048
Seed 6 | Episode 406 | Reward 41.00 | Epsilon 0.2045
Seed 6 | Episode 407 | Reward 37.00 | Epsilon 0.2041
Seed 6 | Episode 408 | Reward 54.00 | Epsilon 0.2038
Seed 6 | Episode 409 | Reward 44.00 | Epsilon 0.2034
Seed 6 | Episode 410 | Reward 59.00 | Epsilon 0.2032
Seed 6 | Episode 411 | Reward 45.00 | Epsilon 0.2028
Seed 6 | Episode 412 | Reward 50.00 | Epsilon 0.2025
Seed 6 | Episode 413 | Reward 46.00 | Epsilon 0.2022
Seed 6 | Episode 414 | Reward 51.00 | Epsilon 0.2019
Seed 6 | Episode 415 | Reward 46.00 | Epsilon 0.2016
Seed 6 | Episode 416 | Reward 49.00 | Epsilon 0.2012
Seed 6 | Episode 417 | Reward 52.00 | Epsilon 0.2010
Seed 6 | Episode 418 | Reward 40.00 | Epsilon 0.2006
Seed 6 | Episode 419 | Reward 45.00 | Epsilon 0.2002
Seed 6 | Episode 420 | Reward -12.00 | Epsilon 0.1996
Seed 6 | Episode 421 | Reward 61.00 | Epsilon 0.1993
Seed 6 | Episode 422 | Reward 58.00 | Epsilon 0.1991
Seed 6 | Episode 423 | Reward 56.00 | Epsilon 0.1988
Seed 6 | Episode 424 | Reward 61.00 | Epsilon 0.1986
Seed 6 | Episode 425 | Reward 57.00 | Epsilon 0.1983
Seed 6 | Episode 426 | Reward 61.00 | Epsilon 0.1981
Seed 6 | Episode 427 | Reward 61.00 | Epsilon 0.1978
Seed 6 | Episode 428 | Reward 55.00 | Epsilon 0.1976
Seed 6 | Episode 429 | Reward 50.00 | Epsilon 0.1973
Seed 6 | Episode 430 | Reward 55.00 | Epsilon 0.1970
Seed 6 | Episode 431 | Reward 60.00 | Epsilon 0.1967
Seed 6 | Episode 432 | Reward 49.00 | Epsilon 0.1964
Seed 6 | Episode 433 | Reward -83.00 | Epsilon 0.1954
Seed 6 | Episode 434 | Reward 50.00 | Epsilon 0.1951
Seed 6 | Episode 435 | Reward 43.00 | Epsilon 0.1947
Seed 6 | Episode 436 | Reward 49.00 | Epsilon 0.1944
Seed 6 | Episode 437 | Reward 55.00 | Epsilon 0.1941
Seed 6 | Episode 438 | Reward 54.00 | Epsilon 0.1939
Seed 6 | Episode 439 | Reward 62.00 | Epsilon 0.1936
Seed 6 | Episode 440 | Reward 33.00 | Epsilon 0.1932
Seed 6 | Episode 441 | Reward 54.00 | Epsilon 0.1930
Seed 6 | Episode 442 | Reward 58.00 | Epsilon 0.1927
Seed 6 | Episode 443 | Reward 4.00 | Epsilon 0.1922
Seed 6 | Episode 444 | Reward 42.00 | Epsilon 0.1918
Seed 6 | Episode 445 | Reward 55.00 | Epsilon 0.1916
Seed 6 | Episode 446 | Reward 50.00 | Epsilon 0.1913
Seed 6 | Episode 447 | Reward 41.00 | Epsilon 0.1909
Seed 6 | Episode 448 | Reward 54.00 | Epsilon 0.1907
Seed 6 | Episode 449 | Reward 54.00 | Epsilon 0.1904
Seed 6 | Episode 450 | Reward 46.00 | Epsilon 0.1901
Seed 6 | Episode 451 | Reward -300.00 | Epsilon 0.1884
Seed 6 | Episode 452 | Reward 59.00 | Epsilon 0.1881
Seed 6 | Episode 453 | Reward -16.00 | Epsilon 0.1875
Seed 6 | Episode 454 | Reward -43.00 | Epsilon 0.1867
Seed 6 | Episode 455 | Reward 53.00 | Epsilon 0.1864
Seed 6 | Episode 456 | Reward -300.00 | Epsilon 0.1847
Seed 6 | Episode 457 | Reward 51.00 | Epsilon 0.1845
Seed 6 | Episode 458 | Reward 57.00 | Epsilon 0.1842
Seed 6 | Episode 459 | Reward 59.00 | Epsilon 0.1840
Seed 6 | Episode 460 | Reward 61.00 | Epsilon 0.1838
Seed 6 | Episode 461 | Reward 62.00 | Epsilon 0.1835
Seed 6 | Episode 462 | Reward 38.00 | Epsilon 0.1832
Seed 6 | Episode 463 | Reward 35.00 | Epsilon 0.1828
Seed 6 | Episode 464 | Reward 50.00 | Epsilon 0.1826
Seed 6 | Episode 465 | Reward 61.00 | Epsilon 0.1823
Seed 6 | Episode 466 | Reward 41.00 | Epsilon 0.1820
Seed 6 | Episode 467 | Reward 51.00 | Epsilon 0.1817
Seed 6 | Episode 468 | Reward 65.00 | Epsilon 0.1815
Seed 6 | Episode 469 | Reward 41.00 | Epsilon 0.1812
Seed 6 | Episode 470 | Reward 51.00 | Epsilon 0.1809
Seed 6 | Episode 471 | Reward 45.00 | Epsilon 0.1806
Seed 6 | Episode 472 | Reward 53.00 | Epsilon 0.1804
Seed 6 | Episode 473 | Reward 50.00 | Epsilon 0.1801
Seed 6 | Episode 474 | Reward -5.00 | Epsilon 0.1795
Seed 6 | Episode 475 | Reward 25.00 | Epsilon 0.1791
Seed 6 | Episode 476 | Reward -78.00 | Epsilon 0.1782
Seed 6 | Episode 477 | Reward 63.00 | Epsilon 0.1780
Seed 6 | Episode 478 | Reward 51.00 | Epsilon 0.1777
Seed 6 | Episode 479 | Reward -50.00 | Epsilon 0.1769
Seed 6 | Episode 480 | Reward 43.00 | Epsilon 0.1766
Seed 6 | Episode 481 | Reward 38.00 | Epsilon 0.1762
Seed 6 | Episode 482 | Reward 49.00 | Epsilon 0.1760
Seed 6 | Episode 483 | Reward 21.00 | Epsilon 0.1755
Seed 6 | Episode 484 | Reward 55.00 | Epsilon 0.1753
Seed 6 | Episode 485 | Reward 43.00 | Epsilon 0.1750
Seed 6 | Episode 486 | Reward 47.00 | Epsilon 0.1747
Seed 6 | Episode 487 | Reward 57.00 | Epsilon 0.1745
Seed 6 | Episode 488 | Reward 51.00 | Epsilon 0.1742
Seed 6 | Episode 489 | Reward -8.00 | Epsilon 0.1737
Seed 6 | Episode 490 | Reward 51.00 | Epsilon 0.1734
Seed 6 | Episode 491 | Reward 54.00 | Epsilon 0.1732
Seed 6 | Episode 492 | Reward 50.00 | Epsilon 0.1729
Seed 6 | Episode 493 | Reward 61.00 | Epsilon 0.1727
Seed 6 | Episode 494 | Reward 36.00 | Epsilon 0.1723
Seed 6 | Episode 495 | Reward 41.00 | Epsilon 0.1720
Seed 6 | Episode 496 | Reward 58.00 | Epsilon 0.1718
Seed 6 | Episode 497 | Reward 25.00 | Epsilon 0.1714
Seed 6 | Episode 498 | Reward 54.00 | Epsilon 0.1712
Seed 6 | Episode 499 | Reward -76.00 | Epsilon 0.1703
Seed 6 | Episode 500 | Reward 45.00 | Epsilon 0.1700
Seed 6 | Episode 501 | Reward 54.00 | Epsilon 0.1697
Seed 6 | Episode 502 | Reward 53.00 | Epsilon 0.1695
Seed 6 | Episode 503 | Reward 6.00 | Epsilon 0.1690
Seed 6 | Episode 504 | Reward 43.00 | Epsilon 0.1687
Seed 6 | Episode 505 | Reward 37.00 | Epsilon 0.1684
Seed 6 | Episode 506 | Reward -4.00 | Epsilon 0.1679
Seed 6 | Episode 507 | Reward 26.00 | Epsilon 0.1675
Seed 6 | Episode 508 | Reward -1.00 | Epsilon 0.1670
Seed 6 | Episode 509 | Reward 51.00 | Epsilon 0.1667
Seed 6 | Episode 510 | Reward 53.00 | Epsilon 0.1665
Seed 6 | Episode 511 | Reward 64.00 | Epsilon 0.1663
Seed 6 | Episode 512 | Reward 36.00 | Epsilon 0.1660
Seed 6 | Episode 513 | Reward -55.00 | Epsilon 0.1652
Seed 6 | Episode 514 | Reward 53.00 | Epsilon 0.1650
Seed 6 | Episode 515 | Reward 50.00 | Epsilon 0.1647
Seed 6 | Episode 516 | Reward 54.00 | Epsilon 0.1645
Seed 6 | Episode 517 | Reward 47.00 | Epsilon 0.1642
Seed 6 | Episode 518 | Reward 53.00 | Epsilon 0.1640
Seed 6 | Episode 519 | Reward 45.00 | Epsilon 0.1637
Seed 6 | Episode 520 | Reward 19.00 | Epsilon 0.1633
Seed 6 | Episode 521 | Reward -29.00 | Epsilon 0.1627
Seed 6 | Episode 522 | Reward 53.00 | Epsilon 0.1624
Seed 6 | Episode 523 | Reward 54.00 | Epsilon 0.1622
Seed 6 | Episode 524 | Reward 41.00 | Epsilon 0.1619
Seed 6 | Episode 525 | Reward 51.00 | Epsilon 0.1617
Seed 6 | Episode 526 | Reward 40.00 | Epsilon 0.1614
Seed 6 | Episode 527 | Reward 55.00 | Epsilon 0.1612
Seed 6 | Episode 528 | Reward 33.00 | Epsilon 0.1608
Seed 6 | Episode 529 | Reward -49.00 | Epsilon 0.1601
Seed 6 | Episode 530 | Reward 45.00 | Epsilon 0.1598
Seed 6 | Episode 531 | Reward -95.00 | Epsilon 0.1589
Seed 6 | Episode 532 | Reward 64.00 | Epsilon 0.1587
Seed 6 | Episode 533 | Reward 59.00 | Epsilon 0.1585
Seed 6 | Episode 534 | Reward 52.00 | Epsilon 0.1583
Seed 6 | Episode 535 | Reward 28.00 | Epsilon 0.1579
Seed 6 | Episode 536 | Reward -2.00 | Epsilon 0.1575
Seed 6 | Episode 537 | Reward 47.00 | Epsilon 0.1572
Seed 6 | Episode 538 | Reward 45.00 | Epsilon 0.1569
Seed 6 | Episode 539 | Reward 61.00 | Epsilon 0.1568
Seed 6 | Episode 540 | Reward 62.00 | Epsilon 0.1566
Seed 6 | Episode 541 | Reward 62.00 | Epsilon 0.1564
Seed 6 | Episode 542 | Reward -300.00 | Epsilon 0.1550
Seed 6 | Episode 543 | Reward -151.00 | Epsilon 0.1538
Seed 6 | Episode 544 | Reward 42.00 | Epsilon 0.1535
Seed 6 | Episode 545 | Reward 0.00 | Epsilon 0.1531
Seed 6 | Episode 546 | Reward -47.00 | Epsilon 0.1524
Seed 6 | Episode 547 | Reward 58.00 | Epsilon 0.1522
Seed 6 | Episode 548 | Reward -130.00 | Epsilon 0.1512
Seed 6 | Episode 549 | Reward 45.00 | Epsilon 0.1509
Seed 6 | Episode 550 | Reward -195.00 | Epsilon 0.1496
Seed 6 | Episode 551 | Reward -300.00 | Epsilon 0.1482
Seed 6 | Episode 552 | Reward -83.00 | Epsilon 0.1474
Seed 6 | Episode 553 | Reward 0.00 | Epsilon 0.1470
Seed 6 | Episode 554 | Reward 10.00 | Epsilon 0.1466
Seed 6 | Episode 555 | Reward 41.00 | Epsilon 0.1463
Seed 6 | Episode 556 | Reward -300.00 | Epsilon 0.1450
Seed 6 | Episode 557 | Reward 47.00 | Epsilon 0.1448
Seed 6 | Episode 558 | Reward -45.00 | Epsilon 0.1441
Seed 6 | Episode 559 | Reward -73.00 | Epsilon 0.1434
Seed 6 | Episode 560 | Reward 33.00 | Epsilon 0.1431
Seed 6 | Episode 561 | Reward 57.00 | Epsilon 0.1429
Seed 6 | Episode 562 | Reward 30.00 | Epsilon 0.1426
Seed 6 | Episode 563 | Reward 53.00 | Epsilon 0.1424
Seed 6 | Episode 564 | Reward 50.00 | Epsilon 0.1422
Seed 6 | Episode 565 | Reward -32.00 | Epsilon 0.1416
Seed 6 | Episode 566 | Reward 55.00 | Epsilon 0.1414
Seed 6 | Episode 567 | Reward 36.00 | Epsilon 0.1411
Seed 6 | Episode 568 | Reward 52.00 | Epsilon 0.1409
Seed 6 | Episode 569 | Reward 49.00 | Epsilon 0.1407
Seed 6 | Episode 570 | Reward -4.00 | Epsilon 0.1403
Seed 6 | Episode 571 | Reward -101.00 | Epsilon 0.1394
Seed 6 | Episode 572 | Reward 17.00 | Epsilon 0.1391
Seed 6 | Episode 573 | Reward 29.00 | Epsilon 0.1388
Seed 6 | Episode 574 | Reward 63.00 | Epsilon 0.1386
Seed 6 | Episode 575 | Reward 25.00 | Epsilon 0.1383
Seed 6 | Episode 576 | Reward -300.00 | Epsilon 0.1370
Seed 6 | Episode 577 | Reward 29.00 | Epsilon 0.1368
Seed 6 | Episode 578 | Reward 35.00 | Epsilon 0.1365
Seed 6 | Episode 579 | Reward 45.00 | Epsilon 0.1363
Seed 6 | Episode 580 | Reward 65.00 | Epsilon 0.1361
Seed 6 | Episode 581 | Reward 52.00 | Epsilon 0.1359
Seed 6 | Episode 582 | Reward 41.00 | Epsilon 0.1357
Seed 6 | Episode 583 | Reward 62.00 | Epsilon 0.1355
Seed 6 | Episode 584 | Reward -148.00 | Epsilon 0.1345
Seed 6 | Episode 585 | Reward -161.00 | Epsilon 0.1334
Seed 6 | Episode 586 | Reward 58.00 | Epsilon 0.1333
Seed 6 | Episode 587 | Reward 23.00 | Epsilon 0.1330
Seed 6 | Episode 588 | Reward 54.00 | Epsilon 0.1328
Seed 6 | Episode 589 | Reward -180.00 | Epsilon 0.1317
Seed 6 | Episode 590 | Reward 46.00 | Epsilon 0.1314
Seed 6 | Episode 591 | Reward 60.00 | Epsilon 0.1313
Seed 6 | Episode 592 | Reward 10.00 | Epsilon 0.1309
Seed 6 | Episode 593 | Reward -99.00 | Epsilon 0.1301
Seed 6 | Episode 594 | Reward -1.00 | Epsilon 0.1297
Seed 6 | Episode 595 | Reward 59.00 | Epsilon 0.1296
Seed 6 | Episode 596 | Reward 49.00 | Epsilon 0.1294
Seed 6 | Episode 597 | Reward -66.00 | Epsilon 0.1287
Seed 6 | Episode 598 | Reward 55.00 | Epsilon 0.1285
Seed 6 | Episode 599 | Reward 48.00 | Epsilon 0.1283
Seed 6 | Episode 600 | Reward 34.00 | Epsilon 0.1281
Seed 6 | Episode 601 | Reward 47.00 | Epsilon 0.1279
Seed 6 | Episode 602 | Reward -300.00 | Epsilon 0.1267
Seed 6 | Episode 603 | Reward 50.00 | Epsilon 0.1265
Seed 6 | Episode 604 | Reward -25.00 | Epsilon 0.1261
Seed 6 | Episode 605 | Reward 25.00 | Epsilon 0.1258
Seed 6 | Episode 606 | Reward 42.00 | Epsilon 0.1256
Seed 6 | Episode 607 | Reward 58.00 | Epsilon 0.1254
Seed 6 | Episode 608 | Reward 52.00 | Epsilon 0.1252
Seed 6 | Episode 609 | Reward -300.00 | Epsilon 0.1241
Seed 6 | Episode 610 | Reward 12.00 | Epsilon 0.1238
Seed 6 | Episode 611 | Reward 56.00 | Epsilon 0.1236
Seed 6 | Episode 612 | Reward 38.00 | Epsilon 0.1234
Seed 6 | Episode 613 | Reward 61.00 | Epsilon 0.1232
Seed 6 | Episode 614 | Reward 52.00 | Epsilon 0.1230
Seed 6 | Episode 615 | Reward 5.00 | Epsilon 0.1227
Seed 6 | Episode 616 | Reward -300.00 | Epsilon 0.1216
Seed 6 | Episode 617 | Reward 36.00 | Epsilon 0.1213
Seed 6 | Episode 618 | Reward 55.00 | Epsilon 0.1212
Seed 6 | Episode 619 | Reward 60.00 | Epsilon 0.1210
Seed 6 | Episode 620 | Reward 41.00 | Epsilon 0.1208
Seed 6 | Episode 621 | Reward 59.00 | Epsilon 0.1206
Seed 6 | Episode 622 | Reward 60.00 | Epsilon 0.1205
Seed 6 | Episode 623 | Reward 55.00 | Epsilon 0.1203
Seed 6 | Episode 624 | Reward -175.00 | Epsilon 0.1193
Seed 6 | Episode 625 | Reward 48.00 | Epsilon 0.1192
Seed 6 | Episode 626 | Reward -163.00 | Epsilon 0.1182
Seed 6 | Episode 627 | Reward 59.00 | Epsilon 0.1181
Seed 6 | Episode 628 | Reward 43.00 | Epsilon 0.1179
Seed 6 | Episode 629 | Reward 51.00 | Epsilon 0.1177
Seed 6 | Episode 630 | Reward -57.00 | Epsilon 0.1171
Seed 6 | Episode 631 | Reward 55.00 | Epsilon 0.1170
Seed 6 | Episode 632 | Reward 41.00 | Epsilon 0.1168
Seed 6 | Episode 633 | Reward -112.00 | Epsilon 0.1160
Seed 6 | Episode 634 | Reward 21.00 | Epsilon 0.1157
Seed 6 | Episode 635 | Reward 63.00 | Epsilon 0.1156
Seed 6 | Episode 636 | Reward 58.00 | Epsilon 0.1154
Seed 6 | Episode 637 | Reward 6.00 | Epsilon 0.1151
Seed 6 | Episode 638 | Reward 57.00 | Epsilon 0.1150
Seed 6 | Episode 639 | Reward 28.00 | Epsilon 0.1147
Seed 6 | Episode 640 | Reward 47.00 | Epsilon 0.1145
Seed 6 | Episode 641 | Reward 43.00 | Epsilon 0.1143
Seed 6 | Episode 642 | Reward 54.00 | Epsilon 0.1142
Seed 6 | Episode 643 | Reward -63.00 | Epsilon 0.1136
Seed 6 | Episode 644 | Reward 49.00 | Epsilon 0.1134
Seed 6 | Episode 645 | Reward 42.00 | Epsilon 0.1132
Seed 6 | Episode 646 | Reward -94.00 | Epsilon 0.1126
Seed 6 | Episode 647 | Reward 41.00 | Epsilon 0.1124
Seed 6 | Episode 648 | Reward 27.00 | Epsilon 0.1121
Seed 6 | Episode 649 | Reward -62.00 | Epsilon 0.1116
Seed 6 | Episode 650 | Reward 63.00 | Epsilon 0.1114
Seed 6 | Episode 651 | Reward 60.00 | Epsilon 0.1113
Seed 6 | Episode 652 | Reward 42.00 | Epsilon 0.1111
Seed 6 | Episode 653 | Reward -117.00 | Epsilon 0.1104
Seed 6 | Episode 654 | Reward 56.00 | Epsilon 0.1102
Seed 6 | Episode 655 | Reward 46.00 | Epsilon 0.1101
Seed 6 | Episode 656 | Reward 41.00 | Epsilon 0.1099
Seed 6 | Episode 657 | Reward 9.00 | Epsilon 0.1096
Seed 6 | Episode 658 | Reward -158.00 | Epsilon 0.1087
Seed 6 | Episode 659 | Reward 53.00 | Epsilon 0.1086
Seed 6 | Episode 660 | Reward 55.00 | Epsilon 0.1084
Seed 6 | Episode 661 | Reward 43.00 | Epsilon 0.1082
Seed 6 | Episode 662 | Reward 46.00 | Epsilon 0.1080
Seed 6 | Episode 663 | Reward 27.00 | Epsilon 0.1078
Seed 6 | Episode 664 | Reward 45.00 | Epsilon 0.1076
Seed 6 | Episode 665 | Reward 49.00 | Epsilon 0.1074
Seed 6 | Episode 666 | Reward 56.00 | Epsilon 0.1073
Seed 6 | Episode 667 | Reward 51.00 | Epsilon 0.1071
Seed 6 | Episode 668 | Reward 63.00 | Epsilon 0.1070
Seed 6 | Episode 669 | Reward 61.00 | Epsilon 0.1069
Seed 6 | Episode 670 | Reward 47.00 | Epsilon 0.1067
Seed 6 | Episode 671 | Reward 52.00 | Epsilon 0.1066
Seed 6 | Episode 672 | Reward -44.00 | Epsilon 0.1061
Seed 6 | Episode 673 | Reward 55.00 | Epsilon 0.1060
Seed 6 | Episode 674 | Reward -167.00 | Epsilon 0.1051
Seed 6 | Episode 675 | Reward -300.00 | Epsilon 0.1042
Seed 6 | Episode 676 | Reward 29.00 | Epsilon 0.1039
Seed 6 | Episode 677 | Reward 58.00 | Epsilon 0.1038
Seed 6 | Episode 678 | Reward 46.00 | Epsilon 0.1036
Seed 6 | Episode 679 | Reward 51.00 | Epsilon 0.1035
Seed 6 | Episode 680 | Reward 52.00 | Epsilon 0.1033
Seed 6 | Episode 681 | Reward 49.00 | Epsilon 0.1032
Seed 6 | Episode 682 | Reward 28.00 | Epsilon 0.1029
Seed 6 | Episode 683 | Reward 14.00 | Epsilon 0.1027
Seed 6 | Episode 684 | Reward -23.00 | Epsilon 0.1023
Seed 6 | Episode 685 | Reward 24.00 | Epsilon 0.1021
Seed 6 | Episode 686 | Reward 1.00 | Epsilon 0.1017
Seed 6 | Episode 687 | Reward 64.00 | Epsilon 0.1016
Seed 6 | Episode 688 | Reward 58.00 | Epsilon 0.1015
Seed 6 | Episode 689 | Reward 10.00 | Epsilon 0.1012
Seed 6 | Episode 690 | Reward 65.00 | Epsilon 0.1011
Seed 6 | Episode 691 | Reward 59.00 | Epsilon 0.1010
Seed 6 | Episode 692 | Reward 59.00 | Epsilon 0.1009
Seed 6 | Episode 693 | Reward 43.00 | Epsilon 0.1007
Seed 6 | Episode 694 | Reward 47.00 | Epsilon 0.1005
Seed 6 | Episode 695 | Reward 53.00 | Epsilon 0.1004
Seed 6 | Episode 696 | Reward 47.00 | Epsilon 0.1002
Seed 6 | Episode 697 | Reward 59.00 | Epsilon 0.1001
Seed 6 | Episode 698 | Reward 60.00 | Epsilon 0.1000
Seed 6 | Episode 699 | Reward 58.00 | Epsilon 0.0998
Seed 6 | Episode 700 | Reward 44.00 | Epsilon 0.0997
Seed 6 | Episode 701 | Reward 50.00 | Epsilon 0.0995
Seed 6 | Episode 702 | Reward 48.00 | Epsilon 0.0994
Seed 6 | Episode 703 | Reward 36.00 | Epsilon 0.0992
Seed 6 | Episode 704 | Reward 61.00 | Epsilon 0.0990
Seed 6 | Episode 705 | Reward 61.00 | Epsilon 0.0989
Seed 6 | Episode 706 | Reward 52.00 | Epsilon 0.0988
Seed 6 | Episode 707 | Reward 45.00 | Epsilon 0.0986
Seed 6 | Episode 708 | Reward 54.00 | Epsilon 0.0985
Seed 6 | Episode 709 | Reward 53.00 | Epsilon 0.0983
Seed 6 | Episode 710 | Reward -30.00 | Epsilon 0.0980
Seed 6 | Episode 711 | Reward 33.00 | Epsilon 0.0978
Seed 6 | Episode 712 | Reward 60.00 | Epsilon 0.0976
Seed 6 | Episode 713 | Reward 49.00 | Epsilon 0.0975
Seed 6 | Episode 714 | Reward 54.00 | Epsilon 0.0973
Seed 6 | Episode 715 | Reward 45.00 | Epsilon 0.0972
Seed 6 | Episode 716 | Reward 32.00 | Epsilon 0.0970
Seed 6 | Episode 717 | Reward -6.00 | Epsilon 0.0967
Seed 6 | Episode 718 | Reward 52.00 | Epsilon 0.0965
Seed 6 | Episode 719 | Reward 60.00 | Epsilon 0.0964
Seed 6 | Episode 720 | Reward -2.00 | Epsilon 0.0961
Seed 6 | Episode 721 | Reward 62.00 | Epsilon 0.0960
Seed 6 | Episode 722 | Reward 45.00 | Epsilon 0.0958
Seed 6 | Episode 723 | Reward 18.00 | Epsilon 0.0956
Seed 6 | Episode 724 | Reward 55.00 | Epsilon 0.0955
Seed 6 | Episode 725 | Reward 48.00 | Epsilon 0.0953
Seed 6 | Episode 726 | Reward 46.00 | Epsilon 0.0952
Seed 6 | Episode 727 | Reward 60.00 | Epsilon 0.0950
Seed 6 | Episode 728 | Reward 41.00 | Epsilon 0.0949
Seed 6 | Episode 729 | Reward 44.00 | Epsilon 0.0947
Seed 6 | Episode 730 | Reward 18.00 | Epsilon 0.0945
Seed 6 | Episode 731 | Reward 52.00 | Epsilon 0.0943
Seed 6 | Episode 732 | Reward 43.00 | Epsilon 0.0942
Seed 6 | Episode 733 | Reward 63.00 | Epsilon 0.0941
Seed 6 | Episode 734 | Reward 59.00 | Epsilon 0.0939
Seed 6 | Episode 735 | Reward 40.00 | Epsilon 0.0938
Seed 6 | Episode 736 | Reward 55.00 | Epsilon 0.0936
Seed 6 | Episode 737 | Reward 58.00 | Epsilon 0.0935
Seed 6 | Episode 738 | Reward 57.00 | Epsilon 0.0934
Seed 6 | Episode 739 | Reward 47.00 | Epsilon 0.0932
Seed 6 | Episode 740 | Reward 51.00 | Epsilon 0.0931
Seed 6 | Episode 741 | Reward 60.00 | Epsilon 0.0930
Seed 6 | Episode 742 | Reward 51.00 | Epsilon 0.0929
Seed 6 | Episode 743 | Reward -39.00 | Epsilon 0.0925
Seed 6 | Episode 744 | Reward 42.00 | Epsilon 0.0923
Seed 6 | Episode 745 | Reward 53.00 | Epsilon 0.0922
Seed 6 | Episode 746 | Reward 58.00 | Epsilon 0.0920
Seed 6 | Episode 747 | Reward 48.00 | Epsilon 0.0919
Seed 6 | Episode 748 | Reward 41.00 | Epsilon 0.0917
Seed 6 | Episode 749 | Reward 53.00 | Epsilon 0.0916
Seed 6 | Episode 750 | Reward 48.00 | Epsilon 0.0915
Seed 6 | Episode 751 | Reward 48.00 | Epsilon 0.0913
Seed 6 | Episode 752 | Reward 48.00 | Epsilon 0.0912
Seed 6 | Episode 753 | Reward -131.00 | Epsilon 0.0905
Seed 6 | Episode 754 | Reward 50.00 | Epsilon 0.0904
Seed 6 | Episode 755 | Reward 53.00 | Epsilon 0.0903
Seed 6 | Episode 756 | Reward -8.00 | Epsilon 0.0900
Seed 6 | Episode 757 | Reward 42.00 | Epsilon 0.0898
Seed 6 | Episode 758 | Reward 61.00 | Epsilon 0.0897
Seed 6 | Episode 759 | Reward 46.00 | Epsilon 0.0896
Seed 6 | Episode 760 | Reward -20.00 | Epsilon 0.0892
Seed 6 | Episode 761 | Reward 51.00 | Epsilon 0.0891
Seed 6 | Episode 762 | Reward 55.00 | Epsilon 0.0890
Seed 6 | Episode 763 | Reward 49.00 | Epsilon 0.0888
Seed 6 | Episode 764 | Reward 49.00 | Epsilon 0.0887
Seed 6 | Episode 765 | Reward -20.00 | Epsilon 0.0884
Seed 6 | Episode 766 | Reward -66.00 | Epsilon 0.0879
Seed 6 | Episode 767 | Reward 56.00 | Epsilon 0.0878
Seed 6 | Episode 768 | Reward 56.00 | Epsilon 0.0877
Seed 6 | Episode 769 | Reward -69.00 | Epsilon 0.0873
Seed 6 | Episode 770 | Reward 63.00 | Epsilon 0.0872
Seed 6 | Episode 771 | Reward 58.00 | Epsilon 0.0870
Seed 6 | Episode 772 | Reward 54.00 | Epsilon 0.0869
Seed 6 | Episode 773 | Reward 21.00 | Epsilon 0.0867
Seed 6 | Episode 774 | Reward 57.00 | Epsilon 0.0866
Seed 6 | Episode 775 | Reward 49.00 | Epsilon 0.0865
Seed 6 | Episode 776 | Reward 7.00 | Epsilon 0.0862
Seed 6 | Episode 777 | Reward 45.00 | Epsilon 0.0861
Seed 6 | Episode 778 | Reward 51.00 | Epsilon 0.0859
Seed 6 | Episode 779 | Reward 62.00 | Epsilon 0.0858
Seed 6 | Episode 780 | Reward 44.00 | Epsilon 0.0857
Seed 6 | Episode 781 | Reward 57.00 | Epsilon 0.0856
Seed 6 | Episode 782 | Reward 54.00 | Epsilon 0.0855
Seed 6 | Episode 783 | Reward 4.00 | Epsilon 0.0852
Seed 6 | Episode 784 | Reward 52.00 | Epsilon 0.0851
Seed 6 | Episode 785 | Reward 51.00 | Epsilon 0.0850
Seed 6 | Episode 786 | Reward -33.00 | Epsilon 0.0846
Seed 6 | Episode 787 | Reward 44.00 | Epsilon 0.0845
Seed 6 | Episode 788 | Reward 58.00 | Epsilon 0.0844
Seed 6 | Episode 789 | Reward 47.00 | Epsilon 0.0842
Seed 6 | Episode 790 | Reward 55.00 | Epsilon 0.0841
Seed 6 | Episode 791 | Reward 43.00 | Epsilon 0.0840
Seed 6 | Episode 792 | Reward 51.00 | Epsilon 0.0838
Seed 6 | Episode 793 | Reward 44.00 | Epsilon 0.0837
Seed 6 | Episode 794 | Reward 46.00 | Epsilon 0.0836
Seed 6 | Episode 795 | Reward 52.00 | Epsilon 0.0834
Seed 6 | Episode 796 | Reward 49.00 | Epsilon 0.0833
Seed 6 | Episode 797 | Reward 42.00 | Epsilon 0.0832
Seed 6 | Episode 798 | Reward 58.00 | Epsilon 0.0831
Seed 6 | Episode 799 | Reward 43.00 | Epsilon 0.0829
Seed 6 | Episode 800 | Reward 54.00 | Epsilon 0.0828
Seed 6 | Episode 801 | Reward 50.00 | Epsilon 0.0827
Seed 6 | Episode 802 | Reward 55.00 | Epsilon 0.0826
Seed 6 | Episode 803 | Reward 15.00 | Epsilon 0.0823
Seed 6 | Episode 804 | Reward 49.00 | Epsilon 0.0822
Seed 6 | Episode 805 | Reward 45.00 | Epsilon 0.0821
Seed 6 | Episode 806 | Reward 56.00 | Epsilon 0.0820
Seed 6 | Episode 807 | Reward -184.00 | Epsilon 0.0813
Seed 6 | Episode 808 | Reward 56.00 | Epsilon 0.0812
Seed 6 | Episode 809 | Reward 59.00 | Epsilon 0.0811
Seed 6 | Episode 810 | Reward 43.00 | Epsilon 0.0809
Seed 6 | Episode 811 | Reward -62.00 | Epsilon 0.0805
Seed 6 | Episode 812 | Reward 62.00 | Epsilon 0.0804
Seed 6 | Episode 813 | Reward 45.00 | Epsilon 0.0803
Seed 6 | Episode 814 | Reward 42.00 | Epsilon 0.0801
Seed 6 | Episode 815 | Reward 50.00 | Epsilon 0.0800
Seed 6 | Episode 816 | Reward -47.00 | Epsilon 0.0797
Seed 6 | Episode 817 | Reward 37.00 | Epsilon 0.0795
Seed 6 | Episode 818 | Reward 51.00 | Epsilon 0.0794
Seed 6 | Episode 819 | Reward 61.00 | Epsilon 0.0793
Seed 6 | Episode 820 | Reward -48.00 | Epsilon 0.0789
Seed 6 | Episode 821 | Reward 38.00 | Epsilon 0.0788
Seed 6 | Episode 822 | Reward 42.00 | Epsilon 0.0787
Seed 6 | Episode 823 | Reward 29.00 | Epsilon 0.0785
Seed 6 | Episode 824 | Reward 50.00 | Epsilon 0.0784
Seed 6 | Episode 825 | Reward 54.00 | Epsilon 0.0783
Seed 6 | Episode 826 | Reward 45.00 | Epsilon 0.0781
Seed 6 | Episode 827 | Reward 54.00 | Epsilon 0.0780
Seed 6 | Episode 828 | Reward 48.00 | Epsilon 0.0779
Seed 6 | Episode 829 | Reward 51.00 | Epsilon 0.0778
Seed 6 | Episode 830 | Reward 51.00 | Epsilon 0.0777
Seed 6 | Episode 831 | Reward 50.00 | Epsilon 0.0775
Seed 6 | Episode 832 | Reward 62.00 | Epsilon 0.0775
Seed 6 | Episode 833 | Reward 57.00 | Epsilon 0.0773
Seed 6 | Episode 834 | Reward 47.00 | Epsilon 0.0772
Seed 6 | Episode 835 | Reward 62.00 | Epsilon 0.0771
Seed 6 | Episode 836 | Reward 53.00 | Epsilon 0.0770
Seed 6 | Episode 837 | Reward -24.00 | Epsilon 0.0767
Seed 6 | Episode 838 | Reward 60.00 | Epsilon 0.0766
Seed 6 | Episode 839 | Reward 58.00 | Epsilon 0.0765
Seed 6 | Episode 840 | Reward 49.00 | Epsilon 0.0764
Seed 6 | Episode 841 | Reward 59.00 | Epsilon 0.0763
Seed 6 | Episode 842 | Reward 49.00 | Epsilon 0.0762
Seed 6 | Episode 843 | Reward 47.00 | Epsilon 0.0761
Seed 6 | Episode 844 | Reward 55.00 | Epsilon 0.0760
Seed 6 | Episode 845 | Reward 28.00 | Epsilon 0.0758
Seed 6 | Episode 846 | Reward 45.00 | Epsilon 0.0757
Seed 6 | Episode 847 | Reward 34.00 | Epsilon 0.0755
Seed 6 | Episode 848 | Reward 35.00 | Epsilon 0.0754
Seed 6 | Episode 849 | Reward 53.00 | Epsilon 0.0753
Seed 6 | Episode 850 | Reward 58.00 | Epsilon 0.0752
Seed 6 | Episode 851 | Reward 43.00 | Epsilon 0.0750
Seed 6 | Episode 852 | Reward -68.00 | Epsilon 0.0747
Seed 6 | Episode 853 | Reward -123.00 | Epsilon 0.0742
Seed 6 | Episode 854 | Reward -24.00 | Epsilon 0.0739
Seed 6 | Episode 855 | Reward 3.00 | Epsilon 0.0737
Seed 6 | Episode 856 | Reward 50.00 | Epsilon 0.0736
Seed 6 | Episode 857 | Reward 54.00 | Epsilon 0.0735
Seed 6 | Episode 858 | Reward 44.00 | Epsilon 0.0733
Seed 6 | Episode 859 | Reward -11.00 | Epsilon 0.0731
Seed 6 | Episode 860 | Reward -4.00 | Epsilon 0.0729
Seed 6 | Episode 861 | Reward 62.00 | Epsilon 0.0728
Seed 6 | Episode 862 | Reward 60.00 | Epsilon 0.0727
Seed 6 | Episode 863 | Reward 59.00 | Epsilon 0.0726
Seed 6 | Episode 864 | Reward 50.00 | Epsilon 0.0725
Seed 6 | Episode 865 | Reward -9.00 | Epsilon 0.0722
Seed 6 | Episode 866 | Reward 60.00 | Epsilon 0.0722
Seed 6 | Episode 867 | Reward 54.00 | Epsilon 0.0720
Seed 6 | Episode 868 | Reward 63.00 | Epsilon 0.0720
Seed 6 | Episode 869 | Reward 41.00 | Epsilon 0.0718
Seed 6 | Episode 870 | Reward 63.00 | Epsilon 0.0718
Seed 6 | Episode 871 | Reward 59.00 | Epsilon 0.0717
Seed 6 | Episode 872 | Reward 55.00 | Epsilon 0.0716
Seed 6 | Episode 873 | Reward 52.00 | Epsilon 0.0715
Seed 6 | Episode 874 | Reward 56.00 | Epsilon 0.0714
Seed 6 | Episode 875 | Reward 57.00 | Epsilon 0.0713
Seed 6 | Episode 876 | Reward 48.00 | Epsilon 0.0712
Seed 6 | Episode 877 | Reward 28.00 | Epsilon 0.0710
Seed 6 | Episode 878 | Reward 52.00 | Epsilon 0.0709
Seed 6 | Episode 879 | Reward 45.00 | Epsilon 0.0708
Seed 6 | Episode 880 | Reward 23.00 | Epsilon 0.0706
Seed 6 | Episode 881 | Reward 10.00 | Epsilon 0.0704
Seed 6 | Episode 882 | Reward 60.00 | Epsilon 0.0703
Seed 6 | Episode 883 | Reward 62.00 | Epsilon 0.0703
Seed 6 | Episode 884 | Reward 52.00 | Epsilon 0.0701
Seed 6 | Episode 885 | Reward 47.00 | Epsilon 0.0700
Seed 6 | Episode 886 | Reward 39.00 | Epsilon 0.0699
Seed 6 | Episode 887 | Reward 46.00 | Epsilon 0.0698
Seed 6 | Episode 888 | Reward -51.00 | Epsilon 0.0695
Seed 6 | Episode 889 | Reward 50.00 | Epsilon 0.0694
Seed 6 | Episode 890 | Reward 47.00 | Epsilon 0.0693
Seed 6 | Episode 891 | Reward -135.00 | Epsilon 0.0688
Seed 6 | Episode 892 | Reward 53.00 | Epsilon 0.0687
Seed 6 | Episode 893 | Reward 53.00 | Epsilon 0.0686
Seed 6 | Episode 894 | Reward 48.00 | Epsilon 0.0685
Seed 6 | Episode 895 | Reward 48.00 | Epsilon 0.0683
Seed 6 | Episode 896 | Reward 9.00 | Epsilon 0.0682
Seed 6 | Episode 897 | Reward 64.00 | Epsilon 0.0681
Seed 6 | Episode 898 | Reward 56.00 | Epsilon 0.0680
Seed 6 | Episode 899 | Reward 48.00 | Epsilon 0.0679
Seed 6 | Episode 900 | Reward 48.00 | Epsilon 0.0678
Seed 6 | Episode 901 | Reward 49.00 | Epsilon 0.0677
Seed 6 | Episode 902 | Reward 55.00 | Epsilon 0.0676
Seed 6 | Episode 903 | Reward 58.00 | Epsilon 0.0675
Seed 6 | Episode 904 | Reward 35.00 | Epsilon 0.0674
Seed 6 | Episode 905 | Reward 49.00 | Epsilon 0.0673
Seed 6 | Episode 906 | Reward 62.00 | Epsilon 0.0672
Seed 6 | Episode 907 | Reward 60.00 | Epsilon 0.0671
Seed 6 | Episode 908 | Reward 42.00 | Epsilon 0.0670
Seed 6 | Episode 909 | Reward 40.00 | Epsilon 0.0669
Seed 6 | Episode 910 | Reward 48.00 | Epsilon 0.0667
Seed 6 | Episode 911 | Reward 56.00 | Epsilon 0.0667
Seed 6 | Episode 912 | Reward -19.00 | Epsilon 0.0664
Seed 6 | Episode 913 | Reward 52.00 | Epsilon 0.0663
Seed 6 | Episode 914 | Reward 49.00 | Epsilon 0.0662
Seed 6 | Episode 915 | Reward 47.00 | Epsilon 0.0661
Seed 6 | Episode 916 | Reward 61.00 | Epsilon 0.0660
Seed 6 | Episode 917 | Reward 47.00 | Epsilon 0.0659
Seed 6 | Episode 918 | Reward 52.00 | Epsilon 0.0658
Seed 6 | Episode 919 | Reward 58.00 | Epsilon 0.0657
Seed 6 | Episode 920 | Reward -22.00 | Epsilon 0.0655
Seed 6 | Episode 921 | Reward 19.00 | Epsilon 0.0653
Seed 6 | Episode 922 | Reward -50.00 | Epsilon 0.0650
Seed 6 | Episode 923 | Reward 53.00 | Epsilon 0.0649
Seed 6 | Episode 924 | Reward 32.00 | Epsilon 0.0648
Seed 6 | Episode 925 | Reward 62.00 | Epsilon 0.0647
Seed 6 | Episode 926 | Reward 65.00 | Epsilon 0.0647
Seed 6 | Episode 927 | Reward -300.00 | Epsilon 0.0641
Seed 6 | Episode 928 | Reward 52.00 | Epsilon 0.0640
Seed 6 | Episode 929 | Reward 47.00 | Epsilon 0.0639
Seed 6 | Episode 930 | Reward -25.00 | Epsilon 0.0636
Seed 6 | Episode 931 | Reward 53.00 | Epsilon 0.0636
Seed 6 | Episode 932 | Reward 30.00 | Epsilon 0.0634
Seed 6 | Episode 933 | Reward 48.00 | Epsilon 0.0633
Seed 6 | Episode 934 | Reward 46.00 | Epsilon 0.0632
Seed 6 | Episode 935 | Reward 56.00 | Epsilon 0.0631
Seed 6 | Episode 936 | Reward 54.00 | Epsilon 0.0630
Seed 6 | Episode 937 | Reward 51.00 | Epsilon 0.0629
Seed 6 | Episode 938 | Reward 45.00 | Epsilon 0.0628
Seed 6 | Episode 939 | Reward 54.00 | Epsilon 0.0628
Seed 6 | Episode 940 | Reward -13.00 | Epsilon 0.0625
Seed 6 | Episode 941 | Reward 62.00 | Epsilon 0.0625
Seed 6 | Episode 942 | Reward -4.00 | Epsilon 0.0623
Seed 6 | Episode 943 | Reward 48.00 | Epsilon 0.0622
Seed 6 | Episode 944 | Reward -52.00 | Epsilon 0.0619
Seed 6 | Episode 945 | Reward 47.00 | Epsilon 0.0618
Seed 6 | Episode 946 | Reward 51.00 | Epsilon 0.0617
Seed 6 | Episode 947 | Reward 48.00 | Epsilon 0.0616
Seed 6 | Episode 948 | Reward 3.00 | Epsilon 0.0614
Seed 6 | Episode 949 | Reward 56.00 | Epsilon 0.0613
Seed 6 | Episode 950 | Reward 45.00 | Epsilon 0.0612
Seed 6 | Episode 951 | Reward -20.00 | Epsilon 0.0610
Seed 6 | Episode 952 | Reward 52.00 | Epsilon 0.0609
Seed 6 | Episode 953 | Reward 52.00 | Epsilon 0.0608
Seed 6 | Episode 954 | Reward -4.00 | Epsilon 0.0606
Seed 6 | Episode 955 | Reward 54.00 | Epsilon 0.0606
Seed 6 | Episode 956 | Reward 42.00 | Epsilon 0.0604
Seed 6 | Episode 957 | Reward 0.00 | Epsilon 0.0603
Seed 6 | Episode 958 | Reward -67.00 | Epsilon 0.0600
Seed 6 | Episode 959 | Reward 60.00 | Epsilon 0.0599
Seed 6 | Episode 960 | Reward 51.00 | Epsilon 0.0598
Seed 6 | Episode 961 | Reward 48.00 | Epsilon 0.0597
Seed 6 | Episode 962 | Reward -145.00 | Epsilon 0.0593
Seed 6 | Episode 963 | Reward 36.00 | Epsilon 0.0591
Seed 6 | Episode 964 | Reward 58.00 | Epsilon 0.0591
Seed 6 | Episode 965 | Reward 40.00 | Epsilon 0.0590
Seed 6 | Episode 966 | Reward -21.00 | Epsilon 0.0587
Seed 6 | Episode 967 | Reward 31.00 | Epsilon 0.0586
Seed 6 | Episode 968 | Reward 44.00 | Epsilon 0.0585
Seed 6 | Episode 969 | Reward 53.00 | Epsilon 0.0584
Seed 6 | Episode 970 | Reward 63.00 | Epsilon 0.0584
Seed 6 | Episode 971 | Reward 54.00 | Epsilon 0.0583
Seed 6 | Episode 972 | Reward 56.00 | Epsilon 0.0582
Seed 6 | Episode 973 | Reward -68.00 | Epsilon 0.0579
Seed 6 | Episode 974 | Reward 54.00 | Epsilon 0.0578
Seed 6 | Episode 975 | Reward 61.00 | Epsilon 0.0578
Seed 6 | Episode 976 | Reward 15.00 | Epsilon 0.0576
Seed 6 | Episode 977 | Reward 56.00 | Epsilon 0.0575
Seed 6 | Episode 978 | Reward 52.00 | Epsilon 0.0575
Seed 6 | Episode 979 | Reward 56.00 | Epsilon 0.0574
Seed 6 | Episode 980 | Reward 64.00 | Epsilon 0.0573
Seed 6 | Episode 981 | Reward 53.00 | Epsilon 0.0572
Seed 6 | Episode 982 | Reward 46.00 | Epsilon 0.0571
Seed 6 | Episode 983 | Reward -7.00 | Epsilon 0.0570
Seed 6 | Episode 984 | Reward 53.00 | Epsilon 0.0569
Seed 6 | Episode 985 | Reward 40.00 | Epsilon 0.0568
Seed 6 | Episode 986 | Reward 60.00 | Epsilon 0.0567
Seed 6 | Episode 987 | Reward -47.00 | Epsilon 0.0564
Seed 6 | Episode 988 | Reward 56.00 | Epsilon 0.0564
Seed 6 | Episode 989 | Reward 49.00 | Epsilon 0.0563
Seed 6 | Episode 990 | Reward 52.00 | Epsilon 0.0562
Seed 6 | Episode 991 | Reward 52.00 | Epsilon 0.0561
Seed 6 | Episode 992 | Reward 44.00 | Epsilon 0.0560
Seed 6 | Episode 993 | Reward 48.00 | Epsilon 0.0559
Seed 6 | Episode 994 | Reward 35.00 | Epsilon 0.0558
Seed 6 | Episode 995 | Reward 60.00 | Epsilon 0.0558
Seed 6 | Episode 996 | Reward 41.00 | Epsilon 0.0557
Seed 6 | Episode 997 | Reward 56.00 | Epsilon 0.0556
Seed 6 | Episode 998 | Reward 57.00 | Epsilon 0.0555
Seed 6 | Episode 999 | Reward -79.00 | Epsilon 0.0552
Finished seed 6
