starting job
Sun Dec  7 19:51:22 2025       
+-----------------------------------------------------------------------------------------+
| NVIDIA-SMI 580.65.06              Driver Version: 580.65.06      CUDA Version: 13.0     |
+-----------------------------------------+------------------------+----------------------+
| GPU  Name                 Persistence-M | Bus-Id          Disp.A | Volatile Uncorr. ECC |
| Fan  Temp   Perf          Pwr:Usage/Cap |           Memory-Usage | GPU-Util  Compute M. |
|                                         |                        |               MIG M. |
|=========================================+========================+======================|
|   0  NVIDIA H100 80GB HBM3          On  |   00000000:46:00.0 Off |                   On |
| N/A   34C    P0            301W /  700W |   30420MiB /  81559MiB |     N/A      Default |
|                                         |                        |              Enabled |
+-----------------------------------------+------------------------+----------------------+

+-----------------------------------------------------------------------------------------+
| MIG devices:                                                                            |
+------------------+----------------------------------+-----------+-----------------------+
| GPU  GI  CI  MIG |              Shared Memory-Usage |        Vol|        Shared         |
|      ID  ID  Dev |                Shared BAR1-Usage | SM     Unc| CE ENC  DEC  OFA  JPG |
|                  |                                  |        ECC|                       |
|==================+==================================+===========+=======================|
|  0   10   0   0  |              15MiB /  9984MiB    | 16      0 |  1   0    1    0    1 |
|                  |               0MiB /  6185MiB    |           |                       |
+------------------+----------------------------------+-----------+-----------------------+

+-----------------------------------------------------------------------------------------+
| Processes:                                                                              |
|  GPU   GI   CI              PID   Type   Process name                        GPU Memory |
|        ID   ID                                                               Usage      |
|=========================================================================================|
|  No running processes found                                                             |
+-----------------------------------------------------------------------------------------+
Running seed 1
Gym has been unmaintained since 2022 and does not support NumPy 2.0 amongst other critical functionality.
Please upgrade to Gymnasium, the maintained drop-in replacement of Gym, or contact the authors of your software and request that they upgrade.
Users of this version of Gym should be able to simply replace 'import gym' with 'import gymnasium as gym' in the vast majority of cases.
See the migration guide at https://gymnasium.farama.org/introduction/migration_guide/ for additional information.
Seed 1 | Episode 0 | Reward -300.00 | Epsilon 0.9987
Seed 1 | Episode 1 | Reward -300.00 | Epsilon 0.9897
Seed 1 | Episode 2 | Reward -300.00 | Epsilon 0.9808
Seed 1 | Episode 3 | Reward -300.00 | Epsilon 0.9720
Seed 1 | Episode 4 | Reward -300.00 | Epsilon 0.9633
Seed 1 | Episode 5 | Reward -300.00 | Epsilon 0.9547
Seed 1 | Episode 6 | Reward -300.00 | Epsilon 0.9462
Seed 1 | Episode 7 | Reward -300.00 | Epsilon 0.9377
Seed 1 | Episode 8 | Reward -300.00 | Epsilon 0.9293
Seed 1 | Episode 9 | Reward -300.00 | Epsilon 0.9209
Seed 1 | Episode 10 | Reward -300.00 | Epsilon 0.9127
Seed 1 | Episode 11 | Reward -300.00 | Epsilon 0.9045
Seed 1 | Episode 12 | Reward -300.00 | Epsilon 0.8964
Seed 1 | Episode 13 | Reward -300.00 | Epsilon 0.8884
Seed 1 | Episode 14 | Reward -300.00 | Epsilon 0.8804
Seed 1 | Episode 15 | Reward -300.00 | Epsilon 0.8725
Seed 1 | Episode 16 | Reward -300.00 | Epsilon 0.8647
Seed 1 | Episode 17 | Reward -300.00 | Epsilon 0.8570
Seed 1 | Episode 18 | Reward -300.00 | Epsilon 0.8493
Seed 1 | Episode 19 | Reward -300.00 | Epsilon 0.8417
Seed 1 | Episode 20 | Reward -300.00 | Epsilon 0.8341
Seed 1 | Episode 21 | Reward -300.00 | Epsilon 0.8267
Seed 1 | Episode 22 | Reward -300.00 | Epsilon 0.8193
Seed 1 | Episode 23 | Reward -300.00 | Epsilon 0.8119
Seed 1 | Episode 24 | Reward -300.00 | Epsilon 0.8046
Seed 1 | Episode 25 | Reward -300.00 | Epsilon 0.7974
Seed 1 | Episode 26 | Reward -300.00 | Epsilon 0.7903
Seed 1 | Episode 27 | Reward -300.00 | Epsilon 0.7832
Seed 1 | Episode 28 | Reward -300.00 | Epsilon 0.7762
Seed 1 | Episode 29 | Reward -300.00 | Epsilon 0.7692
Seed 1 | Episode 30 | Reward -300.00 | Epsilon 0.7623
Seed 1 | Episode 31 | Reward -300.00 | Epsilon 0.7555
Seed 1 | Episode 32 | Reward -300.00 | Epsilon 0.7487
Seed 1 | Episode 33 | Reward -300.00 | Epsilon 0.7420
Seed 1 | Episode 34 | Reward -300.00 | Epsilon 0.7354
Seed 1 | Episode 35 | Reward -300.00 | Epsilon 0.7288
Seed 1 | Episode 36 | Reward -300.00 | Epsilon 0.7223
Seed 1 | Episode 37 | Reward -300.00 | Epsilon 0.7158
Seed 1 | Episode 38 | Reward -300.00 | Epsilon 0.7094
Seed 1 | Episode 39 | Reward -300.00 | Epsilon 0.7030
Seed 1 | Episode 40 | Reward -300.00 | Epsilon 0.6967
Seed 1 | Episode 41 | Reward -300.00 | Epsilon 0.6905
Seed 1 | Episode 42 | Reward -300.00 | Epsilon 0.6843
Seed 1 | Episode 43 | Reward -300.00 | Epsilon 0.6782
Seed 1 | Episode 44 | Reward -300.00 | Epsilon 0.6721
Seed 1 | Episode 45 | Reward -300.00 | Epsilon 0.6661
Seed 1 | Episode 46 | Reward -300.00 | Epsilon 0.6601
Seed 1 | Episode 47 | Reward -300.00 | Epsilon 0.6542
Seed 1 | Episode 48 | Reward -300.00 | Epsilon 0.6483
Seed 1 | Episode 49 | Reward -300.00 | Epsilon 0.6425
Seed 1 | Episode 50 | Reward -300.00 | Epsilon 0.6368
Seed 1 | Episode 51 | Reward -300.00 | Epsilon 0.6311
Seed 1 | Episode 52 | Reward -300.00 | Epsilon 0.6254
Seed 1 | Episode 53 | Reward -300.00 | Epsilon 0.6198
Seed 1 | Episode 54 | Reward -300.00 | Epsilon 0.6142
Seed 1 | Episode 55 | Reward -300.00 | Epsilon 0.6087
Seed 1 | Episode 56 | Reward -300.00 | Epsilon 0.6033
Seed 1 | Episode 57 | Reward -300.00 | Epsilon 0.5979
Seed 1 | Episode 58 | Reward -300.00 | Epsilon 0.5925
Seed 1 | Episode 59 | Reward -300.00 | Epsilon 0.5872
Seed 1 | Episode 60 | Reward -300.00 | Epsilon 0.5820
Seed 1 | Episode 61 | Reward -300.00 | Epsilon 0.5767
Seed 1 | Episode 62 | Reward -300.00 | Epsilon 0.5716
Seed 1 | Episode 63 | Reward -300.00 | Epsilon 0.5665
Seed 1 | Episode 64 | Reward -300.00 | Epsilon 0.5614
Seed 1 | Episode 65 | Reward -300.00 | Epsilon 0.5563
Seed 1 | Episode 66 | Reward -300.00 | Epsilon 0.5514
Seed 1 | Episode 67 | Reward -300.00 | Epsilon 0.5464
Seed 1 | Episode 68 | Reward -300.00 | Epsilon 0.5415
Seed 1 | Episode 69 | Reward -300.00 | Epsilon 0.5367
Seed 1 | Episode 70 | Reward -300.00 | Epsilon 0.5319
Seed 1 | Episode 71 | Reward -300.00 | Epsilon 0.5271
Seed 1 | Episode 72 | Reward -300.00 | Epsilon 0.5224
Seed 1 | Episode 73 | Reward -300.00 | Epsilon 0.5177
Seed 1 | Episode 74 | Reward -300.00 | Epsilon 0.5131
Seed 1 | Episode 75 | Reward -300.00 | Epsilon 0.5085
Seed 1 | Episode 76 | Reward -300.00 | Epsilon 0.5039
Seed 1 | Episode 77 | Reward -300.00 | Epsilon 0.4994
Seed 1 | Episode 78 | Reward -300.00 | Epsilon 0.4949
Seed 1 | Episode 79 | Reward -300.00 | Epsilon 0.4905
Seed 1 | Episode 80 | Reward -300.00 | Epsilon 0.4861
Seed 1 | Episode 81 | Reward -300.00 | Epsilon 0.4817
Seed 1 | Episode 82 | Reward -300.00 | Epsilon 0.4774
Seed 1 | Episode 83 | Reward -300.00 | Epsilon 0.4731
Seed 1 | Episode 84 | Reward -300.00 | Epsilon 0.4689
Seed 1 | Episode 85 | Reward -300.00 | Epsilon 0.4647
Seed 1 | Episode 86 | Reward -300.00 | Epsilon 0.4605
Seed 1 | Episode 87 | Reward -300.00 | Epsilon 0.4564
Seed 1 | Episode 88 | Reward -300.00 | Epsilon 0.4523
Seed 1 | Episode 89 | Reward -300.00 | Epsilon 0.4483
Seed 1 | Episode 90 | Reward -300.00 | Epsilon 0.4443
Seed 1 | Episode 91 | Reward -300.00 | Epsilon 0.4403
Seed 1 | Episode 92 | Reward -300.00 | Epsilon 0.4363
Seed 1 | Episode 93 | Reward -300.00 | Epsilon 0.4324
Seed 1 | Episode 94 | Reward -300.00 | Epsilon 0.4285
Seed 1 | Episode 95 | Reward -300.00 | Epsilon 0.4247
Seed 1 | Episode 96 | Reward -300.00 | Epsilon 0.4209
Seed 1 | Episode 97 | Reward -300.00 | Epsilon 0.4171
Seed 1 | Episode 98 | Reward -300.00 | Epsilon 0.4134
Seed 1 | Episode 99 | Reward -300.00 | Epsilon 0.4097
Seed 1 | Episode 100 | Reward -300.00 | Epsilon 0.4060
Seed 1 | Episode 101 | Reward -300.00 | Epsilon 0.4024
Seed 1 | Episode 102 | Reward -300.00 | Epsilon 0.3988
Seed 1 | Episode 103 | Reward -300.00 | Epsilon 0.3952
Seed 1 | Episode 104 | Reward -300.00 | Epsilon 0.3917
Seed 1 | Episode 105 | Reward -300.00 | Epsilon 0.3881
Seed 1 | Episode 106 | Reward -300.00 | Epsilon 0.3847
Seed 1 | Episode 107 | Reward -300.00 | Epsilon 0.3812
Seed 1 | Episode 108 | Reward -300.00 | Epsilon 0.3778
Seed 1 | Episode 109 | Reward -300.00 | Epsilon 0.3744
Seed 1 | Episode 110 | Reward -300.00 | Epsilon 0.3711
Seed 1 | Episode 111 | Reward -300.00 | Epsilon 0.3677
Seed 1 | Episode 112 | Reward -300.00 | Epsilon 0.3645
Seed 1 | Episode 113 | Reward -300.00 | Epsilon 0.3612
Seed 1 | Episode 114 | Reward -300.00 | Epsilon 0.3579
Seed 1 | Episode 115 | Reward -300.00 | Epsilon 0.3547
Seed 1 | Episode 116 | Reward -300.00 | Epsilon 0.3516
Seed 1 | Episode 117 | Reward -300.00 | Epsilon 0.3484
Seed 1 | Episode 118 | Reward -300.00 | Epsilon 0.3453
Seed 1 | Episode 119 | Reward -300.00 | Epsilon 0.3422
Seed 1 | Episode 120 | Reward -300.00 | Epsilon 0.3391
Seed 1 | Episode 121 | Reward -300.00 | Epsilon 0.3361
Seed 1 | Episode 122 | Reward -300.00 | Epsilon 0.3331
Seed 1 | Episode 123 | Reward -300.00 | Epsilon 0.3301
Seed 1 | Episode 124 | Reward -300.00 | Epsilon 0.3271
Seed 1 | Episode 125 | Reward -300.00 | Epsilon 0.3242
Seed 1 | Episode 126 | Reward -300.00 | Epsilon 0.3213
Seed 1 | Episode 127 | Reward -300.00 | Epsilon 0.3184
Seed 1 | Episode 128 | Reward -300.00 | Epsilon 0.3156
Seed 1 | Episode 129 | Reward -300.00 | Epsilon 0.3127
Seed 1 | Episode 130 | Reward -300.00 | Epsilon 0.3099
Seed 1 | Episode 131 | Reward -300.00 | Epsilon 0.3072
Seed 1 | Episode 132 | Reward -300.00 | Epsilon 0.3044
Seed 1 | Episode 133 | Reward -300.00 | Epsilon 0.3017
Seed 1 | Episode 134 | Reward -300.00 | Epsilon 0.2990
Seed 1 | Episode 135 | Reward -300.00 | Epsilon 0.2963
Seed 1 | Episode 136 | Reward -300.00 | Epsilon 0.2936
Seed 1 | Episode 137 | Reward -300.00 | Epsilon 0.2910
Seed 1 | Episode 138 | Reward -300.00 | Epsilon 0.2884
Seed 1 | Episode 139 | Reward -300.00 | Epsilon 0.2858
Seed 1 | Episode 140 | Reward -300.00 | Epsilon 0.2833
Seed 1 | Episode 141 | Reward -300.00 | Epsilon 0.2807
Seed 1 | Episode 142 | Reward -300.00 | Epsilon 0.2782
Seed 1 | Episode 143 | Reward -300.00 | Epsilon 0.2757
Seed 1 | Episode 144 | Reward -300.00 | Epsilon 0.2732
Seed 1 | Episode 145 | Reward -300.00 | Epsilon 0.2708
Seed 1 | Episode 146 | Reward -300.00 | Epsilon 0.2684
Seed 1 | Episode 147 | Reward -300.00 | Epsilon 0.2660
Seed 1 | Episode 148 | Reward -300.00 | Epsilon 0.2636
Seed 1 | Episode 149 | Reward -300.00 | Epsilon 0.2612
Seed 1 | Episode 150 | Reward -300.00 | Epsilon 0.2589
Seed 1 | Episode 151 | Reward -300.00 | Epsilon 0.2566
Seed 1 | Episode 152 | Reward -300.00 | Epsilon 0.2543
Seed 1 | Episode 153 | Reward -300.00 | Epsilon 0.2520
Seed 1 | Episode 154 | Reward -300.00 | Epsilon 0.2497
Seed 1 | Episode 155 | Reward -300.00 | Epsilon 0.2475
Seed 1 | Episode 156 | Reward -300.00 | Epsilon 0.2453
Seed 1 | Episode 157 | Reward -300.00 | Epsilon 0.2431
Seed 1 | Episode 158 | Reward -300.00 | Epsilon 0.2409
Seed 1 | Episode 159 | Reward -300.00 | Epsilon 0.2387
Seed 1 | Episode 160 | Reward -300.00 | Epsilon 0.2366
Seed 1 | Episode 161 | Reward -300.00 | Epsilon 0.2345
Seed 1 | Episode 162 | Reward -300.00 | Epsilon 0.2324
Seed 1 | Episode 163 | Reward -119.00 | Epsilon 0.2309
Seed 1 | Episode 164 | Reward -300.00 | Epsilon 0.2288
Seed 1 | Episode 165 | Reward -300.00 | Epsilon 0.2267
Seed 1 | Episode 166 | Reward -300.00 | Epsilon 0.2247
Seed 1 | Episode 167 | Reward -300.00 | Epsilon 0.2227
Seed 1 | Episode 168 | Reward -300.00 | Epsilon 0.2207
Seed 1 | Episode 169 | Reward -300.00 | Epsilon 0.2187
Seed 1 | Episode 170 | Reward -300.00 | Epsilon 0.2168
Seed 1 | Episode 171 | Reward -22.00 | Epsilon 0.2160
Seed 1 | Episode 172 | Reward -300.00 | Epsilon 0.2140
Seed 1 | Episode 173 | Reward -300.00 | Epsilon 0.2121
Seed 1 | Episode 174 | Reward -300.00 | Epsilon 0.2102
Seed 1 | Episode 175 | Reward -300.00 | Epsilon 0.2083
Seed 1 | Episode 176 | Reward 48.00 | Epsilon 0.2080
Seed 1 | Episode 177 | Reward 9.00 | Epsilon 0.2074
Seed 1 | Episode 178 | Reward 55.00 | Epsilon 0.2071
Seed 1 | Episode 179 | Reward -300.00 | Epsilon 0.2053
Seed 1 | Episode 180 | Reward -300.00 | Epsilon 0.2034
Seed 1 | Episode 181 | Reward -300.00 | Epsilon 0.2016
Seed 1 | Episode 182 | Reward -300.00 | Epsilon 0.1998
Seed 1 | Episode 183 | Reward -300.00 | Epsilon 0.1980
Seed 1 | Episode 184 | Reward -300.00 | Epsilon 0.1962
Seed 1 | Episode 185 | Reward -300.00 | Epsilon 0.1945
Seed 1 | Episode 186 | Reward -300.00 | Epsilon 0.1927
Seed 1 | Episode 187 | Reward -300.00 | Epsilon 0.1910
Seed 1 | Episode 188 | Reward -300.00 | Epsilon 0.1893
Seed 1 | Episode 189 | Reward 0.00 | Epsilon 0.1887
Seed 1 | Episode 190 | Reward -173.00 | Epsilon 0.1872
Seed 1 | Episode 191 | Reward -22.00 | Epsilon 0.1865
Seed 1 | Episode 192 | Reward 47.00 | Epsilon 0.1862
Seed 1 | Episode 193 | Reward -300.00 | Epsilon 0.1845
Seed 1 | Episode 194 | Reward 50.00 | Epsilon 0.1842
Seed 1 | Episode 195 | Reward -23.00 | Epsilon 0.1836
Seed 1 | Episode 196 | Reward -300.00 | Epsilon 0.1819
Seed 1 | Episode 197 | Reward -135.00 | Epsilon 0.1806
Seed 1 | Episode 198 | Reward -300.00 | Epsilon 0.1790
Seed 1 | Episode 199 | Reward -300.00 | Epsilon 0.1774
Seed 1 | Episode 200 | Reward -300.00 | Epsilon 0.1758
Seed 1 | Episode 201 | Reward -300.00 | Epsilon 0.1742
Seed 1 | Episode 202 | Reward 45.00 | Epsilon 0.1740
Seed 1 | Episode 203 | Reward -300.00 | Epsilon 0.1724
Seed 1 | Episode 204 | Reward -300.00 | Epsilon 0.1709
Seed 1 | Episode 205 | Reward -300.00 | Epsilon 0.1693
Seed 1 | Episode 206 | Reward -300.00 | Epsilon 0.1678
Seed 1 | Episode 207 | Reward -300.00 | Epsilon 0.1663
Seed 1 | Episode 208 | Reward -300.00 | Epsilon 0.1648
Seed 1 | Episode 209 | Reward -300.00 | Epsilon 0.1633
Seed 1 | Episode 210 | Reward -300.00 | Epsilon 0.1619
Seed 1 | Episode 211 | Reward -300.00 | Epsilon 0.1604
Seed 1 | Episode 212 | Reward -300.00 | Epsilon 0.1590
Seed 1 | Episode 213 | Reward -92.00 | Epsilon 0.1581
Seed 1 | Episode 214 | Reward -300.00 | Epsilon 0.1566
Seed 1 | Episode 215 | Reward -123.00 | Epsilon 0.1556
Seed 1 | Episode 216 | Reward -300.00 | Epsilon 0.1542
Seed 1 | Episode 217 | Reward -300.00 | Epsilon 0.1528
Seed 1 | Episode 218 | Reward -300.00 | Epsilon 0.1515
Seed 1 | Episode 219 | Reward -300.00 | Epsilon 0.1501
Seed 1 | Episode 220 | Reward -300.00 | Epsilon 0.1488
Seed 1 | Episode 221 | Reward -300.00 | Epsilon 0.1474
Seed 1 | Episode 222 | Reward -300.00 | Epsilon 0.1461
Seed 1 | Episode 223 | Reward -300.00 | Epsilon 0.1448
Seed 1 | Episode 224 | Reward -300.00 | Epsilon 0.1435
Seed 1 | Episode 225 | Reward -300.00 | Epsilon 0.1422
Seed 1 | Episode 226 | Reward -300.00 | Epsilon 0.1409
Seed 1 | Episode 227 | Reward -300.00 | Epsilon 0.1397
Seed 1 | Episode 228 | Reward 55.00 | Epsilon 0.1395
Seed 1 | Episode 229 | Reward -300.00 | Epsilon 0.1382
Seed 1 | Episode 230 | Reward -300.00 | Epsilon 0.1370
Seed 1 | Episode 231 | Reward -58.00 | Epsilon 0.1363
Seed 1 | Episode 232 | Reward -70.00 | Epsilon 0.1356
Seed 1 | Episode 233 | Reward -300.00 | Epsilon 0.1344
Seed 1 | Episode 234 | Reward -300.00 | Epsilon 0.1332
Seed 1 | Episode 235 | Reward -300.00 | Epsilon 0.1320
Seed 1 | Episode 236 | Reward -300.00 | Epsilon 0.1308
Seed 1 | Episode 237 | Reward -300.00 | Epsilon 0.1297
Seed 1 | Episode 238 | Reward -300.00 | Epsilon 0.1285
Seed 1 | Episode 239 | Reward -300.00 | Epsilon 0.1274
Seed 1 | Episode 240 | Reward -116.00 | Epsilon 0.1265
Seed 1 | Episode 241 | Reward -300.00 | Epsilon 0.1254
Seed 1 | Episode 242 | Reward -300.00 | Epsilon 0.1243
Seed 1 | Episode 243 | Reward -300.00 | Epsilon 0.1232
Seed 1 | Episode 244 | Reward -300.00 | Epsilon 0.1221
Seed 1 | Episode 245 | Reward -300.00 | Epsilon 0.1210
Seed 1 | Episode 246 | Reward -300.00 | Epsilon 0.1199
Seed 1 | Episode 247 | Reward -7.00 | Epsilon 0.1195
Seed 1 | Episode 248 | Reward -300.00 | Epsilon 0.1184
Seed 1 | Episode 249 | Reward -300.00 | Epsilon 0.1174
Seed 1 | Episode 250 | Reward -87.00 | Epsilon 0.1167
Seed 1 | Episode 251 | Reward -300.00 | Epsilon 0.1157
Seed 1 | Episode 252 | Reward -9.00 | Epsilon 0.1153
Seed 1 | Episode 253 | Reward -4.00 | Epsilon 0.1149
Seed 1 | Episode 254 | Reward -177.00 | Epsilon 0.1140
Seed 1 | Episode 255 | Reward 47.00 | Epsilon 0.1138
Seed 1 | Episode 256 | Reward -38.00 | Epsilon 0.1133
Seed 1 | Episode 257 | Reward -300.00 | Epsilon 0.1123
Seed 1 | Episode 258 | Reward -300.00 | Epsilon 0.1113
Seed 1 | Episode 259 | Reward 44.00 | Epsilon 0.1111
Seed 1 | Episode 260 | Reward -300.00 | Epsilon 0.1101
Seed 1 | Episode 261 | Reward -300.00 | Epsilon 0.1091
Seed 1 | Episode 262 | Reward -300.00 | Epsilon 0.1081
Seed 1 | Episode 263 | Reward -300.00 | Epsilon 0.1072
Seed 1 | Episode 264 | Reward -300.00 | Epsilon 0.1062
Seed 1 | Episode 265 | Reward -300.00 | Epsilon 0.1052
Seed 1 | Episode 266 | Reward -10.00 | Epsilon 0.1049
Seed 1 | Episode 267 | Reward -10.00 | Epsilon 0.1045
Seed 1 | Episode 268 | Reward -137.00 | Epsilon 0.1038
Seed 1 | Episode 269 | Reward -125.00 | Epsilon 0.1031
Seed 1 | Episode 270 | Reward -300.00 | Epsilon 0.1022
Seed 1 | Episode 271 | Reward -157.00 | Epsilon 0.1014
Seed 1 | Episode 272 | Reward -3.00 | Epsilon 0.1011
Seed 1 | Episode 273 | Reward 49.00 | Epsilon 0.1009
Seed 1 | Episode 274 | Reward 42.00 | Epsilon 0.1007
Seed 1 | Episode 275 | Reward -129.00 | Epsilon 0.1000
Seed 1 | Episode 276 | Reward -24.00 | Epsilon 0.0997
Seed 1 | Episode 277 | Reward -300.00 | Epsilon 0.0988
Seed 1 | Episode 278 | Reward 43.00 | Epsilon 0.0986
Seed 1 | Episode 279 | Reward 53.00 | Epsilon 0.0985
Seed 1 | Episode 280 | Reward 53.00 | Epsilon 0.0983
Seed 1 | Episode 281 | Reward 45.00 | Epsilon 0.0982
Seed 1 | Episode 282 | Reward -51.00 | Epsilon 0.0977
Seed 1 | Episode 283 | Reward 41.00 | Epsilon 0.0975
Seed 1 | Episode 284 | Reward 50.00 | Epsilon 0.0974
Seed 1 | Episode 285 | Reward -126.00 | Epsilon 0.0967
Seed 1 | Episode 286 | Reward 34.00 | Epsilon 0.0965
Seed 1 | Episode 287 | Reward -32.00 | Epsilon 0.0961
Seed 1 | Episode 288 | Reward 33.00 | Epsilon 0.0960
Seed 1 | Episode 289 | Reward 55.00 | Epsilon 0.0958
Seed 1 | Episode 290 | Reward -63.00 | Epsilon 0.0953
Seed 1 | Episode 291 | Reward -300.00 | Epsilon 0.0945
Seed 1 | Episode 292 | Reward 48.00 | Epsilon 0.0943
Seed 1 | Episode 293 | Reward 46.00 | Epsilon 0.0942
Seed 1 | Episode 294 | Reward -1.00 | Epsilon 0.0939
Seed 1 | Episode 295 | Reward 48.00 | Epsilon 0.0938
Seed 1 | Episode 296 | Reward -300.00 | Epsilon 0.0929
Seed 1 | Episode 297 | Reward 15.00 | Epsilon 0.0927
Seed 1 | Episode 298 | Reward -83.00 | Epsilon 0.0922
Seed 1 | Episode 299 | Reward -300.00 | Epsilon 0.0913
Seed 1 | Episode 300 | Reward 36.00 | Epsilon 0.0912
Seed 1 | Episode 301 | Reward 56.00 | Epsilon 0.0910
Seed 1 | Episode 302 | Reward 33.00 | Epsilon 0.0909
Seed 1 | Episode 303 | Reward 49.00 | Epsilon 0.0907
Seed 1 | Episode 304 | Reward 57.00 | Epsilon 0.0906
Seed 1 | Episode 305 | Reward 50.00 | Epsilon 0.0905
Seed 1 | Episode 306 | Reward -300.00 | Epsilon 0.0896
Seed 1 | Episode 307 | Reward 57.00 | Epsilon 0.0895
Seed 1 | Episode 308 | Reward 43.00 | Epsilon 0.0894
Seed 1 | Episode 309 | Reward -81.00 | Epsilon 0.0889
Seed 1 | Episode 310 | Reward 56.00 | Epsilon 0.0888
Seed 1 | Episode 311 | Reward 53.00 | Epsilon 0.0886
Seed 1 | Episode 312 | Reward -65.00 | Epsilon 0.0882
Seed 1 | Episode 313 | Reward 42.00 | Epsilon 0.0880
Seed 1 | Episode 314 | Reward 38.00 | Epsilon 0.0879
Seed 1 | Episode 315 | Reward -133.00 | Epsilon 0.0873
Seed 1 | Episode 316 | Reward 53.00 | Epsilon 0.0871
Seed 1 | Episode 317 | Reward 62.00 | Epsilon 0.0870
Seed 1 | Episode 318 | Reward 60.00 | Epsilon 0.0869
Seed 1 | Episode 319 | Reward 59.00 | Epsilon 0.0868
Seed 1 | Episode 320 | Reward 47.00 | Epsilon 0.0867
Seed 1 | Episode 321 | Reward -115.00 | Epsilon 0.0861
Seed 1 | Episode 322 | Reward -140.00 | Epsilon 0.0855
Seed 1 | Episode 323 | Reward 43.00 | Epsilon 0.0853
Seed 1 | Episode 324 | Reward 42.00 | Epsilon 0.0852
Seed 1 | Episode 325 | Reward -23.00 | Epsilon 0.0849
Seed 1 | Episode 326 | Reward -300.00 | Epsilon 0.0841
Seed 1 | Episode 327 | Reward -300.00 | Epsilon 0.0834
Seed 1 | Episode 328 | Reward -300.00 | Epsilon 0.0826
Seed 1 | Episode 329 | Reward -165.00 | Epsilon 0.0820
Seed 1 | Episode 330 | Reward -300.00 | Epsilon 0.0812
Seed 1 | Episode 331 | Reward -300.00 | Epsilon 0.0805
Seed 1 | Episode 332 | Reward -300.00 | Epsilon 0.0798
Seed 1 | Episode 333 | Reward 45.00 | Epsilon 0.0796
Seed 1 | Episode 334 | Reward -112.00 | Epsilon 0.0791
Seed 1 | Episode 335 | Reward -300.00 | Epsilon 0.0784
Seed 1 | Episode 336 | Reward -4.00 | Epsilon 0.0782
Seed 1 | Episode 337 | Reward -300.00 | Epsilon 0.0775
Seed 1 | Episode 338 | Reward -300.00 | Epsilon 0.0768
Seed 1 | Episode 339 | Reward 44.00 | Epsilon 0.0767
Seed 1 | Episode 340 | Reward -300.00 | Epsilon 0.0760
Seed 1 | Episode 341 | Reward -300.00 | Epsilon 0.0753
Seed 1 | Episode 342 | Reward -300.00 | Epsilon 0.0746
Seed 1 | Episode 343 | Reward -300.00 | Epsilon 0.0739
Seed 1 | Episode 344 | Reward 46.00 | Epsilon 0.0738
Seed 1 | Episode 345 | Reward -61.00 | Epsilon 0.0735
Seed 1 | Episode 346 | Reward -52.00 | Epsilon 0.0731
Seed 1 | Episode 347 | Reward -300.00 | Epsilon 0.0725
Seed 1 | Episode 348 | Reward 56.00 | Epsilon 0.0724
Seed 1 | Episode 349 | Reward -71.00 | Epsilon 0.0720
Seed 1 | Episode 350 | Reward -300.00 | Epsilon 0.0714
Seed 1 | Episode 351 | Reward -300.00 | Epsilon 0.0707
Seed 1 | Episode 352 | Reward -300.00 | Epsilon 0.0701
Seed 1 | Episode 353 | Reward -300.00 | Epsilon 0.0695
Seed 1 | Episode 354 | Reward 59.00 | Epsilon 0.0694
Seed 1 | Episode 355 | Reward -34.00 | Epsilon 0.0691
Seed 1 | Episode 356 | Reward -300.00 | Epsilon 0.0685
Seed 1 | Episode 357 | Reward -75.00 | Epsilon 0.0681
Seed 1 | Episode 358 | Reward -167.00 | Epsilon 0.0676
Seed 1 | Episode 359 | Reward -300.00 | Epsilon 0.0670
Seed 1 | Episode 360 | Reward 53.00 | Epsilon 0.0669
Seed 1 | Episode 361 | Reward -49.00 | Epsilon 0.0666
Seed 1 | Episode 362 | Reward -300.00 | Epsilon 0.0660
Seed 1 | Episode 363 | Reward -44.00 | Epsilon 0.0657
Seed 1 | Episode 364 | Reward 54.00 | Epsilon 0.0656
Seed 1 | Episode 365 | Reward -300.00 | Epsilon 0.0650
Seed 1 | Episode 366 | Reward 64.00 | Epsilon 0.0649
Seed 1 | Episode 367 | Reward 59.00 | Epsilon 0.0648
Seed 1 | Episode 368 | Reward -135.00 | Epsilon 0.0644
Seed 1 | Episode 369 | Reward 62.00 | Epsilon 0.0643
Seed 1 | Episode 370 | Reward 56.00 | Epsilon 0.0642
Seed 1 | Episode 371 | Reward -300.00 | Epsilon 0.0636
Seed 1 | Episode 372 | Reward -300.00 | Epsilon 0.0631
Seed 1 | Episode 373 | Reward -300.00 | Epsilon 0.0625
Seed 1 | Episode 374 | Reward -300.00 | Epsilon 0.0620
Seed 1 | Episode 375 | Reward 63.00 | Epsilon 0.0619
Seed 1 | Episode 376 | Reward 47.00 | Epsilon 0.0618
Seed 1 | Episode 377 | Reward -11.00 | Epsilon 0.0616
Seed 1 | Episode 378 | Reward -188.00 | Epsilon 0.0610
Seed 1 | Episode 379 | Reward 54.00 | Epsilon 0.0610
Seed 1 | Episode 380 | Reward -123.00 | Epsilon 0.0605
Seed 1 | Episode 381 | Reward -45.00 | Epsilon 0.0603
Seed 1 | Episode 382 | Reward 58.00 | Epsilon 0.0602
Seed 1 | Episode 383 | Reward 60.00 | Epsilon 0.0601
Seed 1 | Episode 384 | Reward 46.00 | Epsilon 0.0600
Seed 1 | Episode 385 | Reward -152.00 | Epsilon 0.0596
Seed 1 | Episode 386 | Reward 60.00 | Epsilon 0.0595
Seed 1 | Episode 387 | Reward 65.00 | Epsilon 0.0594
Seed 1 | Episode 388 | Reward 61.00 | Epsilon 0.0594
Seed 1 | Episode 389 | Reward -7.00 | Epsilon 0.0592
Seed 1 | Episode 390 | Reward 59.00 | Epsilon 0.0591
Seed 1 | Episode 391 | Reward -2.00 | Epsilon 0.0589
Seed 1 | Episode 392 | Reward -25.00 | Epsilon 0.0587
Seed 1 | Episode 393 | Reward -300.00 | Epsilon 0.0582
Seed 1 | Episode 394 | Reward 58.00 | Epsilon 0.0581
Seed 1 | Episode 395 | Reward 58.00 | Epsilon 0.0580
Seed 1 | Episode 396 | Reward -163.00 | Epsilon 0.0576
Seed 1 | Episode 397 | Reward -76.00 | Epsilon 0.0573
Seed 1 | Episode 398 | Reward 55.00 | Epsilon 0.0572
Seed 1 | Episode 399 | Reward -137.00 | Epsilon 0.0568
Seed 1 | Episode 400 | Reward 55.00 | Epsilon 0.0567
Seed 1 | Episode 401 | Reward 61.00 | Epsilon 0.0566
Seed 1 | Episode 402 | Reward -300.00 | Epsilon 0.0561
Seed 1 | Episode 403 | Reward -151.00 | Epsilon 0.0557
Seed 1 | Episode 404 | Reward 54.00 | Epsilon 0.0556
Seed 1 | Episode 405 | Reward -97.00 | Epsilon 0.0553
Seed 1 | Episode 406 | Reward 43.00 | Epsilon 0.0552
Seed 1 | Episode 407 | Reward -300.00 | Epsilon 0.0547
Seed 1 | Episode 408 | Reward 54.00 | Epsilon 0.0546
Seed 1 | Episode 409 | Reward -153.00 | Epsilon 0.0542
Seed 1 | Episode 410 | Reward 57.00 | Epsilon 0.0541
Seed 1 | Episode 411 | Reward 56.00 | Epsilon 0.0541
Seed 1 | Episode 412 | Reward -300.00 | Epsilon 0.0536
Seed 1 | Episode 413 | Reward -8.00 | Epsilon 0.0534
Seed 1 | Episode 414 | Reward 52.00 | Epsilon 0.0533
Seed 1 | Episode 415 | Reward 60.00 | Epsilon 0.0533
Seed 1 | Episode 416 | Reward 59.00 | Epsilon 0.0532
Seed 1 | Episode 417 | Reward -47.00 | Epsilon 0.0530
Seed 1 | Episode 418 | Reward 49.00 | Epsilon 0.0529
Seed 1 | Episode 419 | Reward -71.00 | Epsilon 0.0526
Seed 1 | Episode 420 | Reward 53.00 | Epsilon 0.0525
Seed 1 | Episode 421 | Reward -44.00 | Epsilon 0.0523
Seed 1 | Episode 422 | Reward 48.00 | Epsilon 0.0522
Seed 1 | Episode 423 | Reward 55.00 | Epsilon 0.0521
Seed 1 | Episode 424 | Reward 48.00 | Epsilon 0.0521
Seed 1 | Episode 425 | Reward 49.00 | Epsilon 0.0520
Seed 1 | Episode 426 | Reward 57.00 | Epsilon 0.0519
Seed 1 | Episode 427 | Reward 46.00 | Epsilon 0.0518
Seed 1 | Episode 428 | Reward 46.00 | Epsilon 0.0517
Seed 1 | Episode 429 | Reward 32.00 | Epsilon 0.0516
Seed 1 | Episode 430 | Reward 50.00 | Epsilon 0.0516
Seed 1 | Episode 431 | Reward 45.00 | Epsilon 0.0515
Seed 1 | Episode 432 | Reward 57.00 | Epsilon 0.0514
Seed 1 | Episode 433 | Reward 56.00 | Epsilon 0.0513
Seed 1 | Episode 434 | Reward 44.00 | Epsilon 0.0512
Seed 1 | Episode 435 | Reward 41.00 | Epsilon 0.0512
Seed 1 | Episode 436 | Reward 53.00 | Epsilon 0.0511
Seed 1 | Episode 437 | Reward 58.00 | Epsilon 0.0510
Seed 1 | Episode 438 | Reward 47.00 | Epsilon 0.0509
Seed 1 | Episode 439 | Reward 51.00 | Epsilon 0.0509
Seed 1 | Episode 440 | Reward -71.00 | Epsilon 0.0506
Seed 1 | Episode 441 | Reward 54.00 | Epsilon 0.0505
Seed 1 | Episode 442 | Reward 58.00 | Epsilon 0.0505
Seed 1 | Episode 443 | Reward 58.00 | Epsilon 0.0504
Seed 1 | Episode 444 | Reward 41.00 | Epsilon 0.0503
Seed 1 | Episode 445 | Reward 55.00 | Epsilon 0.0502
Seed 1 | Episode 446 | Reward 45.00 | Epsilon 0.0501
Seed 1 | Episode 447 | Reward 55.00 | Epsilon 0.0501
Seed 1 | Episode 448 | Reward 44.00 | Epsilon 0.0500
Seed 1 | Episode 449 | Reward 63.00 | Epsilon 0.0499
Seed 1 | Episode 450 | Reward 59.00 | Epsilon 0.0499
Seed 1 | Episode 451 | Reward 54.00 | Epsilon 0.0498
Seed 1 | Episode 452 | Reward -72.00 | Epsilon 0.0495
Seed 1 | Episode 453 | Reward 51.00 | Epsilon 0.0495
Seed 1 | Episode 454 | Reward 49.00 | Epsilon 0.0494
Seed 1 | Episode 455 | Reward 57.00 | Epsilon 0.0493
Seed 1 | Episode 456 | Reward 47.00 | Epsilon 0.0492
Seed 1 | Episode 457 | Reward 49.00 | Epsilon 0.0492
Seed 1 | Episode 458 | Reward 57.00 | Epsilon 0.0491
Seed 1 | Episode 459 | Reward 47.00 | Epsilon 0.0490
Seed 1 | Episode 460 | Reward 56.00 | Epsilon 0.0490
Seed 1 | Episode 461 | Reward 60.00 | Epsilon 0.0489
Seed 1 | Episode 462 | Reward 44.00 | Epsilon 0.0488
Seed 1 | Episode 463 | Reward 57.00 | Epsilon 0.0488
Seed 1 | Episode 464 | Reward 47.00 | Epsilon 0.0487
Seed 1 | Episode 465 | Reward 38.00 | Epsilon 0.0486
Seed 1 | Episode 466 | Reward 43.00 | Epsilon 0.0485
Seed 1 | Episode 467 | Reward 49.00 | Epsilon 0.0484
Seed 1 | Episode 468 | Reward 43.00 | Epsilon 0.0483
Seed 1 | Episode 469 | Reward 49.00 | Epsilon 0.0483
Seed 1 | Episode 470 | Reward 46.00 | Epsilon 0.0482
Seed 1 | Episode 471 | Reward 34.00 | Epsilon 0.0481
Seed 1 | Episode 472 | Reward 58.00 | Epsilon 0.0480
Seed 1 | Episode 473 | Reward 53.00 | Epsilon 0.0480
Seed 1 | Episode 474 | Reward 5.00 | Epsilon 0.0478
Seed 1 | Episode 475 | Reward 55.00 | Epsilon 0.0477
Seed 1 | Episode 476 | Reward 47.00 | Epsilon 0.0477
Seed 1 | Episode 477 | Reward 57.00 | Epsilon 0.0476
Seed 1 | Episode 478 | Reward 37.00 | Epsilon 0.0475
Seed 1 | Episode 479 | Reward 48.00 | Epsilon 0.0474
Seed 1 | Episode 480 | Reward 43.00 | Epsilon 0.0474
Seed 1 | Episode 481 | Reward 40.00 | Epsilon 0.0473
Seed 1 | Episode 482 | Reward 53.00 | Epsilon 0.0472
Seed 1 | Episode 483 | Reward 49.00 | Epsilon 0.0471
Seed 1 | Episode 484 | Reward 37.00 | Epsilon 0.0470
Seed 1 | Episode 485 | Reward 48.00 | Epsilon 0.0470
Seed 1 | Episode 486 | Reward 49.00 | Epsilon 0.0469
Seed 1 | Episode 487 | Reward 49.00 | Epsilon 0.0468
Seed 1 | Episode 488 | Reward 45.00 | Epsilon 0.0467
Seed 1 | Episode 489 | Reward 57.00 | Epsilon 0.0467
Seed 1 | Episode 490 | Reward 57.00 | Epsilon 0.0466
Seed 1 | Episode 491 | Reward 46.00 | Epsilon 0.0465
Seed 1 | Episode 492 | Reward 54.00 | Epsilon 0.0465
Seed 1 | Episode 493 | Reward 48.00 | Epsilon 0.0464
Seed 1 | Episode 494 | Reward 49.00 | Epsilon 0.0463
Seed 1 | Episode 495 | Reward 49.00 | Epsilon 0.0463
Seed 1 | Episode 496 | Reward 49.00 | Epsilon 0.0462
Seed 1 | Episode 497 | Reward 57.00 | Epsilon 0.0461
Seed 1 | Episode 498 | Reward 52.00 | Epsilon 0.0461
Seed 1 | Episode 499 | Reward 46.00 | Epsilon 0.0460
Seed 1 | Episode 500 | Reward 49.00 | Epsilon 0.0459
Seed 1 | Episode 501 | Reward 58.00 | Epsilon 0.0458
Seed 1 | Episode 502 | Reward 52.00 | Epsilon 0.0458
Seed 1 | Episode 503 | Reward 54.00 | Epsilon 0.0457
Seed 1 | Episode 504 | Reward 53.00 | Epsilon 0.0457
Seed 1 | Episode 505 | Reward 49.00 | Epsilon 0.0456
Seed 1 | Episode 506 | Reward 46.00 | Epsilon 0.0455
Seed 1 | Episode 507 | Reward -32.00 | Epsilon 0.0453
Seed 1 | Episode 508 | Reward 44.00 | Epsilon 0.0452
Seed 1 | Episode 509 | Reward 58.00 | Epsilon 0.0452
Seed 1 | Episode 510 | Reward 41.00 | Epsilon 0.0451
Seed 1 | Episode 511 | Reward 45.00 | Epsilon 0.0450
Seed 1 | Episode 512 | Reward 50.00 | Epsilon 0.0450
Seed 1 | Episode 513 | Reward 56.00 | Epsilon 0.0449
Seed 1 | Episode 514 | Reward 43.00 | Epsilon 0.0448
Seed 1 | Episode 515 | Reward 50.00 | Epsilon 0.0448
Seed 1 | Episode 516 | Reward 41.00 | Epsilon 0.0447
Seed 1 | Episode 517 | Reward 43.00 | Epsilon 0.0446
Seed 1 | Episode 518 | Reward 52.00 | Epsilon 0.0445
Seed 1 | Episode 519 | Reward 41.00 | Epsilon 0.0445
Seed 1 | Episode 520 | Reward 48.00 | Epsilon 0.0444
Seed 1 | Episode 521 | Reward 38.00 | Epsilon 0.0443
Seed 1 | Episode 522 | Reward 40.00 | Epsilon 0.0442
Seed 1 | Episode 523 | Reward 45.00 | Epsilon 0.0441
Seed 1 | Episode 524 | Reward 44.00 | Epsilon 0.0441
Seed 1 | Episode 525 | Reward 44.00 | Epsilon 0.0440
Seed 1 | Episode 526 | Reward 56.00 | Epsilon 0.0439
Seed 1 | Episode 527 | Reward 50.00 | Epsilon 0.0439
Seed 1 | Episode 528 | Reward 43.00 | Epsilon 0.0438
Seed 1 | Episode 529 | Reward 46.00 | Epsilon 0.0437
Seed 1 | Episode 530 | Reward 53.00 | Epsilon 0.0437
Seed 1 | Episode 531 | Reward 46.00 | Epsilon 0.0436
Seed 1 | Episode 532 | Reward 45.00 | Epsilon 0.0435
Seed 1 | Episode 533 | Reward 55.00 | Epsilon 0.0434
Seed 1 | Episode 534 | Reward 37.00 | Epsilon 0.0434
Seed 1 | Episode 535 | Reward 44.00 | Epsilon 0.0433
Seed 1 | Episode 536 | Reward 39.00 | Epsilon 0.0432
Seed 1 | Episode 537 | Reward 56.00 | Epsilon 0.0432
Seed 1 | Episode 538 | Reward 25.00 | Epsilon 0.0431
Seed 1 | Episode 539 | Reward 30.00 | Epsilon 0.0430
Seed 1 | Episode 540 | Reward 53.00 | Epsilon 0.0429
Seed 1 | Episode 541 | Reward 57.00 | Epsilon 0.0428
Seed 1 | Episode 542 | Reward 56.00 | Epsilon 0.0428
Seed 1 | Episode 543 | Reward 42.00 | Epsilon 0.0427
Seed 1 | Episode 544 | Reward 54.00 | Epsilon 0.0427
Seed 1 | Episode 545 | Reward 43.00 | Epsilon 0.0426
Seed 1 | Episode 546 | Reward 44.00 | Epsilon 0.0425
Seed 1 | Episode 547 | Reward -27.00 | Epsilon 0.0423
Seed 1 | Episode 548 | Reward -28.00 | Epsilon 0.0422
Seed 1 | Episode 549 | Reward 44.00 | Epsilon 0.0421
Seed 1 | Episode 550 | Reward -17.00 | Epsilon 0.0420
Seed 1 | Episode 551 | Reward 50.00 | Epsilon 0.0419
Seed 1 | Episode 552 | Reward 44.00 | Epsilon 0.0418
Seed 1 | Episode 553 | Reward 38.00 | Epsilon 0.0417
Seed 1 | Episode 554 | Reward 51.00 | Epsilon 0.0417
Seed 1 | Episode 555 | Reward 45.00 | Epsilon 0.0416
Seed 1 | Episode 556 | Reward 39.00 | Epsilon 0.0415
Seed 1 | Episode 557 | Reward 16.00 | Epsilon 0.0414
Seed 1 | Episode 558 | Reward 43.00 | Epsilon 0.0414
Seed 1 | Episode 559 | Reward 35.00 | Epsilon 0.0413
Seed 1 | Episode 560 | Reward 36.00 | Epsilon 0.0412
Seed 1 | Episode 561 | Reward 39.00 | Epsilon 0.0411
Seed 1 | Episode 562 | Reward 4.00 | Epsilon 0.0410
Seed 1 | Episode 563 | Reward 54.00 | Epsilon 0.0409
Seed 1 | Episode 564 | Reward -25.00 | Epsilon 0.0408
Seed 1 | Episode 565 | Reward -17.00 | Epsilon 0.0406
Seed 1 | Episode 566 | Reward -22.00 | Epsilon 0.0405
Seed 1 | Episode 567 | Reward -86.00 | Epsilon 0.0403
Seed 1 | Episode 568 | Reward -127.00 | Epsilon 0.0400
Seed 1 | Episode 569 | Reward 44.00 | Epsilon 0.0399
Seed 1 | Episode 570 | Reward -71.00 | Epsilon 0.0397
Seed 1 | Episode 571 | Reward -120.00 | Epsilon 0.0395
Seed 1 | Episode 572 | Reward 38.00 | Epsilon 0.0394
Seed 1 | Episode 573 | Reward 47.00 | Epsilon 0.0393
Seed 1 | Episode 574 | Reward 24.00 | Epsilon 0.0392
Seed 1 | Episode 575 | Reward 32.00 | Epsilon 0.0391
Seed 1 | Episode 576 | Reward 41.00 | Epsilon 0.0391
Seed 1 | Episode 577 | Reward 20.00 | Epsilon 0.0390
Seed 1 | Episode 578 | Reward -25.00 | Epsilon 0.0388
Seed 1 | Episode 579 | Reward 41.00 | Epsilon 0.0388
Seed 1 | Episode 580 | Reward -38.00 | Epsilon 0.0386
Seed 1 | Episode 581 | Reward 54.00 | Epsilon 0.0385
Seed 1 | Episode 582 | Reward 45.00 | Epsilon 0.0385
Seed 1 | Episode 583 | Reward 38.00 | Epsilon 0.0384
Seed 1 | Episode 584 | Reward 30.00 | Epsilon 0.0383
Seed 1 | Episode 585 | Reward 49.00 | Epsilon 0.0383
Seed 1 | Episode 586 | Reward 50.00 | Epsilon 0.0382
Seed 1 | Episode 587 | Reward 14.00 | Epsilon 0.0381
Seed 1 | Episode 588 | Reward -36.00 | Epsilon 0.0380
Seed 1 | Episode 589 | Reward 40.00 | Epsilon 0.0379
Seed 1 | Episode 590 | Reward 39.00 | Epsilon 0.0378
Seed 1 | Episode 591 | Reward 36.00 | Epsilon 0.0377
Seed 1 | Episode 592 | Reward 27.00 | Epsilon 0.0377
Seed 1 | Episode 593 | Reward 26.00 | Epsilon 0.0376
Seed 1 | Episode 594 | Reward -20.00 | Epsilon 0.0374
Seed 1 | Episode 595 | Reward 41.00 | Epsilon 0.0374
Seed 1 | Episode 596 | Reward 29.00 | Epsilon 0.0373
Seed 1 | Episode 597 | Reward 26.00 | Epsilon 0.0372
Seed 1 | Episode 598 | Reward 24.00 | Epsilon 0.0371
Seed 1 | Episode 599 | Reward 29.00 | Epsilon 0.0370
Seed 1 | Episode 600 | Reward 18.00 | Epsilon 0.0369
Seed 1 | Episode 601 | Reward 47.00 | Epsilon 0.0369
Seed 1 | Episode 602 | Reward 34.00 | Epsilon 0.0368
Seed 1 | Episode 603 | Reward -14.00 | Epsilon 0.0367
Seed 1 | Episode 604 | Reward 33.00 | Epsilon 0.0366
Seed 1 | Episode 605 | Reward 39.00 | Epsilon 0.0365
Seed 1 | Episode 606 | Reward -39.00 | Epsilon 0.0364
Seed 1 | Episode 607 | Reward 21.00 | Epsilon 0.0363
Seed 1 | Episode 608 | Reward 34.00 | Epsilon 0.0362
Seed 1 | Episode 609 | Reward -162.00 | Epsilon 0.0359
Seed 1 | Episode 610 | Reward -20.00 | Epsilon 0.0358
Seed 1 | Episode 611 | Reward 36.00 | Epsilon 0.0357
Seed 1 | Episode 612 | Reward -16.00 | Epsilon 0.0356
Seed 1 | Episode 613 | Reward 16.00 | Epsilon 0.0355
Seed 1 | Episode 614 | Reward -7.00 | Epsilon 0.0354
Seed 1 | Episode 615 | Reward -8.00 | Epsilon 0.0353
Seed 1 | Episode 616 | Reward -85.00 | Epsilon 0.0351
Seed 1 | Episode 617 | Reward -80.00 | Epsilon 0.0349
Seed 1 | Episode 618 | Reward 12.00 | Epsilon 0.0348
Seed 1 | Episode 619 | Reward -27.00 | Epsilon 0.0347
Seed 1 | Episode 620 | Reward 21.00 | Epsilon 0.0346
Seed 1 | Episode 621 | Reward -89.00 | Epsilon 0.0344
Seed 1 | Episode 622 | Reward 42.00 | Epsilon 0.0343
Seed 1 | Episode 623 | Reward -69.00 | Epsilon 0.0342
Seed 1 | Episode 624 | Reward 13.00 | Epsilon 0.0341
Seed 1 | Episode 625 | Reward 14.00 | Epsilon 0.0340
Seed 1 | Episode 626 | Reward -45.00 | Epsilon 0.0338
Seed 1 | Episode 627 | Reward 7.00 | Epsilon 0.0337
Seed 1 | Episode 628 | Reward -70.00 | Epsilon 0.0336
Seed 1 | Episode 629 | Reward 6.00 | Epsilon 0.0335
Seed 1 | Episode 630 | Reward -57.00 | Epsilon 0.0333
Seed 1 | Episode 631 | Reward -300.00 | Epsilon 0.0330
Seed 1 | Episode 632 | Reward 46.00 | Epsilon 0.0330
Seed 1 | Episode 633 | Reward 9.00 | Epsilon 0.0329
Seed 1 | Episode 634 | Reward -35.00 | Epsilon 0.0327
Seed 1 | Episode 635 | Reward -300.00 | Epsilon 0.0324
Seed 1 | Episode 636 | Reward -300.00 | Epsilon 0.0322
Seed 1 | Episode 637 | Reward 4.00 | Epsilon 0.0321
Seed 1 | Episode 638 | Reward 29.00 | Epsilon 0.0320
Seed 1 | Episode 639 | Reward -300.00 | Epsilon 0.0317
Seed 1 | Episode 640 | Reward 36.00 | Epsilon 0.0316
Seed 1 | Episode 641 | Reward -300.00 | Epsilon 0.0314
Seed 1 | Episode 642 | Reward -196.00 | Epsilon 0.0311
Seed 1 | Episode 643 | Reward 8.00 | Epsilon 0.0310
Seed 1 | Episode 644 | Reward -54.00 | Epsilon 0.0309
Seed 1 | Episode 645 | Reward 4.00 | Epsilon 0.0308
Seed 1 | Episode 646 | Reward -147.00 | Epsilon 0.0305
Seed 1 | Episode 647 | Reward -300.00 | Epsilon 0.0303
Seed 1 | Episode 648 | Reward -94.00 | Epsilon 0.0301
Seed 1 | Episode 649 | Reward -12.00 | Epsilon 0.0300
Seed 1 | Episode 650 | Reward 41.00 | Epsilon 0.0299
Seed 1 | Episode 651 | Reward -300.00 | Epsilon 0.0297
Seed 1 | Episode 652 | Reward -25.00 | Epsilon 0.0295
Seed 1 | Episode 653 | Reward -14.00 | Epsilon 0.0294
Seed 1 | Episode 654 | Reward -5.00 | Epsilon 0.0294
Seed 1 | Episode 655 | Reward 24.00 | Epsilon 0.0293
Seed 1 | Episode 656 | Reward -146.00 | Epsilon 0.0291
Seed 1 | Episode 657 | Reward 26.00 | Epsilon 0.0290
Seed 1 | Episode 658 | Reward -121.00 | Epsilon 0.0288
Seed 1 | Episode 659 | Reward 28.00 | Epsilon 0.0287
Seed 1 | Episode 660 | Reward -147.00 | Epsilon 0.0285
Seed 1 | Episode 661 | Reward 9.00 | Epsilon 0.0285
Seed 1 | Episode 662 | Reward -60.00 | Epsilon 0.0283
Seed 1 | Episode 663 | Reward 25.00 | Epsilon 0.0283
Seed 1 | Episode 664 | Reward -300.00 | Epsilon 0.0280
Seed 1 | Episode 665 | Reward 35.00 | Epsilon 0.0279
Seed 1 | Episode 666 | Reward -300.00 | Epsilon 0.0277
Seed 1 | Episode 667 | Reward -300.00 | Epsilon 0.0274
Seed 1 | Episode 668 | Reward -181.00 | Epsilon 0.0272
Seed 1 | Episode 669 | Reward -300.00 | Epsilon 0.0270
Seed 1 | Episode 670 | Reward -300.00 | Epsilon 0.0267
Seed 1 | Episode 671 | Reward -300.00 | Epsilon 0.0265
Seed 1 | Episode 672 | Reward -300.00 | Epsilon 0.0263
Seed 1 | Episode 673 | Reward -300.00 | Epsilon 0.0260
Seed 1 | Episode 674 | Reward -300.00 | Epsilon 0.0258
Seed 1 | Episode 675 | Reward 24.00 | Epsilon 0.0257
Seed 1 | Episode 676 | Reward -300.00 | Epsilon 0.0255
Seed 1 | Episode 677 | Reward -300.00 | Epsilon 0.0253
Seed 1 | Episode 678 | Reward -300.00 | Epsilon 0.0250
Seed 1 | Episode 679 | Reward -300.00 | Epsilon 0.0248
Seed 1 | Episode 680 | Reward -300.00 | Epsilon 0.0246
Seed 1 | Episode 681 | Reward -300.00 | Epsilon 0.0244
Seed 1 | Episode 682 | Reward -300.00 | Epsilon 0.0242
Seed 1 | Episode 683 | Reward -300.00 | Epsilon 0.0239
Seed 1 | Episode 684 | Reward -300.00 | Epsilon 0.0237
Seed 1 | Episode 685 | Reward -300.00 | Epsilon 0.0235
Seed 1 | Episode 686 | Reward -300.00 | Epsilon 0.0233
Seed 1 | Episode 687 | Reward -300.00 | Epsilon 0.0231
Seed 1 | Episode 688 | Reward -300.00 | Epsilon 0.0229
Seed 1 | Episode 689 | Reward -300.00 | Epsilon 0.0227
Seed 1 | Episode 690 | Reward -300.00 | Epsilon 0.0225
Seed 1 | Episode 691 | Reward -300.00 | Epsilon 0.0223
Seed 1 | Episode 692 | Reward -300.00 | Epsilon 0.0221
Seed 1 | Episode 693 | Reward -300.00 | Epsilon 0.0219
Seed 1 | Episode 694 | Reward -300.00 | Epsilon 0.0217
Seed 1 | Episode 695 | Reward -300.00 | Epsilon 0.0215
Seed 1 | Episode 696 | Reward -300.00 | Epsilon 0.0213
Seed 1 | Episode 697 | Reward -300.00 | Epsilon 0.0211
Seed 1 | Episode 698 | Reward -300.00 | Epsilon 0.0209
Seed 1 | Episode 699 | Reward -300.00 | Epsilon 0.0207
Seed 1 | Episode 700 | Reward -300.00 | Epsilon 0.0205
Seed 1 | Episode 701 | Reward -300.00 | Epsilon 0.0204
Seed 1 | Episode 702 | Reward -300.00 | Epsilon 0.0202
Seed 1 | Episode 703 | Reward -300.00 | Epsilon 0.0200
Seed 1 | Episode 704 | Reward -300.00 | Epsilon 0.0198
Seed 1 | Episode 705 | Reward -300.00 | Epsilon 0.0196
Seed 1 | Episode 706 | Reward -300.00 | Epsilon 0.0195
Seed 1 | Episode 707 | Reward -300.00 | Epsilon 0.0193
Seed 1 | Episode 708 | Reward -300.00 | Epsilon 0.0191
Seed 1 | Episode 709 | Reward -300.00 | Epsilon 0.0189
Seed 1 | Episode 710 | Reward -300.00 | Epsilon 0.0188
Seed 1 | Episode 711 | Reward -300.00 | Epsilon 0.0186
Seed 1 | Episode 712 | Reward -300.00 | Epsilon 0.0184
Seed 1 | Episode 713 | Reward -300.00 | Epsilon 0.0183
Seed 1 | Episode 714 | Reward -300.00 | Epsilon 0.0181
Seed 1 | Episode 715 | Reward -300.00 | Epsilon 0.0179
Seed 1 | Episode 716 | Reward -300.00 | Epsilon 0.0178
Seed 1 | Episode 717 | Reward -300.00 | Epsilon 0.0176
Seed 1 | Episode 718 | Reward -300.00 | Epsilon 0.0175
Seed 1 | Episode 719 | Reward -300.00 | Epsilon 0.0173
Seed 1 | Episode 720 | Reward -300.00 | Epsilon 0.0172
Seed 1 | Episode 721 | Reward -300.00 | Epsilon 0.0170
Seed 1 | Episode 722 | Reward -300.00 | Epsilon 0.0169
Seed 1 | Episode 723 | Reward -300.00 | Epsilon 0.0167
Seed 1 | Episode 724 | Reward -300.00 | Epsilon 0.0166
Seed 1 | Episode 725 | Reward -300.00 | Epsilon 0.0164
Seed 1 | Episode 726 | Reward -300.00 | Epsilon 0.0163
Seed 1 | Episode 727 | Reward -300.00 | Epsilon 0.0161
Seed 1 | Episode 728 | Reward -300.00 | Epsilon 0.0160
Seed 1 | Episode 729 | Reward -300.00 | Epsilon 0.0158
Seed 1 | Episode 730 | Reward -300.00 | Epsilon 0.0157
Seed 1 | Episode 731 | Reward -300.00 | Epsilon 0.0155
Seed 1 | Episode 732 | Reward -300.00 | Epsilon 0.0154
Seed 1 | Episode 733 | Reward -300.00 | Epsilon 0.0153
Seed 1 | Episode 734 | Reward -300.00 | Epsilon 0.0151
Seed 1 | Episode 735 | Reward -300.00 | Epsilon 0.0150
Seed 1 | Episode 736 | Reward -300.00 | Epsilon 0.0149
Seed 1 | Episode 737 | Reward -300.00 | Epsilon 0.0147
Seed 1 | Episode 738 | Reward -300.00 | Epsilon 0.0146
Seed 1 | Episode 739 | Reward -300.00 | Epsilon 0.0145
Seed 1 | Episode 740 | Reward -300.00 | Epsilon 0.0143
Seed 1 | Episode 741 | Reward -300.00 | Epsilon 0.0142
Seed 1 | Episode 742 | Reward -300.00 | Epsilon 0.0141
Seed 1 | Episode 743 | Reward -300.00 | Epsilon 0.0140
Seed 1 | Episode 744 | Reward -300.00 | Epsilon 0.0138
Seed 1 | Episode 745 | Reward -300.00 | Epsilon 0.0137
Seed 1 | Episode 746 | Reward -300.00 | Epsilon 0.0136
Seed 1 | Episode 747 | Reward -300.00 | Epsilon 0.0135
Seed 1 | Episode 748 | Reward -300.00 | Epsilon 0.0133
Seed 1 | Episode 749 | Reward -300.00 | Epsilon 0.0132
Seed 1 | Episode 750 | Reward -300.00 | Epsilon 0.0131
Seed 1 | Episode 751 | Reward -300.00 | Epsilon 0.0130
Seed 1 | Episode 752 | Reward -300.00 | Epsilon 0.0129
Seed 1 | Episode 753 | Reward -300.00 | Epsilon 0.0128
Seed 1 | Episode 754 | Reward -300.00 | Epsilon 0.0126
Seed 1 | Episode 755 | Reward -300.00 | Epsilon 0.0125
Seed 1 | Episode 756 | Reward -300.00 | Epsilon 0.0124
Seed 1 | Episode 757 | Reward -300.00 | Epsilon 0.0123
Seed 1 | Episode 758 | Reward -300.00 | Epsilon 0.0122
Seed 1 | Episode 759 | Reward -300.00 | Epsilon 0.0121
Seed 1 | Episode 760 | Reward -300.00 | Epsilon 0.0120
Seed 1 | Episode 761 | Reward -300.00 | Epsilon 0.0119
Seed 1 | Episode 762 | Reward -300.00 | Epsilon 0.0118
Seed 1 | Episode 763 | Reward -300.00 | Epsilon 0.0117
Seed 1 | Episode 764 | Reward -300.00 | Epsilon 0.0115
Seed 1 | Episode 765 | Reward -300.00 | Epsilon 0.0114
Seed 1 | Episode 766 | Reward -300.00 | Epsilon 0.0113
Seed 1 | Episode 767 | Reward -300.00 | Epsilon 0.0112
Seed 1 | Episode 768 | Reward -300.00 | Epsilon 0.0111
Seed 1 | Episode 769 | Reward -300.00 | Epsilon 0.0110
Seed 1 | Episode 770 | Reward -300.00 | Epsilon 0.0109
Seed 1 | Episode 771 | Reward -300.00 | Epsilon 0.0108
Seed 1 | Episode 772 | Reward -300.00 | Epsilon 0.0107
Seed 1 | Episode 773 | Reward -300.00 | Epsilon 0.0106
Seed 1 | Episode 774 | Reward -300.00 | Epsilon 0.0106
Seed 1 | Episode 775 | Reward -300.00 | Epsilon 0.0105
Seed 1 | Episode 776 | Reward -300.00 | Epsilon 0.0104
Seed 1 | Episode 777 | Reward -300.00 | Epsilon 0.0103
Seed 1 | Episode 778 | Reward -300.00 | Epsilon 0.0102
Seed 1 | Episode 779 | Reward -300.00 | Epsilon 0.0101
Seed 1 | Episode 780 | Reward -300.00 | Epsilon 0.0100
Seed 1 | Episode 781 | Reward -300.00 | Epsilon 0.0100
Seed 1 | Episode 782 | Reward -300.00 | Epsilon 0.0100
Seed 1 | Episode 783 | Reward -300.00 | Epsilon 0.0100
Seed 1 | Episode 784 | Reward -300.00 | Epsilon 0.0100
Seed 1 | Episode 785 | Reward -300.00 | Epsilon 0.0100
Seed 1 | Episode 786 | Reward -300.00 | Epsilon 0.0100
Seed 1 | Episode 787 | Reward -300.00 | Epsilon 0.0100
Seed 1 | Episode 788 | Reward -300.00 | Epsilon 0.0100
Seed 1 | Episode 789 | Reward -300.00 | Epsilon 0.0100
Seed 1 | Episode 790 | Reward -300.00 | Epsilon 0.0100
Seed 1 | Episode 791 | Reward -300.00 | Epsilon 0.0100
Seed 1 | Episode 792 | Reward -300.00 | Epsilon 0.0100
Seed 1 | Episode 793 | Reward -300.00 | Epsilon 0.0100
Seed 1 | Episode 794 | Reward -300.00 | Epsilon 0.0100
Seed 1 | Episode 795 | Reward -300.00 | Epsilon 0.0100
Seed 1 | Episode 796 | Reward -300.00 | Epsilon 0.0100
Seed 1 | Episode 797 | Reward -300.00 | Epsilon 0.0100
Seed 1 | Episode 798 | Reward -300.00 | Epsilon 0.0100
Seed 1 | Episode 799 | Reward -300.00 | Epsilon 0.0100
Seed 1 | Episode 800 | Reward -300.00 | Epsilon 0.0100
Seed 1 | Episode 801 | Reward -300.00 | Epsilon 0.0100
Seed 1 | Episode 802 | Reward -300.00 | Epsilon 0.0100
Seed 1 | Episode 803 | Reward -300.00 | Epsilon 0.0100
Seed 1 | Episode 804 | Reward -300.00 | Epsilon 0.0100
Seed 1 | Episode 805 | Reward -300.00 | Epsilon 0.0100
Seed 1 | Episode 806 | Reward -300.00 | Epsilon 0.0100
Seed 1 | Episode 807 | Reward -300.00 | Epsilon 0.0100
Seed 1 | Episode 808 | Reward -300.00 | Epsilon 0.0100
Seed 1 | Episode 809 | Reward -300.00 | Epsilon 0.0100
Seed 1 | Episode 810 | Reward -300.00 | Epsilon 0.0100
Seed 1 | Episode 811 | Reward -300.00 | Epsilon 0.0100
Seed 1 | Episode 812 | Reward -300.00 | Epsilon 0.0100
Seed 1 | Episode 813 | Reward -300.00 | Epsilon 0.0100
Seed 1 | Episode 814 | Reward -300.00 | Epsilon 0.0100
Seed 1 | Episode 815 | Reward -300.00 | Epsilon 0.0100
Seed 1 | Episode 816 | Reward -300.00 | Epsilon 0.0100
Seed 1 | Episode 817 | Reward -300.00 | Epsilon 0.0100
Seed 1 | Episode 818 | Reward -300.00 | Epsilon 0.0100
Seed 1 | Episode 819 | Reward -300.00 | Epsilon 0.0100
Seed 1 | Episode 820 | Reward -300.00 | Epsilon 0.0100
Seed 1 | Episode 821 | Reward -300.00 | Epsilon 0.0100
Seed 1 | Episode 822 | Reward -300.00 | Epsilon 0.0100
Seed 1 | Episode 823 | Reward -300.00 | Epsilon 0.0100
Seed 1 | Episode 824 | Reward -300.00 | Epsilon 0.0100
Seed 1 | Episode 825 | Reward -300.00 | Epsilon 0.0100
Seed 1 | Episode 826 | Reward -300.00 | Epsilon 0.0100
Seed 1 | Episode 827 | Reward -300.00 | Epsilon 0.0100
Seed 1 | Episode 828 | Reward -300.00 | Epsilon 0.0100
Seed 1 | Episode 829 | Reward -300.00 | Epsilon 0.0100
Seed 1 | Episode 830 | Reward -300.00 | Epsilon 0.0100
Seed 1 | Episode 831 | Reward -300.00 | Epsilon 0.0100
Seed 1 | Episode 832 | Reward -300.00 | Epsilon 0.0100
Seed 1 | Episode 833 | Reward -300.00 | Epsilon 0.0100
Seed 1 | Episode 834 | Reward -300.00 | Epsilon 0.0100
Seed 1 | Episode 835 | Reward -300.00 | Epsilon 0.0100
Seed 1 | Episode 836 | Reward -300.00 | Epsilon 0.0100
Seed 1 | Episode 837 | Reward -300.00 | Epsilon 0.0100
Seed 1 | Episode 838 | Reward -300.00 | Epsilon 0.0100
Seed 1 | Episode 839 | Reward -300.00 | Epsilon 0.0100
Seed 1 | Episode 840 | Reward -300.00 | Epsilon 0.0100
Seed 1 | Episode 841 | Reward -300.00 | Epsilon 0.0100
Seed 1 | Episode 842 | Reward -300.00 | Epsilon 0.0100
Seed 1 | Episode 843 | Reward -300.00 | Epsilon 0.0100
Seed 1 | Episode 844 | Reward -300.00 | Epsilon 0.0100
Seed 1 | Episode 845 | Reward -300.00 | Epsilon 0.0100
Seed 1 | Episode 846 | Reward -300.00 | Epsilon 0.0100
Seed 1 | Episode 847 | Reward -300.00 | Epsilon 0.0100
Seed 1 | Episode 848 | Reward -300.00 | Epsilon 0.0100
Seed 1 | Episode 849 | Reward -300.00 | Epsilon 0.0100
Seed 1 | Episode 850 | Reward -300.00 | Epsilon 0.0100
Seed 1 | Episode 851 | Reward -300.00 | Epsilon 0.0100
Seed 1 | Episode 852 | Reward -300.00 | Epsilon 0.0100
Seed 1 | Episode 853 | Reward -300.00 | Epsilon 0.0100
Seed 1 | Episode 854 | Reward -300.00 | Epsilon 0.0100
Seed 1 | Episode 855 | Reward -300.00 | Epsilon 0.0100
Seed 1 | Episode 856 | Reward -300.00 | Epsilon 0.0100
Seed 1 | Episode 857 | Reward -300.00 | Epsilon 0.0100
Seed 1 | Episode 858 | Reward -300.00 | Epsilon 0.0100
Seed 1 | Episode 859 | Reward -300.00 | Epsilon 0.0100
Seed 1 | Episode 860 | Reward -300.00 | Epsilon 0.0100
Seed 1 | Episode 861 | Reward -300.00 | Epsilon 0.0100
Seed 1 | Episode 862 | Reward -300.00 | Epsilon 0.0100
Seed 1 | Episode 863 | Reward -300.00 | Epsilon 0.0100
Seed 1 | Episode 864 | Reward -300.00 | Epsilon 0.0100
Seed 1 | Episode 865 | Reward -300.00 | Epsilon 0.0100
Seed 1 | Episode 866 | Reward -300.00 | Epsilon 0.0100
Seed 1 | Episode 867 | Reward -300.00 | Epsilon 0.0100
Seed 1 | Episode 868 | Reward -300.00 | Epsilon 0.0100
Seed 1 | Episode 869 | Reward -300.00 | Epsilon 0.0100
Seed 1 | Episode 870 | Reward -300.00 | Epsilon 0.0100
Seed 1 | Episode 871 | Reward -300.00 | Epsilon 0.0100
Seed 1 | Episode 872 | Reward -300.00 | Epsilon 0.0100
Seed 1 | Episode 873 | Reward -300.00 | Epsilon 0.0100
Seed 1 | Episode 874 | Reward -300.00 | Epsilon 0.0100
Seed 1 | Episode 875 | Reward -300.00 | Epsilon 0.0100
Seed 1 | Episode 876 | Reward -300.00 | Epsilon 0.0100
Seed 1 | Episode 877 | Reward -300.00 | Epsilon 0.0100
Seed 1 | Episode 878 | Reward -300.00 | Epsilon 0.0100
Seed 1 | Episode 879 | Reward -300.00 | Epsilon 0.0100
Seed 1 | Episode 880 | Reward -300.00 | Epsilon 0.0100
Seed 1 | Episode 881 | Reward -300.00 | Epsilon 0.0100
Seed 1 | Episode 882 | Reward -80.00 | Epsilon 0.0100
Seed 1 | Episode 883 | Reward -300.00 | Epsilon 0.0100
Seed 1 | Episode 884 | Reward -300.00 | Epsilon 0.0100
Seed 1 | Episode 885 | Reward -300.00 | Epsilon 0.0100
Seed 1 | Episode 886 | Reward -300.00 | Epsilon 0.0100
Seed 1 | Episode 887 | Reward -300.00 | Epsilon 0.0100
Seed 1 | Episode 888 | Reward -300.00 | Epsilon 0.0100
Seed 1 | Episode 889 | Reward -300.00 | Epsilon 0.0100
Seed 1 | Episode 890 | Reward -300.00 | Epsilon 0.0100
Seed 1 | Episode 891 | Reward -300.00 | Epsilon 0.0100
Seed 1 | Episode 892 | Reward -300.00 | Epsilon 0.0100
Seed 1 | Episode 893 | Reward -300.00 | Epsilon 0.0100
Seed 1 | Episode 894 | Reward -300.00 | Epsilon 0.0100
Seed 1 | Episode 895 | Reward -300.00 | Epsilon 0.0100
Seed 1 | Episode 896 | Reward -300.00 | Epsilon 0.0100
Seed 1 | Episode 897 | Reward -300.00 | Epsilon 0.0100
Seed 1 | Episode 898 | Reward -300.00 | Epsilon 0.0100
Seed 1 | Episode 899 | Reward -300.00 | Epsilon 0.0100
Seed 1 | Episode 900 | Reward -300.00 | Epsilon 0.0100
Seed 1 | Episode 901 | Reward -300.00 | Epsilon 0.0100
Seed 1 | Episode 902 | Reward -300.00 | Epsilon 0.0100
Seed 1 | Episode 903 | Reward -300.00 | Epsilon 0.0100
Seed 1 | Episode 904 | Reward -300.00 | Epsilon 0.0100
Seed 1 | Episode 905 | Reward -300.00 | Epsilon 0.0100
Seed 1 | Episode 906 | Reward -300.00 | Epsilon 0.0100
Seed 1 | Episode 907 | Reward -300.00 | Epsilon 0.0100
Seed 1 | Episode 908 | Reward -300.00 | Epsilon 0.0100
Seed 1 | Episode 909 | Reward -300.00 | Epsilon 0.0100
Seed 1 | Episode 910 | Reward -300.00 | Epsilon 0.0100
Seed 1 | Episode 911 | Reward -300.00 | Epsilon 0.0100
Seed 1 | Episode 912 | Reward -300.00 | Epsilon 0.0100
Seed 1 | Episode 913 | Reward -300.00 | Epsilon 0.0100
Seed 1 | Episode 914 | Reward -300.00 | Epsilon 0.0100
Seed 1 | Episode 915 | Reward -300.00 | Epsilon 0.0100
Seed 1 | Episode 916 | Reward -300.00 | Epsilon 0.0100
Seed 1 | Episode 917 | Reward -300.00 | Epsilon 0.0100
Seed 1 | Episode 918 | Reward -300.00 | Epsilon 0.0100
Seed 1 | Episode 919 | Reward -300.00 | Epsilon 0.0100
Seed 1 | Episode 920 | Reward -300.00 | Epsilon 0.0100
Seed 1 | Episode 921 | Reward -300.00 | Epsilon 0.0100
Seed 1 | Episode 922 | Reward -300.00 | Epsilon 0.0100
Seed 1 | Episode 923 | Reward -300.00 | Epsilon 0.0100
Seed 1 | Episode 924 | Reward -300.00 | Epsilon 0.0100
Seed 1 | Episode 925 | Reward -300.00 | Epsilon 0.0100
Seed 1 | Episode 926 | Reward -300.00 | Epsilon 0.0100
Seed 1 | Episode 927 | Reward -300.00 | Epsilon 0.0100
Seed 1 | Episode 928 | Reward -300.00 | Epsilon 0.0100
Seed 1 | Episode 929 | Reward -300.00 | Epsilon 0.0100
Seed 1 | Episode 930 | Reward -300.00 | Epsilon 0.0100
Seed 1 | Episode 931 | Reward -300.00 | Epsilon 0.0100
Seed 1 | Episode 932 | Reward -300.00 | Epsilon 0.0100
Seed 1 | Episode 933 | Reward -300.00 | Epsilon 0.0100
Seed 1 | Episode 934 | Reward -300.00 | Epsilon 0.0100
Seed 1 | Episode 935 | Reward -300.00 | Epsilon 0.0100
Seed 1 | Episode 936 | Reward -300.00 | Epsilon 0.0100
Seed 1 | Episode 937 | Reward -300.00 | Epsilon 0.0100
Seed 1 | Episode 938 | Reward -300.00 | Epsilon 0.0100
Seed 1 | Episode 939 | Reward -300.00 | Epsilon 0.0100
Seed 1 | Episode 940 | Reward -300.00 | Epsilon 0.0100
Seed 1 | Episode 941 | Reward -300.00 | Epsilon 0.0100
Seed 1 | Episode 942 | Reward -300.00 | Epsilon 0.0100
Seed 1 | Episode 943 | Reward -300.00 | Epsilon 0.0100
Seed 1 | Episode 944 | Reward -300.00 | Epsilon 0.0100
Seed 1 | Episode 945 | Reward -300.00 | Epsilon 0.0100
Seed 1 | Episode 946 | Reward -300.00 | Epsilon 0.0100
Seed 1 | Episode 947 | Reward -300.00 | Epsilon 0.0100
Seed 1 | Episode 948 | Reward -300.00 | Epsilon 0.0100
Seed 1 | Episode 949 | Reward -300.00 | Epsilon 0.0100
Seed 1 | Episode 950 | Reward -300.00 | Epsilon 0.0100
Seed 1 | Episode 951 | Reward -300.00 | Epsilon 0.0100
Seed 1 | Episode 952 | Reward -300.00 | Epsilon 0.0100
Seed 1 | Episode 953 | Reward -300.00 | Epsilon 0.0100
Seed 1 | Episode 954 | Reward -300.00 | Epsilon 0.0100
Seed 1 | Episode 955 | Reward -300.00 | Epsilon 0.0100
Seed 1 | Episode 956 | Reward -300.00 | Epsilon 0.0100
Seed 1 | Episode 957 | Reward -300.00 | Epsilon 0.0100
Seed 1 | Episode 958 | Reward -300.00 | Epsilon 0.0100
Seed 1 | Episode 959 | Reward -300.00 | Epsilon 0.0100
Seed 1 | Episode 960 | Reward -300.00 | Epsilon 0.0100
Seed 1 | Episode 961 | Reward -300.00 | Epsilon 0.0100
Seed 1 | Episode 962 | Reward -300.00 | Epsilon 0.0100
Seed 1 | Episode 963 | Reward -300.00 | Epsilon 0.0100
Seed 1 | Episode 964 | Reward -300.00 | Epsilon 0.0100
Seed 1 | Episode 965 | Reward -300.00 | Epsilon 0.0100
Seed 1 | Episode 966 | Reward -300.00 | Epsilon 0.0100
Seed 1 | Episode 967 | Reward -300.00 | Epsilon 0.0100
Seed 1 | Episode 968 | Reward -300.00 | Epsilon 0.0100
Seed 1 | Episode 969 | Reward -300.00 | Epsilon 0.0100
Seed 1 | Episode 970 | Reward -300.00 | Epsilon 0.0100
Seed 1 | Episode 971 | Reward -300.00 | Epsilon 0.0100
Seed 1 | Episode 972 | Reward -300.00 | Epsilon 0.0100
Seed 1 | Episode 973 | Reward -300.00 | Epsilon 0.0100
Seed 1 | Episode 974 | Reward -300.00 | Epsilon 0.0100
Seed 1 | Episode 975 | Reward -300.00 | Epsilon 0.0100
Seed 1 | Episode 976 | Reward -300.00 | Epsilon 0.0100
Seed 1 | Episode 977 | Reward -300.00 | Epsilon 0.0100
Seed 1 | Episode 978 | Reward -300.00 | Epsilon 0.0100
Seed 1 | Episode 979 | Reward -300.00 | Epsilon 0.0100
Seed 1 | Episode 980 | Reward -300.00 | Epsilon 0.0100
Seed 1 | Episode 981 | Reward -300.00 | Epsilon 0.0100
Seed 1 | Episode 982 | Reward -300.00 | Epsilon 0.0100
Seed 1 | Episode 983 | Reward -300.00 | Epsilon 0.0100
Seed 1 | Episode 984 | Reward -300.00 | Epsilon 0.0100
Seed 1 | Episode 985 | Reward -300.00 | Epsilon 0.0100
Seed 1 | Episode 986 | Reward -300.00 | Epsilon 0.0100
Seed 1 | Episode 987 | Reward -300.00 | Epsilon 0.0100
Seed 1 | Episode 988 | Reward -300.00 | Epsilon 0.0100
Seed 1 | Episode 989 | Reward -300.00 | Epsilon 0.0100
Seed 1 | Episode 990 | Reward -300.00 | Epsilon 0.0100
Seed 1 | Episode 991 | Reward -300.00 | Epsilon 0.0100
Seed 1 | Episode 992 | Reward -300.00 | Epsilon 0.0100
Seed 1 | Episode 993 | Reward -300.00 | Epsilon 0.0100
Seed 1 | Episode 994 | Reward -300.00 | Epsilon 0.0100
Seed 1 | Episode 995 | Reward -300.00 | Epsilon 0.0100
Seed 1 | Episode 996 | Reward -300.00 | Epsilon 0.0100
Seed 1 | Episode 997 | Reward -300.00 | Epsilon 0.0100
Seed 1 | Episode 998 | Reward -300.00 | Epsilon 0.0100
Seed 1 | Episode 999 | Reward -300.00 | Epsilon 0.0100
Finished seed 1
