starting job
Sun Dec  7 19:54:41 2025       
+-----------------------------------------------------------------------------------------+
| NVIDIA-SMI 580.65.06              Driver Version: 580.65.06      CUDA Version: 13.0     |
+-----------------------------------------+------------------------+----------------------+
| GPU  Name                 Persistence-M | Bus-Id          Disp.A | Volatile Uncorr. ECC |
| Fan  Temp   Perf          Pwr:Usage/Cap |           Memory-Usage | GPU-Util  Compute M. |
|                                         |                        |               MIG M. |
|=========================================+========================+======================|
|   0  NVIDIA H100 80GB HBM3          On  |   00000000:06:00.0 Off |                   On |
| N/A   22C    P0             66W /  700W |     101MiB /  81559MiB |     N/A      Default |
|                                         |                        |              Enabled |
+-----------------------------------------+------------------------+----------------------+

+-----------------------------------------------------------------------------------------+
| MIG devices:                                                                            |
+------------------+----------------------------------+-----------+-----------------------+
| GPU  GI  CI  MIG |              Shared Memory-Usage |        Vol|        Shared         |
|      ID  ID  Dev |                Shared BAR1-Usage | SM     Unc| CE ENC  DEC  OFA  JPG |
|                  |                                  |        ECC|                       |
|==================+==================================+===========+=======================|
|  0    9   0   0  |              15MiB /  9984MiB    | 16      0 |  1   0    1    0    1 |
|                  |               0MiB /  6185MiB    |           |                       |
+------------------+----------------------------------+-----------+-----------------------+

+-----------------------------------------------------------------------------------------+
| Processes:                                                                              |
|  GPU   GI   CI              PID   Type   Process name                        GPU Memory |
|        ID   ID                                                               Usage      |
|=========================================================================================|
|  No running processes found                                                             |
+-----------------------------------------------------------------------------------------+
Running seed 10
Gym has been unmaintained since 2022 and does not support NumPy 2.0 amongst other critical functionality.
Please upgrade to Gymnasium, the maintained drop-in replacement of Gym, or contact the authors of your software and request that they upgrade.
Users of this version of Gym should be able to simply replace 'import gym' with 'import gymnasium as gym' in the vast majority of cases.
See the migration guide at https://gymnasium.farama.org/introduction/migration_guide/ for additional information.
Seed 10 | Episode 0 | Reward -300.00 | Epsilon 0.9987
Seed 10 | Episode 1 | Reward -300.00 | Epsilon 0.9897
Seed 10 | Episode 2 | Reward -300.00 | Epsilon 0.9808
Seed 10 | Episode 3 | Reward -300.00 | Epsilon 0.9720
Seed 10 | Episode 4 | Reward -300.00 | Epsilon 0.9633
Seed 10 | Episode 5 | Reward -300.00 | Epsilon 0.9547
Seed 10 | Episode 6 | Reward -300.00 | Epsilon 0.9462
Seed 10 | Episode 7 | Reward -300.00 | Epsilon 0.9377
Seed 10 | Episode 8 | Reward -300.00 | Epsilon 0.9293
Seed 10 | Episode 9 | Reward -300.00 | Epsilon 0.9209
Seed 10 | Episode 10 | Reward -300.00 | Epsilon 0.9127
Seed 10 | Episode 11 | Reward -300.00 | Epsilon 0.9045
Seed 10 | Episode 12 | Reward -300.00 | Epsilon 0.8964
Seed 10 | Episode 13 | Reward -300.00 | Epsilon 0.8884
Seed 10 | Episode 14 | Reward -300.00 | Epsilon 0.8804
Seed 10 | Episode 15 | Reward -300.00 | Epsilon 0.8725
Seed 10 | Episode 16 | Reward -300.00 | Epsilon 0.8647
Seed 10 | Episode 17 | Reward -300.00 | Epsilon 0.8570
Seed 10 | Episode 18 | Reward -300.00 | Epsilon 0.8493
Seed 10 | Episode 19 | Reward -300.00 | Epsilon 0.8417
Seed 10 | Episode 20 | Reward -300.00 | Epsilon 0.8341
Seed 10 | Episode 21 | Reward -300.00 | Epsilon 0.8267
Seed 10 | Episode 22 | Reward -300.00 | Epsilon 0.8193
Seed 10 | Episode 23 | Reward -300.00 | Epsilon 0.8119
Seed 10 | Episode 24 | Reward -300.00 | Epsilon 0.8046
Seed 10 | Episode 25 | Reward -300.00 | Epsilon 0.7974
Seed 10 | Episode 26 | Reward -300.00 | Epsilon 0.7903
Seed 10 | Episode 27 | Reward -300.00 | Epsilon 0.7832
Seed 10 | Episode 28 | Reward -300.00 | Epsilon 0.7762
Seed 10 | Episode 29 | Reward -300.00 | Epsilon 0.7692
Seed 10 | Episode 30 | Reward -300.00 | Epsilon 0.7623
Seed 10 | Episode 31 | Reward -300.00 | Epsilon 0.7555
Seed 10 | Episode 32 | Reward -300.00 | Epsilon 0.7487
Seed 10 | Episode 33 | Reward -300.00 | Epsilon 0.7420
Seed 10 | Episode 34 | Reward -300.00 | Epsilon 0.7354
Seed 10 | Episode 35 | Reward -300.00 | Epsilon 0.7288
Seed 10 | Episode 36 | Reward 35.00 | Epsilon 0.7274
Seed 10 | Episode 37 | Reward -300.00 | Epsilon 0.7208
Seed 10 | Episode 38 | Reward -300.00 | Epsilon 0.7144
Seed 10 | Episode 39 | Reward -300.00 | Epsilon 0.7080
Seed 10 | Episode 40 | Reward -300.00 | Epsilon 0.7016
Seed 10 | Episode 41 | Reward 51.00 | Epsilon 0.7006
Seed 10 | Episode 42 | Reward -300.00 | Epsilon 0.6943
Seed 10 | Episode 43 | Reward -300.00 | Epsilon 0.6881
Seed 10 | Episode 44 | Reward -300.00 | Epsilon 0.6819
Seed 10 | Episode 45 | Reward -300.00 | Epsilon 0.6758
Seed 10 | Episode 46 | Reward -300.00 | Epsilon 0.6698
Seed 10 | Episode 47 | Reward -300.00 | Epsilon 0.6638
Seed 10 | Episode 48 | Reward -300.00 | Epsilon 0.6578
Seed 10 | Episode 49 | Reward -300.00 | Epsilon 0.6519
Seed 10 | Episode 50 | Reward -300.00 | Epsilon 0.6461
Seed 10 | Episode 51 | Reward -300.00 | Epsilon 0.6403
Seed 10 | Episode 52 | Reward -300.00 | Epsilon 0.6346
Seed 10 | Episode 53 | Reward -300.00 | Epsilon 0.6289
Seed 10 | Episode 54 | Reward -300.00 | Epsilon 0.6232
Seed 10 | Episode 55 | Reward -300.00 | Epsilon 0.6176
Seed 10 | Episode 56 | Reward -300.00 | Epsilon 0.6121
Seed 10 | Episode 57 | Reward -300.00 | Epsilon 0.6066
Seed 10 | Episode 58 | Reward -300.00 | Epsilon 0.6012
Seed 10 | Episode 59 | Reward -300.00 | Epsilon 0.5958
Seed 10 | Episode 60 | Reward -300.00 | Epsilon 0.5905
Seed 10 | Episode 61 | Reward -300.00 | Epsilon 0.5852
Seed 10 | Episode 62 | Reward -300.00 | Epsilon 0.5799
Seed 10 | Episode 63 | Reward -300.00 | Epsilon 0.5747
Seed 10 | Episode 64 | Reward -300.00 | Epsilon 0.5696
Seed 10 | Episode 65 | Reward -300.00 | Epsilon 0.5645
Seed 10 | Episode 66 | Reward -300.00 | Epsilon 0.5594
Seed 10 | Episode 67 | Reward -300.00 | Epsilon 0.5544
Seed 10 | Episode 68 | Reward -300.00 | Epsilon 0.5494
Seed 10 | Episode 69 | Reward -300.00 | Epsilon 0.5445
Seed 10 | Episode 70 | Reward -300.00 | Epsilon 0.5396
Seed 10 | Episode 71 | Reward -300.00 | Epsilon 0.5348
Seed 10 | Episode 72 | Reward -300.00 | Epsilon 0.5300
Seed 10 | Episode 73 | Reward -300.00 | Epsilon 0.5253
Seed 10 | Episode 74 | Reward -300.00 | Epsilon 0.5206
Seed 10 | Episode 75 | Reward -300.00 | Epsilon 0.5159
Seed 10 | Episode 76 | Reward -300.00 | Epsilon 0.5113
Seed 10 | Episode 77 | Reward -300.00 | Epsilon 0.5067
Seed 10 | Episode 78 | Reward -300.00 | Epsilon 0.5022
Seed 10 | Episode 79 | Reward -300.00 | Epsilon 0.4977
Seed 10 | Episode 80 | Reward -300.00 | Epsilon 0.4932
Seed 10 | Episode 81 | Reward -300.00 | Epsilon 0.4888
Seed 10 | Episode 82 | Reward -300.00 | Epsilon 0.4844
Seed 10 | Episode 83 | Reward -300.00 | Epsilon 0.4801
Seed 10 | Episode 84 | Reward -300.00 | Epsilon 0.4758
Seed 10 | Episode 85 | Reward -300.00 | Epsilon 0.4715
Seed 10 | Episode 86 | Reward -300.00 | Epsilon 0.4673
Seed 10 | Episode 87 | Reward -300.00 | Epsilon 0.4631
Seed 10 | Episode 88 | Reward -300.00 | Epsilon 0.4589
Seed 10 | Episode 89 | Reward -300.00 | Epsilon 0.4548
Seed 10 | Episode 90 | Reward -300.00 | Epsilon 0.4508
Seed 10 | Episode 91 | Reward -300.00 | Epsilon 0.4467
Seed 10 | Episode 92 | Reward -300.00 | Epsilon 0.4427
Seed 10 | Episode 93 | Reward -300.00 | Epsilon 0.4387
Seed 10 | Episode 94 | Reward -167.00 | Epsilon 0.4352
Seed 10 | Episode 95 | Reward -300.00 | Epsilon 0.4313
Seed 10 | Episode 96 | Reward -193.00 | Epsilon 0.4275
Seed 10 | Episode 97 | Reward -300.00 | Epsilon 0.4237
Seed 10 | Episode 98 | Reward -300.00 | Epsilon 0.4199
Seed 10 | Episode 99 | Reward -300.00 | Epsilon 0.4162
Seed 10 | Episode 100 | Reward -171.00 | Epsilon 0.4128
Seed 10 | Episode 101 | Reward -300.00 | Epsilon 0.4091
Seed 10 | Episode 102 | Reward -300.00 | Epsilon 0.4054
Seed 10 | Episode 103 | Reward -168.00 | Epsilon 0.4021
Seed 10 | Episode 104 | Reward -39.00 | Epsilon 0.4005
Seed 10 | Episode 105 | Reward -300.00 | Epsilon 0.3969
Seed 10 | Episode 106 | Reward -115.00 | Epsilon 0.3943
Seed 10 | Episode 107 | Reward -300.00 | Epsilon 0.3908
Seed 10 | Episode 108 | Reward -300.00 | Epsilon 0.3873
Seed 10 | Episode 109 | Reward -300.00 | Epsilon 0.3838
Seed 10 | Episode 110 | Reward -300.00 | Epsilon 0.3804
Seed 10 | Episode 111 | Reward -300.00 | Epsilon 0.3770
Seed 10 | Episode 112 | Reward -300.00 | Epsilon 0.3736
Seed 10 | Episode 113 | Reward -300.00 | Epsilon 0.3702
Seed 10 | Episode 114 | Reward -300.00 | Epsilon 0.3669
Seed 10 | Episode 115 | Reward -300.00 | Epsilon 0.3636
Seed 10 | Episode 116 | Reward 49.00 | Epsilon 0.3631
Seed 10 | Episode 117 | Reward -300.00 | Epsilon 0.3598
Seed 10 | Episode 118 | Reward -10.00 | Epsilon 0.3586
Seed 10 | Episode 119 | Reward -300.00 | Epsilon 0.3554
Seed 10 | Episode 120 | Reward -300.00 | Epsilon 0.3522
Seed 10 | Episode 121 | Reward 52.00 | Epsilon 0.3517
Seed 10 | Episode 122 | Reward 42.00 | Epsilon 0.3511
Seed 10 | Episode 123 | Reward -300.00 | Epsilon 0.3479
Seed 10 | Episode 124 | Reward -300.00 | Epsilon 0.3448
Seed 10 | Episode 125 | Reward -300.00 | Epsilon 0.3417
Seed 10 | Episode 126 | Reward -300.00 | Epsilon 0.3387
Seed 10 | Episode 127 | Reward -49.00 | Epsilon 0.3371
Seed 10 | Episode 128 | Reward -300.00 | Epsilon 0.3341
Seed 10 | Episode 129 | Reward -300.00 | Epsilon 0.3311
Seed 10 | Episode 130 | Reward -300.00 | Epsilon 0.3282
Seed 10 | Episode 131 | Reward 36.00 | Epsilon 0.3275
Seed 10 | Episode 132 | Reward -300.00 | Epsilon 0.3246
Seed 10 | Episode 133 | Reward 43.00 | Epsilon 0.3240
Seed 10 | Episode 134 | Reward 6.00 | Epsilon 0.3231
Seed 10 | Episode 135 | Reward 50.00 | Epsilon 0.3226
Seed 10 | Episode 136 | Reward -300.00 | Epsilon 0.3197
Seed 10 | Episode 137 | Reward 54.00 | Epsilon 0.3193
Seed 10 | Episode 138 | Reward -300.00 | Epsilon 0.3164
Seed 10 | Episode 139 | Reward -300.00 | Epsilon 0.3136
Seed 10 | Episode 140 | Reward -300.00 | Epsilon 0.3108
Seed 10 | Episode 141 | Reward -138.00 | Epsilon 0.3085
Seed 10 | Episode 142 | Reward -300.00 | Epsilon 0.3058
Seed 10 | Episode 143 | Reward -300.00 | Epsilon 0.3030
Seed 10 | Episode 144 | Reward -184.00 | Epsilon 0.3005
Seed 10 | Episode 145 | Reward -300.00 | Epsilon 0.2978
Seed 10 | Episode 146 | Reward -300.00 | Epsilon 0.2951
Seed 10 | Episode 147 | Reward -135.00 | Epsilon 0.2930
Seed 10 | Episode 148 | Reward 26.00 | Epsilon 0.2924
Seed 10 | Episode 149 | Reward -300.00 | Epsilon 0.2897
Seed 10 | Episode 150 | Reward -63.00 | Epsilon 0.2883
Seed 10 | Episode 151 | Reward -300.00 | Epsilon 0.2857
Seed 10 | Episode 152 | Reward -300.00 | Epsilon 0.2832
Seed 10 | Episode 153 | Reward 52.00 | Epsilon 0.2828
Seed 10 | Episode 154 | Reward -33.00 | Epsilon 0.2816
Seed 10 | Episode 155 | Reward -300.00 | Epsilon 0.2791
Seed 10 | Episode 156 | Reward -300.00 | Epsilon 0.2766
Seed 10 | Episode 157 | Reward -61.00 | Epsilon 0.2753
Seed 10 | Episode 158 | Reward 49.00 | Epsilon 0.2748
Seed 10 | Episode 159 | Reward 59.00 | Epsilon 0.2745
Seed 10 | Episode 160 | Reward 54.00 | Epsilon 0.2741
Seed 10 | Episode 161 | Reward 1.00 | Epsilon 0.2733
Seed 10 | Episode 162 | Reward 45.00 | Epsilon 0.2728
Seed 10 | Episode 163 | Reward -300.00 | Epsilon 0.2704
Seed 10 | Episode 164 | Reward -14.00 | Epsilon 0.2694
Seed 10 | Episode 165 | Reward -180.00 | Epsilon 0.2672
Seed 10 | Episode 166 | Reward -197.00 | Epsilon 0.2648
Seed 10 | Episode 167 | Reward 53.00 | Epsilon 0.2644
Seed 10 | Episode 168 | Reward 33.00 | Epsilon 0.2639
Seed 10 | Episode 169 | Reward 46.00 | Epsilon 0.2634
Seed 10 | Episode 170 | Reward 18.00 | Epsilon 0.2628
Seed 10 | Episode 171 | Reward -300.00 | Epsilon 0.2604
Seed 10 | Episode 172 | Reward 50.00 | Epsilon 0.2600
Seed 10 | Episode 173 | Reward 30.00 | Epsilon 0.2595
Seed 10 | Episode 174 | Reward -187.00 | Epsilon 0.2573
Seed 10 | Episode 175 | Reward -113.00 | Epsilon 0.2556
Seed 10 | Episode 176 | Reward 63.00 | Epsilon 0.2553
Seed 10 | Episode 177 | Reward 39.00 | Epsilon 0.2548
Seed 10 | Episode 178 | Reward 28.00 | Epsilon 0.2543
Seed 10 | Episode 179 | Reward 54.00 | Epsilon 0.2539
Seed 10 | Episode 180 | Reward 37.00 | Epsilon 0.2534
Seed 10 | Episode 181 | Reward -300.00 | Epsilon 0.2512
Seed 10 | Episode 182 | Reward 45.00 | Epsilon 0.2507
Seed 10 | Episode 183 | Reward 57.00 | Epsilon 0.2504
Seed 10 | Episode 184 | Reward 24.00 | Epsilon 0.2498
Seed 10 | Episode 185 | Reward -42.00 | Epsilon 0.2488
Seed 10 | Episode 186 | Reward 49.00 | Epsilon 0.2484
Seed 10 | Episode 187 | Reward 19.00 | Epsilon 0.2478
Seed 10 | Episode 188 | Reward 54.00 | Epsilon 0.2474
Seed 10 | Episode 189 | Reward 55.00 | Epsilon 0.2471
Seed 10 | Episode 190 | Reward 9.00 | Epsilon 0.2464
Seed 10 | Episode 191 | Reward -91.00 | Epsilon 0.2450
Seed 10 | Episode 192 | Reward -15.00 | Epsilon 0.2441
Seed 10 | Episode 193 | Reward 53.00 | Epsilon 0.2438
Seed 10 | Episode 194 | Reward 47.00 | Epsilon 0.2434
Seed 10 | Episode 195 | Reward 49.00 | Epsilon 0.2430
Seed 10 | Episode 196 | Reward 49.00 | Epsilon 0.2426
Seed 10 | Episode 197 | Reward -111.00 | Epsilon 0.2411
Seed 10 | Episode 198 | Reward -35.00 | Epsilon 0.2401
Seed 10 | Episode 199 | Reward -84.00 | Epsilon 0.2388
Seed 10 | Episode 200 | Reward -300.00 | Epsilon 0.2366
Seed 10 | Episode 201 | Reward 49.00 | Epsilon 0.2363
Seed 10 | Episode 202 | Reward 55.00 | Epsilon 0.2359
Seed 10 | Episode 203 | Reward 16.00 | Epsilon 0.2353
Seed 10 | Episode 204 | Reward -151.00 | Epsilon 0.2336
Seed 10 | Episode 205 | Reward -188.00 | Epsilon 0.2316
Seed 10 | Episode 206 | Reward 39.00 | Epsilon 0.2311
Seed 10 | Episode 207 | Reward 58.00 | Epsilon 0.2308
Seed 10 | Episode 208 | Reward 50.00 | Epsilon 0.2305
Seed 10 | Episode 209 | Reward 53.00 | Epsilon 0.2301
Seed 10 | Episode 210 | Reward -300.00 | Epsilon 0.2281
Seed 10 | Episode 211 | Reward 53.00 | Epsilon 0.2278
Seed 10 | Episode 212 | Reward -121.00 | Epsilon 0.2262
Seed 10 | Episode 213 | Reward 35.00 | Epsilon 0.2258
Seed 10 | Episode 214 | Reward 62.00 | Epsilon 0.2255
Seed 10 | Episode 215 | Reward -41.00 | Epsilon 0.2246
Seed 10 | Episode 216 | Reward -26.00 | Epsilon 0.2237
Seed 10 | Episode 217 | Reward 45.00 | Epsilon 0.2233
Seed 10 | Episode 218 | Reward 54.00 | Epsilon 0.2230
Seed 10 | Episode 219 | Reward -46.00 | Epsilon 0.2220
Seed 10 | Episode 220 | Reward -91.00 | Epsilon 0.2208
Seed 10 | Episode 221 | Reward 52.00 | Epsilon 0.2204
Seed 10 | Episode 222 | Reward 53.00 | Epsilon 0.2201
Seed 10 | Episode 223 | Reward 48.00 | Epsilon 0.2198
Seed 10 | Episode 224 | Reward -50.00 | Epsilon 0.2188
Seed 10 | Episode 225 | Reward 46.00 | Epsilon 0.2184
Seed 10 | Episode 226 | Reward 62.00 | Epsilon 0.2182
Seed 10 | Episode 227 | Reward 57.00 | Epsilon 0.2179
Seed 10 | Episode 228 | Reward 52.00 | Epsilon 0.2176
Seed 10 | Episode 229 | Reward -124.00 | Epsilon 0.2161
Seed 10 | Episode 230 | Reward 59.00 | Epsilon 0.2158
Seed 10 | Episode 231 | Reward -136.00 | Epsilon 0.2143
Seed 10 | Episode 232 | Reward 1.00 | Epsilon 0.2137
Seed 10 | Episode 233 | Reward 43.00 | Epsilon 0.2133
Seed 10 | Episode 234 | Reward 58.00 | Epsilon 0.2130
Seed 10 | Episode 235 | Reward 45.00 | Epsilon 0.2126
Seed 10 | Episode 236 | Reward 47.00 | Epsilon 0.2123
Seed 10 | Episode 237 | Reward 56.00 | Epsilon 0.2120
Seed 10 | Episode 238 | Reward 59.00 | Epsilon 0.2118
Seed 10 | Episode 239 | Reward -146.00 | Epsilon 0.2102
Seed 10 | Episode 240 | Reward -102.00 | Epsilon 0.2089
Seed 10 | Episode 241 | Reward 38.00 | Epsilon 0.2085
Seed 10 | Episode 242 | Reward 55.00 | Epsilon 0.2082
Seed 10 | Episode 243 | Reward 62.00 | Epsilon 0.2080
Seed 10 | Episode 244 | Reward 58.00 | Epsilon 0.2077
Seed 10 | Episode 245 | Reward -43.00 | Epsilon 0.2068
Seed 10 | Episode 246 | Reward 38.00 | Epsilon 0.2064
Seed 10 | Episode 247 | Reward 12.00 | Epsilon 0.2059
Seed 10 | Episode 248 | Reward -150.00 | Epsilon 0.2043
Seed 10 | Episode 249 | Reward 40.00 | Epsilon 0.2040
Seed 10 | Episode 250 | Reward 38.00 | Epsilon 0.2036
Seed 10 | Episode 251 | Reward -54.00 | Epsilon 0.2026
Seed 10 | Episode 252 | Reward 48.00 | Epsilon 0.2023
Seed 10 | Episode 253 | Reward 44.00 | Epsilon 0.2020
Seed 10 | Episode 254 | Reward 47.00 | Epsilon 0.2016
Seed 10 | Episode 255 | Reward 62.00 | Epsilon 0.2014
Seed 10 | Episode 256 | Reward -47.00 | Epsilon 0.2005
Seed 10 | Episode 257 | Reward 35.00 | Epsilon 0.2001
Seed 10 | Episode 258 | Reward 51.00 | Epsilon 0.1998
Seed 10 | Episode 259 | Reward 57.00 | Epsilon 0.1996
Seed 10 | Episode 260 | Reward 56.00 | Epsilon 0.1993
Seed 10 | Episode 261 | Reward 19.00 | Epsilon 0.1988
Seed 10 | Episode 262 | Reward -18.00 | Epsilon 0.1981
Seed 10 | Episode 263 | Reward 53.00 | Epsilon 0.1978
Seed 10 | Episode 264 | Reward 48.00 | Epsilon 0.1975
Seed 10 | Episode 265 | Reward 62.00 | Epsilon 0.1973
Seed 10 | Episode 266 | Reward 44.00 | Epsilon 0.1969
Seed 10 | Episode 267 | Reward 28.00 | Epsilon 0.1965
Seed 10 | Episode 268 | Reward 57.00 | Epsilon 0.1962
Seed 10 | Episode 269 | Reward 47.00 | Epsilon 0.1959
Seed 10 | Episode 270 | Reward 36.00 | Epsilon 0.1955
Seed 10 | Episode 271 | Reward 60.00 | Epsilon 0.1953
Seed 10 | Episode 272 | Reward -139.00 | Epsilon 0.1939
Seed 10 | Episode 273 | Reward 49.00 | Epsilon 0.1936
Seed 10 | Episode 274 | Reward 50.00 | Epsilon 0.1933
Seed 10 | Episode 275 | Reward 50.00 | Epsilon 0.1930
Seed 10 | Episode 276 | Reward 53.00 | Epsilon 0.1927
Seed 10 | Episode 277 | Reward -63.00 | Epsilon 0.1918
Seed 10 | Episode 278 | Reward 44.00 | Epsilon 0.1914
Seed 10 | Episode 279 | Reward 33.00 | Epsilon 0.1911
Seed 10 | Episode 280 | Reward 54.00 | Epsilon 0.1908
Seed 10 | Episode 281 | Reward 38.00 | Epsilon 0.1904
Seed 10 | Episode 282 | Reward 43.00 | Epsilon 0.1901
Seed 10 | Episode 283 | Reward 47.00 | Epsilon 0.1898
Seed 10 | Episode 284 | Reward 58.00 | Epsilon 0.1895
Seed 10 | Episode 285 | Reward -20.00 | Epsilon 0.1889
Seed 10 | Episode 286 | Reward 51.00 | Epsilon 0.1886
Seed 10 | Episode 287 | Reward 5.00 | Epsilon 0.1880
Seed 10 | Episode 288 | Reward 52.00 | Epsilon 0.1877
Seed 10 | Episode 289 | Reward 22.00 | Epsilon 0.1873
Seed 10 | Episode 290 | Reward 48.00 | Epsilon 0.1870
Seed 10 | Episode 291 | Reward 57.00 | Epsilon 0.1868
Seed 10 | Episode 292 | Reward 61.00 | Epsilon 0.1865
Seed 10 | Episode 293 | Reward -20.00 | Epsilon 0.1859
Seed 10 | Episode 294 | Reward 54.00 | Epsilon 0.1856
Seed 10 | Episode 295 | Reward -75.00 | Epsilon 0.1846
Seed 10 | Episode 296 | Reward 55.00 | Epsilon 0.1844
Seed 10 | Episode 297 | Reward 62.00 | Epsilon 0.1842
Seed 10 | Episode 298 | Reward -74.00 | Epsilon 0.1832
Seed 10 | Episode 299 | Reward -8.00 | Epsilon 0.1826
Seed 10 | Episode 300 | Reward 49.00 | Epsilon 0.1823
Seed 10 | Episode 301 | Reward 50.00 | Epsilon 0.1820
Seed 10 | Episode 302 | Reward 47.00 | Epsilon 0.1817
Seed 10 | Episode 303 | Reward 60.00 | Epsilon 0.1815
Seed 10 | Episode 304 | Reward 42.00 | Epsilon 0.1812
Seed 10 | Episode 305 | Reward -13.00 | Epsilon 0.1806
Seed 10 | Episode 306 | Reward 45.00 | Epsilon 0.1803
Seed 10 | Episode 307 | Reward 43.00 | Epsilon 0.1800
Seed 10 | Episode 308 | Reward 51.00 | Epsilon 0.1797
Seed 10 | Episode 309 | Reward 53.00 | Epsilon 0.1794
Seed 10 | Episode 310 | Reward 52.00 | Epsilon 0.1792
Seed 10 | Episode 311 | Reward 44.00 | Epsilon 0.1789
Seed 10 | Episode 312 | Reward 61.00 | Epsilon 0.1786
Seed 10 | Episode 313 | Reward 60.00 | Epsilon 0.1784
Seed 10 | Episode 314 | Reward 40.00 | Epsilon 0.1781
Seed 10 | Episode 315 | Reward -48.00 | Epsilon 0.1773
Seed 10 | Episode 316 | Reward 54.00 | Epsilon 0.1770
Seed 10 | Episode 317 | Reward 41.00 | Epsilon 0.1767
Seed 10 | Episode 318 | Reward 46.00 | Epsilon 0.1764
Seed 10 | Episode 319 | Reward -5.00 | Epsilon 0.1759
Seed 10 | Episode 320 | Reward 51.00 | Epsilon 0.1756
Seed 10 | Episode 321 | Reward 51.00 | Epsilon 0.1754
Seed 10 | Episode 322 | Reward 42.00 | Epsilon 0.1750
Seed 10 | Episode 323 | Reward 54.00 | Epsilon 0.1748
Seed 10 | Episode 324 | Reward 57.00 | Epsilon 0.1746
Seed 10 | Episode 325 | Reward 33.00 | Epsilon 0.1742
Seed 10 | Episode 326 | Reward 41.00 | Epsilon 0.1739
Seed 10 | Episode 327 | Reward 52.00 | Epsilon 0.1736
Seed 10 | Episode 328 | Reward 47.00 | Epsilon 0.1734
Seed 10 | Episode 329 | Reward 44.00 | Epsilon 0.1731
Seed 10 | Episode 330 | Reward 40.00 | Epsilon 0.1727
Seed 10 | Episode 331 | Reward 44.00 | Epsilon 0.1725
Seed 10 | Episode 332 | Reward 42.00 | Epsilon 0.1721
Seed 10 | Episode 333 | Reward 57.00 | Epsilon 0.1719
Seed 10 | Episode 334 | Reward 49.00 | Epsilon 0.1717
Seed 10 | Episode 335 | Reward 46.00 | Epsilon 0.1714
Seed 10 | Episode 336 | Reward 50.00 | Epsilon 0.1711
Seed 10 | Episode 337 | Reward 51.00 | Epsilon 0.1709
Seed 10 | Episode 338 | Reward 51.00 | Epsilon 0.1706
Seed 10 | Episode 339 | Reward 56.00 | Epsilon 0.1704
Seed 10 | Episode 340 | Reward 43.00 | Epsilon 0.1701
Seed 10 | Episode 341 | Reward 49.00 | Epsilon 0.1698
Seed 10 | Episode 342 | Reward 44.00 | Epsilon 0.1695
Seed 10 | Episode 343 | Reward 37.00 | Epsilon 0.1692
Seed 10 | Episode 344 | Reward 43.00 | Epsilon 0.1689
Seed 10 | Episode 345 | Reward 16.00 | Epsilon 0.1685
Seed 10 | Episode 346 | Reward 44.00 | Epsilon 0.1682
Seed 10 | Episode 347 | Reward 50.00 | Epsilon 0.1679
Seed 10 | Episode 348 | Reward 54.00 | Epsilon 0.1677
Seed 10 | Episode 349 | Reward 17.00 | Epsilon 0.1673
Seed 10 | Episode 350 | Reward 61.00 | Epsilon 0.1671
Seed 10 | Episode 351 | Reward 50.00 | Epsilon 0.1668
Seed 10 | Episode 352 | Reward 41.00 | Epsilon 0.1665
Seed 10 | Episode 353 | Reward 48.00 | Epsilon 0.1662
Seed 10 | Episode 354 | Reward 46.00 | Epsilon 0.1660
Seed 10 | Episode 355 | Reward 42.00 | Epsilon 0.1657
Seed 10 | Episode 356 | Reward 43.00 | Epsilon 0.1654
Seed 10 | Episode 357 | Reward 52.00 | Epsilon 0.1651
Seed 10 | Episode 358 | Reward 42.00 | Epsilon 0.1648
Seed 10 | Episode 359 | Reward 42.00 | Epsilon 0.1646
Seed 10 | Episode 360 | Reward 46.00 | Epsilon 0.1643
Seed 10 | Episode 361 | Reward 40.00 | Epsilon 0.1640
Seed 10 | Episode 362 | Reward 40.00 | Epsilon 0.1637
Seed 10 | Episode 363 | Reward 48.00 | Epsilon 0.1634
Seed 10 | Episode 364 | Reward 54.00 | Epsilon 0.1632
Seed 10 | Episode 365 | Reward 59.00 | Epsilon 0.1630
Seed 10 | Episode 366 | Reward 32.00 | Epsilon 0.1627
Seed 10 | Episode 367 | Reward 56.00 | Epsilon 0.1624
Seed 10 | Episode 368 | Reward 49.00 | Epsilon 0.1622
Seed 10 | Episode 369 | Reward 56.00 | Epsilon 0.1620
Seed 10 | Episode 370 | Reward 36.00 | Epsilon 0.1616
Seed 10 | Episode 371 | Reward 32.00 | Epsilon 0.1613
Seed 10 | Episode 372 | Reward 57.00 | Epsilon 0.1611
Seed 10 | Episode 373 | Reward 43.00 | Epsilon 0.1608
Seed 10 | Episode 374 | Reward 46.00 | Epsilon 0.1606
Seed 10 | Episode 375 | Reward 43.00 | Epsilon 0.1603
Seed 10 | Episode 376 | Reward 46.00 | Epsilon 0.1600
Seed 10 | Episode 377 | Reward 43.00 | Epsilon 0.1597
Seed 10 | Episode 378 | Reward 49.00 | Epsilon 0.1595
Seed 10 | Episode 379 | Reward 50.00 | Epsilon 0.1592
Seed 10 | Episode 380 | Reward 50.00 | Epsilon 0.1590
Seed 10 | Episode 381 | Reward 36.00 | Epsilon 0.1587
Seed 10 | Episode 382 | Reward 55.00 | Epsilon 0.1585
Seed 10 | Episode 383 | Reward 57.00 | Epsilon 0.1583
Seed 10 | Episode 384 | Reward 53.00 | Epsilon 0.1580
Seed 10 | Episode 385 | Reward 41.00 | Epsilon 0.1577
Seed 10 | Episode 386 | Reward 49.00 | Epsilon 0.1575
Seed 10 | Episode 387 | Reward 65.00 | Epsilon 0.1573
Seed 10 | Episode 388 | Reward 41.00 | Epsilon 0.1570
Seed 10 | Episode 389 | Reward 7.00 | Epsilon 0.1566
Seed 10 | Episode 390 | Reward 62.00 | Epsilon 0.1564
Seed 10 | Episode 391 | Reward 46.00 | Epsilon 0.1562
Seed 10 | Episode 392 | Reward 49.00 | Epsilon 0.1559
Seed 10 | Episode 393 | Reward 48.00 | Epsilon 0.1557
Seed 10 | Episode 394 | Reward 6.00 | Epsilon 0.1552
Seed 10 | Episode 395 | Reward -75.00 | Epsilon 0.1544
Seed 10 | Episode 396 | Reward 57.00 | Epsilon 0.1542
Seed 10 | Episode 397 | Reward 55.00 | Epsilon 0.1540
Seed 10 | Episode 398 | Reward 28.00 | Epsilon 0.1537
Seed 10 | Episode 399 | Reward 54.00 | Epsilon 0.1534
Seed 10 | Episode 400 | Reward 41.00 | Epsilon 0.1532
Seed 10 | Episode 401 | Reward 49.00 | Epsilon 0.1529
Seed 10 | Episode 402 | Reward 45.00 | Epsilon 0.1527
Seed 10 | Episode 403 | Reward 59.00 | Epsilon 0.1525
Seed 10 | Episode 404 | Reward 36.00 | Epsilon 0.1522
Seed 10 | Episode 405 | Reward 45.00 | Epsilon 0.1519
Seed 10 | Episode 406 | Reward 46.00 | Epsilon 0.1517
Seed 10 | Episode 407 | Reward 58.00 | Epsilon 0.1515
Seed 10 | Episode 408 | Reward 32.00 | Epsilon 0.1512
Seed 10 | Episode 409 | Reward 38.00 | Epsilon 0.1509
Seed 10 | Episode 410 | Reward 56.00 | Epsilon 0.1507
Seed 10 | Episode 411 | Reward -33.00 | Epsilon 0.1501
Seed 10 | Episode 412 | Reward 45.00 | Epsilon 0.1498
Seed 10 | Episode 413 | Reward 44.00 | Epsilon 0.1496
Seed 10 | Episode 414 | Reward 53.00 | Epsilon 0.1494
Seed 10 | Episode 415 | Reward 60.00 | Epsilon 0.1492
Seed 10 | Episode 416 | Reward 46.00 | Epsilon 0.1489
Seed 10 | Episode 417 | Reward -10.00 | Epsilon 0.1484
Seed 10 | Episode 418 | Reward 54.00 | Epsilon 0.1482
Seed 10 | Episode 419 | Reward 55.00 | Epsilon 0.1480
Seed 10 | Episode 420 | Reward 36.00 | Epsilon 0.1477
Seed 10 | Episode 421 | Reward 54.00 | Epsilon 0.1475
Seed 10 | Episode 422 | Reward 55.00 | Epsilon 0.1473
Seed 10 | Episode 423 | Reward 46.00 | Epsilon 0.1471
Seed 10 | Episode 424 | Reward 34.00 | Epsilon 0.1468
Seed 10 | Episode 425 | Reward 47.00 | Epsilon 0.1465
Seed 10 | Episode 426 | Reward 53.00 | Epsilon 0.1463
Seed 10 | Episode 427 | Reward 48.00 | Epsilon 0.1461
Seed 10 | Episode 428 | Reward 62.00 | Epsilon 0.1459
Seed 10 | Episode 429 | Reward 56.00 | Epsilon 0.1457
Seed 10 | Episode 430 | Reward -95.00 | Epsilon 0.1449
Seed 10 | Episode 431 | Reward 39.00 | Epsilon 0.1446
Seed 10 | Episode 432 | Reward 50.00 | Epsilon 0.1444
Seed 10 | Episode 433 | Reward 25.00 | Epsilon 0.1441
Seed 10 | Episode 434 | Reward 53.00 | Epsilon 0.1438
Seed 10 | Episode 435 | Reward 0.00 | Epsilon 0.1434
Seed 10 | Episode 436 | Reward 56.00 | Epsilon 0.1432
Seed 10 | Episode 437 | Reward 53.00 | Epsilon 0.1430
Seed 10 | Episode 438 | Reward 47.00 | Epsilon 0.1428
Seed 10 | Episode 439 | Reward 47.00 | Epsilon 0.1425
Seed 10 | Episode 440 | Reward 12.00 | Epsilon 0.1422
Seed 10 | Episode 441 | Reward 43.00 | Epsilon 0.1419
Seed 10 | Episode 442 | Reward 19.00 | Epsilon 0.1416
Seed 10 | Episode 443 | Reward 54.00 | Epsilon 0.1414
Seed 10 | Episode 444 | Reward 44.00 | Epsilon 0.1411
Seed 10 | Episode 445 | Reward 54.00 | Epsilon 0.1409
Seed 10 | Episode 446 | Reward 63.00 | Epsilon 0.1408
Seed 10 | Episode 447 | Reward 52.00 | Epsilon 0.1406
Seed 10 | Episode 448 | Reward 47.00 | Epsilon 0.1403
Seed 10 | Episode 449 | Reward 48.00 | Epsilon 0.1401
Seed 10 | Episode 450 | Reward 51.00 | Epsilon 0.1399
Seed 10 | Episode 451 | Reward 36.00 | Epsilon 0.1396
Seed 10 | Episode 452 | Reward 58.00 | Epsilon 0.1395
Seed 10 | Episode 453 | Reward 51.00 | Epsilon 0.1392
Seed 10 | Episode 454 | Reward 49.00 | Epsilon 0.1390
Seed 10 | Episode 455 | Reward -29.00 | Epsilon 0.1385
Seed 10 | Episode 456 | Reward -56.00 | Epsilon 0.1378
Seed 10 | Episode 457 | Reward 52.00 | Epsilon 0.1376
Seed 10 | Episode 458 | Reward 42.00 | Epsilon 0.1374
Seed 10 | Episode 459 | Reward 54.00 | Epsilon 0.1372
Seed 10 | Episode 460 | Reward 55.00 | Epsilon 0.1370
Seed 10 | Episode 461 | Reward 41.00 | Epsilon 0.1368
Seed 10 | Episode 462 | Reward 50.00 | Epsilon 0.1365
Seed 10 | Episode 463 | Reward 42.00 | Epsilon 0.1363
Seed 10 | Episode 464 | Reward 49.00 | Epsilon 0.1361
Seed 10 | Episode 465 | Reward 38.00 | Epsilon 0.1358
Seed 10 | Episode 466 | Reward -9.00 | Epsilon 0.1354
Seed 10 | Episode 467 | Reward 47.00 | Epsilon 0.1352
Seed 10 | Episode 468 | Reward 41.00 | Epsilon 0.1349
Seed 10 | Episode 469 | Reward 55.00 | Epsilon 0.1347
Seed 10 | Episode 470 | Reward 43.00 | Epsilon 0.1345
Seed 10 | Episode 471 | Reward 46.00 | Epsilon 0.1343
Seed 10 | Episode 472 | Reward 39.00 | Epsilon 0.1340
Seed 10 | Episode 473 | Reward 51.00 | Epsilon 0.1338
Seed 10 | Episode 474 | Reward 54.00 | Epsilon 0.1336
Seed 10 | Episode 475 | Reward 63.00 | Epsilon 0.1335
Seed 10 | Episode 476 | Reward 63.00 | Epsilon 0.1333
Seed 10 | Episode 477 | Reward -60.00 | Epsilon 0.1327
Seed 10 | Episode 478 | Reward 41.00 | Epsilon 0.1325
Seed 10 | Episode 479 | Reward 46.00 | Epsilon 0.1322
Seed 10 | Episode 480 | Reward 55.00 | Epsilon 0.1321
Seed 10 | Episode 481 | Reward 59.00 | Epsilon 0.1319
Seed 10 | Episode 482 | Reward 48.00 | Epsilon 0.1317
Seed 10 | Episode 483 | Reward 54.00 | Epsilon 0.1315
Seed 10 | Episode 484 | Reward 55.00 | Epsilon 0.1313
Seed 10 | Episode 485 | Reward 60.00 | Epsilon 0.1312
Seed 10 | Episode 486 | Reward 43.00 | Epsilon 0.1309
Seed 10 | Episode 487 | Reward 59.00 | Epsilon 0.1308
Seed 10 | Episode 488 | Reward 58.00 | Epsilon 0.1306
Seed 10 | Episode 489 | Reward 58.00 | Epsilon 0.1304
Seed 10 | Episode 490 | Reward 53.00 | Epsilon 0.1302
Seed 10 | Episode 491 | Reward 52.00 | Epsilon 0.1300
Seed 10 | Episode 492 | Reward -134.00 | Epsilon 0.1291
Seed 10 | Episode 493 | Reward 58.00 | Epsilon 0.1290
Seed 10 | Episode 494 | Reward 54.00 | Epsilon 0.1288
Seed 10 | Episode 495 | Reward 31.00 | Epsilon 0.1285
Seed 10 | Episode 496 | Reward 52.00 | Epsilon 0.1283
Seed 10 | Episode 497 | Reward 57.00 | Epsilon 0.1282
Seed 10 | Episode 498 | Reward 57.00 | Epsilon 0.1280
Seed 10 | Episode 499 | Reward -82.00 | Epsilon 0.1273
Seed 10 | Episode 500 | Reward 51.00 | Epsilon 0.1271
Seed 10 | Episode 501 | Reward 53.00 | Epsilon 0.1269
Seed 10 | Episode 502 | Reward 59.00 | Epsilon 0.1268
Seed 10 | Episode 503 | Reward 18.00 | Epsilon 0.1264
Seed 10 | Episode 504 | Reward 36.00 | Epsilon 0.1262
Seed 10 | Episode 505 | Reward 53.00 | Epsilon 0.1260
Seed 10 | Episode 506 | Reward 43.00 | Epsilon 0.1258
Seed 10 | Episode 507 | Reward 59.00 | Epsilon 0.1256
Seed 10 | Episode 508 | Reward 47.00 | Epsilon 0.1254
Seed 10 | Episode 509 | Reward -40.00 | Epsilon 0.1249
Seed 10 | Episode 510 | Reward 30.00 | Epsilon 0.1246
Seed 10 | Episode 511 | Reward 30.00 | Epsilon 0.1244
Seed 10 | Episode 512 | Reward 39.00 | Epsilon 0.1241
Seed 10 | Episode 513 | Reward 37.00 | Epsilon 0.1239
Seed 10 | Episode 514 | Reward 38.00 | Epsilon 0.1237
Seed 10 | Episode 515 | Reward 17.00 | Epsilon 0.1234
Seed 10 | Episode 516 | Reward 57.00 | Epsilon 0.1232
Seed 10 | Episode 517 | Reward 12.00 | Epsilon 0.1229
Seed 10 | Episode 518 | Reward 55.00 | Epsilon 0.1227
Seed 10 | Episode 519 | Reward 58.00 | Epsilon 0.1225
Seed 10 | Episode 520 | Reward 47.00 | Epsilon 0.1223
Seed 10 | Episode 521 | Reward 53.00 | Epsilon 0.1222
Seed 10 | Episode 522 | Reward 61.00 | Epsilon 0.1220
Seed 10 | Episode 523 | Reward 53.00 | Epsilon 0.1218
Seed 10 | Episode 524 | Reward -27.00 | Epsilon 0.1214
Seed 10 | Episode 525 | Reward 46.00 | Epsilon 0.1212
Seed 10 | Episode 526 | Reward 56.00 | Epsilon 0.1210
Seed 10 | Episode 527 | Reward 47.00 | Epsilon 0.1208
Seed 10 | Episode 528 | Reward 48.00 | Epsilon 0.1206
Seed 10 | Episode 529 | Reward 49.00 | Epsilon 0.1204
Seed 10 | Episode 530 | Reward 41.00 | Epsilon 0.1202
Seed 10 | Episode 531 | Reward 38.00 | Epsilon 0.1200
Seed 10 | Episode 532 | Reward 56.00 | Epsilon 0.1198
Seed 10 | Episode 533 | Reward 42.00 | Epsilon 0.1196
Seed 10 | Episode 534 | Reward 37.00 | Epsilon 0.1194
Seed 10 | Episode 535 | Reward 28.00 | Epsilon 0.1191
Seed 10 | Episode 536 | Reward 40.00 | Epsilon 0.1189
Seed 10 | Episode 537 | Reward 46.00 | Epsilon 0.1187
Seed 10 | Episode 538 | Reward 41.00 | Epsilon 0.1185
Seed 10 | Episode 539 | Reward 25.00 | Epsilon 0.1182
Seed 10 | Episode 540 | Reward 54.00 | Epsilon 0.1181
Seed 10 | Episode 541 | Reward 53.00 | Epsilon 0.1179
Seed 10 | Episode 542 | Reward 27.00 | Epsilon 0.1176
Seed 10 | Episode 543 | Reward 63.00 | Epsilon 0.1175
Seed 10 | Episode 544 | Reward 29.00 | Epsilon 0.1172
Seed 10 | Episode 545 | Reward 64.00 | Epsilon 0.1171
Seed 10 | Episode 546 | Reward 45.00 | Epsilon 0.1169
Seed 10 | Episode 547 | Reward 33.00 | Epsilon 0.1167
Seed 10 | Episode 548 | Reward -5.00 | Epsilon 0.1163
Seed 10 | Episode 549 | Reward 48.00 | Epsilon 0.1161
Seed 10 | Episode 550 | Reward 39.00 | Epsilon 0.1159
Seed 10 | Episode 551 | Reward 55.00 | Epsilon 0.1157
Seed 10 | Episode 552 | Reward 41.00 | Epsilon 0.1155
Seed 10 | Episode 553 | Reward 38.00 | Epsilon 0.1153
Seed 10 | Episode 554 | Reward 40.00 | Epsilon 0.1151
Seed 10 | Episode 555 | Reward 36.00 | Epsilon 0.1149
Seed 10 | Episode 556 | Reward -30.00 | Epsilon 0.1144
Seed 10 | Episode 557 | Reward 39.00 | Epsilon 0.1142
Seed 10 | Episode 558 | Reward 55.00 | Epsilon 0.1141
Seed 10 | Episode 559 | Reward 49.00 | Epsilon 0.1139
Seed 10 | Episode 560 | Reward 56.00 | Epsilon 0.1137
Seed 10 | Episode 561 | Reward 39.00 | Epsilon 0.1135
Seed 10 | Episode 562 | Reward 64.00 | Epsilon 0.1134
Seed 10 | Episode 563 | Reward 61.00 | Epsilon 0.1133
Seed 10 | Episode 564 | Reward 50.00 | Epsilon 0.1131
Seed 10 | Episode 565 | Reward 25.00 | Epsilon 0.1128
Seed 10 | Episode 566 | Reward -80.00 | Epsilon 0.1122
Seed 10 | Episode 567 | Reward 52.00 | Epsilon 0.1121
Seed 10 | Episode 568 | Reward 59.00 | Epsilon 0.1119
Seed 10 | Episode 569 | Reward -45.00 | Epsilon 0.1114
Seed 10 | Episode 570 | Reward 58.00 | Epsilon 0.1113
Seed 10 | Episode 571 | Reward 40.00 | Epsilon 0.1111
Seed 10 | Episode 572 | Reward 40.00 | Epsilon 0.1109
Seed 10 | Episode 573 | Reward 53.00 | Epsilon 0.1107
Seed 10 | Episode 574 | Reward 54.00 | Epsilon 0.1106
Seed 10 | Episode 575 | Reward 43.00 | Epsilon 0.1104
Seed 10 | Episode 576 | Reward 51.00 | Epsilon 0.1102
Seed 10 | Episode 577 | Reward 56.00 | Epsilon 0.1101
Seed 10 | Episode 578 | Reward 54.00 | Epsilon 0.1099
Seed 10 | Episode 579 | Reward 18.00 | Epsilon 0.1096
Seed 10 | Episode 580 | Reward 54.00 | Epsilon 0.1095
Seed 10 | Episode 581 | Reward 57.00 | Epsilon 0.1093
Seed 10 | Episode 582 | Reward 43.00 | Epsilon 0.1091
Seed 10 | Episode 583 | Reward 43.00 | Epsilon 0.1089
Seed 10 | Episode 584 | Reward 58.00 | Epsilon 0.1088
Seed 10 | Episode 585 | Reward -99.00 | Epsilon 0.1082
Seed 10 | Episode 586 | Reward 36.00 | Epsilon 0.1079
Seed 10 | Episode 587 | Reward 45.00 | Epsilon 0.1078
Seed 10 | Episode 588 | Reward 54.00 | Epsilon 0.1076
Seed 10 | Episode 589 | Reward 52.00 | Epsilon 0.1075
Seed 10 | Episode 590 | Reward 43.00 | Epsilon 0.1073
Seed 10 | Episode 591 | Reward -39.00 | Epsilon 0.1068
Seed 10 | Episode 592 | Reward 54.00 | Epsilon 0.1067
Seed 10 | Episode 593 | Reward 58.00 | Epsilon 0.1065
Seed 10 | Episode 594 | Reward 41.00 | Epsilon 0.1063
Seed 10 | Episode 595 | Reward 46.00 | Epsilon 0.1062
Seed 10 | Episode 596 | Reward -36.00 | Epsilon 0.1057
Seed 10 | Episode 597 | Reward 44.00 | Epsilon 0.1055
Seed 10 | Episode 598 | Reward 48.00 | Epsilon 0.1054
Seed 10 | Episode 599 | Reward 58.00 | Epsilon 0.1052
Seed 10 | Episode 600 | Reward 55.00 | Epsilon 0.1051
Seed 10 | Episode 601 | Reward 41.00 | Epsilon 0.1049
Seed 10 | Episode 602 | Reward -98.00 | Epsilon 0.1043
Seed 10 | Episode 603 | Reward 52.00 | Epsilon 0.1041
Seed 10 | Episode 604 | Reward 41.00 | Epsilon 0.1039
Seed 10 | Episode 605 | Reward 39.00 | Epsilon 0.1037
Seed 10 | Episode 606 | Reward 47.00 | Epsilon 0.1036
Seed 10 | Episode 607 | Reward 52.00 | Epsilon 0.1034
Seed 10 | Episode 608 | Reward 56.00 | Epsilon 0.1033
Seed 10 | Episode 609 | Reward 45.00 | Epsilon 0.1031
Seed 10 | Episode 610 | Reward 51.00 | Epsilon 0.1030
Seed 10 | Episode 611 | Reward 58.00 | Epsilon 0.1028
Seed 10 | Episode 612 | Reward 54.00 | Epsilon 0.1027
Seed 10 | Episode 613 | Reward 50.00 | Epsilon 0.1025
Seed 10 | Episode 614 | Reward 55.00 | Epsilon 0.1024
Seed 10 | Episode 615 | Reward 47.00 | Epsilon 0.1022
Seed 10 | Episode 616 | Reward 52.00 | Epsilon 0.1021
Seed 10 | Episode 617 | Reward 38.00 | Epsilon 0.1019
Seed 10 | Episode 618 | Reward 30.00 | Epsilon 0.1017
Seed 10 | Episode 619 | Reward 30.00 | Epsilon 0.1014
Seed 10 | Episode 620 | Reward 39.00 | Epsilon 0.1013
Seed 10 | Episode 621 | Reward 23.00 | Epsilon 0.1010
Seed 10 | Episode 622 | Reward -58.00 | Epsilon 0.1005
Seed 10 | Episode 623 | Reward 29.00 | Epsilon 0.1003
Seed 10 | Episode 624 | Reward 33.00 | Epsilon 0.1001
Seed 10 | Episode 625 | Reward 37.00 | Epsilon 0.0999
Seed 10 | Episode 626 | Reward -54.00 | Epsilon 0.0995
Seed 10 | Episode 627 | Reward -114.00 | Epsilon 0.0988
Seed 10 | Episode 628 | Reward 23.00 | Epsilon 0.0986
Seed 10 | Episode 629 | Reward -84.00 | Epsilon 0.0980
Seed 10 | Episode 630 | Reward 38.00 | Epsilon 0.0979
Seed 10 | Episode 631 | Reward 43.00 | Epsilon 0.0977
Seed 10 | Episode 632 | Reward 54.00 | Epsilon 0.0976
Seed 10 | Episode 633 | Reward 33.00 | Epsilon 0.0974
Seed 10 | Episode 634 | Reward 47.00 | Epsilon 0.0972
Seed 10 | Episode 635 | Reward 45.00 | Epsilon 0.0970
Seed 10 | Episode 636 | Reward 54.00 | Epsilon 0.0969
Seed 10 | Episode 637 | Reward 48.00 | Epsilon 0.0967
Seed 10 | Episode 638 | Reward 41.00 | Epsilon 0.0966
Seed 10 | Episode 639 | Reward -35.00 | Epsilon 0.0962
Seed 10 | Episode 640 | Reward -300.00 | Epsilon 0.0953
Seed 10 | Episode 641 | Reward -48.00 | Epsilon 0.0949
Seed 10 | Episode 642 | Reward -35.00 | Epsilon 0.0945
Seed 10 | Episode 643 | Reward 62.00 | Epsilon 0.0944
Seed 10 | Episode 644 | Reward 51.00 | Epsilon 0.0942
Seed 10 | Episode 645 | Reward 47.00 | Epsilon 0.0941
Seed 10 | Episode 646 | Reward -52.00 | Epsilon 0.0937
Seed 10 | Episode 647 | Reward 53.00 | Epsilon 0.0935
Seed 10 | Episode 648 | Reward 46.00 | Epsilon 0.0934
Seed 10 | Episode 649 | Reward 38.00 | Epsilon 0.0932
Seed 10 | Episode 650 | Reward -300.00 | Epsilon 0.0924
Seed 10 | Episode 651 | Reward -40.00 | Epsilon 0.0920
Seed 10 | Episode 652 | Reward 50.00 | Epsilon 0.0918
Seed 10 | Episode 653 | Reward 47.00 | Epsilon 0.0917
Seed 10 | Episode 654 | Reward 58.00 | Epsilon 0.0916
Seed 10 | Episode 655 | Reward 40.00 | Epsilon 0.0914
Seed 10 | Episode 656 | Reward 47.00 | Epsilon 0.0913
Seed 10 | Episode 657 | Reward 55.00 | Epsilon 0.0911
Seed 10 | Episode 658 | Reward 56.00 | Epsilon 0.0910
Seed 10 | Episode 659 | Reward 46.00 | Epsilon 0.0909
Seed 10 | Episode 660 | Reward 5.00 | Epsilon 0.0906
Seed 10 | Episode 661 | Reward 44.00 | Epsilon 0.0904
Seed 10 | Episode 662 | Reward 48.00 | Epsilon 0.0903
Seed 10 | Episode 663 | Reward 49.00 | Epsilon 0.0902
Seed 10 | Episode 664 | Reward 40.00 | Epsilon 0.0900
Seed 10 | Episode 665 | Reward 52.00 | Epsilon 0.0899
Seed 10 | Episode 666 | Reward 51.00 | Epsilon 0.0897
Seed 10 | Episode 667 | Reward -77.00 | Epsilon 0.0892
Seed 10 | Episode 668 | Reward 31.00 | Epsilon 0.0891
Seed 10 | Episode 669 | Reward 55.00 | Epsilon 0.0889
Seed 10 | Episode 670 | Reward 57.00 | Epsilon 0.0888
Seed 10 | Episode 671 | Reward 54.00 | Epsilon 0.0887
Seed 10 | Episode 672 | Reward 54.00 | Epsilon 0.0886
Seed 10 | Episode 673 | Reward -133.00 | Epsilon 0.0879
Seed 10 | Episode 674 | Reward 35.00 | Epsilon 0.0878
Seed 10 | Episode 675 | Reward 39.00 | Epsilon 0.0876
Seed 10 | Episode 676 | Reward 51.00 | Epsilon 0.0875
Seed 10 | Episode 677 | Reward 49.00 | Epsilon 0.0873
Seed 10 | Episode 678 | Reward 59.00 | Epsilon 0.0872
Seed 10 | Episode 679 | Reward 58.00 | Epsilon 0.0871
Seed 10 | Episode 680 | Reward 41.00 | Epsilon 0.0870
Seed 10 | Episode 681 | Reward 46.00 | Epsilon 0.0868
Seed 10 | Episode 682 | Reward 59.00 | Epsilon 0.0867
Seed 10 | Episode 683 | Reward -51.00 | Epsilon 0.0863
Seed 10 | Episode 684 | Reward -59.00 | Epsilon 0.0859
Seed 10 | Episode 685 | Reward -68.00 | Epsilon 0.0855
Seed 10 | Episode 686 | Reward 50.00 | Epsilon 0.0853
Seed 10 | Episode 687 | Reward 58.00 | Epsilon 0.0852
Seed 10 | Episode 688 | Reward 53.00 | Epsilon 0.0851
Seed 10 | Episode 689 | Reward 63.00 | Epsilon 0.0850
Seed 10 | Episode 690 | Reward 47.00 | Epsilon 0.0849
Seed 10 | Episode 691 | Reward 54.00 | Epsilon 0.0848
Seed 10 | Episode 692 | Reward 62.00 | Epsilon 0.0847
Seed 10 | Episode 693 | Reward 58.00 | Epsilon 0.0845
Seed 10 | Episode 694 | Reward 60.00 | Epsilon 0.0844
Seed 10 | Episode 695 | Reward 47.00 | Epsilon 0.0843
Seed 10 | Episode 696 | Reward 47.00 | Epsilon 0.0842
Seed 10 | Episode 697 | Reward -2.00 | Epsilon 0.0839
Seed 10 | Episode 698 | Reward 43.00 | Epsilon 0.0838
Seed 10 | Episode 699 | Reward 37.00 | Epsilon 0.0836
Seed 10 | Episode 700 | Reward 56.00 | Epsilon 0.0835
Seed 10 | Episode 701 | Reward 56.00 | Epsilon 0.0834
Seed 10 | Episode 702 | Reward 51.00 | Epsilon 0.0832
Seed 10 | Episode 703 | Reward 44.00 | Epsilon 0.0831
Seed 10 | Episode 704 | Reward 33.00 | Epsilon 0.0829
Seed 10 | Episode 705 | Reward 40.00 | Epsilon 0.0828
Seed 10 | Episode 706 | Reward 59.00 | Epsilon 0.0827
Seed 10 | Episode 707 | Reward 35.00 | Epsilon 0.0825
Seed 10 | Episode 708 | Reward 55.00 | Epsilon 0.0824
Seed 10 | Episode 709 | Reward 49.00 | Epsilon 0.0823
Seed 10 | Episode 710 | Reward 57.00 | Epsilon 0.0822
Seed 10 | Episode 711 | Reward 52.00 | Epsilon 0.0820
Seed 10 | Episode 712 | Reward 32.00 | Epsilon 0.0819
Seed 10 | Episode 713 | Reward 48.00 | Epsilon 0.0817
Seed 10 | Episode 714 | Reward 46.00 | Epsilon 0.0816
Seed 10 | Episode 715 | Reward 59.00 | Epsilon 0.0815
Seed 10 | Episode 716 | Reward 53.00 | Epsilon 0.0814
Seed 10 | Episode 717 | Reward -25.00 | Epsilon 0.0811
Seed 10 | Episode 718 | Reward 42.00 | Epsilon 0.0809
Seed 10 | Episode 719 | Reward 55.00 | Epsilon 0.0808
Seed 10 | Episode 720 | Reward 60.00 | Epsilon 0.0807
Seed 10 | Episode 721 | Reward 41.00 | Epsilon 0.0806
Seed 10 | Episode 722 | Reward 63.00 | Epsilon 0.0805
Seed 10 | Episode 723 | Reward 39.00 | Epsilon 0.0803
Seed 10 | Episode 724 | Reward 42.00 | Epsilon 0.0802
Seed 10 | Episode 725 | Reward 44.00 | Epsilon 0.0801
Seed 10 | Episode 726 | Reward 53.00 | Epsilon 0.0799
Seed 10 | Episode 727 | Reward 49.00 | Epsilon 0.0798
Seed 10 | Episode 728 | Reward 41.00 | Epsilon 0.0797
Seed 10 | Episode 729 | Reward 56.00 | Epsilon 0.0796
Seed 10 | Episode 730 | Reward 47.00 | Epsilon 0.0794
Seed 10 | Episode 731 | Reward 51.00 | Epsilon 0.0793
Seed 10 | Episode 732 | Reward 54.00 | Epsilon 0.0792
Seed 10 | Episode 733 | Reward 45.00 | Epsilon 0.0791
Seed 10 | Episode 734 | Reward 49.00 | Epsilon 0.0790
Seed 10 | Episode 735 | Reward 37.00 | Epsilon 0.0788
Seed 10 | Episode 736 | Reward 57.00 | Epsilon 0.0787
Seed 10 | Episode 737 | Reward 47.00 | Epsilon 0.0786
Seed 10 | Episode 738 | Reward 50.00 | Epsilon 0.0785
Seed 10 | Episode 739 | Reward 49.00 | Epsilon 0.0783
Seed 10 | Episode 740 | Reward 43.00 | Epsilon 0.0782
Seed 10 | Episode 741 | Reward 52.00 | Epsilon 0.0781
Seed 10 | Episode 742 | Reward -33.00 | Epsilon 0.0778
Seed 10 | Episode 743 | Reward 55.00 | Epsilon 0.0777
Seed 10 | Episode 744 | Reward 48.00 | Epsilon 0.0775
Seed 10 | Episode 745 | Reward -10.00 | Epsilon 0.0773
Seed 10 | Episode 746 | Reward 50.00 | Epsilon 0.0772
Seed 10 | Episode 747 | Reward 24.00 | Epsilon 0.0770
Seed 10 | Episode 748 | Reward -52.00 | Epsilon 0.0766
Seed 10 | Episode 749 | Reward 59.00 | Epsilon 0.0765
Seed 10 | Episode 750 | Reward 43.00 | Epsilon 0.0764
Seed 10 | Episode 751 | Reward 55.00 | Epsilon 0.0763
Seed 10 | Episode 752 | Reward -1.00 | Epsilon 0.0761
Seed 10 | Episode 753 | Reward 60.00 | Epsilon 0.0760
Seed 10 | Episode 754 | Reward 48.00 | Epsilon 0.0758
Seed 10 | Episode 755 | Reward 49.00 | Epsilon 0.0757
Seed 10 | Episode 756 | Reward 56.00 | Epsilon 0.0756
Seed 10 | Episode 757 | Reward 54.00 | Epsilon 0.0755
Seed 10 | Episode 758 | Reward 59.00 | Epsilon 0.0754
Seed 10 | Episode 759 | Reward 36.00 | Epsilon 0.0753
Seed 10 | Episode 760 | Reward 60.00 | Epsilon 0.0752
Seed 10 | Episode 761 | Reward 52.00 | Epsilon 0.0751
Seed 10 | Episode 762 | Reward 37.00 | Epsilon 0.0749
Seed 10 | Episode 763 | Reward 57.00 | Epsilon 0.0748
Seed 10 | Episode 764 | Reward 46.00 | Epsilon 0.0747
Seed 10 | Episode 765 | Reward 62.00 | Epsilon 0.0746
Seed 10 | Episode 766 | Reward 60.00 | Epsilon 0.0745
Seed 10 | Episode 767 | Reward 59.00 | Epsilon 0.0744
Seed 10 | Episode 768 | Reward 55.00 | Epsilon 0.0743
Seed 10 | Episode 769 | Reward 54.00 | Epsilon 0.0742
Seed 10 | Episode 770 | Reward 51.00 | Epsilon 0.0741
Seed 10 | Episode 771 | Reward 46.00 | Epsilon 0.0740
Seed 10 | Episode 772 | Reward 48.00 | Epsilon 0.0739
Seed 10 | Episode 773 | Reward 56.00 | Epsilon 0.0738
Seed 10 | Episode 774 | Reward 31.00 | Epsilon 0.0736
Seed 10 | Episode 775 | Reward 43.00 | Epsilon 0.0735
Seed 10 | Episode 776 | Reward 54.00 | Epsilon 0.0734
Seed 10 | Episode 777 | Reward 15.00 | Epsilon 0.0732
Seed 10 | Episode 778 | Reward 49.00 | Epsilon 0.0731
Seed 10 | Episode 779 | Reward 49.00 | Epsilon 0.0730
Seed 10 | Episode 780 | Reward 55.00 | Epsilon 0.0729
Seed 10 | Episode 781 | Reward 50.00 | Epsilon 0.0728
Seed 10 | Episode 782 | Reward 37.00 | Epsilon 0.0726
Seed 10 | Episode 783 | Reward -32.00 | Epsilon 0.0723
Seed 10 | Episode 784 | Reward 45.00 | Epsilon 0.0722
Seed 10 | Episode 785 | Reward 34.00 | Epsilon 0.0721
Seed 10 | Episode 786 | Reward 62.00 | Epsilon 0.0720
Seed 10 | Episode 787 | Reward 54.00 | Epsilon 0.0719
Seed 10 | Episode 788 | Reward 45.00 | Epsilon 0.0718
Seed 10 | Episode 789 | Reward 28.00 | Epsilon 0.0716
Seed 10 | Episode 790 | Reward 42.00 | Epsilon 0.0715
Seed 10 | Episode 791 | Reward 35.00 | Epsilon 0.0713
Seed 10 | Episode 792 | Reward 35.00 | Epsilon 0.0712
Seed 10 | Episode 793 | Reward 43.00 | Epsilon 0.0711
Seed 10 | Episode 794 | Reward 56.00 | Epsilon 0.0710
Seed 10 | Episode 795 | Reward 53.00 | Epsilon 0.0709
Seed 10 | Episode 796 | Reward 49.00 | Epsilon 0.0708
Seed 10 | Episode 797 | Reward 38.00 | Epsilon 0.0706
Seed 10 | Episode 798 | Reward 46.00 | Epsilon 0.0705
Seed 10 | Episode 799 | Reward 64.00 | Epsilon 0.0704
Seed 10 | Episode 800 | Reward 62.00 | Epsilon 0.0704
Seed 10 | Episode 801 | Reward 40.00 | Epsilon 0.0702
Seed 10 | Episode 802 | Reward 55.00 | Epsilon 0.0701
Seed 10 | Episode 803 | Reward 39.00 | Epsilon 0.0700
Seed 10 | Episode 804 | Reward 47.00 | Epsilon 0.0699
Seed 10 | Episode 805 | Reward 49.00 | Epsilon 0.0698
Seed 10 | Episode 806 | Reward 47.00 | Epsilon 0.0697
Seed 10 | Episode 807 | Reward 62.00 | Epsilon 0.0696
Seed 10 | Episode 808 | Reward 54.00 | Epsilon 0.0695
Seed 10 | Episode 809 | Reward 56.00 | Epsilon 0.0694
Seed 10 | Episode 810 | Reward 8.00 | Epsilon 0.0692
Seed 10 | Episode 811 | Reward 49.00 | Epsilon 0.0691
Seed 10 | Episode 812 | Reward 54.00 | Epsilon 0.0690
Seed 10 | Episode 813 | Reward -2.00 | Epsilon 0.0688
Seed 10 | Episode 814 | Reward 51.00 | Epsilon 0.0687
Seed 10 | Episode 815 | Reward -5.00 | Epsilon 0.0685
Seed 10 | Episode 816 | Reward 47.00 | Epsilon 0.0683
Seed 10 | Episode 817 | Reward 48.00 | Epsilon 0.0682
Seed 10 | Episode 818 | Reward 24.00 | Epsilon 0.0681
Seed 10 | Episode 819 | Reward 52.00 | Epsilon 0.0680
Seed 10 | Episode 820 | Reward 29.00 | Epsilon 0.0678
Seed 10 | Episode 821 | Reward 63.00 | Epsilon 0.0678
Seed 10 | Episode 822 | Reward 52.00 | Epsilon 0.0677
Seed 10 | Episode 823 | Reward 66.00 | Epsilon 0.0676
Seed 10 | Episode 824 | Reward 58.00 | Epsilon 0.0675
Seed 10 | Episode 825 | Reward 40.00 | Epsilon 0.0674
Seed 10 | Episode 826 | Reward 43.00 | Epsilon 0.0673
Seed 10 | Episode 827 | Reward 64.00 | Epsilon 0.0672
Seed 10 | Episode 828 | Reward 43.00 | Epsilon 0.0671
Seed 10 | Episode 829 | Reward 62.00 | Epsilon 0.0670
Seed 10 | Episode 830 | Reward 47.00 | Epsilon 0.0669
Seed 10 | Episode 831 | Reward 59.00 | Epsilon 0.0668
Seed 10 | Episode 832 | Reward 53.00 | Epsilon 0.0667
Seed 10 | Episode 833 | Reward 51.00 | Epsilon 0.0666
Seed 10 | Episode 834 | Reward 8.00 | Epsilon 0.0664
Seed 10 | Episode 835 | Reward 52.00 | Epsilon 0.0663
Seed 10 | Episode 836 | Reward 40.00 | Epsilon 0.0662
Seed 10 | Episode 837 | Reward 41.00 | Epsilon 0.0661
Seed 10 | Episode 838 | Reward 55.00 | Epsilon 0.0660
Seed 10 | Episode 839 | Reward 47.00 | Epsilon 0.0659
Seed 10 | Episode 840 | Reward 49.00 | Epsilon 0.0658
Seed 10 | Episode 841 | Reward 58.00 | Epsilon 0.0657
Seed 10 | Episode 842 | Reward 53.00 | Epsilon 0.0656
Seed 10 | Episode 843 | Reward 60.00 | Epsilon 0.0655
Seed 10 | Episode 844 | Reward 13.00 | Epsilon 0.0653
Seed 10 | Episode 845 | Reward 46.00 | Epsilon 0.0652
Seed 10 | Episode 846 | Reward 35.00 | Epsilon 0.0651
Seed 10 | Episode 847 | Reward 62.00 | Epsilon 0.0650
Seed 10 | Episode 848 | Reward 43.00 | Epsilon 0.0649
Seed 10 | Episode 849 | Reward -9.00 | Epsilon 0.0647
Seed 10 | Episode 850 | Reward 43.00 | Epsilon 0.0646
Seed 10 | Episode 851 | Reward 61.00 | Epsilon 0.0645
Seed 10 | Episode 852 | Reward -143.00 | Epsilon 0.0640
Seed 10 | Episode 853 | Reward -20.00 | Epsilon 0.0638
Seed 10 | Episode 854 | Reward 43.00 | Epsilon 0.0637
Seed 10 | Episode 855 | Reward 52.00 | Epsilon 0.0636
Seed 10 | Episode 856 | Reward 53.00 | Epsilon 0.0635
Seed 10 | Episode 857 | Reward 60.00 | Epsilon 0.0634
Seed 10 | Episode 858 | Reward 56.00 | Epsilon 0.0633
Seed 10 | Episode 859 | Reward 54.00 | Epsilon 0.0633
Seed 10 | Episode 860 | Reward 56.00 | Epsilon 0.0632
Seed 10 | Episode 861 | Reward 50.00 | Epsilon 0.0631
Seed 10 | Episode 862 | Reward 47.00 | Epsilon 0.0630
Seed 10 | Episode 863 | Reward 50.00 | Epsilon 0.0629
Seed 10 | Episode 864 | Reward 54.00 | Epsilon 0.0628
Seed 10 | Episode 865 | Reward -13.00 | Epsilon 0.0626
Seed 10 | Episode 866 | Reward 56.00 | Epsilon 0.0625
Seed 10 | Episode 867 | Reward 60.00 | Epsilon 0.0624
Seed 10 | Episode 868 | Reward 52.00 | Epsilon 0.0623
Seed 10 | Episode 869 | Reward 38.00 | Epsilon 0.0622
Seed 10 | Episode 870 | Reward 52.00 | Epsilon 0.0621
Seed 10 | Episode 871 | Reward 48.00 | Epsilon 0.0620
Seed 10 | Episode 872 | Reward 58.00 | Epsilon 0.0619
Seed 10 | Episode 873 | Reward 59.00 | Epsilon 0.0619
Seed 10 | Episode 874 | Reward 44.00 | Epsilon 0.0618
Seed 10 | Episode 875 | Reward 39.00 | Epsilon 0.0616
Seed 10 | Episode 876 | Reward 63.00 | Epsilon 0.0616
Seed 10 | Episode 877 | Reward 38.00 | Epsilon 0.0615
Seed 10 | Episode 878 | Reward 30.00 | Epsilon 0.0613
Seed 10 | Episode 879 | Reward 45.00 | Epsilon 0.0612
Seed 10 | Episode 880 | Reward 49.00 | Epsilon 0.0611
Seed 10 | Episode 881 | Reward 63.00 | Epsilon 0.0611
Seed 10 | Episode 882 | Reward 43.00 | Epsilon 0.0609
Seed 10 | Episode 883 | Reward 60.00 | Epsilon 0.0609
Seed 10 | Episode 884 | Reward 43.00 | Epsilon 0.0608
Seed 10 | Episode 885 | Reward 43.00 | Epsilon 0.0607
Seed 10 | Episode 886 | Reward 33.00 | Epsilon 0.0605
Seed 10 | Episode 887 | Reward 55.00 | Epsilon 0.0605
Seed 10 | Episode 888 | Reward 57.00 | Epsilon 0.0604
Seed 10 | Episode 889 | Reward 50.00 | Epsilon 0.0603
Seed 10 | Episode 890 | Reward 46.00 | Epsilon 0.0602
Seed 10 | Episode 891 | Reward 47.00 | Epsilon 0.0601
Seed 10 | Episode 892 | Reward 54.00 | Epsilon 0.0600
Seed 10 | Episode 893 | Reward 12.00 | Epsilon 0.0598
Seed 10 | Episode 894 | Reward 12.00 | Epsilon 0.0597
Seed 10 | Episode 895 | Reward 45.00 | Epsilon 0.0596
Seed 10 | Episode 896 | Reward 48.00 | Epsilon 0.0595
Seed 10 | Episode 897 | Reward 33.00 | Epsilon 0.0594
Seed 10 | Episode 898 | Reward 52.00 | Epsilon 0.0593
Seed 10 | Episode 899 | Reward 60.00 | Epsilon 0.0592
Seed 10 | Episode 900 | Reward 57.00 | Epsilon 0.0591
Seed 10 | Episode 901 | Reward 37.00 | Epsilon 0.0590
Seed 10 | Episode 902 | Reward 59.00 | Epsilon 0.0589
Seed 10 | Episode 903 | Reward 46.00 | Epsilon 0.0588
Seed 10 | Episode 904 | Reward 53.00 | Epsilon 0.0588
Seed 10 | Episode 905 | Reward 49.00 | Epsilon 0.0587
Seed 10 | Episode 906 | Reward 47.00 | Epsilon 0.0586
Seed 10 | Episode 907 | Reward 60.00 | Epsilon 0.0585
Seed 10 | Episode 908 | Reward 50.00 | Epsilon 0.0584
Seed 10 | Episode 909 | Reward 8.00 | Epsilon 0.0582
Seed 10 | Episode 910 | Reward 42.00 | Epsilon 0.0581
Seed 10 | Episode 911 | Reward 30.00 | Epsilon 0.0580
Seed 10 | Episode 912 | Reward 59.00 | Epsilon 0.0579
Seed 10 | Episode 913 | Reward 58.00 | Epsilon 0.0579
Seed 10 | Episode 914 | Reward 25.00 | Epsilon 0.0577
Seed 10 | Episode 915 | Reward 51.00 | Epsilon 0.0577
Seed 10 | Episode 916 | Reward 39.00 | Epsilon 0.0575
Seed 10 | Episode 917 | Reward 54.00 | Epsilon 0.0575
Seed 10 | Episode 918 | Reward 50.00 | Epsilon 0.0574
Seed 10 | Episode 919 | Reward 45.00 | Epsilon 0.0573
Seed 10 | Episode 920 | Reward 60.00 | Epsilon 0.0572
Seed 10 | Episode 921 | Reward 50.00 | Epsilon 0.0571
Seed 10 | Episode 922 | Reward 51.00 | Epsilon 0.0570
Seed 10 | Episode 923 | Reward 42.00 | Epsilon 0.0569
Seed 10 | Episode 924 | Reward 50.00 | Epsilon 0.0568
Seed 10 | Episode 925 | Reward 43.00 | Epsilon 0.0568
Seed 10 | Episode 926 | Reward 42.00 | Epsilon 0.0567
Seed 10 | Episode 927 | Reward 61.00 | Epsilon 0.0566
Seed 10 | Episode 928 | Reward 42.00 | Epsilon 0.0565
Seed 10 | Episode 929 | Reward 45.00 | Epsilon 0.0564
Seed 10 | Episode 930 | Reward 64.00 | Epsilon 0.0563
Seed 10 | Episode 931 | Reward 48.00 | Epsilon 0.0562
Seed 10 | Episode 932 | Reward 7.00 | Epsilon 0.0561
Seed 10 | Episode 933 | Reward 65.00 | Epsilon 0.0560
Seed 10 | Episode 934 | Reward 35.00 | Epsilon 0.0559
Seed 10 | Episode 935 | Reward 50.00 | Epsilon 0.0558
Seed 10 | Episode 936 | Reward 54.00 | Epsilon 0.0557
Seed 10 | Episode 937 | Reward 57.00 | Epsilon 0.0557
Seed 10 | Episode 938 | Reward 46.00 | Epsilon 0.0556
Seed 10 | Episode 939 | Reward -67.00 | Epsilon 0.0553
Seed 10 | Episode 940 | Reward 59.00 | Epsilon 0.0552
Seed 10 | Episode 941 | Reward 1.00 | Epsilon 0.0551
Seed 10 | Episode 942 | Reward 44.00 | Epsilon 0.0550
Seed 10 | Episode 943 | Reward 57.00 | Epsilon 0.0549
Seed 10 | Episode 944 | Reward 37.00 | Epsilon 0.0548
Seed 10 | Episode 945 | Reward 58.00 | Epsilon 0.0547
Seed 10 | Episode 946 | Reward 43.00 | Epsilon 0.0546
Seed 10 | Episode 947 | Reward 6.00 | Epsilon 0.0545
Seed 10 | Episode 948 | Reward 50.00 | Epsilon 0.0544
Seed 10 | Episode 949 | Reward -6.00 | Epsilon 0.0542
Seed 10 | Episode 950 | Reward 43.00 | Epsilon 0.0541
Seed 10 | Episode 951 | Reward 29.00 | Epsilon 0.0540
Seed 10 | Episode 952 | Reward -58.00 | Epsilon 0.0537
Seed 10 | Episode 953 | Reward 56.00 | Epsilon 0.0537
Seed 10 | Episode 954 | Reward 50.00 | Epsilon 0.0536
Seed 10 | Episode 955 | Reward 47.00 | Epsilon 0.0535
Seed 10 | Episode 956 | Reward 34.00 | Epsilon 0.0534
Seed 10 | Episode 957 | Reward 61.00 | Epsilon 0.0533
Seed 10 | Episode 958 | Reward 61.00 | Epsilon 0.0533
Seed 10 | Episode 959 | Reward 56.00 | Epsilon 0.0532
Seed 10 | Episode 960 | Reward 52.00 | Epsilon 0.0531
Seed 10 | Episode 961 | Reward 34.00 | Epsilon 0.0530
Seed 10 | Episode 962 | Reward 46.00 | Epsilon 0.0529
Seed 10 | Episode 963 | Reward 46.00 | Epsilon 0.0528
Seed 10 | Episode 964 | Reward 61.00 | Epsilon 0.0528
Seed 10 | Episode 965 | Reward 5.00 | Epsilon 0.0526
Seed 10 | Episode 966 | Reward 30.00 | Epsilon 0.0525
Seed 10 | Episode 967 | Reward 42.00 | Epsilon 0.0524
Seed 10 | Episode 968 | Reward 48.00 | Epsilon 0.0523
Seed 10 | Episode 969 | Reward 59.00 | Epsilon 0.0523
Seed 10 | Episode 970 | Reward 44.00 | Epsilon 0.0522
Seed 10 | Episode 971 | Reward 58.00 | Epsilon 0.0521
Seed 10 | Episode 972 | Reward -61.00 | Epsilon 0.0519
Seed 10 | Episode 973 | Reward 49.00 | Epsilon 0.0518
Seed 10 | Episode 974 | Reward 52.00 | Epsilon 0.0517
Seed 10 | Episode 975 | Reward 7.00 | Epsilon 0.0516
Seed 10 | Episode 976 | Reward 48.00 | Epsilon 0.0515
Seed 10 | Episode 977 | Reward 45.00 | Epsilon 0.0514
Seed 10 | Episode 978 | Reward 45.00 | Epsilon 0.0513
Seed 10 | Episode 979 | Reward 40.00 | Epsilon 0.0512
Seed 10 | Episode 980 | Reward 48.00 | Epsilon 0.0511
Seed 10 | Episode 981 | Reward 55.00 | Epsilon 0.0511
Seed 10 | Episode 982 | Reward 45.00 | Epsilon 0.0510
Seed 10 | Episode 983 | Reward 44.00 | Epsilon 0.0509
Seed 10 | Episode 984 | Reward 65.00 | Epsilon 0.0508
Seed 10 | Episode 985 | Reward 51.00 | Epsilon 0.0507
Seed 10 | Episode 986 | Reward 45.00 | Epsilon 0.0507
Seed 10 | Episode 987 | Reward 10.00 | Epsilon 0.0505
Seed 10 | Episode 988 | Reward 50.00 | Epsilon 0.0504
Seed 10 | Episode 989 | Reward 34.00 | Epsilon 0.0503
Seed 10 | Episode 990 | Reward 40.00 | Epsilon 0.0503
Seed 10 | Episode 991 | Reward 50.00 | Epsilon 0.0502
Seed 10 | Episode 992 | Reward 63.00 | Epsilon 0.0501
Seed 10 | Episode 993 | Reward 44.00 | Epsilon 0.0500
Seed 10 | Episode 994 | Reward -36.00 | Epsilon 0.0498
Seed 10 | Episode 995 | Reward 52.00 | Epsilon 0.0498
Seed 10 | Episode 996 | Reward 58.00 | Epsilon 0.0497
Seed 10 | Episode 997 | Reward 55.00 | Epsilon 0.0496
Seed 10 | Episode 998 | Reward 46.00 | Epsilon 0.0495
Seed 10 | Episode 999 | Reward 62.00 | Epsilon 0.0495
Finished seed 10
