starting job
Sun Dec  7 19:54:41 2025       
+-----------------------------------------------------------------------------------------+
| NVIDIA-SMI 580.65.06              Driver Version: 580.65.06      CUDA Version: 13.0     |
+-----------------------------------------+------------------------+----------------------+
| GPU  Name                 Persistence-M | Bus-Id          Disp.A | Volatile Uncorr. ECC |
| Fan  Temp   Perf          Pwr:Usage/Cap |           Memory-Usage | GPU-Util  Compute M. |
|                                         |                        |               MIG M. |
|=========================================+========================+======================|
|   0  NVIDIA H100 80GB HBM3          On  |   00000000:46:00.0 Off |                   On |
| N/A   31C    P0            243W /  700W |   33602MiB /  81559MiB |     N/A      Default |
|                                         |                        |              Enabled |
+-----------------------------------------+------------------------+----------------------+

+-----------------------------------------------------------------------------------------+
| MIG devices:                                                                            |
+------------------+----------------------------------+-----------+-----------------------+
| GPU  GI  CI  MIG |              Shared Memory-Usage |        Vol|        Shared         |
|      ID  ID  Dev |                Shared BAR1-Usage | SM     Unc| CE ENC  DEC  OFA  JPG |
|                  |                                  |        ECC|                       |
|==================+==================================+===========+=======================|
|  0    9   0   0  |              15MiB /  9984MiB    | 16      0 |  1   0    1    0    1 |
|                  |               0MiB /  6185MiB    |           |                       |
+------------------+----------------------------------+-----------+-----------------------+

+-----------------------------------------------------------------------------------------+
| Processes:                                                                              |
|  GPU   GI   CI              PID   Type   Process name                        GPU Memory |
|        ID   ID                                                               Usage      |
|=========================================================================================|
|  No running processes found                                                             |
+-----------------------------------------------------------------------------------------+
Running seed 12
Gym has been unmaintained since 2022 and does not support NumPy 2.0 amongst other critical functionality.
Please upgrade to Gymnasium, the maintained drop-in replacement of Gym, or contact the authors of your software and request that they upgrade.
Users of this version of Gym should be able to simply replace 'import gym' with 'import gymnasium as gym' in the vast majority of cases.
See the migration guide at https://gymnasium.farama.org/introduction/migration_guide/ for additional information.
Seed 12 | Episode 0 | Reward -300.00 | Epsilon 0.9987
Seed 12 | Episode 1 | Reward -300.00 | Epsilon 0.9897
Seed 12 | Episode 2 | Reward -300.00 | Epsilon 0.9808
Seed 12 | Episode 3 | Reward -300.00 | Epsilon 0.9720
Seed 12 | Episode 4 | Reward -300.00 | Epsilon 0.9633
Seed 12 | Episode 5 | Reward -300.00 | Epsilon 0.9547
Seed 12 | Episode 6 | Reward -300.00 | Epsilon 0.9462
Seed 12 | Episode 7 | Reward -300.00 | Epsilon 0.9377
Seed 12 | Episode 8 | Reward -300.00 | Epsilon 0.9293
Seed 12 | Episode 9 | Reward -300.00 | Epsilon 0.9209
Seed 12 | Episode 10 | Reward -300.00 | Epsilon 0.9127
Seed 12 | Episode 11 | Reward -300.00 | Epsilon 0.9045
Seed 12 | Episode 12 | Reward -300.00 | Epsilon 0.8964
Seed 12 | Episode 13 | Reward -300.00 | Epsilon 0.8884
Seed 12 | Episode 14 | Reward -300.00 | Epsilon 0.8804
Seed 12 | Episode 15 | Reward -300.00 | Epsilon 0.8725
Seed 12 | Episode 16 | Reward -300.00 | Epsilon 0.8647
Seed 12 | Episode 17 | Reward -300.00 | Epsilon 0.8570
Seed 12 | Episode 18 | Reward -300.00 | Epsilon 0.8493
Seed 12 | Episode 19 | Reward -300.00 | Epsilon 0.8417
Seed 12 | Episode 20 | Reward -300.00 | Epsilon 0.8341
Seed 12 | Episode 21 | Reward -300.00 | Epsilon 0.8267
Seed 12 | Episode 22 | Reward 45.00 | Epsilon 0.8253
Seed 12 | Episode 23 | Reward -300.00 | Epsilon 0.8179
Seed 12 | Episode 24 | Reward -300.00 | Epsilon 0.8106
Seed 12 | Episode 25 | Reward -300.00 | Epsilon 0.8033
Seed 12 | Episode 26 | Reward -300.00 | Epsilon 0.7961
Seed 12 | Episode 27 | Reward -300.00 | Epsilon 0.7890
Seed 12 | Episode 28 | Reward -300.00 | Epsilon 0.7819
Seed 12 | Episode 29 | Reward -300.00 | Epsilon 0.7749
Seed 12 | Episode 30 | Reward -300.00 | Epsilon 0.7679
Seed 12 | Episode 31 | Reward -300.00 | Epsilon 0.7611
Seed 12 | Episode 32 | Reward -300.00 | Epsilon 0.7542
Seed 12 | Episode 33 | Reward -300.00 | Epsilon 0.7475
Seed 12 | Episode 34 | Reward -300.00 | Epsilon 0.7408
Seed 12 | Episode 35 | Reward -300.00 | Epsilon 0.7342
Seed 12 | Episode 36 | Reward -300.00 | Epsilon 0.7276
Seed 12 | Episode 37 | Reward -300.00 | Epsilon 0.7211
Seed 12 | Episode 38 | Reward -300.00 | Epsilon 0.7146
Seed 12 | Episode 39 | Reward -300.00 | Epsilon 0.7082
Seed 12 | Episode 40 | Reward -300.00 | Epsilon 0.7019
Seed 12 | Episode 41 | Reward -300.00 | Epsilon 0.6956
Seed 12 | Episode 42 | Reward -300.00 | Epsilon 0.6893
Seed 12 | Episode 43 | Reward -300.00 | Epsilon 0.6832
Seed 12 | Episode 44 | Reward -300.00 | Epsilon 0.6770
Seed 12 | Episode 45 | Reward -300.00 | Epsilon 0.6710
Seed 12 | Episode 46 | Reward -300.00 | Epsilon 0.6650
Seed 12 | Episode 47 | Reward -300.00 | Epsilon 0.6590
Seed 12 | Episode 48 | Reward -300.00 | Epsilon 0.6531
Seed 12 | Episode 49 | Reward -300.00 | Epsilon 0.6472
Seed 12 | Episode 50 | Reward -300.00 | Epsilon 0.6414
Seed 12 | Episode 51 | Reward -300.00 | Epsilon 0.6357
Seed 12 | Episode 52 | Reward -300.00 | Epsilon 0.6300
Seed 12 | Episode 53 | Reward -300.00 | Epsilon 0.6244
Seed 12 | Episode 54 | Reward -300.00 | Epsilon 0.6188
Seed 12 | Episode 55 | Reward -300.00 | Epsilon 0.6132
Seed 12 | Episode 56 | Reward -300.00 | Epsilon 0.6077
Seed 12 | Episode 57 | Reward -300.00 | Epsilon 0.6023
Seed 12 | Episode 58 | Reward -300.00 | Epsilon 0.5969
Seed 12 | Episode 59 | Reward -300.00 | Epsilon 0.5915
Seed 12 | Episode 60 | Reward -300.00 | Epsilon 0.5862
Seed 12 | Episode 61 | Reward -300.00 | Epsilon 0.5810
Seed 12 | Episode 62 | Reward -300.00 | Epsilon 0.5758
Seed 12 | Episode 63 | Reward -300.00 | Epsilon 0.5706
Seed 12 | Episode 64 | Reward -300.00 | Epsilon 0.5655
Seed 12 | Episode 65 | Reward -300.00 | Epsilon 0.5604
Seed 12 | Episode 66 | Reward -300.00 | Epsilon 0.5554
Seed 12 | Episode 67 | Reward -300.00 | Epsilon 0.5504
Seed 12 | Episode 68 | Reward -300.00 | Epsilon 0.5455
Seed 12 | Episode 69 | Reward -300.00 | Epsilon 0.5406
Seed 12 | Episode 70 | Reward -300.00 | Epsilon 0.5358
Seed 12 | Episode 71 | Reward -300.00 | Epsilon 0.5310
Seed 12 | Episode 72 | Reward -300.00 | Epsilon 0.5262
Seed 12 | Episode 73 | Reward -300.00 | Epsilon 0.5215
Seed 12 | Episode 74 | Reward -300.00 | Epsilon 0.5168
Seed 12 | Episode 75 | Reward -300.00 | Epsilon 0.5122
Seed 12 | Episode 76 | Reward -300.00 | Epsilon 0.5076
Seed 12 | Episode 77 | Reward -300.00 | Epsilon 0.5031
Seed 12 | Episode 78 | Reward -300.00 | Epsilon 0.4986
Seed 12 | Episode 79 | Reward -300.00 | Epsilon 0.4941
Seed 12 | Episode 80 | Reward -300.00 | Epsilon 0.4897
Seed 12 | Episode 81 | Reward -300.00 | Epsilon 0.4853
Seed 12 | Episode 82 | Reward -300.00 | Epsilon 0.4809
Seed 12 | Episode 83 | Reward -300.00 | Epsilon 0.4766
Seed 12 | Episode 84 | Reward -300.00 | Epsilon 0.4723
Seed 12 | Episode 85 | Reward -300.00 | Epsilon 0.4681
Seed 12 | Episode 86 | Reward -300.00 | Epsilon 0.4639
Seed 12 | Episode 87 | Reward -300.00 | Epsilon 0.4598
Seed 12 | Episode 88 | Reward -300.00 | Epsilon 0.4556
Seed 12 | Episode 89 | Reward -300.00 | Epsilon 0.4516
Seed 12 | Episode 90 | Reward -300.00 | Epsilon 0.4475
Seed 12 | Episode 91 | Reward -300.00 | Epsilon 0.4435
Seed 12 | Episode 92 | Reward -300.00 | Epsilon 0.4395
Seed 12 | Episode 93 | Reward -300.00 | Epsilon 0.4356
Seed 12 | Episode 94 | Reward -300.00 | Epsilon 0.4317
Seed 12 | Episode 95 | Reward -300.00 | Epsilon 0.4278
Seed 12 | Episode 96 | Reward -300.00 | Epsilon 0.4240
Seed 12 | Episode 97 | Reward -30.00 | Epsilon 0.4223
Seed 12 | Episode 98 | Reward 46.00 | Epsilon 0.4216
Seed 12 | Episode 99 | Reward -300.00 | Epsilon 0.4179
Seed 12 | Episode 100 | Reward 44.00 | Epsilon 0.4171
Seed 12 | Episode 101 | Reward -300.00 | Epsilon 0.4134
Seed 12 | Episode 102 | Reward -6.00 | Epsilon 0.4121
Seed 12 | Episode 103 | Reward -300.00 | Epsilon 0.4084
Seed 12 | Episode 104 | Reward -194.00 | Epsilon 0.4048
Seed 12 | Episode 105 | Reward -300.00 | Epsilon 0.4012
Seed 12 | Episode 106 | Reward -85.00 | Epsilon 0.3989
Seed 12 | Episode 107 | Reward -176.00 | Epsilon 0.3956
Seed 12 | Episode 108 | Reward -300.00 | Epsilon 0.3921
Seed 12 | Episode 109 | Reward 49.00 | Epsilon 0.3915
Seed 12 | Episode 110 | Reward -66.00 | Epsilon 0.3895
Seed 12 | Episode 111 | Reward -300.00 | Epsilon 0.3860
Seed 12 | Episode 112 | Reward -300.00 | Epsilon 0.3826
Seed 12 | Episode 113 | Reward -300.00 | Epsilon 0.3791
Seed 12 | Episode 114 | Reward -300.00 | Epsilon 0.3757
Seed 12 | Episode 115 | Reward -300.00 | Epsilon 0.3724
Seed 12 | Episode 116 | Reward -300.00 | Epsilon 0.3690
Seed 12 | Episode 117 | Reward -300.00 | Epsilon 0.3657
Seed 12 | Episode 118 | Reward -300.00 | Epsilon 0.3625
Seed 12 | Episode 119 | Reward -300.00 | Epsilon 0.3592
Seed 12 | Episode 120 | Reward -300.00 | Epsilon 0.3560
Seed 12 | Episode 121 | Reward -300.00 | Epsilon 0.3528
Seed 12 | Episode 122 | Reward -300.00 | Epsilon 0.3496
Seed 12 | Episode 123 | Reward -300.00 | Epsilon 0.3465
Seed 12 | Episode 124 | Reward -300.00 | Epsilon 0.3434
Seed 12 | Episode 125 | Reward -300.00 | Epsilon 0.3403
Seed 12 | Episode 126 | Reward -300.00 | Epsilon 0.3373
Seed 12 | Episode 127 | Reward -300.00 | Epsilon 0.3343
Seed 12 | Episode 128 | Reward -300.00 | Epsilon 0.3313
Seed 12 | Episode 129 | Reward -300.00 | Epsilon 0.3283
Seed 12 | Episode 130 | Reward -300.00 | Epsilon 0.3253
Seed 12 | Episode 131 | Reward -131.00 | Epsilon 0.3231
Seed 12 | Episode 132 | Reward -300.00 | Epsilon 0.3202
Seed 12 | Episode 133 | Reward -300.00 | Epsilon 0.3173
Seed 12 | Episode 134 | Reward 56.00 | Epsilon 0.3169
Seed 12 | Episode 135 | Reward -300.00 | Epsilon 0.3141
Seed 12 | Episode 136 | Reward -300.00 | Epsilon 0.3112
Seed 12 | Episode 137 | Reward -300.00 | Epsilon 0.3085
Seed 12 | Episode 138 | Reward -300.00 | Epsilon 0.3057
Seed 12 | Episode 139 | Reward -14.00 | Epsilon 0.3046
Seed 12 | Episode 140 | Reward -300.00 | Epsilon 0.3019
Seed 12 | Episode 141 | Reward -177.00 | Epsilon 0.2994
Seed 12 | Episode 142 | Reward -2.00 | Epsilon 0.2985
Seed 12 | Episode 143 | Reward 34.00 | Epsilon 0.2979
Seed 12 | Episode 144 | Reward -300.00 | Epsilon 0.2952
Seed 12 | Episode 145 | Reward -87.00 | Epsilon 0.2936
Seed 12 | Episode 146 | Reward -63.00 | Epsilon 0.2921
Seed 12 | Episode 147 | Reward -11.00 | Epsilon 0.2911
Seed 12 | Episode 148 | Reward 51.00 | Epsilon 0.2907
Seed 12 | Episode 149 | Reward -39.00 | Epsilon 0.2895
Seed 12 | Episode 150 | Reward -96.00 | Epsilon 0.2878
Seed 12 | Episode 151 | Reward 27.00 | Epsilon 0.2871
Seed 12 | Episode 152 | Reward 2.00 | Epsilon 0.2863
Seed 12 | Episode 153 | Reward -300.00 | Epsilon 0.2837
Seed 12 | Episode 154 | Reward 36.00 | Epsilon 0.2832
Seed 12 | Episode 155 | Reward 54.00 | Epsilon 0.2828
Seed 12 | Episode 156 | Reward -123.00 | Epsilon 0.2809
Seed 12 | Episode 157 | Reward -300.00 | Epsilon 0.2784
Seed 12 | Episode 158 | Reward -9.00 | Epsilon 0.2774
Seed 12 | Episode 159 | Reward 55.00 | Epsilon 0.2771
Seed 12 | Episode 160 | Reward 37.00 | Epsilon 0.2765
Seed 12 | Episode 161 | Reward 54.00 | Epsilon 0.2761
Seed 12 | Episode 162 | Reward 35.00 | Epsilon 0.2756
Seed 12 | Episode 163 | Reward 48.00 | Epsilon 0.2751
Seed 12 | Episode 164 | Reward -56.00 | Epsilon 0.2739
Seed 12 | Episode 165 | Reward 58.00 | Epsilon 0.2735
Seed 12 | Episode 166 | Reward 50.00 | Epsilon 0.2731
Seed 12 | Episode 167 | Reward 58.00 | Epsilon 0.2727
Seed 12 | Episode 168 | Reward -300.00 | Epsilon 0.2703
Seed 12 | Episode 169 | Reward 45.00 | Epsilon 0.2698
Seed 12 | Episode 170 | Reward -60.00 | Epsilon 0.2685
Seed 12 | Episode 171 | Reward 44.00 | Epsilon 0.2681
Seed 12 | Episode 172 | Reward 53.00 | Epsilon 0.2677
Seed 12 | Episode 173 | Reward 52.00 | Epsilon 0.2673
Seed 12 | Episode 174 | Reward 50.00 | Epsilon 0.2669
Seed 12 | Episode 175 | Reward -74.00 | Epsilon 0.2655
Seed 12 | Episode 176 | Reward 56.00 | Epsilon 0.2651
Seed 12 | Episode 177 | Reward 55.00 | Epsilon 0.2648
Seed 12 | Episode 178 | Reward 49.00 | Epsilon 0.2644
Seed 12 | Episode 179 | Reward 41.00 | Epsilon 0.2639
Seed 12 | Episode 180 | Reward 59.00 | Epsilon 0.2635
Seed 12 | Episode 181 | Reward 49.00 | Epsilon 0.2631
Seed 12 | Episode 182 | Reward -135.00 | Epsilon 0.2613
Seed 12 | Episode 183 | Reward 57.00 | Epsilon 0.2609
Seed 12 | Episode 184 | Reward 53.00 | Epsilon 0.2606
Seed 12 | Episode 185 | Reward 40.00 | Epsilon 0.2601
Seed 12 | Episode 186 | Reward -19.00 | Epsilon 0.2591
Seed 12 | Episode 187 | Reward 49.00 | Epsilon 0.2587
Seed 12 | Episode 188 | Reward 52.00 | Epsilon 0.2584
Seed 12 | Episode 189 | Reward -54.00 | Epsilon 0.2572
Seed 12 | Episode 190 | Reward 58.00 | Epsilon 0.2568
Seed 12 | Episode 191 | Reward 44.00 | Epsilon 0.2564
Seed 12 | Episode 192 | Reward 43.00 | Epsilon 0.2560
Seed 12 | Episode 193 | Reward 46.00 | Epsilon 0.2555
Seed 12 | Episode 194 | Reward 45.00 | Epsilon 0.2551
Seed 12 | Episode 195 | Reward 47.00 | Epsilon 0.2547
Seed 12 | Episode 196 | Reward 33.00 | Epsilon 0.2542
Seed 12 | Episode 197 | Reward 52.00 | Epsilon 0.2538
Seed 12 | Episode 198 | Reward 31.00 | Epsilon 0.2533
Seed 12 | Episode 199 | Reward 56.00 | Epsilon 0.2529
Seed 12 | Episode 200 | Reward 54.00 | Epsilon 0.2526
Seed 12 | Episode 201 | Reward 57.00 | Epsilon 0.2522
Seed 12 | Episode 202 | Reward 57.00 | Epsilon 0.2519
Seed 12 | Episode 203 | Reward -188.00 | Epsilon 0.2497
Seed 12 | Episode 204 | Reward 50.00 | Epsilon 0.2493
Seed 12 | Episode 205 | Reward 39.00 | Epsilon 0.2489
Seed 12 | Episode 206 | Reward 42.00 | Epsilon 0.2484
Seed 12 | Episode 207 | Reward 44.00 | Epsilon 0.2480
Seed 12 | Episode 208 | Reward 51.00 | Epsilon 0.2476
Seed 12 | Episode 209 | Reward 42.00 | Epsilon 0.2472
Seed 12 | Episode 210 | Reward 19.00 | Epsilon 0.2466
Seed 12 | Episode 211 | Reward 52.00 | Epsilon 0.2462
Seed 12 | Episode 212 | Reward 37.00 | Epsilon 0.2458
Seed 12 | Episode 213 | Reward 57.00 | Epsilon 0.2454
Seed 12 | Episode 214 | Reward 40.00 | Epsilon 0.2450
Seed 12 | Episode 215 | Reward 16.00 | Epsilon 0.2444
Seed 12 | Episode 216 | Reward 46.00 | Epsilon 0.2440
Seed 12 | Episode 217 | Reward 46.00 | Epsilon 0.2436
Seed 12 | Episode 218 | Reward 33.00 | Epsilon 0.2431
Seed 12 | Episode 219 | Reward 47.00 | Epsilon 0.2427
Seed 12 | Episode 220 | Reward 47.00 | Epsilon 0.2423
Seed 12 | Episode 221 | Reward 46.00 | Epsilon 0.2419
Seed 12 | Episode 222 | Reward -5.00 | Epsilon 0.2411
Seed 12 | Episode 223 | Reward 41.00 | Epsilon 0.2407
Seed 12 | Episode 224 | Reward 53.00 | Epsilon 0.2403
Seed 12 | Episode 225 | Reward 48.00 | Epsilon 0.2399
Seed 12 | Episode 226 | Reward 40.00 | Epsilon 0.2395
Seed 12 | Episode 227 | Reward 51.00 | Epsilon 0.2392
Seed 12 | Episode 228 | Reward 47.00 | Epsilon 0.2388
Seed 12 | Episode 229 | Reward 45.00 | Epsilon 0.2384
Seed 12 | Episode 230 | Reward 51.00 | Epsilon 0.2380
Seed 12 | Episode 231 | Reward -22.00 | Epsilon 0.2371
Seed 12 | Episode 232 | Reward 57.00 | Epsilon 0.2368
Seed 12 | Episode 233 | Reward -134.00 | Epsilon 0.2352
Seed 12 | Episode 234 | Reward 55.00 | Epsilon 0.2348
Seed 12 | Episode 235 | Reward -95.00 | Epsilon 0.2335
Seed 12 | Episode 236 | Reward 47.00 | Epsilon 0.2331
Seed 12 | Episode 237 | Reward 46.00 | Epsilon 0.2327
Seed 12 | Episode 238 | Reward 60.00 | Epsilon 0.2324
Seed 12 | Episode 239 | Reward 45.00 | Epsilon 0.2320
Seed 12 | Episode 240 | Reward 8.00 | Epsilon 0.2314
Seed 12 | Episode 241 | Reward 56.00 | Epsilon 0.2311
Seed 12 | Episode 242 | Reward 54.00 | Epsilon 0.2307
Seed 12 | Episode 243 | Reward 63.00 | Epsilon 0.2305
Seed 12 | Episode 244 | Reward 41.00 | Epsilon 0.2301
Seed 12 | Episode 245 | Reward 51.00 | Epsilon 0.2297
Seed 12 | Episode 246 | Reward 49.00 | Epsilon 0.2293
Seed 12 | Episode 247 | Reward 48.00 | Epsilon 0.2290
Seed 12 | Episode 248 | Reward -17.00 | Epsilon 0.2282
Seed 12 | Episode 249 | Reward 50.00 | Epsilon 0.2278
Seed 12 | Episode 250 | Reward 40.00 | Epsilon 0.2274
Seed 12 | Episode 251 | Reward 61.00 | Epsilon 0.2271
Seed 12 | Episode 252 | Reward 54.00 | Epsilon 0.2268
Seed 12 | Episode 253 | Reward 50.00 | Epsilon 0.2265
Seed 12 | Episode 254 | Reward 33.00 | Epsilon 0.2260
Seed 12 | Episode 255 | Reward 53.00 | Epsilon 0.2257
Seed 12 | Episode 256 | Reward 62.00 | Epsilon 0.2254
Seed 12 | Episode 257 | Reward 51.00 | Epsilon 0.2251
Seed 12 | Episode 258 | Reward 58.00 | Epsilon 0.2248
Seed 12 | Episode 259 | Reward 54.00 | Epsilon 0.2245
Seed 12 | Episode 260 | Reward 51.00 | Epsilon 0.2241
Seed 12 | Episode 261 | Reward 56.00 | Epsilon 0.2238
Seed 12 | Episode 262 | Reward 49.00 | Epsilon 0.2235
Seed 12 | Episode 263 | Reward 52.00 | Epsilon 0.2232
Seed 12 | Episode 264 | Reward -21.00 | Epsilon 0.2223
Seed 12 | Episode 265 | Reward 51.00 | Epsilon 0.2220
Seed 12 | Episode 266 | Reward 59.00 | Epsilon 0.2217
Seed 12 | Episode 267 | Reward -30.00 | Epsilon 0.2209
Seed 12 | Episode 268 | Reward -4.00 | Epsilon 0.2202
Seed 12 | Episode 269 | Reward -300.00 | Epsilon 0.2182
Seed 12 | Episode 270 | Reward 53.00 | Epsilon 0.2179
Seed 12 | Episode 271 | Reward 47.00 | Epsilon 0.2175
Seed 12 | Episode 272 | Reward 32.00 | Epsilon 0.2171
Seed 12 | Episode 273 | Reward 45.00 | Epsilon 0.2167
Seed 12 | Episode 274 | Reward 43.00 | Epsilon 0.2163
Seed 12 | Episode 275 | Reward 50.00 | Epsilon 0.2160
Seed 12 | Episode 276 | Reward 54.00 | Epsilon 0.2157
Seed 12 | Episode 277 | Reward 49.00 | Epsilon 0.2154
Seed 12 | Episode 278 | Reward 39.00 | Epsilon 0.2150
Seed 12 | Episode 279 | Reward 51.00 | Epsilon 0.2146
Seed 12 | Episode 280 | Reward 50.00 | Epsilon 0.2143
Seed 12 | Episode 281 | Reward 38.00 | Epsilon 0.2139
Seed 12 | Episode 282 | Reward 49.00 | Epsilon 0.2136
Seed 12 | Episode 283 | Reward 56.00 | Epsilon 0.2133
Seed 12 | Episode 284 | Reward 42.00 | Epsilon 0.2129
Seed 12 | Episode 285 | Reward 12.00 | Epsilon 0.2123
Seed 12 | Episode 286 | Reward 61.00 | Epsilon 0.2121
Seed 12 | Episode 287 | Reward -1.00 | Epsilon 0.2114
Seed 12 | Episode 288 | Reward -1.00 | Epsilon 0.2108
Seed 12 | Episode 289 | Reward 56.00 | Epsilon 0.2105
Seed 12 | Episode 290 | Reward 29.00 | Epsilon 0.2101
Seed 12 | Episode 291 | Reward 49.00 | Epsilon 0.2097
Seed 12 | Episode 292 | Reward 23.00 | Epsilon 0.2092
Seed 12 | Episode 293 | Reward 57.00 | Epsilon 0.2090
Seed 12 | Episode 294 | Reward 46.00 | Epsilon 0.2086
Seed 12 | Episode 295 | Reward 54.00 | Epsilon 0.2083
Seed 12 | Episode 296 | Reward 35.00 | Epsilon 0.2079
Seed 12 | Episode 297 | Reward 57.00 | Epsilon 0.2076
Seed 12 | Episode 298 | Reward 39.00 | Epsilon 0.2073
Seed 12 | Episode 299 | Reward 35.00 | Epsilon 0.2068
Seed 12 | Episode 300 | Reward 37.00 | Epsilon 0.2064
Seed 12 | Episode 301 | Reward 34.00 | Epsilon 0.2060
Seed 12 | Episode 302 | Reward 45.00 | Epsilon 0.2057
Seed 12 | Episode 303 | Reward 50.00 | Epsilon 0.2054
Seed 12 | Episode 304 | Reward 45.00 | Epsilon 0.2050
Seed 12 | Episode 305 | Reward 38.00 | Epsilon 0.2046
Seed 12 | Episode 306 | Reward 39.00 | Epsilon 0.2043
Seed 12 | Episode 307 | Reward 58.00 | Epsilon 0.2040
Seed 12 | Episode 308 | Reward 53.00 | Epsilon 0.2037
Seed 12 | Episode 309 | Reward 34.00 | Epsilon 0.2033
Seed 12 | Episode 310 | Reward 36.00 | Epsilon 0.2029
Seed 12 | Episode 311 | Reward 44.00 | Epsilon 0.2025
Seed 12 | Episode 312 | Reward 51.00 | Epsilon 0.2022
Seed 12 | Episode 313 | Reward 35.00 | Epsilon 0.2018
Seed 12 | Episode 314 | Reward -43.00 | Epsilon 0.2010
Seed 12 | Episode 315 | Reward 32.00 | Epsilon 0.2006
Seed 12 | Episode 316 | Reward 52.00 | Epsilon 0.2003
Seed 12 | Episode 317 | Reward 41.00 | Epsilon 0.1999
Seed 12 | Episode 318 | Reward 50.00 | Epsilon 0.1996
Seed 12 | Episode 319 | Reward 47.00 | Epsilon 0.1993
Seed 12 | Episode 320 | Reward 39.00 | Epsilon 0.1989
Seed 12 | Episode 321 | Reward 49.00 | Epsilon 0.1986
Seed 12 | Episode 322 | Reward 45.00 | Epsilon 0.1983
Seed 12 | Episode 323 | Reward 47.00 | Epsilon 0.1979
Seed 12 | Episode 324 | Reward 52.00 | Epsilon 0.1977
Seed 12 | Episode 325 | Reward 55.00 | Epsilon 0.1974
Seed 12 | Episode 326 | Reward 40.00 | Epsilon 0.1970
Seed 12 | Episode 327 | Reward 53.00 | Epsilon 0.1967
Seed 12 | Episode 328 | Reward 44.00 | Epsilon 0.1964
Seed 12 | Episode 329 | Reward 41.00 | Epsilon 0.1960
Seed 12 | Episode 330 | Reward 58.00 | Epsilon 0.1958
Seed 12 | Episode 331 | Reward 40.00 | Epsilon 0.1954
Seed 12 | Episode 332 | Reward 33.00 | Epsilon 0.1950
Seed 12 | Episode 333 | Reward 43.00 | Epsilon 0.1947
Seed 12 | Episode 334 | Reward 50.00 | Epsilon 0.1944
Seed 12 | Episode 335 | Reward 64.00 | Epsilon 0.1942
Seed 12 | Episode 336 | Reward 47.00 | Epsilon 0.1939
Seed 12 | Episode 337 | Reward 56.00 | Epsilon 0.1936
Seed 12 | Episode 338 | Reward 52.00 | Epsilon 0.1933
Seed 12 | Episode 339 | Reward 36.00 | Epsilon 0.1929
Seed 12 | Episode 340 | Reward 4.00 | Epsilon 0.1924
Seed 12 | Episode 341 | Reward 45.00 | Epsilon 0.1921
Seed 12 | Episode 342 | Reward 54.00 | Epsilon 0.1918
Seed 12 | Episode 343 | Reward 49.00 | Epsilon 0.1915
Seed 12 | Episode 344 | Reward 53.00 | Epsilon 0.1912
Seed 12 | Episode 345 | Reward 51.00 | Epsilon 0.1909
Seed 12 | Episode 346 | Reward 34.00 | Epsilon 0.1905
Seed 12 | Episode 347 | Reward 46.00 | Epsilon 0.1902
Seed 12 | Episode 348 | Reward 44.00 | Epsilon 0.1899
Seed 12 | Episode 349 | Reward 48.00 | Epsilon 0.1896
Seed 12 | Episode 350 | Reward 38.00 | Epsilon 0.1892
Seed 12 | Episode 351 | Reward 55.00 | Epsilon 0.1890
Seed 12 | Episode 352 | Reward 40.00 | Epsilon 0.1886
Seed 12 | Episode 353 | Reward 56.00 | Epsilon 0.1884
Seed 12 | Episode 354 | Reward 51.00 | Epsilon 0.1881
Seed 12 | Episode 355 | Reward 36.00 | Epsilon 0.1877
Seed 12 | Episode 356 | Reward 44.00 | Epsilon 0.1874
Seed 12 | Episode 357 | Reward 37.00 | Epsilon 0.1871
Seed 12 | Episode 358 | Reward 31.00 | Epsilon 0.1867
Seed 12 | Episode 359 | Reward 57.00 | Epsilon 0.1864
Seed 12 | Episode 360 | Reward 54.00 | Epsilon 0.1862
Seed 12 | Episode 361 | Reward 37.00 | Epsilon 0.1858
Seed 12 | Episode 362 | Reward 53.00 | Epsilon 0.1855
Seed 12 | Episode 363 | Reward 41.00 | Epsilon 0.1852
Seed 12 | Episode 364 | Reward 39.00 | Epsilon 0.1849
Seed 12 | Episode 365 | Reward 64.00 | Epsilon 0.1846
Seed 12 | Episode 366 | Reward 45.00 | Epsilon 0.1843
Seed 12 | Episode 367 | Reward -54.00 | Epsilon 0.1835
Seed 12 | Episode 368 | Reward 59.00 | Epsilon 0.1833
Seed 12 | Episode 369 | Reward 48.00 | Epsilon 0.1830
Seed 12 | Episode 370 | Reward 13.00 | Epsilon 0.1825
Seed 12 | Episode 371 | Reward 47.00 | Epsilon 0.1822
Seed 12 | Episode 372 | Reward 44.00 | Epsilon 0.1819
Seed 12 | Episode 373 | Reward 35.00 | Epsilon 0.1815
Seed 12 | Episode 374 | Reward 43.00 | Epsilon 0.1812
Seed 12 | Episode 375 | Reward 45.00 | Epsilon 0.1809
Seed 12 | Episode 376 | Reward -46.00 | Epsilon 0.1801
Seed 12 | Episode 377 | Reward 57.00 | Epsilon 0.1799
Seed 12 | Episode 378 | Reward 52.00 | Epsilon 0.1796
Seed 12 | Episode 379 | Reward 48.00 | Epsilon 0.1793
Seed 12 | Episode 380 | Reward 53.00 | Epsilon 0.1791
Seed 12 | Episode 381 | Reward 31.00 | Epsilon 0.1787
Seed 12 | Episode 382 | Reward 55.00 | Epsilon 0.1784
Seed 12 | Episode 383 | Reward 45.00 | Epsilon 0.1781
Seed 12 | Episode 384 | Reward 35.00 | Epsilon 0.1778
Seed 12 | Episode 385 | Reward 30.00 | Epsilon 0.1774
Seed 12 | Episode 386 | Reward 48.00 | Epsilon 0.1771
Seed 12 | Episode 387 | Reward 50.00 | Epsilon 0.1768
Seed 12 | Episode 388 | Reward 29.00 | Epsilon 0.1765
Seed 12 | Episode 389 | Reward -22.00 | Epsilon 0.1758
Seed 12 | Episode 390 | Reward 57.00 | Epsilon 0.1756
Seed 12 | Episode 391 | Reward 45.00 | Epsilon 0.1753
Seed 12 | Episode 392 | Reward 56.00 | Epsilon 0.1751
Seed 12 | Episode 393 | Reward -68.00 | Epsilon 0.1742
Seed 12 | Episode 394 | Reward 48.00 | Epsilon 0.1739
Seed 12 | Episode 395 | Reward 54.00 | Epsilon 0.1736
Seed 12 | Episode 396 | Reward 38.00 | Epsilon 0.1733
Seed 12 | Episode 397 | Reward 24.00 | Epsilon 0.1729
Seed 12 | Episode 398 | Reward -300.00 | Epsilon 0.1714
Seed 12 | Episode 399 | Reward 54.00 | Epsilon 0.1711
Seed 12 | Episode 400 | Reward 39.00 | Epsilon 0.1708
Seed 12 | Episode 401 | Reward 54.00 | Epsilon 0.1706
Seed 12 | Episode 402 | Reward 53.00 | Epsilon 0.1703
Seed 12 | Episode 403 | Reward 58.00 | Epsilon 0.1701
Seed 12 | Episode 404 | Reward 50.00 | Epsilon 0.1698
Seed 12 | Episode 405 | Reward 42.00 | Epsilon 0.1695
Seed 12 | Episode 406 | Reward 54.00 | Epsilon 0.1693
Seed 12 | Episode 407 | Reward 60.00 | Epsilon 0.1691
Seed 12 | Episode 408 | Reward 46.00 | Epsilon 0.1688
Seed 12 | Episode 409 | Reward 48.00 | Epsilon 0.1685
Seed 12 | Episode 410 | Reward 57.00 | Epsilon 0.1683
Seed 12 | Episode 411 | Reward 60.00 | Epsilon 0.1681
Seed 12 | Episode 412 | Reward 44.00 | Epsilon 0.1678
Seed 12 | Episode 413 | Reward 55.00 | Epsilon 0.1676
Seed 12 | Episode 414 | Reward 55.00 | Epsilon 0.1674
Seed 12 | Episode 415 | Reward 39.00 | Epsilon 0.1671
Seed 12 | Episode 416 | Reward 56.00 | Epsilon 0.1668
Seed 12 | Episode 417 | Reward 53.00 | Epsilon 0.1666
Seed 12 | Episode 418 | Reward 35.00 | Epsilon 0.1663
Seed 12 | Episode 419 | Reward 50.00 | Epsilon 0.1660
Seed 12 | Episode 420 | Reward 41.00 | Epsilon 0.1657
Seed 12 | Episode 421 | Reward 52.00 | Epsilon 0.1655
Seed 12 | Episode 422 | Reward 56.00 | Epsilon 0.1652
Seed 12 | Episode 423 | Reward 55.00 | Epsilon 0.1650
Seed 12 | Episode 424 | Reward 60.00 | Epsilon 0.1648
Seed 12 | Episode 425 | Reward 55.00 | Epsilon 0.1646
Seed 12 | Episode 426 | Reward 53.00 | Epsilon 0.1643
Seed 12 | Episode 427 | Reward 51.00 | Epsilon 0.1641
Seed 12 | Episode 428 | Reward 39.00 | Epsilon 0.1638
Seed 12 | Episode 429 | Reward 38.00 | Epsilon 0.1635
Seed 12 | Episode 430 | Reward 46.00 | Epsilon 0.1632
Seed 12 | Episode 431 | Reward 56.00 | Epsilon 0.1630
Seed 12 | Episode 432 | Reward 57.00 | Epsilon 0.1628
Seed 12 | Episode 433 | Reward 61.00 | Epsilon 0.1626
Seed 12 | Episode 434 | Reward 31.00 | Epsilon 0.1622
Seed 12 | Episode 435 | Reward 43.00 | Epsilon 0.1620
Seed 12 | Episode 436 | Reward 53.00 | Epsilon 0.1617
Seed 12 | Episode 437 | Reward 44.00 | Epsilon 0.1615
Seed 12 | Episode 438 | Reward 41.00 | Epsilon 0.1612
Seed 12 | Episode 439 | Reward 39.00 | Epsilon 0.1609
Seed 12 | Episode 440 | Reward 32.00 | Epsilon 0.1605
Seed 12 | Episode 441 | Reward 9.00 | Epsilon 0.1601
Seed 12 | Episode 442 | Reward -300.00 | Epsilon 0.1587
Seed 12 | Episode 443 | Reward 62.00 | Epsilon 0.1585
Seed 12 | Episode 444 | Reward 38.00 | Epsilon 0.1582
Seed 12 | Episode 445 | Reward 65.00 | Epsilon 0.1580
Seed 12 | Episode 446 | Reward 45.00 | Epsilon 0.1577
Seed 12 | Episode 447 | Reward 43.00 | Epsilon 0.1575
Seed 12 | Episode 448 | Reward 50.00 | Epsilon 0.1572
Seed 12 | Episode 449 | Reward 54.00 | Epsilon 0.1570
Seed 12 | Episode 450 | Reward 41.00 | Epsilon 0.1567
Seed 12 | Episode 451 | Reward -6.00 | Epsilon 0.1562
Seed 12 | Episode 452 | Reward 58.00 | Epsilon 0.1560
Seed 12 | Episode 453 | Reward 29.00 | Epsilon 0.1557
Seed 12 | Episode 454 | Reward 41.00 | Epsilon 0.1554
Seed 12 | Episode 455 | Reward 28.00 | Epsilon 0.1551
Seed 12 | Episode 456 | Reward 28.00 | Epsilon 0.1547
Seed 12 | Episode 457 | Reward -63.00 | Epsilon 0.1540
Seed 12 | Episode 458 | Reward 33.00 | Epsilon 0.1536
Seed 12 | Episode 459 | Reward 50.00 | Epsilon 0.1534
Seed 12 | Episode 460 | Reward 52.00 | Epsilon 0.1532
Seed 12 | Episode 461 | Reward -29.00 | Epsilon 0.1526
Seed 12 | Episode 462 | Reward 51.00 | Epsilon 0.1524
Seed 12 | Episode 463 | Reward -22.00 | Epsilon 0.1518
Seed 12 | Episode 464 | Reward 33.00 | Epsilon 0.1515
Seed 12 | Episode 465 | Reward 58.00 | Epsilon 0.1513
Seed 12 | Episode 466 | Reward 36.00 | Epsilon 0.1510
Seed 12 | Episode 467 | Reward 51.00 | Epsilon 0.1508
Seed 12 | Episode 468 | Reward 58.00 | Epsilon 0.1506
Seed 12 | Episode 469 | Reward 50.00 | Epsilon 0.1503
Seed 12 | Episode 470 | Reward 40.00 | Epsilon 0.1501
Seed 12 | Episode 471 | Reward 51.00 | Epsilon 0.1498
Seed 12 | Episode 472 | Reward 49.00 | Epsilon 0.1496
Seed 12 | Episode 473 | Reward 28.00 | Epsilon 0.1493
Seed 12 | Episode 474 | Reward 57.00 | Epsilon 0.1491
Seed 12 | Episode 475 | Reward 30.00 | Epsilon 0.1488
Seed 12 | Episode 476 | Reward 57.00 | Epsilon 0.1486
Seed 12 | Episode 477 | Reward 49.00 | Epsilon 0.1483
Seed 12 | Episode 478 | Reward 46.00 | Epsilon 0.1481
Seed 12 | Episode 479 | Reward 55.00 | Epsilon 0.1479
Seed 12 | Episode 480 | Reward 48.00 | Epsilon 0.1477
Seed 12 | Episode 481 | Reward 54.00 | Epsilon 0.1475
Seed 12 | Episode 482 | Reward 51.00 | Epsilon 0.1472
Seed 12 | Episode 483 | Reward 45.00 | Epsilon 0.1470
Seed 12 | Episode 484 | Reward -14.00 | Epsilon 0.1465
Seed 12 | Episode 485 | Reward 36.00 | Epsilon 0.1462
Seed 12 | Episode 486 | Reward -27.00 | Epsilon 0.1456
Seed 12 | Episode 487 | Reward 43.00 | Epsilon 0.1454
Seed 12 | Episode 488 | Reward 41.00 | Epsilon 0.1451
Seed 12 | Episode 489 | Reward 32.00 | Epsilon 0.1448
Seed 12 | Episode 490 | Reward 26.00 | Epsilon 0.1445
Seed 12 | Episode 491 | Reward 55.00 | Epsilon 0.1443
Seed 12 | Episode 492 | Reward 55.00 | Epsilon 0.1441
Seed 12 | Episode 493 | Reward 37.00 | Epsilon 0.1438
Seed 12 | Episode 494 | Reward 22.00 | Epsilon 0.1435
Seed 12 | Episode 495 | Reward 38.00 | Epsilon 0.1432
Seed 12 | Episode 496 | Reward -21.00 | Epsilon 0.1427
Seed 12 | Episode 497 | Reward 26.00 | Epsilon 0.1424
Seed 12 | Episode 498 | Reward -49.00 | Epsilon 0.1417
Seed 12 | Episode 499 | Reward -16.00 | Epsilon 0.1412
Seed 12 | Episode 500 | Reward 47.00 | Epsilon 0.1410
Seed 12 | Episode 501 | Reward 29.00 | Epsilon 0.1407
Seed 12 | Episode 502 | Reward 61.00 | Epsilon 0.1405
Seed 12 | Episode 503 | Reward 33.00 | Epsilon 0.1402
Seed 12 | Episode 504 | Reward 57.00 | Epsilon 0.1401
Seed 12 | Episode 505 | Reward 47.00 | Epsilon 0.1398
Seed 12 | Episode 506 | Reward 42.00 | Epsilon 0.1396
Seed 12 | Episode 507 | Reward -35.00 | Epsilon 0.1390
Seed 12 | Episode 508 | Reward 52.00 | Epsilon 0.1388
Seed 12 | Episode 509 | Reward 43.00 | Epsilon 0.1386
Seed 12 | Episode 510 | Reward 49.00 | Epsilon 0.1384
Seed 12 | Episode 511 | Reward 21.00 | Epsilon 0.1380
Seed 12 | Episode 512 | Reward -35.00 | Epsilon 0.1375
Seed 12 | Episode 513 | Reward 45.00 | Epsilon 0.1372
Seed 12 | Episode 514 | Reward -14.00 | Epsilon 0.1368
Seed 12 | Episode 515 | Reward 61.00 | Epsilon 0.1366
Seed 12 | Episode 516 | Reward -48.00 | Epsilon 0.1360
Seed 12 | Episode 517 | Reward 42.00 | Epsilon 0.1357
Seed 12 | Episode 518 | Reward 42.00 | Epsilon 0.1355
Seed 12 | Episode 519 | Reward 11.00 | Epsilon 0.1351
Seed 12 | Episode 520 | Reward 41.00 | Epsilon 0.1349
Seed 12 | Episode 521 | Reward -151.00 | Epsilon 0.1339
Seed 12 | Episode 522 | Reward -2.00 | Epsilon 0.1335
Seed 12 | Episode 523 | Reward 57.00 | Epsilon 0.1333
Seed 12 | Episode 524 | Reward 42.00 | Epsilon 0.1331
Seed 12 | Episode 525 | Reward 42.00 | Epsilon 0.1328
Seed 12 | Episode 526 | Reward 47.00 | Epsilon 0.1326
Seed 12 | Episode 527 | Reward 48.00 | Epsilon 0.1324
Seed 12 | Episode 528 | Reward 53.00 | Epsilon 0.1322
Seed 12 | Episode 529 | Reward 19.00 | Epsilon 0.1319
Seed 12 | Episode 530 | Reward -2.00 | Epsilon 0.1315
Seed 12 | Episode 531 | Reward 59.00 | Epsilon 0.1313
Seed 12 | Episode 532 | Reward 47.00 | Epsilon 0.1311
Seed 12 | Episode 533 | Reward 57.00 | Epsilon 0.1309
Seed 12 | Episode 534 | Reward 35.00 | Epsilon 0.1307
Seed 12 | Episode 535 | Reward -26.00 | Epsilon 0.1302
Seed 12 | Episode 536 | Reward 56.00 | Epsilon 0.1300
Seed 12 | Episode 537 | Reward 29.00 | Epsilon 0.1297
Seed 12 | Episode 538 | Reward 51.00 | Epsilon 0.1295
Seed 12 | Episode 539 | Reward 36.00 | Epsilon 0.1293
Seed 12 | Episode 540 | Reward 3.00 | Epsilon 0.1289
Seed 12 | Episode 541 | Reward 56.00 | Epsilon 0.1287
Seed 12 | Episode 542 | Reward 5.00 | Epsilon 0.1283
Seed 12 | Episode 543 | Reward 39.00 | Epsilon 0.1281
Seed 12 | Episode 544 | Reward 46.00 | Epsilon 0.1279
Seed 12 | Episode 545 | Reward 52.00 | Epsilon 0.1277
Seed 12 | Episode 546 | Reward -300.00 | Epsilon 0.1266
Seed 12 | Episode 547 | Reward 61.00 | Epsilon 0.1264
Seed 12 | Episode 548 | Reward 30.00 | Epsilon 0.1261
Seed 12 | Episode 549 | Reward -17.00 | Epsilon 0.1257
Seed 12 | Episode 550 | Reward -184.00 | Epsilon 0.1246
Seed 12 | Episode 551 | Reward -175.00 | Epsilon 0.1236
Seed 12 | Episode 552 | Reward 48.00 | Epsilon 0.1234
Seed 12 | Episode 553 | Reward 64.00 | Epsilon 0.1233
Seed 12 | Episode 554 | Reward 57.00 | Epsilon 0.1231
Seed 12 | Episode 555 | Reward 62.00 | Epsilon 0.1229
Seed 12 | Episode 556 | Reward 9.00 | Epsilon 0.1226
Seed 12 | Episode 557 | Reward 40.00 | Epsilon 0.1224
Seed 12 | Episode 558 | Reward -60.00 | Epsilon 0.1218
Seed 12 | Episode 559 | Reward 46.00 | Epsilon 0.1216
Seed 12 | Episode 560 | Reward 6.00 | Epsilon 0.1212
Seed 12 | Episode 561 | Reward 58.00 | Epsilon 0.1211
Seed 12 | Episode 562 | Reward 59.00 | Epsilon 0.1209
Seed 12 | Episode 563 | Reward 44.00 | Epsilon 0.1207
Seed 12 | Episode 564 | Reward -63.00 | Epsilon 0.1201
Seed 12 | Episode 565 | Reward 33.00 | Epsilon 0.1199
Seed 12 | Episode 566 | Reward 53.00 | Epsilon 0.1197
Seed 12 | Episode 567 | Reward 59.00 | Epsilon 0.1196
Seed 12 | Episode 568 | Reward 62.00 | Epsilon 0.1194
Seed 12 | Episode 569 | Reward 38.00 | Epsilon 0.1192
Seed 12 | Episode 570 | Reward -44.00 | Epsilon 0.1187
Seed 12 | Episode 571 | Reward 63.00 | Epsilon 0.1186
Seed 12 | Episode 572 | Reward -75.00 | Epsilon 0.1179
Seed 12 | Episode 573 | Reward 58.00 | Epsilon 0.1178
Seed 12 | Episode 574 | Reward 13.00 | Epsilon 0.1175
Seed 12 | Episode 575 | Reward 50.00 | Epsilon 0.1173
Seed 12 | Episode 576 | Reward -194.00 | Epsilon 0.1163
Seed 12 | Episode 577 | Reward 55.00 | Epsilon 0.1161
Seed 12 | Episode 578 | Reward -42.00 | Epsilon 0.1156
Seed 12 | Episode 579 | Reward 54.00 | Epsilon 0.1154
Seed 12 | Episode 580 | Reward -2.00 | Epsilon 0.1151
Seed 12 | Episode 581 | Reward -300.00 | Epsilon 0.1140
Seed 12 | Episode 582 | Reward -56.00 | Epsilon 0.1135
Seed 12 | Episode 583 | Reward -72.00 | Epsilon 0.1129
Seed 12 | Episode 584 | Reward -55.00 | Epsilon 0.1124
Seed 12 | Episode 585 | Reward -31.00 | Epsilon 0.1120
Seed 12 | Episode 586 | Reward 49.00 | Epsilon 0.1118
Seed 12 | Episode 587 | Reward -300.00 | Epsilon 0.1108
Seed 12 | Episode 588 | Reward -300.00 | Epsilon 0.1098
Seed 12 | Episode 589 | Reward 62.00 | Epsilon 0.1097
Seed 12 | Episode 590 | Reward 49.00 | Epsilon 0.1095
Seed 12 | Episode 591 | Reward 42.00 | Epsilon 0.1093
Seed 12 | Episode 592 | Reward 50.00 | Epsilon 0.1091
Seed 12 | Episode 593 | Reward 47.00 | Epsilon 0.1089
Seed 12 | Episode 594 | Reward -65.00 | Epsilon 0.1084
Seed 12 | Episode 595 | Reward 53.00 | Epsilon 0.1083
Seed 12 | Episode 596 | Reward -20.00 | Epsilon 0.1079
Seed 12 | Episode 597 | Reward 45.00 | Epsilon 0.1077
Seed 12 | Episode 598 | Reward 61.00 | Epsilon 0.1075
Seed 12 | Episode 599 | Reward -300.00 | Epsilon 0.1066
Seed 12 | Episode 600 | Reward -73.00 | Epsilon 0.1060
Seed 12 | Episode 601 | Reward 21.00 | Epsilon 0.1058
Seed 12 | Episode 602 | Reward 49.00 | Epsilon 0.1056
Seed 12 | Episode 603 | Reward 58.00 | Epsilon 0.1055
Seed 12 | Episode 604 | Reward -105.00 | Epsilon 0.1048
Seed 12 | Episode 605 | Reward 52.00 | Epsilon 0.1047
Seed 12 | Episode 606 | Reward -300.00 | Epsilon 0.1037
Seed 12 | Episode 607 | Reward 62.00 | Epsilon 0.1036
Seed 12 | Episode 608 | Reward -300.00 | Epsilon 0.1027
Seed 12 | Episode 609 | Reward -98.00 | Epsilon 0.1021
Seed 12 | Episode 610 | Reward 51.00 | Epsilon 0.1019
Seed 12 | Episode 611 | Reward 63.00 | Epsilon 0.1018
Seed 12 | Episode 612 | Reward 63.00 | Epsilon 0.1017
Seed 12 | Episode 613 | Reward -90.00 | Epsilon 0.1011
Seed 12 | Episode 614 | Reward 52.00 | Epsilon 0.1010
Seed 12 | Episode 615 | Reward 47.00 | Epsilon 0.1008
Seed 12 | Episode 616 | Reward 64.00 | Epsilon 0.1007
Seed 12 | Episode 617 | Reward -300.00 | Epsilon 0.0998
Seed 12 | Episode 618 | Reward 38.00 | Epsilon 0.0996
Seed 12 | Episode 619 | Reward -300.00 | Epsilon 0.0987
Seed 12 | Episode 620 | Reward 60.00 | Epsilon 0.0986
Seed 12 | Episode 621 | Reward -300.00 | Epsilon 0.0977
Seed 12 | Episode 622 | Reward -300.00 | Epsilon 0.0968
Seed 12 | Episode 623 | Reward 58.00 | Epsilon 0.0967
Seed 12 | Episode 624 | Reward 43.00 | Epsilon 0.0965
Seed 12 | Episode 625 | Reward -121.00 | Epsilon 0.0959
Seed 12 | Episode 626 | Reward -53.00 | Epsilon 0.0954
Seed 12 | Episode 627 | Reward -300.00 | Epsilon 0.0946
Seed 12 | Episode 628 | Reward -88.00 | Epsilon 0.0941
Seed 12 | Episode 629 | Reward 53.00 | Epsilon 0.0939
Seed 12 | Episode 630 | Reward 59.00 | Epsilon 0.0938
Seed 12 | Episode 631 | Reward 58.00 | Epsilon 0.0937
Seed 12 | Episode 632 | Reward 54.00 | Epsilon 0.0935
Seed 12 | Episode 633 | Reward 45.00 | Epsilon 0.0934
Seed 12 | Episode 634 | Reward -300.00 | Epsilon 0.0926
Seed 12 | Episode 635 | Reward 41.00 | Epsilon 0.0924
Seed 12 | Episode 636 | Reward 46.00 | Epsilon 0.0922
Seed 12 | Episode 637 | Reward 44.00 | Epsilon 0.0921
Seed 12 | Episode 638 | Reward 53.00 | Epsilon 0.0919
Seed 12 | Episode 639 | Reward 59.00 | Epsilon 0.0918
Seed 12 | Episode 640 | Reward 60.00 | Epsilon 0.0917
Seed 12 | Episode 641 | Reward 55.00 | Epsilon 0.0916
Seed 12 | Episode 642 | Reward -300.00 | Epsilon 0.0908
Seed 12 | Episode 643 | Reward 63.00 | Epsilon 0.0907
Seed 12 | Episode 644 | Reward 62.00 | Epsilon 0.0906
Seed 12 | Episode 645 | Reward 46.00 | Epsilon 0.0904
Seed 12 | Episode 646 | Reward 63.00 | Epsilon 0.0903
Seed 12 | Episode 647 | Reward 61.00 | Epsilon 0.0902
Seed 12 | Episode 648 | Reward -8.00 | Epsilon 0.0899
Seed 12 | Episode 649 | Reward -51.00 | Epsilon 0.0895
Seed 12 | Episode 650 | Reward 53.00 | Epsilon 0.0894
Seed 12 | Episode 651 | Reward -30.00 | Epsilon 0.0890
Seed 12 | Episode 652 | Reward -109.00 | Epsilon 0.0885
Seed 12 | Episode 653 | Reward 54.00 | Epsilon 0.0883
Seed 12 | Episode 654 | Reward 51.00 | Epsilon 0.0882
Seed 12 | Episode 655 | Reward 51.00 | Epsilon 0.0881
Seed 12 | Episode 656 | Reward 56.00 | Epsilon 0.0879
Seed 12 | Episode 657 | Reward 47.00 | Epsilon 0.0878
Seed 12 | Episode 658 | Reward -300.00 | Epsilon 0.0870
Seed 12 | Episode 659 | Reward 55.00 | Epsilon 0.0869
Seed 12 | Episode 660 | Reward 33.00 | Epsilon 0.0867
Seed 12 | Episode 661 | Reward -300.00 | Epsilon 0.0859
Seed 12 | Episode 662 | Reward 62.00 | Epsilon 0.0858
Seed 12 | Episode 663 | Reward 54.00 | Epsilon 0.0857
Seed 12 | Episode 664 | Reward 55.00 | Epsilon 0.0856
Seed 12 | Episode 665 | Reward 53.00 | Epsilon 0.0855
Seed 12 | Episode 666 | Reward -300.00 | Epsilon 0.0847
Seed 12 | Episode 667 | Reward 62.00 | Epsilon 0.0846
Seed 12 | Episode 668 | Reward 37.00 | Epsilon 0.0845
Seed 12 | Episode 669 | Reward 49.00 | Epsilon 0.0843
Seed 12 | Episode 670 | Reward 48.00 | Epsilon 0.0842
Seed 12 | Episode 671 | Reward 51.00 | Epsilon 0.0841
Seed 12 | Episode 672 | Reward 46.00 | Epsilon 0.0839
Seed 12 | Episode 673 | Reward 55.00 | Epsilon 0.0838
Seed 12 | Episode 674 | Reward 47.00 | Epsilon 0.0837
Seed 12 | Episode 675 | Reward 40.00 | Epsilon 0.0835
Seed 12 | Episode 676 | Reward 56.00 | Epsilon 0.0834
Seed 12 | Episode 677 | Reward 50.00 | Epsilon 0.0833
Seed 12 | Episode 678 | Reward 61.00 | Epsilon 0.0832
Seed 12 | Episode 679 | Reward 55.00 | Epsilon 0.0831
Seed 12 | Episode 680 | Reward 28.00 | Epsilon 0.0829
Seed 12 | Episode 681 | Reward -13.00 | Epsilon 0.0826
Seed 12 | Episode 682 | Reward 61.00 | Epsilon 0.0825
Seed 12 | Episode 683 | Reward 54.00 | Epsilon 0.0824
Seed 12 | Episode 684 | Reward 49.00 | Epsilon 0.0823
Seed 12 | Episode 685 | Reward 52.00 | Epsilon 0.0821
Seed 12 | Episode 686 | Reward 44.00 | Epsilon 0.0820
Seed 12 | Episode 687 | Reward 10.00 | Epsilon 0.0818
Seed 12 | Episode 688 | Reward 52.00 | Epsilon 0.0817
Seed 12 | Episode 689 | Reward 41.00 | Epsilon 0.0815
Seed 12 | Episode 690 | Reward 61.00 | Epsilon 0.0814
Seed 12 | Episode 691 | Reward 42.00 | Epsilon 0.0813
Seed 12 | Episode 692 | Reward 40.00 | Epsilon 0.0811
Seed 12 | Episode 693 | Reward 58.00 | Epsilon 0.0810
Seed 12 | Episode 694 | Reward 57.00 | Epsilon 0.0809
Seed 12 | Episode 695 | Reward -76.00 | Epsilon 0.0805
Seed 12 | Episode 696 | Reward 54.00 | Epsilon 0.0804
Seed 12 | Episode 697 | Reward 41.00 | Epsilon 0.0802
Seed 12 | Episode 698 | Reward 44.00 | Epsilon 0.0801
Seed 12 | Episode 699 | Reward -28.00 | Epsilon 0.0798
Seed 12 | Episode 700 | Reward 43.00 | Epsilon 0.0796
Seed 12 | Episode 701 | Reward 49.00 | Epsilon 0.0795
Seed 12 | Episode 702 | Reward 36.00 | Epsilon 0.0794
Seed 12 | Episode 703 | Reward 48.00 | Epsilon 0.0792
Seed 12 | Episode 704 | Reward 38.00 | Epsilon 0.0791
Seed 12 | Episode 705 | Reward -19.00 | Epsilon 0.0788
Seed 12 | Episode 706 | Reward 43.00 | Epsilon 0.0787
Seed 12 | Episode 707 | Reward 45.00 | Epsilon 0.0785
Seed 12 | Episode 708 | Reward 56.00 | Epsilon 0.0784
Seed 12 | Episode 709 | Reward 51.00 | Epsilon 0.0783
Seed 12 | Episode 710 | Reward 48.00 | Epsilon 0.0782
Seed 12 | Episode 711 | Reward 16.00 | Epsilon 0.0780
Seed 12 | Episode 712 | Reward 37.00 | Epsilon 0.0778
Seed 12 | Episode 713 | Reward 57.00 | Epsilon 0.0777
Seed 12 | Episode 714 | Reward 59.00 | Epsilon 0.0776
Seed 12 | Episode 715 | Reward 54.00 | Epsilon 0.0775
Seed 12 | Episode 716 | Reward 39.00 | Epsilon 0.0774
Seed 12 | Episode 717 | Reward 39.00 | Epsilon 0.0772
Seed 12 | Episode 718 | Reward 48.00 | Epsilon 0.0771
Seed 12 | Episode 719 | Reward 49.00 | Epsilon 0.0770
Seed 12 | Episode 720 | Reward 41.00 | Epsilon 0.0768
Seed 12 | Episode 721 | Reward 58.00 | Epsilon 0.0768
Seed 12 | Episode 722 | Reward 40.00 | Epsilon 0.0766
Seed 12 | Episode 723 | Reward 61.00 | Epsilon 0.0765
Seed 12 | Episode 724 | Reward 57.00 | Epsilon 0.0764
Seed 12 | Episode 725 | Reward 47.00 | Epsilon 0.0763
Seed 12 | Episode 726 | Reward 54.00 | Epsilon 0.0762
Seed 12 | Episode 727 | Reward 38.00 | Epsilon 0.0760
Seed 12 | Episode 728 | Reward -56.00 | Epsilon 0.0757
Seed 12 | Episode 729 | Reward 39.00 | Epsilon 0.0755
Seed 12 | Episode 730 | Reward 60.00 | Epsilon 0.0755
Seed 12 | Episode 731 | Reward 57.00 | Epsilon 0.0754
Seed 12 | Episode 732 | Reward -11.00 | Epsilon 0.0751
Seed 12 | Episode 733 | Reward 60.00 | Epsilon 0.0750
Seed 12 | Episode 734 | Reward 42.00 | Epsilon 0.0749
Seed 12 | Episode 735 | Reward 38.00 | Epsilon 0.0747
Seed 12 | Episode 736 | Reward 42.00 | Epsilon 0.0746
Seed 12 | Episode 737 | Reward 38.00 | Epsilon 0.0745
Seed 12 | Episode 738 | Reward 12.00 | Epsilon 0.0743
Seed 12 | Episode 739 | Reward 50.00 | Epsilon 0.0741
Seed 12 | Episode 740 | Reward 52.00 | Epsilon 0.0740
Seed 12 | Episode 741 | Reward 43.00 | Epsilon 0.0739
Seed 12 | Episode 742 | Reward 54.00 | Epsilon 0.0738
Seed 12 | Episode 743 | Reward 54.00 | Epsilon 0.0737
Seed 12 | Episode 744 | Reward 55.00 | Epsilon 0.0736
Seed 12 | Episode 745 | Reward 45.00 | Epsilon 0.0735
Seed 12 | Episode 746 | Reward 51.00 | Epsilon 0.0734
Seed 12 | Episode 747 | Reward 46.00 | Epsilon 0.0732
Seed 12 | Episode 748 | Reward 20.00 | Epsilon 0.0731
Seed 12 | Episode 749 | Reward 49.00 | Epsilon 0.0730
Seed 12 | Episode 750 | Reward 54.00 | Epsilon 0.0729
Seed 12 | Episode 751 | Reward 54.00 | Epsilon 0.0727
Seed 12 | Episode 752 | Reward 52.00 | Epsilon 0.0726
Seed 12 | Episode 753 | Reward 33.00 | Epsilon 0.0725
Seed 12 | Episode 754 | Reward 45.00 | Epsilon 0.0724
Seed 12 | Episode 755 | Reward 49.00 | Epsilon 0.0723
Seed 12 | Episode 756 | Reward 49.00 | Epsilon 0.0721
Seed 12 | Episode 757 | Reward 37.00 | Epsilon 0.0720
Seed 12 | Episode 758 | Reward 39.00 | Epsilon 0.0719
Seed 12 | Episode 759 | Reward 34.00 | Epsilon 0.0717
Seed 12 | Episode 760 | Reward 49.00 | Epsilon 0.0716
Seed 12 | Episode 761 | Reward 31.00 | Epsilon 0.0715
Seed 12 | Episode 762 | Reward 46.00 | Epsilon 0.0713
Seed 12 | Episode 763 | Reward -78.00 | Epsilon 0.0710
Seed 12 | Episode 764 | Reward 53.00 | Epsilon 0.0709
Seed 12 | Episode 765 | Reward 48.00 | Epsilon 0.0708
Seed 12 | Episode 766 | Reward 7.00 | Epsilon 0.0706
Seed 12 | Episode 767 | Reward 64.00 | Epsilon 0.0705
Seed 12 | Episode 768 | Reward 33.00 | Epsilon 0.0703
Seed 12 | Episode 769 | Reward 0.00 | Epsilon 0.0701
Seed 12 | Episode 770 | Reward -40.00 | Epsilon 0.0698
Seed 12 | Episode 771 | Reward 54.00 | Epsilon 0.0697
Seed 12 | Episode 772 | Reward 49.00 | Epsilon 0.0696
Seed 12 | Episode 773 | Reward 31.00 | Epsilon 0.0695
Seed 12 | Episode 774 | Reward 47.00 | Epsilon 0.0694
Seed 12 | Episode 775 | Reward 62.00 | Epsilon 0.0693
Seed 12 | Episode 776 | Reward 17.00 | Epsilon 0.0691
Seed 12 | Episode 777 | Reward 57.00 | Epsilon 0.0690
Seed 12 | Episode 778 | Reward 35.00 | Epsilon 0.0689
Seed 12 | Episode 779 | Reward 50.00 | Epsilon 0.0688
Seed 12 | Episode 780 | Reward -24.00 | Epsilon 0.0685
Seed 12 | Episode 781 | Reward -79.00 | Epsilon 0.0681
Seed 12 | Episode 782 | Reward 47.00 | Epsilon 0.0680
Seed 12 | Episode 783 | Reward 40.00 | Epsilon 0.0679
Seed 12 | Episode 784 | Reward 10.00 | Epsilon 0.0677
Seed 12 | Episode 785 | Reward 51.00 | Epsilon 0.0676
Seed 12 | Episode 786 | Reward 5.00 | Epsilon 0.0674
Seed 12 | Episode 787 | Reward 52.00 | Epsilon 0.0673
Seed 12 | Episode 788 | Reward 43.00 | Epsilon 0.0672
Seed 12 | Episode 789 | Reward 58.00 | Epsilon 0.0671
Seed 12 | Episode 790 | Reward 50.00 | Epsilon 0.0670
Seed 12 | Episode 791 | Reward 31.00 | Epsilon 0.0669
Seed 12 | Episode 792 | Reward 59.00 | Epsilon 0.0668
Seed 12 | Episode 793 | Reward 60.00 | Epsilon 0.0667
Seed 12 | Episode 794 | Reward 1.00 | Epsilon 0.0665
Seed 12 | Episode 795 | Reward 50.00 | Epsilon 0.0664
Seed 12 | Episode 796 | Reward 53.00 | Epsilon 0.0663
Seed 12 | Episode 797 | Reward 45.00 | Epsilon 0.0662
Seed 12 | Episode 798 | Reward 41.00 | Epsilon 0.0661
Seed 12 | Episode 799 | Reward 36.00 | Epsilon 0.0660
Seed 12 | Episode 800 | Reward 59.00 | Epsilon 0.0659
Seed 12 | Episode 801 | Reward 24.00 | Epsilon 0.0657
Seed 12 | Episode 802 | Reward 43.00 | Epsilon 0.0656
Seed 12 | Episode 803 | Reward -20.00 | Epsilon 0.0654
Seed 12 | Episode 804 | Reward 54.00 | Epsilon 0.0653
Seed 12 | Episode 805 | Reward 59.00 | Epsilon 0.0652
Seed 12 | Episode 806 | Reward -22.00 | Epsilon 0.0650
Seed 12 | Episode 807 | Reward 49.00 | Epsilon 0.0649
Seed 12 | Episode 808 | Reward 58.00 | Epsilon 0.0648
Seed 12 | Episode 809 | Reward 29.00 | Epsilon 0.0646
Seed 12 | Episode 810 | Reward 55.00 | Epsilon 0.0645
Seed 12 | Episode 811 | Reward 56.00 | Epsilon 0.0645
Seed 12 | Episode 812 | Reward 20.00 | Epsilon 0.0643
Seed 12 | Episode 813 | Reward 33.00 | Epsilon 0.0642
Seed 12 | Episode 814 | Reward 22.00 | Epsilon 0.0640
Seed 12 | Episode 815 | Reward 61.00 | Epsilon 0.0639
Seed 12 | Episode 816 | Reward 42.00 | Epsilon 0.0638
Seed 12 | Episode 817 | Reward -58.00 | Epsilon 0.0635
Seed 12 | Episode 818 | Reward 56.00 | Epsilon 0.0634
Seed 12 | Episode 819 | Reward 63.00 | Epsilon 0.0634
Seed 12 | Episode 820 | Reward 58.00 | Epsilon 0.0633
Seed 12 | Episode 821 | Reward 50.00 | Epsilon 0.0632
Seed 12 | Episode 822 | Reward 34.00 | Epsilon 0.0631
Seed 12 | Episode 823 | Reward 60.00 | Epsilon 0.0630
Seed 12 | Episode 824 | Reward 19.00 | Epsilon 0.0628
Seed 12 | Episode 825 | Reward 33.00 | Epsilon 0.0627
Seed 12 | Episode 826 | Reward 13.00 | Epsilon 0.0625
Seed 12 | Episode 827 | Reward 43.00 | Epsilon 0.0624
Seed 12 | Episode 828 | Reward 54.00 | Epsilon 0.0623
Seed 12 | Episode 829 | Reward 54.00 | Epsilon 0.0622
Seed 12 | Episode 830 | Reward 2.00 | Epsilon 0.0621
Seed 12 | Episode 831 | Reward 33.00 | Epsilon 0.0619
Seed 12 | Episode 832 | Reward -98.00 | Epsilon 0.0616
Seed 12 | Episode 833 | Reward 63.00 | Epsilon 0.0615
Seed 12 | Episode 834 | Reward 61.00 | Epsilon 0.0614
Seed 12 | Episode 835 | Reward 48.00 | Epsilon 0.0613
Seed 12 | Episode 836 | Reward 50.00 | Epsilon 0.0612
Seed 12 | Episode 837 | Reward -79.00 | Epsilon 0.0609
Seed 12 | Episode 838 | Reward -23.00 | Epsilon 0.0607
Seed 12 | Episode 839 | Reward 56.00 | Epsilon 0.0606
Seed 12 | Episode 840 | Reward 40.00 | Epsilon 0.0605
Seed 12 | Episode 841 | Reward 56.00 | Epsilon 0.0604
Seed 12 | Episode 842 | Reward 6.00 | Epsilon 0.0602
Seed 12 | Episode 843 | Reward 51.00 | Epsilon 0.0601
Seed 12 | Episode 844 | Reward 44.00 | Epsilon 0.0600
Seed 12 | Episode 845 | Reward 55.00 | Epsilon 0.0600
Seed 12 | Episode 846 | Reward 60.00 | Epsilon 0.0599
Seed 12 | Episode 847 | Reward 47.00 | Epsilon 0.0598
Seed 12 | Episode 848 | Reward 55.00 | Epsilon 0.0597
Seed 12 | Episode 849 | Reward 49.00 | Epsilon 0.0596
Seed 12 | Episode 850 | Reward 53.00 | Epsilon 0.0595
Seed 12 | Episode 851 | Reward -6.00 | Epsilon 0.0593
Seed 12 | Episode 852 | Reward 62.00 | Epsilon 0.0593
Seed 12 | Episode 853 | Reward 53.00 | Epsilon 0.0592
Seed 12 | Episode 854 | Reward 4.00 | Epsilon 0.0590
Seed 12 | Episode 855 | Reward 53.00 | Epsilon 0.0589
Seed 12 | Episode 856 | Reward -133.00 | Epsilon 0.0585
Seed 12 | Episode 857 | Reward 61.00 | Epsilon 0.0584
Seed 12 | Episode 858 | Reward 48.00 | Epsilon 0.0583
Seed 12 | Episode 859 | Reward 57.00 | Epsilon 0.0583
Seed 12 | Episode 860 | Reward 53.00 | Epsilon 0.0582
Seed 12 | Episode 861 | Reward 45.00 | Epsilon 0.0581
Seed 12 | Episode 862 | Reward 38.00 | Epsilon 0.0580
Seed 12 | Episode 863 | Reward 61.00 | Epsilon 0.0579
Seed 12 | Episode 864 | Reward 39.00 | Epsilon 0.0578
Seed 12 | Episode 865 | Reward 62.00 | Epsilon 0.0577
Seed 12 | Episode 866 | Reward 57.00 | Epsilon 0.0577
Seed 12 | Episode 867 | Reward 54.00 | Epsilon 0.0576
Seed 12 | Episode 868 | Reward 63.00 | Epsilon 0.0575
Seed 12 | Episode 869 | Reward 58.00 | Epsilon 0.0574
Seed 12 | Episode 870 | Reward 63.00 | Epsilon 0.0574
Seed 12 | Episode 871 | Reward 47.00 | Epsilon 0.0573
Seed 12 | Episode 872 | Reward 58.00 | Epsilon 0.0572
Seed 12 | Episode 873 | Reward 59.00 | Epsilon 0.0571
Seed 12 | Episode 874 | Reward 56.00 | Epsilon 0.0571
Seed 12 | Episode 875 | Reward -35.00 | Epsilon 0.0568
Seed 12 | Episode 876 | Reward 62.00 | Epsilon 0.0568
Seed 12 | Episode 877 | Reward 51.00 | Epsilon 0.0567
Seed 12 | Episode 878 | Reward 48.00 | Epsilon 0.0566
Seed 12 | Episode 879 | Reward 59.00 | Epsilon 0.0565
Seed 12 | Episode 880 | Reward 59.00 | Epsilon 0.0564
Seed 12 | Episode 881 | Reward 3.00 | Epsilon 0.0563
Seed 12 | Episode 882 | Reward -42.00 | Epsilon 0.0560
Seed 12 | Episode 883 | Reward 12.00 | Epsilon 0.0559
Seed 12 | Episode 884 | Reward -25.00 | Epsilon 0.0557
Seed 12 | Episode 885 | Reward 31.00 | Epsilon 0.0556
Seed 12 | Episode 886 | Reward 51.00 | Epsilon 0.0555
Seed 12 | Episode 887 | Reward 58.00 | Epsilon 0.0554
Seed 12 | Episode 888 | Reward 46.00 | Epsilon 0.0553
Seed 12 | Episode 889 | Reward 58.00 | Epsilon 0.0552
Seed 12 | Episode 890 | Reward 21.00 | Epsilon 0.0551
Seed 12 | Episode 891 | Reward 43.00 | Epsilon 0.0550
Seed 12 | Episode 892 | Reward 59.00 | Epsilon 0.0549
Seed 12 | Episode 893 | Reward 50.00 | Epsilon 0.0549
Seed 12 | Episode 894 | Reward 64.00 | Epsilon 0.0548
Seed 12 | Episode 895 | Reward 52.00 | Epsilon 0.0547
Seed 12 | Episode 896 | Reward 64.00 | Epsilon 0.0547
Seed 12 | Episode 897 | Reward 52.00 | Epsilon 0.0546
Seed 12 | Episode 898 | Reward -3.00 | Epsilon 0.0544
Seed 12 | Episode 899 | Reward -105.00 | Epsilon 0.0541
Seed 12 | Episode 900 | Reward 54.00 | Epsilon 0.0540
Seed 12 | Episode 901 | Reward 36.00 | Epsilon 0.0539
Seed 12 | Episode 902 | Reward 28.00 | Epsilon 0.0538
Seed 12 | Episode 903 | Reward -166.00 | Epsilon 0.0533
Seed 12 | Episode 904 | Reward 40.00 | Epsilon 0.0532
Seed 12 | Episode 905 | Reward 44.00 | Epsilon 0.0532
Seed 12 | Episode 906 | Reward 63.00 | Epsilon 0.0531
Seed 12 | Episode 907 | Reward 35.00 | Epsilon 0.0530
Seed 12 | Episode 908 | Reward 55.00 | Epsilon 0.0529
Seed 12 | Episode 909 | Reward 50.00 | Epsilon 0.0528
Seed 12 | Episode 910 | Reward 41.00 | Epsilon 0.0527
Seed 12 | Episode 911 | Reward 41.00 | Epsilon 0.0526
Seed 12 | Episode 912 | Reward 61.00 | Epsilon 0.0526
Seed 12 | Episode 913 | Reward 50.00 | Epsilon 0.0525
Seed 12 | Episode 914 | Reward 50.00 | Epsilon 0.0524
Seed 12 | Episode 915 | Reward 63.00 | Epsilon 0.0524
Seed 12 | Episode 916 | Reward 59.00 | Epsilon 0.0523
Seed 12 | Episode 917 | Reward 55.00 | Epsilon 0.0522
Seed 12 | Episode 918 | Reward 60.00 | Epsilon 0.0522
Seed 12 | Episode 919 | Reward -19.00 | Epsilon 0.0520
Seed 12 | Episode 920 | Reward -135.00 | Epsilon 0.0516
Seed 12 | Episode 921 | Reward 45.00 | Epsilon 0.0515
Seed 12 | Episode 922 | Reward 52.00 | Epsilon 0.0514
Seed 12 | Episode 923 | Reward 57.00 | Epsilon 0.0514
Seed 12 | Episode 924 | Reward 64.00 | Epsilon 0.0513
Seed 12 | Episode 925 | Reward 60.00 | Epsilon 0.0513
Seed 12 | Episode 926 | Reward 61.00 | Epsilon 0.0512
Seed 12 | Episode 927 | Reward 48.00 | Epsilon 0.0511
Seed 12 | Episode 928 | Reward 39.00 | Epsilon 0.0510
Seed 12 | Episode 929 | Reward 51.00 | Epsilon 0.0509
Seed 12 | Episode 930 | Reward 1.00 | Epsilon 0.0508
Seed 12 | Episode 931 | Reward 4.00 | Epsilon 0.0506
Seed 12 | Episode 932 | Reward 40.00 | Epsilon 0.0505
Seed 12 | Episode 933 | Reward 37.00 | Epsilon 0.0504
Seed 12 | Episode 934 | Reward 63.00 | Epsilon 0.0504
Seed 12 | Episode 935 | Reward 52.00 | Epsilon 0.0503
Seed 12 | Episode 936 | Reward -15.00 | Epsilon 0.0501
Seed 12 | Episode 937 | Reward 56.00 | Epsilon 0.0501
Seed 12 | Episode 938 | Reward 50.00 | Epsilon 0.0500
Seed 12 | Episode 939 | Reward 17.00 | Epsilon 0.0499
Seed 12 | Episode 940 | Reward 46.00 | Epsilon 0.0498
Seed 12 | Episode 941 | Reward 39.00 | Epsilon 0.0497
Seed 12 | Episode 942 | Reward 62.00 | Epsilon 0.0496
Seed 12 | Episode 943 | Reward -169.00 | Epsilon 0.0492
Seed 12 | Episode 944 | Reward 65.00 | Epsilon 0.0492
Seed 12 | Episode 945 | Reward 49.00 | Epsilon 0.0491
Seed 12 | Episode 946 | Reward 66.00 | Epsilon 0.0491
Seed 12 | Episode 947 | Reward 32.00 | Epsilon 0.0490
Seed 12 | Episode 948 | Reward 55.00 | Epsilon 0.0489
Seed 12 | Episode 949 | Reward 43.00 | Epsilon 0.0488
Seed 12 | Episode 950 | Reward -136.00 | Epsilon 0.0485
Seed 12 | Episode 951 | Reward -12.00 | Epsilon 0.0483
Seed 12 | Episode 952 | Reward 55.00 | Epsilon 0.0482
Seed 12 | Episode 953 | Reward 50.00 | Epsilon 0.0482
Seed 12 | Episode 954 | Reward -39.00 | Epsilon 0.0480
Seed 12 | Episode 955 | Reward 13.00 | Epsilon 0.0478
Seed 12 | Episode 956 | Reward 51.00 | Epsilon 0.0478
Seed 12 | Episode 957 | Reward 63.00 | Epsilon 0.0477
Seed 12 | Episode 958 | Reward 14.00 | Epsilon 0.0476
Seed 12 | Episode 959 | Reward 52.00 | Epsilon 0.0475
Seed 12 | Episode 960 | Reward -72.00 | Epsilon 0.0473
Seed 12 | Episode 961 | Reward 57.00 | Epsilon 0.0472
Seed 12 | Episode 962 | Reward 48.00 | Epsilon 0.0471
Seed 12 | Episode 963 | Reward 53.00 | Epsilon 0.0471
Seed 12 | Episode 964 | Reward 39.00 | Epsilon 0.0470
Seed 12 | Episode 965 | Reward 56.00 | Epsilon 0.0469
Seed 12 | Episode 966 | Reward 47.00 | Epsilon 0.0468
Seed 12 | Episode 967 | Reward 46.00 | Epsilon 0.0468
Seed 12 | Episode 968 | Reward 43.00 | Epsilon 0.0467
Seed 12 | Episode 969 | Reward 62.00 | Epsilon 0.0466
Seed 12 | Episode 970 | Reward 50.00 | Epsilon 0.0465
Seed 12 | Episode 971 | Reward 58.00 | Epsilon 0.0465
Seed 12 | Episode 972 | Reward 60.00 | Epsilon 0.0464
Seed 12 | Episode 973 | Reward 35.00 | Epsilon 0.0463
Seed 12 | Episode 974 | Reward 60.00 | Epsilon 0.0463
Seed 12 | Episode 975 | Reward 52.00 | Epsilon 0.0462
Seed 12 | Episode 976 | Reward -178.00 | Epsilon 0.0458
Seed 12 | Episode 977 | Reward 63.00 | Epsilon 0.0458
Seed 12 | Episode 978 | Reward 47.00 | Epsilon 0.0457
Seed 12 | Episode 979 | Reward 62.00 | Epsilon 0.0456
Seed 12 | Episode 980 | Reward -55.00 | Epsilon 0.0454
Seed 12 | Episode 981 | Reward 44.00 | Epsilon 0.0454
Seed 12 | Episode 982 | Reward 45.00 | Epsilon 0.0453
Seed 12 | Episode 983 | Reward 46.00 | Epsilon 0.0452
Seed 12 | Episode 984 | Reward 62.00 | Epsilon 0.0452
Seed 12 | Episode 985 | Reward 41.00 | Epsilon 0.0451
Seed 12 | Episode 986 | Reward 44.00 | Epsilon 0.0450
Seed 12 | Episode 987 | Reward 51.00 | Epsilon 0.0449
Seed 12 | Episode 988 | Reward 50.00 | Epsilon 0.0449
Seed 12 | Episode 989 | Reward 51.00 | Epsilon 0.0448
Seed 12 | Episode 990 | Reward 53.00 | Epsilon 0.0447
Seed 12 | Episode 991 | Reward 41.00 | Epsilon 0.0446
Seed 12 | Episode 992 | Reward 31.00 | Epsilon 0.0446
Seed 12 | Episode 993 | Reward 43.00 | Epsilon 0.0445
Seed 12 | Episode 994 | Reward 35.00 | Epsilon 0.0444
Seed 12 | Episode 995 | Reward 54.00 | Epsilon 0.0443
Seed 12 | Episode 996 | Reward 52.00 | Epsilon 0.0443
Seed 12 | Episode 997 | Reward 58.00 | Epsilon 0.0442
Seed 12 | Episode 998 | Reward 17.00 | Epsilon 0.0441
Seed 12 | Episode 999 | Reward 64.00 | Epsilon 0.0440
Finished seed 12
