starting job
Sun Dec  7 19:54:41 2025       
+-----------------------------------------------------------------------------------------+
| NVIDIA-SMI 580.65.06              Driver Version: 580.65.06      CUDA Version: 13.0     |
+-----------------------------------------+------------------------+----------------------+
| GPU  Name                 Persistence-M | Bus-Id          Disp.A | Volatile Uncorr. ECC |
| Fan  Temp   Perf          Pwr:Usage/Cap |           Memory-Usage | GPU-Util  Compute M. |
|                                         |                        |               MIG M. |
|=========================================+========================+======================|
|   0  NVIDIA H100 80GB HBM3          On  |   00000000:4C:00.0 Off |                   On |
| N/A   21C    P0             67W /  700W |     101MiB /  81559MiB |     N/A      Default |
|                                         |                        |              Enabled |
+-----------------------------------------+------------------------+----------------------+

+-----------------------------------------------------------------------------------------+
| MIG devices:                                                                            |
+------------------+----------------------------------+-----------+-----------------------+
| GPU  GI  CI  MIG |              Shared Memory-Usage |        Vol|        Shared         |
|      ID  ID  Dev |                Shared BAR1-Usage | SM     Unc| CE ENC  DEC  OFA  JPG |
|                  |                                  |        ECC|                       |
|==================+==================================+===========+=======================|
|  0    9   0   0  |              15MiB /  9984MiB    | 16      0 |  1   0    1    0    1 |
|                  |               0MiB /  6185MiB    |           |                       |
+------------------+----------------------------------+-----------+-----------------------+

+-----------------------------------------------------------------------------------------+
| Processes:                                                                              |
|  GPU   GI   CI              PID   Type   Process name                        GPU Memory |
|        ID   ID                                                               Usage      |
|=========================================================================================|
|  No running processes found                                                             |
+-----------------------------------------------------------------------------------------+
Running seed 8
Gym has been unmaintained since 2022 and does not support NumPy 2.0 amongst other critical functionality.
Please upgrade to Gymnasium, the maintained drop-in replacement of Gym, or contact the authors of your software and request that they upgrade.
Users of this version of Gym should be able to simply replace 'import gym' with 'import gymnasium as gym' in the vast majority of cases.
See the migration guide at https://gymnasium.farama.org/introduction/migration_guide/ for additional information.
Seed 8 | Episode 0 | Reward -300.00 | Epsilon 0.9987
Seed 8 | Episode 1 | Reward -300.00 | Epsilon 0.9897
Seed 8 | Episode 2 | Reward -300.00 | Epsilon 0.9808
Seed 8 | Episode 3 | Reward -300.00 | Epsilon 0.9720
Seed 8 | Episode 4 | Reward -300.00 | Epsilon 0.9633
Seed 8 | Episode 5 | Reward -300.00 | Epsilon 0.9547
Seed 8 | Episode 6 | Reward -300.00 | Epsilon 0.9462
Seed 8 | Episode 7 | Reward -300.00 | Epsilon 0.9377
Seed 8 | Episode 8 | Reward -300.00 | Epsilon 0.9293
Seed 8 | Episode 9 | Reward -300.00 | Epsilon 0.9209
Seed 8 | Episode 10 | Reward -300.00 | Epsilon 0.9127
Seed 8 | Episode 11 | Reward -44.00 | Epsilon 0.9087
Seed 8 | Episode 12 | Reward -300.00 | Epsilon 0.9006
Seed 8 | Episode 13 | Reward -300.00 | Epsilon 0.8925
Seed 8 | Episode 14 | Reward -300.00 | Epsilon 0.8845
Seed 8 | Episode 15 | Reward -300.00 | Epsilon 0.8766
Seed 8 | Episode 16 | Reward -300.00 | Epsilon 0.8687
Seed 8 | Episode 17 | Reward -300.00 | Epsilon 0.8610
Seed 8 | Episode 18 | Reward -300.00 | Epsilon 0.8533
Seed 8 | Episode 19 | Reward -300.00 | Epsilon 0.8456
Seed 8 | Episode 20 | Reward -300.00 | Epsilon 0.8380
Seed 8 | Episode 21 | Reward -300.00 | Epsilon 0.8305
Seed 8 | Episode 22 | Reward -300.00 | Epsilon 0.8231
Seed 8 | Episode 23 | Reward -300.00 | Epsilon 0.8157
Seed 8 | Episode 24 | Reward -300.00 | Epsilon 0.8084
Seed 8 | Episode 25 | Reward -300.00 | Epsilon 0.8012
Seed 8 | Episode 26 | Reward -300.00 | Epsilon 0.7940
Seed 8 | Episode 27 | Reward -300.00 | Epsilon 0.7869
Seed 8 | Episode 28 | Reward -300.00 | Epsilon 0.7798
Seed 8 | Episode 29 | Reward -300.00 | Epsilon 0.7728
Seed 8 | Episode 30 | Reward -300.00 | Epsilon 0.7659
Seed 8 | Episode 31 | Reward -300.00 | Epsilon 0.7590
Seed 8 | Episode 32 | Reward -300.00 | Epsilon 0.7522
Seed 8 | Episode 33 | Reward -300.00 | Epsilon 0.7455
Seed 8 | Episode 34 | Reward -300.00 | Epsilon 0.7388
Seed 8 | Episode 35 | Reward -300.00 | Epsilon 0.7322
Seed 8 | Episode 36 | Reward -300.00 | Epsilon 0.7256
Seed 8 | Episode 37 | Reward -300.00 | Epsilon 0.7191
Seed 8 | Episode 38 | Reward -300.00 | Epsilon 0.7127
Seed 8 | Episode 39 | Reward -300.00 | Epsilon 0.7063
Seed 8 | Episode 40 | Reward -300.00 | Epsilon 0.7000
Seed 8 | Episode 41 | Reward -300.00 | Epsilon 0.6937
Seed 8 | Episode 42 | Reward -300.00 | Epsilon 0.6875
Seed 8 | Episode 43 | Reward -300.00 | Epsilon 0.6813
Seed 8 | Episode 44 | Reward -300.00 | Epsilon 0.6752
Seed 8 | Episode 45 | Reward -300.00 | Epsilon 0.6692
Seed 8 | Episode 46 | Reward -300.00 | Epsilon 0.6632
Seed 8 | Episode 47 | Reward -300.00 | Epsilon 0.6572
Seed 8 | Episode 48 | Reward -300.00 | Epsilon 0.6514
Seed 8 | Episode 49 | Reward -300.00 | Epsilon 0.6455
Seed 8 | Episode 50 | Reward -300.00 | Epsilon 0.6397
Seed 8 | Episode 51 | Reward -300.00 | Epsilon 0.6340
Seed 8 | Episode 52 | Reward -300.00 | Epsilon 0.6283
Seed 8 | Episode 53 | Reward -300.00 | Epsilon 0.6227
Seed 8 | Episode 54 | Reward -300.00 | Epsilon 0.6171
Seed 8 | Episode 55 | Reward -300.00 | Epsilon 0.6116
Seed 8 | Episode 56 | Reward -300.00 | Epsilon 0.6061
Seed 8 | Episode 57 | Reward -300.00 | Epsilon 0.6007
Seed 8 | Episode 58 | Reward -300.00 | Epsilon 0.5953
Seed 8 | Episode 59 | Reward -300.00 | Epsilon 0.5900
Seed 8 | Episode 60 | Reward -300.00 | Epsilon 0.5847
Seed 8 | Episode 61 | Reward -300.00 | Epsilon 0.5794
Seed 8 | Episode 62 | Reward -300.00 | Epsilon 0.5742
Seed 8 | Episode 63 | Reward -300.00 | Epsilon 0.5691
Seed 8 | Episode 64 | Reward -300.00 | Epsilon 0.5640
Seed 8 | Episode 65 | Reward -300.00 | Epsilon 0.5589
Seed 8 | Episode 66 | Reward -300.00 | Epsilon 0.5539
Seed 8 | Episode 67 | Reward -300.00 | Epsilon 0.5490
Seed 8 | Episode 68 | Reward -300.00 | Epsilon 0.5441
Seed 8 | Episode 69 | Reward -300.00 | Epsilon 0.5392
Seed 8 | Episode 70 | Reward -15.00 | Epsilon 0.5373
Seed 8 | Episode 71 | Reward -300.00 | Epsilon 0.5325
Seed 8 | Episode 72 | Reward -44.00 | Epsilon 0.5302
Seed 8 | Episode 73 | Reward -300.00 | Epsilon 0.5254
Seed 8 | Episode 74 | Reward -300.00 | Epsilon 0.5207
Seed 8 | Episode 75 | Reward -300.00 | Epsilon 0.5161
Seed 8 | Episode 76 | Reward -300.00 | Epsilon 0.5114
Seed 8 | Episode 77 | Reward 36.00 | Epsilon 0.5104
Seed 8 | Episode 78 | Reward -193.00 | Epsilon 0.5060
Seed 8 | Episode 79 | Reward -300.00 | Epsilon 0.5014
Seed 8 | Episode 80 | Reward -300.00 | Epsilon 0.4969
Seed 8 | Episode 81 | Reward -300.00 | Epsilon 0.4925
Seed 8 | Episode 82 | Reward 48.00 | Epsilon 0.4917
Seed 8 | Episode 83 | Reward -2.00 | Epsilon 0.4902
Seed 8 | Episode 84 | Reward 49.00 | Epsilon 0.4894
Seed 8 | Episode 85 | Reward -52.00 | Epsilon 0.4872
Seed 8 | Episode 86 | Reward -135.00 | Epsilon 0.4837
Seed 8 | Episode 87 | Reward -15.00 | Epsilon 0.4821
Seed 8 | Episode 88 | Reward -300.00 | Epsilon 0.4777
Seed 8 | Episode 89 | Reward -300.00 | Epsilon 0.4735
Seed 8 | Episode 90 | Reward -300.00 | Epsilon 0.4692
Seed 8 | Episode 91 | Reward -300.00 | Epsilon 0.4650
Seed 8 | Episode 92 | Reward -168.00 | Epsilon 0.4613
Seed 8 | Episode 93 | Reward -300.00 | Epsilon 0.4571
Seed 8 | Episode 94 | Reward -143.00 | Epsilon 0.4538
Seed 8 | Episode 95 | Reward -10.00 | Epsilon 0.4523
Seed 8 | Episode 96 | Reward -25.00 | Epsilon 0.4506
Seed 8 | Episode 97 | Reward -300.00 | Epsilon 0.4466
Seed 8 | Episode 98 | Reward -118.00 | Epsilon 0.4436
Seed 8 | Episode 99 | Reward 34.00 | Epsilon 0.4427
Seed 8 | Episode 100 | Reward 58.00 | Epsilon 0.4422
Seed 8 | Episode 101 | Reward 55.00 | Epsilon 0.4416
Seed 8 | Episode 102 | Reward 53.00 | Epsilon 0.4409
Seed 8 | Episode 103 | Reward -300.00 | Epsilon 0.4370
Seed 8 | Episode 104 | Reward -300.00 | Epsilon 0.4331
Seed 8 | Episode 105 | Reward 48.00 | Epsilon 0.4324
Seed 8 | Episode 106 | Reward -136.00 | Epsilon 0.4293
Seed 8 | Episode 107 | Reward -300.00 | Epsilon 0.4255
Seed 8 | Episode 108 | Reward 48.00 | Epsilon 0.4248
Seed 8 | Episode 109 | Reward -163.00 | Epsilon 0.4214
Seed 8 | Episode 110 | Reward -28.00 | Epsilon 0.4198
Seed 8 | Episode 111 | Reward -300.00 | Epsilon 0.4160
Seed 8 | Episode 112 | Reward -300.00 | Epsilon 0.4123
Seed 8 | Episode 113 | Reward -43.00 | Epsilon 0.4105
Seed 8 | Episode 114 | Reward -10.00 | Epsilon 0.4092
Seed 8 | Episode 115 | Reward -166.00 | Epsilon 0.4059
Seed 8 | Episode 116 | Reward -64.00 | Epsilon 0.4039
Seed 8 | Episode 117 | Reward 51.00 | Epsilon 0.4033
Seed 8 | Episode 118 | Reward -6.00 | Epsilon 0.4020
Seed 8 | Episode 119 | Reward -183.00 | Epsilon 0.3986
Seed 8 | Episode 120 | Reward 30.00 | Epsilon 0.3977
Seed 8 | Episode 121 | Reward 28.00 | Epsilon 0.3969
Seed 8 | Episode 122 | Reward 45.00 | Epsilon 0.3962
Seed 8 | Episode 123 | Reward 34.00 | Epsilon 0.3954
Seed 8 | Episode 124 | Reward -300.00 | Epsilon 0.3919
Seed 8 | Episode 125 | Reward 27.00 | Epsilon 0.3910
Seed 8 | Episode 126 | Reward 44.00 | Epsilon 0.3903
Seed 8 | Episode 127 | Reward 42.00 | Epsilon 0.3896
Seed 8 | Episode 128 | Reward 43.00 | Epsilon 0.3890
Seed 8 | Episode 129 | Reward -31.00 | Epsilon 0.3874
Seed 8 | Episode 130 | Reward 54.00 | Epsilon 0.3869
Seed 8 | Episode 131 | Reward 43.00 | Epsilon 0.3862
Seed 8 | Episode 132 | Reward 35.00 | Epsilon 0.3854
Seed 8 | Episode 133 | Reward 42.00 | Epsilon 0.3848
Seed 8 | Episode 134 | Reward 50.00 | Epsilon 0.3842
Seed 8 | Episode 135 | Reward -41.00 | Epsilon 0.3825
Seed 8 | Episode 136 | Reward -11.00 | Epsilon 0.3813
Seed 8 | Episode 137 | Reward 33.00 | Epsilon 0.3805
Seed 8 | Episode 138 | Reward 53.00 | Epsilon 0.3799
Seed 8 | Episode 139 | Reward -49.00 | Epsilon 0.3782
Seed 8 | Episode 140 | Reward -157.00 | Epsilon 0.3753
Seed 8 | Episode 141 | Reward -185.00 | Epsilon 0.3721
Seed 8 | Episode 142 | Reward -69.00 | Epsilon 0.3702
Seed 8 | Episode 143 | Reward 10.00 | Epsilon 0.3692
Seed 8 | Episode 144 | Reward -72.00 | Epsilon 0.3673
Seed 8 | Episode 145 | Reward -4.00 | Epsilon 0.3661
Seed 8 | Episode 146 | Reward 49.00 | Epsilon 0.3656
Seed 8 | Episode 147 | Reward 39.00 | Epsilon 0.3649
Seed 8 | Episode 148 | Reward 55.00 | Epsilon 0.3644
Seed 8 | Episode 149 | Reward 38.00 | Epsilon 0.3637
Seed 8 | Episode 150 | Reward 37.00 | Epsilon 0.3630
Seed 8 | Episode 151 | Reward -113.00 | Epsilon 0.3607
Seed 8 | Episode 152 | Reward 43.00 | Epsilon 0.3600
Seed 8 | Episode 153 | Reward 52.00 | Epsilon 0.3595
Seed 8 | Episode 154 | Reward -122.00 | Epsilon 0.3571
Seed 8 | Episode 155 | Reward -61.00 | Epsilon 0.3554
Seed 8 | Episode 156 | Reward 45.00 | Epsilon 0.3548
Seed 8 | Episode 157 | Reward 40.00 | Epsilon 0.3541
Seed 8 | Episode 158 | Reward 35.00 | Epsilon 0.3534
Seed 8 | Episode 159 | Reward -138.00 | Epsilon 0.3509
Seed 8 | Episode 160 | Reward 21.00 | Epsilon 0.3501
Seed 8 | Episode 161 | Reward -120.00 | Epsilon 0.3478
Seed 8 | Episode 162 | Reward -7.00 | Epsilon 0.3466
Seed 8 | Episode 163 | Reward 21.00 | Epsilon 0.3458
Seed 8 | Episode 164 | Reward 31.00 | Epsilon 0.3451
Seed 8 | Episode 165 | Reward -51.00 | Epsilon 0.3435
Seed 8 | Episode 166 | Reward 55.00 | Epsilon 0.3430
Seed 8 | Episode 167 | Reward 30.00 | Epsilon 0.3423
Seed 8 | Episode 168 | Reward 50.00 | Epsilon 0.3418
Seed 8 | Episode 169 | Reward -300.00 | Epsilon 0.3387
Seed 8 | Episode 170 | Reward 40.00 | Epsilon 0.3381
Seed 8 | Episode 171 | Reward 13.00 | Epsilon 0.3372
Seed 8 | Episode 172 | Reward 54.00 | Epsilon 0.3367
Seed 8 | Episode 173 | Reward 57.00 | Epsilon 0.3363
Seed 8 | Episode 174 | Reward -9.00 | Epsilon 0.3352
Seed 8 | Episode 175 | Reward -40.00 | Epsilon 0.3338
Seed 8 | Episode 176 | Reward -15.00 | Epsilon 0.3326
Seed 8 | Episode 177 | Reward 12.00 | Epsilon 0.3317
Seed 8 | Episode 178 | Reward 59.00 | Epsilon 0.3313
Seed 8 | Episode 179 | Reward 60.00 | Epsilon 0.3309
Seed 8 | Episode 180 | Reward 55.00 | Epsilon 0.3304
Seed 8 | Episode 181 | Reward 43.00 | Epsilon 0.3299
Seed 8 | Episode 182 | Reward -42.00 | Epsilon 0.3285
Seed 8 | Episode 183 | Reward 34.00 | Epsilon 0.3278
Seed 8 | Episode 184 | Reward 55.00 | Epsilon 0.3273
Seed 8 | Episode 185 | Reward 43.00 | Epsilon 0.3268
Seed 8 | Episode 186 | Reward 22.00 | Epsilon 0.3260
Seed 8 | Episode 187 | Reward 48.00 | Epsilon 0.3255
Seed 8 | Episode 188 | Reward 53.00 | Epsilon 0.3250
Seed 8 | Episode 189 | Reward -24.00 | Epsilon 0.3238
Seed 8 | Episode 190 | Reward 56.00 | Epsilon 0.3234
Seed 8 | Episode 191 | Reward -19.00 | Epsilon 0.3222
Seed 8 | Episode 192 | Reward 51.00 | Epsilon 0.3217
Seed 8 | Episode 193 | Reward 56.00 | Epsilon 0.3213
Seed 8 | Episode 194 | Reward -5.00 | Epsilon 0.3203
Seed 8 | Episode 195 | Reward 51.00 | Epsilon 0.3198
Seed 8 | Episode 196 | Reward 51.00 | Epsilon 0.3193
Seed 8 | Episode 197 | Reward 51.00 | Epsilon 0.3188
Seed 8 | Episode 198 | Reward -109.00 | Epsilon 0.3168
Seed 8 | Episode 199 | Reward 46.00 | Epsilon 0.3163
Seed 8 | Episode 200 | Reward 41.00 | Epsilon 0.3157
Seed 8 | Episode 201 | Reward -96.00 | Epsilon 0.3139
Seed 8 | Episode 202 | Reward 53.00 | Epsilon 0.3134
Seed 8 | Episode 203 | Reward 49.00 | Epsilon 0.3129
Seed 8 | Episode 204 | Reward 43.00 | Epsilon 0.3124
Seed 8 | Episode 205 | Reward -27.00 | Epsilon 0.3112
Seed 8 | Episode 206 | Reward 56.00 | Epsilon 0.3108
Seed 8 | Episode 207 | Reward -89.00 | Epsilon 0.3090
Seed 8 | Episode 208 | Reward 58.00 | Epsilon 0.3086
Seed 8 | Episode 209 | Reward -106.00 | Epsilon 0.3067
Seed 8 | Episode 210 | Reward 55.00 | Epsilon 0.3063
Seed 8 | Episode 211 | Reward 41.00 | Epsilon 0.3057
Seed 8 | Episode 212 | Reward -33.00 | Epsilon 0.3045
Seed 8 | Episode 213 | Reward 46.00 | Epsilon 0.3040
Seed 8 | Episode 214 | Reward -14.00 | Epsilon 0.3029
Seed 8 | Episode 215 | Reward -88.00 | Epsilon 0.3012
Seed 8 | Episode 216 | Reward 58.00 | Epsilon 0.3008
Seed 8 | Episode 217 | Reward 52.00 | Epsilon 0.3004
Seed 8 | Episode 218 | Reward 43.00 | Epsilon 0.2999
Seed 8 | Episode 219 | Reward 1.00 | Epsilon 0.2990
Seed 8 | Episode 220 | Reward 50.00 | Epsilon 0.2985
Seed 8 | Episode 221 | Reward -15.00 | Epsilon 0.2975
Seed 8 | Episode 222 | Reward -36.00 | Epsilon 0.2963
Seed 8 | Episode 223 | Reward 39.00 | Epsilon 0.2957
Seed 8 | Episode 224 | Reward 49.00 | Epsilon 0.2953
Seed 8 | Episode 225 | Reward -44.00 | Epsilon 0.2940
Seed 8 | Episode 226 | Reward 39.00 | Epsilon 0.2934
Seed 8 | Episode 227 | Reward 46.00 | Epsilon 0.2929
Seed 8 | Episode 228 | Reward 42.00 | Epsilon 0.2924
Seed 8 | Episode 229 | Reward 59.00 | Epsilon 0.2921
Seed 8 | Episode 230 | Reward -28.00 | Epsilon 0.2909
Seed 8 | Episode 231 | Reward 58.00 | Epsilon 0.2906
Seed 8 | Episode 232 | Reward 35.00 | Epsilon 0.2900
Seed 8 | Episode 233 | Reward 40.00 | Epsilon 0.2895
Seed 8 | Episode 234 | Reward 58.00 | Epsilon 0.2891
Seed 8 | Episode 235 | Reward -4.00 | Epsilon 0.2882
Seed 8 | Episode 236 | Reward -13.00 | Epsilon 0.2872
Seed 8 | Episode 237 | Reward -300.00 | Epsilon 0.2846
Seed 8 | Episode 238 | Reward 53.00 | Epsilon 0.2842
Seed 8 | Episode 239 | Reward 50.00 | Epsilon 0.2838
Seed 8 | Episode 240 | Reward 41.00 | Epsilon 0.2833
Seed 8 | Episode 241 | Reward 61.00 | Epsilon 0.2829
Seed 8 | Episode 242 | Reward 53.00 | Epsilon 0.2825
Seed 8 | Episode 243 | Reward 33.00 | Epsilon 0.2819
Seed 8 | Episode 244 | Reward 44.00 | Epsilon 0.2815
Seed 8 | Episode 245 | Reward -49.00 | Epsilon 0.2802
Seed 8 | Episode 246 | Reward 41.00 | Epsilon 0.2797
Seed 8 | Episode 247 | Reward 39.00 | Epsilon 0.2792
Seed 8 | Episode 248 | Reward 12.00 | Epsilon 0.2784
Seed 8 | Episode 249 | Reward 49.00 | Epsilon 0.2780
Seed 8 | Episode 250 | Reward 40.00 | Epsilon 0.2775
Seed 8 | Episode 251 | Reward 55.00 | Epsilon 0.2771
Seed 8 | Episode 252 | Reward 58.00 | Epsilon 0.2767
Seed 8 | Episode 253 | Reward 50.00 | Epsilon 0.2763
Seed 8 | Episode 254 | Reward 44.00 | Epsilon 0.2758
Seed 8 | Episode 255 | Reward 38.00 | Epsilon 0.2753
Seed 8 | Episode 256 | Reward 22.00 | Epsilon 0.2747
Seed 8 | Episode 257 | Reward 50.00 | Epsilon 0.2743
Seed 8 | Episode 258 | Reward 51.00 | Epsilon 0.2738
Seed 8 | Episode 259 | Reward 36.00 | Epsilon 0.2733
Seed 8 | Episode 260 | Reward 37.00 | Epsilon 0.2728
Seed 8 | Episode 261 | Reward 38.00 | Epsilon 0.2723
Seed 8 | Episode 262 | Reward 46.00 | Epsilon 0.2718
Seed 8 | Episode 263 | Reward 50.00 | Epsilon 0.2714
Seed 8 | Episode 264 | Reward 42.00 | Epsilon 0.2709
Seed 8 | Episode 265 | Reward 49.00 | Epsilon 0.2705
Seed 8 | Episode 266 | Reward 36.00 | Epsilon 0.2700
Seed 8 | Episode 267 | Reward 50.00 | Epsilon 0.2696
Seed 8 | Episode 268 | Reward 45.00 | Epsilon 0.2691
Seed 8 | Episode 269 | Reward 59.00 | Epsilon 0.2688
Seed 8 | Episode 270 | Reward 39.00 | Epsilon 0.2683
Seed 8 | Episode 271 | Reward 49.00 | Epsilon 0.2679
Seed 8 | Episode 272 | Reward 51.00 | Epsilon 0.2675
Seed 8 | Episode 273 | Reward 46.00 | Epsilon 0.2670
Seed 8 | Episode 274 | Reward 42.00 | Epsilon 0.2665
Seed 8 | Episode 275 | Reward 36.00 | Epsilon 0.2660
Seed 8 | Episode 276 | Reward 45.00 | Epsilon 0.2656
Seed 8 | Episode 277 | Reward 48.00 | Epsilon 0.2651
Seed 8 | Episode 278 | Reward 37.00 | Epsilon 0.2646
Seed 8 | Episode 279 | Reward 50.00 | Epsilon 0.2642
Seed 8 | Episode 280 | Reward 40.00 | Epsilon 0.2638
Seed 8 | Episode 281 | Reward 52.00 | Epsilon 0.2634
Seed 8 | Episode 282 | Reward 43.00 | Epsilon 0.2629
Seed 8 | Episode 283 | Reward 48.00 | Epsilon 0.2625
Seed 8 | Episode 284 | Reward 42.00 | Epsilon 0.2620
Seed 8 | Episode 285 | Reward 59.00 | Epsilon 0.2617
Seed 8 | Episode 286 | Reward -27.00 | Epsilon 0.2607
Seed 8 | Episode 287 | Reward 36.00 | Epsilon 0.2602
Seed 8 | Episode 288 | Reward 48.00 | Epsilon 0.2598
Seed 8 | Episode 289 | Reward 44.00 | Epsilon 0.2593
Seed 8 | Episode 290 | Reward 58.00 | Epsilon 0.2590
Seed 8 | Episode 291 | Reward -11.00 | Epsilon 0.2581
Seed 8 | Episode 292 | Reward 56.00 | Epsilon 0.2578
Seed 8 | Episode 293 | Reward 30.00 | Epsilon 0.2572
Seed 8 | Episode 294 | Reward 52.00 | Epsilon 0.2569
Seed 8 | Episode 295 | Reward 61.00 | Epsilon 0.2565
Seed 8 | Episode 296 | Reward 46.00 | Epsilon 0.2561
Seed 8 | Episode 297 | Reward 57.00 | Epsilon 0.2558
Seed 8 | Episode 298 | Reward 45.00 | Epsilon 0.2554
Seed 8 | Episode 299 | Reward 33.00 | Epsilon 0.2548
Seed 8 | Episode 300 | Reward 53.00 | Epsilon 0.2545
Seed 8 | Episode 301 | Reward 37.00 | Epsilon 0.2540
Seed 8 | Episode 302 | Reward 54.00 | Epsilon 0.2536
Seed 8 | Episode 303 | Reward 26.00 | Epsilon 0.2530
Seed 8 | Episode 304 | Reward 11.00 | Epsilon 0.2524
Seed 8 | Episode 305 | Reward 42.00 | Epsilon 0.2519
Seed 8 | Episode 306 | Reward 64.00 | Epsilon 0.2516
Seed 8 | Episode 307 | Reward 49.00 | Epsilon 0.2512
Seed 8 | Episode 308 | Reward 46.00 | Epsilon 0.2508
Seed 8 | Episode 309 | Reward 48.00 | Epsilon 0.2504
Seed 8 | Episode 310 | Reward 49.00 | Epsilon 0.2500
Seed 8 | Episode 311 | Reward 61.00 | Epsilon 0.2497
Seed 8 | Episode 312 | Reward 36.00 | Epsilon 0.2493
Seed 8 | Episode 313 | Reward 46.00 | Epsilon 0.2488
Seed 8 | Episode 314 | Reward 48.00 | Epsilon 0.2485
Seed 8 | Episode 315 | Reward 37.00 | Epsilon 0.2480
Seed 8 | Episode 316 | Reward 51.00 | Epsilon 0.2476
Seed 8 | Episode 317 | Reward 57.00 | Epsilon 0.2473
Seed 8 | Episode 318 | Reward 35.00 | Epsilon 0.2468
Seed 8 | Episode 319 | Reward 41.00 | Epsilon 0.2463
Seed 8 | Episode 320 | Reward 55.00 | Epsilon 0.2460
Seed 8 | Episode 321 | Reward 33.00 | Epsilon 0.2455
Seed 8 | Episode 322 | Reward 57.00 | Epsilon 0.2452
Seed 8 | Episode 323 | Reward 40.00 | Epsilon 0.2447
Seed 8 | Episode 324 | Reward 56.00 | Epsilon 0.2444
Seed 8 | Episode 325 | Reward 40.00 | Epsilon 0.2440
Seed 8 | Episode 326 | Reward 54.00 | Epsilon 0.2436
Seed 8 | Episode 327 | Reward 42.00 | Epsilon 0.2432
Seed 8 | Episode 328 | Reward -110.00 | Epsilon 0.2416
Seed 8 | Episode 329 | Reward 36.00 | Epsilon 0.2412
Seed 8 | Episode 330 | Reward 16.00 | Epsilon 0.2406
Seed 8 | Episode 331 | Reward 45.00 | Epsilon 0.2402
Seed 8 | Episode 332 | Reward 46.00 | Epsilon 0.2398
Seed 8 | Episode 333 | Reward 37.00 | Epsilon 0.2393
Seed 8 | Episode 334 | Reward 30.00 | Epsilon 0.2388
Seed 8 | Episode 335 | Reward -21.00 | Epsilon 0.2379
Seed 8 | Episode 336 | Reward 52.00 | Epsilon 0.2376
Seed 8 | Episode 337 | Reward 33.00 | Epsilon 0.2371
Seed 8 | Episode 338 | Reward 44.00 | Epsilon 0.2367
Seed 8 | Episode 339 | Reward -84.00 | Epsilon 0.2354
Seed 8 | Episode 340 | Reward 57.00 | Epsilon 0.2351
Seed 8 | Episode 341 | Reward 51.00 | Epsilon 0.2347
Seed 8 | Episode 342 | Reward 55.00 | Epsilon 0.2344
Seed 8 | Episode 343 | Reward 35.00 | Epsilon 0.2339
Seed 8 | Episode 344 | Reward 45.00 | Epsilon 0.2335
Seed 8 | Episode 345 | Reward 56.00 | Epsilon 0.2332
Seed 8 | Episode 346 | Reward 41.00 | Epsilon 0.2328
Seed 8 | Episode 347 | Reward 53.00 | Epsilon 0.2325
Seed 8 | Episode 348 | Reward 1.00 | Epsilon 0.2318
Seed 8 | Episode 349 | Reward 46.00 | Epsilon 0.2314
Seed 8 | Episode 350 | Reward 40.00 | Epsilon 0.2310
Seed 8 | Episode 351 | Reward 47.00 | Epsilon 0.2306
Seed 8 | Episode 352 | Reward 21.00 | Epsilon 0.2300
Seed 8 | Episode 353 | Reward 50.00 | Epsilon 0.2297
Seed 8 | Episode 354 | Reward 57.00 | Epsilon 0.2294
Seed 8 | Episode 355 | Reward 39.00 | Epsilon 0.2289
Seed 8 | Episode 356 | Reward 31.00 | Epsilon 0.2285
Seed 8 | Episode 357 | Reward 34.00 | Epsilon 0.2280
Seed 8 | Episode 358 | Reward 41.00 | Epsilon 0.2276
Seed 8 | Episode 359 | Reward -123.00 | Epsilon 0.2261
Seed 8 | Episode 360 | Reward 59.00 | Epsilon 0.2258
Seed 8 | Episode 361 | Reward 45.00 | Epsilon 0.2254
Seed 8 | Episode 362 | Reward 47.00 | Epsilon 0.2250
Seed 8 | Episode 363 | Reward 52.00 | Epsilon 0.2247
Seed 8 | Episode 364 | Reward 41.00 | Epsilon 0.2243
Seed 8 | Episode 365 | Reward 34.00 | Epsilon 0.2239
Seed 8 | Episode 366 | Reward 43.00 | Epsilon 0.2235
Seed 8 | Episode 367 | Reward 55.00 | Epsilon 0.2232
Seed 8 | Episode 368 | Reward 54.00 | Epsilon 0.2229
Seed 8 | Episode 369 | Reward 48.00 | Epsilon 0.2225
Seed 8 | Episode 370 | Reward 54.00 | Epsilon 0.2222
Seed 8 | Episode 371 | Reward -28.00 | Epsilon 0.2213
Seed 8 | Episode 372 | Reward 62.00 | Epsilon 0.2211
Seed 8 | Episode 373 | Reward -16.00 | Epsilon 0.2203
Seed 8 | Episode 374 | Reward 47.00 | Epsilon 0.2199
Seed 8 | Episode 375 | Reward 37.00 | Epsilon 0.2195
Seed 8 | Episode 376 | Reward 58.00 | Epsilon 0.2192
Seed 8 | Episode 377 | Reward -55.00 | Epsilon 0.2182
Seed 8 | Episode 378 | Reward 48.00 | Epsilon 0.2179
Seed 8 | Episode 379 | Reward 57.00 | Epsilon 0.2176
Seed 8 | Episode 380 | Reward 47.00 | Epsilon 0.2172
Seed 8 | Episode 381 | Reward 57.00 | Epsilon 0.2169
Seed 8 | Episode 382 | Reward 48.00 | Epsilon 0.2166
Seed 8 | Episode 383 | Reward 8.00 | Epsilon 0.2160
Seed 8 | Episode 384 | Reward 47.00 | Epsilon 0.2156
Seed 8 | Episode 385 | Reward 19.00 | Epsilon 0.2151
Seed 8 | Episode 386 | Reward 42.00 | Epsilon 0.2147
Seed 8 | Episode 387 | Reward 13.00 | Epsilon 0.2142
Seed 8 | Episode 388 | Reward 52.00 | Epsilon 0.2138
Seed 8 | Episode 389 | Reward 62.00 | Epsilon 0.2136
Seed 8 | Episode 390 | Reward 52.00 | Epsilon 0.2133
Seed 8 | Episode 391 | Reward 42.00 | Epsilon 0.2129
Seed 8 | Episode 392 | Reward 51.00 | Epsilon 0.2126
Seed 8 | Episode 393 | Reward 46.00 | Epsilon 0.2122
Seed 8 | Episode 394 | Reward 47.00 | Epsilon 0.2119
Seed 8 | Episode 395 | Reward 51.00 | Epsilon 0.2116
Seed 8 | Episode 396 | Reward 38.00 | Epsilon 0.2112
Seed 8 | Episode 397 | Reward 62.00 | Epsilon 0.2109
Seed 8 | Episode 398 | Reward 32.00 | Epsilon 0.2105
Seed 8 | Episode 399 | Reward 34.00 | Epsilon 0.2101
Seed 8 | Episode 400 | Reward 15.00 | Epsilon 0.2095
Seed 8 | Episode 401 | Reward 52.00 | Epsilon 0.2092
Seed 8 | Episode 402 | Reward 49.00 | Epsilon 0.2089
Seed 8 | Episode 403 | Reward 43.00 | Epsilon 0.2085
Seed 8 | Episode 404 | Reward 52.00 | Epsilon 0.2082
Seed 8 | Episode 405 | Reward 57.00 | Epsilon 0.2079
Seed 8 | Episode 406 | Reward 64.00 | Epsilon 0.2077
Seed 8 | Episode 407 | Reward 49.00 | Epsilon 0.2074
Seed 8 | Episode 408 | Reward 11.00 | Epsilon 0.2068
Seed 8 | Episode 409 | Reward 41.00 | Epsilon 0.2065
Seed 8 | Episode 410 | Reward 42.00 | Epsilon 0.2061
Seed 8 | Episode 411 | Reward 49.00 | Epsilon 0.2058
Seed 8 | Episode 412 | Reward 59.00 | Epsilon 0.2055
Seed 8 | Episode 413 | Reward 56.00 | Epsilon 0.2052
Seed 8 | Episode 414 | Reward 38.00 | Epsilon 0.2049
Seed 8 | Episode 415 | Reward 52.00 | Epsilon 0.2046
Seed 8 | Episode 416 | Reward 50.00 | Epsilon 0.2042
Seed 8 | Episode 417 | Reward 34.00 | Epsilon 0.2038
Seed 8 | Episode 418 | Reward -27.00 | Epsilon 0.2030
Seed 8 | Episode 419 | Reward 57.00 | Epsilon 0.2028
Seed 8 | Episode 420 | Reward 62.00 | Epsilon 0.2025
Seed 8 | Episode 421 | Reward 43.00 | Epsilon 0.2022
Seed 8 | Episode 422 | Reward 55.00 | Epsilon 0.2019
Seed 8 | Episode 423 | Reward 47.00 | Epsilon 0.2016
Seed 8 | Episode 424 | Reward 19.00 | Epsilon 0.2011
Seed 8 | Episode 425 | Reward 16.00 | Epsilon 0.2006
Seed 8 | Episode 426 | Reward 54.00 | Epsilon 0.2003
Seed 8 | Episode 427 | Reward 47.00 | Epsilon 0.2000
Seed 8 | Episode 428 | Reward 47.00 | Epsilon 0.1996
Seed 8 | Episode 429 | Reward 31.00 | Epsilon 0.1992
Seed 8 | Episode 430 | Reward 0.00 | Epsilon 0.1986
Seed 8 | Episode 431 | Reward 62.00 | Epsilon 0.1984
Seed 8 | Episode 432 | Reward 41.00 | Epsilon 0.1980
Seed 8 | Episode 433 | Reward 41.00 | Epsilon 0.1977
Seed 8 | Episode 434 | Reward -114.00 | Epsilon 0.1964
Seed 8 | Episode 435 | Reward 44.00 | Epsilon 0.1961
Seed 8 | Episode 436 | Reward 40.00 | Epsilon 0.1957
Seed 8 | Episode 437 | Reward 32.00 | Epsilon 0.1953
Seed 8 | Episode 438 | Reward 43.00 | Epsilon 0.1950
Seed 8 | Episode 439 | Reward 51.00 | Epsilon 0.1947
Seed 8 | Episode 440 | Reward 12.00 | Epsilon 0.1942
Seed 8 | Episode 441 | Reward 62.00 | Epsilon 0.1939
Seed 8 | Episode 442 | Reward 42.00 | Epsilon 0.1936
Seed 8 | Episode 443 | Reward 44.00 | Epsilon 0.1933
Seed 8 | Episode 444 | Reward 51.00 | Epsilon 0.1930
Seed 8 | Episode 445 | Reward 43.00 | Epsilon 0.1926
Seed 8 | Episode 446 | Reward -8.00 | Epsilon 0.1920
Seed 8 | Episode 447 | Reward 49.00 | Epsilon 0.1917
Seed 8 | Episode 448 | Reward -55.00 | Epsilon 0.1908
Seed 8 | Episode 449 | Reward 43.00 | Epsilon 0.1905
Seed 8 | Episode 450 | Reward 61.00 | Epsilon 0.1903
Seed 8 | Episode 451 | Reward 46.00 | Epsilon 0.1899
Seed 8 | Episode 452 | Reward 42.00 | Epsilon 0.1896
Seed 8 | Episode 453 | Reward -77.00 | Epsilon 0.1886
Seed 8 | Episode 454 | Reward 49.00 | Epsilon 0.1883
Seed 8 | Episode 455 | Reward 44.00 | Epsilon 0.1880
Seed 8 | Episode 456 | Reward 50.00 | Epsilon 0.1877
Seed 8 | Episode 457 | Reward 51.00 | Epsilon 0.1874
Seed 8 | Episode 458 | Reward 54.00 | Epsilon 0.1871
Seed 8 | Episode 459 | Reward 40.00 | Epsilon 0.1868
Seed 8 | Episode 460 | Reward 27.00 | Epsilon 0.1864
Seed 8 | Episode 461 | Reward 30.00 | Epsilon 0.1860
Seed 8 | Episode 462 | Reward 38.00 | Epsilon 0.1856
Seed 8 | Episode 463 | Reward 52.00 | Epsilon 0.1854
Seed 8 | Episode 464 | Reward -56.00 | Epsilon 0.1845
Seed 8 | Episode 465 | Reward 62.00 | Epsilon 0.1843
Seed 8 | Episode 466 | Reward 25.00 | Epsilon 0.1839
Seed 8 | Episode 467 | Reward 36.00 | Epsilon 0.1835
Seed 8 | Episode 468 | Reward 47.00 | Epsilon 0.1832
Seed 8 | Episode 469 | Reward -72.00 | Epsilon 0.1823
Seed 8 | Episode 470 | Reward 59.00 | Epsilon 0.1820
Seed 8 | Episode 471 | Reward 48.00 | Epsilon 0.1817
Seed 8 | Episode 472 | Reward 57.00 | Epsilon 0.1815
Seed 8 | Episode 473 | Reward -25.00 | Epsilon 0.1808
Seed 8 | Episode 474 | Reward 43.00 | Epsilon 0.1805
Seed 8 | Episode 475 | Reward 38.00 | Epsilon 0.1802
Seed 8 | Episode 476 | Reward 17.00 | Epsilon 0.1797
Seed 8 | Episode 477 | Reward 54.00 | Epsilon 0.1795
Seed 8 | Episode 478 | Reward -27.00 | Epsilon 0.1788
Seed 8 | Episode 479 | Reward 34.00 | Epsilon 0.1784
Seed 8 | Episode 480 | Reward -69.00 | Epsilon 0.1775
Seed 8 | Episode 481 | Reward 43.00 | Epsilon 0.1772
Seed 8 | Episode 482 | Reward 60.00 | Epsilon 0.1770
Seed 8 | Episode 483 | Reward 60.00 | Epsilon 0.1768
Seed 8 | Episode 484 | Reward 47.00 | Epsilon 0.1765
Seed 8 | Episode 485 | Reward 50.00 | Epsilon 0.1762
Seed 8 | Episode 486 | Reward 37.00 | Epsilon 0.1759
Seed 8 | Episode 487 | Reward 35.00 | Epsilon 0.1755
Seed 8 | Episode 488 | Reward 52.00 | Epsilon 0.1753
Seed 8 | Episode 489 | Reward -5.00 | Epsilon 0.1747
Seed 8 | Episode 490 | Reward 39.00 | Epsilon 0.1744
Seed 8 | Episode 491 | Reward 47.00 | Epsilon 0.1741
Seed 8 | Episode 492 | Reward 47.00 | Epsilon 0.1738
Seed 8 | Episode 493 | Reward -5.00 | Epsilon 0.1733
Seed 8 | Episode 494 | Reward 35.00 | Epsilon 0.1729
Seed 8 | Episode 495 | Reward 32.00 | Epsilon 0.1726
Seed 8 | Episode 496 | Reward 50.00 | Epsilon 0.1723
Seed 8 | Episode 497 | Reward 43.00 | Epsilon 0.1720
Seed 8 | Episode 498 | Reward 53.00 | Epsilon 0.1717
Seed 8 | Episode 499 | Reward -31.00 | Epsilon 0.1711
Seed 8 | Episode 500 | Reward 56.00 | Epsilon 0.1708
Seed 8 | Episode 501 | Reward 51.00 | Epsilon 0.1706
Seed 8 | Episode 502 | Reward 49.00 | Epsilon 0.1703
Seed 8 | Episode 503 | Reward 55.00 | Epsilon 0.1701
Seed 8 | Episode 504 | Reward 42.00 | Epsilon 0.1698
Seed 8 | Episode 505 | Reward 54.00 | Epsilon 0.1695
Seed 8 | Episode 506 | Reward 37.00 | Epsilon 0.1692
Seed 8 | Episode 507 | Reward 59.00 | Epsilon 0.1690
Seed 8 | Episode 508 | Reward 45.00 | Epsilon 0.1687
Seed 8 | Episode 509 | Reward 51.00 | Epsilon 0.1685
Seed 8 | Episode 510 | Reward 53.00 | Epsilon 0.1682
Seed 8 | Episode 511 | Reward 38.00 | Epsilon 0.1679
Seed 8 | Episode 512 | Reward 48.00 | Epsilon 0.1676
Seed 8 | Episode 513 | Reward 54.00 | Epsilon 0.1674
Seed 8 | Episode 514 | Reward 58.00 | Epsilon 0.1672
Seed 8 | Episode 515 | Reward 38.00 | Epsilon 0.1669
Seed 8 | Episode 516 | Reward 41.00 | Epsilon 0.1666
Seed 8 | Episode 517 | Reward 52.00 | Epsilon 0.1663
Seed 8 | Episode 518 | Reward 44.00 | Epsilon 0.1660
Seed 8 | Episode 519 | Reward -25.00 | Epsilon 0.1654
Seed 8 | Episode 520 | Reward 25.00 | Epsilon 0.1650
Seed 8 | Episode 521 | Reward 44.00 | Epsilon 0.1648
Seed 8 | Episode 522 | Reward 49.00 | Epsilon 0.1645
Seed 8 | Episode 523 | Reward 54.00 | Epsilon 0.1643
Seed 8 | Episode 524 | Reward 45.00 | Epsilon 0.1640
Seed 8 | Episode 525 | Reward 53.00 | Epsilon 0.1638
Seed 8 | Episode 526 | Reward 46.00 | Epsilon 0.1635
Seed 8 | Episode 527 | Reward 51.00 | Epsilon 0.1632
Seed 8 | Episode 528 | Reward 39.00 | Epsilon 0.1629
Seed 8 | Episode 529 | Reward 29.00 | Epsilon 0.1626
Seed 8 | Episode 530 | Reward 25.00 | Epsilon 0.1622
Seed 8 | Episode 531 | Reward 53.00 | Epsilon 0.1620
Seed 8 | Episode 532 | Reward 52.00 | Epsilon 0.1617
Seed 8 | Episode 533 | Reward 57.00 | Epsilon 0.1615
Seed 8 | Episode 534 | Reward -22.00 | Epsilon 0.1609
Seed 8 | Episode 535 | Reward 57.00 | Epsilon 0.1607
Seed 8 | Episode 536 | Reward 51.00 | Epsilon 0.1605
Seed 8 | Episode 537 | Reward 38.00 | Epsilon 0.1602
Seed 8 | Episode 538 | Reward 49.00 | Epsilon 0.1599
Seed 8 | Episode 539 | Reward 51.00 | Epsilon 0.1597
Seed 8 | Episode 540 | Reward 34.00 | Epsilon 0.1594
Seed 8 | Episode 541 | Reward 40.00 | Epsilon 0.1591
Seed 8 | Episode 542 | Reward 45.00 | Epsilon 0.1588
Seed 8 | Episode 543 | Reward 41.00 | Epsilon 0.1585
Seed 8 | Episode 544 | Reward -24.00 | Epsilon 0.1579
Seed 8 | Episode 545 | Reward 49.00 | Epsilon 0.1577
Seed 8 | Episode 546 | Reward 44.00 | Epsilon 0.1574
Seed 8 | Episode 547 | Reward 55.00 | Epsilon 0.1572
Seed 8 | Episode 548 | Reward 20.00 | Epsilon 0.1568
Seed 8 | Episode 549 | Reward 64.00 | Epsilon 0.1566
Seed 8 | Episode 550 | Reward 64.00 | Epsilon 0.1565
Seed 8 | Episode 551 | Reward 36.00 | Epsilon 0.1562
Seed 8 | Episode 552 | Reward 46.00 | Epsilon 0.1559
Seed 8 | Episode 553 | Reward 45.00 | Epsilon 0.1556
Seed 8 | Episode 554 | Reward -3.00 | Epsilon 0.1552
Seed 8 | Episode 555 | Reward -1.00 | Epsilon 0.1547
Seed 8 | Episode 556 | Reward 61.00 | Epsilon 0.1545
Seed 8 | Episode 557 | Reward 47.00 | Epsilon 0.1543
Seed 8 | Episode 558 | Reward 55.00 | Epsilon 0.1540
Seed 8 | Episode 559 | Reward 46.00 | Epsilon 0.1538
Seed 8 | Episode 560 | Reward 61.00 | Epsilon 0.1536
Seed 8 | Episode 561 | Reward 46.00 | Epsilon 0.1533
Seed 8 | Episode 562 | Reward 49.00 | Epsilon 0.1531
Seed 8 | Episode 563 | Reward 44.00 | Epsilon 0.1528
Seed 8 | Episode 564 | Reward 38.00 | Epsilon 0.1526
Seed 8 | Episode 565 | Reward 40.00 | Epsilon 0.1523
Seed 8 | Episode 566 | Reward 54.00 | Epsilon 0.1521
Seed 8 | Episode 567 | Reward 49.00 | Epsilon 0.1518
Seed 8 | Episode 568 | Reward 39.00 | Epsilon 0.1515
Seed 8 | Episode 569 | Reward 48.00 | Epsilon 0.1513
Seed 8 | Episode 570 | Reward 54.00 | Epsilon 0.1511
Seed 8 | Episode 571 | Reward 9.00 | Epsilon 0.1507
Seed 8 | Episode 572 | Reward 39.00 | Epsilon 0.1504
Seed 8 | Episode 573 | Reward 37.00 | Epsilon 0.1501
Seed 8 | Episode 574 | Reward -34.00 | Epsilon 0.1495
Seed 8 | Episode 575 | Reward 56.00 | Epsilon 0.1493
Seed 8 | Episode 576 | Reward 40.00 | Epsilon 0.1490
Seed 8 | Episode 577 | Reward 53.00 | Epsilon 0.1488
Seed 8 | Episode 578 | Reward 43.00 | Epsilon 0.1486
Seed 8 | Episode 579 | Reward 60.00 | Epsilon 0.1484
Seed 8 | Episode 580 | Reward 44.00 | Epsilon 0.1481
Seed 8 | Episode 581 | Reward 49.00 | Epsilon 0.1479
Seed 8 | Episode 582 | Reward -91.00 | Epsilon 0.1470
Seed 8 | Episode 583 | Reward -1.00 | Epsilon 0.1466
Seed 8 | Episode 584 | Reward 55.00 | Epsilon 0.1464
Seed 8 | Episode 585 | Reward 56.00 | Epsilon 0.1462
Seed 8 | Episode 586 | Reward 21.00 | Epsilon 0.1458
Seed 8 | Episode 587 | Reward 50.00 | Epsilon 0.1456
Seed 8 | Episode 588 | Reward 51.00 | Epsilon 0.1454
Seed 8 | Episode 589 | Reward 47.00 | Epsilon 0.1452
Seed 8 | Episode 590 | Reward 55.00 | Epsilon 0.1450
Seed 8 | Episode 591 | Reward 49.00 | Epsilon 0.1447
Seed 8 | Episode 592 | Reward 45.00 | Epsilon 0.1445
Seed 8 | Episode 593 | Reward 52.00 | Epsilon 0.1443
Seed 8 | Episode 594 | Reward 35.00 | Epsilon 0.1440
Seed 8 | Episode 595 | Reward 49.00 | Epsilon 0.1438
Seed 8 | Episode 596 | Reward 60.00 | Epsilon 0.1436
Seed 8 | Episode 597 | Reward 38.00 | Epsilon 0.1433
Seed 8 | Episode 598 | Reward 52.00 | Epsilon 0.1431
Seed 8 | Episode 599 | Reward 52.00 | Epsilon 0.1429
Seed 8 | Episode 600 | Reward 49.00 | Epsilon 0.1427
Seed 8 | Episode 601 | Reward 58.00 | Epsilon 0.1425
Seed 8 | Episode 602 | Reward 43.00 | Epsilon 0.1422
Seed 8 | Episode 603 | Reward 33.00 | Epsilon 0.1420
Seed 8 | Episode 604 | Reward 48.00 | Epsilon 0.1417
Seed 8 | Episode 605 | Reward 43.00 | Epsilon 0.1415
Seed 8 | Episode 606 | Reward 54.00 | Epsilon 0.1413
Seed 8 | Episode 607 | Reward 49.00 | Epsilon 0.1411
Seed 8 | Episode 608 | Reward 59.00 | Epsilon 0.1409
Seed 8 | Episode 609 | Reward 41.00 | Epsilon 0.1406
Seed 8 | Episode 610 | Reward 62.00 | Epsilon 0.1405
Seed 8 | Episode 611 | Reward 42.00 | Epsilon 0.1402
Seed 8 | Episode 612 | Reward 26.00 | Epsilon 0.1399
Seed 8 | Episode 613 | Reward 36.00 | Epsilon 0.1396
Seed 8 | Episode 614 | Reward 33.00 | Epsilon 0.1393
Seed 8 | Episode 615 | Reward 35.00 | Epsilon 0.1391
Seed 8 | Episode 616 | Reward 40.00 | Epsilon 0.1388
Seed 8 | Episode 617 | Reward 59.00 | Epsilon 0.1386
Seed 8 | Episode 618 | Reward 44.00 | Epsilon 0.1384
Seed 8 | Episode 619 | Reward 44.00 | Epsilon 0.1382
Seed 8 | Episode 620 | Reward 50.00 | Epsilon 0.1380
Seed 8 | Episode 621 | Reward 57.00 | Epsilon 0.1378
Seed 8 | Episode 622 | Reward 55.00 | Epsilon 0.1376
Seed 8 | Episode 623 | Reward 52.00 | Epsilon 0.1374
Seed 8 | Episode 624 | Reward 29.00 | Epsilon 0.1371
Seed 8 | Episode 625 | Reward 48.00 | Epsilon 0.1369
Seed 8 | Episode 626 | Reward 41.00 | Epsilon 0.1366
Seed 8 | Episode 627 | Reward 52.00 | Epsilon 0.1364
Seed 8 | Episode 628 | Reward 50.00 | Epsilon 0.1362
Seed 8 | Episode 629 | Reward 44.00 | Epsilon 0.1360
Seed 8 | Episode 630 | Reward 58.00 | Epsilon 0.1358
Seed 8 | Episode 631 | Reward 48.00 | Epsilon 0.1356
Seed 8 | Episode 632 | Reward 57.00 | Epsilon 0.1354
Seed 8 | Episode 633 | Reward 63.00 | Epsilon 0.1353
Seed 8 | Episode 634 | Reward 42.00 | Epsilon 0.1350
Seed 8 | Episode 635 | Reward 42.00 | Epsilon 0.1348
Seed 8 | Episode 636 | Reward 43.00 | Epsilon 0.1345
Seed 8 | Episode 637 | Reward 63.00 | Epsilon 0.1344
Seed 8 | Episode 638 | Reward 13.00 | Epsilon 0.1340
Seed 8 | Episode 639 | Reward 60.00 | Epsilon 0.1339
Seed 8 | Episode 640 | Reward 46.00 | Epsilon 0.1337
Seed 8 | Episode 641 | Reward 57.00 | Epsilon 0.1335
Seed 8 | Episode 642 | Reward 50.00 | Epsilon 0.1333
Seed 8 | Episode 643 | Reward 53.00 | Epsilon 0.1331
Seed 8 | Episode 644 | Reward 46.00 | Epsilon 0.1329
Seed 8 | Episode 645 | Reward 12.00 | Epsilon 0.1325
Seed 8 | Episode 646 | Reward -164.00 | Epsilon 0.1315
Seed 8 | Episode 647 | Reward 44.00 | Epsilon 0.1312
Seed 8 | Episode 648 | Reward 42.00 | Epsilon 0.1310
Seed 8 | Episode 649 | Reward 51.00 | Epsilon 0.1308
Seed 8 | Episode 650 | Reward 42.00 | Epsilon 0.1306
Seed 8 | Episode 651 | Reward -12.00 | Epsilon 0.1301
Seed 8 | Episode 652 | Reward 58.00 | Epsilon 0.1300
Seed 8 | Episode 653 | Reward 56.00 | Epsilon 0.1298
Seed 8 | Episode 654 | Reward 55.00 | Epsilon 0.1296
Seed 8 | Episode 655 | Reward 61.00 | Epsilon 0.1295
Seed 8 | Episode 656 | Reward 44.00 | Epsilon 0.1292
Seed 8 | Episode 657 | Reward 44.00 | Epsilon 0.1290
Seed 8 | Episode 658 | Reward 4.00 | Epsilon 0.1286
Seed 8 | Episode 659 | Reward 51.00 | Epsilon 0.1284
Seed 8 | Episode 660 | Reward 45.00 | Epsilon 0.1282
Seed 8 | Episode 661 | Reward 4.00 | Epsilon 0.1279
Seed 8 | Episode 662 | Reward 56.00 | Epsilon 0.1277
Seed 8 | Episode 663 | Reward 52.00 | Epsilon 0.1275
Seed 8 | Episode 664 | Reward 27.00 | Epsilon 0.1272
Seed 8 | Episode 665 | Reward 56.00 | Epsilon 0.1270
Seed 8 | Episode 666 | Reward 42.00 | Epsilon 0.1268
Seed 8 | Episode 667 | Reward 57.00 | Epsilon 0.1266
Seed 8 | Episode 668 | Reward 28.00 | Epsilon 0.1264
Seed 8 | Episode 669 | Reward 47.00 | Epsilon 0.1262
Seed 8 | Episode 670 | Reward -197.00 | Epsilon 0.1250
Seed 8 | Episode 671 | Reward 57.00 | Epsilon 0.1249
Seed 8 | Episode 672 | Reward 64.00 | Epsilon 0.1247
Seed 8 | Episode 673 | Reward 45.00 | Epsilon 0.1245
Seed 8 | Episode 674 | Reward 21.00 | Epsilon 0.1242
Seed 8 | Episode 675 | Reward 35.00 | Epsilon 0.1240
Seed 8 | Episode 676 | Reward 58.00 | Epsilon 0.1238
Seed 8 | Episode 677 | Reward 36.00 | Epsilon 0.1236
Seed 8 | Episode 678 | Reward 42.00 | Epsilon 0.1234
Seed 8 | Episode 679 | Reward 44.00 | Epsilon 0.1232
Seed 8 | Episode 680 | Reward 52.00 | Epsilon 0.1230
Seed 8 | Episode 681 | Reward 28.00 | Epsilon 0.1227
Seed 8 | Episode 682 | Reward 44.00 | Epsilon 0.1225
Seed 8 | Episode 683 | Reward 18.00 | Epsilon 0.1222
Seed 8 | Episode 684 | Reward 59.00 | Epsilon 0.1220
Seed 8 | Episode 685 | Reward -39.00 | Epsilon 0.1215
Seed 8 | Episode 686 | Reward 37.00 | Epsilon 0.1213
Seed 8 | Episode 687 | Reward 53.00 | Epsilon 0.1211
Seed 8 | Episode 688 | Reward 40.00 | Epsilon 0.1209
Seed 8 | Episode 689 | Reward 47.00 | Epsilon 0.1207
Seed 8 | Episode 690 | Reward 60.00 | Epsilon 0.1206
Seed 8 | Episode 691 | Reward 12.00 | Epsilon 0.1202
Seed 8 | Episode 692 | Reward 38.00 | Epsilon 0.1200
Seed 8 | Episode 693 | Reward 48.00 | Epsilon 0.1198
Seed 8 | Episode 694 | Reward 37.00 | Epsilon 0.1196
Seed 8 | Episode 695 | Reward 53.00 | Epsilon 0.1194
Seed 8 | Episode 696 | Reward 54.00 | Epsilon 0.1192
Seed 8 | Episode 697 | Reward 64.00 | Epsilon 0.1191
Seed 8 | Episode 698 | Reward 38.00 | Epsilon 0.1189
Seed 8 | Episode 699 | Reward 37.00 | Epsilon 0.1187
Seed 8 | Episode 700 | Reward 42.00 | Epsilon 0.1184
Seed 8 | Episode 701 | Reward 30.00 | Epsilon 0.1182
Seed 8 | Episode 702 | Reward 46.00 | Epsilon 0.1180
Seed 8 | Episode 703 | Reward -2.00 | Epsilon 0.1176
Seed 8 | Episode 704 | Reward 56.00 | Epsilon 0.1175
Seed 8 | Episode 705 | Reward -42.00 | Epsilon 0.1170
Seed 8 | Episode 706 | Reward 55.00 | Epsilon 0.1168
Seed 8 | Episode 707 | Reward 51.00 | Epsilon 0.1166
Seed 8 | Episode 708 | Reward 50.00 | Epsilon 0.1165
Seed 8 | Episode 709 | Reward 57.00 | Epsilon 0.1163
Seed 8 | Episode 710 | Reward 45.00 | Epsilon 0.1161
Seed 8 | Episode 711 | Reward 57.00 | Epsilon 0.1160
Seed 8 | Episode 712 | Reward 52.00 | Epsilon 0.1158
Seed 8 | Episode 713 | Reward 51.00 | Epsilon 0.1156
Seed 8 | Episode 714 | Reward 45.00 | Epsilon 0.1154
Seed 8 | Episode 715 | Reward 57.00 | Epsilon 0.1153
Seed 8 | Episode 716 | Reward 25.00 | Epsilon 0.1150
Seed 8 | Episode 717 | Reward -56.00 | Epsilon 0.1145
Seed 8 | Episode 718 | Reward -31.00 | Epsilon 0.1140
Seed 8 | Episode 719 | Reward 48.00 | Epsilon 0.1138
Seed 8 | Episode 720 | Reward -50.00 | Epsilon 0.1133
Seed 8 | Episode 721 | Reward 45.00 | Epsilon 0.1131
Seed 8 | Episode 722 | Reward -9.00 | Epsilon 0.1128
Seed 8 | Episode 723 | Reward 35.00 | Epsilon 0.1125
Seed 8 | Episode 724 | Reward 49.00 | Epsilon 0.1124
Seed 8 | Episode 725 | Reward -93.00 | Epsilon 0.1117
Seed 8 | Episode 726 | Reward 47.00 | Epsilon 0.1115
Seed 8 | Episode 727 | Reward 58.00 | Epsilon 0.1114
Seed 8 | Episode 728 | Reward 47.00 | Epsilon 0.1112
Seed 8 | Episode 729 | Reward 58.00 | Epsilon 0.1111
Seed 8 | Episode 730 | Reward 63.00 | Epsilon 0.1109
Seed 8 | Episode 731 | Reward 51.00 | Epsilon 0.1108
Seed 8 | Episode 732 | Reward 50.00 | Epsilon 0.1106
Seed 8 | Episode 733 | Reward 40.00 | Epsilon 0.1104
Seed 8 | Episode 734 | Reward 57.00 | Epsilon 0.1102
Seed 8 | Episode 735 | Reward 53.00 | Epsilon 0.1101
Seed 8 | Episode 736 | Reward 49.00 | Epsilon 0.1099
Seed 8 | Episode 737 | Reward 28.00 | Epsilon 0.1097
Seed 8 | Episode 738 | Reward -65.00 | Epsilon 0.1091
Seed 8 | Episode 739 | Reward 5.00 | Epsilon 0.1088
Seed 8 | Episode 740 | Reward 49.00 | Epsilon 0.1086
Seed 8 | Episode 741 | Reward 40.00 | Epsilon 0.1084
Seed 8 | Episode 742 | Reward 44.00 | Epsilon 0.1083
Seed 8 | Episode 743 | Reward 51.00 | Epsilon 0.1081
Seed 8 | Episode 744 | Reward 6.00 | Epsilon 0.1078
Seed 8 | Episode 745 | Reward 61.00 | Epsilon 0.1077
Seed 8 | Episode 746 | Reward -136.00 | Epsilon 0.1069
Seed 8 | Episode 747 | Reward -128.00 | Epsilon 0.1062
Seed 8 | Episode 748 | Reward 45.00 | Epsilon 0.1060
Seed 8 | Episode 749 | Reward 38.00 | Epsilon 0.1058
Seed 8 | Episode 750 | Reward 53.00 | Epsilon 0.1056
Seed 8 | Episode 751 | Reward 63.00 | Epsilon 0.1055
Seed 8 | Episode 752 | Reward 59.00 | Epsilon 0.1054
Seed 8 | Episode 753 | Reward 61.00 | Epsilon 0.1053
Seed 8 | Episode 754 | Reward -50.00 | Epsilon 0.1048
Seed 8 | Episode 755 | Reward 56.00 | Epsilon 0.1046
Seed 8 | Episode 756 | Reward 28.00 | Epsilon 0.1044
Seed 8 | Episode 757 | Reward 39.00 | Epsilon 0.1042
Seed 8 | Episode 758 | Reward 56.00 | Epsilon 0.1041
Seed 8 | Episode 759 | Reward -175.00 | Epsilon 0.1032
Seed 8 | Episode 760 | Reward 62.00 | Epsilon 0.1031
Seed 8 | Episode 761 | Reward 44.00 | Epsilon 0.1029
Seed 8 | Episode 762 | Reward 20.00 | Epsilon 0.1027
Seed 8 | Episode 763 | Reward 45.00 | Epsilon 0.1025
Seed 8 | Episode 764 | Reward 49.00 | Epsilon 0.1023
Seed 8 | Episode 765 | Reward 45.00 | Epsilon 0.1022
Seed 8 | Episode 766 | Reward 27.00 | Epsilon 0.1019
Seed 8 | Episode 767 | Reward 52.00 | Epsilon 0.1018
Seed 8 | Episode 768 | Reward 60.00 | Epsilon 0.1017
Seed 8 | Episode 769 | Reward 58.00 | Epsilon 0.1015
Seed 8 | Episode 770 | Reward 49.00 | Epsilon 0.1014
Seed 8 | Episode 771 | Reward 51.00 | Epsilon 0.1012
Seed 8 | Episode 772 | Reward 55.00 | Epsilon 0.1011
Seed 8 | Episode 773 | Reward 53.00 | Epsilon 0.1009
Seed 8 | Episode 774 | Reward 56.00 | Epsilon 0.1008
Seed 8 | Episode 775 | Reward 53.00 | Epsilon 0.1007
Seed 8 | Episode 776 | Reward 59.00 | Epsilon 0.1005
Seed 8 | Episode 777 | Reward 50.00 | Epsilon 0.1004
Seed 8 | Episode 778 | Reward 49.00 | Epsilon 0.1002
Seed 8 | Episode 779 | Reward 42.00 | Epsilon 0.1000
Seed 8 | Episode 780 | Reward 53.00 | Epsilon 0.0999
Seed 8 | Episode 781 | Reward 49.00 | Epsilon 0.0997
Seed 8 | Episode 782 | Reward 56.00 | Epsilon 0.0996
Seed 8 | Episode 783 | Reward 63.00 | Epsilon 0.0995
Seed 8 | Episode 784 | Reward 45.00 | Epsilon 0.0993
Seed 8 | Episode 785 | Reward 46.00 | Epsilon 0.0992
Seed 8 | Episode 786 | Reward 46.00 | Epsilon 0.0990
Seed 8 | Episode 787 | Reward 55.00 | Epsilon 0.0989
Seed 8 | Episode 788 | Reward -3.00 | Epsilon 0.0986
Seed 8 | Episode 789 | Reward 52.00 | Epsilon 0.0984
Seed 8 | Episode 790 | Reward 45.00 | Epsilon 0.0983
Seed 8 | Episode 791 | Reward 45.00 | Epsilon 0.0981
Seed 8 | Episode 792 | Reward 54.00 | Epsilon 0.0979
Seed 8 | Episode 793 | Reward 37.00 | Epsilon 0.0978
Seed 8 | Episode 794 | Reward 47.00 | Epsilon 0.0976
Seed 8 | Episode 795 | Reward -92.00 | Epsilon 0.0970
Seed 8 | Episode 796 | Reward 55.00 | Epsilon 0.0969
Seed 8 | Episode 797 | Reward 61.00 | Epsilon 0.0968
Seed 8 | Episode 798 | Reward 4.00 | Epsilon 0.0965
Seed 8 | Episode 799 | Reward 49.00 | Epsilon 0.0964
Seed 8 | Episode 800 | Reward 48.00 | Epsilon 0.0962
Seed 8 | Episode 801 | Reward 51.00 | Epsilon 0.0961
Seed 8 | Episode 802 | Reward -58.00 | Epsilon 0.0956
Seed 8 | Episode 803 | Reward 62.00 | Epsilon 0.0955
Seed 8 | Episode 804 | Reward 65.00 | Epsilon 0.0954
Seed 8 | Episode 805 | Reward 60.00 | Epsilon 0.0953
Seed 8 | Episode 806 | Reward 45.00 | Epsilon 0.0951
Seed 8 | Episode 807 | Reward 43.00 | Epsilon 0.0949
Seed 8 | Episode 808 | Reward 47.00 | Epsilon 0.0948
Seed 8 | Episode 809 | Reward 45.00 | Epsilon 0.0946
Seed 8 | Episode 810 | Reward 54.00 | Epsilon 0.0945
Seed 8 | Episode 811 | Reward 52.00 | Epsilon 0.0944
Seed 8 | Episode 812 | Reward 33.00 | Epsilon 0.0942
Seed 8 | Episode 813 | Reward 55.00 | Epsilon 0.0940
Seed 8 | Episode 814 | Reward 55.00 | Epsilon 0.0939
Seed 8 | Episode 815 | Reward 34.00 | Epsilon 0.0937
Seed 8 | Episode 816 | Reward 61.00 | Epsilon 0.0936
Seed 8 | Episode 817 | Reward 44.00 | Epsilon 0.0934
Seed 8 | Episode 818 | Reward -300.00 | Epsilon 0.0926
Seed 8 | Episode 819 | Reward 45.00 | Epsilon 0.0925
Seed 8 | Episode 820 | Reward 64.00 | Epsilon 0.0924
Seed 8 | Episode 821 | Reward -37.00 | Epsilon 0.0920
Seed 8 | Episode 822 | Reward -114.00 | Epsilon 0.0914
Seed 8 | Episode 823 | Reward -8.00 | Epsilon 0.0911
Seed 8 | Episode 824 | Reward 57.00 | Epsilon 0.0910
Seed 8 | Episode 825 | Reward 35.00 | Epsilon 0.0908
Seed 8 | Episode 826 | Reward -300.00 | Epsilon 0.0900
Seed 8 | Episode 827 | Reward -117.00 | Epsilon 0.0894
Seed 8 | Episode 828 | Reward 53.00 | Epsilon 0.0893
Seed 8 | Episode 829 | Reward -64.00 | Epsilon 0.0888
Seed 8 | Episode 830 | Reward 49.00 | Epsilon 0.0887
Seed 8 | Episode 831 | Reward -165.00 | Epsilon 0.0880
Seed 8 | Episode 832 | Reward -199.00 | Epsilon 0.0872
Seed 8 | Episode 833 | Reward 40.00 | Epsilon 0.0870
Seed 8 | Episode 834 | Reward 65.00 | Epsilon 0.0869
Seed 8 | Episode 835 | Reward 30.00 | Epsilon 0.0867
Seed 8 | Episode 836 | Reward -300.00 | Epsilon 0.0860
Seed 8 | Episode 837 | Reward -300.00 | Epsilon 0.0852
Seed 8 | Episode 838 | Reward -25.00 | Epsilon 0.0849
Seed 8 | Episode 839 | Reward 41.00 | Epsilon 0.0847
Seed 8 | Episode 840 | Reward 50.00 | Epsilon 0.0846
Seed 8 | Episode 841 | Reward 61.00 | Epsilon 0.0845
Seed 8 | Episode 842 | Reward 50.00 | Epsilon 0.0844
Seed 8 | Episode 843 | Reward 48.00 | Epsilon 0.0842
Seed 8 | Episode 844 | Reward 53.00 | Epsilon 0.0841
Seed 8 | Episode 845 | Reward -300.00 | Epsilon 0.0834
Seed 8 | Episode 846 | Reward 48.00 | Epsilon 0.0832
Seed 8 | Episode 847 | Reward 56.00 | Epsilon 0.0831
Seed 8 | Episode 848 | Reward -300.00 | Epsilon 0.0824
Seed 8 | Episode 849 | Reward 33.00 | Epsilon 0.0822
Seed 8 | Episode 850 | Reward -24.00 | Epsilon 0.0819
Seed 8 | Episode 851 | Reward 51.00 | Epsilon 0.0818
Seed 8 | Episode 852 | Reward 63.00 | Epsilon 0.0817
Seed 8 | Episode 853 | Reward -300.00 | Epsilon 0.0809
Seed 8 | Episode 854 | Reward 51.00 | Epsilon 0.0808
Seed 8 | Episode 855 | Reward -111.00 | Epsilon 0.0803
Seed 8 | Episode 856 | Reward 47.00 | Epsilon 0.0802
Seed 8 | Episode 857 | Reward -110.00 | Epsilon 0.0797
Seed 8 | Episode 858 | Reward -90.00 | Epsilon 0.0792
Seed 8 | Episode 859 | Reward 54.00 | Epsilon 0.0791
Seed 8 | Episode 860 | Reward 37.00 | Epsilon 0.0790
Seed 8 | Episode 861 | Reward 39.00 | Epsilon 0.0788
Seed 8 | Episode 862 | Reward 32.00 | Epsilon 0.0786
Seed 8 | Episode 863 | Reward -28.00 | Epsilon 0.0783
Seed 8 | Episode 864 | Reward 31.00 | Epsilon 0.0782
Seed 8 | Episode 865 | Reward 48.00 | Epsilon 0.0780
Seed 8 | Episode 866 | Reward -49.00 | Epsilon 0.0777
Seed 8 | Episode 867 | Reward -300.00 | Epsilon 0.0770
Seed 8 | Episode 868 | Reward 57.00 | Epsilon 0.0769
Seed 8 | Episode 869 | Reward -6.00 | Epsilon 0.0767
Seed 8 | Episode 870 | Reward 2.00 | Epsilon 0.0764
Seed 8 | Episode 871 | Reward 64.00 | Epsilon 0.0763
Seed 8 | Episode 872 | Reward 56.00 | Epsilon 0.0762
Seed 8 | Episode 873 | Reward 58.00 | Epsilon 0.0761
Seed 8 | Episode 874 | Reward 54.00 | Epsilon 0.0760
Seed 8 | Episode 875 | Reward -16.00 | Epsilon 0.0758
Seed 8 | Episode 876 | Reward 59.00 | Epsilon 0.0757
Seed 8 | Episode 877 | Reward 44.00 | Epsilon 0.0755
Seed 8 | Episode 878 | Reward 47.00 | Epsilon 0.0754
Seed 8 | Episode 879 | Reward -300.00 | Epsilon 0.0747
Seed 8 | Episode 880 | Reward 39.00 | Epsilon 0.0746
Seed 8 | Episode 881 | Reward -133.00 | Epsilon 0.0741
Seed 8 | Episode 882 | Reward 36.00 | Epsilon 0.0739
Seed 8 | Episode 883 | Reward 62.00 | Epsilon 0.0739
Seed 8 | Episode 884 | Reward -43.00 | Epsilon 0.0735
Seed 8 | Episode 885 | Reward 58.00 | Epsilon 0.0734
Seed 8 | Episode 886 | Reward 60.00 | Epsilon 0.0733
Seed 8 | Episode 887 | Reward 39.00 | Epsilon 0.0732
Seed 8 | Episode 888 | Reward 62.00 | Epsilon 0.0731
Seed 8 | Episode 889 | Reward -300.00 | Epsilon 0.0725
Seed 8 | Episode 890 | Reward 59.00 | Epsilon 0.0724
Seed 8 | Episode 891 | Reward 31.00 | Epsilon 0.0722
Seed 8 | Episode 892 | Reward 53.00 | Epsilon 0.0721
Seed 8 | Episode 893 | Reward 61.00 | Epsilon 0.0720
Seed 8 | Episode 894 | Reward 36.00 | Epsilon 0.0719
Seed 8 | Episode 895 | Reward -127.00 | Epsilon 0.0714
Seed 8 | Episode 896 | Reward 62.00 | Epsilon 0.0713
Seed 8 | Episode 897 | Reward 63.00 | Epsilon 0.0712
Seed 8 | Episode 898 | Reward 61.00 | Epsilon 0.0712
Seed 8 | Episode 899 | Reward -300.00 | Epsilon 0.0705
Seed 8 | Episode 900 | Reward -50.00 | Epsilon 0.0702
Seed 8 | Episode 901 | Reward 63.00 | Epsilon 0.0701
Seed 8 | Episode 902 | Reward 54.00 | Epsilon 0.0700
Seed 8 | Episode 903 | Reward 26.00 | Epsilon 0.0699
Seed 8 | Episode 904 | Reward 41.00 | Epsilon 0.0697
Seed 8 | Episode 905 | Reward 53.00 | Epsilon 0.0696
Seed 8 | Episode 906 | Reward 60.00 | Epsilon 0.0696
Seed 8 | Episode 907 | Reward 24.00 | Epsilon 0.0694
Seed 8 | Episode 908 | Reward 52.00 | Epsilon 0.0693
Seed 8 | Episode 909 | Reward 60.00 | Epsilon 0.0692
Seed 8 | Episode 910 | Reward 63.00 | Epsilon 0.0691
Seed 8 | Episode 911 | Reward 45.00 | Epsilon 0.0690
Seed 8 | Episode 912 | Reward -111.00 | Epsilon 0.0686
Seed 8 | Episode 913 | Reward -300.00 | Epsilon 0.0680
Seed 8 | Episode 914 | Reward 19.00 | Epsilon 0.0678
Seed 8 | Episode 915 | Reward 54.00 | Epsilon 0.0677
Seed 8 | Episode 916 | Reward 51.00 | Epsilon 0.0676
Seed 8 | Episode 917 | Reward 47.00 | Epsilon 0.0675
Seed 8 | Episode 918 | Reward -165.00 | Epsilon 0.0669
Seed 8 | Episode 919 | Reward 61.00 | Epsilon 0.0669
Seed 8 | Episode 920 | Reward 50.00 | Epsilon 0.0668
Seed 8 | Episode 921 | Reward -26.00 | Epsilon 0.0665
Seed 8 | Episode 922 | Reward 51.00 | Epsilon 0.0664
Seed 8 | Episode 923 | Reward 44.00 | Epsilon 0.0663
Seed 8 | Episode 924 | Reward -36.00 | Epsilon 0.0660
Seed 8 | Episode 925 | Reward 63.00 | Epsilon 0.0660
Seed 8 | Episode 926 | Reward 45.00 | Epsilon 0.0658
Seed 8 | Episode 927 | Reward 28.00 | Epsilon 0.0657
Seed 8 | Episode 928 | Reward 39.00 | Epsilon 0.0656
Seed 8 | Episode 929 | Reward 56.00 | Epsilon 0.0655
Seed 8 | Episode 930 | Reward 51.00 | Epsilon 0.0654
Seed 8 | Episode 931 | Reward -164.00 | Epsilon 0.0649
Seed 8 | Episode 932 | Reward -12.00 | Epsilon 0.0647
Seed 8 | Episode 933 | Reward 56.00 | Epsilon 0.0646
Seed 8 | Episode 934 | Reward 48.00 | Epsilon 0.0645
Seed 8 | Episode 935 | Reward 53.00 | Epsilon 0.0644
Seed 8 | Episode 936 | Reward -5.00 | Epsilon 0.0642
Seed 8 | Episode 937 | Reward 50.00 | Epsilon 0.0641
Seed 8 | Episode 938 | Reward 56.00 | Epsilon 0.0640
Seed 8 | Episode 939 | Reward 53.00 | Epsilon 0.0639
Seed 8 | Episode 940 | Reward 62.00 | Epsilon 0.0638
Seed 8 | Episode 941 | Reward 54.00 | Epsilon 0.0637
Seed 8 | Episode 942 | Reward 60.00 | Epsilon 0.0636
Seed 8 | Episode 943 | Reward 42.00 | Epsilon 0.0635
Seed 8 | Episode 944 | Reward 46.00 | Epsilon 0.0634
Seed 8 | Episode 945 | Reward 44.00 | Epsilon 0.0633
Seed 8 | Episode 946 | Reward -28.00 | Epsilon 0.0631
Seed 8 | Episode 947 | Reward 40.00 | Epsilon 0.0630
Seed 8 | Episode 948 | Reward 59.00 | Epsilon 0.0629
Seed 8 | Episode 949 | Reward 35.00 | Epsilon 0.0628
Seed 8 | Episode 950 | Reward 42.00 | Epsilon 0.0626
Seed 8 | Episode 951 | Reward 49.00 | Epsilon 0.0625
Seed 8 | Episode 952 | Reward 54.00 | Epsilon 0.0625
Seed 8 | Episode 953 | Reward 51.00 | Epsilon 0.0624
Seed 8 | Episode 954 | Reward 45.00 | Epsilon 0.0623
Seed 8 | Episode 955 | Reward 45.00 | Epsilon 0.0622
Seed 8 | Episode 956 | Reward 53.00 | Epsilon 0.0621
Seed 8 | Episode 957 | Reward 56.00 | Epsilon 0.0620
Seed 8 | Episode 958 | Reward 48.00 | Epsilon 0.0619
Seed 8 | Episode 959 | Reward 59.00 | Epsilon 0.0618
Seed 8 | Episode 960 | Reward 4.00 | Epsilon 0.0616
Seed 8 | Episode 961 | Reward 60.00 | Epsilon 0.0616
Seed 8 | Episode 962 | Reward 46.00 | Epsilon 0.0614
Seed 8 | Episode 963 | Reward 48.00 | Epsilon 0.0614
Seed 8 | Episode 964 | Reward 36.00 | Epsilon 0.0612
Seed 8 | Episode 965 | Reward 53.00 | Epsilon 0.0611
Seed 8 | Episode 966 | Reward 53.00 | Epsilon 0.0611
Seed 8 | Episode 967 | Reward 5.00 | Epsilon 0.0609
Seed 8 | Episode 968 | Reward 48.00 | Epsilon 0.0608
Seed 8 | Episode 969 | Reward 42.00 | Epsilon 0.0607
Seed 8 | Episode 970 | Reward 50.00 | Epsilon 0.0606
Seed 8 | Episode 971 | Reward 56.00 | Epsilon 0.0605
Seed 8 | Episode 972 | Reward 47.00 | Epsilon 0.0604
Seed 8 | Episode 973 | Reward 64.00 | Epsilon 0.0603
Seed 8 | Episode 974 | Reward 50.00 | Epsilon 0.0602
Seed 8 | Episode 975 | Reward 60.00 | Epsilon 0.0602
Seed 8 | Episode 976 | Reward 63.00 | Epsilon 0.0601
Seed 8 | Episode 977 | Reward 51.00 | Epsilon 0.0600
Seed 8 | Episode 978 | Reward 50.00 | Epsilon 0.0599
Seed 8 | Episode 979 | Reward 62.00 | Epsilon 0.0599
Seed 8 | Episode 980 | Reward 62.00 | Epsilon 0.0598
Seed 8 | Episode 981 | Reward 59.00 | Epsilon 0.0597
Seed 8 | Episode 982 | Reward 51.00 | Epsilon 0.0596
Seed 8 | Episode 983 | Reward -31.00 | Epsilon 0.0594
Seed 8 | Episode 984 | Reward 67.00 | Epsilon 0.0593
Seed 8 | Episode 985 | Reward 45.00 | Epsilon 0.0592
Seed 8 | Episode 986 | Reward 50.00 | Epsilon 0.0591
Seed 8 | Episode 987 | Reward 58.00 | Epsilon 0.0591
Seed 8 | Episode 988 | Reward 47.00 | Epsilon 0.0590
Seed 8 | Episode 989 | Reward 56.00 | Epsilon 0.0589
Seed 8 | Episode 990 | Reward -11.00 | Epsilon 0.0587
Seed 8 | Episode 991 | Reward 60.00 | Epsilon 0.0586
Seed 8 | Episode 992 | Reward 64.00 | Epsilon 0.0585
Seed 8 | Episode 993 | Reward 57.00 | Epsilon 0.0585
Seed 8 | Episode 994 | Reward 49.00 | Epsilon 0.0584
Seed 8 | Episode 995 | Reward 46.00 | Epsilon 0.0583
Seed 8 | Episode 996 | Reward 42.00 | Epsilon 0.0582
Seed 8 | Episode 997 | Reward 55.00 | Epsilon 0.0581
Seed 8 | Episode 998 | Reward 55.00 | Epsilon 0.0580
Seed 8 | Episode 999 | Reward 56.00 | Epsilon 0.0579
Finished seed 8
