starting job
Sun Dec  7 19:54:41 2025       
+-----------------------------------------------------------------------------------------+
| NVIDIA-SMI 580.65.06              Driver Version: 580.65.06      CUDA Version: 13.0     |
+-----------------------------------------+------------------------+----------------------+
| GPU  Name                 Persistence-M | Bus-Id          Disp.A | Volatile Uncorr. ECC |
| Fan  Temp   Perf          Pwr:Usage/Cap |           Memory-Usage | GPU-Util  Compute M. |
|                                         |                        |               MIG M. |
|=========================================+========================+======================|
|   0  NVIDIA H100 80GB HBM3          On  |   00000000:46:00.0 Off |                   On |
| N/A   24C    P0            113W /  700W |     411MiB /  81559MiB |     N/A      Default |
|                                         |                        |              Enabled |
+-----------------------------------------+------------------------+----------------------+

+-----------------------------------------------------------------------------------------+
| MIG devices:                                                                            |
+------------------+----------------------------------+-----------+-----------------------+
| GPU  GI  CI  MIG |              Shared Memory-Usage |        Vol|        Shared         |
|      ID  ID  Dev |                Shared BAR1-Usage | SM     Unc| CE ENC  DEC  OFA  JPG |
|                  |                                  |        ECC|                       |
|==================+==================================+===========+=======================|
|  0    9   0   0  |              15MiB /  9984MiB    | 16      0 |  1   0    1    0    1 |
|                  |               0MiB /  6185MiB    |           |                       |
+------------------+----------------------------------+-----------+-----------------------+

+-----------------------------------------------------------------------------------------+
| Processes:                                                                              |
|  GPU   GI   CI              PID   Type   Process name                        GPU Memory |
|        ID   ID                                                               Usage      |
|=========================================================================================|
|  No running processes found                                                             |
+-----------------------------------------------------------------------------------------+
Running seed 7
Gym has been unmaintained since 2022 and does not support NumPy 2.0 amongst other critical functionality.
Please upgrade to Gymnasium, the maintained drop-in replacement of Gym, or contact the authors of your software and request that they upgrade.
Users of this version of Gym should be able to simply replace 'import gym' with 'import gymnasium as gym' in the vast majority of cases.
See the migration guide at https://gymnasium.farama.org/introduction/migration_guide/ for additional information.
Seed 7 | Episode 0 | Reward -300.00 | Epsilon 0.9987
Seed 7 | Episode 1 | Reward -300.00 | Epsilon 0.9897
Seed 7 | Episode 2 | Reward -300.00 | Epsilon 0.9808
Seed 7 | Episode 3 | Reward -300.00 | Epsilon 0.9720
Seed 7 | Episode 4 | Reward -300.00 | Epsilon 0.9633
Seed 7 | Episode 5 | Reward -300.00 | Epsilon 0.9547
Seed 7 | Episode 6 | Reward -300.00 | Epsilon 0.9462
Seed 7 | Episode 7 | Reward -300.00 | Epsilon 0.9377
Seed 7 | Episode 8 | Reward -300.00 | Epsilon 0.9293
Seed 7 | Episode 9 | Reward -300.00 | Epsilon 0.9209
Seed 7 | Episode 10 | Reward -300.00 | Epsilon 0.9127
Seed 7 | Episode 11 | Reward -300.00 | Epsilon 0.9045
Seed 7 | Episode 12 | Reward -300.00 | Epsilon 0.8964
Seed 7 | Episode 13 | Reward -300.00 | Epsilon 0.8884
Seed 7 | Episode 14 | Reward -300.00 | Epsilon 0.8804
Seed 7 | Episode 15 | Reward -300.00 | Epsilon 0.8725
Seed 7 | Episode 16 | Reward -300.00 | Epsilon 0.8647
Seed 7 | Episode 17 | Reward -300.00 | Epsilon 0.8570
Seed 7 | Episode 18 | Reward -300.00 | Epsilon 0.8493
Seed 7 | Episode 19 | Reward -300.00 | Epsilon 0.8417
Seed 7 | Episode 20 | Reward -300.00 | Epsilon 0.8341
Seed 7 | Episode 21 | Reward -300.00 | Epsilon 0.8267
Seed 7 | Episode 22 | Reward -300.00 | Epsilon 0.8193
Seed 7 | Episode 23 | Reward -300.00 | Epsilon 0.8119
Seed 7 | Episode 24 | Reward -300.00 | Epsilon 0.8046
Seed 7 | Episode 25 | Reward -300.00 | Epsilon 0.7974
Seed 7 | Episode 26 | Reward -300.00 | Epsilon 0.7903
Seed 7 | Episode 27 | Reward -300.00 | Epsilon 0.7832
Seed 7 | Episode 28 | Reward -300.00 | Epsilon 0.7762
Seed 7 | Episode 29 | Reward -300.00 | Epsilon 0.7692
Seed 7 | Episode 30 | Reward -300.00 | Epsilon 0.7623
Seed 7 | Episode 31 | Reward -300.00 | Epsilon 0.7555
Seed 7 | Episode 32 | Reward -300.00 | Epsilon 0.7487
Seed 7 | Episode 33 | Reward -300.00 | Epsilon 0.7420
Seed 7 | Episode 34 | Reward -300.00 | Epsilon 0.7354
Seed 7 | Episode 35 | Reward -300.00 | Epsilon 0.7288
Seed 7 | Episode 36 | Reward -300.00 | Epsilon 0.7223
Seed 7 | Episode 37 | Reward -300.00 | Epsilon 0.7158
Seed 7 | Episode 38 | Reward -300.00 | Epsilon 0.7094
Seed 7 | Episode 39 | Reward -300.00 | Epsilon 0.7030
Seed 7 | Episode 40 | Reward -300.00 | Epsilon 0.6967
Seed 7 | Episode 41 | Reward -300.00 | Epsilon 0.6905
Seed 7 | Episode 42 | Reward -300.00 | Epsilon 0.6843
Seed 7 | Episode 43 | Reward -300.00 | Epsilon 0.6782
Seed 7 | Episode 44 | Reward -300.00 | Epsilon 0.6721
Seed 7 | Episode 45 | Reward -300.00 | Epsilon 0.6661
Seed 7 | Episode 46 | Reward -300.00 | Epsilon 0.6601
Seed 7 | Episode 47 | Reward -300.00 | Epsilon 0.6542
Seed 7 | Episode 48 | Reward -300.00 | Epsilon 0.6483
Seed 7 | Episode 49 | Reward -300.00 | Epsilon 0.6425
Seed 7 | Episode 50 | Reward -300.00 | Epsilon 0.6368
Seed 7 | Episode 51 | Reward -300.00 | Epsilon 0.6311
Seed 7 | Episode 52 | Reward -300.00 | Epsilon 0.6254
Seed 7 | Episode 53 | Reward -300.00 | Epsilon 0.6198
Seed 7 | Episode 54 | Reward -300.00 | Epsilon 0.6142
Seed 7 | Episode 55 | Reward -300.00 | Epsilon 0.6087
Seed 7 | Episode 56 | Reward -300.00 | Epsilon 0.6033
Seed 7 | Episode 57 | Reward -300.00 | Epsilon 0.5979
Seed 7 | Episode 58 | Reward -300.00 | Epsilon 0.5925
Seed 7 | Episode 59 | Reward -300.00 | Epsilon 0.5872
Seed 7 | Episode 60 | Reward -300.00 | Epsilon 0.5820
Seed 7 | Episode 61 | Reward -300.00 | Epsilon 0.5767
Seed 7 | Episode 62 | Reward -300.00 | Epsilon 0.5716
Seed 7 | Episode 63 | Reward -300.00 | Epsilon 0.5665
Seed 7 | Episode 64 | Reward -300.00 | Epsilon 0.5614
Seed 7 | Episode 65 | Reward -300.00 | Epsilon 0.5563
Seed 7 | Episode 66 | Reward -300.00 | Epsilon 0.5514
Seed 7 | Episode 67 | Reward -300.00 | Epsilon 0.5464
Seed 7 | Episode 68 | Reward -300.00 | Epsilon 0.5415
Seed 7 | Episode 69 | Reward -300.00 | Epsilon 0.5367
Seed 7 | Episode 70 | Reward -300.00 | Epsilon 0.5319
Seed 7 | Episode 71 | Reward -300.00 | Epsilon 0.5271
Seed 7 | Episode 72 | Reward -300.00 | Epsilon 0.5224
Seed 7 | Episode 73 | Reward -300.00 | Epsilon 0.5177
Seed 7 | Episode 74 | Reward -300.00 | Epsilon 0.5131
Seed 7 | Episode 75 | Reward -300.00 | Epsilon 0.5085
Seed 7 | Episode 76 | Reward -300.00 | Epsilon 0.5039
Seed 7 | Episode 77 | Reward -300.00 | Epsilon 0.4994
Seed 7 | Episode 78 | Reward -300.00 | Epsilon 0.4949
Seed 7 | Episode 79 | Reward -300.00 | Epsilon 0.4905
Seed 7 | Episode 80 | Reward -300.00 | Epsilon 0.4861
Seed 7 | Episode 81 | Reward -300.00 | Epsilon 0.4817
Seed 7 | Episode 82 | Reward -300.00 | Epsilon 0.4774
Seed 7 | Episode 83 | Reward -300.00 | Epsilon 0.4731
Seed 7 | Episode 84 | Reward -300.00 | Epsilon 0.4689
Seed 7 | Episode 85 | Reward -300.00 | Epsilon 0.4647
Seed 7 | Episode 86 | Reward -300.00 | Epsilon 0.4605
Seed 7 | Episode 87 | Reward -300.00 | Epsilon 0.4564
Seed 7 | Episode 88 | Reward -300.00 | Epsilon 0.4523
Seed 7 | Episode 89 | Reward -300.00 | Epsilon 0.4483
Seed 7 | Episode 90 | Reward -300.00 | Epsilon 0.4443
Seed 7 | Episode 91 | Reward -300.00 | Epsilon 0.4403
Seed 7 | Episode 92 | Reward -300.00 | Epsilon 0.4363
Seed 7 | Episode 93 | Reward -300.00 | Epsilon 0.4324
Seed 7 | Episode 94 | Reward -300.00 | Epsilon 0.4285
Seed 7 | Episode 95 | Reward -300.00 | Epsilon 0.4247
Seed 7 | Episode 96 | Reward -300.00 | Epsilon 0.4209
Seed 7 | Episode 97 | Reward -300.00 | Epsilon 0.4171
Seed 7 | Episode 98 | Reward -300.00 | Epsilon 0.4134
Seed 7 | Episode 99 | Reward -300.00 | Epsilon 0.4097
Seed 7 | Episode 100 | Reward -300.00 | Epsilon 0.4060
Seed 7 | Episode 101 | Reward -300.00 | Epsilon 0.4024
Seed 7 | Episode 102 | Reward -300.00 | Epsilon 0.3988
Seed 7 | Episode 103 | Reward -300.00 | Epsilon 0.3952
Seed 7 | Episode 104 | Reward -300.00 | Epsilon 0.3917
Seed 7 | Episode 105 | Reward -300.00 | Epsilon 0.3881
Seed 7 | Episode 106 | Reward -300.00 | Epsilon 0.3847
Seed 7 | Episode 107 | Reward -300.00 | Epsilon 0.3812
Seed 7 | Episode 108 | Reward -300.00 | Epsilon 0.3778
Seed 7 | Episode 109 | Reward -300.00 | Epsilon 0.3744
Seed 7 | Episode 110 | Reward -300.00 | Epsilon 0.3711
Seed 7 | Episode 111 | Reward -300.00 | Epsilon 0.3677
Seed 7 | Episode 112 | Reward -300.00 | Epsilon 0.3645
Seed 7 | Episode 113 | Reward -300.00 | Epsilon 0.3612
Seed 7 | Episode 114 | Reward -300.00 | Epsilon 0.3579
Seed 7 | Episode 115 | Reward -300.00 | Epsilon 0.3547
Seed 7 | Episode 116 | Reward -300.00 | Epsilon 0.3516
Seed 7 | Episode 117 | Reward -300.00 | Epsilon 0.3484
Seed 7 | Episode 118 | Reward -300.00 | Epsilon 0.3453
Seed 7 | Episode 119 | Reward -300.00 | Epsilon 0.3422
Seed 7 | Episode 120 | Reward -300.00 | Epsilon 0.3391
Seed 7 | Episode 121 | Reward -300.00 | Epsilon 0.3361
Seed 7 | Episode 122 | Reward -300.00 | Epsilon 0.3331
Seed 7 | Episode 123 | Reward -300.00 | Epsilon 0.3301
Seed 7 | Episode 124 | Reward -300.00 | Epsilon 0.3271
Seed 7 | Episode 125 | Reward -300.00 | Epsilon 0.3242
Seed 7 | Episode 126 | Reward -300.00 | Epsilon 0.3213
Seed 7 | Episode 127 | Reward -300.00 | Epsilon 0.3184
Seed 7 | Episode 128 | Reward -300.00 | Epsilon 0.3156
Seed 7 | Episode 129 | Reward -300.00 | Epsilon 0.3127
Seed 7 | Episode 130 | Reward -300.00 | Epsilon 0.3099
Seed 7 | Episode 131 | Reward -300.00 | Epsilon 0.3072
Seed 7 | Episode 132 | Reward -300.00 | Epsilon 0.3044
Seed 7 | Episode 133 | Reward -300.00 | Epsilon 0.3017
Seed 7 | Episode 134 | Reward -300.00 | Epsilon 0.2990
Seed 7 | Episode 135 | Reward -300.00 | Epsilon 0.2963
Seed 7 | Episode 136 | Reward -300.00 | Epsilon 0.2936
Seed 7 | Episode 137 | Reward -300.00 | Epsilon 0.2910
Seed 7 | Episode 138 | Reward -300.00 | Epsilon 0.2884
Seed 7 | Episode 139 | Reward -300.00 | Epsilon 0.2858
Seed 7 | Episode 140 | Reward -300.00 | Epsilon 0.2833
Seed 7 | Episode 141 | Reward -300.00 | Epsilon 0.2807
Seed 7 | Episode 142 | Reward -300.00 | Epsilon 0.2782
Seed 7 | Episode 143 | Reward -300.00 | Epsilon 0.2757
Seed 7 | Episode 144 | Reward -300.00 | Epsilon 0.2732
Seed 7 | Episode 145 | Reward -300.00 | Epsilon 0.2708
Seed 7 | Episode 146 | Reward -300.00 | Epsilon 0.2684
Seed 7 | Episode 147 | Reward -300.00 | Epsilon 0.2660
Seed 7 | Episode 148 | Reward -300.00 | Epsilon 0.2636
Seed 7 | Episode 149 | Reward -300.00 | Epsilon 0.2612
Seed 7 | Episode 150 | Reward -300.00 | Epsilon 0.2589
Seed 7 | Episode 151 | Reward -300.00 | Epsilon 0.2566
Seed 7 | Episode 152 | Reward -300.00 | Epsilon 0.2543
Seed 7 | Episode 153 | Reward -300.00 | Epsilon 0.2520
Seed 7 | Episode 154 | Reward -300.00 | Epsilon 0.2497
Seed 7 | Episode 155 | Reward -300.00 | Epsilon 0.2475
Seed 7 | Episode 156 | Reward -300.00 | Epsilon 0.2453
Seed 7 | Episode 157 | Reward -300.00 | Epsilon 0.2431
Seed 7 | Episode 158 | Reward -300.00 | Epsilon 0.2409
Seed 7 | Episode 159 | Reward -300.00 | Epsilon 0.2387
Seed 7 | Episode 160 | Reward -300.00 | Epsilon 0.2366
Seed 7 | Episode 161 | Reward -300.00 | Epsilon 0.2345
Seed 7 | Episode 162 | Reward -300.00 | Epsilon 0.2324
Seed 7 | Episode 163 | Reward -300.00 | Epsilon 0.2303
Seed 7 | Episode 164 | Reward -300.00 | Epsilon 0.2282
Seed 7 | Episode 165 | Reward -300.00 | Epsilon 0.2262
Seed 7 | Episode 166 | Reward -300.00 | Epsilon 0.2242
Seed 7 | Episode 167 | Reward -300.00 | Epsilon 0.2222
Seed 7 | Episode 168 | Reward -300.00 | Epsilon 0.2202
Seed 7 | Episode 169 | Reward -300.00 | Epsilon 0.2182
Seed 7 | Episode 170 | Reward -300.00 | Epsilon 0.2162
Seed 7 | Episode 171 | Reward -300.00 | Epsilon 0.2143
Seed 7 | Episode 172 | Reward -300.00 | Epsilon 0.2124
Seed 7 | Episode 173 | Reward -300.00 | Epsilon 0.2105
Seed 7 | Episode 174 | Reward -300.00 | Epsilon 0.2086
Seed 7 | Episode 175 | Reward -300.00 | Epsilon 0.2067
Seed 7 | Episode 176 | Reward -300.00 | Epsilon 0.2049
Seed 7 | Episode 177 | Reward -300.00 | Epsilon 0.2030
Seed 7 | Episode 178 | Reward -300.00 | Epsilon 0.2012
Seed 7 | Episode 179 | Reward -300.00 | Epsilon 0.1994
Seed 7 | Episode 180 | Reward -300.00 | Epsilon 0.1976
Seed 7 | Episode 181 | Reward -300.00 | Epsilon 0.1959
Seed 7 | Episode 182 | Reward -300.00 | Epsilon 0.1941
Seed 7 | Episode 183 | Reward -300.00 | Epsilon 0.1924
Seed 7 | Episode 184 | Reward -300.00 | Epsilon 0.1906
Seed 7 | Episode 185 | Reward -300.00 | Epsilon 0.1889
Seed 7 | Episode 186 | Reward -300.00 | Epsilon 0.1872
Seed 7 | Episode 187 | Reward -300.00 | Epsilon 0.1856
Seed 7 | Episode 188 | Reward -300.00 | Epsilon 0.1839
Seed 7 | Episode 189 | Reward -300.00 | Epsilon 0.1823
Seed 7 | Episode 190 | Reward -300.00 | Epsilon 0.1806
Seed 7 | Episode 191 | Reward -300.00 | Epsilon 0.1790
Seed 7 | Episode 192 | Reward -300.00 | Epsilon 0.1774
Seed 7 | Episode 193 | Reward -300.00 | Epsilon 0.1758
Seed 7 | Episode 194 | Reward -300.00 | Epsilon 0.1742
Seed 7 | Episode 195 | Reward -300.00 | Epsilon 0.1727
Seed 7 | Episode 196 | Reward -300.00 | Epsilon 0.1711
Seed 7 | Episode 197 | Reward -300.00 | Epsilon 0.1696
Seed 7 | Episode 198 | Reward -300.00 | Epsilon 0.1681
Seed 7 | Episode 199 | Reward -300.00 | Epsilon 0.1666
Seed 7 | Episode 200 | Reward -300.00 | Epsilon 0.1651
Seed 7 | Episode 201 | Reward -300.00 | Epsilon 0.1636
Seed 7 | Episode 202 | Reward -300.00 | Epsilon 0.1621
Seed 7 | Episode 203 | Reward -300.00 | Epsilon 0.1607
Seed 7 | Episode 204 | Reward -300.00 | Epsilon 0.1592
Seed 7 | Episode 205 | Reward -300.00 | Epsilon 0.1578
Seed 7 | Episode 206 | Reward -300.00 | Epsilon 0.1564
Seed 7 | Episode 207 | Reward -300.00 | Epsilon 0.1550
Seed 7 | Episode 208 | Reward -300.00 | Epsilon 0.1536
Seed 7 | Episode 209 | Reward -300.00 | Epsilon 0.1522
Seed 7 | Episode 210 | Reward -300.00 | Epsilon 0.1509
Seed 7 | Episode 211 | Reward -300.00 | Epsilon 0.1495
Seed 7 | Episode 212 | Reward -300.00 | Epsilon 0.1482
Seed 7 | Episode 213 | Reward -300.00 | Epsilon 0.1468
Seed 7 | Episode 214 | Reward -300.00 | Epsilon 0.1455
Seed 7 | Episode 215 | Reward -300.00 | Epsilon 0.1442
Seed 7 | Episode 216 | Reward -300.00 | Epsilon 0.1429
Seed 7 | Episode 217 | Reward -300.00 | Epsilon 0.1417
Seed 7 | Episode 218 | Reward -300.00 | Epsilon 0.1404
Seed 7 | Episode 219 | Reward -300.00 | Epsilon 0.1391
Seed 7 | Episode 220 | Reward -300.00 | Epsilon 0.1379
Seed 7 | Episode 221 | Reward -300.00 | Epsilon 0.1366
Seed 7 | Episode 222 | Reward -300.00 | Epsilon 0.1354
Seed 7 | Episode 223 | Reward -300.00 | Epsilon 0.1342
Seed 7 | Episode 224 | Reward -300.00 | Epsilon 0.1330
Seed 7 | Episode 225 | Reward -300.00 | Epsilon 0.1318
Seed 7 | Episode 226 | Reward -300.00 | Epsilon 0.1306
Seed 7 | Episode 227 | Reward -300.00 | Epsilon 0.1295
Seed 7 | Episode 228 | Reward -300.00 | Epsilon 0.1283
Seed 7 | Episode 229 | Reward -300.00 | Epsilon 0.1272
Seed 7 | Episode 230 | Reward -300.00 | Epsilon 0.1260
Seed 7 | Episode 231 | Reward -300.00 | Epsilon 0.1249
Seed 7 | Episode 232 | Reward -300.00 | Epsilon 0.1238
Seed 7 | Episode 233 | Reward -300.00 | Epsilon 0.1227
Seed 7 | Episode 234 | Reward -300.00 | Epsilon 0.1216
Seed 7 | Episode 235 | Reward -300.00 | Epsilon 0.1205
Seed 7 | Episode 236 | Reward -300.00 | Epsilon 0.1194
Seed 7 | Episode 237 | Reward -300.00 | Epsilon 0.1183
Seed 7 | Episode 238 | Reward -300.00 | Epsilon 0.1173
Seed 7 | Episode 239 | Reward -300.00 | Epsilon 0.1162
Seed 7 | Episode 240 | Reward -300.00 | Epsilon 0.1152
Seed 7 | Episode 241 | Reward -300.00 | Epsilon 0.1141
Seed 7 | Episode 242 | Reward -300.00 | Epsilon 0.1131
Seed 7 | Episode 243 | Reward -300.00 | Epsilon 0.1121
Seed 7 | Episode 244 | Reward -300.00 | Epsilon 0.1111
Seed 7 | Episode 245 | Reward -300.00 | Epsilon 0.1101
Seed 7 | Episode 246 | Reward -300.00 | Epsilon 0.1091
Seed 7 | Episode 247 | Reward -300.00 | Epsilon 0.1081
Seed 7 | Episode 248 | Reward -300.00 | Epsilon 0.1072
Seed 7 | Episode 249 | Reward -300.00 | Epsilon 0.1062
Seed 7 | Episode 250 | Reward -300.00 | Epsilon 0.1053
Seed 7 | Episode 251 | Reward -300.00 | Epsilon 0.1043
Seed 7 | Episode 252 | Reward -300.00 | Epsilon 0.1034
Seed 7 | Episode 253 | Reward -300.00 | Epsilon 0.1024
Seed 7 | Episode 254 | Reward -300.00 | Epsilon 0.1015
Seed 7 | Episode 255 | Reward -300.00 | Epsilon 0.1006
Seed 7 | Episode 256 | Reward -300.00 | Epsilon 0.0997
Seed 7 | Episode 257 | Reward -300.00 | Epsilon 0.0988
Seed 7 | Episode 258 | Reward -300.00 | Epsilon 0.0979
Seed 7 | Episode 259 | Reward -300.00 | Epsilon 0.0971
Seed 7 | Episode 260 | Reward -300.00 | Epsilon 0.0962
Seed 7 | Episode 261 | Reward -300.00 | Epsilon 0.0953
Seed 7 | Episode 262 | Reward -300.00 | Epsilon 0.0945
Seed 7 | Episode 263 | Reward -300.00 | Epsilon 0.0936
Seed 7 | Episode 264 | Reward -300.00 | Epsilon 0.0928
Seed 7 | Episode 265 | Reward -300.00 | Epsilon 0.0920
Seed 7 | Episode 266 | Reward -82.00 | Epsilon 0.0915
Seed 7 | Episode 267 | Reward -300.00 | Epsilon 0.0906
Seed 7 | Episode 268 | Reward -300.00 | Epsilon 0.0898
Seed 7 | Episode 269 | Reward -300.00 | Epsilon 0.0890
Seed 7 | Episode 270 | Reward -300.00 | Epsilon 0.0882
Seed 7 | Episode 271 | Reward -300.00 | Epsilon 0.0874
Seed 7 | Episode 272 | Reward -300.00 | Epsilon 0.0867
Seed 7 | Episode 273 | Reward -300.00 | Epsilon 0.0859
Seed 7 | Episode 274 | Reward -300.00 | Epsilon 0.0851
Seed 7 | Episode 275 | Reward -300.00 | Epsilon 0.0843
Seed 7 | Episode 276 | Reward -300.00 | Epsilon 0.0836
Seed 7 | Episode 277 | Reward -300.00 | Epsilon 0.0828
Seed 7 | Episode 278 | Reward -300.00 | Epsilon 0.0821
Seed 7 | Episode 279 | Reward -300.00 | Epsilon 0.0814
Seed 7 | Episode 280 | Reward -36.00 | Epsilon 0.0810
Seed 7 | Episode 281 | Reward -300.00 | Epsilon 0.0803
Seed 7 | Episode 282 | Reward -300.00 | Epsilon 0.0796
Seed 7 | Episode 283 | Reward -300.00 | Epsilon 0.0789
Seed 7 | Episode 284 | Reward -300.00 | Epsilon 0.0782
Seed 7 | Episode 285 | Reward -300.00 | Epsilon 0.0775
Seed 7 | Episode 286 | Reward -300.00 | Epsilon 0.0768
Seed 7 | Episode 287 | Reward -300.00 | Epsilon 0.0761
Seed 7 | Episode 288 | Reward -300.00 | Epsilon 0.0754
Seed 7 | Episode 289 | Reward -300.00 | Epsilon 0.0747
Seed 7 | Episode 290 | Reward -300.00 | Epsilon 0.0741
Seed 7 | Episode 291 | Reward -300.00 | Epsilon 0.0734
Seed 7 | Episode 292 | Reward -300.00 | Epsilon 0.0727
Seed 7 | Episode 293 | Reward -300.00 | Epsilon 0.0721
Seed 7 | Episode 294 | Reward -300.00 | Epsilon 0.0714
Seed 7 | Episode 295 | Reward -300.00 | Epsilon 0.0708
Seed 7 | Episode 296 | Reward -300.00 | Epsilon 0.0702
Seed 7 | Episode 297 | Reward -300.00 | Epsilon 0.0695
Seed 7 | Episode 298 | Reward -300.00 | Epsilon 0.0689
Seed 7 | Episode 299 | Reward -300.00 | Epsilon 0.0683
Seed 7 | Episode 300 | Reward -300.00 | Epsilon 0.0677
Seed 7 | Episode 301 | Reward -300.00 | Epsilon 0.0671
Seed 7 | Episode 302 | Reward -300.00 | Epsilon 0.0665
Seed 7 | Episode 303 | Reward -300.00 | Epsilon 0.0659
Seed 7 | Episode 304 | Reward -300.00 | Epsilon 0.0653
Seed 7 | Episode 305 | Reward -300.00 | Epsilon 0.0647
Seed 7 | Episode 306 | Reward -300.00 | Epsilon 0.0641
Seed 7 | Episode 307 | Reward -300.00 | Epsilon 0.0635
Seed 7 | Episode 308 | Reward -300.00 | Epsilon 0.0630
Seed 7 | Episode 309 | Reward -300.00 | Epsilon 0.0624
Seed 7 | Episode 310 | Reward -300.00 | Epsilon 0.0619
Seed 7 | Episode 311 | Reward -300.00 | Epsilon 0.0613
Seed 7 | Episode 312 | Reward -300.00 | Epsilon 0.0607
Seed 7 | Episode 313 | Reward -300.00 | Epsilon 0.0602
Seed 7 | Episode 314 | Reward -300.00 | Epsilon 0.0597
Seed 7 | Episode 315 | Reward -300.00 | Epsilon 0.0591
Seed 7 | Episode 316 | Reward -300.00 | Epsilon 0.0586
Seed 7 | Episode 317 | Reward -300.00 | Epsilon 0.0581
Seed 7 | Episode 318 | Reward -300.00 | Epsilon 0.0576
Seed 7 | Episode 319 | Reward -300.00 | Epsilon 0.0570
Seed 7 | Episode 320 | Reward -300.00 | Epsilon 0.0565
Seed 7 | Episode 321 | Reward -300.00 | Epsilon 0.0560
Seed 7 | Episode 322 | Reward -300.00 | Epsilon 0.0555
Seed 7 | Episode 323 | Reward -300.00 | Epsilon 0.0550
Seed 7 | Episode 324 | Reward -300.00 | Epsilon 0.0545
Seed 7 | Episode 325 | Reward -300.00 | Epsilon 0.0540
Seed 7 | Episode 326 | Reward -300.00 | Epsilon 0.0536
Seed 7 | Episode 327 | Reward -300.00 | Epsilon 0.0531
Seed 7 | Episode 328 | Reward -300.00 | Epsilon 0.0526
Seed 7 | Episode 329 | Reward -300.00 | Epsilon 0.0521
Seed 7 | Episode 330 | Reward -300.00 | Epsilon 0.0517
Seed 7 | Episode 331 | Reward -300.00 | Epsilon 0.0512
Seed 7 | Episode 332 | Reward -300.00 | Epsilon 0.0507
Seed 7 | Episode 333 | Reward -300.00 | Epsilon 0.0503
Seed 7 | Episode 334 | Reward -300.00 | Epsilon 0.0498
Seed 7 | Episode 335 | Reward -300.00 | Epsilon 0.0494
Seed 7 | Episode 336 | Reward -124.00 | Epsilon 0.0491
Seed 7 | Episode 337 | Reward -300.00 | Epsilon 0.0486
Seed 7 | Episode 338 | Reward -300.00 | Epsilon 0.0482
Seed 7 | Episode 339 | Reward -300.00 | Epsilon 0.0478
Seed 7 | Episode 340 | Reward -98.00 | Epsilon 0.0475
Seed 7 | Episode 341 | Reward -300.00 | Epsilon 0.0470
Seed 7 | Episode 342 | Reward -300.00 | Epsilon 0.0466
Seed 7 | Episode 343 | Reward -300.00 | Epsilon 0.0462
Seed 7 | Episode 344 | Reward -300.00 | Epsilon 0.0458
Seed 7 | Episode 345 | Reward -300.00 | Epsilon 0.0454
Seed 7 | Episode 346 | Reward -300.00 | Epsilon 0.0450
Seed 7 | Episode 347 | Reward -300.00 | Epsilon 0.0446
Seed 7 | Episode 348 | Reward -300.00 | Epsilon 0.0442
Seed 7 | Episode 349 | Reward -300.00 | Epsilon 0.0438
Seed 7 | Episode 350 | Reward -300.00 | Epsilon 0.0434
Seed 7 | Episode 351 | Reward 41.00 | Epsilon 0.0433
Seed 7 | Episode 352 | Reward -300.00 | Epsilon 0.0429
Seed 7 | Episode 353 | Reward -300.00 | Epsilon 0.0425
Seed 7 | Episode 354 | Reward -53.00 | Epsilon 0.0423
Seed 7 | Episode 355 | Reward -300.00 | Epsilon 0.0420
Seed 7 | Episode 356 | Reward -300.00 | Epsilon 0.0416
Seed 7 | Episode 357 | Reward -300.00 | Epsilon 0.0412
Seed 7 | Episode 358 | Reward -300.00 | Epsilon 0.0408
Seed 7 | Episode 359 | Reward -20.00 | Epsilon 0.0407
Seed 7 | Episode 360 | Reward 49.00 | Epsilon 0.0406
Seed 7 | Episode 361 | Reward -300.00 | Epsilon 0.0403
Seed 7 | Episode 362 | Reward -300.00 | Epsilon 0.0399
Seed 7 | Episode 363 | Reward -141.00 | Epsilon 0.0396
Seed 7 | Episode 364 | Reward 52.00 | Epsilon 0.0396
Seed 7 | Episode 365 | Reward -56.00 | Epsilon 0.0394
Seed 7 | Episode 366 | Reward -300.00 | Epsilon 0.0390
Seed 7 | Episode 367 | Reward -300.00 | Epsilon 0.0387
Seed 7 | Episode 368 | Reward -300.00 | Epsilon 0.0383
Seed 7 | Episode 369 | Reward 45.00 | Epsilon 0.0383
Seed 7 | Episode 370 | Reward -181.00 | Epsilon 0.0379
Seed 7 | Episode 371 | Reward -300.00 | Epsilon 0.0376
Seed 7 | Episode 372 | Reward -300.00 | Epsilon 0.0373
Seed 7 | Episode 373 | Reward -110.00 | Epsilon 0.0370
Seed 7 | Episode 374 | Reward -300.00 | Epsilon 0.0367
Seed 7 | Episode 375 | Reward -300.00 | Epsilon 0.0364
Seed 7 | Episode 376 | Reward -300.00 | Epsilon 0.0360
Seed 7 | Episode 377 | Reward -300.00 | Epsilon 0.0357
Seed 7 | Episode 378 | Reward -300.00 | Epsilon 0.0354
Seed 7 | Episode 379 | Reward -300.00 | Epsilon 0.0351
Seed 7 | Episode 380 | Reward -300.00 | Epsilon 0.0348
Seed 7 | Episode 381 | Reward -300.00 | Epsilon 0.0345
Seed 7 | Episode 382 | Reward -300.00 | Epsilon 0.0341
Seed 7 | Episode 383 | Reward -300.00 | Epsilon 0.0338
Seed 7 | Episode 384 | Reward -300.00 | Epsilon 0.0335
Seed 7 | Episode 385 | Reward -300.00 | Epsilon 0.0332
Seed 7 | Episode 386 | Reward -300.00 | Epsilon 0.0329
Seed 7 | Episode 387 | Reward -300.00 | Epsilon 0.0326
Seed 7 | Episode 388 | Reward -300.00 | Epsilon 0.0323
Seed 7 | Episode 389 | Reward -300.00 | Epsilon 0.0321
Seed 7 | Episode 390 | Reward -300.00 | Epsilon 0.0318
Seed 7 | Episode 391 | Reward -300.00 | Epsilon 0.0315
Seed 7 | Episode 392 | Reward -300.00 | Epsilon 0.0312
Seed 7 | Episode 393 | Reward -300.00 | Epsilon 0.0309
Seed 7 | Episode 394 | Reward -300.00 | Epsilon 0.0306
Seed 7 | Episode 395 | Reward -300.00 | Epsilon 0.0304
Seed 7 | Episode 396 | Reward -300.00 | Epsilon 0.0301
Seed 7 | Episode 397 | Reward -300.00 | Epsilon 0.0298
Seed 7 | Episode 398 | Reward -300.00 | Epsilon 0.0296
Seed 7 | Episode 399 | Reward 51.00 | Epsilon 0.0295
Seed 7 | Episode 400 | Reward 58.00 | Epsilon 0.0295
Seed 7 | Episode 401 | Reward -300.00 | Epsilon 0.0292
Seed 7 | Episode 402 | Reward 48.00 | Epsilon 0.0292
Seed 7 | Episode 403 | Reward 55.00 | Epsilon 0.0291
Seed 7 | Episode 404 | Reward -192.00 | Epsilon 0.0289
Seed 7 | Episode 405 | Reward -300.00 | Epsilon 0.0286
Seed 7 | Episode 406 | Reward -300.00 | Epsilon 0.0284
Seed 7 | Episode 407 | Reward -300.00 | Epsilon 0.0281
Seed 7 | Episode 408 | Reward -300.00 | Epsilon 0.0279
Seed 7 | Episode 409 | Reward 60.00 | Epsilon 0.0278
Seed 7 | Episode 410 | Reward -300.00 | Epsilon 0.0276
Seed 7 | Episode 411 | Reward -300.00 | Epsilon 0.0273
Seed 7 | Episode 412 | Reward -147.00 | Epsilon 0.0271
Seed 7 | Episode 413 | Reward -300.00 | Epsilon 0.0269
Seed 7 | Episode 414 | Reward -300.00 | Epsilon 0.0266
Seed 7 | Episode 415 | Reward 37.00 | Epsilon 0.0266
Seed 7 | Episode 416 | Reward -300.00 | Epsilon 0.0263
Seed 7 | Episode 417 | Reward -152.00 | Epsilon 0.0261
Seed 7 | Episode 418 | Reward -150.00 | Epsilon 0.0260
Seed 7 | Episode 419 | Reward 58.00 | Epsilon 0.0259
Seed 7 | Episode 420 | Reward -72.00 | Epsilon 0.0258
Seed 7 | Episode 421 | Reward -300.00 | Epsilon 0.0256
Seed 7 | Episode 422 | Reward -300.00 | Epsilon 0.0253
Seed 7 | Episode 423 | Reward 54.00 | Epsilon 0.0253
Seed 7 | Episode 424 | Reward 45.00 | Epsilon 0.0252
Seed 7 | Episode 425 | Reward 31.00 | Epsilon 0.0252
Seed 7 | Episode 426 | Reward 52.00 | Epsilon 0.0252
Seed 7 | Episode 427 | Reward 25.00 | Epsilon 0.0251
Seed 7 | Episode 428 | Reward 58.00 | Epsilon 0.0251
Seed 7 | Episode 429 | Reward 41.00 | Epsilon 0.0250
Seed 7 | Episode 430 | Reward -30.00 | Epsilon 0.0249
Seed 7 | Episode 431 | Reward -300.00 | Epsilon 0.0247
Seed 7 | Episode 432 | Reward -300.00 | Epsilon 0.0245
Seed 7 | Episode 433 | Reward -197.00 | Epsilon 0.0243
Seed 7 | Episode 434 | Reward -300.00 | Epsilon 0.0240
Seed 7 | Episode 435 | Reward -300.00 | Epsilon 0.0238
Seed 7 | Episode 436 | Reward -300.00 | Epsilon 0.0236
Seed 7 | Episode 437 | Reward 34.00 | Epsilon 0.0236
Seed 7 | Episode 438 | Reward -196.00 | Epsilon 0.0234
Seed 7 | Episode 439 | Reward -74.00 | Epsilon 0.0232
Seed 7 | Episode 440 | Reward 47.00 | Epsilon 0.0232
Seed 7 | Episode 441 | Reward -300.00 | Epsilon 0.0230
Seed 7 | Episode 442 | Reward 48.00 | Epsilon 0.0230
Seed 7 | Episode 443 | Reward -132.00 | Epsilon 0.0228
Seed 7 | Episode 444 | Reward -300.00 | Epsilon 0.0226
Seed 7 | Episode 445 | Reward 45.00 | Epsilon 0.0226
Seed 7 | Episode 446 | Reward -31.00 | Epsilon 0.0225
Seed 7 | Episode 447 | Reward -199.00 | Epsilon 0.0223
Seed 7 | Episode 448 | Reward 49.00 | Epsilon 0.0222
Seed 7 | Episode 449 | Reward -75.00 | Epsilon 0.0221
Seed 7 | Episode 450 | Reward -300.00 | Epsilon 0.0219
Seed 7 | Episode 451 | Reward -111.00 | Epsilon 0.0218
Seed 7 | Episode 452 | Reward -84.00 | Epsilon 0.0217
Seed 7 | Episode 453 | Reward 42.00 | Epsilon 0.0216
Seed 7 | Episode 454 | Reward 45.00 | Epsilon 0.0216
Seed 7 | Episode 455 | Reward 60.00 | Epsilon 0.0216
Seed 7 | Episode 456 | Reward 53.00 | Epsilon 0.0215
Seed 7 | Episode 457 | Reward 57.00 | Epsilon 0.0215
Seed 7 | Episode 458 | Reward -2.00 | Epsilon 0.0214
Seed 7 | Episode 459 | Reward 51.00 | Epsilon 0.0214
Seed 7 | Episode 460 | Reward 44.00 | Epsilon 0.0214
Seed 7 | Episode 461 | Reward -116.00 | Epsilon 0.0212
Seed 7 | Episode 462 | Reward 18.00 | Epsilon 0.0212
Seed 7 | Episode 463 | Reward 41.00 | Epsilon 0.0211
Seed 7 | Episode 464 | Reward 46.00 | Epsilon 0.0211
Seed 7 | Episode 465 | Reward 19.00 | Epsilon 0.0210
Seed 7 | Episode 466 | Reward 50.00 | Epsilon 0.0210
Seed 7 | Episode 467 | Reward 46.00 | Epsilon 0.0210
Seed 7 | Episode 468 | Reward 26.00 | Epsilon 0.0209
Seed 7 | Episode 469 | Reward 43.00 | Epsilon 0.0209
Seed 7 | Episode 470 | Reward -37.00 | Epsilon 0.0208
Seed 7 | Episode 471 | Reward 58.00 | Epsilon 0.0208
Seed 7 | Episode 472 | Reward 53.00 | Epsilon 0.0207
Seed 7 | Episode 473 | Reward -300.00 | Epsilon 0.0206
Seed 7 | Episode 474 | Reward 44.00 | Epsilon 0.0205
Seed 7 | Episode 475 | Reward -102.00 | Epsilon 0.0204
Seed 7 | Episode 476 | Reward 47.00 | Epsilon 0.0204
Seed 7 | Episode 477 | Reward 37.00 | Epsilon 0.0203
Seed 7 | Episode 478 | Reward 56.00 | Epsilon 0.0203
Seed 7 | Episode 479 | Reward 49.00 | Epsilon 0.0203
Seed 7 | Episode 480 | Reward 57.00 | Epsilon 0.0202
Seed 7 | Episode 481 | Reward 53.00 | Epsilon 0.0202
Seed 7 | Episode 482 | Reward 52.00 | Epsilon 0.0202
Seed 7 | Episode 483 | Reward 56.00 | Epsilon 0.0202
Seed 7 | Episode 484 | Reward 60.00 | Epsilon 0.0201
Seed 7 | Episode 485 | Reward 42.00 | Epsilon 0.0201
Seed 7 | Episode 486 | Reward -60.00 | Epsilon 0.0200
Seed 7 | Episode 487 | Reward 55.00 | Epsilon 0.0200
Seed 7 | Episode 488 | Reward 49.00 | Epsilon 0.0199
Seed 7 | Episode 489 | Reward -52.00 | Epsilon 0.0199
Seed 7 | Episode 490 | Reward 53.00 | Epsilon 0.0198
Seed 7 | Episode 491 | Reward 38.00 | Epsilon 0.0198
Seed 7 | Episode 492 | Reward -1.00 | Epsilon 0.0197
Seed 7 | Episode 493 | Reward 47.00 | Epsilon 0.0197
Seed 7 | Episode 494 | Reward 53.00 | Epsilon 0.0197
Seed 7 | Episode 495 | Reward 26.00 | Epsilon 0.0196
Seed 7 | Episode 496 | Reward 51.00 | Epsilon 0.0196
Seed 7 | Episode 497 | Reward 58.00 | Epsilon 0.0196
Seed 7 | Episode 498 | Reward 58.00 | Epsilon 0.0195
Seed 7 | Episode 499 | Reward -300.00 | Epsilon 0.0194
Seed 7 | Episode 500 | Reward 49.00 | Epsilon 0.0193
Seed 7 | Episode 501 | Reward -43.00 | Epsilon 0.0193
Seed 7 | Episode 502 | Reward 37.00 | Epsilon 0.0192
Seed 7 | Episode 503 | Reward 57.00 | Epsilon 0.0192
Seed 7 | Episode 504 | Reward 37.00 | Epsilon 0.0192
Seed 7 | Episode 505 | Reward -14.00 | Epsilon 0.0191
Seed 7 | Episode 506 | Reward -77.00 | Epsilon 0.0190
Seed 7 | Episode 507 | Reward -300.00 | Epsilon 0.0188
Seed 7 | Episode 508 | Reward -103.00 | Epsilon 0.0187
Seed 7 | Episode 509 | Reward -48.00 | Epsilon 0.0186
Seed 7 | Episode 510 | Reward 51.00 | Epsilon 0.0186
Seed 7 | Episode 511 | Reward 38.00 | Epsilon 0.0186
Seed 7 | Episode 512 | Reward 58.00 | Epsilon 0.0185
Seed 7 | Episode 513 | Reward 57.00 | Epsilon 0.0185
Seed 7 | Episode 514 | Reward 62.00 | Epsilon 0.0185
Seed 7 | Episode 515 | Reward -64.00 | Epsilon 0.0184
Seed 7 | Episode 516 | Reward 36.00 | Epsilon 0.0184
Seed 7 | Episode 517 | Reward 55.00 | Epsilon 0.0183
Seed 7 | Episode 518 | Reward 63.00 | Epsilon 0.0183
Seed 7 | Episode 519 | Reward -50.00 | Epsilon 0.0182
Seed 7 | Episode 520 | Reward -27.00 | Epsilon 0.0182
Seed 7 | Episode 521 | Reward -164.00 | Epsilon 0.0180
Seed 7 | Episode 522 | Reward 44.00 | Epsilon 0.0180
Seed 7 | Episode 523 | Reward 57.00 | Epsilon 0.0180
Seed 7 | Episode 524 | Reward -174.00 | Epsilon 0.0178
Seed 7 | Episode 525 | Reward 62.00 | Epsilon 0.0178
Seed 7 | Episode 526 | Reward 39.00 | Epsilon 0.0178
Seed 7 | Episode 527 | Reward 47.00 | Epsilon 0.0177
Seed 7 | Episode 528 | Reward 60.00 | Epsilon 0.0177
Seed 7 | Episode 529 | Reward 45.00 | Epsilon 0.0177
Seed 7 | Episode 530 | Reward -40.00 | Epsilon 0.0176
Seed 7 | Episode 531 | Reward -300.00 | Epsilon 0.0174
Seed 7 | Episode 532 | Reward 49.00 | Epsilon 0.0174
Seed 7 | Episode 533 | Reward 54.00 | Epsilon 0.0174
Seed 7 | Episode 534 | Reward 49.00 | Epsilon 0.0174
Seed 7 | Episode 535 | Reward 55.00 | Epsilon 0.0173
Seed 7 | Episode 536 | Reward -11.00 | Epsilon 0.0173
Seed 7 | Episode 537 | Reward 61.00 | Epsilon 0.0173
Seed 7 | Episode 538 | Reward 47.00 | Epsilon 0.0172
Seed 7 | Episode 539 | Reward 40.00 | Epsilon 0.0172
Seed 7 | Episode 540 | Reward 52.00 | Epsilon 0.0172
Seed 7 | Episode 541 | Reward 61.00 | Epsilon 0.0172
Seed 7 | Episode 542 | Reward -4.00 | Epsilon 0.0171
Seed 7 | Episode 543 | Reward 42.00 | Epsilon 0.0171
Seed 7 | Episode 544 | Reward 36.00 | Epsilon 0.0170
Seed 7 | Episode 545 | Reward 49.00 | Epsilon 0.0170
Seed 7 | Episode 546 | Reward 48.00 | Epsilon 0.0170
Seed 7 | Episode 547 | Reward 51.00 | Epsilon 0.0170
Seed 7 | Episode 548 | Reward 56.00 | Epsilon 0.0169
Seed 7 | Episode 549 | Reward 60.00 | Epsilon 0.0169
Seed 7 | Episode 550 | Reward 50.00 | Epsilon 0.0169
Seed 7 | Episode 551 | Reward 45.00 | Epsilon 0.0169
Seed 7 | Episode 552 | Reward 53.00 | Epsilon 0.0168
Seed 7 | Episode 553 | Reward 56.00 | Epsilon 0.0168
Seed 7 | Episode 554 | Reward 49.00 | Epsilon 0.0168
Seed 7 | Episode 555 | Reward 54.00 | Epsilon 0.0168
Seed 7 | Episode 556 | Reward 52.00 | Epsilon 0.0167
Seed 7 | Episode 557 | Reward 48.00 | Epsilon 0.0167
Seed 7 | Episode 558 | Reward 55.00 | Epsilon 0.0167
Seed 7 | Episode 559 | Reward 50.00 | Epsilon 0.0167
Seed 7 | Episode 560 | Reward 48.00 | Epsilon 0.0166
Seed 7 | Episode 561 | Reward 56.00 | Epsilon 0.0166
Seed 7 | Episode 562 | Reward 54.00 | Epsilon 0.0166
Seed 7 | Episode 563 | Reward -19.00 | Epsilon 0.0165
Seed 7 | Episode 564 | Reward 62.00 | Epsilon 0.0165
Seed 7 | Episode 565 | Reward 51.00 | Epsilon 0.0165
Seed 7 | Episode 566 | Reward 48.00 | Epsilon 0.0165
Seed 7 | Episode 567 | Reward 53.00 | Epsilon 0.0164
Seed 7 | Episode 568 | Reward 40.00 | Epsilon 0.0164
Seed 7 | Episode 569 | Reward 31.00 | Epsilon 0.0164
Seed 7 | Episode 570 | Reward 38.00 | Epsilon 0.0163
Seed 7 | Episode 571 | Reward 46.00 | Epsilon 0.0163
Seed 7 | Episode 572 | Reward 30.00 | Epsilon 0.0163
Seed 7 | Episode 573 | Reward 59.00 | Epsilon 0.0163
Seed 7 | Episode 574 | Reward 44.00 | Epsilon 0.0162
Seed 7 | Episode 575 | Reward 42.00 | Epsilon 0.0162
Seed 7 | Episode 576 | Reward 42.00 | Epsilon 0.0162
Seed 7 | Episode 577 | Reward 53.00 | Epsilon 0.0162
Seed 7 | Episode 578 | Reward 50.00 | Epsilon 0.0161
Seed 7 | Episode 579 | Reward 44.00 | Epsilon 0.0161
Seed 7 | Episode 580 | Reward 46.00 | Epsilon 0.0161
Seed 7 | Episode 581 | Reward -71.00 | Epsilon 0.0160
Seed 7 | Episode 582 | Reward 3.00 | Epsilon 0.0159
Seed 7 | Episode 583 | Reward 45.00 | Epsilon 0.0159
Seed 7 | Episode 584 | Reward 36.00 | Epsilon 0.0159
Seed 7 | Episode 585 | Reward 31.00 | Epsilon 0.0159
Seed 7 | Episode 586 | Reward 43.00 | Epsilon 0.0158
Seed 7 | Episode 587 | Reward 45.00 | Epsilon 0.0158
Seed 7 | Episode 588 | Reward 49.00 | Epsilon 0.0158
Seed 7 | Episode 589 | Reward 60.00 | Epsilon 0.0158
Seed 7 | Episode 590 | Reward 52.00 | Epsilon 0.0157
Seed 7 | Episode 591 | Reward 41.00 | Epsilon 0.0157
Seed 7 | Episode 592 | Reward 41.00 | Epsilon 0.0157
Seed 7 | Episode 593 | Reward 49.00 | Epsilon 0.0157
Seed 7 | Episode 594 | Reward 39.00 | Epsilon 0.0156
Seed 7 | Episode 595 | Reward 53.00 | Epsilon 0.0156
Seed 7 | Episode 596 | Reward -45.00 | Epsilon 0.0155
Seed 7 | Episode 597 | Reward 47.00 | Epsilon 0.0155
Seed 7 | Episode 598 | Reward 44.00 | Epsilon 0.0155
Seed 7 | Episode 599 | Reward 59.00 | Epsilon 0.0155
Seed 7 | Episode 600 | Reward 26.00 | Epsilon 0.0154
Seed 7 | Episode 601 | Reward 58.00 | Epsilon 0.0154
Seed 7 | Episode 602 | Reward 19.00 | Epsilon 0.0154
Seed 7 | Episode 603 | Reward 47.00 | Epsilon 0.0153
Seed 7 | Episode 604 | Reward 51.00 | Epsilon 0.0153
Seed 7 | Episode 605 | Reward 45.00 | Epsilon 0.0153
Seed 7 | Episode 606 | Reward 54.00 | Epsilon 0.0153
Seed 7 | Episode 607 | Reward -40.00 | Epsilon 0.0152
Seed 7 | Episode 608 | Reward 47.00 | Epsilon 0.0152
Seed 7 | Episode 609 | Reward 46.00 | Epsilon 0.0152
Seed 7 | Episode 610 | Reward 38.00 | Epsilon 0.0151
Seed 7 | Episode 611 | Reward 53.00 | Epsilon 0.0151
Seed 7 | Episode 612 | Reward 33.00 | Epsilon 0.0151
Seed 7 | Episode 613 | Reward 50.00 | Epsilon 0.0151
Seed 7 | Episode 614 | Reward 33.00 | Epsilon 0.0150
Seed 7 | Episode 615 | Reward 57.00 | Epsilon 0.0150
Seed 7 | Episode 616 | Reward 51.00 | Epsilon 0.0150
Seed 7 | Episode 617 | Reward 53.00 | Epsilon 0.0150
Seed 7 | Episode 618 | Reward 54.00 | Epsilon 0.0149
Seed 7 | Episode 619 | Reward 49.00 | Epsilon 0.0149
Seed 7 | Episode 620 | Reward -94.00 | Epsilon 0.0148
Seed 7 | Episode 621 | Reward 46.00 | Epsilon 0.0148
Seed 7 | Episode 622 | Reward 53.00 | Epsilon 0.0148
Seed 7 | Episode 623 | Reward 15.00 | Epsilon 0.0147
Seed 7 | Episode 624 | Reward 40.00 | Epsilon 0.0147
Seed 7 | Episode 625 | Reward 35.00 | Epsilon 0.0147
Seed 7 | Episode 626 | Reward 50.00 | Epsilon 0.0147
Seed 7 | Episode 627 | Reward 47.00 | Epsilon 0.0146
Seed 7 | Episode 628 | Reward 64.00 | Epsilon 0.0146
Seed 7 | Episode 629 | Reward 29.00 | Epsilon 0.0146
Seed 7 | Episode 630 | Reward 54.00 | Epsilon 0.0146
Seed 7 | Episode 631 | Reward 49.00 | Epsilon 0.0146
Seed 7 | Episode 632 | Reward 41.00 | Epsilon 0.0145
Seed 7 | Episode 633 | Reward 41.00 | Epsilon 0.0145
Seed 7 | Episode 634 | Reward 59.00 | Epsilon 0.0145
Seed 7 | Episode 635 | Reward -24.00 | Epsilon 0.0144
Seed 7 | Episode 636 | Reward -180.00 | Epsilon 0.0143
Seed 7 | Episode 637 | Reward 53.00 | Epsilon 0.0143
Seed 7 | Episode 638 | Reward 49.00 | Epsilon 0.0143
Seed 7 | Episode 639 | Reward 41.00 | Epsilon 0.0142
Seed 7 | Episode 640 | Reward 41.00 | Epsilon 0.0142
Seed 7 | Episode 641 | Reward 17.00 | Epsilon 0.0142
Seed 7 | Episode 642 | Reward 47.00 | Epsilon 0.0142
Seed 7 | Episode 643 | Reward 63.00 | Epsilon 0.0141
Seed 7 | Episode 644 | Reward 39.00 | Epsilon 0.0141
Seed 7 | Episode 645 | Reward 59.00 | Epsilon 0.0141
Seed 7 | Episode 646 | Reward 49.00 | Epsilon 0.0141
Seed 7 | Episode 647 | Reward 52.00 | Epsilon 0.0141
Seed 7 | Episode 648 | Reward 42.00 | Epsilon 0.0140
Seed 7 | Episode 649 | Reward 56.00 | Epsilon 0.0140
Seed 7 | Episode 650 | Reward 60.00 | Epsilon 0.0140
Seed 7 | Episode 651 | Reward 51.00 | Epsilon 0.0140
Seed 7 | Episode 652 | Reward 20.00 | Epsilon 0.0139
Seed 7 | Episode 653 | Reward -192.00 | Epsilon 0.0138
Seed 7 | Episode 654 | Reward 40.00 | Epsilon 0.0138
Seed 7 | Episode 655 | Reward 47.00 | Epsilon 0.0138
Seed 7 | Episode 656 | Reward 36.00 | Epsilon 0.0137
Seed 7 | Episode 657 | Reward 63.00 | Epsilon 0.0137
Seed 7 | Episode 658 | Reward 51.00 | Epsilon 0.0137
Seed 7 | Episode 659 | Reward 50.00 | Epsilon 0.0137
Seed 7 | Episode 660 | Reward 21.00 | Epsilon 0.0136
Seed 7 | Episode 661 | Reward 60.00 | Epsilon 0.0136
Seed 7 | Episode 662 | Reward 50.00 | Epsilon 0.0136
Seed 7 | Episode 663 | Reward 54.00 | Epsilon 0.0136
Seed 7 | Episode 664 | Reward 60.00 | Epsilon 0.0136
Seed 7 | Episode 665 | Reward 56.00 | Epsilon 0.0136
Seed 7 | Episode 666 | Reward 53.00 | Epsilon 0.0135
Seed 7 | Episode 667 | Reward 26.00 | Epsilon 0.0135
Seed 7 | Episode 668 | Reward 46.00 | Epsilon 0.0135
Seed 7 | Episode 669 | Reward 50.00 | Epsilon 0.0135
Seed 7 | Episode 670 | Reward 45.00 | Epsilon 0.0134
Seed 7 | Episode 671 | Reward -1.00 | Epsilon 0.0134
Seed 7 | Episode 672 | Reward 58.00 | Epsilon 0.0134
Seed 7 | Episode 673 | Reward 50.00 | Epsilon 0.0134
Seed 7 | Episode 674 | Reward 48.00 | Epsilon 0.0133
Seed 7 | Episode 675 | Reward 44.00 | Epsilon 0.0133
Seed 7 | Episode 676 | Reward 58.00 | Epsilon 0.0133
Seed 7 | Episode 677 | Reward 20.00 | Epsilon 0.0133
Seed 7 | Episode 678 | Reward 54.00 | Epsilon 0.0133
Seed 7 | Episode 679 | Reward 50.00 | Epsilon 0.0132
Seed 7 | Episode 680 | Reward 59.00 | Epsilon 0.0132
Seed 7 | Episode 681 | Reward 61.00 | Epsilon 0.0132
Seed 7 | Episode 682 | Reward -300.00 | Epsilon 0.0131
Seed 7 | Episode 683 | Reward 45.00 | Epsilon 0.0131
Seed 7 | Episode 684 | Reward 46.00 | Epsilon 0.0130
Seed 7 | Episode 685 | Reward 56.00 | Epsilon 0.0130
Seed 7 | Episode 686 | Reward 57.00 | Epsilon 0.0130
Seed 7 | Episode 687 | Reward 47.00 | Epsilon 0.0130
Seed 7 | Episode 688 | Reward 44.00 | Epsilon 0.0130
Seed 7 | Episode 689 | Reward 48.00 | Epsilon 0.0129
Seed 7 | Episode 690 | Reward -63.00 | Epsilon 0.0129
Seed 7 | Episode 691 | Reward 13.00 | Epsilon 0.0128
Seed 7 | Episode 692 | Reward 31.00 | Epsilon 0.0128
Seed 7 | Episode 693 | Reward 15.00 | Epsilon 0.0128
Seed 7 | Episode 694 | Reward 47.00 | Epsilon 0.0128
Seed 7 | Episode 695 | Reward 40.00 | Epsilon 0.0127
Seed 7 | Episode 696 | Reward 53.00 | Epsilon 0.0127
Seed 7 | Episode 697 | Reward 10.00 | Epsilon 0.0127
Seed 7 | Episode 698 | Reward 4.00 | Epsilon 0.0126
Seed 7 | Episode 699 | Reward -15.00 | Epsilon 0.0126
Seed 7 | Episode 700 | Reward 49.00 | Epsilon 0.0126
Seed 7 | Episode 701 | Reward 53.00 | Epsilon 0.0126
Seed 7 | Episode 702 | Reward 39.00 | Epsilon 0.0125
Seed 7 | Episode 703 | Reward 58.00 | Epsilon 0.0125
Seed 7 | Episode 704 | Reward 48.00 | Epsilon 0.0125
Seed 7 | Episode 705 | Reward 27.00 | Epsilon 0.0125
Seed 7 | Episode 706 | Reward 47.00 | Epsilon 0.0125
Seed 7 | Episode 707 | Reward 49.00 | Epsilon 0.0124
Seed 7 | Episode 708 | Reward 45.00 | Epsilon 0.0124
Seed 7 | Episode 709 | Reward 57.00 | Epsilon 0.0124
Seed 7 | Episode 710 | Reward 37.00 | Epsilon 0.0124
Seed 7 | Episode 711 | Reward 47.00 | Epsilon 0.0124
Seed 7 | Episode 712 | Reward 52.00 | Epsilon 0.0123
Seed 7 | Episode 713 | Reward 48.00 | Epsilon 0.0123
Seed 7 | Episode 714 | Reward 21.00 | Epsilon 0.0123
Seed 7 | Episode 715 | Reward 34.00 | Epsilon 0.0123
Seed 7 | Episode 716 | Reward -23.00 | Epsilon 0.0122
Seed 7 | Episode 717 | Reward 51.00 | Epsilon 0.0122
Seed 7 | Episode 718 | Reward -13.00 | Epsilon 0.0122
Seed 7 | Episode 719 | Reward 40.00 | Epsilon 0.0121
Seed 7 | Episode 720 | Reward -7.00 | Epsilon 0.0121
Seed 7 | Episode 721 | Reward -13.00 | Epsilon 0.0121
Seed 7 | Episode 722 | Reward 58.00 | Epsilon 0.0120
Seed 7 | Episode 723 | Reward 35.00 | Epsilon 0.0120
Seed 7 | Episode 724 | Reward 42.00 | Epsilon 0.0120
Seed 7 | Episode 725 | Reward 39.00 | Epsilon 0.0120
Seed 7 | Episode 726 | Reward -22.00 | Epsilon 0.0119
Seed 7 | Episode 727 | Reward 51.00 | Epsilon 0.0119
Seed 7 | Episode 728 | Reward -300.00 | Epsilon 0.0118
Seed 7 | Episode 729 | Reward 58.00 | Epsilon 0.0118
Seed 7 | Episode 730 | Reward 34.00 | Epsilon 0.0118
Seed 7 | Episode 731 | Reward 44.00 | Epsilon 0.0117
Seed 7 | Episode 732 | Reward 36.00 | Epsilon 0.0117
Seed 7 | Episode 733 | Reward 45.00 | Epsilon 0.0117
Seed 7 | Episode 734 | Reward 37.00 | Epsilon 0.0117
Seed 7 | Episode 735 | Reward 37.00 | Epsilon 0.0117
Seed 7 | Episode 736 | Reward 45.00 | Epsilon 0.0116
Seed 7 | Episode 737 | Reward 56.00 | Epsilon 0.0116
Seed 7 | Episode 738 | Reward 43.00 | Epsilon 0.0116
Seed 7 | Episode 739 | Reward 64.00 | Epsilon 0.0116
Seed 7 | Episode 740 | Reward 59.00 | Epsilon 0.0116
Seed 7 | Episode 741 | Reward 58.00 | Epsilon 0.0116
Seed 7 | Episode 742 | Reward 42.00 | Epsilon 0.0115
Seed 7 | Episode 743 | Reward 62.00 | Epsilon 0.0115
Seed 7 | Episode 744 | Reward 59.00 | Epsilon 0.0115
Seed 7 | Episode 745 | Reward 54.00 | Epsilon 0.0115
Seed 7 | Episode 746 | Reward 40.00 | Epsilon 0.0115
Seed 7 | Episode 747 | Reward 39.00 | Epsilon 0.0115
Seed 7 | Episode 748 | Reward 61.00 | Epsilon 0.0114
Seed 7 | Episode 749 | Reward 56.00 | Epsilon 0.0114
Seed 7 | Episode 750 | Reward 62.00 | Epsilon 0.0114
Seed 7 | Episode 751 | Reward 3.00 | Epsilon 0.0114
Seed 7 | Episode 752 | Reward 19.00 | Epsilon 0.0113
Seed 7 | Episode 753 | Reward 46.00 | Epsilon 0.0113
Seed 7 | Episode 754 | Reward 54.00 | Epsilon 0.0113
Seed 7 | Episode 755 | Reward 54.00 | Epsilon 0.0113
Seed 7 | Episode 756 | Reward 60.00 | Epsilon 0.0113
Seed 7 | Episode 757 | Reward 11.00 | Epsilon 0.0113
Seed 7 | Episode 758 | Reward 53.00 | Epsilon 0.0112
Seed 7 | Episode 759 | Reward 48.00 | Epsilon 0.0112
Seed 7 | Episode 760 | Reward 47.00 | Epsilon 0.0112
Seed 7 | Episode 761 | Reward -10.00 | Epsilon 0.0112
Seed 7 | Episode 762 | Reward -300.00 | Epsilon 0.0111
Seed 7 | Episode 763 | Reward 47.00 | Epsilon 0.0110
Seed 7 | Episode 764 | Reward 25.00 | Epsilon 0.0110
Seed 7 | Episode 765 | Reward 41.00 | Epsilon 0.0110
Seed 7 | Episode 766 | Reward 43.00 | Epsilon 0.0110
Seed 7 | Episode 767 | Reward 56.00 | Epsilon 0.0110
Seed 7 | Episode 768 | Reward 55.00 | Epsilon 0.0110
Seed 7 | Episode 769 | Reward 15.00 | Epsilon 0.0109
Seed 7 | Episode 770 | Reward 50.00 | Epsilon 0.0109
Seed 7 | Episode 771 | Reward 43.00 | Epsilon 0.0109
Seed 7 | Episode 772 | Reward 61.00 | Epsilon 0.0109
Seed 7 | Episode 773 | Reward 45.00 | Epsilon 0.0109
Seed 7 | Episode 774 | Reward -53.00 | Epsilon 0.0108
Seed 7 | Episode 775 | Reward 35.00 | Epsilon 0.0108
Seed 7 | Episode 776 | Reward 54.00 | Epsilon 0.0108
Seed 7 | Episode 777 | Reward 45.00 | Epsilon 0.0108
Seed 7 | Episode 778 | Reward -27.00 | Epsilon 0.0107
Seed 7 | Episode 779 | Reward 48.00 | Epsilon 0.0107
Seed 7 | Episode 780 | Reward -54.00 | Epsilon 0.0106
Seed 7 | Episode 781 | Reward 43.00 | Epsilon 0.0106
Seed 7 | Episode 782 | Reward 51.00 | Epsilon 0.0106
Seed 7 | Episode 783 | Reward 60.00 | Epsilon 0.0106
Seed 7 | Episode 784 | Reward 64.00 | Epsilon 0.0106
Seed 7 | Episode 785 | Reward 29.00 | Epsilon 0.0106
Seed 7 | Episode 786 | Reward 48.00 | Epsilon 0.0105
Seed 7 | Episode 787 | Reward 65.00 | Epsilon 0.0105
Seed 7 | Episode 788 | Reward 39.00 | Epsilon 0.0105
Seed 7 | Episode 789 | Reward 47.00 | Epsilon 0.0105
Seed 7 | Episode 790 | Reward 49.00 | Epsilon 0.0105
Seed 7 | Episode 791 | Reward -197.00 | Epsilon 0.0104
Seed 7 | Episode 792 | Reward 60.00 | Epsilon 0.0104
Seed 7 | Episode 793 | Reward 29.00 | Epsilon 0.0104
Seed 7 | Episode 794 | Reward 49.00 | Epsilon 0.0103
Seed 7 | Episode 795 | Reward 37.00 | Epsilon 0.0103
Seed 7 | Episode 796 | Reward 59.00 | Epsilon 0.0103
Seed 7 | Episode 797 | Reward 24.00 | Epsilon 0.0103
Seed 7 | Episode 798 | Reward -71.00 | Epsilon 0.0102
Seed 7 | Episode 799 | Reward -65.00 | Epsilon 0.0102
Seed 7 | Episode 800 | Reward 42.00 | Epsilon 0.0102
Seed 7 | Episode 801 | Reward 51.00 | Epsilon 0.0101
Seed 7 | Episode 802 | Reward 53.00 | Epsilon 0.0101
Seed 7 | Episode 803 | Reward 35.00 | Epsilon 0.0101
Seed 7 | Episode 804 | Reward -11.00 | Epsilon 0.0101
Seed 7 | Episode 805 | Reward 14.00 | Epsilon 0.0100
Seed 7 | Episode 806 | Reward 53.00 | Epsilon 0.0100
Seed 7 | Episode 807 | Reward 48.00 | Epsilon 0.0100
Seed 7 | Episode 808 | Reward -70.00 | Epsilon 0.0100
Seed 7 | Episode 809 | Reward 46.00 | Epsilon 0.0100
Seed 7 | Episode 810 | Reward 21.00 | Epsilon 0.0100
Seed 7 | Episode 811 | Reward -17.00 | Epsilon 0.0100
Seed 7 | Episode 812 | Reward 46.00 | Epsilon 0.0100
Seed 7 | Episode 813 | Reward 17.00 | Epsilon 0.0100
Seed 7 | Episode 814 | Reward 58.00 | Epsilon 0.0100
Seed 7 | Episode 815 | Reward 49.00 | Epsilon 0.0100
Seed 7 | Episode 816 | Reward 5.00 | Epsilon 0.0100
Seed 7 | Episode 817 | Reward 48.00 | Epsilon 0.0100
Seed 7 | Episode 818 | Reward 42.00 | Epsilon 0.0100
Seed 7 | Episode 819 | Reward 60.00 | Epsilon 0.0100
Seed 7 | Episode 820 | Reward 45.00 | Epsilon 0.0100
Seed 7 | Episode 821 | Reward 4.00 | Epsilon 0.0100
Seed 7 | Episode 822 | Reward -18.00 | Epsilon 0.0100
Seed 7 | Episode 823 | Reward 24.00 | Epsilon 0.0100
Seed 7 | Episode 824 | Reward 55.00 | Epsilon 0.0100
Seed 7 | Episode 825 | Reward 42.00 | Epsilon 0.0100
Seed 7 | Episode 826 | Reward 40.00 | Epsilon 0.0100
Seed 7 | Episode 827 | Reward -132.00 | Epsilon 0.0100
Seed 7 | Episode 828 | Reward -46.00 | Epsilon 0.0100
Seed 7 | Episode 829 | Reward 43.00 | Epsilon 0.0100
Seed 7 | Episode 830 | Reward 55.00 | Epsilon 0.0100
Seed 7 | Episode 831 | Reward 51.00 | Epsilon 0.0100
Seed 7 | Episode 832 | Reward 49.00 | Epsilon 0.0100
Seed 7 | Episode 833 | Reward 63.00 | Epsilon 0.0100
Seed 7 | Episode 834 | Reward -189.00 | Epsilon 0.0100
Seed 7 | Episode 835 | Reward 54.00 | Epsilon 0.0100
Seed 7 | Episode 836 | Reward 44.00 | Epsilon 0.0100
Seed 7 | Episode 837 | Reward 57.00 | Epsilon 0.0100
Seed 7 | Episode 838 | Reward 41.00 | Epsilon 0.0100
Seed 7 | Episode 839 | Reward 52.00 | Epsilon 0.0100
Seed 7 | Episode 840 | Reward 44.00 | Epsilon 0.0100
Seed 7 | Episode 841 | Reward -300.00 | Epsilon 0.0100
Seed 7 | Episode 842 | Reward 60.00 | Epsilon 0.0100
Seed 7 | Episode 843 | Reward 53.00 | Epsilon 0.0100
Seed 7 | Episode 844 | Reward 61.00 | Epsilon 0.0100
Seed 7 | Episode 845 | Reward 50.00 | Epsilon 0.0100
Seed 7 | Episode 846 | Reward 58.00 | Epsilon 0.0100
Seed 7 | Episode 847 | Reward -25.00 | Epsilon 0.0100
Seed 7 | Episode 848 | Reward 51.00 | Epsilon 0.0100
Seed 7 | Episode 849 | Reward 35.00 | Epsilon 0.0100
Seed 7 | Episode 850 | Reward 57.00 | Epsilon 0.0100
Seed 7 | Episode 851 | Reward 45.00 | Epsilon 0.0100
Seed 7 | Episode 852 | Reward 47.00 | Epsilon 0.0100
Seed 7 | Episode 853 | Reward 6.00 | Epsilon 0.0100
Seed 7 | Episode 854 | Reward 60.00 | Epsilon 0.0100
Seed 7 | Episode 855 | Reward -300.00 | Epsilon 0.0100
Seed 7 | Episode 856 | Reward 51.00 | Epsilon 0.0100
Seed 7 | Episode 857 | Reward 60.00 | Epsilon 0.0100
Seed 7 | Episode 858 | Reward 48.00 | Epsilon 0.0100
Seed 7 | Episode 859 | Reward 47.00 | Epsilon 0.0100
Seed 7 | Episode 860 | Reward -132.00 | Epsilon 0.0100
Seed 7 | Episode 861 | Reward 40.00 | Epsilon 0.0100
Seed 7 | Episode 862 | Reward -2.00 | Epsilon 0.0100
Seed 7 | Episode 863 | Reward 42.00 | Epsilon 0.0100
Seed 7 | Episode 864 | Reward 55.00 | Epsilon 0.0100
Seed 7 | Episode 865 | Reward 7.00 | Epsilon 0.0100
Seed 7 | Episode 866 | Reward 65.00 | Epsilon 0.0100
Seed 7 | Episode 867 | Reward -23.00 | Epsilon 0.0100
Seed 7 | Episode 868 | Reward 57.00 | Epsilon 0.0100
Seed 7 | Episode 869 | Reward 40.00 | Epsilon 0.0100
Seed 7 | Episode 870 | Reward 54.00 | Epsilon 0.0100
Seed 7 | Episode 871 | Reward -89.00 | Epsilon 0.0100
Seed 7 | Episode 872 | Reward 29.00 | Epsilon 0.0100
Seed 7 | Episode 873 | Reward 60.00 | Epsilon 0.0100
Seed 7 | Episode 874 | Reward 57.00 | Epsilon 0.0100
Seed 7 | Episode 875 | Reward 43.00 | Epsilon 0.0100
Seed 7 | Episode 876 | Reward 45.00 | Epsilon 0.0100
Seed 7 | Episode 877 | Reward 41.00 | Epsilon 0.0100
Seed 7 | Episode 878 | Reward 36.00 | Epsilon 0.0100
Seed 7 | Episode 879 | Reward 23.00 | Epsilon 0.0100
Seed 7 | Episode 880 | Reward 39.00 | Epsilon 0.0100
Seed 7 | Episode 881 | Reward 62.00 | Epsilon 0.0100
Seed 7 | Episode 882 | Reward 50.00 | Epsilon 0.0100
Seed 7 | Episode 883 | Reward 62.00 | Epsilon 0.0100
Seed 7 | Episode 884 | Reward -61.00 | Epsilon 0.0100
Seed 7 | Episode 885 | Reward 52.00 | Epsilon 0.0100
Seed 7 | Episode 886 | Reward 48.00 | Epsilon 0.0100
Seed 7 | Episode 887 | Reward 53.00 | Epsilon 0.0100
Seed 7 | Episode 888 | Reward 54.00 | Epsilon 0.0100
Seed 7 | Episode 889 | Reward 54.00 | Epsilon 0.0100
Seed 7 | Episode 890 | Reward 45.00 | Epsilon 0.0100
Seed 7 | Episode 891 | Reward 63.00 | Epsilon 0.0100
Seed 7 | Episode 892 | Reward 57.00 | Epsilon 0.0100
Seed 7 | Episode 893 | Reward 61.00 | Epsilon 0.0100
Seed 7 | Episode 894 | Reward 47.00 | Epsilon 0.0100
Seed 7 | Episode 895 | Reward 62.00 | Epsilon 0.0100
Seed 7 | Episode 896 | Reward 39.00 | Epsilon 0.0100
Seed 7 | Episode 897 | Reward 42.00 | Epsilon 0.0100
Seed 7 | Episode 898 | Reward 49.00 | Epsilon 0.0100
Seed 7 | Episode 899 | Reward 62.00 | Epsilon 0.0100
Seed 7 | Episode 900 | Reward 38.00 | Epsilon 0.0100
Seed 7 | Episode 901 | Reward 54.00 | Epsilon 0.0100
Seed 7 | Episode 902 | Reward 53.00 | Epsilon 0.0100
Seed 7 | Episode 903 | Reward 42.00 | Epsilon 0.0100
Seed 7 | Episode 904 | Reward 64.00 | Epsilon 0.0100
Seed 7 | Episode 905 | Reward 32.00 | Epsilon 0.0100
Seed 7 | Episode 906 | Reward 46.00 | Epsilon 0.0100
Seed 7 | Episode 907 | Reward 56.00 | Epsilon 0.0100
Seed 7 | Episode 908 | Reward 58.00 | Epsilon 0.0100
Seed 7 | Episode 909 | Reward 56.00 | Epsilon 0.0100
Seed 7 | Episode 910 | Reward 46.00 | Epsilon 0.0100
Seed 7 | Episode 911 | Reward -12.00 | Epsilon 0.0100
Seed 7 | Episode 912 | Reward 65.00 | Epsilon 0.0100
Seed 7 | Episode 913 | Reward 45.00 | Epsilon 0.0100
Seed 7 | Episode 914 | Reward 58.00 | Epsilon 0.0100
Seed 7 | Episode 915 | Reward 50.00 | Epsilon 0.0100
Seed 7 | Episode 916 | Reward 64.00 | Epsilon 0.0100
Seed 7 | Episode 917 | Reward 52.00 | Epsilon 0.0100
Seed 7 | Episode 918 | Reward 26.00 | Epsilon 0.0100
Seed 7 | Episode 919 | Reward 53.00 | Epsilon 0.0100
Seed 7 | Episode 920 | Reward 54.00 | Epsilon 0.0100
Seed 7 | Episode 921 | Reward 45.00 | Epsilon 0.0100
Seed 7 | Episode 922 | Reward 23.00 | Epsilon 0.0100
Seed 7 | Episode 923 | Reward 60.00 | Epsilon 0.0100
Seed 7 | Episode 924 | Reward 52.00 | Epsilon 0.0100
Seed 7 | Episode 925 | Reward 31.00 | Epsilon 0.0100
Seed 7 | Episode 926 | Reward -12.00 | Epsilon 0.0100
Seed 7 | Episode 927 | Reward 62.00 | Epsilon 0.0100
Seed 7 | Episode 928 | Reward 33.00 | Epsilon 0.0100
Seed 7 | Episode 929 | Reward 64.00 | Epsilon 0.0100
Seed 7 | Episode 930 | Reward 54.00 | Epsilon 0.0100
Seed 7 | Episode 931 | Reward 51.00 | Epsilon 0.0100
Seed 7 | Episode 932 | Reward 4.00 | Epsilon 0.0100
Seed 7 | Episode 933 | Reward 53.00 | Epsilon 0.0100
Seed 7 | Episode 934 | Reward 47.00 | Epsilon 0.0100
Seed 7 | Episode 935 | Reward -55.00 | Epsilon 0.0100
Seed 7 | Episode 936 | Reward 35.00 | Epsilon 0.0100
Seed 7 | Episode 937 | Reward 10.00 | Epsilon 0.0100
Seed 7 | Episode 938 | Reward 45.00 | Epsilon 0.0100
Seed 7 | Episode 939 | Reward 40.00 | Epsilon 0.0100
Seed 7 | Episode 940 | Reward 50.00 | Epsilon 0.0100
Seed 7 | Episode 941 | Reward 28.00 | Epsilon 0.0100
Seed 7 | Episode 942 | Reward 39.00 | Epsilon 0.0100
Seed 7 | Episode 943 | Reward 56.00 | Epsilon 0.0100
Seed 7 | Episode 944 | Reward 46.00 | Epsilon 0.0100
Seed 7 | Episode 945 | Reward 52.00 | Epsilon 0.0100
Seed 7 | Episode 946 | Reward 37.00 | Epsilon 0.0100
Seed 7 | Episode 947 | Reward 56.00 | Epsilon 0.0100
Seed 7 | Episode 948 | Reward 56.00 | Epsilon 0.0100
Seed 7 | Episode 949 | Reward -28.00 | Epsilon 0.0100
Seed 7 | Episode 950 | Reward 59.00 | Epsilon 0.0100
Seed 7 | Episode 951 | Reward 57.00 | Epsilon 0.0100
Seed 7 | Episode 952 | Reward 50.00 | Epsilon 0.0100
Seed 7 | Episode 953 | Reward 46.00 | Epsilon 0.0100
Seed 7 | Episode 954 | Reward 61.00 | Epsilon 0.0100
Seed 7 | Episode 955 | Reward 43.00 | Epsilon 0.0100
Seed 7 | Episode 956 | Reward 51.00 | Epsilon 0.0100
Seed 7 | Episode 957 | Reward 13.00 | Epsilon 0.0100
Seed 7 | Episode 958 | Reward 30.00 | Epsilon 0.0100
Seed 7 | Episode 959 | Reward 52.00 | Epsilon 0.0100
Seed 7 | Episode 960 | Reward 59.00 | Epsilon 0.0100
Seed 7 | Episode 961 | Reward 57.00 | Epsilon 0.0100
Seed 7 | Episode 962 | Reward 56.00 | Epsilon 0.0100
Seed 7 | Episode 963 | Reward 58.00 | Epsilon 0.0100
Seed 7 | Episode 964 | Reward 47.00 | Epsilon 0.0100
Seed 7 | Episode 965 | Reward -43.00 | Epsilon 0.0100
Seed 7 | Episode 966 | Reward 38.00 | Epsilon 0.0100
Seed 7 | Episode 967 | Reward 59.00 | Epsilon 0.0100
Seed 7 | Episode 968 | Reward -68.00 | Epsilon 0.0100
Seed 7 | Episode 969 | Reward 36.00 | Epsilon 0.0100
Seed 7 | Episode 970 | Reward 66.00 | Epsilon 0.0100
Seed 7 | Episode 971 | Reward 56.00 | Epsilon 0.0100
Seed 7 | Episode 972 | Reward 54.00 | Epsilon 0.0100
Seed 7 | Episode 973 | Reward 11.00 | Epsilon 0.0100
Seed 7 | Episode 974 | Reward 56.00 | Epsilon 0.0100
Seed 7 | Episode 975 | Reward 59.00 | Epsilon 0.0100
Seed 7 | Episode 976 | Reward 65.00 | Epsilon 0.0100
Seed 7 | Episode 977 | Reward 56.00 | Epsilon 0.0100
Seed 7 | Episode 978 | Reward 64.00 | Epsilon 0.0100
Seed 7 | Episode 979 | Reward -10.00 | Epsilon 0.0100
Seed 7 | Episode 980 | Reward 34.00 | Epsilon 0.0100
Seed 7 | Episode 981 | Reward 46.00 | Epsilon 0.0100
Seed 7 | Episode 982 | Reward 29.00 | Epsilon 0.0100
Seed 7 | Episode 983 | Reward 61.00 | Epsilon 0.0100
Seed 7 | Episode 984 | Reward 2.00 | Epsilon 0.0100
Seed 7 | Episode 985 | Reward 55.00 | Epsilon 0.0100
Seed 7 | Episode 986 | Reward 46.00 | Epsilon 0.0100
Seed 7 | Episode 987 | Reward 46.00 | Epsilon 0.0100
Seed 7 | Episode 988 | Reward 47.00 | Epsilon 0.0100
Seed 7 | Episode 989 | Reward 50.00 | Epsilon 0.0100
Seed 7 | Episode 990 | Reward 25.00 | Epsilon 0.0100
Seed 7 | Episode 991 | Reward -25.00 | Epsilon 0.0100
Seed 7 | Episode 992 | Reward 21.00 | Epsilon 0.0100
Seed 7 | Episode 993 | Reward 55.00 | Epsilon 0.0100
Seed 7 | Episode 994 | Reward 41.00 | Epsilon 0.0100
Seed 7 | Episode 995 | Reward 42.00 | Epsilon 0.0100
Seed 7 | Episode 996 | Reward 22.00 | Epsilon 0.0100
Seed 7 | Episode 997 | Reward 49.00 | Epsilon 0.0100
Seed 7 | Episode 998 | Reward 39.00 | Epsilon 0.0100
Seed 7 | Episode 999 | Reward 40.00 | Epsilon 0.0100
Finished seed 7
