starting job
Sun Dec  7 19:54:41 2025       
+-----------------------------------------------------------------------------------------+
| NVIDIA-SMI 580.65.06              Driver Version: 580.65.06      CUDA Version: 13.0     |
+-----------------------------------------+------------------------+----------------------+
| GPU  Name                 Persistence-M | Bus-Id          Disp.A | Volatile Uncorr. ECC |
| Fan  Temp   Perf          Pwr:Usage/Cap |           Memory-Usage | GPU-Util  Compute M. |
|                                         |                        |               MIG M. |
|=========================================+========================+======================|
|   0  NVIDIA H100 80GB HBM3          On  |   00000000:06:00.0 Off |                   On |
| N/A   22C    P0             66W /  700W |     101MiB /  81559MiB |     N/A      Default |
|                                         |                        |              Enabled |
+-----------------------------------------+------------------------+----------------------+

+-----------------------------------------------------------------------------------------+
| MIG devices:                                                                            |
+------------------+----------------------------------+-----------+-----------------------+
| GPU  GI  CI  MIG |              Shared Memory-Usage |        Vol|        Shared         |
|      ID  ID  Dev |                Shared BAR1-Usage | SM     Unc| CE ENC  DEC  OFA  JPG |
|                  |                                  |        ECC|                       |
|==================+==================================+===========+=======================|
|  0   10   0   0  |              15MiB /  9984MiB    | 16      0 |  1   0    1    0    1 |
|                  |               0MiB /  6185MiB    |           |                       |
+------------------+----------------------------------+-----------+-----------------------+

+-----------------------------------------------------------------------------------------+
| Processes:                                                                              |
|  GPU   GI   CI              PID   Type   Process name                        GPU Memory |
|        ID   ID                                                               Usage      |
|=========================================================================================|
|  No running processes found                                                             |
+-----------------------------------------------------------------------------------------+
Running seed 11
Gym has been unmaintained since 2022 and does not support NumPy 2.0 amongst other critical functionality.
Please upgrade to Gymnasium, the maintained drop-in replacement of Gym, or contact the authors of your software and request that they upgrade.
Users of this version of Gym should be able to simply replace 'import gym' with 'import gymnasium as gym' in the vast majority of cases.
See the migration guide at https://gymnasium.farama.org/introduction/migration_guide/ for additional information.
Seed 11 | Episode 0 | Reward -300.00 | Epsilon 0.9987
Seed 11 | Episode 1 | Reward -300.00 | Epsilon 0.9897
Seed 11 | Episode 2 | Reward -300.00 | Epsilon 0.9808
Seed 11 | Episode 3 | Reward 59.00 | Epsilon 0.9796
Seed 11 | Episode 4 | Reward -300.00 | Epsilon 0.9708
Seed 11 | Episode 5 | Reward -300.00 | Epsilon 0.9621
Seed 11 | Episode 6 | Reward -300.00 | Epsilon 0.9535
Seed 11 | Episode 7 | Reward -300.00 | Epsilon 0.9450
Seed 11 | Episode 8 | Reward -300.00 | Epsilon 0.9365
Seed 11 | Episode 9 | Reward -300.00 | Epsilon 0.9281
Seed 11 | Episode 10 | Reward -300.00 | Epsilon 0.9198
Seed 11 | Episode 11 | Reward -300.00 | Epsilon 0.9115
Seed 11 | Episode 12 | Reward -300.00 | Epsilon 0.9034
Seed 11 | Episode 13 | Reward -300.00 | Epsilon 0.8953
Seed 11 | Episode 14 | Reward -300.00 | Epsilon 0.8873
Seed 11 | Episode 15 | Reward -300.00 | Epsilon 0.8793
Seed 11 | Episode 16 | Reward -300.00 | Epsilon 0.8714
Seed 11 | Episode 17 | Reward -300.00 | Epsilon 0.8636
Seed 11 | Episode 18 | Reward -300.00 | Epsilon 0.8559
Seed 11 | Episode 19 | Reward -300.00 | Epsilon 0.8482
Seed 11 | Episode 20 | Reward -300.00 | Epsilon 0.8406
Seed 11 | Episode 21 | Reward -300.00 | Epsilon 0.8331
Seed 11 | Episode 22 | Reward -300.00 | Epsilon 0.8256
Seed 11 | Episode 23 | Reward -300.00 | Epsilon 0.8182
Seed 11 | Episode 24 | Reward -300.00 | Epsilon 0.8109
Seed 11 | Episode 25 | Reward -300.00 | Epsilon 0.8036
Seed 11 | Episode 26 | Reward -300.00 | Epsilon 0.7964
Seed 11 | Episode 27 | Reward -300.00 | Epsilon 0.7893
Seed 11 | Episode 28 | Reward -300.00 | Epsilon 0.7822
Seed 11 | Episode 29 | Reward -300.00 | Epsilon 0.7752
Seed 11 | Episode 30 | Reward -300.00 | Epsilon 0.7683
Seed 11 | Episode 31 | Reward -300.00 | Epsilon 0.7614
Seed 11 | Episode 32 | Reward -300.00 | Epsilon 0.7546
Seed 11 | Episode 33 | Reward -300.00 | Epsilon 0.7478
Seed 11 | Episode 34 | Reward -300.00 | Epsilon 0.7411
Seed 11 | Episode 35 | Reward -300.00 | Epsilon 0.7345
Seed 11 | Episode 36 | Reward -300.00 | Epsilon 0.7279
Seed 11 | Episode 37 | Reward -300.00 | Epsilon 0.7214
Seed 11 | Episode 38 | Reward -300.00 | Epsilon 0.7149
Seed 11 | Episode 39 | Reward -300.00 | Epsilon 0.7085
Seed 11 | Episode 40 | Reward -300.00 | Epsilon 0.7021
Seed 11 | Episode 41 | Reward -300.00 | Epsilon 0.6959
Seed 11 | Episode 42 | Reward -300.00 | Epsilon 0.6896
Seed 11 | Episode 43 | Reward -300.00 | Epsilon 0.6834
Seed 11 | Episode 44 | Reward -300.00 | Epsilon 0.6773
Seed 11 | Episode 45 | Reward -300.00 | Epsilon 0.6712
Seed 11 | Episode 46 | Reward -300.00 | Epsilon 0.6652
Seed 11 | Episode 47 | Reward -300.00 | Epsilon 0.6593
Seed 11 | Episode 48 | Reward -300.00 | Epsilon 0.6534
Seed 11 | Episode 49 | Reward -300.00 | Epsilon 0.6475
Seed 11 | Episode 50 | Reward -300.00 | Epsilon 0.6417
Seed 11 | Episode 51 | Reward -300.00 | Epsilon 0.6360
Seed 11 | Episode 52 | Reward -300.00 | Epsilon 0.6303
Seed 11 | Episode 53 | Reward -300.00 | Epsilon 0.6246
Seed 11 | Episode 54 | Reward -300.00 | Epsilon 0.6190
Seed 11 | Episode 55 | Reward -300.00 | Epsilon 0.6135
Seed 11 | Episode 56 | Reward -300.00 | Epsilon 0.6080
Seed 11 | Episode 57 | Reward -300.00 | Epsilon 0.6025
Seed 11 | Episode 58 | Reward -300.00 | Epsilon 0.5971
Seed 11 | Episode 59 | Reward -300.00 | Epsilon 0.5918
Seed 11 | Episode 60 | Reward -300.00 | Epsilon 0.5865
Seed 11 | Episode 61 | Reward -300.00 | Epsilon 0.5812
Seed 11 | Episode 62 | Reward -300.00 | Epsilon 0.5760
Seed 11 | Episode 63 | Reward -300.00 | Epsilon 0.5709
Seed 11 | Episode 64 | Reward -300.00 | Epsilon 0.5657
Seed 11 | Episode 65 | Reward -300.00 | Epsilon 0.5607
Seed 11 | Episode 66 | Reward -300.00 | Epsilon 0.5556
Seed 11 | Episode 67 | Reward -300.00 | Epsilon 0.5507
Seed 11 | Episode 68 | Reward 44.00 | Epsilon 0.5497
Seed 11 | Episode 69 | Reward -300.00 | Epsilon 0.5448
Seed 11 | Episode 70 | Reward -300.00 | Epsilon 0.5399
Seed 11 | Episode 71 | Reward -300.00 | Epsilon 0.5351
Seed 11 | Episode 72 | Reward -300.00 | Epsilon 0.5303
Seed 11 | Episode 73 | Reward -300.00 | Epsilon 0.5255
Seed 11 | Episode 74 | Reward -300.00 | Epsilon 0.5208
Seed 11 | Episode 75 | Reward -300.00 | Epsilon 0.5162
Seed 11 | Episode 76 | Reward 50.00 | Epsilon 0.5154
Seed 11 | Episode 77 | Reward -167.00 | Epsilon 0.5112
Seed 11 | Episode 78 | Reward -300.00 | Epsilon 0.5067
Seed 11 | Episode 79 | Reward -300.00 | Epsilon 0.5021
Seed 11 | Episode 80 | Reward -300.00 | Epsilon 0.4976
Seed 11 | Episode 81 | Reward -300.00 | Epsilon 0.4932
Seed 11 | Episode 82 | Reward -300.00 | Epsilon 0.4888
Seed 11 | Episode 83 | Reward -300.00 | Epsilon 0.4844
Seed 11 | Episode 84 | Reward -300.00 | Epsilon 0.4800
Seed 11 | Episode 85 | Reward -300.00 | Epsilon 0.4757
Seed 11 | Episode 86 | Reward -300.00 | Epsilon 0.4715
Seed 11 | Episode 87 | Reward -300.00 | Epsilon 0.4672
Seed 11 | Episode 88 | Reward -300.00 | Epsilon 0.4631
Seed 11 | Episode 89 | Reward -300.00 | Epsilon 0.4589
Seed 11 | Episode 90 | Reward -300.00 | Epsilon 0.4548
Seed 11 | Episode 91 | Reward -300.00 | Epsilon 0.4507
Seed 11 | Episode 92 | Reward -300.00 | Epsilon 0.4467
Seed 11 | Episode 93 | Reward -300.00 | Epsilon 0.4427
Seed 11 | Episode 94 | Reward 45.00 | Epsilon 0.4419
Seed 11 | Episode 95 | Reward -300.00 | Epsilon 0.4380
Seed 11 | Episode 96 | Reward -300.00 | Epsilon 0.4341
Seed 11 | Episode 97 | Reward -300.00 | Epsilon 0.4302
Seed 11 | Episode 98 | Reward -300.00 | Epsilon 0.4263
Seed 11 | Episode 99 | Reward -300.00 | Epsilon 0.4225
Seed 11 | Episode 100 | Reward -300.00 | Epsilon 0.4187
Seed 11 | Episode 101 | Reward -300.00 | Epsilon 0.4150
Seed 11 | Episode 102 | Reward -106.00 | Epsilon 0.4124
Seed 11 | Episode 103 | Reward -300.00 | Epsilon 0.4087
Seed 11 | Episode 104 | Reward -300.00 | Epsilon 0.4050
Seed 11 | Episode 105 | Reward -104.00 | Epsilon 0.4025
Seed 11 | Episode 106 | Reward -300.00 | Epsilon 0.3989
Seed 11 | Episode 107 | Reward -196.00 | Epsilon 0.3954
Seed 11 | Episode 108 | Reward -300.00 | Epsilon 0.3919
Seed 11 | Episode 109 | Reward -300.00 | Epsilon 0.3883
Seed 11 | Episode 110 | Reward -300.00 | Epsilon 0.3849
Seed 11 | Episode 111 | Reward -300.00 | Epsilon 0.3814
Seed 11 | Episode 112 | Reward 57.00 | Epsilon 0.3809
Seed 11 | Episode 113 | Reward -300.00 | Epsilon 0.3775
Seed 11 | Episode 114 | Reward -164.00 | Epsilon 0.3745
Seed 11 | Episode 115 | Reward -300.00 | Epsilon 0.3712
Seed 11 | Episode 116 | Reward -53.00 | Epsilon 0.3694
Seed 11 | Episode 117 | Reward -300.00 | Epsilon 0.3661
Seed 11 | Episode 118 | Reward -300.00 | Epsilon 0.3629
Seed 11 | Episode 119 | Reward -300.00 | Epsilon 0.3596
Seed 11 | Episode 120 | Reward 57.00 | Epsilon 0.3591
Seed 11 | Episode 121 | Reward -300.00 | Epsilon 0.3559
Seed 11 | Episode 122 | Reward -300.00 | Epsilon 0.3527
Seed 11 | Episode 123 | Reward -300.00 | Epsilon 0.3496
Seed 11 | Episode 124 | Reward -300.00 | Epsilon 0.3464
Seed 11 | Episode 125 | Reward -300.00 | Epsilon 0.3433
Seed 11 | Episode 126 | Reward -300.00 | Epsilon 0.3403
Seed 11 | Episode 127 | Reward -300.00 | Epsilon 0.3372
Seed 11 | Episode 128 | Reward -300.00 | Epsilon 0.3342
Seed 11 | Episode 129 | Reward 54.00 | Epsilon 0.3337
Seed 11 | Episode 130 | Reward -300.00 | Epsilon 0.3307
Seed 11 | Episode 131 | Reward -300.00 | Epsilon 0.3278
Seed 11 | Episode 132 | Reward -30.00 | Epsilon 0.3265
Seed 11 | Episode 133 | Reward -300.00 | Epsilon 0.3235
Seed 11 | Episode 134 | Reward -300.00 | Epsilon 0.3206
Seed 11 | Episode 135 | Reward -300.00 | Epsilon 0.3178
Seed 11 | Episode 136 | Reward -300.00 | Epsilon 0.3149
Seed 11 | Episode 137 | Reward -300.00 | Epsilon 0.3121
Seed 11 | Episode 138 | Reward 46.00 | Epsilon 0.3116
Seed 11 | Episode 139 | Reward -300.00 | Epsilon 0.3088
Seed 11 | Episode 140 | Reward -300.00 | Epsilon 0.3060
Seed 11 | Episode 141 | Reward -300.00 | Epsilon 0.3033
Seed 11 | Episode 142 | Reward -300.00 | Epsilon 0.3006
Seed 11 | Episode 143 | Reward 55.00 | Epsilon 0.3002
Seed 11 | Episode 144 | Reward -300.00 | Epsilon 0.2975
Seed 11 | Episode 145 | Reward -300.00 | Epsilon 0.2948
Seed 11 | Episode 146 | Reward -300.00 | Epsilon 0.2922
Seed 11 | Episode 147 | Reward -300.00 | Epsilon 0.2895
Seed 11 | Episode 148 | Reward 0.00 | Epsilon 0.2887
Seed 11 | Episode 149 | Reward -300.00 | Epsilon 0.2861
Seed 11 | Episode 150 | Reward -50.00 | Epsilon 0.2848
Seed 11 | Episode 151 | Reward -48.00 | Epsilon 0.2835
Seed 11 | Episode 152 | Reward -44.00 | Epsilon 0.2823
Seed 11 | Episode 153 | Reward -300.00 | Epsilon 0.2798
Seed 11 | Episode 154 | Reward -300.00 | Epsilon 0.2773
Seed 11 | Episode 155 | Reward -28.00 | Epsilon 0.2762
Seed 11 | Episode 156 | Reward -300.00 | Epsilon 0.2737
Seed 11 | Episode 157 | Reward -300.00 | Epsilon 0.2713
Seed 11 | Episode 158 | Reward -300.00 | Epsilon 0.2688
Seed 11 | Episode 159 | Reward 50.00 | Epsilon 0.2684
Seed 11 | Episode 160 | Reward 36.00 | Epsilon 0.2679
Seed 11 | Episode 161 | Reward -37.00 | Epsilon 0.2668
Seed 11 | Episode 162 | Reward 41.00 | Epsilon 0.2663
Seed 11 | Episode 163 | Reward -300.00 | Epsilon 0.2639
Seed 11 | Episode 164 | Reward 39.00 | Epsilon 0.2634
Seed 11 | Episode 165 | Reward 2.00 | Epsilon 0.2626
Seed 11 | Episode 166 | Reward 52.00 | Epsilon 0.2623
Seed 11 | Episode 167 | Reward 29.00 | Epsilon 0.2617
Seed 11 | Episode 168 | Reward -11.00 | Epsilon 0.2608
Seed 11 | Episode 169 | Reward 5.00 | Epsilon 0.2601
Seed 11 | Episode 170 | Reward -17.00 | Epsilon 0.2591
Seed 11 | Episode 171 | Reward -56.00 | Epsilon 0.2579
Seed 11 | Episode 172 | Reward 28.00 | Epsilon 0.2574
Seed 11 | Episode 173 | Reward 51.00 | Epsilon 0.2570
Seed 11 | Episode 174 | Reward 39.00 | Epsilon 0.2565
Seed 11 | Episode 175 | Reward 42.00 | Epsilon 0.2561
Seed 11 | Episode 176 | Reward -19.00 | Epsilon 0.2551
Seed 11 | Episode 177 | Reward 38.00 | Epsilon 0.2546
Seed 11 | Episode 178 | Reward 53.00 | Epsilon 0.2543
Seed 11 | Episode 179 | Reward 45.00 | Epsilon 0.2539
Seed 11 | Episode 180 | Reward 33.00 | Epsilon 0.2533
Seed 11 | Episode 181 | Reward 50.00 | Epsilon 0.2530
Seed 11 | Episode 182 | Reward 48.00 | Epsilon 0.2525
Seed 11 | Episode 183 | Reward 7.00 | Epsilon 0.2518
Seed 11 | Episode 184 | Reward 21.00 | Epsilon 0.2512
Seed 11 | Episode 185 | Reward 40.00 | Epsilon 0.2508
Seed 11 | Episode 186 | Reward 31.00 | Epsilon 0.2502
Seed 11 | Episode 187 | Reward 48.00 | Epsilon 0.2499
Seed 11 | Episode 188 | Reward 46.00 | Epsilon 0.2494
Seed 11 | Episode 189 | Reward 48.00 | Epsilon 0.2490
Seed 11 | Episode 190 | Reward 54.00 | Epsilon 0.2487
Seed 11 | Episode 191 | Reward -36.00 | Epsilon 0.2477
Seed 11 | Episode 192 | Reward 57.00 | Epsilon 0.2473
Seed 11 | Episode 193 | Reward 60.00 | Epsilon 0.2470
Seed 11 | Episode 194 | Reward 43.00 | Epsilon 0.2466
Seed 11 | Episode 195 | Reward 60.00 | Epsilon 0.2463
Seed 11 | Episode 196 | Reward -16.00 | Epsilon 0.2454
Seed 11 | Episode 197 | Reward -8.00 | Epsilon 0.2446
Seed 11 | Episode 198 | Reward 59.00 | Epsilon 0.2443
Seed 11 | Episode 199 | Reward 55.00 | Epsilon 0.2440
Seed 11 | Episode 200 | Reward 50.00 | Epsilon 0.2436
Seed 11 | Episode 201 | Reward 45.00 | Epsilon 0.2432
Seed 11 | Episode 202 | Reward 57.00 | Epsilon 0.2429
Seed 11 | Episode 203 | Reward 56.00 | Epsilon 0.2426
Seed 11 | Episode 204 | Reward 46.00 | Epsilon 0.2422
Seed 11 | Episode 205 | Reward 51.00 | Epsilon 0.2418
Seed 11 | Episode 206 | Reward 41.00 | Epsilon 0.2414
Seed 11 | Episode 207 | Reward 44.00 | Epsilon 0.2410
Seed 11 | Episode 208 | Reward 51.00 | Epsilon 0.2406
Seed 11 | Episode 209 | Reward 53.00 | Epsilon 0.2403
Seed 11 | Episode 210 | Reward 11.00 | Epsilon 0.2396
Seed 11 | Episode 211 | Reward 45.00 | Epsilon 0.2392
Seed 11 | Episode 212 | Reward 50.00 | Epsilon 0.2388
Seed 11 | Episode 213 | Reward 29.00 | Epsilon 0.2383
Seed 11 | Episode 214 | Reward 49.00 | Epsilon 0.2379
Seed 11 | Episode 215 | Reward -30.00 | Epsilon 0.2370
Seed 11 | Episode 216 | Reward 52.00 | Epsilon 0.2367
Seed 11 | Episode 217 | Reward 49.00 | Epsilon 0.2363
Seed 11 | Episode 218 | Reward 46.00 | Epsilon 0.2359
Seed 11 | Episode 219 | Reward 55.00 | Epsilon 0.2356
Seed 11 | Episode 220 | Reward 40.00 | Epsilon 0.2352
Seed 11 | Episode 221 | Reward 60.00 | Epsilon 0.2349
Seed 11 | Episode 222 | Reward 24.00 | Epsilon 0.2343
Seed 11 | Episode 223 | Reward 40.00 | Epsilon 0.2339
Seed 11 | Episode 224 | Reward 58.00 | Epsilon 0.2336
Seed 11 | Episode 225 | Reward 43.00 | Epsilon 0.2332
Seed 11 | Episode 226 | Reward 32.00 | Epsilon 0.2327
Seed 11 | Episode 227 | Reward 26.00 | Epsilon 0.2322
Seed 11 | Episode 228 | Reward 52.00 | Epsilon 0.2318
Seed 11 | Episode 229 | Reward 53.00 | Epsilon 0.2315
Seed 11 | Episode 230 | Reward 50.00 | Epsilon 0.2312
Seed 11 | Episode 231 | Reward -8.00 | Epsilon 0.2304
Seed 11 | Episode 232 | Reward 45.00 | Epsilon 0.2300
Seed 11 | Episode 233 | Reward 59.00 | Epsilon 0.2297
Seed 11 | Episode 234 | Reward 47.00 | Epsilon 0.2293
Seed 11 | Episode 235 | Reward -64.00 | Epsilon 0.2282
Seed 11 | Episode 236 | Reward 56.00 | Epsilon 0.2279
Seed 11 | Episode 237 | Reward 51.00 | Epsilon 0.2276
Seed 11 | Episode 238 | Reward 45.00 | Epsilon 0.2272
Seed 11 | Episode 239 | Reward 42.00 | Epsilon 0.2268
Seed 11 | Episode 240 | Reward 33.00 | Epsilon 0.2263
Seed 11 | Episode 241 | Reward 57.00 | Epsilon 0.2260
Seed 11 | Episode 242 | Reward 55.00 | Epsilon 0.2257
Seed 11 | Episode 243 | Reward 44.00 | Epsilon 0.2253
Seed 11 | Episode 244 | Reward 57.00 | Epsilon 0.2250
Seed 11 | Episode 245 | Reward 32.00 | Epsilon 0.2246
Seed 11 | Episode 246 | Reward 36.00 | Epsilon 0.2241
Seed 11 | Episode 247 | Reward 59.00 | Epsilon 0.2238
Seed 11 | Episode 248 | Reward 33.00 | Epsilon 0.2234
Seed 11 | Episode 249 | Reward -47.00 | Epsilon 0.2224
Seed 11 | Episode 250 | Reward 51.00 | Epsilon 0.2221
Seed 11 | Episode 251 | Reward 57.00 | Epsilon 0.2218
Seed 11 | Episode 252 | Reward 18.00 | Epsilon 0.2212
Seed 11 | Episode 253 | Reward 43.00 | Epsilon 0.2208
Seed 11 | Episode 254 | Reward 46.00 | Epsilon 0.2205
Seed 11 | Episode 255 | Reward 41.00 | Epsilon 0.2201
Seed 11 | Episode 256 | Reward 48.00 | Epsilon 0.2197
Seed 11 | Episode 257 | Reward 44.00 | Epsilon 0.2193
Seed 11 | Episode 258 | Reward 56.00 | Epsilon 0.2191
Seed 11 | Episode 259 | Reward -19.00 | Epsilon 0.2183
Seed 11 | Episode 260 | Reward -8.00 | Epsilon 0.2176
Seed 11 | Episode 261 | Reward 36.00 | Epsilon 0.2171
Seed 11 | Episode 262 | Reward -157.00 | Epsilon 0.2155
Seed 11 | Episode 263 | Reward 41.00 | Epsilon 0.2151
Seed 11 | Episode 264 | Reward 56.00 | Epsilon 0.2148
Seed 11 | Episode 265 | Reward -163.00 | Epsilon 0.2131
Seed 11 | Episode 266 | Reward 44.00 | Epsilon 0.2127
Seed 11 | Episode 267 | Reward 33.00 | Epsilon 0.2123
Seed 11 | Episode 268 | Reward 56.00 | Epsilon 0.2120
Seed 11 | Episode 269 | Reward 4.00 | Epsilon 0.2114
Seed 11 | Episode 270 | Reward 49.00 | Epsilon 0.2111
Seed 11 | Episode 271 | Reward 61.00 | Epsilon 0.2108
Seed 11 | Episode 272 | Reward -138.00 | Epsilon 0.2093
Seed 11 | Episode 273 | Reward -27.00 | Epsilon 0.2085
Seed 11 | Episode 274 | Reward 47.00 | Epsilon 0.2082
Seed 11 | Episode 275 | Reward 43.00 | Epsilon 0.2078
Seed 11 | Episode 276 | Reward 60.00 | Epsilon 0.2075
Seed 11 | Episode 277 | Reward -6.00 | Epsilon 0.2069
Seed 11 | Episode 278 | Reward -164.00 | Epsilon 0.2052
Seed 11 | Episode 279 | Reward 53.00 | Epsilon 0.2049
Seed 11 | Episode 280 | Reward 43.00 | Epsilon 0.2046
Seed 11 | Episode 281 | Reward -2.00 | Epsilon 0.2040
Seed 11 | Episode 282 | Reward 59.00 | Epsilon 0.2037
Seed 11 | Episode 283 | Reward -27.00 | Epsilon 0.2029
Seed 11 | Episode 284 | Reward 32.00 | Epsilon 0.2025
Seed 11 | Episode 285 | Reward 42.00 | Epsilon 0.2021
Seed 11 | Episode 286 | Reward 35.00 | Epsilon 0.2017
Seed 11 | Episode 287 | Reward -45.00 | Epsilon 0.2009
Seed 11 | Episode 288 | Reward 45.00 | Epsilon 0.2005
Seed 11 | Episode 289 | Reward -4.00 | Epsilon 0.1999
Seed 11 | Episode 290 | Reward 11.00 | Epsilon 0.1993
Seed 11 | Episode 291 | Reward -17.00 | Epsilon 0.1986
Seed 11 | Episode 292 | Reward 14.00 | Epsilon 0.1981
Seed 11 | Episode 293 | Reward 19.00 | Epsilon 0.1976
Seed 11 | Episode 294 | Reward 45.00 | Epsilon 0.1973
Seed 11 | Episode 295 | Reward -32.00 | Epsilon 0.1965
Seed 11 | Episode 296 | Reward 61.00 | Epsilon 0.1963
Seed 11 | Episode 297 | Reward -20.00 | Epsilon 0.1956
Seed 11 | Episode 298 | Reward -131.00 | Epsilon 0.1942
Seed 11 | Episode 299 | Reward 60.00 | Epsilon 0.1940
Seed 11 | Episode 300 | Reward 53.00 | Epsilon 0.1937
Seed 11 | Episode 301 | Reward -74.00 | Epsilon 0.1927
Seed 11 | Episode 302 | Reward -72.00 | Epsilon 0.1917
Seed 11 | Episode 303 | Reward 3.00 | Epsilon 0.1911
Seed 11 | Episode 304 | Reward 43.00 | Epsilon 0.1908
Seed 11 | Episode 305 | Reward 5.00 | Epsilon 0.1902
Seed 11 | Episode 306 | Reward 46.00 | Epsilon 0.1899
Seed 11 | Episode 307 | Reward 36.00 | Epsilon 0.1896
Seed 11 | Episode 308 | Reward 57.00 | Epsilon 0.1893
Seed 11 | Episode 309 | Reward 9.00 | Epsilon 0.1888
Seed 11 | Episode 310 | Reward 49.00 | Epsilon 0.1885
Seed 11 | Episode 311 | Reward 52.00 | Epsilon 0.1882
Seed 11 | Episode 312 | Reward 43.00 | Epsilon 0.1879
Seed 11 | Episode 313 | Reward 57.00 | Epsilon 0.1876
Seed 11 | Episode 314 | Reward -100.00 | Epsilon 0.1865
Seed 11 | Episode 315 | Reward 50.00 | Epsilon 0.1862
Seed 11 | Episode 316 | Reward -56.00 | Epsilon 0.1854
Seed 11 | Episode 317 | Reward 57.00 | Epsilon 0.1851
Seed 11 | Episode 318 | Reward 57.00 | Epsilon 0.1849
Seed 11 | Episode 319 | Reward 30.00 | Epsilon 0.1845
Seed 11 | Episode 320 | Reward 34.00 | Epsilon 0.1841
Seed 11 | Episode 321 | Reward 52.00 | Epsilon 0.1838
Seed 11 | Episode 322 | Reward 61.00 | Epsilon 0.1836
Seed 11 | Episode 323 | Reward 54.00 | Epsilon 0.1834
Seed 11 | Episode 324 | Reward 54.00 | Epsilon 0.1831
Seed 11 | Episode 325 | Reward -17.00 | Epsilon 0.1824
Seed 11 | Episode 326 | Reward 53.00 | Epsilon 0.1822
Seed 11 | Episode 327 | Reward 22.00 | Epsilon 0.1818
Seed 11 | Episode 328 | Reward 54.00 | Epsilon 0.1815
Seed 11 | Episode 329 | Reward 57.00 | Epsilon 0.1813
Seed 11 | Episode 330 | Reward 52.00 | Epsilon 0.1810
Seed 11 | Episode 331 | Reward 52.00 | Epsilon 0.1807
Seed 11 | Episode 332 | Reward 11.00 | Epsilon 0.1802
Seed 11 | Episode 333 | Reward 43.00 | Epsilon 0.1799
Seed 11 | Episode 334 | Reward 39.00 | Epsilon 0.1796
Seed 11 | Episode 335 | Reward 55.00 | Epsilon 0.1793
Seed 11 | Episode 336 | Reward 54.00 | Epsilon 0.1791
Seed 11 | Episode 337 | Reward 8.00 | Epsilon 0.1786
Seed 11 | Episode 338 | Reward 54.00 | Epsilon 0.1783
Seed 11 | Episode 339 | Reward 15.00 | Epsilon 0.1779
Seed 11 | Episode 340 | Reward 47.00 | Epsilon 0.1776
Seed 11 | Episode 341 | Reward 56.00 | Epsilon 0.1774
Seed 11 | Episode 342 | Reward 24.00 | Epsilon 0.1769
Seed 11 | Episode 343 | Reward -131.00 | Epsilon 0.1757
Seed 11 | Episode 344 | Reward 47.00 | Epsilon 0.1754
Seed 11 | Episode 345 | Reward 46.00 | Epsilon 0.1751
Seed 11 | Episode 346 | Reward 63.00 | Epsilon 0.1749
Seed 11 | Episode 347 | Reward 61.00 | Epsilon 0.1747
Seed 11 | Episode 348 | Reward 57.00 | Epsilon 0.1745
Seed 11 | Episode 349 | Reward 62.00 | Epsilon 0.1743
Seed 11 | Episode 350 | Reward 53.00 | Epsilon 0.1740
Seed 11 | Episode 351 | Reward 59.00 | Epsilon 0.1738
Seed 11 | Episode 352 | Reward 49.00 | Epsilon 0.1736
Seed 11 | Episode 353 | Reward 52.00 | Epsilon 0.1733
Seed 11 | Episode 354 | Reward 36.00 | Epsilon 0.1730
Seed 11 | Episode 355 | Reward 48.00 | Epsilon 0.1727
Seed 11 | Episode 356 | Reward 63.00 | Epsilon 0.1725
Seed 11 | Episode 357 | Reward 52.00 | Epsilon 0.1722
Seed 11 | Episode 358 | Reward 38.00 | Epsilon 0.1719
Seed 11 | Episode 359 | Reward 27.00 | Epsilon 0.1715
Seed 11 | Episode 360 | Reward 33.00 | Epsilon 0.1712
Seed 11 | Episode 361 | Reward 47.00 | Epsilon 0.1709
Seed 11 | Episode 362 | Reward 51.00 | Epsilon 0.1707
Seed 11 | Episode 363 | Reward 41.00 | Epsilon 0.1703
Seed 11 | Episode 364 | Reward 45.00 | Epsilon 0.1701
Seed 11 | Episode 365 | Reward 35.00 | Epsilon 0.1697
Seed 11 | Episode 366 | Reward 53.00 | Epsilon 0.1695
Seed 11 | Episode 367 | Reward 52.00 | Epsilon 0.1692
Seed 11 | Episode 368 | Reward 49.00 | Epsilon 0.1690
Seed 11 | Episode 369 | Reward 55.00 | Epsilon 0.1687
Seed 11 | Episode 370 | Reward 42.00 | Epsilon 0.1684
Seed 11 | Episode 371 | Reward 49.00 | Epsilon 0.1682
Seed 11 | Episode 372 | Reward 58.00 | Epsilon 0.1680
Seed 11 | Episode 373 | Reward 47.00 | Epsilon 0.1677
Seed 11 | Episode 374 | Reward 35.00 | Epsilon 0.1674
Seed 11 | Episode 375 | Reward 46.00 | Epsilon 0.1671
Seed 11 | Episode 376 | Reward 6.00 | Epsilon 0.1666
Seed 11 | Episode 377 | Reward 41.00 | Epsilon 0.1663
Seed 11 | Episode 378 | Reward 49.00 | Epsilon 0.1660
Seed 11 | Episode 379 | Reward 55.00 | Epsilon 0.1658
Seed 11 | Episode 380 | Reward 52.00 | Epsilon 0.1656
Seed 11 | Episode 381 | Reward 62.00 | Epsilon 0.1654
Seed 11 | Episode 382 | Reward 7.00 | Epsilon 0.1649
Seed 11 | Episode 383 | Reward -67.00 | Epsilon 0.1641
Seed 11 | Episode 384 | Reward 54.00 | Epsilon 0.1638
Seed 11 | Episode 385 | Reward 60.00 | Epsilon 0.1636
Seed 11 | Episode 386 | Reward 50.00 | Epsilon 0.1634
Seed 11 | Episode 387 | Reward 43.00 | Epsilon 0.1631
Seed 11 | Episode 388 | Reward 62.00 | Epsilon 0.1629
Seed 11 | Episode 389 | Reward 49.00 | Epsilon 0.1627
Seed 11 | Episode 390 | Reward 61.00 | Epsilon 0.1625
Seed 11 | Episode 391 | Reward 57.00 | Epsilon 0.1623
Seed 11 | Episode 392 | Reward 63.00 | Epsilon 0.1621
Seed 11 | Episode 393 | Reward 55.00 | Epsilon 0.1618
Seed 11 | Episode 394 | Reward 46.00 | Epsilon 0.1616
Seed 11 | Episode 395 | Reward 44.00 | Epsilon 0.1613
Seed 11 | Episode 396 | Reward 23.00 | Epsilon 0.1609
Seed 11 | Episode 397 | Reward 39.00 | Epsilon 0.1606
Seed 11 | Episode 398 | Reward 44.00 | Epsilon 0.1604
Seed 11 | Episode 399 | Reward 57.00 | Epsilon 0.1601
Seed 11 | Episode 400 | Reward 12.00 | Epsilon 0.1597
Seed 11 | Episode 401 | Reward 62.00 | Epsilon 0.1595
Seed 11 | Episode 402 | Reward 22.00 | Epsilon 0.1592
Seed 11 | Episode 403 | Reward 50.00 | Epsilon 0.1589
Seed 11 | Episode 404 | Reward 41.00 | Epsilon 0.1586
Seed 11 | Episode 405 | Reward 44.00 | Epsilon 0.1584
Seed 11 | Episode 406 | Reward 47.00 | Epsilon 0.1581
Seed 11 | Episode 407 | Reward 48.00 | Epsilon 0.1578
Seed 11 | Episode 408 | Reward 41.00 | Epsilon 0.1576
Seed 11 | Episode 409 | Reward 39.00 | Epsilon 0.1573
Seed 11 | Episode 410 | Reward 47.00 | Epsilon 0.1570
Seed 11 | Episode 411 | Reward 59.00 | Epsilon 0.1568
Seed 11 | Episode 412 | Reward 52.00 | Epsilon 0.1566
Seed 11 | Episode 413 | Reward 51.00 | Epsilon 0.1564
Seed 11 | Episode 414 | Reward 58.00 | Epsilon 0.1562
Seed 11 | Episode 415 | Reward 56.00 | Epsilon 0.1559
Seed 11 | Episode 416 | Reward 51.00 | Epsilon 0.1557
Seed 11 | Episode 417 | Reward 48.00 | Epsilon 0.1555
Seed 11 | Episode 418 | Reward 55.00 | Epsilon 0.1552
Seed 11 | Episode 419 | Reward 43.00 | Epsilon 0.1550
Seed 11 | Episode 420 | Reward 50.00 | Epsilon 0.1547
Seed 11 | Episode 421 | Reward 50.00 | Epsilon 0.1545
Seed 11 | Episode 422 | Reward -7.00 | Epsilon 0.1540
Seed 11 | Episode 423 | Reward 56.00 | Epsilon 0.1538
Seed 11 | Episode 424 | Reward 14.00 | Epsilon 0.1534
Seed 11 | Episode 425 | Reward 39.00 | Epsilon 0.1531
Seed 11 | Episode 426 | Reward 61.00 | Epsilon 0.1529
Seed 11 | Episode 427 | Reward 44.00 | Epsilon 0.1527
Seed 11 | Episode 428 | Reward -129.00 | Epsilon 0.1516
Seed 11 | Episode 429 | Reward 50.00 | Epsilon 0.1514
Seed 11 | Episode 430 | Reward 48.00 | Epsilon 0.1511
Seed 11 | Episode 431 | Reward 46.00 | Epsilon 0.1509
Seed 11 | Episode 432 | Reward 43.00 | Epsilon 0.1506
Seed 11 | Episode 433 | Reward 55.00 | Epsilon 0.1504
Seed 11 | Episode 434 | Reward 50.00 | Epsilon 0.1502
Seed 11 | Episode 435 | Reward 46.00 | Epsilon 0.1499
Seed 11 | Episode 436 | Reward 39.00 | Epsilon 0.1497
Seed 11 | Episode 437 | Reward 38.00 | Epsilon 0.1494
Seed 11 | Episode 438 | Reward -11.00 | Epsilon 0.1489
Seed 11 | Episode 439 | Reward 47.00 | Epsilon 0.1486
Seed 11 | Episode 440 | Reward 56.00 | Epsilon 0.1484
Seed 11 | Episode 441 | Reward 51.00 | Epsilon 0.1482
Seed 11 | Episode 442 | Reward 46.00 | Epsilon 0.1480
Seed 11 | Episode 443 | Reward 53.00 | Epsilon 0.1478
Seed 11 | Episode 444 | Reward 53.00 | Epsilon 0.1475
Seed 11 | Episode 445 | Reward 22.00 | Epsilon 0.1472
Seed 11 | Episode 446 | Reward 43.00 | Epsilon 0.1469
Seed 11 | Episode 447 | Reward 50.00 | Epsilon 0.1467
Seed 11 | Episode 448 | Reward 42.00 | Epsilon 0.1465
Seed 11 | Episode 449 | Reward 35.00 | Epsilon 0.1462
Seed 11 | Episode 450 | Reward 57.00 | Epsilon 0.1460
Seed 11 | Episode 451 | Reward 46.00 | Epsilon 0.1457
Seed 11 | Episode 452 | Reward 47.00 | Epsilon 0.1455
Seed 11 | Episode 453 | Reward 48.00 | Epsilon 0.1453
Seed 11 | Episode 454 | Reward 58.00 | Epsilon 0.1451
Seed 11 | Episode 455 | Reward 58.00 | Epsilon 0.1449
Seed 11 | Episode 456 | Reward 51.00 | Epsilon 0.1447
Seed 11 | Episode 457 | Reward 52.00 | Epsilon 0.1445
Seed 11 | Episode 458 | Reward 44.00 | Epsilon 0.1442
Seed 11 | Episode 459 | Reward 45.00 | Epsilon 0.1440
Seed 11 | Episode 460 | Reward 63.00 | Epsilon 0.1438
Seed 11 | Episode 461 | Reward 51.00 | Epsilon 0.1436
Seed 11 | Episode 462 | Reward 36.00 | Epsilon 0.1433
Seed 11 | Episode 463 | Reward 60.00 | Epsilon 0.1431
Seed 11 | Episode 464 | Reward 54.00 | Epsilon 0.1429
Seed 11 | Episode 465 | Reward 41.00 | Epsilon 0.1427
Seed 11 | Episode 466 | Reward 45.00 | Epsilon 0.1424
Seed 11 | Episode 467 | Reward 57.00 | Epsilon 0.1423
Seed 11 | Episode 468 | Reward 37.00 | Epsilon 0.1420
Seed 11 | Episode 469 | Reward 63.00 | Epsilon 0.1418
Seed 11 | Episode 470 | Reward 40.00 | Epsilon 0.1416
Seed 11 | Episode 471 | Reward 54.00 | Epsilon 0.1414
Seed 11 | Episode 472 | Reward 45.00 | Epsilon 0.1411
Seed 11 | Episode 473 | Reward 53.00 | Epsilon 0.1409
Seed 11 | Episode 474 | Reward 45.00 | Epsilon 0.1407
Seed 11 | Episode 475 | Reward 59.00 | Epsilon 0.1405
Seed 11 | Episode 476 | Reward 47.00 | Epsilon 0.1403
Seed 11 | Episode 477 | Reward 53.00 | Epsilon 0.1401
Seed 11 | Episode 478 | Reward 52.00 | Epsilon 0.1399
Seed 11 | Episode 479 | Reward 55.00 | Epsilon 0.1397
Seed 11 | Episode 480 | Reward 60.00 | Epsilon 0.1395
Seed 11 | Episode 481 | Reward 56.00 | Epsilon 0.1393
Seed 11 | Episode 482 | Reward 2.00 | Epsilon 0.1389
Seed 11 | Episode 483 | Reward 48.00 | Epsilon 0.1387
Seed 11 | Episode 484 | Reward 56.00 | Epsilon 0.1385
Seed 11 | Episode 485 | Reward 36.00 | Epsilon 0.1382
Seed 11 | Episode 486 | Reward 47.00 | Epsilon 0.1380
Seed 11 | Episode 487 | Reward 58.00 | Epsilon 0.1378
Seed 11 | Episode 488 | Reward 45.00 | Epsilon 0.1376
Seed 11 | Episode 489 | Reward 63.00 | Epsilon 0.1374
Seed 11 | Episode 490 | Reward 45.00 | Epsilon 0.1372
Seed 11 | Episode 491 | Reward 60.00 | Epsilon 0.1370
Seed 11 | Episode 492 | Reward 40.00 | Epsilon 0.1368
Seed 11 | Episode 493 | Reward 52.00 | Epsilon 0.1366
Seed 11 | Episode 494 | Reward 49.00 | Epsilon 0.1364
Seed 11 | Episode 495 | Reward 58.00 | Epsilon 0.1362
Seed 11 | Episode 496 | Reward 58.00 | Epsilon 0.1360
Seed 11 | Episode 497 | Reward 40.00 | Epsilon 0.1358
Seed 11 | Episode 498 | Reward 50.00 | Epsilon 0.1356
Seed 11 | Episode 499 | Reward 52.00 | Epsilon 0.1354
Seed 11 | Episode 500 | Reward 59.00 | Epsilon 0.1352
Seed 11 | Episode 501 | Reward 41.00 | Epsilon 0.1350
Seed 11 | Episode 502 | Reward 50.00 | Epsilon 0.1347
Seed 11 | Episode 503 | Reward 47.00 | Epsilon 0.1345
Seed 11 | Episode 504 | Reward 45.00 | Epsilon 0.1343
Seed 11 | Episode 505 | Reward 32.00 | Epsilon 0.1340
Seed 11 | Episode 506 | Reward 42.00 | Epsilon 0.1338
Seed 11 | Episode 507 | Reward 53.00 | Epsilon 0.1336
Seed 11 | Episode 508 | Reward 57.00 | Epsilon 0.1334
Seed 11 | Episode 509 | Reward 59.00 | Epsilon 0.1333
Seed 11 | Episode 510 | Reward 48.00 | Epsilon 0.1330
Seed 11 | Episode 511 | Reward 37.00 | Epsilon 0.1328
Seed 11 | Episode 512 | Reward 44.00 | Epsilon 0.1326
Seed 11 | Episode 513 | Reward 51.00 | Epsilon 0.1324
Seed 11 | Episode 514 | Reward 59.00 | Epsilon 0.1322
Seed 11 | Episode 515 | Reward 63.00 | Epsilon 0.1320
Seed 11 | Episode 516 | Reward 45.00 | Epsilon 0.1318
Seed 11 | Episode 517 | Reward 49.00 | Epsilon 0.1316
Seed 11 | Episode 518 | Reward 47.00 | Epsilon 0.1314
Seed 11 | Episode 519 | Reward 41.00 | Epsilon 0.1312
Seed 11 | Episode 520 | Reward 64.00 | Epsilon 0.1310
Seed 11 | Episode 521 | Reward 34.00 | Epsilon 0.1308
Seed 11 | Episode 522 | Reward 21.00 | Epsilon 0.1304
Seed 11 | Episode 523 | Reward -2.00 | Epsilon 0.1300
Seed 11 | Episode 524 | Reward 43.00 | Epsilon 0.1298
Seed 11 | Episode 525 | Reward 47.00 | Epsilon 0.1296
Seed 11 | Episode 526 | Reward 54.00 | Epsilon 0.1294
Seed 11 | Episode 527 | Reward 52.00 | Epsilon 0.1292
Seed 11 | Episode 528 | Reward 53.00 | Epsilon 0.1290
Seed 11 | Episode 529 | Reward 56.00 | Epsilon 0.1289
Seed 11 | Episode 530 | Reward 45.00 | Epsilon 0.1287
Seed 11 | Episode 531 | Reward 53.00 | Epsilon 0.1285
Seed 11 | Episode 532 | Reward 43.00 | Epsilon 0.1282
Seed 11 | Episode 533 | Reward 40.00 | Epsilon 0.1280
Seed 11 | Episode 534 | Reward 62.00 | Epsilon 0.1279
Seed 11 | Episode 535 | Reward 25.00 | Epsilon 0.1276
Seed 11 | Episode 536 | Reward 40.00 | Epsilon 0.1273
Seed 11 | Episode 537 | Reward 31.00 | Epsilon 0.1271
Seed 11 | Episode 538 | Reward 47.00 | Epsilon 0.1269
Seed 11 | Episode 539 | Reward 42.00 | Epsilon 0.1266
Seed 11 | Episode 540 | Reward -37.00 | Epsilon 0.1261
Seed 11 | Episode 541 | Reward 52.00 | Epsilon 0.1259
Seed 11 | Episode 542 | Reward 44.00 | Epsilon 0.1257
Seed 11 | Episode 543 | Reward 49.00 | Epsilon 0.1255
Seed 11 | Episode 544 | Reward 53.00 | Epsilon 0.1253
Seed 11 | Episode 545 | Reward 41.00 | Epsilon 0.1251
Seed 11 | Episode 546 | Reward 53.00 | Epsilon 0.1249
Seed 11 | Episode 547 | Reward 51.00 | Epsilon 0.1247
Seed 11 | Episode 548 | Reward 58.00 | Epsilon 0.1246
Seed 11 | Episode 549 | Reward 52.00 | Epsilon 0.1244
Seed 11 | Episode 550 | Reward 45.00 | Epsilon 0.1242
Seed 11 | Episode 551 | Reward 49.00 | Epsilon 0.1240
Seed 11 | Episode 552 | Reward 48.00 | Epsilon 0.1238
Seed 11 | Episode 553 | Reward 59.00 | Epsilon 0.1236
Seed 11 | Episode 554 | Reward 55.00 | Epsilon 0.1235
Seed 11 | Episode 555 | Reward 56.00 | Epsilon 0.1233
Seed 11 | Episode 556 | Reward 55.00 | Epsilon 0.1231
Seed 11 | Episode 557 | Reward 55.00 | Epsilon 0.1230
Seed 11 | Episode 558 | Reward 55.00 | Epsilon 0.1228
Seed 11 | Episode 559 | Reward 33.00 | Epsilon 0.1226
Seed 11 | Episode 560 | Reward 44.00 | Epsilon 0.1223
Seed 11 | Episode 561 | Reward 54.00 | Epsilon 0.1222
Seed 11 | Episode 562 | Reward 48.00 | Epsilon 0.1220
Seed 11 | Episode 563 | Reward 15.00 | Epsilon 0.1217
Seed 11 | Episode 564 | Reward 33.00 | Epsilon 0.1214
Seed 11 | Episode 565 | Reward 44.00 | Epsilon 0.1212
Seed 11 | Episode 566 | Reward 36.00 | Epsilon 0.1210
Seed 11 | Episode 567 | Reward 31.00 | Epsilon 0.1207
Seed 11 | Episode 568 | Reward 55.00 | Epsilon 0.1205
Seed 11 | Episode 569 | Reward 54.00 | Epsilon 0.1204
Seed 11 | Episode 570 | Reward 31.00 | Epsilon 0.1201
Seed 11 | Episode 571 | Reward 64.00 | Epsilon 0.1200
Seed 11 | Episode 572 | Reward 54.00 | Epsilon 0.1198
Seed 11 | Episode 573 | Reward 53.00 | Epsilon 0.1197
Seed 11 | Episode 574 | Reward 60.00 | Epsilon 0.1195
Seed 11 | Episode 575 | Reward 56.00 | Epsilon 0.1193
Seed 11 | Episode 576 | Reward 52.00 | Epsilon 0.1192
Seed 11 | Episode 577 | Reward 67.00 | Epsilon 0.1190
Seed 11 | Episode 578 | Reward 53.00 | Epsilon 0.1189
Seed 11 | Episode 579 | Reward 49.00 | Epsilon 0.1187
Seed 11 | Episode 580 | Reward 12.00 | Epsilon 0.1184
Seed 11 | Episode 581 | Reward 51.00 | Epsilon 0.1182
Seed 11 | Episode 582 | Reward 28.00 | Epsilon 0.1179
Seed 11 | Episode 583 | Reward 42.00 | Epsilon 0.1177
Seed 11 | Episode 584 | Reward 61.00 | Epsilon 0.1176
Seed 11 | Episode 585 | Reward 64.00 | Epsilon 0.1175
Seed 11 | Episode 586 | Reward 51.00 | Epsilon 0.1173
Seed 11 | Episode 587 | Reward 52.00 | Epsilon 0.1171
Seed 11 | Episode 588 | Reward 38.00 | Epsilon 0.1169
Seed 11 | Episode 589 | Reward 47.00 | Epsilon 0.1167
Seed 11 | Episode 590 | Reward 52.00 | Epsilon 0.1165
Seed 11 | Episode 591 | Reward 64.00 | Epsilon 0.1164
Seed 11 | Episode 592 | Reward 47.00 | Epsilon 0.1162
Seed 11 | Episode 593 | Reward 45.00 | Epsilon 0.1160
Seed 11 | Episode 594 | Reward 63.00 | Epsilon 0.1159
Seed 11 | Episode 595 | Reward 4.00 | Epsilon 0.1155
Seed 11 | Episode 596 | Reward 58.00 | Epsilon 0.1154
Seed 11 | Episode 597 | Reward 48.00 | Epsilon 0.1152
Seed 11 | Episode 598 | Reward 42.00 | Epsilon 0.1150
Seed 11 | Episode 599 | Reward 45.00 | Epsilon 0.1148
Seed 11 | Episode 600 | Reward 44.00 | Epsilon 0.1146
Seed 11 | Episode 601 | Reward 62.00 | Epsilon 0.1145
Seed 11 | Episode 602 | Reward 47.00 | Epsilon 0.1143
Seed 11 | Episode 603 | Reward 53.00 | Epsilon 0.1141
Seed 11 | Episode 604 | Reward 54.00 | Epsilon 0.1140
Seed 11 | Episode 605 | Reward 54.00 | Epsilon 0.1138
Seed 11 | Episode 606 | Reward 59.00 | Epsilon 0.1137
Seed 11 | Episode 607 | Reward 42.00 | Epsilon 0.1135
Seed 11 | Episode 608 | Reward 38.00 | Epsilon 0.1133
Seed 11 | Episode 609 | Reward -22.00 | Epsilon 0.1128
Seed 11 | Episode 610 | Reward 36.00 | Epsilon 0.1126
Seed 11 | Episode 611 | Reward 50.00 | Epsilon 0.1124
Seed 11 | Episode 612 | Reward 47.00 | Epsilon 0.1123
Seed 11 | Episode 613 | Reward 53.00 | Epsilon 0.1121
Seed 11 | Episode 614 | Reward -90.00 | Epsilon 0.1115
Seed 11 | Episode 615 | Reward 49.00 | Epsilon 0.1113
Seed 11 | Episode 616 | Reward 49.00 | Epsilon 0.1111
Seed 11 | Episode 617 | Reward 41.00 | Epsilon 0.1109
Seed 11 | Episode 618 | Reward 43.00 | Epsilon 0.1107
Seed 11 | Episode 619 | Reward 40.00 | Epsilon 0.1105
Seed 11 | Episode 620 | Reward 53.00 | Epsilon 0.1104
Seed 11 | Episode 621 | Reward 54.00 | Epsilon 0.1102
Seed 11 | Episode 622 | Reward 42.00 | Epsilon 0.1100
Seed 11 | Episode 623 | Reward 54.00 | Epsilon 0.1099
Seed 11 | Episode 624 | Reward 47.00 | Epsilon 0.1097
Seed 11 | Episode 625 | Reward 33.00 | Epsilon 0.1095
Seed 11 | Episode 626 | Reward 61.00 | Epsilon 0.1093
Seed 11 | Episode 627 | Reward 53.00 | Epsilon 0.1092
Seed 11 | Episode 628 | Reward 54.00 | Epsilon 0.1090
Seed 11 | Episode 629 | Reward 2.00 | Epsilon 0.1087
Seed 11 | Episode 630 | Reward 51.00 | Epsilon 0.1085
Seed 11 | Episode 631 | Reward 42.00 | Epsilon 0.1083
Seed 11 | Episode 632 | Reward 54.00 | Epsilon 0.1082
Seed 11 | Episode 633 | Reward 58.00 | Epsilon 0.1080
Seed 11 | Episode 634 | Reward 27.00 | Epsilon 0.1078
Seed 11 | Episode 635 | Reward 42.00 | Epsilon 0.1076
Seed 11 | Episode 636 | Reward 36.00 | Epsilon 0.1074
Seed 11 | Episode 637 | Reward 44.00 | Epsilon 0.1072
Seed 11 | Episode 638 | Reward 49.00 | Epsilon 0.1071
Seed 11 | Episode 639 | Reward 56.00 | Epsilon 0.1069
Seed 11 | Episode 640 | Reward 49.00 | Epsilon 0.1067
Seed 11 | Episode 641 | Reward 39.00 | Epsilon 0.1065
Seed 11 | Episode 642 | Reward 53.00 | Epsilon 0.1064
Seed 11 | Episode 643 | Reward 27.00 | Epsilon 0.1062
Seed 11 | Episode 644 | Reward 40.00 | Epsilon 0.1060
Seed 11 | Episode 645 | Reward 50.00 | Epsilon 0.1058
Seed 11 | Episode 646 | Reward 44.00 | Epsilon 0.1056
Seed 11 | Episode 647 | Reward 41.00 | Epsilon 0.1054
Seed 11 | Episode 648 | Reward 45.00 | Epsilon 0.1053
Seed 11 | Episode 649 | Reward 55.00 | Epsilon 0.1051
Seed 11 | Episode 650 | Reward 47.00 | Epsilon 0.1049
Seed 11 | Episode 651 | Reward 19.00 | Epsilon 0.1047
Seed 11 | Episode 652 | Reward 51.00 | Epsilon 0.1045
Seed 11 | Episode 653 | Reward 61.00 | Epsilon 0.1044
Seed 11 | Episode 654 | Reward 43.00 | Epsilon 0.1042
Seed 11 | Episode 655 | Reward 48.00 | Epsilon 0.1040
Seed 11 | Episode 656 | Reward 54.00 | Epsilon 0.1039
Seed 11 | Episode 657 | Reward 40.00 | Epsilon 0.1037
Seed 11 | Episode 658 | Reward 34.00 | Epsilon 0.1035
Seed 11 | Episode 659 | Reward 42.00 | Epsilon 0.1033
Seed 11 | Episode 660 | Reward 48.00 | Epsilon 0.1032
Seed 11 | Episode 661 | Reward 56.00 | Epsilon 0.1030
Seed 11 | Episode 662 | Reward 46.00 | Epsilon 0.1028
Seed 11 | Episode 663 | Reward 16.00 | Epsilon 0.1026
Seed 11 | Episode 664 | Reward 54.00 | Epsilon 0.1024
Seed 11 | Episode 665 | Reward 51.00 | Epsilon 0.1023
Seed 11 | Episode 666 | Reward 54.00 | Epsilon 0.1021
Seed 11 | Episode 667 | Reward 62.00 | Epsilon 0.1020
Seed 11 | Episode 668 | Reward 51.00 | Epsilon 0.1019
Seed 11 | Episode 669 | Reward 53.00 | Epsilon 0.1017
Seed 11 | Episode 670 | Reward 43.00 | Epsilon 0.1015
Seed 11 | Episode 671 | Reward 58.00 | Epsilon 0.1014
Seed 11 | Episode 672 | Reward 60.00 | Epsilon 0.1013
Seed 11 | Episode 673 | Reward 53.00 | Epsilon 0.1011
Seed 11 | Episode 674 | Reward 46.00 | Epsilon 0.1010
Seed 11 | Episode 675 | Reward 57.00 | Epsilon 0.1008
Seed 11 | Episode 676 | Reward 61.00 | Epsilon 0.1007
Seed 11 | Episode 677 | Reward 59.00 | Epsilon 0.1006
Seed 11 | Episode 678 | Reward 55.00 | Epsilon 0.1005
Seed 11 | Episode 679 | Reward 50.00 | Epsilon 0.1003
Seed 11 | Episode 680 | Reward 53.00 | Epsilon 0.1002
Seed 11 | Episode 681 | Reward 53.00 | Epsilon 0.1000
Seed 11 | Episode 682 | Reward 61.00 | Epsilon 0.0999
Seed 11 | Episode 683 | Reward 39.00 | Epsilon 0.0997
Seed 11 | Episode 684 | Reward 55.00 | Epsilon 0.0996
Seed 11 | Episode 685 | Reward 60.00 | Epsilon 0.0995
Seed 11 | Episode 686 | Reward 44.00 | Epsilon 0.0993
Seed 11 | Episode 687 | Reward 46.00 | Epsilon 0.0991
Seed 11 | Episode 688 | Reward 28.00 | Epsilon 0.0989
Seed 11 | Episode 689 | Reward 50.00 | Epsilon 0.0987
Seed 11 | Episode 690 | Reward 44.00 | Epsilon 0.0986
Seed 11 | Episode 691 | Reward 48.00 | Epsilon 0.0984
Seed 11 | Episode 692 | Reward 50.00 | Epsilon 0.0983
Seed 11 | Episode 693 | Reward 43.00 | Epsilon 0.0981
Seed 11 | Episode 694 | Reward 46.00 | Epsilon 0.0979
Seed 11 | Episode 695 | Reward 56.00 | Epsilon 0.0978
Seed 11 | Episode 696 | Reward 45.00 | Epsilon 0.0976
Seed 11 | Episode 697 | Reward 44.00 | Epsilon 0.0975
Seed 11 | Episode 698 | Reward 44.00 | Epsilon 0.0973
Seed 11 | Episode 699 | Reward 56.00 | Epsilon 0.0972
Seed 11 | Episode 700 | Reward 35.00 | Epsilon 0.0970
Seed 11 | Episode 701 | Reward 41.00 | Epsilon 0.0968
Seed 11 | Episode 702 | Reward 46.00 | Epsilon 0.0967
Seed 11 | Episode 703 | Reward 52.00 | Epsilon 0.0965
Seed 11 | Episode 704 | Reward 53.00 | Epsilon 0.0964
Seed 11 | Episode 705 | Reward 38.00 | Epsilon 0.0962
Seed 11 | Episode 706 | Reward 62.00 | Epsilon 0.0961
Seed 11 | Episode 707 | Reward 63.00 | Epsilon 0.0960
Seed 11 | Episode 708 | Reward 38.00 | Epsilon 0.0958
Seed 11 | Episode 709 | Reward 38.00 | Epsilon 0.0956
Seed 11 | Episode 710 | Reward 54.00 | Epsilon 0.0955
Seed 11 | Episode 711 | Reward 41.00 | Epsilon 0.0953
Seed 11 | Episode 712 | Reward 46.00 | Epsilon 0.0951
Seed 11 | Episode 713 | Reward 58.00 | Epsilon 0.0950
Seed 11 | Episode 714 | Reward 52.00 | Epsilon 0.0949
Seed 11 | Episode 715 | Reward 58.00 | Epsilon 0.0948
Seed 11 | Episode 716 | Reward 53.00 | Epsilon 0.0946
Seed 11 | Episode 717 | Reward 58.00 | Epsilon 0.0945
Seed 11 | Episode 718 | Reward 52.00 | Epsilon 0.0944
Seed 11 | Episode 719 | Reward 40.00 | Epsilon 0.0942
Seed 11 | Episode 720 | Reward 62.00 | Epsilon 0.0941
Seed 11 | Episode 721 | Reward -26.00 | Epsilon 0.0937
Seed 11 | Episode 722 | Reward 42.00 | Epsilon 0.0936
Seed 11 | Episode 723 | Reward 61.00 | Epsilon 0.0934
Seed 11 | Episode 724 | Reward -11.00 | Epsilon 0.0931
Seed 11 | Episode 725 | Reward -15.00 | Epsilon 0.0928
Seed 11 | Episode 726 | Reward 41.00 | Epsilon 0.0926
Seed 11 | Episode 727 | Reward -84.00 | Epsilon 0.0921
Seed 11 | Episode 728 | Reward 63.00 | Epsilon 0.0920
Seed 11 | Episode 729 | Reward 59.00 | Epsilon 0.0919
Seed 11 | Episode 730 | Reward 58.00 | Epsilon 0.0918
Seed 11 | Episode 731 | Reward 53.00 | Epsilon 0.0917
Seed 11 | Episode 732 | Reward 61.00 | Epsilon 0.0915
Seed 11 | Episode 733 | Reward 43.00 | Epsilon 0.0914
Seed 11 | Episode 734 | Reward 54.00 | Epsilon 0.0913
Seed 11 | Episode 735 | Reward 47.00 | Epsilon 0.0911
Seed 11 | Episode 736 | Reward 59.00 | Epsilon 0.0910
Seed 11 | Episode 737 | Reward -2.00 | Epsilon 0.0907
Seed 11 | Episode 738 | Reward 56.00 | Epsilon 0.0906
Seed 11 | Episode 739 | Reward 66.00 | Epsilon 0.0905
Seed 11 | Episode 740 | Reward -8.00 | Epsilon 0.0902
Seed 11 | Episode 741 | Reward 56.00 | Epsilon 0.0901
Seed 11 | Episode 742 | Reward -12.00 | Epsilon 0.0898
Seed 11 | Episode 743 | Reward 64.00 | Epsilon 0.0897
Seed 11 | Episode 744 | Reward 43.00 | Epsilon 0.0895
Seed 11 | Episode 745 | Reward 58.00 | Epsilon 0.0894
Seed 11 | Episode 746 | Reward 61.00 | Epsilon 0.0893
Seed 11 | Episode 747 | Reward 56.00 | Epsilon 0.0892
Seed 11 | Episode 748 | Reward 55.00 | Epsilon 0.0891
Seed 11 | Episode 749 | Reward 49.00 | Epsilon 0.0889
Seed 11 | Episode 750 | Reward 44.00 | Epsilon 0.0888
Seed 11 | Episode 751 | Reward -105.00 | Epsilon 0.0882
Seed 11 | Episode 752 | Reward -12.00 | Epsilon 0.0879
Seed 11 | Episode 753 | Reward 51.00 | Epsilon 0.0878
Seed 11 | Episode 754 | Reward 42.00 | Epsilon 0.0876
Seed 11 | Episode 755 | Reward 39.00 | Epsilon 0.0875
Seed 11 | Episode 756 | Reward 50.00 | Epsilon 0.0873
Seed 11 | Episode 757 | Reward 6.00 | Epsilon 0.0871
Seed 11 | Episode 758 | Reward 38.00 | Epsilon 0.0869
Seed 11 | Episode 759 | Reward 47.00 | Epsilon 0.0868
Seed 11 | Episode 760 | Reward 28.00 | Epsilon 0.0866
Seed 11 | Episode 761 | Reward 63.00 | Epsilon 0.0865
Seed 11 | Episode 762 | Reward 45.00 | Epsilon 0.0863
Seed 11 | Episode 763 | Reward 56.00 | Epsilon 0.0862
Seed 11 | Episode 764 | Reward 54.00 | Epsilon 0.0861
Seed 11 | Episode 765 | Reward 58.00 | Epsilon 0.0860
Seed 11 | Episode 766 | Reward 49.00 | Epsilon 0.0859
Seed 11 | Episode 767 | Reward 47.00 | Epsilon 0.0857
Seed 11 | Episode 768 | Reward 62.00 | Epsilon 0.0856
Seed 11 | Episode 769 | Reward 43.00 | Epsilon 0.0855
Seed 11 | Episode 770 | Reward 62.00 | Epsilon 0.0854
Seed 11 | Episode 771 | Reward 55.00 | Epsilon 0.0853
Seed 11 | Episode 772 | Reward 57.00 | Epsilon 0.0851
Seed 11 | Episode 773 | Reward 41.00 | Epsilon 0.0850
Seed 11 | Episode 774 | Reward 56.00 | Epsilon 0.0849
Seed 11 | Episode 775 | Reward 26.00 | Epsilon 0.0847
Seed 11 | Episode 776 | Reward 46.00 | Epsilon 0.0845
Seed 11 | Episode 777 | Reward 55.00 | Epsilon 0.0844
Seed 11 | Episode 778 | Reward 60.00 | Epsilon 0.0843
Seed 11 | Episode 779 | Reward 54.00 | Epsilon 0.0842
Seed 11 | Episode 780 | Reward 50.00 | Epsilon 0.0841
Seed 11 | Episode 781 | Reward 43.00 | Epsilon 0.0839
Seed 11 | Episode 782 | Reward 47.00 | Epsilon 0.0838
Seed 11 | Episode 783 | Reward -21.00 | Epsilon 0.0835
Seed 11 | Episode 784 | Reward 32.00 | Epsilon 0.0833
Seed 11 | Episode 785 | Reward 10.00 | Epsilon 0.0831
Seed 11 | Episode 786 | Reward 64.00 | Epsilon 0.0830
Seed 11 | Episode 787 | Reward 53.00 | Epsilon 0.0829
Seed 11 | Episode 788 | Reward 44.00 | Epsilon 0.0827
Seed 11 | Episode 789 | Reward 54.00 | Epsilon 0.0826
Seed 11 | Episode 790 | Reward 48.00 | Epsilon 0.0825
Seed 11 | Episode 791 | Reward 32.00 | Epsilon 0.0823
Seed 11 | Episode 792 | Reward 53.00 | Epsilon 0.0822
Seed 11 | Episode 793 | Reward 47.00 | Epsilon 0.0821
Seed 11 | Episode 794 | Reward -300.00 | Epsilon 0.0813
Seed 11 | Episode 795 | Reward 49.00 | Epsilon 0.0812
Seed 11 | Episode 796 | Reward 61.00 | Epsilon 0.0811
Seed 11 | Episode 797 | Reward 45.00 | Epsilon 0.0810
Seed 11 | Episode 798 | Reward 59.00 | Epsilon 0.0809
Seed 11 | Episode 799 | Reward -300.00 | Epsilon 0.0801
Seed 11 | Episode 800 | Reward 63.00 | Epsilon 0.0801
Seed 11 | Episode 801 | Reward 53.00 | Epsilon 0.0799
Seed 11 | Episode 802 | Reward 56.00 | Epsilon 0.0798
Seed 11 | Episode 803 | Reward 60.00 | Epsilon 0.0797
Seed 11 | Episode 804 | Reward 47.00 | Epsilon 0.0796
Seed 11 | Episode 805 | Reward 57.00 | Epsilon 0.0795
Seed 11 | Episode 806 | Reward 47.00 | Epsilon 0.0794
Seed 11 | Episode 807 | Reward 63.00 | Epsilon 0.0793
Seed 11 | Episode 808 | Reward -18.00 | Epsilon 0.0790
Seed 11 | Episode 809 | Reward 54.00 | Epsilon 0.0789
Seed 11 | Episode 810 | Reward 37.00 | Epsilon 0.0787
Seed 11 | Episode 811 | Reward 60.00 | Epsilon 0.0786
Seed 11 | Episode 812 | Reward 52.00 | Epsilon 0.0785
Seed 11 | Episode 813 | Reward -43.00 | Epsilon 0.0782
Seed 11 | Episode 814 | Reward 36.00 | Epsilon 0.0780
Seed 11 | Episode 815 | Reward 65.00 | Epsilon 0.0779
Seed 11 | Episode 816 | Reward 56.00 | Epsilon 0.0778
Seed 11 | Episode 817 | Reward 61.00 | Epsilon 0.0777
Seed 11 | Episode 818 | Reward 57.00 | Epsilon 0.0776
Seed 11 | Episode 819 | Reward 55.00 | Epsilon 0.0775
Seed 11 | Episode 820 | Reward 56.00 | Epsilon 0.0774
Seed 11 | Episode 821 | Reward -130.00 | Epsilon 0.0769
Seed 11 | Episode 822 | Reward 48.00 | Epsilon 0.0768
Seed 11 | Episode 823 | Reward 50.00 | Epsilon 0.0767
Seed 11 | Episode 824 | Reward -9.00 | Epsilon 0.0764
Seed 11 | Episode 825 | Reward 60.00 | Epsilon 0.0763
Seed 11 | Episode 826 | Reward 52.00 | Epsilon 0.0762
Seed 11 | Episode 827 | Reward 61.00 | Epsilon 0.0761
Seed 11 | Episode 828 | Reward 50.00 | Epsilon 0.0760
Seed 11 | Episode 829 | Reward 49.00 | Epsilon 0.0759
Seed 11 | Episode 830 | Reward 59.00 | Epsilon 0.0758
Seed 11 | Episode 831 | Reward 52.00 | Epsilon 0.0757
Seed 11 | Episode 832 | Reward 46.00 | Epsilon 0.0755
Seed 11 | Episode 833 | Reward -300.00 | Epsilon 0.0749
Seed 11 | Episode 834 | Reward 60.00 | Epsilon 0.0748
Seed 11 | Episode 835 | Reward 60.00 | Epsilon 0.0747
Seed 11 | Episode 836 | Reward 39.00 | Epsilon 0.0745
Seed 11 | Episode 837 | Reward 19.00 | Epsilon 0.0744
Seed 11 | Episode 838 | Reward -112.00 | Epsilon 0.0739
Seed 11 | Episode 839 | Reward 60.00 | Epsilon 0.0738
Seed 11 | Episode 840 | Reward 59.00 | Epsilon 0.0737
Seed 11 | Episode 841 | Reward 51.00 | Epsilon 0.0736
Seed 11 | Episode 842 | Reward 53.00 | Epsilon 0.0735
Seed 11 | Episode 843 | Reward 57.00 | Epsilon 0.0734
Seed 11 | Episode 844 | Reward -47.00 | Epsilon 0.0731
Seed 11 | Episode 845 | Reward -181.00 | Epsilon 0.0724
Seed 11 | Episode 846 | Reward 45.00 | Epsilon 0.0723
Seed 11 | Episode 847 | Reward 63.00 | Epsilon 0.0722
Seed 11 | Episode 848 | Reward 58.00 | Epsilon 0.0722
Seed 11 | Episode 849 | Reward -35.00 | Epsilon 0.0719
Seed 11 | Episode 850 | Reward 8.00 | Epsilon 0.0717
Seed 11 | Episode 851 | Reward 51.00 | Epsilon 0.0716
Seed 11 | Episode 852 | Reward 52.00 | Epsilon 0.0714
Seed 11 | Episode 853 | Reward -75.00 | Epsilon 0.0711
Seed 11 | Episode 854 | Reward 52.00 | Epsilon 0.0710
Seed 11 | Episode 855 | Reward 43.00 | Epsilon 0.0708
Seed 11 | Episode 856 | Reward 61.00 | Epsilon 0.0708
Seed 11 | Episode 857 | Reward 59.00 | Epsilon 0.0707
Seed 11 | Episode 858 | Reward 56.00 | Epsilon 0.0706
Seed 11 | Episode 859 | Reward 54.00 | Epsilon 0.0705
Seed 11 | Episode 860 | Reward 56.00 | Epsilon 0.0704
Seed 11 | Episode 861 | Reward 11.00 | Epsilon 0.0702
Seed 11 | Episode 862 | Reward 43.00 | Epsilon 0.0701
Seed 11 | Episode 863 | Reward 61.00 | Epsilon 0.0700
Seed 11 | Episode 864 | Reward 41.00 | Epsilon 0.0699
Seed 11 | Episode 865 | Reward 51.00 | Epsilon 0.0698
Seed 11 | Episode 866 | Reward 57.00 | Epsilon 0.0697
Seed 11 | Episode 867 | Reward 34.00 | Epsilon 0.0695
Seed 11 | Episode 868 | Reward 59.00 | Epsilon 0.0694
Seed 11 | Episode 869 | Reward -64.00 | Epsilon 0.0691
Seed 11 | Episode 870 | Reward 64.00 | Epsilon 0.0690
Seed 11 | Episode 871 | Reward 59.00 | Epsilon 0.0689
Seed 11 | Episode 872 | Reward 61.00 | Epsilon 0.0688
Seed 11 | Episode 873 | Reward 53.00 | Epsilon 0.0687
Seed 11 | Episode 874 | Reward -53.00 | Epsilon 0.0684
Seed 11 | Episode 875 | Reward 53.00 | Epsilon 0.0683
Seed 11 | Episode 876 | Reward 18.00 | Epsilon 0.0682
Seed 11 | Episode 877 | Reward 55.00 | Epsilon 0.0681
Seed 11 | Episode 878 | Reward 36.00 | Epsilon 0.0679
Seed 11 | Episode 879 | Reward 52.00 | Epsilon 0.0678
Seed 11 | Episode 880 | Reward 56.00 | Epsilon 0.0677
Seed 11 | Episode 881 | Reward 12.00 | Epsilon 0.0676
Seed 11 | Episode 882 | Reward 38.00 | Epsilon 0.0674
Seed 11 | Episode 883 | Reward 56.00 | Epsilon 0.0673
Seed 11 | Episode 884 | Reward 62.00 | Epsilon 0.0673
Seed 11 | Episode 885 | Reward -18.00 | Epsilon 0.0670
Seed 11 | Episode 886 | Reward 61.00 | Epsilon 0.0669
Seed 11 | Episode 887 | Reward 44.00 | Epsilon 0.0668
Seed 11 | Episode 888 | Reward 59.00 | Epsilon 0.0667
Seed 11 | Episode 889 | Reward -45.00 | Epsilon 0.0665
Seed 11 | Episode 890 | Reward 61.00 | Epsilon 0.0664
Seed 11 | Episode 891 | Reward 54.00 | Epsilon 0.0663
Seed 11 | Episode 892 | Reward 53.00 | Epsilon 0.0662
Seed 11 | Episode 893 | Reward 54.00 | Epsilon 0.0661
Seed 11 | Episode 894 | Reward 33.00 | Epsilon 0.0660
Seed 11 | Episode 895 | Reward 58.00 | Epsilon 0.0659
Seed 11 | Episode 896 | Reward 42.00 | Epsilon 0.0658
Seed 11 | Episode 897 | Reward -36.00 | Epsilon 0.0655
Seed 11 | Episode 898 | Reward -67.00 | Epsilon 0.0652
Seed 11 | Episode 899 | Reward -28.00 | Epsilon 0.0649
Seed 11 | Episode 900 | Reward 56.00 | Epsilon 0.0648
Seed 11 | Episode 901 | Reward 37.00 | Epsilon 0.0647
Seed 11 | Episode 902 | Reward -64.00 | Epsilon 0.0644
Seed 11 | Episode 903 | Reward 48.00 | Epsilon 0.0643
Seed 11 | Episode 904 | Reward 37.00 | Epsilon 0.0641
Seed 11 | Episode 905 | Reward 41.00 | Epsilon 0.0640
Seed 11 | Episode 906 | Reward 47.00 | Epsilon 0.0639
Seed 11 | Episode 907 | Reward 42.00 | Epsilon 0.0638
Seed 11 | Episode 908 | Reward 8.00 | Epsilon 0.0636
Seed 11 | Episode 909 | Reward 10.00 | Epsilon 0.0635
Seed 11 | Episode 910 | Reward 65.00 | Epsilon 0.0634
Seed 11 | Episode 911 | Reward 64.00 | Epsilon 0.0633
Seed 11 | Episode 912 | Reward 56.00 | Epsilon 0.0632
Seed 11 | Episode 913 | Reward 57.00 | Epsilon 0.0632
Seed 11 | Episode 914 | Reward -97.00 | Epsilon 0.0628
Seed 11 | Episode 915 | Reward 58.00 | Epsilon 0.0627
Seed 11 | Episode 916 | Reward 1.00 | Epsilon 0.0625
Seed 11 | Episode 917 | Reward 54.00 | Epsilon 0.0624
Seed 11 | Episode 918 | Reward -128.00 | Epsilon 0.0620
Seed 11 | Episode 919 | Reward -61.00 | Epsilon 0.0617
Seed 11 | Episode 920 | Reward -8.00 | Epsilon 0.0615
Seed 11 | Episode 921 | Reward 64.00 | Epsilon 0.0614
Seed 11 | Episode 922 | Reward 45.00 | Epsilon 0.0613
Seed 11 | Episode 923 | Reward -35.00 | Epsilon 0.0611
Seed 11 | Episode 924 | Reward 46.00 | Epsilon 0.0610
Seed 11 | Episode 925 | Reward 55.00 | Epsilon 0.0609
Seed 11 | Episode 926 | Reward 47.00 | Epsilon 0.0608
Seed 11 | Episode 927 | Reward 60.00 | Epsilon 0.0607
Seed 11 | Episode 928 | Reward 54.00 | Epsilon 0.0606
Seed 11 | Episode 929 | Reward 54.00 | Epsilon 0.0605
Seed 11 | Episode 930 | Reward 48.00 | Epsilon 0.0604
Seed 11 | Episode 931 | Reward 24.00 | Epsilon 0.0603
Seed 11 | Episode 932 | Reward 46.00 | Epsilon 0.0602
Seed 11 | Episode 933 | Reward 45.00 | Epsilon 0.0601
Seed 11 | Episode 934 | Reward -79.00 | Epsilon 0.0598
Seed 11 | Episode 935 | Reward 58.00 | Epsilon 0.0597
Seed 11 | Episode 936 | Reward 62.00 | Epsilon 0.0596
Seed 11 | Episode 937 | Reward 62.00 | Epsilon 0.0596
Seed 11 | Episode 938 | Reward 60.00 | Epsilon 0.0595
Seed 11 | Episode 939 | Reward 56.00 | Epsilon 0.0594
Seed 11 | Episode 940 | Reward 44.00 | Epsilon 0.0593
Seed 11 | Episode 941 | Reward 54.00 | Epsilon 0.0592
Seed 11 | Episode 942 | Reward -5.00 | Epsilon 0.0590
Seed 11 | Episode 943 | Reward 56.00 | Epsilon 0.0590
Seed 11 | Episode 944 | Reward 51.00 | Epsilon 0.0589
Seed 11 | Episode 945 | Reward -68.00 | Epsilon 0.0586
Seed 11 | Episode 946 | Reward 55.00 | Epsilon 0.0585
Seed 11 | Episode 947 | Reward 11.00 | Epsilon 0.0583
Seed 11 | Episode 948 | Reward -31.00 | Epsilon 0.0581
Seed 11 | Episode 949 | Reward 57.00 | Epsilon 0.0580
Seed 11 | Episode 950 | Reward 53.00 | Epsilon 0.0579
Seed 11 | Episode 951 | Reward 44.00 | Epsilon 0.0578
Seed 11 | Episode 952 | Reward -147.00 | Epsilon 0.0574
Seed 11 | Episode 953 | Reward 41.00 | Epsilon 0.0573
Seed 11 | Episode 954 | Reward -300.00 | Epsilon 0.0568
Seed 11 | Episode 955 | Reward 34.00 | Epsilon 0.0567
Seed 11 | Episode 956 | Reward 37.00 | Epsilon 0.0566
Seed 11 | Episode 957 | Reward 58.00 | Epsilon 0.0565
Seed 11 | Episode 958 | Reward 55.00 | Epsilon 0.0564
Seed 11 | Episode 959 | Reward -2.00 | Epsilon 0.0563
Seed 11 | Episode 960 | Reward 50.00 | Epsilon 0.0562
Seed 11 | Episode 961 | Reward 58.00 | Epsilon 0.0561
Seed 11 | Episode 962 | Reward 58.00 | Epsilon 0.0560
Seed 11 | Episode 963 | Reward -60.00 | Epsilon 0.0558
Seed 11 | Episode 964 | Reward 43.00 | Epsilon 0.0557
Seed 11 | Episode 965 | Reward 64.00 | Epsilon 0.0556
Seed 11 | Episode 966 | Reward 58.00 | Epsilon 0.0555
Seed 11 | Episode 967 | Reward 55.00 | Epsilon 0.0554
Seed 11 | Episode 968 | Reward -28.00 | Epsilon 0.0552
Seed 11 | Episode 969 | Reward 46.00 | Epsilon 0.0551
Seed 11 | Episode 970 | Reward 58.00 | Epsilon 0.0551
Seed 11 | Episode 971 | Reward 51.00 | Epsilon 0.0550
Seed 11 | Episode 972 | Reward 57.00 | Epsilon 0.0549
Seed 11 | Episode 973 | Reward 58.00 | Epsilon 0.0548
Seed 11 | Episode 974 | Reward 63.00 | Epsilon 0.0548
Seed 11 | Episode 975 | Reward 23.00 | Epsilon 0.0547
Seed 11 | Episode 976 | Reward 51.00 | Epsilon 0.0546
Seed 11 | Episode 977 | Reward -300.00 | Epsilon 0.0541
Seed 11 | Episode 978 | Reward 60.00 | Epsilon 0.0540
Seed 11 | Episode 979 | Reward -1.00 | Epsilon 0.0539
Seed 11 | Episode 980 | Reward 24.00 | Epsilon 0.0537
Seed 11 | Episode 981 | Reward 47.00 | Epsilon 0.0536
Seed 11 | Episode 982 | Reward 62.00 | Epsilon 0.0536
Seed 11 | Episode 983 | Reward -300.00 | Epsilon 0.0531
Seed 11 | Episode 984 | Reward 57.00 | Epsilon 0.0530
Seed 11 | Episode 985 | Reward 42.00 | Epsilon 0.0529
Seed 11 | Episode 986 | Reward -10.00 | Epsilon 0.0528
Seed 11 | Episode 987 | Reward 26.00 | Epsilon 0.0526
Seed 11 | Episode 988 | Reward 54.00 | Epsilon 0.0526
Seed 11 | Episode 989 | Reward 24.00 | Epsilon 0.0524
Seed 11 | Episode 990 | Reward 52.00 | Epsilon 0.0524
Seed 11 | Episode 991 | Reward -34.00 | Epsilon 0.0522
Seed 11 | Episode 992 | Reward 59.00 | Epsilon 0.0521
Seed 11 | Episode 993 | Reward 58.00 | Epsilon 0.0520
Seed 11 | Episode 994 | Reward 42.00 | Epsilon 0.0519
Seed 11 | Episode 995 | Reward -6.00 | Epsilon 0.0518
Seed 11 | Episode 996 | Reward 66.00 | Epsilon 0.0517
Seed 11 | Episode 997 | Reward 61.00 | Epsilon 0.0516
Seed 11 | Episode 998 | Reward -41.00 | Epsilon 0.0514
Seed 11 | Episode 999 | Reward 29.00 | Epsilon 0.0513
Finished seed 11
