starting job
Sun Dec  7 19:54:41 2025       
+-----------------------------------------------------------------------------------------+
| NVIDIA-SMI 580.65.06              Driver Version: 580.65.06      CUDA Version: 13.0     |
+-----------------------------------------+------------------------+----------------------+
| GPU  Name                 Persistence-M | Bus-Id          Disp.A | Volatile Uncorr. ECC |
| Fan  Temp   Perf          Pwr:Usage/Cap |           Memory-Usage | GPU-Util  Compute M. |
|                                         |                        |               MIG M. |
|=========================================+========================+======================|
|   0  NVIDIA H100 80GB HBM3          On  |   00000000:46:00.0 Off |                   On |
| N/A   22C    P0             69W /  700W |     101MiB /  81559MiB |     N/A      Default |
|                                         |                        |              Enabled |
+-----------------------------------------+------------------------+----------------------+

+-----------------------------------------------------------------------------------------+
| MIG devices:                                                                            |
+------------------+----------------------------------+-----------+-----------------------+
| GPU  GI  CI  MIG |              Shared Memory-Usage |        Vol|        Shared         |
|      ID  ID  Dev |                Shared BAR1-Usage | SM     Unc| CE ENC  DEC  OFA  JPG |
|                  |                                  |        ECC|                       |
|==================+==================================+===========+=======================|
|  0    9   0   0  |              15MiB /  9984MiB    | 16      0 |  1   0    1    0    1 |
|                  |               0MiB /  6185MiB    |           |                       |
+------------------+----------------------------------+-----------+-----------------------+

+-----------------------------------------------------------------------------------------+
| Processes:                                                                              |
|  GPU   GI   CI              PID   Type   Process name                        GPU Memory |
|        ID   ID                                                               Usage      |
|=========================================================================================|
|  No running processes found                                                             |
+-----------------------------------------------------------------------------------------+
Running seed 15
Gym has been unmaintained since 2022 and does not support NumPy 2.0 amongst other critical functionality.
Please upgrade to Gymnasium, the maintained drop-in replacement of Gym, or contact the authors of your software and request that they upgrade.
Users of this version of Gym should be able to simply replace 'import gym' with 'import gymnasium as gym' in the vast majority of cases.
See the migration guide at https://gymnasium.farama.org/introduction/migration_guide/ for additional information.
Seed 15 | Episode 0 | Reward -300.00 | Epsilon 0.9987
Seed 15 | Episode 1 | Reward -300.00 | Epsilon 0.9897
Seed 15 | Episode 2 | Reward 45.00 | Epsilon 0.9880
Seed 15 | Episode 3 | Reward -300.00 | Epsilon 0.9792
Seed 15 | Episode 4 | Reward -300.00 | Epsilon 0.9704
Seed 15 | Episode 5 | Reward -300.00 | Epsilon 0.9617
Seed 15 | Episode 6 | Reward -300.00 | Epsilon 0.9531
Seed 15 | Episode 7 | Reward -300.00 | Epsilon 0.9446
Seed 15 | Episode 8 | Reward -300.00 | Epsilon 0.9361
Seed 15 | Episode 9 | Reward -300.00 | Epsilon 0.9277
Seed 15 | Episode 10 | Reward -300.00 | Epsilon 0.9194
Seed 15 | Episode 11 | Reward -300.00 | Epsilon 0.9112
Seed 15 | Episode 12 | Reward -300.00 | Epsilon 0.9030
Seed 15 | Episode 13 | Reward -300.00 | Epsilon 0.8949
Seed 15 | Episode 14 | Reward -300.00 | Epsilon 0.8869
Seed 15 | Episode 15 | Reward -300.00 | Epsilon 0.8789
Seed 15 | Episode 16 | Reward -300.00 | Epsilon 0.8711
Seed 15 | Episode 17 | Reward -300.00 | Epsilon 0.8633
Seed 15 | Episode 18 | Reward -300.00 | Epsilon 0.8555
Seed 15 | Episode 19 | Reward -300.00 | Epsilon 0.8479
Seed 15 | Episode 20 | Reward -300.00 | Epsilon 0.8403
Seed 15 | Episode 21 | Reward -300.00 | Epsilon 0.8327
Seed 15 | Episode 22 | Reward -300.00 | Epsilon 0.8253
Seed 15 | Episode 23 | Reward -300.00 | Epsilon 0.8179
Seed 15 | Episode 24 | Reward -300.00 | Epsilon 0.8106
Seed 15 | Episode 25 | Reward -300.00 | Epsilon 0.8033
Seed 15 | Episode 26 | Reward -300.00 | Epsilon 0.7961
Seed 15 | Episode 27 | Reward -300.00 | Epsilon 0.7890
Seed 15 | Episode 28 | Reward -300.00 | Epsilon 0.7819
Seed 15 | Episode 29 | Reward -300.00 | Epsilon 0.7749
Seed 15 | Episode 30 | Reward -300.00 | Epsilon 0.7679
Seed 15 | Episode 31 | Reward -300.00 | Epsilon 0.7611
Seed 15 | Episode 32 | Reward -300.00 | Epsilon 0.7542
Seed 15 | Episode 33 | Reward -300.00 | Epsilon 0.7475
Seed 15 | Episode 34 | Reward -300.00 | Epsilon 0.7408
Seed 15 | Episode 35 | Reward -300.00 | Epsilon 0.7342
Seed 15 | Episode 36 | Reward -300.00 | Epsilon 0.7276
Seed 15 | Episode 37 | Reward -300.00 | Epsilon 0.7211
Seed 15 | Episode 38 | Reward -300.00 | Epsilon 0.7146
Seed 15 | Episode 39 | Reward -300.00 | Epsilon 0.7082
Seed 15 | Episode 40 | Reward -300.00 | Epsilon 0.7019
Seed 15 | Episode 41 | Reward -300.00 | Epsilon 0.6956
Seed 15 | Episode 42 | Reward -300.00 | Epsilon 0.6893
Seed 15 | Episode 43 | Reward -300.00 | Epsilon 0.6832
Seed 15 | Episode 44 | Reward -300.00 | Epsilon 0.6770
Seed 15 | Episode 45 | Reward -300.00 | Epsilon 0.6710
Seed 15 | Episode 46 | Reward -300.00 | Epsilon 0.6650
Seed 15 | Episode 47 | Reward -300.00 | Epsilon 0.6590
Seed 15 | Episode 48 | Reward -300.00 | Epsilon 0.6531
Seed 15 | Episode 49 | Reward -300.00 | Epsilon 0.6472
Seed 15 | Episode 50 | Reward -300.00 | Epsilon 0.6414
Seed 15 | Episode 51 | Reward -300.00 | Epsilon 0.6357
Seed 15 | Episode 52 | Reward -300.00 | Epsilon 0.6300
Seed 15 | Episode 53 | Reward -300.00 | Epsilon 0.6244
Seed 15 | Episode 54 | Reward -300.00 | Epsilon 0.6188
Seed 15 | Episode 55 | Reward -300.00 | Epsilon 0.6132
Seed 15 | Episode 56 | Reward -300.00 | Epsilon 0.6077
Seed 15 | Episode 57 | Reward -300.00 | Epsilon 0.6023
Seed 15 | Episode 58 | Reward -178.00 | Epsilon 0.5973
Seed 15 | Episode 59 | Reward -300.00 | Epsilon 0.5919
Seed 15 | Episode 60 | Reward -300.00 | Epsilon 0.5866
Seed 15 | Episode 61 | Reward -300.00 | Epsilon 0.5813
Seed 15 | Episode 62 | Reward 8.00 | Epsilon 0.5797
Seed 15 | Episode 63 | Reward -300.00 | Epsilon 0.5745
Seed 15 | Episode 64 | Reward -300.00 | Epsilon 0.5694
Seed 15 | Episode 65 | Reward -300.00 | Epsilon 0.5643
Seed 15 | Episode 66 | Reward -300.00 | Epsilon 0.5592
Seed 15 | Episode 67 | Reward -300.00 | Epsilon 0.5542
Seed 15 | Episode 68 | Reward -300.00 | Epsilon 0.5493
Seed 15 | Episode 69 | Reward -300.00 | Epsilon 0.5443
Seed 15 | Episode 70 | Reward -300.00 | Epsilon 0.5395
Seed 15 | Episode 71 | Reward -300.00 | Epsilon 0.5346
Seed 15 | Episode 72 | Reward -300.00 | Epsilon 0.5298
Seed 15 | Episode 73 | Reward -300.00 | Epsilon 0.5251
Seed 15 | Episode 74 | Reward -300.00 | Epsilon 0.5204
Seed 15 | Episode 75 | Reward -300.00 | Epsilon 0.5157
Seed 15 | Episode 76 | Reward -300.00 | Epsilon 0.5111
Seed 15 | Episode 77 | Reward -300.00 | Epsilon 0.5065
Seed 15 | Episode 78 | Reward -300.00 | Epsilon 0.5020
Seed 15 | Episode 79 | Reward -300.00 | Epsilon 0.4975
Seed 15 | Episode 80 | Reward -300.00 | Epsilon 0.4930
Seed 15 | Episode 81 | Reward -300.00 | Epsilon 0.4886
Seed 15 | Episode 82 | Reward -300.00 | Epsilon 0.4842
Seed 15 | Episode 83 | Reward -300.00 | Epsilon 0.4799
Seed 15 | Episode 84 | Reward 47.00 | Epsilon 0.4791
Seed 15 | Episode 85 | Reward -118.00 | Epsilon 0.4760
Seed 15 | Episode 86 | Reward -300.00 | Epsilon 0.4717
Seed 15 | Episode 87 | Reward -300.00 | Epsilon 0.4675
Seed 15 | Episode 88 | Reward -300.00 | Epsilon 0.4633
Seed 15 | Episode 89 | Reward -300.00 | Epsilon 0.4591
Seed 15 | Episode 90 | Reward -175.00 | Epsilon 0.4554
Seed 15 | Episode 91 | Reward -300.00 | Epsilon 0.4513
Seed 15 | Episode 92 | Reward -300.00 | Epsilon 0.4472
Seed 15 | Episode 93 | Reward -300.00 | Epsilon 0.4432
Seed 15 | Episode 94 | Reward -300.00 | Epsilon 0.4393
Seed 15 | Episode 95 | Reward -300.00 | Epsilon 0.4353
Seed 15 | Episode 96 | Reward -300.00 | Epsilon 0.4314
Seed 15 | Episode 97 | Reward -300.00 | Epsilon 0.4276
Seed 15 | Episode 98 | Reward -300.00 | Epsilon 0.4237
Seed 15 | Episode 99 | Reward -300.00 | Epsilon 0.4199
Seed 15 | Episode 100 | Reward -300.00 | Epsilon 0.4162
Seed 15 | Episode 101 | Reward -300.00 | Epsilon 0.4124
Seed 15 | Episode 102 | Reward -300.00 | Epsilon 0.4087
Seed 15 | Episode 103 | Reward -300.00 | Epsilon 0.4051
Seed 15 | Episode 104 | Reward -300.00 | Epsilon 0.4014
Seed 15 | Episode 105 | Reward -300.00 | Epsilon 0.3979
Seed 15 | Episode 106 | Reward 26.00 | Epsilon 0.3970
Seed 15 | Episode 107 | Reward 27.00 | Epsilon 0.3961
Seed 15 | Episode 108 | Reward -300.00 | Epsilon 0.3925
Seed 15 | Episode 109 | Reward -132.00 | Epsilon 0.3898
Seed 15 | Episode 110 | Reward 53.00 | Epsilon 0.3892
Seed 15 | Episode 111 | Reward -300.00 | Epsilon 0.3857
Seed 15 | Episode 112 | Reward 7.00 | Epsilon 0.3847
Seed 15 | Episode 113 | Reward -300.00 | Epsilon 0.3812
Seed 15 | Episode 114 | Reward -177.00 | Epsilon 0.3780
Seed 15 | Episode 115 | Reward 10.00 | Epsilon 0.3770
Seed 15 | Episode 116 | Reward -121.00 | Epsilon 0.3745
Seed 15 | Episode 117 | Reward -300.00 | Epsilon 0.3712
Seed 15 | Episode 118 | Reward 44.00 | Epsilon 0.3705
Seed 15 | Episode 119 | Reward -300.00 | Epsilon 0.3672
Seed 15 | Episode 120 | Reward -300.00 | Epsilon 0.3639
Seed 15 | Episode 121 | Reward -172.00 | Epsilon 0.3609
Seed 15 | Episode 122 | Reward 53.00 | Epsilon 0.3604
Seed 15 | Episode 123 | Reward -300.00 | Epsilon 0.3572
Seed 15 | Episode 124 | Reward -140.00 | Epsilon 0.3546
Seed 15 | Episode 125 | Reward -20.00 | Epsilon 0.3533
Seed 15 | Episode 126 | Reward 39.00 | Epsilon 0.3527
Seed 15 | Episode 127 | Reward 32.00 | Epsilon 0.3520
Seed 15 | Episode 128 | Reward -17.00 | Epsilon 0.3507
Seed 15 | Episode 129 | Reward -10.00 | Epsilon 0.3495
Seed 15 | Episode 130 | Reward 56.00 | Epsilon 0.3491
Seed 15 | Episode 131 | Reward -26.00 | Epsilon 0.3477
Seed 15 | Episode 132 | Reward -13.00 | Epsilon 0.3466
Seed 15 | Episode 133 | Reward 45.00 | Epsilon 0.3460
Seed 15 | Episode 134 | Reward -28.00 | Epsilon 0.3446
Seed 15 | Episode 135 | Reward 58.00 | Epsilon 0.3442
Seed 15 | Episode 136 | Reward 56.00 | Epsilon 0.3437
Seed 15 | Episode 137 | Reward -300.00 | Epsilon 0.3407
Seed 15 | Episode 138 | Reward -14.00 | Epsilon 0.3395
Seed 15 | Episode 139 | Reward -300.00 | Epsilon 0.3364
Seed 15 | Episode 140 | Reward -97.00 | Epsilon 0.3344
Seed 15 | Episode 141 | Reward -85.00 | Epsilon 0.3326
Seed 15 | Episode 142 | Reward -56.00 | Epsilon 0.3310
Seed 15 | Episode 143 | Reward 48.00 | Epsilon 0.3305
Seed 15 | Episode 144 | Reward 54.00 | Epsilon 0.3300
Seed 15 | Episode 145 | Reward -300.00 | Epsilon 0.3271
Seed 15 | Episode 146 | Reward -300.00 | Epsilon 0.3241
Seed 15 | Episode 147 | Reward 46.00 | Epsilon 0.3236
Seed 15 | Episode 148 | Reward -300.00 | Epsilon 0.3207
Seed 15 | Episode 149 | Reward -300.00 | Epsilon 0.3178
Seed 15 | Episode 150 | Reward -300.00 | Epsilon 0.3150
Seed 15 | Episode 151 | Reward -300.00 | Epsilon 0.3122
Seed 15 | Episode 152 | Reward 45.00 | Epsilon 0.3116
Seed 15 | Episode 153 | Reward -120.00 | Epsilon 0.3096
Seed 15 | Episode 154 | Reward 37.00 | Epsilon 0.3090
Seed 15 | Episode 155 | Reward -61.00 | Epsilon 0.3075
Seed 15 | Episode 156 | Reward 48.00 | Epsilon 0.3070
Seed 15 | Episode 157 | Reward -28.00 | Epsilon 0.3058
Seed 15 | Episode 158 | Reward 46.00 | Epsilon 0.3053
Seed 15 | Episode 159 | Reward -125.00 | Epsilon 0.3032
Seed 15 | Episode 160 | Reward -105.00 | Epsilon 0.3014
Seed 15 | Episode 161 | Reward -140.00 | Epsilon 0.2992
Seed 15 | Episode 162 | Reward 39.00 | Epsilon 0.2987
Seed 15 | Episode 163 | Reward 51.00 | Epsilon 0.2982
Seed 15 | Episode 164 | Reward 34.00 | Epsilon 0.2976
Seed 15 | Episode 165 | Reward 40.00 | Epsilon 0.2971
Seed 15 | Episode 166 | Reward 49.00 | Epsilon 0.2966
Seed 15 | Episode 167 | Reward -69.00 | Epsilon 0.2951
Seed 15 | Episode 168 | Reward -30.00 | Epsilon 0.2939
Seed 15 | Episode 169 | Reward -46.00 | Epsilon 0.2926
Seed 15 | Episode 170 | Reward 22.00 | Epsilon 0.2919
Seed 15 | Episode 171 | Reward 56.00 | Epsilon 0.2916
Seed 15 | Episode 172 | Reward 41.00 | Epsilon 0.2910
Seed 15 | Episode 173 | Reward 38.00 | Epsilon 0.2905
Seed 15 | Episode 174 | Reward -32.00 | Epsilon 0.2893
Seed 15 | Episode 175 | Reward 32.00 | Epsilon 0.2887
Seed 15 | Episode 176 | Reward -21.00 | Epsilon 0.2877
Seed 15 | Episode 177 | Reward -28.00 | Epsilon 0.2866
Seed 15 | Episode 178 | Reward 41.00 | Epsilon 0.2860
Seed 15 | Episode 179 | Reward 48.00 | Epsilon 0.2856
Seed 15 | Episode 180 | Reward -36.00 | Epsilon 0.2844
Seed 15 | Episode 181 | Reward 39.00 | Epsilon 0.2839
Seed 15 | Episode 182 | Reward 35.00 | Epsilon 0.2833
Seed 15 | Episode 183 | Reward -56.00 | Epsilon 0.2820
Seed 15 | Episode 184 | Reward 46.00 | Epsilon 0.2815
Seed 15 | Episode 185 | Reward 41.00 | Epsilon 0.2810
Seed 15 | Episode 186 | Reward -4.00 | Epsilon 0.2801
Seed 15 | Episode 187 | Reward -35.00 | Epsilon 0.2790
Seed 15 | Episode 188 | Reward -44.00 | Epsilon 0.2778
Seed 15 | Episode 189 | Reward 52.00 | Epsilon 0.2774
Seed 15 | Episode 190 | Reward 43.00 | Epsilon 0.2769
Seed 15 | Episode 191 | Reward 46.00 | Epsilon 0.2764
Seed 15 | Episode 192 | Reward 1.00 | Epsilon 0.2756
Seed 15 | Episode 193 | Reward 55.00 | Epsilon 0.2752
Seed 15 | Episode 194 | Reward 39.00 | Epsilon 0.2747
Seed 15 | Episode 195 | Reward 44.00 | Epsilon 0.2743
Seed 15 | Episode 196 | Reward -36.00 | Epsilon 0.2731
Seed 15 | Episode 197 | Reward -171.00 | Epsilon 0.2709
Seed 15 | Episode 198 | Reward 32.00 | Epsilon 0.2703
Seed 15 | Episode 199 | Reward 56.00 | Epsilon 0.2700
Seed 15 | Episode 200 | Reward 31.00 | Epsilon 0.2694
Seed 15 | Episode 201 | Reward 35.00 | Epsilon 0.2689
Seed 15 | Episode 202 | Reward 42.00 | Epsilon 0.2684
Seed 15 | Episode 203 | Reward 43.00 | Epsilon 0.2679
Seed 15 | Episode 204 | Reward -43.00 | Epsilon 0.2668
Seed 15 | Episode 205 | Reward -25.00 | Epsilon 0.2658
Seed 15 | Episode 206 | Reward 10.00 | Epsilon 0.2651
Seed 15 | Episode 207 | Reward 57.00 | Epsilon 0.2647
Seed 15 | Episode 208 | Reward -22.00 | Epsilon 0.2637
Seed 15 | Episode 209 | Reward 58.00 | Epsilon 0.2634
Seed 15 | Episode 210 | Reward 43.00 | Epsilon 0.2629
Seed 15 | Episode 211 | Reward 43.00 | Epsilon 0.2625
Seed 15 | Episode 212 | Reward 55.00 | Epsilon 0.2621
Seed 15 | Episode 213 | Reward 38.00 | Epsilon 0.2616
Seed 15 | Episode 214 | Reward 36.00 | Epsilon 0.2611
Seed 15 | Episode 215 | Reward 43.00 | Epsilon 0.2607
Seed 15 | Episode 216 | Reward 37.00 | Epsilon 0.2602
Seed 15 | Episode 217 | Reward 6.00 | Epsilon 0.2594
Seed 15 | Episode 218 | Reward 45.00 | Epsilon 0.2590
Seed 15 | Episode 219 | Reward 55.00 | Epsilon 0.2586
Seed 15 | Episode 220 | Reward 46.00 | Epsilon 0.2582
Seed 15 | Episode 221 | Reward 53.00 | Epsilon 0.2578
Seed 15 | Episode 222 | Reward 56.00 | Epsilon 0.2575
Seed 15 | Episode 223 | Reward 49.00 | Epsilon 0.2571
Seed 15 | Episode 224 | Reward 52.00 | Epsilon 0.2567
Seed 15 | Episode 225 | Reward 22.00 | Epsilon 0.2561
Seed 15 | Episode 226 | Reward 45.00 | Epsilon 0.2557
Seed 15 | Episode 227 | Reward 42.00 | Epsilon 0.2552
Seed 15 | Episode 228 | Reward -20.00 | Epsilon 0.2543
Seed 15 | Episode 229 | Reward 31.00 | Epsilon 0.2537
Seed 15 | Episode 230 | Reward 44.00 | Epsilon 0.2533
Seed 15 | Episode 231 | Reward 50.00 | Epsilon 0.2529
Seed 15 | Episode 232 | Reward 49.00 | Epsilon 0.2525
Seed 15 | Episode 233 | Reward 58.00 | Epsilon 0.2522
Seed 15 | Episode 234 | Reward 57.00 | Epsilon 0.2519
Seed 15 | Episode 235 | Reward 40.00 | Epsilon 0.2514
Seed 15 | Episode 236 | Reward -17.00 | Epsilon 0.2505
Seed 15 | Episode 237 | Reward 43.00 | Epsilon 0.2501
Seed 15 | Episode 238 | Reward 41.00 | Epsilon 0.2496
Seed 15 | Episode 239 | Reward 48.00 | Epsilon 0.2492
Seed 15 | Episode 240 | Reward 49.00 | Epsilon 0.2489
Seed 15 | Episode 241 | Reward 6.00 | Epsilon 0.2481
Seed 15 | Episode 242 | Reward 23.00 | Epsilon 0.2476
Seed 15 | Episode 243 | Reward 60.00 | Epsilon 0.2473
Seed 15 | Episode 244 | Reward 49.00 | Epsilon 0.2469
Seed 15 | Episode 245 | Reward 33.00 | Epsilon 0.2464
Seed 15 | Episode 246 | Reward 43.00 | Epsilon 0.2459
Seed 15 | Episode 247 | Reward 59.00 | Epsilon 0.2456
Seed 15 | Episode 248 | Reward -68.00 | Epsilon 0.2444
Seed 15 | Episode 249 | Reward 47.00 | Epsilon 0.2440
Seed 15 | Episode 250 | Reward 44.00 | Epsilon 0.2436
Seed 15 | Episode 251 | Reward 45.00 | Epsilon 0.2432
Seed 15 | Episode 252 | Reward 42.00 | Epsilon 0.2427
Seed 15 | Episode 253 | Reward -3.00 | Epsilon 0.2420
Seed 15 | Episode 254 | Reward 29.00 | Epsilon 0.2415
Seed 15 | Episode 255 | Reward 42.00 | Epsilon 0.2410
Seed 15 | Episode 256 | Reward -144.00 | Epsilon 0.2393
Seed 15 | Episode 257 | Reward 57.00 | Epsilon 0.2390
Seed 15 | Episode 258 | Reward 35.00 | Epsilon 0.2385
Seed 15 | Episode 259 | Reward 54.00 | Epsilon 0.2381
Seed 15 | Episode 260 | Reward 45.00 | Epsilon 0.2377
Seed 15 | Episode 261 | Reward 37.00 | Epsilon 0.2373
Seed 15 | Episode 262 | Reward 53.00 | Epsilon 0.2370
Seed 15 | Episode 263 | Reward 53.00 | Epsilon 0.2366
Seed 15 | Episode 264 | Reward 34.00 | Epsilon 0.2361
Seed 15 | Episode 265 | Reward 55.00 | Epsilon 0.2358
Seed 15 | Episode 266 | Reward 59.00 | Epsilon 0.2355
Seed 15 | Episode 267 | Reward 36.00 | Epsilon 0.2351
Seed 15 | Episode 268 | Reward 45.00 | Epsilon 0.2347
Seed 15 | Episode 269 | Reward 53.00 | Epsilon 0.2343
Seed 15 | Episode 270 | Reward 42.00 | Epsilon 0.2339
Seed 15 | Episode 271 | Reward 34.00 | Epsilon 0.2334
Seed 15 | Episode 272 | Reward 53.00 | Epsilon 0.2331
Seed 15 | Episode 273 | Reward -27.00 | Epsilon 0.2322
Seed 15 | Episode 274 | Reward 46.00 | Epsilon 0.2318
Seed 15 | Episode 275 | Reward -19.00 | Epsilon 0.2310
Seed 15 | Episode 276 | Reward 36.00 | Epsilon 0.2305
Seed 15 | Episode 277 | Reward 34.00 | Epsilon 0.2301
Seed 15 | Episode 278 | Reward 55.00 | Epsilon 0.2298
Seed 15 | Episode 279 | Reward -23.00 | Epsilon 0.2289
Seed 15 | Episode 280 | Reward 26.00 | Epsilon 0.2284
Seed 15 | Episode 281 | Reward 6.00 | Epsilon 0.2277
Seed 15 | Episode 282 | Reward 46.00 | Epsilon 0.2274
Seed 15 | Episode 283 | Reward 33.00 | Epsilon 0.2269
Seed 15 | Episode 284 | Reward 60.00 | Epsilon 0.2266
Seed 15 | Episode 285 | Reward 50.00 | Epsilon 0.2263
Seed 15 | Episode 286 | Reward 43.00 | Epsilon 0.2259
Seed 15 | Episode 287 | Reward 42.00 | Epsilon 0.2255
Seed 15 | Episode 288 | Reward 59.00 | Epsilon 0.2252
Seed 15 | Episode 289 | Reward -31.00 | Epsilon 0.2243
Seed 15 | Episode 290 | Reward 29.00 | Epsilon 0.2238
Seed 15 | Episode 291 | Reward 42.00 | Epsilon 0.2234
Seed 15 | Episode 292 | Reward 36.00 | Epsilon 0.2230
Seed 15 | Episode 293 | Reward 54.00 | Epsilon 0.2227
Seed 15 | Episode 294 | Reward 42.00 | Epsilon 0.2223
Seed 15 | Episode 295 | Reward 56.00 | Epsilon 0.2220
Seed 15 | Episode 296 | Reward 35.00 | Epsilon 0.2216
Seed 15 | Episode 297 | Reward 59.00 | Epsilon 0.2213
Seed 15 | Episode 298 | Reward 48.00 | Epsilon 0.2209
Seed 15 | Episode 299 | Reward 33.00 | Epsilon 0.2205
Seed 15 | Episode 300 | Reward 48.00 | Epsilon 0.2201
Seed 15 | Episode 301 | Reward 47.00 | Epsilon 0.2198
Seed 15 | Episode 302 | Reward 8.00 | Epsilon 0.2192
Seed 15 | Episode 303 | Reward 48.00 | Epsilon 0.2188
Seed 15 | Episode 304 | Reward 45.00 | Epsilon 0.2184
Seed 15 | Episode 305 | Reward 48.00 | Epsilon 0.2181
Seed 15 | Episode 306 | Reward 40.00 | Epsilon 0.2177
Seed 15 | Episode 307 | Reward 50.00 | Epsilon 0.2174
Seed 15 | Episode 308 | Reward 40.00 | Epsilon 0.2170
Seed 15 | Episode 309 | Reward 8.00 | Epsilon 0.2164
Seed 15 | Episode 310 | Reward 59.00 | Epsilon 0.2161
Seed 15 | Episode 311 | Reward 45.00 | Epsilon 0.2157
Seed 15 | Episode 312 | Reward 37.00 | Epsilon 0.2153
Seed 15 | Episode 313 | Reward 45.00 | Epsilon 0.2149
Seed 15 | Episode 314 | Reward 49.00 | Epsilon 0.2146
Seed 15 | Episode 315 | Reward 39.00 | Epsilon 0.2142
Seed 15 | Episode 316 | Reward 51.00 | Epsilon 0.2139
Seed 15 | Episode 317 | Reward 33.00 | Epsilon 0.2135
Seed 15 | Episode 318 | Reward 50.00 | Epsilon 0.2131
Seed 15 | Episode 319 | Reward 49.00 | Epsilon 0.2128
Seed 15 | Episode 320 | Reward 46.00 | Epsilon 0.2124
Seed 15 | Episode 321 | Reward 46.00 | Epsilon 0.2121
Seed 15 | Episode 322 | Reward 50.00 | Epsilon 0.2118
Seed 15 | Episode 323 | Reward -14.00 | Epsilon 0.2110
Seed 15 | Episode 324 | Reward 43.00 | Epsilon 0.2107
Seed 15 | Episode 325 | Reward 53.00 | Epsilon 0.2104
Seed 15 | Episode 326 | Reward 54.00 | Epsilon 0.2101
Seed 15 | Episode 327 | Reward 56.00 | Epsilon 0.2098
Seed 15 | Episode 328 | Reward 59.00 | Epsilon 0.2095
Seed 15 | Episode 329 | Reward 52.00 | Epsilon 0.2092
Seed 15 | Episode 330 | Reward 63.00 | Epsilon 0.2090
Seed 15 | Episode 331 | Reward 50.00 | Epsilon 0.2087
Seed 15 | Episode 332 | Reward 45.00 | Epsilon 0.2083
Seed 15 | Episode 333 | Reward 46.00 | Epsilon 0.2080
Seed 15 | Episode 334 | Reward 49.00 | Epsilon 0.2076
Seed 15 | Episode 335 | Reward 48.00 | Epsilon 0.2073
Seed 15 | Episode 336 | Reward 54.00 | Epsilon 0.2070
Seed 15 | Episode 337 | Reward 44.00 | Epsilon 0.2067
Seed 15 | Episode 338 | Reward 48.00 | Epsilon 0.2063
Seed 15 | Episode 339 | Reward 53.00 | Epsilon 0.2060
Seed 15 | Episode 340 | Reward 47.00 | Epsilon 0.2057
Seed 15 | Episode 341 | Reward 43.00 | Epsilon 0.2054
Seed 15 | Episode 342 | Reward 51.00 | Epsilon 0.2050
Seed 15 | Episode 343 | Reward 1.00 | Epsilon 0.2044
Seed 15 | Episode 344 | Reward 34.00 | Epsilon 0.2040
Seed 15 | Episode 345 | Reward 33.00 | Epsilon 0.2036
Seed 15 | Episode 346 | Reward 55.00 | Epsilon 0.2033
Seed 15 | Episode 347 | Reward 11.00 | Epsilon 0.2028
Seed 15 | Episode 348 | Reward 42.00 | Epsilon 0.2024
Seed 15 | Episode 349 | Reward -21.00 | Epsilon 0.2017
Seed 15 | Episode 350 | Reward 9.00 | Epsilon 0.2011
Seed 15 | Episode 351 | Reward 40.00 | Epsilon 0.2008
Seed 15 | Episode 352 | Reward 12.00 | Epsilon 0.2002
Seed 15 | Episode 353 | Reward 46.00 | Epsilon 0.1999
Seed 15 | Episode 354 | Reward 59.00 | Epsilon 0.1996
Seed 15 | Episode 355 | Reward 58.00 | Epsilon 0.1994
Seed 15 | Episode 356 | Reward 41.00 | Epsilon 0.1990
Seed 15 | Episode 357 | Reward 59.00 | Epsilon 0.1988
Seed 15 | Episode 358 | Reward 41.00 | Epsilon 0.1984
Seed 15 | Episode 359 | Reward 63.00 | Epsilon 0.1982
Seed 15 | Episode 360 | Reward 56.00 | Epsilon 0.1979
Seed 15 | Episode 361 | Reward 51.00 | Epsilon 0.1976
Seed 15 | Episode 362 | Reward 45.00 | Epsilon 0.1973
Seed 15 | Episode 363 | Reward 51.00 | Epsilon 0.1970
Seed 15 | Episode 364 | Reward 54.00 | Epsilon 0.1967
Seed 15 | Episode 365 | Reward 43.00 | Epsilon 0.1964
Seed 15 | Episode 366 | Reward -2.00 | Epsilon 0.1958
Seed 15 | Episode 367 | Reward 41.00 | Epsilon 0.1954
Seed 15 | Episode 368 | Reward 37.00 | Epsilon 0.1950
Seed 15 | Episode 369 | Reward 60.00 | Epsilon 0.1948
Seed 15 | Episode 370 | Reward 32.00 | Epsilon 0.1944
Seed 15 | Episode 371 | Reward 36.00 | Epsilon 0.1940
Seed 15 | Episode 372 | Reward 43.00 | Epsilon 0.1937
Seed 15 | Episode 373 | Reward 58.00 | Epsilon 0.1934
Seed 15 | Episode 374 | Reward 48.00 | Epsilon 0.1931
Seed 15 | Episode 375 | Reward 47.00 | Epsilon 0.1928
Seed 15 | Episode 376 | Reward -139.00 | Epsilon 0.1914
Seed 15 | Episode 377 | Reward 30.00 | Epsilon 0.1910
Seed 15 | Episode 378 | Reward -61.00 | Epsilon 0.1901
Seed 15 | Episode 379 | Reward 51.00 | Epsilon 0.1898
Seed 15 | Episode 380 | Reward 42.00 | Epsilon 0.1895
Seed 15 | Episode 381 | Reward 55.00 | Epsilon 0.1892
Seed 15 | Episode 382 | Reward 55.00 | Epsilon 0.1890
Seed 15 | Episode 383 | Reward 33.00 | Epsilon 0.1886
Seed 15 | Episode 384 | Reward 50.00 | Epsilon 0.1883
Seed 15 | Episode 385 | Reward 14.00 | Epsilon 0.1878
Seed 15 | Episode 386 | Reward -106.00 | Epsilon 0.1866
Seed 15 | Episode 387 | Reward 58.00 | Epsilon 0.1864
Seed 15 | Episode 388 | Reward 57.00 | Epsilon 0.1861
Seed 15 | Episode 389 | Reward 34.00 | Epsilon 0.1858
Seed 15 | Episode 390 | Reward 54.00 | Epsilon 0.1855
Seed 15 | Episode 391 | Reward 44.00 | Epsilon 0.1852
Seed 15 | Episode 392 | Reward 53.00 | Epsilon 0.1849
Seed 15 | Episode 393 | Reward 39.00 | Epsilon 0.1846
Seed 15 | Episode 394 | Reward 55.00 | Epsilon 0.1843
Seed 15 | Episode 395 | Reward 41.00 | Epsilon 0.1840
Seed 15 | Episode 396 | Reward 46.00 | Epsilon 0.1837
Seed 15 | Episode 397 | Reward 35.00 | Epsilon 0.1833
Seed 15 | Episode 398 | Reward 45.00 | Epsilon 0.1830
Seed 15 | Episode 399 | Reward 57.00 | Epsilon 0.1828
Seed 15 | Episode 400 | Reward 48.00 | Epsilon 0.1825
Seed 15 | Episode 401 | Reward 61.00 | Epsilon 0.1823
Seed 15 | Episode 402 | Reward 48.00 | Epsilon 0.1820
Seed 15 | Episode 403 | Reward 56.00 | Epsilon 0.1817
Seed 15 | Episode 404 | Reward 57.00 | Epsilon 0.1815
Seed 15 | Episode 405 | Reward 6.00 | Epsilon 0.1810
Seed 15 | Episode 406 | Reward 52.00 | Epsilon 0.1807
Seed 15 | Episode 407 | Reward 46.00 | Epsilon 0.1804
Seed 15 | Episode 408 | Reward 58.00 | Epsilon 0.1802
Seed 15 | Episode 409 | Reward 53.00 | Epsilon 0.1799
Seed 15 | Episode 410 | Reward 47.00 | Epsilon 0.1796
Seed 15 | Episode 411 | Reward 40.00 | Epsilon 0.1793
Seed 15 | Episode 412 | Reward 51.00 | Epsilon 0.1790
Seed 15 | Episode 413 | Reward 53.00 | Epsilon 0.1788
Seed 15 | Episode 414 | Reward 0.00 | Epsilon 0.1782
Seed 15 | Episode 415 | Reward 53.00 | Epsilon 0.1780
Seed 15 | Episode 416 | Reward 58.00 | Epsilon 0.1777
Seed 15 | Episode 417 | Reward 41.00 | Epsilon 0.1774
Seed 15 | Episode 418 | Reward 34.00 | Epsilon 0.1771
Seed 15 | Episode 419 | Reward 51.00 | Epsilon 0.1768
Seed 15 | Episode 420 | Reward 43.00 | Epsilon 0.1765
Seed 15 | Episode 421 | Reward 31.00 | Epsilon 0.1761
Seed 15 | Episode 422 | Reward 27.00 | Epsilon 0.1757
Seed 15 | Episode 423 | Reward 55.00 | Epsilon 0.1755
Seed 15 | Episode 424 | Reward 36.00 | Epsilon 0.1752
Seed 15 | Episode 425 | Reward -41.00 | Epsilon 0.1744
Seed 15 | Episode 426 | Reward 23.00 | Epsilon 0.1740
Seed 15 | Episode 427 | Reward -25.00 | Epsilon 0.1733
Seed 15 | Episode 428 | Reward 51.00 | Epsilon 0.1731
Seed 15 | Episode 429 | Reward 45.00 | Epsilon 0.1728
Seed 15 | Episode 430 | Reward 55.00 | Epsilon 0.1726
Seed 15 | Episode 431 | Reward 45.00 | Epsilon 0.1723
Seed 15 | Episode 432 | Reward -16.00 | Epsilon 0.1717
Seed 15 | Episode 433 | Reward 30.00 | Epsilon 0.1713
Seed 15 | Episode 434 | Reward 60.00 | Epsilon 0.1711
Seed 15 | Episode 435 | Reward -181.00 | Epsilon 0.1696
Seed 15 | Episode 436 | Reward 49.00 | Epsilon 0.1694
Seed 15 | Episode 437 | Reward 31.00 | Epsilon 0.1690
Seed 15 | Episode 438 | Reward 55.00 | Epsilon 0.1688
Seed 15 | Episode 439 | Reward 56.00 | Epsilon 0.1686
Seed 15 | Episode 440 | Reward 58.00 | Epsilon 0.1683
Seed 15 | Episode 441 | Reward 48.00 | Epsilon 0.1681
Seed 15 | Episode 442 | Reward 56.00 | Epsilon 0.1679
Seed 15 | Episode 443 | Reward 56.00 | Epsilon 0.1676
Seed 15 | Episode 444 | Reward 39.00 | Epsilon 0.1673
Seed 15 | Episode 445 | Reward 60.00 | Epsilon 0.1671
Seed 15 | Episode 446 | Reward 34.00 | Epsilon 0.1668
Seed 15 | Episode 447 | Reward 51.00 | Epsilon 0.1665
Seed 15 | Episode 448 | Reward 49.00 | Epsilon 0.1663
Seed 15 | Episode 449 | Reward 39.00 | Epsilon 0.1660
Seed 15 | Episode 450 | Reward 59.00 | Epsilon 0.1657
Seed 15 | Episode 451 | Reward 48.00 | Epsilon 0.1655
Seed 15 | Episode 452 | Reward 54.00 | Epsilon 0.1652
Seed 15 | Episode 453 | Reward 48.00 | Epsilon 0.1650
Seed 15 | Episode 454 | Reward 59.00 | Epsilon 0.1648
Seed 15 | Episode 455 | Reward 50.00 | Epsilon 0.1645
Seed 15 | Episode 456 | Reward 43.00 | Epsilon 0.1642
Seed 15 | Episode 457 | Reward 43.00 | Epsilon 0.1640
Seed 15 | Episode 458 | Reward 7.00 | Epsilon 0.1635
Seed 15 | Episode 459 | Reward 34.00 | Epsilon 0.1632
Seed 15 | Episode 460 | Reward 60.00 | Epsilon 0.1630
Seed 15 | Episode 461 | Reward 59.00 | Epsilon 0.1628
Seed 15 | Episode 462 | Reward -31.00 | Epsilon 0.1621
Seed 15 | Episode 463 | Reward 40.00 | Epsilon 0.1618
Seed 15 | Episode 464 | Reward 58.00 | Epsilon 0.1616
Seed 15 | Episode 465 | Reward 52.00 | Epsilon 0.1614
Seed 15 | Episode 466 | Reward 24.00 | Epsilon 0.1610
Seed 15 | Episode 467 | Reward 55.00 | Epsilon 0.1608
Seed 15 | Episode 468 | Reward 64.00 | Epsilon 0.1606
Seed 15 | Episode 469 | Reward 46.00 | Epsilon 0.1603
Seed 15 | Episode 470 | Reward 59.00 | Epsilon 0.1601
Seed 15 | Episode 471 | Reward 47.00 | Epsilon 0.1599
Seed 15 | Episode 472 | Reward 46.00 | Epsilon 0.1596
Seed 15 | Episode 473 | Reward 49.00 | Epsilon 0.1594
Seed 15 | Episode 474 | Reward 60.00 | Epsilon 0.1592
Seed 15 | Episode 475 | Reward 38.00 | Epsilon 0.1589
Seed 15 | Episode 476 | Reward 45.00 | Epsilon 0.1586
Seed 15 | Episode 477 | Reward 48.00 | Epsilon 0.1583
Seed 15 | Episode 478 | Reward 55.00 | Epsilon 0.1581
Seed 15 | Episode 479 | Reward 9.00 | Epsilon 0.1577
Seed 15 | Episode 480 | Reward 54.00 | Epsilon 0.1575
Seed 15 | Episode 481 | Reward 63.00 | Epsilon 0.1573
Seed 15 | Episode 482 | Reward -29.00 | Epsilon 0.1567
Seed 15 | Episode 483 | Reward 9.00 | Epsilon 0.1562
Seed 15 | Episode 484 | Reward -22.00 | Epsilon 0.1557
Seed 15 | Episode 485 | Reward -16.00 | Epsilon 0.1551
Seed 15 | Episode 486 | Reward 57.00 | Epsilon 0.1549
Seed 15 | Episode 487 | Reward 58.00 | Epsilon 0.1547
Seed 15 | Episode 488 | Reward -44.00 | Epsilon 0.1541
Seed 15 | Episode 489 | Reward 53.00 | Epsilon 0.1538
Seed 15 | Episode 490 | Reward 57.00 | Epsilon 0.1536
Seed 15 | Episode 491 | Reward 49.00 | Epsilon 0.1534
Seed 15 | Episode 492 | Reward 50.00 | Epsilon 0.1532
Seed 15 | Episode 493 | Reward 41.00 | Epsilon 0.1529
Seed 15 | Episode 494 | Reward 40.00 | Epsilon 0.1526
Seed 15 | Episode 495 | Reward -300.00 | Epsilon 0.1512
Seed 15 | Episode 496 | Reward -61.00 | Epsilon 0.1505
Seed 15 | Episode 497 | Reward 58.00 | Epsilon 0.1503
Seed 15 | Episode 498 | Reward 57.00 | Epsilon 0.1501
Seed 15 | Episode 499 | Reward 55.00 | Epsilon 0.1499
Seed 15 | Episode 500 | Reward 57.00 | Epsilon 0.1497
Seed 15 | Episode 501 | Reward 55.00 | Epsilon 0.1495
Seed 15 | Episode 502 | Reward 52.00 | Epsilon 0.1493
Seed 15 | Episode 503 | Reward 57.00 | Epsilon 0.1491
Seed 15 | Episode 504 | Reward 24.00 | Epsilon 0.1487
Seed 15 | Episode 505 | Reward 62.00 | Epsilon 0.1486
Seed 15 | Episode 506 | Reward -81.00 | Epsilon 0.1478
Seed 15 | Episode 507 | Reward 46.00 | Epsilon 0.1475
Seed 15 | Episode 508 | Reward 10.00 | Epsilon 0.1471
Seed 15 | Episode 509 | Reward 14.00 | Epsilon 0.1467
Seed 15 | Episode 510 | Reward 56.00 | Epsilon 0.1465
Seed 15 | Episode 511 | Reward 39.00 | Epsilon 0.1463
Seed 15 | Episode 512 | Reward 35.00 | Epsilon 0.1460
Seed 15 | Episode 513 | Reward 44.00 | Epsilon 0.1457
Seed 15 | Episode 514 | Reward 59.00 | Epsilon 0.1455
Seed 15 | Episode 515 | Reward 59.00 | Epsilon 0.1453
Seed 15 | Episode 516 | Reward 57.00 | Epsilon 0.1452
Seed 15 | Episode 517 | Reward 44.00 | Epsilon 0.1449
Seed 15 | Episode 518 | Reward -7.00 | Epsilon 0.1444
Seed 15 | Episode 519 | Reward 12.00 | Epsilon 0.1441
Seed 15 | Episode 520 | Reward 61.00 | Epsilon 0.1439
Seed 15 | Episode 521 | Reward 37.00 | Epsilon 0.1436
Seed 15 | Episode 522 | Reward 59.00 | Epsilon 0.1434
Seed 15 | Episode 523 | Reward 42.00 | Epsilon 0.1432
Seed 15 | Episode 524 | Reward 7.00 | Epsilon 0.1428
Seed 15 | Episode 525 | Reward 29.00 | Epsilon 0.1425
Seed 15 | Episode 526 | Reward 62.00 | Epsilon 0.1423
Seed 15 | Episode 527 | Reward 45.00 | Epsilon 0.1421
Seed 15 | Episode 528 | Reward 37.00 | Epsilon 0.1418
Seed 15 | Episode 529 | Reward 30.00 | Epsilon 0.1415
Seed 15 | Episode 530 | Reward -300.00 | Epsilon 0.1402
Seed 15 | Episode 531 | Reward 51.00 | Epsilon 0.1400
Seed 15 | Episode 532 | Reward 53.00 | Epsilon 0.1398
Seed 15 | Episode 533 | Reward -19.00 | Epsilon 0.1393
Seed 15 | Episode 534 | Reward 55.00 | Epsilon 0.1391
Seed 15 | Episode 535 | Reward 2.00 | Epsilon 0.1387
Seed 15 | Episode 536 | Reward -1.00 | Epsilon 0.1383
Seed 15 | Episode 537 | Reward 51.00 | Epsilon 0.1381
Seed 15 | Episode 538 | Reward -62.00 | Epsilon 0.1374
Seed 15 | Episode 539 | Reward 42.00 | Epsilon 0.1371
Seed 15 | Episode 540 | Reward 58.00 | Epsilon 0.1370
Seed 15 | Episode 541 | Reward 26.00 | Epsilon 0.1367
Seed 15 | Episode 542 | Reward 50.00 | Epsilon 0.1365
Seed 15 | Episode 543 | Reward 46.00 | Epsilon 0.1362
Seed 15 | Episode 544 | Reward 56.00 | Epsilon 0.1360
Seed 15 | Episode 545 | Reward 47.00 | Epsilon 0.1358
Seed 15 | Episode 546 | Reward 43.00 | Epsilon 0.1356
Seed 15 | Episode 547 | Reward -91.00 | Epsilon 0.1348
Seed 15 | Episode 548 | Reward -6.00 | Epsilon 0.1344
Seed 15 | Episode 549 | Reward 62.00 | Epsilon 0.1342
Seed 15 | Episode 550 | Reward 48.00 | Epsilon 0.1340
Seed 15 | Episode 551 | Reward -43.00 | Epsilon 0.1334
Seed 15 | Episode 552 | Reward 56.00 | Epsilon 0.1332
Seed 15 | Episode 553 | Reward 59.00 | Epsilon 0.1331
Seed 15 | Episode 554 | Reward -75.00 | Epsilon 0.1324
Seed 15 | Episode 555 | Reward -300.00 | Epsilon 0.1312
Seed 15 | Episode 556 | Reward 29.00 | Epsilon 0.1309
Seed 15 | Episode 557 | Reward 61.00 | Epsilon 0.1308
Seed 15 | Episode 558 | Reward 53.00 | Epsilon 0.1306
Seed 15 | Episode 559 | Reward -99.00 | Epsilon 0.1298
Seed 15 | Episode 560 | Reward 58.00 | Epsilon 0.1296
Seed 15 | Episode 561 | Reward 38.00 | Epsilon 0.1294
Seed 15 | Episode 562 | Reward 57.00 | Epsilon 0.1292
Seed 15 | Episode 563 | Reward 44.00 | Epsilon 0.1290
Seed 15 | Episode 564 | Reward 61.00 | Epsilon 0.1288
Seed 15 | Episode 565 | Reward 52.00 | Epsilon 0.1286
Seed 15 | Episode 566 | Reward 41.00 | Epsilon 0.1284
Seed 15 | Episode 567 | Reward -114.00 | Epsilon 0.1276
Seed 15 | Episode 568 | Reward 58.00 | Epsilon 0.1274
Seed 15 | Episode 569 | Reward 44.00 | Epsilon 0.1272
Seed 15 | Episode 570 | Reward -76.00 | Epsilon 0.1265
Seed 15 | Episode 571 | Reward -104.00 | Epsilon 0.1257
Seed 15 | Episode 572 | Reward 49.00 | Epsilon 0.1256
Seed 15 | Episode 573 | Reward 49.00 | Epsilon 0.1254
Seed 15 | Episode 574 | Reward 48.00 | Epsilon 0.1252
Seed 15 | Episode 575 | Reward 63.00 | Epsilon 0.1250
Seed 15 | Episode 576 | Reward 50.00 | Epsilon 0.1248
Seed 15 | Episode 577 | Reward 25.00 | Epsilon 0.1245
Seed 15 | Episode 578 | Reward 44.00 | Epsilon 0.1243
Seed 15 | Episode 579 | Reward 60.00 | Epsilon 0.1242
Seed 15 | Episode 580 | Reward 44.00 | Epsilon 0.1240
Seed 15 | Episode 581 | Reward 50.00 | Epsilon 0.1238
Seed 15 | Episode 582 | Reward 57.00 | Epsilon 0.1236
Seed 15 | Episode 583 | Reward 38.00 | Epsilon 0.1234
Seed 15 | Episode 584 | Reward -11.00 | Epsilon 0.1230
Seed 15 | Episode 585 | Reward 55.00 | Epsilon 0.1228
Seed 15 | Episode 586 | Reward 55.00 | Epsilon 0.1226
Seed 15 | Episode 587 | Reward 63.00 | Epsilon 0.1225
Seed 15 | Episode 588 | Reward 58.00 | Epsilon 0.1223
Seed 15 | Episode 589 | Reward 64.00 | Epsilon 0.1222
Seed 15 | Episode 590 | Reward 39.00 | Epsilon 0.1220
Seed 15 | Episode 591 | Reward 51.00 | Epsilon 0.1218
Seed 15 | Episode 592 | Reward -176.00 | Epsilon 0.1208
Seed 15 | Episode 593 | Reward 59.00 | Epsilon 0.1206
Seed 15 | Episode 594 | Reward 62.00 | Epsilon 0.1205
Seed 15 | Episode 595 | Reward -300.00 | Epsilon 0.1194
Seed 15 | Episode 596 | Reward 51.00 | Epsilon 0.1192
Seed 15 | Episode 597 | Reward 34.00 | Epsilon 0.1190
Seed 15 | Episode 598 | Reward 58.00 | Epsilon 0.1188
Seed 15 | Episode 599 | Reward 62.00 | Epsilon 0.1187
Seed 15 | Episode 600 | Reward 45.00 | Epsilon 0.1185
Seed 15 | Episode 601 | Reward 37.00 | Epsilon 0.1183
Seed 15 | Episode 602 | Reward 58.00 | Epsilon 0.1181
Seed 15 | Episode 603 | Reward 41.00 | Epsilon 0.1179
Seed 15 | Episode 604 | Reward 39.00 | Epsilon 0.1177
Seed 15 | Episode 605 | Reward -145.00 | Epsilon 0.1168
Seed 15 | Episode 606 | Reward 35.00 | Epsilon 0.1166
Seed 15 | Episode 607 | Reward 54.00 | Epsilon 0.1164
Seed 15 | Episode 608 | Reward -94.00 | Epsilon 0.1157
Seed 15 | Episode 609 | Reward -18.00 | Epsilon 0.1153
Seed 15 | Episode 610 | Reward 47.00 | Epsilon 0.1151
Seed 15 | Episode 611 | Reward 62.00 | Epsilon 0.1150
Seed 15 | Episode 612 | Reward 49.00 | Epsilon 0.1148
Seed 15 | Episode 613 | Reward -14.00 | Epsilon 0.1144
Seed 15 | Episode 614 | Reward 45.00 | Epsilon 0.1142
Seed 15 | Episode 615 | Reward 55.00 | Epsilon 0.1141
Seed 15 | Episode 616 | Reward 59.00 | Epsilon 0.1139
Seed 15 | Episode 617 | Reward 37.00 | Epsilon 0.1137
Seed 15 | Episode 618 | Reward 55.00 | Epsilon 0.1136
Seed 15 | Episode 619 | Reward 42.00 | Epsilon 0.1134
Seed 15 | Episode 620 | Reward 53.00 | Epsilon 0.1132
Seed 15 | Episode 621 | Reward 23.00 | Epsilon 0.1129
Seed 15 | Episode 622 | Reward 42.00 | Epsilon 0.1127
Seed 15 | Episode 623 | Reward 51.00 | Epsilon 0.1126
Seed 15 | Episode 624 | Reward 61.00 | Epsilon 0.1124
Seed 15 | Episode 625 | Reward 39.00 | Epsilon 0.1122
Seed 15 | Episode 626 | Reward 44.00 | Epsilon 0.1120
Seed 15 | Episode 627 | Reward 40.00 | Epsilon 0.1118
Seed 15 | Episode 628 | Reward 55.00 | Epsilon 0.1117
Seed 15 | Episode 629 | Reward 53.00 | Epsilon 0.1115
Seed 15 | Episode 630 | Reward 49.00 | Epsilon 0.1113
Seed 15 | Episode 631 | Reward 55.00 | Epsilon 0.1112
Seed 15 | Episode 632 | Reward -28.00 | Epsilon 0.1108
Seed 15 | Episode 633 | Reward 63.00 | Epsilon 0.1106
Seed 15 | Episode 634 | Reward 47.00 | Epsilon 0.1104
Seed 15 | Episode 635 | Reward 12.00 | Epsilon 0.1102
Seed 15 | Episode 636 | Reward 62.00 | Epsilon 0.1100
Seed 15 | Episode 637 | Reward 50.00 | Epsilon 0.1099
Seed 15 | Episode 638 | Reward 62.00 | Epsilon 0.1097
Seed 15 | Episode 639 | Reward 50.00 | Epsilon 0.1096
Seed 15 | Episode 640 | Reward 45.00 | Epsilon 0.1094
Seed 15 | Episode 641 | Reward 47.00 | Epsilon 0.1092
Seed 15 | Episode 642 | Reward -83.00 | Epsilon 0.1086
Seed 15 | Episode 643 | Reward 16.00 | Epsilon 0.1083
Seed 15 | Episode 644 | Reward 50.00 | Epsilon 0.1082
Seed 15 | Episode 645 | Reward -155.00 | Epsilon 0.1073
Seed 15 | Episode 646 | Reward -26.00 | Epsilon 0.1069
Seed 15 | Episode 647 | Reward 47.00 | Epsilon 0.1067
Seed 15 | Episode 648 | Reward 49.00 | Epsilon 0.1066
Seed 15 | Episode 649 | Reward 52.00 | Epsilon 0.1064
Seed 15 | Episode 650 | Reward 42.00 | Epsilon 0.1062
Seed 15 | Episode 651 | Reward 52.00 | Epsilon 0.1061
Seed 15 | Episode 652 | Reward 23.00 | Epsilon 0.1058
Seed 15 | Episode 653 | Reward 33.00 | Epsilon 0.1056
Seed 15 | Episode 654 | Reward 50.00 | Epsilon 0.1055
Seed 15 | Episode 655 | Reward 51.00 | Epsilon 0.1053
Seed 15 | Episode 656 | Reward 5.00 | Epsilon 0.1050
Seed 15 | Episode 657 | Reward 35.00 | Epsilon 0.1048
Seed 15 | Episode 658 | Reward 49.00 | Epsilon 0.1046
Seed 15 | Episode 659 | Reward 53.00 | Epsilon 0.1045
Seed 15 | Episode 660 | Reward 40.00 | Epsilon 0.1043
Seed 15 | Episode 661 | Reward 45.00 | Epsilon 0.1041
Seed 15 | Episode 662 | Reward 31.00 | Epsilon 0.1039
Seed 15 | Episode 663 | Reward -17.00 | Epsilon 0.1035
Seed 15 | Episode 664 | Reward -40.00 | Epsilon 0.1031
Seed 15 | Episode 665 | Reward -122.00 | Epsilon 0.1024
Seed 15 | Episode 666 | Reward -71.00 | Epsilon 0.1019
Seed 15 | Episode 667 | Reward 21.00 | Epsilon 0.1016
Seed 15 | Episode 668 | Reward 63.00 | Epsilon 0.1015
Seed 15 | Episode 669 | Reward 59.00 | Epsilon 0.1014
Seed 15 | Episode 670 | Reward 0.00 | Epsilon 0.1011
Seed 15 | Episode 671 | Reward 63.00 | Epsilon 0.1010
Seed 15 | Episode 672 | Reward 50.00 | Epsilon 0.1008
Seed 15 | Episode 673 | Reward 38.00 | Epsilon 0.1006
Seed 15 | Episode 674 | Reward 48.00 | Epsilon 0.1005
Seed 15 | Episode 675 | Reward -2.00 | Epsilon 0.1001
Seed 15 | Episode 676 | Reward 35.00 | Epsilon 0.0999
Seed 15 | Episode 677 | Reward 43.00 | Epsilon 0.0998
Seed 15 | Episode 678 | Reward -11.00 | Epsilon 0.0994
Seed 15 | Episode 679 | Reward 46.00 | Epsilon 0.0993
Seed 15 | Episode 680 | Reward 33.00 | Epsilon 0.0991
Seed 15 | Episode 681 | Reward -85.00 | Epsilon 0.0985
Seed 15 | Episode 682 | Reward 40.00 | Epsilon 0.0983
Seed 15 | Episode 683 | Reward 43.00 | Epsilon 0.0982
Seed 15 | Episode 684 | Reward 60.00 | Epsilon 0.0980
Seed 15 | Episode 685 | Reward 40.00 | Epsilon 0.0979
Seed 15 | Episode 686 | Reward 41.00 | Epsilon 0.0977
Seed 15 | Episode 687 | Reward -6.00 | Epsilon 0.0974
Seed 15 | Episode 688 | Reward 7.00 | Epsilon 0.0971
Seed 15 | Episode 689 | Reward -150.00 | Epsilon 0.0964
Seed 15 | Episode 690 | Reward 43.00 | Epsilon 0.0962
Seed 15 | Episode 691 | Reward 47.00 | Epsilon 0.0961
Seed 15 | Episode 692 | Reward 13.00 | Epsilon 0.0958
Seed 15 | Episode 693 | Reward 50.00 | Epsilon 0.0957
Seed 15 | Episode 694 | Reward 40.00 | Epsilon 0.0955
Seed 15 | Episode 695 | Reward 60.00 | Epsilon 0.0954
Seed 15 | Episode 696 | Reward 63.00 | Epsilon 0.0953
Seed 15 | Episode 697 | Reward 49.00 | Epsilon 0.0951
Seed 15 | Episode 698 | Reward 52.00 | Epsilon 0.0950
Seed 15 | Episode 699 | Reward 58.00 | Epsilon 0.0948
Seed 15 | Episode 700 | Reward 63.00 | Epsilon 0.0947
Seed 15 | Episode 701 | Reward -7.00 | Epsilon 0.0944
Seed 15 | Episode 702 | Reward 46.00 | Epsilon 0.0943
Seed 15 | Episode 703 | Reward -19.00 | Epsilon 0.0939
Seed 15 | Episode 704 | Reward 55.00 | Epsilon 0.0938
Seed 15 | Episode 705 | Reward -66.00 | Epsilon 0.0933
Seed 15 | Episode 706 | Reward 64.00 | Epsilon 0.0932
Seed 15 | Episode 707 | Reward 19.00 | Epsilon 0.0930
Seed 15 | Episode 708 | Reward 60.00 | Epsilon 0.0929
Seed 15 | Episode 709 | Reward -72.00 | Epsilon 0.0924
Seed 15 | Episode 710 | Reward -70.00 | Epsilon 0.0919
Seed 15 | Episode 711 | Reward 55.00 | Epsilon 0.0918
Seed 15 | Episode 712 | Reward 60.00 | Epsilon 0.0917
Seed 15 | Episode 713 | Reward 36.00 | Epsilon 0.0915
Seed 15 | Episode 714 | Reward -51.00 | Epsilon 0.0911
Seed 15 | Episode 715 | Reward 62.00 | Epsilon 0.0910
Seed 15 | Episode 716 | Reward 32.00 | Epsilon 0.0908
Seed 15 | Episode 717 | Reward 45.00 | Epsilon 0.0907
Seed 15 | Episode 718 | Reward 60.00 | Epsilon 0.0905
Seed 15 | Episode 719 | Reward 40.00 | Epsilon 0.0904
Seed 15 | Episode 720 | Reward 59.00 | Epsilon 0.0903
Seed 15 | Episode 721 | Reward -26.00 | Epsilon 0.0899
Seed 15 | Episode 722 | Reward 51.00 | Epsilon 0.0898
Seed 15 | Episode 723 | Reward 56.00 | Epsilon 0.0897
Seed 15 | Episode 724 | Reward 59.00 | Epsilon 0.0895
Seed 15 | Episode 725 | Reward 64.00 | Epsilon 0.0894
Seed 15 | Episode 726 | Reward -19.00 | Epsilon 0.0891
Seed 15 | Episode 727 | Reward 35.00 | Epsilon 0.0890
Seed 15 | Episode 728 | Reward 9.00 | Epsilon 0.0887
Seed 15 | Episode 729 | Reward 53.00 | Epsilon 0.0886
Seed 15 | Episode 730 | Reward 58.00 | Epsilon 0.0885
Seed 15 | Episode 731 | Reward 49.00 | Epsilon 0.0883
Seed 15 | Episode 732 | Reward -62.00 | Epsilon 0.0879
Seed 15 | Episode 733 | Reward 15.00 | Epsilon 0.0877
Seed 15 | Episode 734 | Reward 46.00 | Epsilon 0.0875
Seed 15 | Episode 735 | Reward -3.00 | Epsilon 0.0873
Seed 15 | Episode 736 | Reward 51.00 | Epsilon 0.0871
Seed 15 | Episode 737 | Reward 51.00 | Epsilon 0.0870
Seed 15 | Episode 738 | Reward 50.00 | Epsilon 0.0869
Seed 15 | Episode 739 | Reward 44.00 | Epsilon 0.0867
Seed 15 | Episode 740 | Reward 15.00 | Epsilon 0.0865
Seed 15 | Episode 741 | Reward -42.00 | Epsilon 0.0861
Seed 15 | Episode 742 | Reward 54.00 | Epsilon 0.0860
Seed 15 | Episode 743 | Reward 58.00 | Epsilon 0.0859
Seed 15 | Episode 744 | Reward -14.00 | Epsilon 0.0856
Seed 15 | Episode 745 | Reward 52.00 | Epsilon 0.0855
Seed 15 | Episode 746 | Reward 62.00 | Epsilon 0.0854
Seed 15 | Episode 747 | Reward 48.00 | Epsilon 0.0852
Seed 15 | Episode 748 | Reward 45.00 | Epsilon 0.0851
Seed 15 | Episode 749 | Reward -9.00 | Epsilon 0.0848
Seed 15 | Episode 750 | Reward 50.00 | Epsilon 0.0847
Seed 15 | Episode 751 | Reward 47.00 | Epsilon 0.0845
Seed 15 | Episode 752 | Reward 56.00 | Epsilon 0.0844
Seed 15 | Episode 753 | Reward 36.00 | Epsilon 0.0843
Seed 15 | Episode 754 | Reward 64.00 | Epsilon 0.0842
Seed 15 | Episode 755 | Reward -14.00 | Epsilon 0.0839
Seed 15 | Episode 756 | Reward 65.00 | Epsilon 0.0838
Seed 15 | Episode 757 | Reward 62.00 | Epsilon 0.0837
Seed 15 | Episode 758 | Reward 37.00 | Epsilon 0.0835
Seed 15 | Episode 759 | Reward 14.00 | Epsilon 0.0833
Seed 15 | Episode 760 | Reward 52.00 | Epsilon 0.0832
Seed 15 | Episode 761 | Reward -35.00 | Epsilon 0.0828
Seed 15 | Episode 762 | Reward 62.00 | Epsilon 0.0828
Seed 15 | Episode 763 | Reward 45.00 | Epsilon 0.0826
Seed 15 | Episode 764 | Reward 59.00 | Epsilon 0.0825
Seed 15 | Episode 765 | Reward 31.00 | Epsilon 0.0823
Seed 15 | Episode 766 | Reward 63.00 | Epsilon 0.0822
Seed 15 | Episode 767 | Reward 61.00 | Epsilon 0.0821
Seed 15 | Episode 768 | Reward 60.00 | Epsilon 0.0820
Seed 15 | Episode 769 | Reward 41.00 | Epsilon 0.0819
Seed 15 | Episode 770 | Reward 53.00 | Epsilon 0.0818
Seed 15 | Episode 771 | Reward 44.00 | Epsilon 0.0816
Seed 15 | Episode 772 | Reward 53.00 | Epsilon 0.0815
Seed 15 | Episode 773 | Reward 59.00 | Epsilon 0.0814
Seed 15 | Episode 774 | Reward 53.00 | Epsilon 0.0813
Seed 15 | Episode 775 | Reward 64.00 | Epsilon 0.0812
Seed 15 | Episode 776 | Reward 48.00 | Epsilon 0.0811
Seed 15 | Episode 777 | Reward 49.00 | Epsilon 0.0810
Seed 15 | Episode 778 | Reward -3.00 | Epsilon 0.0807
Seed 15 | Episode 779 | Reward 51.00 | Epsilon 0.0806
Seed 15 | Episode 780 | Reward -27.00 | Epsilon 0.0803
Seed 15 | Episode 781 | Reward 59.00 | Epsilon 0.0802
Seed 15 | Episode 782 | Reward 4.00 | Epsilon 0.0799
Seed 15 | Episode 783 | Reward -102.00 | Epsilon 0.0795
Seed 15 | Episode 784 | Reward 40.00 | Epsilon 0.0793
Seed 15 | Episode 785 | Reward 49.00 | Epsilon 0.0792
Seed 15 | Episode 786 | Reward 65.00 | Epsilon 0.0791
Seed 15 | Episode 787 | Reward 32.00 | Epsilon 0.0789
Seed 15 | Episode 788 | Reward 58.00 | Epsilon 0.0788
Seed 15 | Episode 789 | Reward 51.00 | Epsilon 0.0787
Seed 15 | Episode 790 | Reward 54.00 | Epsilon 0.0786
Seed 15 | Episode 791 | Reward 39.00 | Epsilon 0.0785
Seed 15 | Episode 792 | Reward 43.00 | Epsilon 0.0783
Seed 15 | Episode 793 | Reward 42.00 | Epsilon 0.0782
Seed 15 | Episode 794 | Reward 45.00 | Epsilon 0.0781
Seed 15 | Episode 795 | Reward 56.00 | Epsilon 0.0779
Seed 15 | Episode 796 | Reward -10.00 | Epsilon 0.0777
Seed 15 | Episode 797 | Reward -300.00 | Epsilon 0.0770
Seed 15 | Episode 798 | Reward 51.00 | Epsilon 0.0769
Seed 15 | Episode 799 | Reward 37.00 | Epsilon 0.0767
Seed 15 | Episode 800 | Reward 51.00 | Epsilon 0.0766
Seed 15 | Episode 801 | Reward 31.00 | Epsilon 0.0765
Seed 15 | Episode 802 | Reward 59.00 | Epsilon 0.0764
Seed 15 | Episode 803 | Reward -159.00 | Epsilon 0.0758
Seed 15 | Episode 804 | Reward 48.00 | Epsilon 0.0756
Seed 15 | Episode 805 | Reward 53.00 | Epsilon 0.0755
Seed 15 | Episode 806 | Reward 41.00 | Epsilon 0.0754
Seed 15 | Episode 807 | Reward 58.00 | Epsilon 0.0753
Seed 15 | Episode 808 | Reward 55.00 | Epsilon 0.0752
Seed 15 | Episode 809 | Reward 62.00 | Epsilon 0.0751
Seed 15 | Episode 810 | Reward 23.00 | Epsilon 0.0749
Seed 15 | Episode 811 | Reward 27.00 | Epsilon 0.0748
Seed 15 | Episode 812 | Reward 40.00 | Epsilon 0.0746
Seed 15 | Episode 813 | Reward 40.00 | Epsilon 0.0745
Seed 15 | Episode 814 | Reward 59.00 | Epsilon 0.0744
Seed 15 | Episode 815 | Reward 31.00 | Epsilon 0.0742
Seed 15 | Episode 816 | Reward 60.00 | Epsilon 0.0742
Seed 15 | Episode 817 | Reward 60.00 | Epsilon 0.0741
Seed 15 | Episode 818 | Reward 59.00 | Epsilon 0.0740
Seed 15 | Episode 819 | Reward 55.00 | Epsilon 0.0739
Seed 15 | Episode 820 | Reward 55.00 | Epsilon 0.0738
Seed 15 | Episode 821 | Reward 48.00 | Epsilon 0.0736
Seed 15 | Episode 822 | Reward 62.00 | Epsilon 0.0736
Seed 15 | Episode 823 | Reward 50.00 | Epsilon 0.0734
Seed 15 | Episode 824 | Reward 49.00 | Epsilon 0.0733
Seed 15 | Episode 825 | Reward 63.00 | Epsilon 0.0732
Seed 15 | Episode 826 | Reward 43.00 | Epsilon 0.0731
Seed 15 | Episode 827 | Reward 46.00 | Epsilon 0.0730
Seed 15 | Episode 828 | Reward 64.00 | Epsilon 0.0729
Seed 15 | Episode 829 | Reward 56.00 | Epsilon 0.0728
Seed 15 | Episode 830 | Reward 59.00 | Epsilon 0.0727
Seed 15 | Episode 831 | Reward 53.00 | Epsilon 0.0726
Seed 15 | Episode 832 | Reward 51.00 | Epsilon 0.0725
Seed 15 | Episode 833 | Reward 44.00 | Epsilon 0.0724
Seed 15 | Episode 834 | Reward 48.00 | Epsilon 0.0723
Seed 15 | Episode 835 | Reward 59.00 | Epsilon 0.0722
Seed 15 | Episode 836 | Reward 63.00 | Epsilon 0.0721
Seed 15 | Episode 837 | Reward 51.00 | Epsilon 0.0720
Seed 15 | Episode 838 | Reward 55.00 | Epsilon 0.0719
Seed 15 | Episode 839 | Reward 40.00 | Epsilon 0.0718
Seed 15 | Episode 840 | Reward 58.00 | Epsilon 0.0717
Seed 15 | Episode 841 | Reward -12.00 | Epsilon 0.0714
Seed 15 | Episode 842 | Reward 52.00 | Epsilon 0.0713
Seed 15 | Episode 843 | Reward 46.00 | Epsilon 0.0712
Seed 15 | Episode 844 | Reward 54.00 | Epsilon 0.0711
Seed 15 | Episode 845 | Reward -11.00 | Epsilon 0.0709
Seed 15 | Episode 846 | Reward 49.00 | Epsilon 0.0708
Seed 15 | Episode 847 | Reward 55.00 | Epsilon 0.0707
Seed 15 | Episode 848 | Reward 43.00 | Epsilon 0.0705
Seed 15 | Episode 849 | Reward 44.00 | Epsilon 0.0704
Seed 15 | Episode 850 | Reward 47.00 | Epsilon 0.0703
Seed 15 | Episode 851 | Reward 17.00 | Epsilon 0.0701
Seed 15 | Episode 852 | Reward 34.00 | Epsilon 0.0700
Seed 15 | Episode 853 | Reward 50.00 | Epsilon 0.0699
Seed 15 | Episode 854 | Reward 57.00 | Epsilon 0.0698
Seed 15 | Episode 855 | Reward 61.00 | Epsilon 0.0697
Seed 15 | Episode 856 | Reward 64.00 | Epsilon 0.0696
Seed 15 | Episode 857 | Reward 54.00 | Epsilon 0.0695
Seed 15 | Episode 858 | Reward 56.00 | Epsilon 0.0694
Seed 15 | Episode 859 | Reward 62.00 | Epsilon 0.0694
Seed 15 | Episode 860 | Reward 50.00 | Epsilon 0.0692
Seed 15 | Episode 861 | Reward 44.00 | Epsilon 0.0691
Seed 15 | Episode 862 | Reward 25.00 | Epsilon 0.0690
Seed 15 | Episode 863 | Reward 31.00 | Epsilon 0.0688
Seed 15 | Episode 864 | Reward 64.00 | Epsilon 0.0688
Seed 15 | Episode 865 | Reward 46.00 | Epsilon 0.0686
Seed 15 | Episode 866 | Reward 49.00 | Epsilon 0.0685
Seed 15 | Episode 867 | Reward 53.00 | Epsilon 0.0684
Seed 15 | Episode 868 | Reward 57.00 | Epsilon 0.0683
Seed 15 | Episode 869 | Reward 54.00 | Epsilon 0.0682
Seed 15 | Episode 870 | Reward 45.00 | Epsilon 0.0681
Seed 15 | Episode 871 | Reward 65.00 | Epsilon 0.0681
Seed 15 | Episode 872 | Reward 49.00 | Epsilon 0.0680
Seed 15 | Episode 873 | Reward 56.00 | Epsilon 0.0679
Seed 15 | Episode 874 | Reward 60.00 | Epsilon 0.0678
Seed 15 | Episode 875 | Reward 56.00 | Epsilon 0.0677
Seed 15 | Episode 876 | Reward 53.00 | Epsilon 0.0676
Seed 15 | Episode 877 | Reward 58.00 | Epsilon 0.0675
Seed 15 | Episode 878 | Reward 63.00 | Epsilon 0.0674
Seed 15 | Episode 879 | Reward 51.00 | Epsilon 0.0673
Seed 15 | Episode 880 | Reward 46.00 | Epsilon 0.0672
Seed 15 | Episode 881 | Reward 61.00 | Epsilon 0.0671
Seed 15 | Episode 882 | Reward -6.00 | Epsilon 0.0669
Seed 15 | Episode 883 | Reward 47.00 | Epsilon 0.0668
Seed 15 | Episode 884 | Reward 62.00 | Epsilon 0.0667
Seed 15 | Episode 885 | Reward 47.00 | Epsilon 0.0666
Seed 15 | Episode 886 | Reward 40.00 | Epsilon 0.0665
Seed 15 | Episode 887 | Reward 50.00 | Epsilon 0.0664
Seed 15 | Episode 888 | Reward 49.00 | Epsilon 0.0663
Seed 15 | Episode 889 | Reward 47.00 | Epsilon 0.0662
Seed 15 | Episode 890 | Reward 30.00 | Epsilon 0.0660
Seed 15 | Episode 891 | Reward 47.00 | Epsilon 0.0659
Seed 15 | Episode 892 | Reward 64.00 | Epsilon 0.0659
Seed 15 | Episode 893 | Reward 54.00 | Epsilon 0.0658
Seed 15 | Episode 894 | Reward -24.00 | Epsilon 0.0655
Seed 15 | Episode 895 | Reward 59.00 | Epsilon 0.0654
Seed 15 | Episode 896 | Reward 47.00 | Epsilon 0.0653
Seed 15 | Episode 897 | Reward 55.00 | Epsilon 0.0652
Seed 15 | Episode 898 | Reward 43.00 | Epsilon 0.0651
Seed 15 | Episode 899 | Reward 57.00 | Epsilon 0.0650
Seed 15 | Episode 900 | Reward 57.00 | Epsilon 0.0650
Seed 15 | Episode 901 | Reward 21.00 | Epsilon 0.0648
Seed 15 | Episode 902 | Reward 66.00 | Epsilon 0.0647
Seed 15 | Episode 903 | Reward 33.00 | Epsilon 0.0646
Seed 15 | Episode 904 | Reward 38.00 | Epsilon 0.0645
Seed 15 | Episode 905 | Reward 9.00 | Epsilon 0.0643
Seed 15 | Episode 906 | Reward 51.00 | Epsilon 0.0642
Seed 15 | Episode 907 | Reward 60.00 | Epsilon 0.0641
Seed 15 | Episode 908 | Reward 48.00 | Epsilon 0.0640
Seed 15 | Episode 909 | Reward 16.00 | Epsilon 0.0639
Seed 15 | Episode 910 | Reward 60.00 | Epsilon 0.0638
Seed 15 | Episode 911 | Reward 6.00 | Epsilon 0.0636
Seed 15 | Episode 912 | Reward 41.00 | Epsilon 0.0635
Seed 15 | Episode 913 | Reward 60.00 | Epsilon 0.0634
Seed 15 | Episode 914 | Reward 58.00 | Epsilon 0.0633
Seed 15 | Episode 915 | Reward 27.00 | Epsilon 0.0632
Seed 15 | Episode 916 | Reward 47.00 | Epsilon 0.0631
Seed 15 | Episode 917 | Reward 37.00 | Epsilon 0.0630
Seed 15 | Episode 918 | Reward 47.00 | Epsilon 0.0629
Seed 15 | Episode 919 | Reward -10.00 | Epsilon 0.0627
Seed 15 | Episode 920 | Reward 49.00 | Epsilon 0.0626
Seed 15 | Episode 921 | Reward 15.00 | Epsilon 0.0624
Seed 15 | Episode 922 | Reward 60.00 | Epsilon 0.0623
Seed 15 | Episode 923 | Reward 63.00 | Epsilon 0.0623
Seed 15 | Episode 924 | Reward 49.00 | Epsilon 0.0622
Seed 15 | Episode 925 | Reward 54.00 | Epsilon 0.0621
Seed 15 | Episode 926 | Reward 52.00 | Epsilon 0.0620
Seed 15 | Episode 927 | Reward 57.00 | Epsilon 0.0619
Seed 15 | Episode 928 | Reward 56.00 | Epsilon 0.0618
Seed 15 | Episode 929 | Reward 46.00 | Epsilon 0.0617
Seed 15 | Episode 930 | Reward 59.00 | Epsilon 0.0616
Seed 15 | Episode 931 | Reward -1.00 | Epsilon 0.0614
Seed 15 | Episode 932 | Reward 60.00 | Epsilon 0.0614
Seed 15 | Episode 933 | Reward 25.00 | Epsilon 0.0612
Seed 15 | Episode 934 | Reward 54.00 | Epsilon 0.0611
Seed 15 | Episode 935 | Reward 53.00 | Epsilon 0.0611
Seed 15 | Episode 936 | Reward 44.00 | Epsilon 0.0609
Seed 15 | Episode 937 | Reward 60.00 | Epsilon 0.0609
Seed 15 | Episode 938 | Reward 51.00 | Epsilon 0.0608
Seed 15 | Episode 939 | Reward 24.00 | Epsilon 0.0606
Seed 15 | Episode 940 | Reward -7.00 | Epsilon 0.0604
Seed 15 | Episode 941 | Reward 45.00 | Epsilon 0.0603
Seed 15 | Episode 942 | Reward 39.00 | Epsilon 0.0602
Seed 15 | Episode 943 | Reward 58.00 | Epsilon 0.0602
Seed 15 | Episode 944 | Reward 53.00 | Epsilon 0.0601
Seed 15 | Episode 945 | Reward -2.00 | Epsilon 0.0599
Seed 15 | Episode 946 | Reward 55.00 | Epsilon 0.0598
Seed 15 | Episode 947 | Reward 35.00 | Epsilon 0.0597
Seed 15 | Episode 948 | Reward 57.00 | Epsilon 0.0596
Seed 15 | Episode 949 | Reward 61.00 | Epsilon 0.0595
Seed 15 | Episode 950 | Reward -22.00 | Epsilon 0.0593
Seed 15 | Episode 951 | Reward 63.00 | Epsilon 0.0592
Seed 15 | Episode 952 | Reward 62.00 | Epsilon 0.0592
Seed 15 | Episode 953 | Reward 56.00 | Epsilon 0.0591
Seed 15 | Episode 954 | Reward 47.00 | Epsilon 0.0590
Seed 15 | Episode 955 | Reward 49.00 | Epsilon 0.0589
Seed 15 | Episode 956 | Reward 14.00 | Epsilon 0.0588
Seed 15 | Episode 957 | Reward 59.00 | Epsilon 0.0587
Seed 15 | Episode 958 | Reward 29.00 | Epsilon 0.0586
Seed 15 | Episode 959 | Reward 62.00 | Epsilon 0.0585
Seed 15 | Episode 960 | Reward 54.00 | Epsilon 0.0584
Seed 15 | Episode 961 | Reward 45.00 | Epsilon 0.0583
Seed 15 | Episode 962 | Reward 62.00 | Epsilon 0.0582
Seed 15 | Episode 963 | Reward 61.00 | Epsilon 0.0582
Seed 15 | Episode 964 | Reward 60.00 | Epsilon 0.0581
Seed 15 | Episode 965 | Reward 58.00 | Epsilon 0.0580
Seed 15 | Episode 966 | Reward 50.00 | Epsilon 0.0579
Seed 15 | Episode 967 | Reward 50.00 | Epsilon 0.0578
Seed 15 | Episode 968 | Reward 56.00 | Epsilon 0.0578
Seed 15 | Episode 969 | Reward 50.00 | Epsilon 0.0577
Seed 15 | Episode 970 | Reward 53.00 | Epsilon 0.0576
Seed 15 | Episode 971 | Reward 3.00 | Epsilon 0.0574
Seed 15 | Episode 972 | Reward 57.00 | Epsilon 0.0573
Seed 15 | Episode 973 | Reward 65.00 | Epsilon 0.0573
Seed 15 | Episode 974 | Reward 4.00 | Epsilon 0.0571
Seed 15 | Episode 975 | Reward 54.00 | Epsilon 0.0570
Seed 15 | Episode 976 | Reward 7.00 | Epsilon 0.0569
Seed 15 | Episode 977 | Reward 61.00 | Epsilon 0.0568
Seed 15 | Episode 978 | Reward 15.00 | Epsilon 0.0567
Seed 15 | Episode 979 | Reward 49.00 | Epsilon 0.0566
Seed 15 | Episode 980 | Reward 42.00 | Epsilon 0.0565
Seed 15 | Episode 981 | Reward 63.00 | Epsilon 0.0564
Seed 15 | Episode 982 | Reward 57.00 | Epsilon 0.0563
Seed 15 | Episode 983 | Reward 61.00 | Epsilon 0.0563
Seed 15 | Episode 984 | Reward 52.00 | Epsilon 0.0562
Seed 15 | Episode 985 | Reward 59.00 | Epsilon 0.0561
Seed 15 | Episode 986 | Reward 60.00 | Epsilon 0.0560
Seed 15 | Episode 987 | Reward 53.00 | Epsilon 0.0560
Seed 15 | Episode 988 | Reward 51.00 | Epsilon 0.0559
Seed 15 | Episode 989 | Reward 56.00 | Epsilon 0.0558
Seed 15 | Episode 990 | Reward 61.00 | Epsilon 0.0557
Seed 15 | Episode 991 | Reward 62.00 | Epsilon 0.0557
Seed 15 | Episode 992 | Reward 64.00 | Epsilon 0.0556
Seed 15 | Episode 993 | Reward 49.00 | Epsilon 0.0555
Seed 15 | Episode 994 | Reward 61.00 | Epsilon 0.0555
Seed 15 | Episode 995 | Reward 12.00 | Epsilon 0.0553
Seed 15 | Episode 996 | Reward 51.00 | Epsilon 0.0552
Seed 15 | Episode 997 | Reward 49.00 | Epsilon 0.0551
Seed 15 | Episode 998 | Reward 62.00 | Epsilon 0.0551
Seed 15 | Episode 999 | Reward 42.00 | Epsilon 0.0550
Finished seed 15
