starting job
Sun Dec  7 19:54:41 2025       
+-----------------------------------------------------------------------------------------+
| NVIDIA-SMI 580.65.06              Driver Version: 580.65.06      CUDA Version: 13.0     |
+-----------------------------------------+------------------------+----------------------+
| GPU  Name                 Persistence-M | Bus-Id          Disp.A | Volatile Uncorr. ECC |
| Fan  Temp   Perf          Pwr:Usage/Cap |           Memory-Usage | GPU-Util  Compute M. |
|                                         |                        |               MIG M. |
|=========================================+========================+======================|
|   0  NVIDIA H100 80GB HBM3          On  |   00000000:4C:00.0 Off |                   On |
| N/A   39C    P0            416W /  700W |   35754MiB /  81559MiB |     N/A      Default |
|                                         |                        |              Enabled |
+-----------------------------------------+------------------------+----------------------+

+-----------------------------------------------------------------------------------------+
| MIG devices:                                                                            |
+------------------+----------------------------------+-----------+-----------------------+
| GPU  GI  CI  MIG |              Shared Memory-Usage |        Vol|        Shared         |
|      ID  ID  Dev |                Shared BAR1-Usage | SM     Unc| CE ENC  DEC  OFA  JPG |
|                  |                                  |        ECC|                       |
|==================+==================================+===========+=======================|
|  0    9   0   0  |              15MiB /  9984MiB    | 16      0 |  1   0    1    0    1 |
|                  |               0MiB /  6185MiB    |           |                       |
+------------------+----------------------------------+-----------+-----------------------+

+-----------------------------------------------------------------------------------------+
| Processes:                                                                              |
|  GPU   GI   CI              PID   Type   Process name                        GPU Memory |
|        ID   ID                                                               Usage      |
|=========================================================================================|
|  No running processes found                                                             |
+-----------------------------------------------------------------------------------------+
Running seed 13
Gym has been unmaintained since 2022 and does not support NumPy 2.0 amongst other critical functionality.
Please upgrade to Gymnasium, the maintained drop-in replacement of Gym, or contact the authors of your software and request that they upgrade.
Users of this version of Gym should be able to simply replace 'import gym' with 'import gymnasium as gym' in the vast majority of cases.
See the migration guide at https://gymnasium.farama.org/introduction/migration_guide/ for additional information.
Seed 13 | Episode 0 | Reward -300.00 | Epsilon 0.9987
Seed 13 | Episode 1 | Reward -300.00 | Epsilon 0.9897
Seed 13 | Episode 2 | Reward -300.00 | Epsilon 0.9808
Seed 13 | Episode 3 | Reward -300.00 | Epsilon 0.9720
Seed 13 | Episode 4 | Reward -300.00 | Epsilon 0.9633
Seed 13 | Episode 5 | Reward -300.00 | Epsilon 0.9547
Seed 13 | Episode 6 | Reward -300.00 | Epsilon 0.9462
Seed 13 | Episode 7 | Reward -300.00 | Epsilon 0.9377
Seed 13 | Episode 8 | Reward -300.00 | Epsilon 0.9293
Seed 13 | Episode 9 | Reward -300.00 | Epsilon 0.9209
Seed 13 | Episode 10 | Reward -300.00 | Epsilon 0.9127
Seed 13 | Episode 11 | Reward -300.00 | Epsilon 0.9045
Seed 13 | Episode 12 | Reward -300.00 | Epsilon 0.8964
Seed 13 | Episode 13 | Reward -300.00 | Epsilon 0.8884
Seed 13 | Episode 14 | Reward -300.00 | Epsilon 0.8804
Seed 13 | Episode 15 | Reward -300.00 | Epsilon 0.8725
Seed 13 | Episode 16 | Reward -300.00 | Epsilon 0.8647
Seed 13 | Episode 17 | Reward -300.00 | Epsilon 0.8570
Seed 13 | Episode 18 | Reward -300.00 | Epsilon 0.8493
Seed 13 | Episode 19 | Reward -300.00 | Epsilon 0.8417
Seed 13 | Episode 20 | Reward -300.00 | Epsilon 0.8341
Seed 13 | Episode 21 | Reward -300.00 | Epsilon 0.8267
Seed 13 | Episode 22 | Reward -300.00 | Epsilon 0.8193
Seed 13 | Episode 23 | Reward -300.00 | Epsilon 0.8119
Seed 13 | Episode 24 | Reward -300.00 | Epsilon 0.8046
Seed 13 | Episode 25 | Reward -300.00 | Epsilon 0.7974
Seed 13 | Episode 26 | Reward -300.00 | Epsilon 0.7903
Seed 13 | Episode 27 | Reward -300.00 | Epsilon 0.7832
Seed 13 | Episode 28 | Reward -300.00 | Epsilon 0.7762
Seed 13 | Episode 29 | Reward -300.00 | Epsilon 0.7692
Seed 13 | Episode 30 | Reward -300.00 | Epsilon 0.7623
Seed 13 | Episode 31 | Reward -300.00 | Epsilon 0.7555
Seed 13 | Episode 32 | Reward -300.00 | Epsilon 0.7487
Seed 13 | Episode 33 | Reward -300.00 | Epsilon 0.7420
Seed 13 | Episode 34 | Reward -300.00 | Epsilon 0.7354
Seed 13 | Episode 35 | Reward -300.00 | Epsilon 0.7288
Seed 13 | Episode 36 | Reward -300.00 | Epsilon 0.7223
Seed 13 | Episode 37 | Reward -300.00 | Epsilon 0.7158
Seed 13 | Episode 38 | Reward -300.00 | Epsilon 0.7094
Seed 13 | Episode 39 | Reward -300.00 | Epsilon 0.7030
Seed 13 | Episode 40 | Reward -300.00 | Epsilon 0.6967
Seed 13 | Episode 41 | Reward -300.00 | Epsilon 0.6905
Seed 13 | Episode 42 | Reward -300.00 | Epsilon 0.6843
Seed 13 | Episode 43 | Reward -300.00 | Epsilon 0.6782
Seed 13 | Episode 44 | Reward -300.00 | Epsilon 0.6721
Seed 13 | Episode 45 | Reward -300.00 | Epsilon 0.6661
Seed 13 | Episode 46 | Reward -300.00 | Epsilon 0.6601
Seed 13 | Episode 47 | Reward -300.00 | Epsilon 0.6542
Seed 13 | Episode 48 | Reward -300.00 | Epsilon 0.6483
Seed 13 | Episode 49 | Reward -300.00 | Epsilon 0.6425
Seed 13 | Episode 50 | Reward -300.00 | Epsilon 0.6368
Seed 13 | Episode 51 | Reward -300.00 | Epsilon 0.6311
Seed 13 | Episode 52 | Reward -300.00 | Epsilon 0.6254
Seed 13 | Episode 53 | Reward -300.00 | Epsilon 0.6198
Seed 13 | Episode 54 | Reward -300.00 | Epsilon 0.6142
Seed 13 | Episode 55 | Reward -300.00 | Epsilon 0.6087
Seed 13 | Episode 56 | Reward -300.00 | Epsilon 0.6033
Seed 13 | Episode 57 | Reward -300.00 | Epsilon 0.5979
Seed 13 | Episode 58 | Reward -32.00 | Epsilon 0.5955
Seed 13 | Episode 59 | Reward -300.00 | Epsilon 0.5902
Seed 13 | Episode 60 | Reward -300.00 | Epsilon 0.5849
Seed 13 | Episode 61 | Reward -300.00 | Epsilon 0.5796
Seed 13 | Episode 62 | Reward -300.00 | Epsilon 0.5744
Seed 13 | Episode 63 | Reward -300.00 | Epsilon 0.5693
Seed 13 | Episode 64 | Reward -300.00 | Epsilon 0.5642
Seed 13 | Episode 65 | Reward -300.00 | Epsilon 0.5591
Seed 13 | Episode 66 | Reward -300.00 | Epsilon 0.5541
Seed 13 | Episode 67 | Reward -300.00 | Epsilon 0.5492
Seed 13 | Episode 68 | Reward -300.00 | Epsilon 0.5442
Seed 13 | Episode 69 | Reward -300.00 | Epsilon 0.5394
Seed 13 | Episode 70 | Reward -300.00 | Epsilon 0.5345
Seed 13 | Episode 71 | Reward -300.00 | Epsilon 0.5298
Seed 13 | Episode 72 | Reward -300.00 | Epsilon 0.5250
Seed 13 | Episode 73 | Reward -67.00 | Epsilon 0.5224
Seed 13 | Episode 74 | Reward -300.00 | Epsilon 0.5177
Seed 13 | Episode 75 | Reward -300.00 | Epsilon 0.5130
Seed 13 | Episode 76 | Reward -300.00 | Epsilon 0.5084
Seed 13 | Episode 77 | Reward -300.00 | Epsilon 0.5039
Seed 13 | Episode 78 | Reward -300.00 | Epsilon 0.4994
Seed 13 | Episode 79 | Reward -300.00 | Epsilon 0.4949
Seed 13 | Episode 80 | Reward -300.00 | Epsilon 0.4905
Seed 13 | Episode 81 | Reward -300.00 | Epsilon 0.4861
Seed 13 | Episode 82 | Reward -300.00 | Epsilon 0.4817
Seed 13 | Episode 83 | Reward -300.00 | Epsilon 0.4774
Seed 13 | Episode 84 | Reward -300.00 | Epsilon 0.4731
Seed 13 | Episode 85 | Reward -300.00 | Epsilon 0.4689
Seed 13 | Episode 86 | Reward -300.00 | Epsilon 0.4647
Seed 13 | Episode 87 | Reward -300.00 | Epsilon 0.4605
Seed 13 | Episode 88 | Reward -300.00 | Epsilon 0.4564
Seed 13 | Episode 89 | Reward -300.00 | Epsilon 0.4523
Seed 13 | Episode 90 | Reward -300.00 | Epsilon 0.4483
Seed 13 | Episode 91 | Reward -300.00 | Epsilon 0.4442
Seed 13 | Episode 92 | Reward -16.00 | Epsilon 0.4427
Seed 13 | Episode 93 | Reward -110.00 | Epsilon 0.4399
Seed 13 | Episode 94 | Reward -300.00 | Epsilon 0.4359
Seed 13 | Episode 95 | Reward -300.00 | Epsilon 0.4320
Seed 13 | Episode 96 | Reward -300.00 | Epsilon 0.4282
Seed 13 | Episode 97 | Reward -300.00 | Epsilon 0.4243
Seed 13 | Episode 98 | Reward -300.00 | Epsilon 0.4205
Seed 13 | Episode 99 | Reward -300.00 | Epsilon 0.4168
Seed 13 | Episode 100 | Reward -300.00 | Epsilon 0.4130
Seed 13 | Episode 101 | Reward -300.00 | Epsilon 0.4093
Seed 13 | Episode 102 | Reward -14.00 | Epsilon 0.4079
Seed 13 | Episode 103 | Reward -300.00 | Epsilon 0.4043
Seed 13 | Episode 104 | Reward -300.00 | Epsilon 0.4006
Seed 13 | Episode 105 | Reward -300.00 | Epsilon 0.3971
Seed 13 | Episode 106 | Reward -300.00 | Epsilon 0.3935
Seed 13 | Episode 107 | Reward -300.00 | Epsilon 0.3900
Seed 13 | Episode 108 | Reward -300.00 | Epsilon 0.3865
Seed 13 | Episode 109 | Reward -300.00 | Epsilon 0.3830
Seed 13 | Episode 110 | Reward -300.00 | Epsilon 0.3796
Seed 13 | Episode 111 | Reward -300.00 | Epsilon 0.3762
Seed 13 | Episode 112 | Reward -300.00 | Epsilon 0.3728
Seed 13 | Episode 113 | Reward -300.00 | Epsilon 0.3695
Seed 13 | Episode 114 | Reward -300.00 | Epsilon 0.3662
Seed 13 | Episode 115 | Reward -300.00 | Epsilon 0.3629
Seed 13 | Episode 116 | Reward -300.00 | Epsilon 0.3596
Seed 13 | Episode 117 | Reward -300.00 | Epsilon 0.3564
Seed 13 | Episode 118 | Reward -300.00 | Epsilon 0.3532
Seed 13 | Episode 119 | Reward -300.00 | Epsilon 0.3500
Seed 13 | Episode 120 | Reward -300.00 | Epsilon 0.3469
Seed 13 | Episode 121 | Reward -300.00 | Epsilon 0.3438
Seed 13 | Episode 122 | Reward -300.00 | Epsilon 0.3407
Seed 13 | Episode 123 | Reward -300.00 | Epsilon 0.3377
Seed 13 | Episode 124 | Reward -300.00 | Epsilon 0.3346
Seed 13 | Episode 125 | Reward -300.00 | Epsilon 0.3316
Seed 13 | Episode 126 | Reward -300.00 | Epsilon 0.3287
Seed 13 | Episode 127 | Reward -300.00 | Epsilon 0.3257
Seed 13 | Episode 128 | Reward 38.00 | Epsilon 0.3251
Seed 13 | Episode 129 | Reward -300.00 | Epsilon 0.3222
Seed 13 | Episode 130 | Reward -300.00 | Epsilon 0.3193
Seed 13 | Episode 131 | Reward -300.00 | Epsilon 0.3165
Seed 13 | Episode 132 | Reward -179.00 | Epsilon 0.3138
Seed 13 | Episode 133 | Reward -300.00 | Epsilon 0.3110
Seed 13 | Episode 134 | Reward -300.00 | Epsilon 0.3082
Seed 13 | Episode 135 | Reward -300.00 | Epsilon 0.3054
Seed 13 | Episode 136 | Reward -300.00 | Epsilon 0.3027
Seed 13 | Episode 137 | Reward -300.00 | Epsilon 0.3000
Seed 13 | Episode 138 | Reward -133.00 | Epsilon 0.2979
Seed 13 | Episode 139 | Reward -300.00 | Epsilon 0.2952
Seed 13 | Episode 140 | Reward -300.00 | Epsilon 0.2926
Seed 13 | Episode 141 | Reward -5.00 | Epsilon 0.2917
Seed 13 | Episode 142 | Reward -300.00 | Epsilon 0.2890
Seed 13 | Episode 143 | Reward -300.00 | Epsilon 0.2865
Seed 13 | Episode 144 | Reward -300.00 | Epsilon 0.2839
Seed 13 | Episode 145 | Reward -300.00 | Epsilon 0.2813
Seed 13 | Episode 146 | Reward -142.00 | Epsilon 0.2793
Seed 13 | Episode 147 | Reward -300.00 | Epsilon 0.2768
Seed 13 | Episode 148 | Reward -300.00 | Epsilon 0.2743
Seed 13 | Episode 149 | Reward -300.00 | Epsilon 0.2719
Seed 13 | Episode 150 | Reward -300.00 | Epsilon 0.2694
Seed 13 | Episode 151 | Reward -171.00 | Epsilon 0.2672
Seed 13 | Episode 152 | Reward -300.00 | Epsilon 0.2648
Seed 13 | Episode 153 | Reward -300.00 | Epsilon 0.2625
Seed 13 | Episode 154 | Reward -300.00 | Epsilon 0.2601
Seed 13 | Episode 155 | Reward -46.00 | Epsilon 0.2590
Seed 13 | Episode 156 | Reward 59.00 | Epsilon 0.2586
Seed 13 | Episode 157 | Reward -50.00 | Epsilon 0.2575
Seed 13 | Episode 158 | Reward -300.00 | Epsilon 0.2552
Seed 13 | Episode 159 | Reward 42.00 | Epsilon 0.2547
Seed 13 | Episode 160 | Reward -6.00 | Epsilon 0.2539
Seed 13 | Episode 161 | Reward -55.00 | Epsilon 0.2527
Seed 13 | Episode 162 | Reward -300.00 | Epsilon 0.2505
Seed 13 | Episode 163 | Reward 58.00 | Epsilon 0.2501
Seed 13 | Episode 164 | Reward -300.00 | Epsilon 0.2479
Seed 13 | Episode 165 | Reward -300.00 | Epsilon 0.2457
Seed 13 | Episode 166 | Reward -300.00 | Epsilon 0.2435
Seed 13 | Episode 167 | Reward 54.00 | Epsilon 0.2431
Seed 13 | Episode 168 | Reward -300.00 | Epsilon 0.2409
Seed 13 | Episode 169 | Reward -24.00 | Epsilon 0.2400
Seed 13 | Episode 170 | Reward -300.00 | Epsilon 0.2379
Seed 13 | Episode 171 | Reward -98.00 | Epsilon 0.2365
Seed 13 | Episode 172 | Reward -25.00 | Epsilon 0.2356
Seed 13 | Episode 173 | Reward 5.00 | Epsilon 0.2349
Seed 13 | Episode 174 | Reward -9.00 | Epsilon 0.2341
Seed 13 | Episode 175 | Reward -9.00 | Epsilon 0.2334
Seed 13 | Episode 176 | Reward -22.00 | Epsilon 0.2325
Seed 13 | Episode 177 | Reward -300.00 | Epsilon 0.2304
Seed 13 | Episode 178 | Reward -158.00 | Epsilon 0.2286
Seed 13 | Episode 179 | Reward -300.00 | Epsilon 0.2266
Seed 13 | Episode 180 | Reward -26.00 | Epsilon 0.2257
Seed 13 | Episode 181 | Reward 60.00 | Epsilon 0.2254
Seed 13 | Episode 182 | Reward -101.00 | Epsilon 0.2241
Seed 13 | Episode 183 | Reward -300.00 | Epsilon 0.2221
Seed 13 | Episode 184 | Reward -173.00 | Epsilon 0.2203
Seed 13 | Episode 185 | Reward 47.00 | Epsilon 0.2199
Seed 13 | Episode 186 | Reward 49.00 | Epsilon 0.2196
Seed 13 | Episode 187 | Reward 0.00 | Epsilon 0.2189
Seed 13 | Episode 188 | Reward -197.00 | Epsilon 0.2169
Seed 13 | Episode 189 | Reward -300.00 | Epsilon 0.2150
Seed 13 | Episode 190 | Reward 18.00 | Epsilon 0.2145
Seed 13 | Episode 191 | Reward 41.00 | Epsilon 0.2141
Seed 13 | Episode 192 | Reward 47.00 | Epsilon 0.2137
Seed 13 | Episode 193 | Reward 58.00 | Epsilon 0.2135
Seed 13 | Episode 194 | Reward -131.00 | Epsilon 0.2120
Seed 13 | Episode 195 | Reward -111.00 | Epsilon 0.2106
Seed 13 | Episode 196 | Reward -199.00 | Epsilon 0.2087
Seed 13 | Episode 197 | Reward 65.00 | Epsilon 0.2085
Seed 13 | Episode 198 | Reward 59.00 | Epsilon 0.2083
Seed 13 | Episode 199 | Reward -93.00 | Epsilon 0.2071
Seed 13 | Episode 200 | Reward -300.00 | Epsilon 0.2052
Seed 13 | Episode 201 | Reward -300.00 | Epsilon 0.2034
Seed 13 | Episode 202 | Reward 54.00 | Epsilon 0.2031
Seed 13 | Episode 203 | Reward 54.00 | Epsilon 0.2028
Seed 13 | Episode 204 | Reward -23.00 | Epsilon 0.2020
Seed 13 | Episode 205 | Reward -166.00 | Epsilon 0.2004
Seed 13 | Episode 206 | Reward 52.00 | Epsilon 0.2001
Seed 13 | Episode 207 | Reward -300.00 | Epsilon 0.1983
Seed 13 | Episode 208 | Reward -59.00 | Epsilon 0.1974
Seed 13 | Episode 209 | Reward -46.00 | Epsilon 0.1965
Seed 13 | Episode 210 | Reward -300.00 | Epsilon 0.1948
Seed 13 | Episode 211 | Reward -300.00 | Epsilon 0.1930
Seed 13 | Episode 212 | Reward -300.00 | Epsilon 0.1913
Seed 13 | Episode 213 | Reward 49.00 | Epsilon 0.1910
Seed 13 | Episode 214 | Reward 59.00 | Epsilon 0.1907
Seed 13 | Episode 215 | Reward 45.00 | Epsilon 0.1904
Seed 13 | Episode 216 | Reward -300.00 | Epsilon 0.1887
Seed 13 | Episode 217 | Reward -134.00 | Epsilon 0.1874
Seed 13 | Episode 218 | Reward -155.00 | Epsilon 0.1860
Seed 13 | Episode 219 | Reward -25.00 | Epsilon 0.1853
Seed 13 | Episode 220 | Reward -89.00 | Epsilon 0.1842
Seed 13 | Episode 221 | Reward -300.00 | Epsilon 0.1826
Seed 13 | Episode 222 | Reward -184.00 | Epsilon 0.1810
Seed 13 | Episode 223 | Reward 3.00 | Epsilon 0.1805
Seed 13 | Episode 224 | Reward -97.00 | Epsilon 0.1794
Seed 13 | Episode 225 | Reward 42.00 | Epsilon 0.1791
Seed 13 | Episode 226 | Reward -16.00 | Epsilon 0.1785
Seed 13 | Episode 227 | Reward -83.00 | Epsilon 0.1775
Seed 13 | Episode 228 | Reward -46.00 | Epsilon 0.1767
Seed 13 | Episode 229 | Reward 42.00 | Epsilon 0.1764
Seed 13 | Episode 230 | Reward -300.00 | Epsilon 0.1748
Seed 13 | Episode 231 | Reward -29.00 | Epsilon 0.1741
Seed 13 | Episode 232 | Reward 64.00 | Epsilon 0.1739
Seed 13 | Episode 233 | Reward 33.00 | Epsilon 0.1736
Seed 13 | Episode 234 | Reward -26.00 | Epsilon 0.1729
Seed 13 | Episode 235 | Reward -300.00 | Epsilon 0.1714
Seed 13 | Episode 236 | Reward 59.00 | Epsilon 0.1711
Seed 13 | Episode 237 | Reward -20.00 | Epsilon 0.1705
Seed 13 | Episode 238 | Reward 40.00 | Epsilon 0.1702
Seed 13 | Episode 239 | Reward -89.00 | Epsilon 0.1692
Seed 13 | Episode 240 | Reward -89.00 | Epsilon 0.1683
Seed 13 | Episode 241 | Reward -116.00 | Epsilon 0.1672
Seed 13 | Episode 242 | Reward -158.00 | Epsilon 0.1659
Seed 13 | Episode 243 | Reward 60.00 | Epsilon 0.1657
Seed 13 | Episode 244 | Reward 42.00 | Epsilon 0.1654
Seed 13 | Episode 245 | Reward 51.00 | Epsilon 0.1652
Seed 13 | Episode 246 | Reward -66.00 | Epsilon 0.1643
Seed 13 | Episode 247 | Reward -27.00 | Epsilon 0.1637
Seed 13 | Episode 248 | Reward -51.00 | Epsilon 0.1630
Seed 13 | Episode 249 | Reward -65.00 | Epsilon 0.1621
Seed 13 | Episode 250 | Reward -300.00 | Epsilon 0.1607
Seed 13 | Episode 251 | Reward -300.00 | Epsilon 0.1592
Seed 13 | Episode 252 | Reward -135.00 | Epsilon 0.1581
Seed 13 | Episode 253 | Reward 52.00 | Epsilon 0.1579
Seed 13 | Episode 254 | Reward 53.00 | Epsilon 0.1577
Seed 13 | Episode 255 | Reward -100.00 | Epsilon 0.1567
Seed 13 | Episode 256 | Reward -25.00 | Epsilon 0.1561
Seed 13 | Episode 257 | Reward 32.00 | Epsilon 0.1558
Seed 13 | Episode 258 | Reward -80.00 | Epsilon 0.1550
Seed 13 | Episode 259 | Reward 53.00 | Epsilon 0.1547
Seed 13 | Episode 260 | Reward 13.00 | Epsilon 0.1543
Seed 13 | Episode 261 | Reward -112.00 | Epsilon 0.1533
Seed 13 | Episode 262 | Reward 51.00 | Epsilon 0.1531
Seed 13 | Episode 263 | Reward -300.00 | Epsilon 0.1517
Seed 13 | Episode 264 | Reward 52.00 | Epsilon 0.1515
Seed 13 | Episode 265 | Reward 62.00 | Epsilon 0.1513
Seed 13 | Episode 266 | Reward 57.00 | Epsilon 0.1511
Seed 13 | Episode 267 | Reward 45.00 | Epsilon 0.1509
Seed 13 | Episode 268 | Reward 36.00 | Epsilon 0.1506
Seed 13 | Episode 269 | Reward -114.00 | Epsilon 0.1496
Seed 13 | Episode 270 | Reward 43.00 | Epsilon 0.1494
Seed 13 | Episode 271 | Reward 59.00 | Epsilon 0.1492
Seed 13 | Episode 272 | Reward 62.00 | Epsilon 0.1490
Seed 13 | Episode 273 | Reward -23.00 | Epsilon 0.1485
Seed 13 | Episode 274 | Reward -77.00 | Epsilon 0.1477
Seed 13 | Episode 275 | Reward 49.00 | Epsilon 0.1474
Seed 13 | Episode 276 | Reward 24.00 | Epsilon 0.1471
Seed 13 | Episode 277 | Reward -300.00 | Epsilon 0.1458
Seed 13 | Episode 278 | Reward 66.00 | Epsilon 0.1456
Seed 13 | Episode 279 | Reward 53.00 | Epsilon 0.1454
Seed 13 | Episode 280 | Reward 46.00 | Epsilon 0.1452
Seed 13 | Episode 281 | Reward -95.00 | Epsilon 0.1443
Seed 13 | Episode 282 | Reward -12.00 | Epsilon 0.1438
Seed 13 | Episode 283 | Reward 47.00 | Epsilon 0.1436
Seed 13 | Episode 284 | Reward 45.00 | Epsilon 0.1434
Seed 13 | Episode 285 | Reward 0.00 | Epsilon 0.1429
Seed 13 | Episode 286 | Reward 51.00 | Epsilon 0.1427
Seed 13 | Episode 287 | Reward 49.00 | Epsilon 0.1425
Seed 13 | Episode 288 | Reward 44.00 | Epsilon 0.1422
Seed 13 | Episode 289 | Reward -40.00 | Epsilon 0.1416
Seed 13 | Episode 290 | Reward 60.00 | Epsilon 0.1415
Seed 13 | Episode 291 | Reward 46.00 | Epsilon 0.1412
Seed 13 | Episode 292 | Reward 55.00 | Epsilon 0.1410
Seed 13 | Episode 293 | Reward 41.00 | Epsilon 0.1408
Seed 13 | Episode 294 | Reward 16.00 | Epsilon 0.1404
Seed 13 | Episode 295 | Reward 48.00 | Epsilon 0.1402
Seed 13 | Episode 296 | Reward 45.00 | Epsilon 0.1400
Seed 13 | Episode 297 | Reward 40.00 | Epsilon 0.1397
Seed 13 | Episode 298 | Reward 62.00 | Epsilon 0.1396
Seed 13 | Episode 299 | Reward 54.00 | Epsilon 0.1394
Seed 13 | Episode 300 | Reward 39.00 | Epsilon 0.1391
Seed 13 | Episode 301 | Reward -300.00 | Epsilon 0.1378
Seed 13 | Episode 302 | Reward 52.00 | Epsilon 0.1376
Seed 13 | Episode 303 | Reward 17.00 | Epsilon 0.1373
Seed 13 | Episode 304 | Reward 51.00 | Epsilon 0.1371
Seed 13 | Episode 305 | Reward -63.00 | Epsilon 0.1364
Seed 13 | Episode 306 | Reward -145.00 | Epsilon 0.1354
Seed 13 | Episode 307 | Reward 44.00 | Epsilon 0.1352
Seed 13 | Episode 308 | Reward 57.00 | Epsilon 0.1350
Seed 13 | Episode 309 | Reward 49.00 | Epsilon 0.1348
Seed 13 | Episode 310 | Reward 0.00 | Epsilon 0.1344
Seed 13 | Episode 311 | Reward 32.00 | Epsilon 0.1341
Seed 13 | Episode 312 | Reward 62.00 | Epsilon 0.1340
Seed 13 | Episode 313 | Reward -23.00 | Epsilon 0.1335
Seed 13 | Episode 314 | Reward -51.00 | Epsilon 0.1329
Seed 13 | Episode 315 | Reward 41.00 | Epsilon 0.1326
Seed 13 | Episode 316 | Reward -56.00 | Epsilon 0.1320
Seed 13 | Episode 317 | Reward 35.00 | Epsilon 0.1317
Seed 13 | Episode 318 | Reward 57.00 | Epsilon 0.1316
Seed 13 | Episode 319 | Reward 39.00 | Epsilon 0.1313
Seed 13 | Episode 320 | Reward 47.00 | Epsilon 0.1311
Seed 13 | Episode 321 | Reward 35.00 | Epsilon 0.1308
Seed 13 | Episode 322 | Reward 44.00 | Epsilon 0.1306
Seed 13 | Episode 323 | Reward 55.00 | Epsilon 0.1304
Seed 13 | Episode 324 | Reward 54.00 | Epsilon 0.1303
Seed 13 | Episode 325 | Reward 56.00 | Epsilon 0.1301
Seed 13 | Episode 326 | Reward 60.00 | Epsilon 0.1299
Seed 13 | Episode 327 | Reward 50.00 | Epsilon 0.1297
Seed 13 | Episode 328 | Reward 46.00 | Epsilon 0.1295
Seed 13 | Episode 329 | Reward 56.00 | Epsilon 0.1293
Seed 13 | Episode 330 | Reward 58.00 | Epsilon 0.1292
Seed 13 | Episode 331 | Reward 51.00 | Epsilon 0.1290
Seed 13 | Episode 332 | Reward 30.00 | Epsilon 0.1287
Seed 13 | Episode 333 | Reward 52.00 | Epsilon 0.1285
Seed 13 | Episode 334 | Reward 42.00 | Epsilon 0.1283
Seed 13 | Episode 335 | Reward 61.00 | Epsilon 0.1281
Seed 13 | Episode 336 | Reward 48.00 | Epsilon 0.1279
Seed 13 | Episode 337 | Reward 58.00 | Epsilon 0.1278
Seed 13 | Episode 338 | Reward 45.00 | Epsilon 0.1275
Seed 13 | Episode 339 | Reward 31.00 | Epsilon 0.1273
Seed 13 | Episode 340 | Reward 41.00 | Epsilon 0.1270
Seed 13 | Episode 341 | Reward 47.00 | Epsilon 0.1268
Seed 13 | Episode 342 | Reward 55.00 | Epsilon 0.1267
Seed 13 | Episode 343 | Reward 50.00 | Epsilon 0.1265
Seed 13 | Episode 344 | Reward 49.00 | Epsilon 0.1263
Seed 13 | Episode 345 | Reward -73.00 | Epsilon 0.1256
Seed 13 | Episode 346 | Reward 57.00 | Epsilon 0.1254
Seed 13 | Episode 347 | Reward 48.00 | Epsilon 0.1253
Seed 13 | Episode 348 | Reward 29.00 | Epsilon 0.1250
Seed 13 | Episode 349 | Reward 50.00 | Epsilon 0.1248
Seed 13 | Episode 350 | Reward 55.00 | Epsilon 0.1246
Seed 13 | Episode 351 | Reward 56.00 | Epsilon 0.1244
Seed 13 | Episode 352 | Reward 56.00 | Epsilon 0.1243
Seed 13 | Episode 353 | Reward 47.00 | Epsilon 0.1241
Seed 13 | Episode 354 | Reward 45.00 | Epsilon 0.1239
Seed 13 | Episode 355 | Reward -11.00 | Epsilon 0.1235
Seed 13 | Episode 356 | Reward 59.00 | Epsilon 0.1233
Seed 13 | Episode 357 | Reward 50.00 | Epsilon 0.1231
Seed 13 | Episode 358 | Reward 50.00 | Epsilon 0.1229
Seed 13 | Episode 359 | Reward 56.00 | Epsilon 0.1228
Seed 13 | Episode 360 | Reward 60.00 | Epsilon 0.1226
Seed 13 | Episode 361 | Reward 51.00 | Epsilon 0.1224
Seed 13 | Episode 362 | Reward 60.00 | Epsilon 0.1223
Seed 13 | Episode 363 | Reward -22.00 | Epsilon 0.1218
Seed 13 | Episode 364 | Reward 58.00 | Epsilon 0.1217
Seed 13 | Episode 365 | Reward 35.00 | Epsilon 0.1214
Seed 13 | Episode 366 | Reward 54.00 | Epsilon 0.1213
Seed 13 | Episode 367 | Reward 52.00 | Epsilon 0.1211
Seed 13 | Episode 368 | Reward 36.00 | Epsilon 0.1208
Seed 13 | Episode 369 | Reward 50.00 | Epsilon 0.1207
Seed 13 | Episode 370 | Reward 57.00 | Epsilon 0.1205
Seed 13 | Episode 371 | Reward 54.00 | Epsilon 0.1203
Seed 13 | Episode 372 | Reward 38.00 | Epsilon 0.1201
Seed 13 | Episode 373 | Reward 57.00 | Epsilon 0.1199
Seed 13 | Episode 374 | Reward 52.00 | Epsilon 0.1198
Seed 13 | Episode 375 | Reward 50.00 | Epsilon 0.1196
Seed 13 | Episode 376 | Reward 48.00 | Epsilon 0.1194
Seed 13 | Episode 377 | Reward 8.00 | Epsilon 0.1191
Seed 13 | Episode 378 | Reward 53.00 | Epsilon 0.1189
Seed 13 | Episode 379 | Reward 60.00 | Epsilon 0.1187
Seed 13 | Episode 380 | Reward 9.00 | Epsilon 0.1184
Seed 13 | Episode 381 | Reward 48.00 | Epsilon 0.1182
Seed 13 | Episode 382 | Reward 53.00 | Epsilon 0.1181
Seed 13 | Episode 383 | Reward 47.00 | Epsilon 0.1179
Seed 13 | Episode 384 | Reward 51.00 | Epsilon 0.1177
Seed 13 | Episode 385 | Reward 51.00 | Epsilon 0.1175
Seed 13 | Episode 386 | Reward 43.00 | Epsilon 0.1173
Seed 13 | Episode 387 | Reward 51.00 | Epsilon 0.1171
Seed 13 | Episode 388 | Reward 56.00 | Epsilon 0.1170
Seed 13 | Episode 389 | Reward 52.00 | Epsilon 0.1168
Seed 13 | Episode 390 | Reward 57.00 | Epsilon 0.1166
Seed 13 | Episode 391 | Reward 61.00 | Epsilon 0.1165
Seed 13 | Episode 392 | Reward 55.00 | Epsilon 0.1163
Seed 13 | Episode 393 | Reward 59.00 | Epsilon 0.1162
Seed 13 | Episode 394 | Reward 61.00 | Epsilon 0.1161
Seed 13 | Episode 395 | Reward 47.00 | Epsilon 0.1159
Seed 13 | Episode 396 | Reward 41.00 | Epsilon 0.1157
Seed 13 | Episode 397 | Reward 53.00 | Epsilon 0.1155
Seed 13 | Episode 398 | Reward 28.00 | Epsilon 0.1152
Seed 13 | Episode 399 | Reward 59.00 | Epsilon 0.1151
Seed 13 | Episode 400 | Reward 56.00 | Epsilon 0.1149
Seed 13 | Episode 401 | Reward 50.00 | Epsilon 0.1148
Seed 13 | Episode 402 | Reward 59.00 | Epsilon 0.1146
Seed 13 | Episode 403 | Reward 33.00 | Epsilon 0.1144
Seed 13 | Episode 404 | Reward 63.00 | Epsilon 0.1143
Seed 13 | Episode 405 | Reward 50.00 | Epsilon 0.1141
Seed 13 | Episode 406 | Reward 48.00 | Epsilon 0.1139
Seed 13 | Episode 407 | Reward 54.00 | Epsilon 0.1137
Seed 13 | Episode 408 | Reward 62.00 | Epsilon 0.1136
Seed 13 | Episode 409 | Reward 56.00 | Epsilon 0.1135
Seed 13 | Episode 410 | Reward 45.00 | Epsilon 0.1133
Seed 13 | Episode 411 | Reward 58.00 | Epsilon 0.1131
Seed 13 | Episode 412 | Reward 26.00 | Epsilon 0.1129
Seed 13 | Episode 413 | Reward 61.00 | Epsilon 0.1127
Seed 13 | Episode 414 | Reward 61.00 | Epsilon 0.1126
Seed 13 | Episode 415 | Reward 42.00 | Epsilon 0.1124
Seed 13 | Episode 416 | Reward 36.00 | Epsilon 0.1122
Seed 13 | Episode 417 | Reward 33.00 | Epsilon 0.1120
Seed 13 | Episode 418 | Reward 52.00 | Epsilon 0.1118
Seed 13 | Episode 419 | Reward 58.00 | Epsilon 0.1116
Seed 13 | Episode 420 | Reward 12.00 | Epsilon 0.1113
Seed 13 | Episode 421 | Reward 54.00 | Epsilon 0.1112
Seed 13 | Episode 422 | Reward 52.00 | Epsilon 0.1110
Seed 13 | Episode 423 | Reward 52.00 | Epsilon 0.1109
Seed 13 | Episode 424 | Reward 60.00 | Epsilon 0.1107
Seed 13 | Episode 425 | Reward 43.00 | Epsilon 0.1105
Seed 13 | Episode 426 | Reward 62.00 | Epsilon 0.1104
Seed 13 | Episode 427 | Reward 56.00 | Epsilon 0.1103
Seed 13 | Episode 428 | Reward 50.00 | Epsilon 0.1101
Seed 13 | Episode 429 | Reward 41.00 | Epsilon 0.1099
Seed 13 | Episode 430 | Reward 54.00 | Epsilon 0.1097
Seed 13 | Episode 431 | Reward 32.00 | Epsilon 0.1095
Seed 13 | Episode 432 | Reward 48.00 | Epsilon 0.1093
Seed 13 | Episode 433 | Reward 28.00 | Epsilon 0.1091
Seed 13 | Episode 434 | Reward 55.00 | Epsilon 0.1089
Seed 13 | Episode 435 | Reward 48.00 | Epsilon 0.1088
Seed 13 | Episode 436 | Reward 8.00 | Epsilon 0.1085
Seed 13 | Episode 437 | Reward 61.00 | Epsilon 0.1083
Seed 13 | Episode 438 | Reward 60.00 | Epsilon 0.1082
Seed 13 | Episode 439 | Reward 46.00 | Epsilon 0.1080
Seed 13 | Episode 440 | Reward 63.00 | Epsilon 0.1079
Seed 13 | Episode 441 | Reward 44.00 | Epsilon 0.1077
Seed 13 | Episode 442 | Reward 54.00 | Epsilon 0.1076
Seed 13 | Episode 443 | Reward 47.00 | Epsilon 0.1074
Seed 13 | Episode 444 | Reward 49.00 | Epsilon 0.1072
Seed 13 | Episode 445 | Reward 62.00 | Epsilon 0.1071
Seed 13 | Episode 446 | Reward 58.00 | Epsilon 0.1070
Seed 13 | Episode 447 | Reward 50.00 | Epsilon 0.1068
Seed 13 | Episode 448 | Reward 46.00 | Epsilon 0.1066
Seed 13 | Episode 449 | Reward 52.00 | Epsilon 0.1065
Seed 13 | Episode 450 | Reward 38.00 | Epsilon 0.1063
Seed 13 | Episode 451 | Reward -12.00 | Epsilon 0.1059
Seed 13 | Episode 452 | Reward 43.00 | Epsilon 0.1057
Seed 13 | Episode 453 | Reward 46.00 | Epsilon 0.1055
Seed 13 | Episode 454 | Reward 39.00 | Epsilon 0.1053
Seed 13 | Episode 455 | Reward 19.00 | Epsilon 0.1051
Seed 13 | Episode 456 | Reward -11.00 | Epsilon 0.1047
Seed 13 | Episode 457 | Reward 43.00 | Epsilon 0.1046
Seed 13 | Episode 458 | Reward 44.00 | Epsilon 0.1044
Seed 13 | Episode 459 | Reward 58.00 | Epsilon 0.1042
Seed 13 | Episode 460 | Reward 53.00 | Epsilon 0.1041
Seed 13 | Episode 461 | Reward 59.00 | Epsilon 0.1040
Seed 13 | Episode 462 | Reward 55.00 | Epsilon 0.1038
Seed 13 | Episode 463 | Reward 58.00 | Epsilon 0.1037
Seed 13 | Episode 464 | Reward 54.00 | Epsilon 0.1035
Seed 13 | Episode 465 | Reward 56.00 | Epsilon 0.1034
Seed 13 | Episode 466 | Reward 57.00 | Epsilon 0.1033
Seed 13 | Episode 467 | Reward 44.00 | Epsilon 0.1031
Seed 13 | Episode 468 | Reward -14.00 | Epsilon 0.1027
Seed 13 | Episode 469 | Reward 59.00 | Epsilon 0.1026
Seed 13 | Episode 470 | Reward 37.00 | Epsilon 0.1024
Seed 13 | Episode 471 | Reward 59.00 | Epsilon 0.1023
Seed 13 | Episode 472 | Reward 21.00 | Epsilon 0.1020
Seed 13 | Episode 473 | Reward 50.00 | Epsilon 0.1019
Seed 13 | Episode 474 | Reward 48.00 | Epsilon 0.1017
Seed 13 | Episode 475 | Reward 54.00 | Epsilon 0.1016
Seed 13 | Episode 476 | Reward 37.00 | Epsilon 0.1014
Seed 13 | Episode 477 | Reward 33.00 | Epsilon 0.1012
Seed 13 | Episode 478 | Reward 57.00 | Epsilon 0.1010
Seed 13 | Episode 479 | Reward 63.00 | Epsilon 0.1009
Seed 13 | Episode 480 | Reward 64.00 | Epsilon 0.1008
Seed 13 | Episode 481 | Reward 55.00 | Epsilon 0.1007
Seed 13 | Episode 482 | Reward 48.00 | Epsilon 0.1005
Seed 13 | Episode 483 | Reward -34.00 | Epsilon 0.1001
Seed 13 | Episode 484 | Reward 60.00 | Epsilon 0.1000
Seed 13 | Episode 485 | Reward 43.00 | Epsilon 0.0998
Seed 13 | Episode 486 | Reward 29.00 | Epsilon 0.0996
Seed 13 | Episode 487 | Reward 53.00 | Epsilon 0.0994
Seed 13 | Episode 488 | Reward 55.00 | Epsilon 0.0993
Seed 13 | Episode 489 | Reward 39.00 | Epsilon 0.0991
Seed 13 | Episode 490 | Reward -39.00 | Epsilon 0.0987
Seed 13 | Episode 491 | Reward 56.00 | Epsilon 0.0986
Seed 13 | Episode 492 | Reward 18.00 | Epsilon 0.0983
Seed 13 | Episode 493 | Reward -27.00 | Epsilon 0.0980
Seed 13 | Episode 494 | Reward 53.00 | Epsilon 0.0978
Seed 13 | Episode 495 | Reward 54.00 | Epsilon 0.0977
Seed 13 | Episode 496 | Reward 54.00 | Epsilon 0.0975
Seed 13 | Episode 497 | Reward 42.00 | Epsilon 0.0974
Seed 13 | Episode 498 | Reward 53.00 | Epsilon 0.0972
Seed 13 | Episode 499 | Reward 47.00 | Epsilon 0.0971
Seed 13 | Episode 500 | Reward 61.00 | Epsilon 0.0970
Seed 13 | Episode 501 | Reward 60.00 | Epsilon 0.0968
Seed 13 | Episode 502 | Reward 59.00 | Epsilon 0.0967
Seed 13 | Episode 503 | Reward 56.00 | Epsilon 0.0966
Seed 13 | Episode 504 | Reward 56.00 | Epsilon 0.0964
Seed 13 | Episode 505 | Reward 66.00 | Epsilon 0.0963
Seed 13 | Episode 506 | Reward 58.00 | Epsilon 0.0962
Seed 13 | Episode 507 | Reward 52.00 | Epsilon 0.0961
Seed 13 | Episode 508 | Reward 52.00 | Epsilon 0.0959
Seed 13 | Episode 509 | Reward 18.00 | Epsilon 0.0957
Seed 13 | Episode 510 | Reward 47.00 | Epsilon 0.0955
Seed 13 | Episode 511 | Reward 61.00 | Epsilon 0.0954
Seed 13 | Episode 512 | Reward 60.00 | Epsilon 0.0953
Seed 13 | Episode 513 | Reward 62.00 | Epsilon 0.0952
Seed 13 | Episode 514 | Reward 49.00 | Epsilon 0.0951
Seed 13 | Episode 515 | Reward 58.00 | Epsilon 0.0949
Seed 13 | Episode 516 | Reward 36.00 | Epsilon 0.0947
Seed 13 | Episode 517 | Reward 59.00 | Epsilon 0.0946
Seed 13 | Episode 518 | Reward 39.00 | Epsilon 0.0945
Seed 13 | Episode 519 | Reward 52.00 | Epsilon 0.0943
Seed 13 | Episode 520 | Reward 47.00 | Epsilon 0.0942
Seed 13 | Episode 521 | Reward 64.00 | Epsilon 0.0941
Seed 13 | Episode 522 | Reward 56.00 | Epsilon 0.0939
Seed 13 | Episode 523 | Reward 50.00 | Epsilon 0.0938
Seed 13 | Episode 524 | Reward 56.00 | Epsilon 0.0937
Seed 13 | Episode 525 | Reward 52.00 | Epsilon 0.0935
Seed 13 | Episode 526 | Reward -23.00 | Epsilon 0.0932
Seed 13 | Episode 527 | Reward -103.00 | Epsilon 0.0926
Seed 13 | Episode 528 | Reward 60.00 | Epsilon 0.0925
Seed 13 | Episode 529 | Reward 47.00 | Epsilon 0.0923
Seed 13 | Episode 530 | Reward 55.00 | Epsilon 0.0922
Seed 13 | Episode 531 | Reward 61.00 | Epsilon 0.0921
Seed 13 | Episode 532 | Reward 61.00 | Epsilon 0.0920
Seed 13 | Episode 533 | Reward 58.00 | Epsilon 0.0919
Seed 13 | Episode 534 | Reward 56.00 | Epsilon 0.0918
Seed 13 | Episode 535 | Reward 57.00 | Epsilon 0.0916
Seed 13 | Episode 536 | Reward 51.00 | Epsilon 0.0915
Seed 13 | Episode 537 | Reward 40.00 | Epsilon 0.0913
Seed 13 | Episode 538 | Reward 53.00 | Epsilon 0.0912
Seed 13 | Episode 539 | Reward -54.00 | Epsilon 0.0908
Seed 13 | Episode 540 | Reward 54.00 | Epsilon 0.0906
Seed 13 | Episode 541 | Reward 47.00 | Epsilon 0.0905
Seed 13 | Episode 542 | Reward 58.00 | Epsilon 0.0904
Seed 13 | Episode 543 | Reward 56.00 | Epsilon 0.0903
Seed 13 | Episode 544 | Reward -37.00 | Epsilon 0.0899
Seed 13 | Episode 545 | Reward 57.00 | Epsilon 0.0898
Seed 13 | Episode 546 | Reward 58.00 | Epsilon 0.0897
Seed 13 | Episode 547 | Reward -29.00 | Epsilon 0.0893
Seed 13 | Episode 548 | Reward 48.00 | Epsilon 0.0892
Seed 13 | Episode 549 | Reward 41.00 | Epsilon 0.0890
Seed 13 | Episode 550 | Reward 44.00 | Epsilon 0.0888
Seed 13 | Episode 551 | Reward 41.00 | Epsilon 0.0887
Seed 13 | Episode 552 | Reward 54.00 | Epsilon 0.0886
Seed 13 | Episode 553 | Reward 30.00 | Epsilon 0.0884
Seed 13 | Episode 554 | Reward -17.00 | Epsilon 0.0881
Seed 13 | Episode 555 | Reward 35.00 | Epsilon 0.0879
Seed 13 | Episode 556 | Reward 66.00 | Epsilon 0.0878
Seed 13 | Episode 557 | Reward 39.00 | Epsilon 0.0876
Seed 13 | Episode 558 | Reward 41.00 | Epsilon 0.0875
Seed 13 | Episode 559 | Reward 53.00 | Epsilon 0.0873
Seed 13 | Episode 560 | Reward -49.00 | Epsilon 0.0870
Seed 13 | Episode 561 | Reward 60.00 | Epsilon 0.0869
Seed 13 | Episode 562 | Reward -62.00 | Epsilon 0.0864
Seed 13 | Episode 563 | Reward -16.00 | Epsilon 0.0861
Seed 13 | Episode 564 | Reward 4.00 | Epsilon 0.0859
Seed 13 | Episode 565 | Reward 48.00 | Epsilon 0.0857
Seed 13 | Episode 566 | Reward 56.00 | Epsilon 0.0856
Seed 13 | Episode 567 | Reward 49.00 | Epsilon 0.0855
Seed 13 | Episode 568 | Reward 54.00 | Epsilon 0.0854
Seed 13 | Episode 569 | Reward 53.00 | Epsilon 0.0852
Seed 13 | Episode 570 | Reward 50.00 | Epsilon 0.0851
Seed 13 | Episode 571 | Reward 48.00 | Epsilon 0.0850
Seed 13 | Episode 572 | Reward 40.00 | Epsilon 0.0848
Seed 13 | Episode 573 | Reward 50.00 | Epsilon 0.0847
Seed 13 | Episode 574 | Reward -37.00 | Epsilon 0.0843
Seed 13 | Episode 575 | Reward 23.00 | Epsilon 0.0841
Seed 13 | Episode 576 | Reward 62.00 | Epsilon 0.0840
Seed 13 | Episode 577 | Reward 54.00 | Epsilon 0.0839
Seed 13 | Episode 578 | Reward 62.00 | Epsilon 0.0838
Seed 13 | Episode 579 | Reward 61.00 | Epsilon 0.0837
Seed 13 | Episode 580 | Reward 45.00 | Epsilon 0.0836
Seed 13 | Episode 581 | Reward -45.00 | Epsilon 0.0832
Seed 13 | Episode 582 | Reward 60.00 | Epsilon 0.0831
Seed 13 | Episode 583 | Reward 50.00 | Epsilon 0.0830
Seed 13 | Episode 584 | Reward 41.00 | Epsilon 0.0828
Seed 13 | Episode 585 | Reward 60.00 | Epsilon 0.0827
Seed 13 | Episode 586 | Reward 38.00 | Epsilon 0.0826
Seed 13 | Episode 587 | Reward 8.00 | Epsilon 0.0824
Seed 13 | Episode 588 | Reward 40.00 | Epsilon 0.0822
Seed 13 | Episode 589 | Reward 10.00 | Epsilon 0.0820
Seed 13 | Episode 590 | Reward 60.00 | Epsilon 0.0819
Seed 13 | Episode 591 | Reward 40.00 | Epsilon 0.0817
Seed 13 | Episode 592 | Reward 45.00 | Epsilon 0.0816
Seed 13 | Episode 593 | Reward 53.00 | Epsilon 0.0815
Seed 13 | Episode 594 | Reward 43.00 | Epsilon 0.0813
Seed 13 | Episode 595 | Reward 56.00 | Epsilon 0.0812
Seed 13 | Episode 596 | Reward 59.00 | Epsilon 0.0811
Seed 13 | Episode 597 | Reward 44.00 | Epsilon 0.0810
Seed 13 | Episode 598 | Reward 44.00 | Epsilon 0.0808
Seed 13 | Episode 599 | Reward 61.00 | Epsilon 0.0808
Seed 13 | Episode 600 | Reward 41.00 | Epsilon 0.0806
Seed 13 | Episode 601 | Reward -38.00 | Epsilon 0.0803
Seed 13 | Episode 602 | Reward 52.00 | Epsilon 0.0802
Seed 13 | Episode 603 | Reward 53.00 | Epsilon 0.0800
Seed 13 | Episode 604 | Reward 59.00 | Epsilon 0.0799
Seed 13 | Episode 605 | Reward 15.00 | Epsilon 0.0797
Seed 13 | Episode 606 | Reward 12.00 | Epsilon 0.0795
Seed 13 | Episode 607 | Reward 56.00 | Epsilon 0.0794
Seed 13 | Episode 608 | Reward -57.00 | Epsilon 0.0790
Seed 13 | Episode 609 | Reward 33.00 | Epsilon 0.0789
Seed 13 | Episode 610 | Reward 57.00 | Epsilon 0.0788
Seed 13 | Episode 611 | Reward 49.00 | Epsilon 0.0786
Seed 13 | Episode 612 | Reward 58.00 | Epsilon 0.0785
Seed 13 | Episode 613 | Reward 24.00 | Epsilon 0.0784
Seed 13 | Episode 614 | Reward 59.00 | Epsilon 0.0783
Seed 13 | Episode 615 | Reward 61.00 | Epsilon 0.0782
Seed 13 | Episode 616 | Reward 38.00 | Epsilon 0.0780
Seed 13 | Episode 617 | Reward 64.00 | Epsilon 0.0779
Seed 13 | Episode 618 | Reward 36.00 | Epsilon 0.0778
Seed 13 | Episode 619 | Reward 62.00 | Epsilon 0.0777
Seed 13 | Episode 620 | Reward 51.00 | Epsilon 0.0776
Seed 13 | Episode 621 | Reward 57.00 | Epsilon 0.0775
Seed 13 | Episode 622 | Reward 52.00 | Epsilon 0.0774
Seed 13 | Episode 623 | Reward 48.00 | Epsilon 0.0772
Seed 13 | Episode 624 | Reward 56.00 | Epsilon 0.0771
Seed 13 | Episode 625 | Reward 48.00 | Epsilon 0.0770
Seed 13 | Episode 626 | Reward 46.00 | Epsilon 0.0769
Seed 13 | Episode 627 | Reward 59.00 | Epsilon 0.0768
Seed 13 | Episode 628 | Reward 57.00 | Epsilon 0.0767
Seed 13 | Episode 629 | Reward 56.00 | Epsilon 0.0766
Seed 13 | Episode 630 | Reward 53.00 | Epsilon 0.0765
Seed 13 | Episode 631 | Reward 57.00 | Epsilon 0.0764
Seed 13 | Episode 632 | Reward 56.00 | Epsilon 0.0763
Seed 13 | Episode 633 | Reward -9.00 | Epsilon 0.0760
Seed 13 | Episode 634 | Reward 60.00 | Epsilon 0.0759
Seed 13 | Episode 635 | Reward 53.00 | Epsilon 0.0758
Seed 13 | Episode 636 | Reward -14.00 | Epsilon 0.0756
Seed 13 | Episode 637 | Reward 51.00 | Epsilon 0.0754
Seed 13 | Episode 638 | Reward 48.00 | Epsilon 0.0753
Seed 13 | Episode 639 | Reward 62.00 | Epsilon 0.0752
Seed 13 | Episode 640 | Reward 45.00 | Epsilon 0.0751
Seed 13 | Episode 641 | Reward 52.00 | Epsilon 0.0750
Seed 13 | Episode 642 | Reward 54.00 | Epsilon 0.0749
Seed 13 | Episode 643 | Reward 39.00 | Epsilon 0.0748
Seed 13 | Episode 644 | Reward -100.00 | Epsilon 0.0743
Seed 13 | Episode 645 | Reward 45.00 | Epsilon 0.0742
Seed 13 | Episode 646 | Reward 30.00 | Epsilon 0.0740
Seed 13 | Episode 647 | Reward 60.00 | Epsilon 0.0739
Seed 13 | Episode 648 | Reward 51.00 | Epsilon 0.0738
Seed 13 | Episode 649 | Reward 56.00 | Epsilon 0.0737
Seed 13 | Episode 650 | Reward 59.00 | Epsilon 0.0736
Seed 13 | Episode 651 | Reward 58.00 | Epsilon 0.0735
Seed 13 | Episode 652 | Reward 61.00 | Epsilon 0.0734
Seed 13 | Episode 653 | Reward 62.00 | Epsilon 0.0734
Seed 13 | Episode 654 | Reward 49.00 | Epsilon 0.0732
Seed 13 | Episode 655 | Reward 22.00 | Epsilon 0.0731
Seed 13 | Episode 656 | Reward 59.00 | Epsilon 0.0730
Seed 13 | Episode 657 | Reward 49.00 | Epsilon 0.0729
Seed 13 | Episode 658 | Reward -34.00 | Epsilon 0.0726
Seed 13 | Episode 659 | Reward 58.00 | Epsilon 0.0725
Seed 13 | Episode 660 | Reward -31.00 | Epsilon 0.0722
Seed 13 | Episode 661 | Reward 60.00 | Epsilon 0.0721
Seed 13 | Episode 662 | Reward 56.00 | Epsilon 0.0720
Seed 13 | Episode 663 | Reward 65.00 | Epsilon 0.0719
Seed 13 | Episode 664 | Reward 59.00 | Epsilon 0.0718
Seed 13 | Episode 665 | Reward 32.00 | Epsilon 0.0717
Seed 13 | Episode 666 | Reward 31.00 | Epsilon 0.0715
Seed 13 | Episode 667 | Reward 58.00 | Epsilon 0.0714
Seed 13 | Episode 668 | Reward 56.00 | Epsilon 0.0713
Seed 13 | Episode 669 | Reward 43.00 | Epsilon 0.0712
Seed 13 | Episode 670 | Reward 56.00 | Epsilon 0.0711
Seed 13 | Episode 671 | Reward -4.00 | Epsilon 0.0709
Seed 13 | Episode 672 | Reward 48.00 | Epsilon 0.0708
Seed 13 | Episode 673 | Reward 48.00 | Epsilon 0.0707
Seed 13 | Episode 674 | Reward 47.00 | Epsilon 0.0706
Seed 13 | Episode 675 | Reward -86.00 | Epsilon 0.0702
Seed 13 | Episode 676 | Reward 41.00 | Epsilon 0.0700
Seed 13 | Episode 677 | Reward 53.00 | Epsilon 0.0699
Seed 13 | Episode 678 | Reward 37.00 | Epsilon 0.0698
Seed 13 | Episode 679 | Reward 47.00 | Epsilon 0.0697
Seed 13 | Episode 680 | Reward 47.00 | Epsilon 0.0696
Seed 13 | Episode 681 | Reward 60.00 | Epsilon 0.0695
Seed 13 | Episode 682 | Reward 44.00 | Epsilon 0.0694
Seed 13 | Episode 683 | Reward 57.00 | Epsilon 0.0693
Seed 13 | Episode 684 | Reward 16.00 | Epsilon 0.0691
Seed 13 | Episode 685 | Reward 66.00 | Epsilon 0.0690
Seed 13 | Episode 686 | Reward 40.00 | Epsilon 0.0689
Seed 13 | Episode 687 | Reward 60.00 | Epsilon 0.0688
Seed 13 | Episode 688 | Reward 36.00 | Epsilon 0.0687
Seed 13 | Episode 689 | Reward 50.00 | Epsilon 0.0686
Seed 13 | Episode 690 | Reward -39.00 | Epsilon 0.0683
Seed 13 | Episode 691 | Reward 60.00 | Epsilon 0.0682
Seed 13 | Episode 692 | Reward 53.00 | Epsilon 0.0681
Seed 13 | Episode 693 | Reward 57.00 | Epsilon 0.0680
Seed 13 | Episode 694 | Reward 63.00 | Epsilon 0.0680
Seed 13 | Episode 695 | Reward 45.00 | Epsilon 0.0678
Seed 13 | Episode 696 | Reward 52.00 | Epsilon 0.0677
Seed 13 | Episode 697 | Reward 50.00 | Epsilon 0.0676
Seed 13 | Episode 698 | Reward 58.00 | Epsilon 0.0675
Seed 13 | Episode 699 | Reward 38.00 | Epsilon 0.0674
Seed 13 | Episode 700 | Reward 52.00 | Epsilon 0.0673
Seed 13 | Episode 701 | Reward 52.00 | Epsilon 0.0672
Seed 13 | Episode 702 | Reward 57.00 | Epsilon 0.0671
Seed 13 | Episode 703 | Reward 51.00 | Epsilon 0.0670
Seed 13 | Episode 704 | Reward 64.00 | Epsilon 0.0670
Seed 13 | Episode 705 | Reward -87.00 | Epsilon 0.0666
Seed 13 | Episode 706 | Reward 42.00 | Epsilon 0.0665
Seed 13 | Episode 707 | Reward 62.00 | Epsilon 0.0664
Seed 13 | Episode 708 | Reward 55.00 | Epsilon 0.0663
Seed 13 | Episode 709 | Reward 60.00 | Epsilon 0.0662
Seed 13 | Episode 710 | Reward -300.00 | Epsilon 0.0656
Seed 13 | Episode 711 | Reward -127.00 | Epsilon 0.0652
Seed 13 | Episode 712 | Reward 19.00 | Epsilon 0.0650
Seed 13 | Episode 713 | Reward 60.00 | Epsilon 0.0649
Seed 13 | Episode 714 | Reward 42.00 | Epsilon 0.0648
Seed 13 | Episode 715 | Reward 40.00 | Epsilon 0.0647
Seed 13 | Episode 716 | Reward 55.00 | Epsilon 0.0646
Seed 13 | Episode 717 | Reward -37.00 | Epsilon 0.0643
Seed 13 | Episode 718 | Reward 58.00 | Epsilon 0.0643
Seed 13 | Episode 719 | Reward 32.00 | Epsilon 0.0641
Seed 13 | Episode 720 | Reward -26.00 | Epsilon 0.0639
Seed 13 | Episode 721 | Reward 39.00 | Epsilon 0.0638
Seed 13 | Episode 722 | Reward 59.00 | Epsilon 0.0637
Seed 13 | Episode 723 | Reward 42.00 | Epsilon 0.0636
Seed 13 | Episode 724 | Reward 46.00 | Epsilon 0.0635
Seed 13 | Episode 725 | Reward 56.00 | Epsilon 0.0634
Seed 13 | Episode 726 | Reward 47.00 | Epsilon 0.0633
Seed 13 | Episode 727 | Reward 51.00 | Epsilon 0.0632
Seed 13 | Episode 728 | Reward 50.00 | Epsilon 0.0631
Seed 13 | Episode 729 | Reward 55.00 | Epsilon 0.0630
Seed 13 | Episode 730 | Reward 50.00 | Epsilon 0.0629
Seed 13 | Episode 731 | Reward 44.00 | Epsilon 0.0628
Seed 13 | Episode 732 | Reward 51.00 | Epsilon 0.0627
Seed 13 | Episode 733 | Reward 44.00 | Epsilon 0.0626
Seed 13 | Episode 734 | Reward 55.00 | Epsilon 0.0625
Seed 13 | Episode 735 | Reward 47.00 | Epsilon 0.0624
Seed 13 | Episode 736 | Reward 48.00 | Epsilon 0.0623
Seed 13 | Episode 737 | Reward 38.00 | Epsilon 0.0622
Seed 13 | Episode 738 | Reward 57.00 | Epsilon 0.0621
Seed 13 | Episode 739 | Reward 58.00 | Epsilon 0.0620
Seed 13 | Episode 740 | Reward 51.00 | Epsilon 0.0619
Seed 13 | Episode 741 | Reward 31.00 | Epsilon 0.0618
Seed 13 | Episode 742 | Reward 57.00 | Epsilon 0.0617
Seed 13 | Episode 743 | Reward 48.00 | Epsilon 0.0616
Seed 13 | Episode 744 | Reward 51.00 | Epsilon 0.0615
Seed 13 | Episode 745 | Reward 48.00 | Epsilon 0.0614
Seed 13 | Episode 746 | Reward -11.00 | Epsilon 0.0612
Seed 13 | Episode 747 | Reward 58.00 | Epsilon 0.0612
Seed 13 | Episode 748 | Reward 57.00 | Epsilon 0.0611
Seed 13 | Episode 749 | Reward 50.00 | Epsilon 0.0610
Seed 13 | Episode 750 | Reward 51.00 | Epsilon 0.0609
Seed 13 | Episode 751 | Reward 49.00 | Epsilon 0.0608
Seed 13 | Episode 752 | Reward 50.00 | Epsilon 0.0607
Seed 13 | Episode 753 | Reward 44.00 | Epsilon 0.0606
Seed 13 | Episode 754 | Reward 47.00 | Epsilon 0.0605
Seed 13 | Episode 755 | Reward 55.00 | Epsilon 0.0604
Seed 13 | Episode 756 | Reward 39.00 | Epsilon 0.0603
Seed 13 | Episode 757 | Reward 58.00 | Epsilon 0.0602
Seed 13 | Episode 758 | Reward 42.00 | Epsilon 0.0601
Seed 13 | Episode 759 | Reward 49.00 | Epsilon 0.0600
Seed 13 | Episode 760 | Reward 20.00 | Epsilon 0.0599
Seed 13 | Episode 761 | Reward 47.00 | Epsilon 0.0598
Seed 13 | Episode 762 | Reward 54.00 | Epsilon 0.0597
Seed 13 | Episode 763 | Reward 53.00 | Epsilon 0.0596
Seed 13 | Episode 764 | Reward 44.00 | Epsilon 0.0595
Seed 13 | Episode 765 | Reward 42.00 | Epsilon 0.0594
Seed 13 | Episode 766 | Reward 53.00 | Epsilon 0.0593
Seed 13 | Episode 767 | Reward 44.00 | Epsilon 0.0592
Seed 13 | Episode 768 | Reward 42.00 | Epsilon 0.0591
Seed 13 | Episode 769 | Reward 56.00 | Epsilon 0.0590
Seed 13 | Episode 770 | Reward -62.00 | Epsilon 0.0587
Seed 13 | Episode 771 | Reward -8.00 | Epsilon 0.0586
Seed 13 | Episode 772 | Reward -34.00 | Epsilon 0.0583
Seed 13 | Episode 773 | Reward 46.00 | Epsilon 0.0582
Seed 13 | Episode 774 | Reward 47.00 | Epsilon 0.0581
Seed 13 | Episode 775 | Reward 42.00 | Epsilon 0.0580
Seed 13 | Episode 776 | Reward 62.00 | Epsilon 0.0580
Seed 13 | Episode 777 | Reward 46.00 | Epsilon 0.0579
Seed 13 | Episode 778 | Reward 46.00 | Epsilon 0.0578
Seed 13 | Episode 779 | Reward 51.00 | Epsilon 0.0577
Seed 13 | Episode 780 | Reward 31.00 | Epsilon 0.0576
Seed 13 | Episode 781 | Reward 60.00 | Epsilon 0.0575
Seed 13 | Episode 782 | Reward 53.00 | Epsilon 0.0574
Seed 13 | Episode 783 | Reward 55.00 | Epsilon 0.0573
Seed 13 | Episode 784 | Reward -66.00 | Epsilon 0.0570
Seed 13 | Episode 785 | Reward 49.00 | Epsilon 0.0569
Seed 13 | Episode 786 | Reward 47.00 | Epsilon 0.0569
Seed 13 | Episode 787 | Reward -64.00 | Epsilon 0.0566
Seed 13 | Episode 788 | Reward 52.00 | Epsilon 0.0565
Seed 13 | Episode 789 | Reward 62.00 | Epsilon 0.0564
Seed 13 | Episode 790 | Reward 55.00 | Epsilon 0.0563
Seed 13 | Episode 791 | Reward -131.00 | Epsilon 0.0560
Seed 13 | Episode 792 | Reward 52.00 | Epsilon 0.0559
Seed 13 | Episode 793 | Reward -40.00 | Epsilon 0.0556
Seed 13 | Episode 794 | Reward 62.00 | Epsilon 0.0556
Seed 13 | Episode 795 | Reward 47.00 | Epsilon 0.0555
Seed 13 | Episode 796 | Reward 49.00 | Epsilon 0.0554
Seed 13 | Episode 797 | Reward 62.00 | Epsilon 0.0553
Seed 13 | Episode 798 | Reward 56.00 | Epsilon 0.0553
Seed 13 | Episode 799 | Reward 41.00 | Epsilon 0.0552
Seed 13 | Episode 800 | Reward 9.00 | Epsilon 0.0550
Seed 13 | Episode 801 | Reward -5.00 | Epsilon 0.0548
Seed 13 | Episode 802 | Reward 43.00 | Epsilon 0.0547
Seed 13 | Episode 803 | Reward 60.00 | Epsilon 0.0547
Seed 13 | Episode 804 | Reward 45.00 | Epsilon 0.0546
Seed 13 | Episode 805 | Reward -18.00 | Epsilon 0.0544
Seed 13 | Episode 806 | Reward 64.00 | Epsilon 0.0543
Seed 13 | Episode 807 | Reward 57.00 | Epsilon 0.0542
Seed 13 | Episode 808 | Reward 56.00 | Epsilon 0.0542
Seed 13 | Episode 809 | Reward 51.00 | Epsilon 0.0541
Seed 13 | Episode 810 | Reward 51.00 | Epsilon 0.0540
Seed 13 | Episode 811 | Reward -7.00 | Epsilon 0.0538
Seed 13 | Episode 812 | Reward 55.00 | Epsilon 0.0538
Seed 13 | Episode 813 | Reward 48.00 | Epsilon 0.0537
Seed 13 | Episode 814 | Reward 16.00 | Epsilon 0.0535
Seed 13 | Episode 815 | Reward 36.00 | Epsilon 0.0534
Seed 13 | Episode 816 | Reward 54.00 | Epsilon 0.0534
Seed 13 | Episode 817 | Reward 20.00 | Epsilon 0.0532
Seed 13 | Episode 818 | Reward 58.00 | Epsilon 0.0532
Seed 13 | Episode 819 | Reward 65.00 | Epsilon 0.0531
Seed 13 | Episode 820 | Reward -88.00 | Epsilon 0.0528
Seed 13 | Episode 821 | Reward 20.00 | Epsilon 0.0527
Seed 13 | Episode 822 | Reward 55.00 | Epsilon 0.0526
Seed 13 | Episode 823 | Reward 61.00 | Epsilon 0.0525
Seed 13 | Episode 824 | Reward 60.00 | Epsilon 0.0525
Seed 13 | Episode 825 | Reward 44.00 | Epsilon 0.0524
Seed 13 | Episode 826 | Reward 40.00 | Epsilon 0.0523
Seed 13 | Episode 827 | Reward 61.00 | Epsilon 0.0522
Seed 13 | Episode 828 | Reward 13.00 | Epsilon 0.0521
Seed 13 | Episode 829 | Reward 55.00 | Epsilon 0.0520
Seed 13 | Episode 830 | Reward 46.00 | Epsilon 0.0519
Seed 13 | Episode 831 | Reward -8.00 | Epsilon 0.0518
Seed 13 | Episode 832 | Reward 47.00 | Epsilon 0.0517
Seed 13 | Episode 833 | Reward 63.00 | Epsilon 0.0516
Seed 13 | Episode 834 | Reward 63.00 | Epsilon 0.0516
Seed 13 | Episode 835 | Reward 42.00 | Epsilon 0.0515
Seed 13 | Episode 836 | Reward -27.00 | Epsilon 0.0513
Seed 13 | Episode 837 | Reward 55.00 | Epsilon 0.0512
Seed 13 | Episode 838 | Reward -21.00 | Epsilon 0.0510
Seed 13 | Episode 839 | Reward 34.00 | Epsilon 0.0509
Seed 13 | Episode 840 | Reward 41.00 | Epsilon 0.0508
Seed 13 | Episode 841 | Reward -146.00 | Epsilon 0.0504
Seed 13 | Episode 842 | Reward 48.00 | Epsilon 0.0504
Seed 13 | Episode 843 | Reward 52.00 | Epsilon 0.0503
Seed 13 | Episode 844 | Reward 43.00 | Epsilon 0.0502
Seed 13 | Episode 845 | Reward 43.00 | Epsilon 0.0501
Seed 13 | Episode 846 | Reward 61.00 | Epsilon 0.0501
Seed 13 | Episode 847 | Reward 46.00 | Epsilon 0.0500
Seed 13 | Episode 848 | Reward 59.00 | Epsilon 0.0499
Seed 13 | Episode 849 | Reward 40.00 | Epsilon 0.0498
Seed 13 | Episode 850 | Reward 55.00 | Epsilon 0.0498
Seed 13 | Episode 851 | Reward 51.00 | Epsilon 0.0497
Seed 13 | Episode 852 | Reward 4.00 | Epsilon 0.0495
Seed 13 | Episode 853 | Reward 44.00 | Epsilon 0.0495
Seed 13 | Episode 854 | Reward -123.00 | Epsilon 0.0491
Seed 13 | Episode 855 | Reward 37.00 | Epsilon 0.0490
Seed 13 | Episode 856 | Reward 54.00 | Epsilon 0.0490
Seed 13 | Episode 857 | Reward -37.00 | Epsilon 0.0488
Seed 13 | Episode 858 | Reward 63.00 | Epsilon 0.0487
Seed 13 | Episode 859 | Reward 49.00 | Epsilon 0.0486
Seed 13 | Episode 860 | Reward -28.00 | Epsilon 0.0484
Seed 13 | Episode 861 | Reward 44.00 | Epsilon 0.0484
Seed 13 | Episode 862 | Reward 64.00 | Epsilon 0.0483
Seed 13 | Episode 863 | Reward 59.00 | Epsilon 0.0482
Seed 13 | Episode 864 | Reward 56.00 | Epsilon 0.0482
Seed 13 | Episode 865 | Reward 53.00 | Epsilon 0.0481
Seed 13 | Episode 866 | Reward -64.00 | Epsilon 0.0479
Seed 13 | Episode 867 | Reward 54.00 | Epsilon 0.0478
Seed 13 | Episode 868 | Reward 52.00 | Epsilon 0.0477
Seed 13 | Episode 869 | Reward -100.00 | Epsilon 0.0474
Seed 13 | Episode 870 | Reward 59.00 | Epsilon 0.0474
Seed 13 | Episode 871 | Reward 33.00 | Epsilon 0.0473
Seed 13 | Episode 872 | Reward 55.00 | Epsilon 0.0472
Seed 13 | Episode 873 | Reward 64.00 | Epsilon 0.0472
Seed 13 | Episode 874 | Reward 58.00 | Epsilon 0.0471
Seed 13 | Episode 875 | Reward 13.00 | Epsilon 0.0470
Seed 13 | Episode 876 | Reward 55.00 | Epsilon 0.0469
Seed 13 | Episode 877 | Reward -80.00 | Epsilon 0.0467
Seed 13 | Episode 878 | Reward 63.00 | Epsilon 0.0466
Seed 13 | Episode 879 | Reward 56.00 | Epsilon 0.0465
Seed 13 | Episode 880 | Reward -300.00 | Epsilon 0.0461
Seed 13 | Episode 881 | Reward 59.00 | Epsilon 0.0461
Seed 13 | Episode 882 | Reward 63.00 | Epsilon 0.0460
Seed 13 | Episode 883 | Reward -75.00 | Epsilon 0.0458
Seed 13 | Episode 884 | Reward 56.00 | Epsilon 0.0457
Seed 13 | Episode 885 | Reward -10.00 | Epsilon 0.0456
Seed 13 | Episode 886 | Reward 44.00 | Epsilon 0.0455
Seed 13 | Episode 887 | Reward 60.00 | Epsilon 0.0454
Seed 13 | Episode 888 | Reward 65.00 | Epsilon 0.0454
Seed 13 | Episode 889 | Reward 45.00 | Epsilon 0.0453
Seed 13 | Episode 890 | Reward -300.00 | Epsilon 0.0449
Seed 13 | Episode 891 | Reward -114.00 | Epsilon 0.0446
Seed 13 | Episode 892 | Reward -54.00 | Epsilon 0.0444
Seed 13 | Episode 893 | Reward 16.00 | Epsilon 0.0443
Seed 13 | Episode 894 | Reward -32.00 | Epsilon 0.0441
Seed 13 | Episode 895 | Reward 49.00 | Epsilon 0.0440
Seed 13 | Episode 896 | Reward -31.00 | Epsilon 0.0439
Seed 13 | Episode 897 | Reward -93.00 | Epsilon 0.0436
Seed 13 | Episode 898 | Reward -34.00 | Epsilon 0.0434
Seed 13 | Episode 899 | Reward -158.00 | Epsilon 0.0431
Seed 13 | Episode 900 | Reward -37.00 | Epsilon 0.0429
Seed 13 | Episode 901 | Reward 45.00 | Epsilon 0.0429
Seed 13 | Episode 902 | Reward -85.00 | Epsilon 0.0426
Seed 13 | Episode 903 | Reward -66.00 | Epsilon 0.0424
Seed 13 | Episode 904 | Reward -27.00 | Epsilon 0.0422
Seed 13 | Episode 905 | Reward -4.00 | Epsilon 0.0421
Seed 13 | Episode 906 | Reward 52.00 | Epsilon 0.0420
Seed 13 | Episode 907 | Reward -300.00 | Epsilon 0.0417
Seed 13 | Episode 908 | Reward 65.00 | Epsilon 0.0416
Seed 13 | Episode 909 | Reward -78.00 | Epsilon 0.0414
Seed 13 | Episode 910 | Reward 47.00 | Epsilon 0.0413
Seed 13 | Episode 911 | Reward -300.00 | Epsilon 0.0410
Seed 13 | Episode 912 | Reward 52.00 | Epsilon 0.0409
Seed 13 | Episode 913 | Reward 60.00 | Epsilon 0.0409
Seed 13 | Episode 914 | Reward 45.00 | Epsilon 0.0408
Seed 13 | Episode 915 | Reward 57.00 | Epsilon 0.0407
Seed 13 | Episode 916 | Reward 53.00 | Epsilon 0.0407
Seed 13 | Episode 917 | Reward 62.00 | Epsilon 0.0406
Seed 13 | Episode 918 | Reward 52.00 | Epsilon 0.0406
Seed 13 | Episode 919 | Reward 21.00 | Epsilon 0.0405
Seed 13 | Episode 920 | Reward -21.00 | Epsilon 0.0403
Seed 13 | Episode 921 | Reward 30.00 | Epsilon 0.0402
Seed 13 | Episode 922 | Reward 54.00 | Epsilon 0.0402
Seed 13 | Episode 923 | Reward 62.00 | Epsilon 0.0401
Seed 13 | Episode 924 | Reward 55.00 | Epsilon 0.0401
Seed 13 | Episode 925 | Reward 57.00 | Epsilon 0.0400
Seed 13 | Episode 926 | Reward -7.00 | Epsilon 0.0399
Seed 13 | Episode 927 | Reward -65.00 | Epsilon 0.0397
Seed 13 | Episode 928 | Reward 47.00 | Epsilon 0.0396
Seed 13 | Episode 929 | Reward 49.00 | Epsilon 0.0396
Seed 13 | Episode 930 | Reward -24.00 | Epsilon 0.0394
Seed 13 | Episode 931 | Reward 49.00 | Epsilon 0.0394
Seed 13 | Episode 932 | Reward 51.00 | Epsilon 0.0393
Seed 13 | Episode 933 | Reward -300.00 | Epsilon 0.0389
Seed 13 | Episode 934 | Reward 58.00 | Epsilon 0.0389
Seed 13 | Episode 935 | Reward -2.00 | Epsilon 0.0388
Seed 13 | Episode 936 | Reward 52.00 | Epsilon 0.0387
Seed 13 | Episode 937 | Reward 54.00 | Epsilon 0.0387
Seed 13 | Episode 938 | Reward 31.00 | Epsilon 0.0386
Seed 13 | Episode 939 | Reward 57.00 | Epsilon 0.0385
Seed 13 | Episode 940 | Reward 63.00 | Epsilon 0.0385
Seed 13 | Episode 941 | Reward 8.00 | Epsilon 0.0384
Seed 13 | Episode 942 | Reward 7.00 | Epsilon 0.0383
Seed 13 | Episode 943 | Reward -300.00 | Epsilon 0.0379
Seed 13 | Episode 944 | Reward -101.00 | Epsilon 0.0377
Seed 13 | Episode 945 | Reward 51.00 | Epsilon 0.0376
Seed 13 | Episode 946 | Reward 51.00 | Epsilon 0.0376
Seed 13 | Episode 947 | Reward 39.00 | Epsilon 0.0375
Seed 13 | Episode 948 | Reward 58.00 | Epsilon 0.0375
Seed 13 | Episode 949 | Reward 58.00 | Epsilon 0.0374
Seed 13 | Episode 950 | Reward 46.00 | Epsilon 0.0374
Seed 13 | Episode 951 | Reward 58.00 | Epsilon 0.0373
Seed 13 | Episode 952 | Reward 57.00 | Epsilon 0.0373
Seed 13 | Episode 953 | Reward 43.00 | Epsilon 0.0372
Seed 13 | Episode 954 | Reward 18.00 | Epsilon 0.0371
Seed 13 | Episode 955 | Reward -8.00 | Epsilon 0.0370
Seed 13 | Episode 956 | Reward 41.00 | Epsilon 0.0369
Seed 13 | Episode 957 | Reward -67.00 | Epsilon 0.0367
Seed 13 | Episode 958 | Reward 25.00 | Epsilon 0.0366
Seed 13 | Episode 959 | Reward -150.00 | Epsilon 0.0364
Seed 13 | Episode 960 | Reward -105.00 | Epsilon 0.0362
Seed 13 | Episode 961 | Reward 11.00 | Epsilon 0.0361
Seed 13 | Episode 962 | Reward 54.00 | Epsilon 0.0360
Seed 13 | Episode 963 | Reward 52.00 | Epsilon 0.0359
Seed 13 | Episode 964 | Reward 59.00 | Epsilon 0.0359
Seed 13 | Episode 965 | Reward 57.00 | Epsilon 0.0359
Seed 13 | Episode 966 | Reward 45.00 | Epsilon 0.0358
Seed 13 | Episode 967 | Reward 41.00 | Epsilon 0.0357
Seed 13 | Episode 968 | Reward 41.00 | Epsilon 0.0357
Seed 13 | Episode 969 | Reward 65.00 | Epsilon 0.0356
Seed 13 | Episode 970 | Reward 56.00 | Epsilon 0.0356
Seed 13 | Episode 971 | Reward -36.00 | Epsilon 0.0354
Seed 13 | Episode 972 | Reward 42.00 | Epsilon 0.0354
Seed 13 | Episode 973 | Reward -19.00 | Epsilon 0.0352
Seed 13 | Episode 974 | Reward 54.00 | Epsilon 0.0352
Seed 13 | Episode 975 | Reward 60.00 | Epsilon 0.0352
Seed 13 | Episode 976 | Reward 48.00 | Epsilon 0.0351
Seed 13 | Episode 977 | Reward 44.00 | Epsilon 0.0350
Seed 13 | Episode 978 | Reward 62.00 | Epsilon 0.0350
Seed 13 | Episode 979 | Reward -8.00 | Epsilon 0.0349
Seed 13 | Episode 980 | Reward 49.00 | Epsilon 0.0348
Seed 13 | Episode 981 | Reward 50.00 | Epsilon 0.0348
Seed 13 | Episode 982 | Reward -24.00 | Epsilon 0.0346
Seed 13 | Episode 983 | Reward -78.00 | Epsilon 0.0345
Seed 13 | Episode 984 | Reward 5.00 | Epsilon 0.0344
Seed 13 | Episode 985 | Reward 58.00 | Epsilon 0.0343
Seed 13 | Episode 986 | Reward 52.00 | Epsilon 0.0343
Seed 13 | Episode 987 | Reward 53.00 | Epsilon 0.0342
Seed 13 | Episode 988 | Reward 56.00 | Epsilon 0.0342
Seed 13 | Episode 989 | Reward 13.00 | Epsilon 0.0341
Seed 13 | Episode 990 | Reward 63.00 | Epsilon 0.0340
Seed 13 | Episode 991 | Reward 58.00 | Epsilon 0.0340
Seed 13 | Episode 992 | Reward 65.00 | Epsilon 0.0340
Seed 13 | Episode 993 | Reward 52.00 | Epsilon 0.0339
Seed 13 | Episode 994 | Reward 60.00 | Epsilon 0.0339
Seed 13 | Episode 995 | Reward 59.00 | Epsilon 0.0338
Seed 13 | Episode 996 | Reward 64.00 | Epsilon 0.0338
Seed 13 | Episode 997 | Reward -16.00 | Epsilon 0.0337
Seed 13 | Episode 998 | Reward -84.00 | Epsilon 0.0335
Seed 13 | Episode 999 | Reward -61.00 | Epsilon 0.0333
Finished seed 13
