starting job
Sun Dec  7 19:54:41 2025       
+-----------------------------------------------------------------------------------------+
| NVIDIA-SMI 580.65.06              Driver Version: 580.65.06      CUDA Version: 13.0     |
+-----------------------------------------+------------------------+----------------------+
| GPU  Name                 Persistence-M | Bus-Id          Disp.A | Volatile Uncorr. ECC |
| Fan  Temp   Perf          Pwr:Usage/Cap |           Memory-Usage | GPU-Util  Compute M. |
|                                         |                        |               MIG M. |
|=========================================+========================+======================|
|   0  NVIDIA H100 80GB HBM3          On  |   00000000:46:00.0 Off |                   On |
| N/A   42C    P0            423W /  700W |   36064MiB /  81559MiB |     N/A      Default |
|                                         |                        |              Enabled |
+-----------------------------------------+------------------------+----------------------+

+-----------------------------------------------------------------------------------------+
| MIG devices:                                                                            |
+------------------+----------------------------------+-----------+-----------------------+
| GPU  GI  CI  MIG |              Shared Memory-Usage |        Vol|        Shared         |
|      ID  ID  Dev |                Shared BAR1-Usage | SM     Unc| CE ENC  DEC  OFA  JPG |
|                  |                                  |        ECC|                       |
|==================+==================================+===========+=======================|
|  0   10   0   0  |              15MiB /  9984MiB    | 16      0 |  1   0    1    0    1 |
|                  |               0MiB /  6185MiB    |           |                       |
+------------------+----------------------------------+-----------+-----------------------+

+-----------------------------------------------------------------------------------------+
| Processes:                                                                              |
|  GPU   GI   CI              PID   Type   Process name                        GPU Memory |
|        ID   ID                                                               Usage      |
|=========================================================================================|
|  No running processes found                                                             |
+-----------------------------------------------------------------------------------------+
Running seed 4
Gym has been unmaintained since 2022 and does not support NumPy 2.0 amongst other critical functionality.
Please upgrade to Gymnasium, the maintained drop-in replacement of Gym, or contact the authors of your software and request that they upgrade.
Users of this version of Gym should be able to simply replace 'import gym' with 'import gymnasium as gym' in the vast majority of cases.
See the migration guide at https://gymnasium.farama.org/introduction/migration_guide/ for additional information.
Seed 4 | Episode 0 | Reward -300.00 | Epsilon 0.9987
Seed 4 | Episode 1 | Reward -300.00 | Epsilon 0.9897
Seed 4 | Episode 2 | Reward -300.00 | Epsilon 0.9808
Seed 4 | Episode 3 | Reward -300.00 | Epsilon 0.9720
Seed 4 | Episode 4 | Reward -300.00 | Epsilon 0.9633
Seed 4 | Episode 5 | Reward -300.00 | Epsilon 0.9547
Seed 4 | Episode 6 | Reward -300.00 | Epsilon 0.9462
Seed 4 | Episode 7 | Reward -300.00 | Epsilon 0.9377
Seed 4 | Episode 8 | Reward -300.00 | Epsilon 0.9293
Seed 4 | Episode 9 | Reward -300.00 | Epsilon 0.9209
Seed 4 | Episode 10 | Reward -300.00 | Epsilon 0.9127
Seed 4 | Episode 11 | Reward -300.00 | Epsilon 0.9045
Seed 4 | Episode 12 | Reward -300.00 | Epsilon 0.8964
Seed 4 | Episode 13 | Reward -300.00 | Epsilon 0.8884
Seed 4 | Episode 14 | Reward -300.00 | Epsilon 0.8804
Seed 4 | Episode 15 | Reward -300.00 | Epsilon 0.8725
Seed 4 | Episode 16 | Reward -300.00 | Epsilon 0.8647
Seed 4 | Episode 17 | Reward -300.00 | Epsilon 0.8570
Seed 4 | Episode 18 | Reward -300.00 | Epsilon 0.8493
Seed 4 | Episode 19 | Reward -300.00 | Epsilon 0.8417
Seed 4 | Episode 20 | Reward -300.00 | Epsilon 0.8341
Seed 4 | Episode 21 | Reward -300.00 | Epsilon 0.8267
Seed 4 | Episode 22 | Reward -300.00 | Epsilon 0.8193
Seed 4 | Episode 23 | Reward -300.00 | Epsilon 0.8119
Seed 4 | Episode 24 | Reward -300.00 | Epsilon 0.8046
Seed 4 | Episode 25 | Reward -300.00 | Epsilon 0.7974
Seed 4 | Episode 26 | Reward -300.00 | Epsilon 0.7903
Seed 4 | Episode 27 | Reward -300.00 | Epsilon 0.7832
Seed 4 | Episode 28 | Reward -300.00 | Epsilon 0.7762
Seed 4 | Episode 29 | Reward -300.00 | Epsilon 0.7692
Seed 4 | Episode 30 | Reward -300.00 | Epsilon 0.7623
Seed 4 | Episode 31 | Reward -300.00 | Epsilon 0.7555
Seed 4 | Episode 32 | Reward -300.00 | Epsilon 0.7487
Seed 4 | Episode 33 | Reward -300.00 | Epsilon 0.7420
Seed 4 | Episode 34 | Reward -300.00 | Epsilon 0.7354
Seed 4 | Episode 35 | Reward -300.00 | Epsilon 0.7288
Seed 4 | Episode 36 | Reward -300.00 | Epsilon 0.7223
Seed 4 | Episode 37 | Reward -300.00 | Epsilon 0.7158
Seed 4 | Episode 38 | Reward -300.00 | Epsilon 0.7094
Seed 4 | Episode 39 | Reward -300.00 | Epsilon 0.7030
Seed 4 | Episode 40 | Reward -300.00 | Epsilon 0.6967
Seed 4 | Episode 41 | Reward -300.00 | Epsilon 0.6905
Seed 4 | Episode 42 | Reward -300.00 | Epsilon 0.6843
Seed 4 | Episode 43 | Reward -300.00 | Epsilon 0.6782
Seed 4 | Episode 44 | Reward -300.00 | Epsilon 0.6721
Seed 4 | Episode 45 | Reward 40.00 | Epsilon 0.6709
Seed 4 | Episode 46 | Reward -300.00 | Epsilon 0.6649
Seed 4 | Episode 47 | Reward -300.00 | Epsilon 0.6589
Seed 4 | Episode 48 | Reward -300.00 | Epsilon 0.6530
Seed 4 | Episode 49 | Reward -300.00 | Epsilon 0.6471
Seed 4 | Episode 50 | Reward -300.00 | Epsilon 0.6413
Seed 4 | Episode 51 | Reward -300.00 | Epsilon 0.6356
Seed 4 | Episode 52 | Reward -300.00 | Epsilon 0.6299
Seed 4 | Episode 53 | Reward -300.00 | Epsilon 0.6243
Seed 4 | Episode 54 | Reward -300.00 | Epsilon 0.6187
Seed 4 | Episode 55 | Reward -300.00 | Epsilon 0.6131
Seed 4 | Episode 56 | Reward -300.00 | Epsilon 0.6076
Seed 4 | Episode 57 | Reward -300.00 | Epsilon 0.6022
Seed 4 | Episode 58 | Reward -300.00 | Epsilon 0.5968
Seed 4 | Episode 59 | Reward -300.00 | Epsilon 0.5914
Seed 4 | Episode 60 | Reward -300.00 | Epsilon 0.5861
Seed 4 | Episode 61 | Reward -300.00 | Epsilon 0.5809
Seed 4 | Episode 62 | Reward -300.00 | Epsilon 0.5757
Seed 4 | Episode 63 | Reward -300.00 | Epsilon 0.5705
Seed 4 | Episode 64 | Reward -300.00 | Epsilon 0.5654
Seed 4 | Episode 65 | Reward -300.00 | Epsilon 0.5604
Seed 4 | Episode 66 | Reward -300.00 | Epsilon 0.5553
Seed 4 | Episode 67 | Reward -300.00 | Epsilon 0.5504
Seed 4 | Episode 68 | Reward -300.00 | Epsilon 0.5454
Seed 4 | Episode 69 | Reward -300.00 | Epsilon 0.5405
Seed 4 | Episode 70 | Reward -300.00 | Epsilon 0.5357
Seed 4 | Episode 71 | Reward -300.00 | Epsilon 0.5309
Seed 4 | Episode 72 | Reward -300.00 | Epsilon 0.5261
Seed 4 | Episode 73 | Reward -300.00 | Epsilon 0.5214
Seed 4 | Episode 74 | Reward -300.00 | Epsilon 0.5168
Seed 4 | Episode 75 | Reward -300.00 | Epsilon 0.5121
Seed 4 | Episode 76 | Reward -300.00 | Epsilon 0.5075
Seed 4 | Episode 77 | Reward -300.00 | Epsilon 0.5030
Seed 4 | Episode 78 | Reward -300.00 | Epsilon 0.4985
Seed 4 | Episode 79 | Reward -300.00 | Epsilon 0.4940
Seed 4 | Episode 80 | Reward -300.00 | Epsilon 0.4896
Seed 4 | Episode 81 | Reward -300.00 | Epsilon 0.4852
Seed 4 | Episode 82 | Reward -300.00 | Epsilon 0.4809
Seed 4 | Episode 83 | Reward -300.00 | Epsilon 0.4765
Seed 4 | Episode 84 | Reward -300.00 | Epsilon 0.4723
Seed 4 | Episode 85 | Reward -300.00 | Epsilon 0.4680
Seed 4 | Episode 86 | Reward -300.00 | Epsilon 0.4639
Seed 4 | Episode 87 | Reward -300.00 | Epsilon 0.4597
Seed 4 | Episode 88 | Reward -300.00 | Epsilon 0.4556
Seed 4 | Episode 89 | Reward -300.00 | Epsilon 0.4515
Seed 4 | Episode 90 | Reward -300.00 | Epsilon 0.4474
Seed 4 | Episode 91 | Reward -300.00 | Epsilon 0.4434
Seed 4 | Episode 92 | Reward -300.00 | Epsilon 0.4395
Seed 4 | Episode 93 | Reward 54.00 | Epsilon 0.4388
Seed 4 | Episode 94 | Reward -300.00 | Epsilon 0.4349
Seed 4 | Episode 95 | Reward -300.00 | Epsilon 0.4310
Seed 4 | Episode 96 | Reward -300.00 | Epsilon 0.4272
Seed 4 | Episode 97 | Reward -300.00 | Epsilon 0.4233
Seed 4 | Episode 98 | Reward -300.00 | Epsilon 0.4195
Seed 4 | Episode 99 | Reward -300.00 | Epsilon 0.4158
Seed 4 | Episode 100 | Reward -300.00 | Epsilon 0.4121
Seed 4 | Episode 101 | Reward -300.00 | Epsilon 0.4084
Seed 4 | Episode 102 | Reward -300.00 | Epsilon 0.4047
Seed 4 | Episode 103 | Reward -300.00 | Epsilon 0.4011
Seed 4 | Episode 104 | Reward -300.00 | Epsilon 0.3975
Seed 4 | Episode 105 | Reward -66.00 | Epsilon 0.3955
Seed 4 | Episode 106 | Reward 41.00 | Epsilon 0.3948
Seed 4 | Episode 107 | Reward -300.00 | Epsilon 0.3912
Seed 4 | Episode 108 | Reward -300.00 | Epsilon 0.3877
Seed 4 | Episode 109 | Reward -300.00 | Epsilon 0.3843
Seed 4 | Episode 110 | Reward -300.00 | Epsilon 0.3808
Seed 4 | Episode 111 | Reward -300.00 | Epsilon 0.3774
Seed 4 | Episode 112 | Reward -300.00 | Epsilon 0.3740
Seed 4 | Episode 113 | Reward -300.00 | Epsilon 0.3707
Seed 4 | Episode 114 | Reward -300.00 | Epsilon 0.3674
Seed 4 | Episode 115 | Reward -99.00 | Epsilon 0.3652
Seed 4 | Episode 116 | Reward -300.00 | Epsilon 0.3619
Seed 4 | Episode 117 | Reward -300.00 | Epsilon 0.3586
Seed 4 | Episode 118 | Reward -300.00 | Epsilon 0.3554
Seed 4 | Episode 119 | Reward -300.00 | Epsilon 0.3522
Seed 4 | Episode 120 | Reward -300.00 | Epsilon 0.3491
Seed 4 | Episode 121 | Reward -300.00 | Epsilon 0.3460
Seed 4 | Episode 122 | Reward -300.00 | Epsilon 0.3429
Seed 4 | Episode 123 | Reward -56.00 | Epsilon 0.3413
Seed 4 | Episode 124 | Reward -300.00 | Epsilon 0.3382
Seed 4 | Episode 125 | Reward 46.00 | Epsilon 0.3376
Seed 4 | Episode 126 | Reward -300.00 | Epsilon 0.3346
Seed 4 | Episode 127 | Reward 52.00 | Epsilon 0.3341
Seed 4 | Episode 128 | Reward 37.00 | Epsilon 0.3335
Seed 4 | Episode 129 | Reward 55.00 | Epsilon 0.3330
Seed 4 | Episode 130 | Reward -300.00 | Epsilon 0.3300
Seed 4 | Episode 131 | Reward -300.00 | Epsilon 0.3271
Seed 4 | Episode 132 | Reward -300.00 | Epsilon 0.3242
Seed 4 | Episode 133 | Reward -300.00 | Epsilon 0.3212
Seed 4 | Episode 134 | Reward -300.00 | Epsilon 0.3184
Seed 4 | Episode 135 | Reward -5.00 | Epsilon 0.3174
Seed 4 | Episode 136 | Reward 39.00 | Epsilon 0.3168
Seed 4 | Episode 137 | Reward -111.00 | Epsilon 0.3148
Seed 4 | Episode 138 | Reward -300.00 | Epsilon 0.3119
Seed 4 | Episode 139 | Reward -300.00 | Epsilon 0.3091
Seed 4 | Episode 140 | Reward -300.00 | Epsilon 0.3064
Seed 4 | Episode 141 | Reward 38.00 | Epsilon 0.3058
Seed 4 | Episode 142 | Reward -300.00 | Epsilon 0.3031
Seed 4 | Episode 143 | Reward -300.00 | Epsilon 0.3003
Seed 4 | Episode 144 | Reward 46.00 | Epsilon 0.2998
Seed 4 | Episode 145 | Reward -300.00 | Epsilon 0.2972
Seed 4 | Episode 146 | Reward 3.00 | Epsilon 0.2963
Seed 4 | Episode 147 | Reward 47.00 | Epsilon 0.2958
Seed 4 | Episode 148 | Reward -300.00 | Epsilon 0.2932
Seed 4 | Episode 149 | Reward -300.00 | Epsilon 0.2905
Seed 4 | Episode 150 | Reward -300.00 | Epsilon 0.2879
Seed 4 | Episode 151 | Reward -46.00 | Epsilon 0.2867
Seed 4 | Episode 152 | Reward -300.00 | Epsilon 0.2841
Seed 4 | Episode 153 | Reward -107.00 | Epsilon 0.2823
Seed 4 | Episode 154 | Reward 52.00 | Epsilon 0.2819
Seed 4 | Episode 155 | Reward -68.00 | Epsilon 0.2805
Seed 4 | Episode 156 | Reward 31.00 | Epsilon 0.2799
Seed 4 | Episode 157 | Reward -300.00 | Epsilon 0.2774
Seed 4 | Episode 158 | Reward -27.00 | Epsilon 0.2763
Seed 4 | Episode 159 | Reward -130.00 | Epsilon 0.2744
Seed 4 | Episode 160 | Reward -300.00 | Epsilon 0.2720
Seed 4 | Episode 161 | Reward 39.00 | Epsilon 0.2715
Seed 4 | Episode 162 | Reward 43.00 | Epsilon 0.2710
Seed 4 | Episode 163 | Reward -8.00 | Epsilon 0.2701
Seed 4 | Episode 164 | Reward 43.00 | Epsilon 0.2696
Seed 4 | Episode 165 | Reward 58.00 | Epsilon 0.2693
Seed 4 | Episode 166 | Reward -144.00 | Epsilon 0.2673
Seed 4 | Episode 167 | Reward 52.00 | Epsilon 0.2669
Seed 4 | Episode 168 | Reward 41.00 | Epsilon 0.2664
Seed 4 | Episode 169 | Reward 52.00 | Epsilon 0.2660
Seed 4 | Episode 170 | Reward 53.00 | Epsilon 0.2657
Seed 4 | Episode 171 | Reward 9.00 | Epsilon 0.2649
Seed 4 | Episode 172 | Reward -31.00 | Epsilon 0.2639
Seed 4 | Episode 173 | Reward -63.00 | Epsilon 0.2626
Seed 4 | Episode 174 | Reward 37.00 | Epsilon 0.2621
Seed 4 | Episode 175 | Reward 60.00 | Epsilon 0.2618
Seed 4 | Episode 176 | Reward 51.00 | Epsilon 0.2614
Seed 4 | Episode 177 | Reward 27.00 | Epsilon 0.2608
Seed 4 | Episode 178 | Reward 34.00 | Epsilon 0.2603
Seed 4 | Episode 179 | Reward 42.00 | Epsilon 0.2598
Seed 4 | Episode 180 | Reward 45.00 | Epsilon 0.2594
Seed 4 | Episode 181 | Reward 33.00 | Epsilon 0.2588
Seed 4 | Episode 182 | Reward -29.00 | Epsilon 0.2578
Seed 4 | Episode 183 | Reward 57.00 | Epsilon 0.2575
Seed 4 | Episode 184 | Reward -68.00 | Epsilon 0.2562
Seed 4 | Episode 185 | Reward 41.00 | Epsilon 0.2557
Seed 4 | Episode 186 | Reward 47.00 | Epsilon 0.2553
Seed 4 | Episode 187 | Reward 41.00 | Epsilon 0.2549
Seed 4 | Episode 188 | Reward 30.00 | Epsilon 0.2543
Seed 4 | Episode 189 | Reward -50.00 | Epsilon 0.2532
Seed 4 | Episode 190 | Reward -113.00 | Epsilon 0.2515
Seed 4 | Episode 191 | Reward 6.00 | Epsilon 0.2508
Seed 4 | Episode 192 | Reward 7.00 | Epsilon 0.2501
Seed 4 | Episode 193 | Reward -99.00 | Epsilon 0.2486
Seed 4 | Episode 194 | Reward -122.00 | Epsilon 0.2470
Seed 4 | Episode 195 | Reward -66.00 | Epsilon 0.2457
Seed 4 | Episode 196 | Reward 52.00 | Epsilon 0.2454
Seed 4 | Episode 197 | Reward 47.00 | Epsilon 0.2450
Seed 4 | Episode 198 | Reward -71.00 | Epsilon 0.2437
Seed 4 | Episode 199 | Reward 45.00 | Epsilon 0.2433
Seed 4 | Episode 200 | Reward -79.00 | Epsilon 0.2420
Seed 4 | Episode 201 | Reward 49.00 | Epsilon 0.2416
Seed 4 | Episode 202 | Reward 60.00 | Epsilon 0.2413
Seed 4 | Episode 203 | Reward 46.00 | Epsilon 0.2409
Seed 4 | Episode 204 | Reward 43.00 | Epsilon 0.2405
Seed 4 | Episode 205 | Reward -300.00 | Epsilon 0.2383
Seed 4 | Episode 206 | Reward 50.00 | Epsilon 0.2380
Seed 4 | Episode 207 | Reward -300.00 | Epsilon 0.2359
Seed 4 | Episode 208 | Reward -1.00 | Epsilon 0.2351
Seed 4 | Episode 209 | Reward -14.00 | Epsilon 0.2343
Seed 4 | Episode 210 | Reward 54.00 | Epsilon 0.2340
Seed 4 | Episode 211 | Reward 61.00 | Epsilon 0.2337
Seed 4 | Episode 212 | Reward 51.00 | Epsilon 0.2334
Seed 4 | Episode 213 | Reward 38.00 | Epsilon 0.2329
Seed 4 | Episode 214 | Reward 54.00 | Epsilon 0.2326
Seed 4 | Episode 215 | Reward -199.00 | Epsilon 0.2305
Seed 4 | Episode 216 | Reward 28.00 | Epsilon 0.2300
Seed 4 | Episode 217 | Reward -109.00 | Epsilon 0.2286
Seed 4 | Episode 218 | Reward -53.00 | Epsilon 0.2275
Seed 4 | Episode 219 | Reward 54.00 | Epsilon 0.2272
Seed 4 | Episode 220 | Reward 58.00 | Epsilon 0.2269
Seed 4 | Episode 221 | Reward 62.00 | Epsilon 0.2266
Seed 4 | Episode 222 | Reward 51.00 | Epsilon 0.2263
Seed 4 | Episode 223 | Reward 48.00 | Epsilon 0.2259
Seed 4 | Episode 224 | Reward 50.00 | Epsilon 0.2256
Seed 4 | Episode 225 | Reward 41.00 | Epsilon 0.2252
Seed 4 | Episode 226 | Reward 59.00 | Epsilon 0.2249
Seed 4 | Episode 227 | Reward -18.00 | Epsilon 0.2241
Seed 4 | Episode 228 | Reward 57.00 | Epsilon 0.2238
Seed 4 | Episode 229 | Reward -37.00 | Epsilon 0.2229
Seed 4 | Episode 230 | Reward 49.00 | Epsilon 0.2225
Seed 4 | Episode 231 | Reward 47.00 | Epsilon 0.2222
Seed 4 | Episode 232 | Reward 0.00 | Epsilon 0.2215
Seed 4 | Episode 233 | Reward -52.00 | Epsilon 0.2205
Seed 4 | Episode 234 | Reward 47.00 | Epsilon 0.2201
Seed 4 | Episode 235 | Reward 54.00 | Epsilon 0.2198
Seed 4 | Episode 236 | Reward 49.00 | Epsilon 0.2195
Seed 4 | Episode 237 | Reward 34.00 | Epsilon 0.2190
Seed 4 | Episode 238 | Reward 51.00 | Epsilon 0.2187
Seed 4 | Episode 239 | Reward 50.00 | Epsilon 0.2184
Seed 4 | Episode 240 | Reward 57.00 | Epsilon 0.2181
Seed 4 | Episode 241 | Reward -11.00 | Epsilon 0.2173
Seed 4 | Episode 242 | Reward 50.00 | Epsilon 0.2170
Seed 4 | Episode 243 | Reward 55.00 | Epsilon 0.2167
Seed 4 | Episode 244 | Reward 55.00 | Epsilon 0.2164
Seed 4 | Episode 245 | Reward 58.00 | Epsilon 0.2161
Seed 4 | Episode 246 | Reward 57.00 | Epsilon 0.2158
Seed 4 | Episode 247 | Reward -43.00 | Epsilon 0.2149
Seed 4 | Episode 248 | Reward -127.00 | Epsilon 0.2135
Seed 4 | Episode 249 | Reward 3.00 | Epsilon 0.2128
Seed 4 | Episode 250 | Reward 51.00 | Epsilon 0.2125
Seed 4 | Episode 251 | Reward 38.00 | Epsilon 0.2121
Seed 4 | Episode 252 | Reward 44.00 | Epsilon 0.2117
Seed 4 | Episode 253 | Reward 45.00 | Epsilon 0.2114
Seed 4 | Episode 254 | Reward 43.00 | Epsilon 0.2110
Seed 4 | Episode 255 | Reward 52.00 | Epsilon 0.2107
Seed 4 | Episode 256 | Reward 39.00 | Epsilon 0.2103
Seed 4 | Episode 257 | Reward 45.00 | Epsilon 0.2100
Seed 4 | Episode 258 | Reward 33.00 | Epsilon 0.2095
Seed 4 | Episode 259 | Reward -11.00 | Epsilon 0.2088
Seed 4 | Episode 260 | Reward 4.00 | Epsilon 0.2082
Seed 4 | Episode 261 | Reward 49.00 | Epsilon 0.2079
Seed 4 | Episode 262 | Reward -77.00 | Epsilon 0.2068
Seed 4 | Episode 263 | Reward 58.00 | Epsilon 0.2065
Seed 4 | Episode 264 | Reward 51.00 | Epsilon 0.2062
Seed 4 | Episode 265 | Reward 48.00 | Epsilon 0.2059
Seed 4 | Episode 266 | Reward 59.00 | Epsilon 0.2056
Seed 4 | Episode 267 | Reward 55.00 | Epsilon 0.2054
Seed 4 | Episode 268 | Reward 55.00 | Epsilon 0.2051
Seed 4 | Episode 269 | Reward 46.00 | Epsilon 0.2047
Seed 4 | Episode 270 | Reward 51.00 | Epsilon 0.2044
Seed 4 | Episode 271 | Reward 48.00 | Epsilon 0.2041
Seed 4 | Episode 272 | Reward 49.00 | Epsilon 0.2038
Seed 4 | Episode 273 | Reward 54.00 | Epsilon 0.2035
Seed 4 | Episode 274 | Reward 41.00 | Epsilon 0.2031
Seed 4 | Episode 275 | Reward 33.00 | Epsilon 0.2027
Seed 4 | Episode 276 | Reward 62.00 | Epsilon 0.2025
Seed 4 | Episode 277 | Reward 48.00 | Epsilon 0.2022
Seed 4 | Episode 278 | Reward 55.00 | Epsilon 0.2019
Seed 4 | Episode 279 | Reward 47.00 | Epsilon 0.2015
Seed 4 | Episode 280 | Reward 58.00 | Epsilon 0.2013
Seed 4 | Episode 281 | Reward -112.00 | Epsilon 0.2000
Seed 4 | Episode 282 | Reward 52.00 | Epsilon 0.1997
Seed 4 | Episode 283 | Reward 41.00 | Epsilon 0.1994
Seed 4 | Episode 284 | Reward 41.00 | Epsilon 0.1990
Seed 4 | Episode 285 | Reward 58.00 | Epsilon 0.1987
Seed 4 | Episode 286 | Reward 55.00 | Epsilon 0.1985
Seed 4 | Episode 287 | Reward 55.00 | Epsilon 0.1982
Seed 4 | Episode 288 | Reward 46.00 | Epsilon 0.1979
Seed 4 | Episode 289 | Reward 39.00 | Epsilon 0.1975
Seed 4 | Episode 290 | Reward 46.00 | Epsilon 0.1972
Seed 4 | Episode 291 | Reward 48.00 | Epsilon 0.1969
Seed 4 | Episode 292 | Reward 40.00 | Epsilon 0.1965
Seed 4 | Episode 293 | Reward 54.00 | Epsilon 0.1962
Seed 4 | Episode 294 | Reward 58.00 | Epsilon 0.1960
Seed 4 | Episode 295 | Reward 37.00 | Epsilon 0.1956
Seed 4 | Episode 296 | Reward 43.00 | Epsilon 0.1953
Seed 4 | Episode 297 | Reward 50.00 | Epsilon 0.1950
Seed 4 | Episode 298 | Reward 49.00 | Epsilon 0.1946
Seed 4 | Episode 299 | Reward 42.00 | Epsilon 0.1943
Seed 4 | Episode 300 | Reward 47.00 | Epsilon 0.1940
Seed 4 | Episode 301 | Reward 54.00 | Epsilon 0.1937
Seed 4 | Episode 302 | Reward 38.00 | Epsilon 0.1934
Seed 4 | Episode 303 | Reward 50.00 | Epsilon 0.1931
Seed 4 | Episode 304 | Reward 56.00 | Epsilon 0.1928
Seed 4 | Episode 305 | Reward 57.00 | Epsilon 0.1925
Seed 4 | Episode 306 | Reward 57.00 | Epsilon 0.1923
Seed 4 | Episode 307 | Reward 51.00 | Epsilon 0.1920
Seed 4 | Episode 308 | Reward 48.00 | Epsilon 0.1917
Seed 4 | Episode 309 | Reward 58.00 | Epsilon 0.1914
Seed 4 | Episode 310 | Reward 30.00 | Epsilon 0.1910
Seed 4 | Episode 311 | Reward 39.00 | Epsilon 0.1907
Seed 4 | Episode 312 | Reward 45.00 | Epsilon 0.1904
Seed 4 | Episode 313 | Reward 53.00 | Epsilon 0.1901
Seed 4 | Episode 314 | Reward 46.00 | Epsilon 0.1898
Seed 4 | Episode 315 | Reward 40.00 | Epsilon 0.1894
Seed 4 | Episode 316 | Reward 38.00 | Epsilon 0.1891
Seed 4 | Episode 317 | Reward 31.00 | Epsilon 0.1887
Seed 4 | Episode 318 | Reward 2.00 | Epsilon 0.1881
Seed 4 | Episode 319 | Reward 59.00 | Epsilon 0.1879
Seed 4 | Episode 320 | Reward 8.00 | Epsilon 0.1874
Seed 4 | Episode 321 | Reward 40.00 | Epsilon 0.1870
Seed 4 | Episode 322 | Reward 50.00 | Epsilon 0.1867
Seed 4 | Episode 323 | Reward 55.00 | Epsilon 0.1865
Seed 4 | Episode 324 | Reward 28.00 | Epsilon 0.1861
Seed 4 | Episode 325 | Reward 59.00 | Epsilon 0.1858
Seed 4 | Episode 326 | Reward 58.00 | Epsilon 0.1856
Seed 4 | Episode 327 | Reward -20.00 | Epsilon 0.1849
Seed 4 | Episode 328 | Reward 44.00 | Epsilon 0.1846
Seed 4 | Episode 329 | Reward 54.00 | Epsilon 0.1843
Seed 4 | Episode 330 | Reward 46.00 | Epsilon 0.1840
Seed 4 | Episode 331 | Reward 30.00 | Epsilon 0.1836
Seed 4 | Episode 332 | Reward 44.00 | Epsilon 0.1833
Seed 4 | Episode 333 | Reward -28.00 | Epsilon 0.1826
Seed 4 | Episode 334 | Reward 24.00 | Epsilon 0.1822
Seed 4 | Episode 335 | Reward 50.00 | Epsilon 0.1819
Seed 4 | Episode 336 | Reward 41.00 | Epsilon 0.1816
Seed 4 | Episode 337 | Reward 46.00 | Epsilon 0.1813
Seed 4 | Episode 338 | Reward 55.00 | Epsilon 0.1810
Seed 4 | Episode 339 | Reward 41.00 | Epsilon 0.1807
Seed 4 | Episode 340 | Reward 42.00 | Epsilon 0.1804
Seed 4 | Episode 341 | Reward 21.00 | Epsilon 0.1800
Seed 4 | Episode 342 | Reward 58.00 | Epsilon 0.1797
Seed 4 | Episode 343 | Reward 58.00 | Epsilon 0.1795
Seed 4 | Episode 344 | Reward 48.00 | Epsilon 0.1792
Seed 4 | Episode 345 | Reward 58.00 | Epsilon 0.1790
Seed 4 | Episode 346 | Reward 43.00 | Epsilon 0.1787
Seed 4 | Episode 347 | Reward 55.00 | Epsilon 0.1784
Seed 4 | Episode 348 | Reward 38.00 | Epsilon 0.1781
Seed 4 | Episode 349 | Reward 57.00 | Epsilon 0.1779
Seed 4 | Episode 350 | Reward 49.00 | Epsilon 0.1776
Seed 4 | Episode 351 | Reward 44.00 | Epsilon 0.1773
Seed 4 | Episode 352 | Reward 40.00 | Epsilon 0.1770
Seed 4 | Episode 353 | Reward 61.00 | Epsilon 0.1767
Seed 4 | Episode 354 | Reward -99.00 | Epsilon 0.1757
Seed 4 | Episode 355 | Reward -195.00 | Epsilon 0.1741
Seed 4 | Episode 356 | Reward 46.00 | Epsilon 0.1738
Seed 4 | Episode 357 | Reward 40.00 | Epsilon 0.1735
Seed 4 | Episode 358 | Reward 43.00 | Epsilon 0.1732
Seed 4 | Episode 359 | Reward 43.00 | Epsilon 0.1729
Seed 4 | Episode 360 | Reward 38.00 | Epsilon 0.1726
Seed 4 | Episode 361 | Reward 31.00 | Epsilon 0.1722
Seed 4 | Episode 362 | Reward 55.00 | Epsilon 0.1720
Seed 4 | Episode 363 | Reward 49.00 | Epsilon 0.1717
Seed 4 | Episode 364 | Reward 46.00 | Epsilon 0.1714
Seed 4 | Episode 365 | Reward 55.00 | Epsilon 0.1712
Seed 4 | Episode 366 | Reward 37.00 | Epsilon 0.1709
Seed 4 | Episode 367 | Reward -143.00 | Epsilon 0.1696
Seed 4 | Episode 368 | Reward 41.00 | Epsilon 0.1693
Seed 4 | Episode 369 | Reward 61.00 | Epsilon 0.1691
Seed 4 | Episode 370 | Reward 39.00 | Epsilon 0.1688
Seed 4 | Episode 371 | Reward -49.00 | Epsilon 0.1681
Seed 4 | Episode 372 | Reward 64.00 | Epsilon 0.1679
Seed 4 | Episode 373 | Reward 46.00 | Epsilon 0.1676
Seed 4 | Episode 374 | Reward -78.00 | Epsilon 0.1667
Seed 4 | Episode 375 | Reward -300.00 | Epsilon 0.1652
Seed 4 | Episode 376 | Reward -7.00 | Epsilon 0.1647
Seed 4 | Episode 377 | Reward 56.00 | Epsilon 0.1644
Seed 4 | Episode 378 | Reward 36.00 | Epsilon 0.1641
Seed 4 | Episode 379 | Reward 50.00 | Epsilon 0.1639
Seed 4 | Episode 380 | Reward 39.00 | Epsilon 0.1636
Seed 4 | Episode 381 | Reward 37.00 | Epsilon 0.1633
Seed 4 | Episode 382 | Reward 53.00 | Epsilon 0.1630
Seed 4 | Episode 383 | Reward 43.00 | Epsilon 0.1627
Seed 4 | Episode 384 | Reward 32.00 | Epsilon 0.1624
Seed 4 | Episode 385 | Reward 47.00 | Epsilon 0.1621
Seed 4 | Episode 386 | Reward 49.00 | Epsilon 0.1619
Seed 4 | Episode 387 | Reward 43.00 | Epsilon 0.1616
Seed 4 | Episode 388 | Reward 15.00 | Epsilon 0.1612
Seed 4 | Episode 389 | Reward 53.00 | Epsilon 0.1610
Seed 4 | Episode 390 | Reward 41.00 | Epsilon 0.1607
Seed 4 | Episode 391 | Reward 48.00 | Epsilon 0.1604
Seed 4 | Episode 392 | Reward 41.00 | Epsilon 0.1601
Seed 4 | Episode 393 | Reward 53.00 | Epsilon 0.1599
Seed 4 | Episode 394 | Reward 59.00 | Epsilon 0.1597
Seed 4 | Episode 395 | Reward 50.00 | Epsilon 0.1594
Seed 4 | Episode 396 | Reward 44.00 | Epsilon 0.1592
Seed 4 | Episode 397 | Reward 39.00 | Epsilon 0.1589
Seed 4 | Episode 398 | Reward 46.00 | Epsilon 0.1586
Seed 4 | Episode 399 | Reward 55.00 | Epsilon 0.1584
Seed 4 | Episode 400 | Reward 44.00 | Epsilon 0.1581
Seed 4 | Episode 401 | Reward 44.00 | Epsilon 0.1579
Seed 4 | Episode 402 | Reward 61.00 | Epsilon 0.1577
Seed 4 | Episode 403 | Reward -300.00 | Epsilon 0.1563
Seed 4 | Episode 404 | Reward -96.00 | Epsilon 0.1553
Seed 4 | Episode 405 | Reward 43.00 | Epsilon 0.1551
Seed 4 | Episode 406 | Reward 58.00 | Epsilon 0.1549
Seed 4 | Episode 407 | Reward 48.00 | Epsilon 0.1546
Seed 4 | Episode 408 | Reward 41.00 | Epsilon 0.1543
Seed 4 | Episode 409 | Reward 62.00 | Epsilon 0.1542
Seed 4 | Episode 410 | Reward 62.00 | Epsilon 0.1540
Seed 4 | Episode 411 | Reward 46.00 | Epsilon 0.1537
Seed 4 | Episode 412 | Reward 38.00 | Epsilon 0.1534
Seed 4 | Episode 413 | Reward 49.00 | Epsilon 0.1532
Seed 4 | Episode 414 | Reward 55.00 | Epsilon 0.1530
Seed 4 | Episode 415 | Reward 44.00 | Epsilon 0.1527
Seed 4 | Episode 416 | Reward 37.00 | Epsilon 0.1524
Seed 4 | Episode 417 | Reward 31.00 | Epsilon 0.1521
Seed 4 | Episode 418 | Reward 64.00 | Epsilon 0.1519
Seed 4 | Episode 419 | Reward 46.00 | Epsilon 0.1517
Seed 4 | Episode 420 | Reward 20.00 | Epsilon 0.1513
Seed 4 | Episode 421 | Reward 56.00 | Epsilon 0.1511
Seed 4 | Episode 422 | Reward -128.00 | Epsilon 0.1501
Seed 4 | Episode 423 | Reward 49.00 | Epsilon 0.1498
Seed 4 | Episode 424 | Reward 30.00 | Epsilon 0.1495
Seed 4 | Episode 425 | Reward 59.00 | Epsilon 0.1493
Seed 4 | Episode 426 | Reward 52.00 | Epsilon 0.1491
Seed 4 | Episode 427 | Reward 40.00 | Epsilon 0.1488
Seed 4 | Episode 428 | Reward 48.00 | Epsilon 0.1486
Seed 4 | Episode 429 | Reward 58.00 | Epsilon 0.1484
Seed 4 | Episode 430 | Reward 32.00 | Epsilon 0.1481
Seed 4 | Episode 431 | Reward 35.00 | Epsilon 0.1478
Seed 4 | Episode 432 | Reward -75.00 | Epsilon 0.1470
Seed 4 | Episode 433 | Reward 57.00 | Epsilon 0.1468
Seed 4 | Episode 434 | Reward 42.00 | Epsilon 0.1466
Seed 4 | Episode 435 | Reward 51.00 | Epsilon 0.1464
Seed 4 | Episode 436 | Reward 40.00 | Epsilon 0.1461
Seed 4 | Episode 437 | Reward 58.00 | Epsilon 0.1459
Seed 4 | Episode 438 | Reward 35.00 | Epsilon 0.1456
Seed 4 | Episode 439 | Reward 41.00 | Epsilon 0.1454
Seed 4 | Episode 440 | Reward 57.00 | Epsilon 0.1452
Seed 4 | Episode 441 | Reward 51.00 | Epsilon 0.1450
Seed 4 | Episode 442 | Reward 43.00 | Epsilon 0.1447
Seed 4 | Episode 443 | Reward 50.00 | Epsilon 0.1445
Seed 4 | Episode 444 | Reward 39.00 | Epsilon 0.1442
Seed 4 | Episode 445 | Reward 59.00 | Epsilon 0.1440
Seed 4 | Episode 446 | Reward 55.00 | Epsilon 0.1438
Seed 4 | Episode 447 | Reward 56.00 | Epsilon 0.1436
Seed 4 | Episode 448 | Reward 51.00 | Epsilon 0.1434
Seed 4 | Episode 449 | Reward 51.00 | Epsilon 0.1432
Seed 4 | Episode 450 | Reward 48.00 | Epsilon 0.1430
Seed 4 | Episode 451 | Reward 53.00 | Epsilon 0.1428
Seed 4 | Episode 452 | Reward 53.00 | Epsilon 0.1426
Seed 4 | Episode 453 | Reward 59.00 | Epsilon 0.1424
Seed 4 | Episode 454 | Reward 37.00 | Epsilon 0.1421
Seed 4 | Episode 455 | Reward 60.00 | Epsilon 0.1419
Seed 4 | Episode 456 | Reward 4.00 | Epsilon 0.1415
Seed 4 | Episode 457 | Reward 25.00 | Epsilon 0.1412
Seed 4 | Episode 458 | Reward 50.00 | Epsilon 0.1410
Seed 4 | Episode 459 | Reward 60.00 | Epsilon 0.1408
Seed 4 | Episode 460 | Reward 62.00 | Epsilon 0.1407
Seed 4 | Episode 461 | Reward 48.00 | Epsilon 0.1404
Seed 4 | Episode 462 | Reward 56.00 | Epsilon 0.1402
Seed 4 | Episode 463 | Reward 57.00 | Epsilon 0.1401
Seed 4 | Episode 464 | Reward 45.00 | Epsilon 0.1398
Seed 4 | Episode 465 | Reward 54.00 | Epsilon 0.1396
Seed 4 | Episode 466 | Reward 36.00 | Epsilon 0.1394
Seed 4 | Episode 467 | Reward 54.00 | Epsilon 0.1392
Seed 4 | Episode 468 | Reward 55.00 | Epsilon 0.1390
Seed 4 | Episode 469 | Reward 57.00 | Epsilon 0.1388
Seed 4 | Episode 470 | Reward 57.00 | Epsilon 0.1386
Seed 4 | Episode 471 | Reward 47.00 | Epsilon 0.1384
Seed 4 | Episode 472 | Reward 63.00 | Epsilon 0.1382
Seed 4 | Episode 473 | Reward 43.00 | Epsilon 0.1380
Seed 4 | Episode 474 | Reward 57.00 | Epsilon 0.1378
Seed 4 | Episode 475 | Reward 43.00 | Epsilon 0.1376
Seed 4 | Episode 476 | Reward 45.00 | Epsilon 0.1373
Seed 4 | Episode 477 | Reward 43.00 | Epsilon 0.1371
Seed 4 | Episode 478 | Reward 45.00 | Epsilon 0.1369
Seed 4 | Episode 479 | Reward 36.00 | Epsilon 0.1366
Seed 4 | Episode 480 | Reward 63.00 | Epsilon 0.1364
Seed 4 | Episode 481 | Reward 50.00 | Epsilon 0.1362
Seed 4 | Episode 482 | Reward 2.00 | Epsilon 0.1358
Seed 4 | Episode 483 | Reward 9.00 | Epsilon 0.1354
Seed 4 | Episode 484 | Reward 43.00 | Epsilon 0.1352
Seed 4 | Episode 485 | Reward 55.00 | Epsilon 0.1350
Seed 4 | Episode 486 | Reward -16.00 | Epsilon 0.1345
Seed 4 | Episode 487 | Reward 49.00 | Epsilon 0.1343
Seed 4 | Episode 488 | Reward 50.00 | Epsilon 0.1341
Seed 4 | Episode 489 | Reward 58.00 | Epsilon 0.1340
Seed 4 | Episode 490 | Reward 43.00 | Epsilon 0.1337
Seed 4 | Episode 491 | Reward 54.00 | Epsilon 0.1335
Seed 4 | Episode 492 | Reward 35.00 | Epsilon 0.1333
Seed 4 | Episode 493 | Reward 56.00 | Epsilon 0.1331
Seed 4 | Episode 494 | Reward 52.00 | Epsilon 0.1329
Seed 4 | Episode 495 | Reward 38.00 | Epsilon 0.1326
Seed 4 | Episode 496 | Reward 57.00 | Epsilon 0.1325
Seed 4 | Episode 497 | Reward 48.00 | Epsilon 0.1323
Seed 4 | Episode 498 | Reward 62.00 | Epsilon 0.1321
Seed 4 | Episode 499 | Reward 44.00 | Epsilon 0.1319
Seed 4 | Episode 500 | Reward 19.00 | Epsilon 0.1316
Seed 4 | Episode 501 | Reward 51.00 | Epsilon 0.1314
Seed 4 | Episode 502 | Reward -11.00 | Epsilon 0.1309
Seed 4 | Episode 503 | Reward 40.00 | Epsilon 0.1307
Seed 4 | Episode 504 | Reward 37.00 | Epsilon 0.1304
Seed 4 | Episode 505 | Reward -300.00 | Epsilon 0.1293
Seed 4 | Episode 506 | Reward 51.00 | Epsilon 0.1291
Seed 4 | Episode 507 | Reward 47.00 | Epsilon 0.1289
Seed 4 | Episode 508 | Reward 29.00 | Epsilon 0.1286
Seed 4 | Episode 509 | Reward 40.00 | Epsilon 0.1283
Seed 4 | Episode 510 | Reward 25.00 | Epsilon 0.1281
Seed 4 | Episode 511 | Reward 40.00 | Epsilon 0.1278
Seed 4 | Episode 512 | Reward 60.00 | Epsilon 0.1277
Seed 4 | Episode 513 | Reward 59.00 | Epsilon 0.1275
Seed 4 | Episode 514 | Reward 53.00 | Epsilon 0.1273
Seed 4 | Episode 515 | Reward 29.00 | Epsilon 0.1270
Seed 4 | Episode 516 | Reward 37.00 | Epsilon 0.1268
Seed 4 | Episode 517 | Reward 17.00 | Epsilon 0.1265
Seed 4 | Episode 518 | Reward 43.00 | Epsilon 0.1263
Seed 4 | Episode 519 | Reward -117.00 | Epsilon 0.1254
Seed 4 | Episode 520 | Reward 41.00 | Epsilon 0.1252
Seed 4 | Episode 521 | Reward 49.00 | Epsilon 0.1250
Seed 4 | Episode 522 | Reward -300.00 | Epsilon 0.1239
Seed 4 | Episode 523 | Reward 46.00 | Epsilon 0.1237
Seed 4 | Episode 524 | Reward 64.00 | Epsilon 0.1236
Seed 4 | Episode 525 | Reward 51.00 | Epsilon 0.1234
Seed 4 | Episode 526 | Reward 61.00 | Epsilon 0.1232
Seed 4 | Episode 527 | Reward 49.00 | Epsilon 0.1230
Seed 4 | Episode 528 | Reward 57.00 | Epsilon 0.1229
Seed 4 | Episode 529 | Reward 49.00 | Epsilon 0.1227
Seed 4 | Episode 530 | Reward 48.00 | Epsilon 0.1225
Seed 4 | Episode 531 | Reward 53.00 | Epsilon 0.1223
Seed 4 | Episode 532 | Reward 51.00 | Epsilon 0.1221
Seed 4 | Episode 533 | Reward 55.00 | Epsilon 0.1220
Seed 4 | Episode 534 | Reward 56.00 | Epsilon 0.1218
Seed 4 | Episode 535 | Reward 54.00 | Epsilon 0.1216
Seed 4 | Episode 536 | Reward 60.00 | Epsilon 0.1215
Seed 4 | Episode 537 | Reward 57.00 | Epsilon 0.1213
Seed 4 | Episode 538 | Reward 38.00 | Epsilon 0.1211
Seed 4 | Episode 539 | Reward 42.00 | Epsilon 0.1209
Seed 4 | Episode 540 | Reward -19.00 | Epsilon 0.1204
Seed 4 | Episode 541 | Reward 59.00 | Epsilon 0.1203
Seed 4 | Episode 542 | Reward 48.00 | Epsilon 0.1201
Seed 4 | Episode 543 | Reward 59.00 | Epsilon 0.1199
Seed 4 | Episode 544 | Reward 48.00 | Epsilon 0.1197
Seed 4 | Episode 545 | Reward 54.00 | Epsilon 0.1196
Seed 4 | Episode 546 | Reward -154.00 | Epsilon 0.1187
Seed 4 | Episode 547 | Reward 46.00 | Epsilon 0.1185
Seed 4 | Episode 548 | Reward 52.00 | Epsilon 0.1183
Seed 4 | Episode 549 | Reward -22.00 | Epsilon 0.1179
Seed 4 | Episode 550 | Reward 49.00 | Epsilon 0.1177
Seed 4 | Episode 551 | Reward 58.00 | Epsilon 0.1175
Seed 4 | Episode 552 | Reward 54.00 | Epsilon 0.1174
Seed 4 | Episode 553 | Reward 43.00 | Epsilon 0.1172
Seed 4 | Episode 554 | Reward -10.00 | Epsilon 0.1168
Seed 4 | Episode 555 | Reward 48.00 | Epsilon 0.1166
Seed 4 | Episode 556 | Reward 22.00 | Epsilon 0.1163
Seed 4 | Episode 557 | Reward 55.00 | Epsilon 0.1161
Seed 4 | Episode 558 | Reward 49.00 | Epsilon 0.1160
Seed 4 | Episode 559 | Reward 55.00 | Epsilon 0.1158
Seed 4 | Episode 560 | Reward 55.00 | Epsilon 0.1156
Seed 4 | Episode 561 | Reward -12.00 | Epsilon 0.1153
Seed 4 | Episode 562 | Reward -146.00 | Epsilon 0.1144
Seed 4 | Episode 563 | Reward 53.00 | Epsilon 0.1142
Seed 4 | Episode 564 | Reward 55.00 | Epsilon 0.1141
Seed 4 | Episode 565 | Reward 50.00 | Epsilon 0.1139
Seed 4 | Episode 566 | Reward 45.00 | Epsilon 0.1137
Seed 4 | Episode 567 | Reward 40.00 | Epsilon 0.1135
Seed 4 | Episode 568 | Reward 43.00 | Epsilon 0.1133
Seed 4 | Episode 569 | Reward 61.00 | Epsilon 0.1132
Seed 4 | Episode 570 | Reward 46.00 | Epsilon 0.1130
Seed 4 | Episode 571 | Reward 26.00 | Epsilon 0.1127
Seed 4 | Episode 572 | Reward 44.00 | Epsilon 0.1125
Seed 4 | Episode 573 | Reward 45.00 | Epsilon 0.1124
Seed 4 | Episode 574 | Reward 46.00 | Epsilon 0.1122
Seed 4 | Episode 575 | Reward 45.00 | Epsilon 0.1120
Seed 4 | Episode 576 | Reward 53.00 | Epsilon 0.1118
Seed 4 | Episode 577 | Reward 44.00 | Epsilon 0.1116
Seed 4 | Episode 578 | Reward -106.00 | Epsilon 0.1109
Seed 4 | Episode 579 | Reward 5.00 | Epsilon 0.1106
Seed 4 | Episode 580 | Reward 55.00 | Epsilon 0.1105
Seed 4 | Episode 581 | Reward -55.00 | Epsilon 0.1099
Seed 4 | Episode 582 | Reward 50.00 | Epsilon 0.1098
Seed 4 | Episode 583 | Reward 53.00 | Epsilon 0.1096
Seed 4 | Episode 584 | Reward 41.00 | Epsilon 0.1094
Seed 4 | Episode 585 | Reward 57.00 | Epsilon 0.1093
Seed 4 | Episode 586 | Reward -50.00 | Epsilon 0.1088
Seed 4 | Episode 587 | Reward -300.00 | Epsilon 0.1078
Seed 4 | Episode 588 | Reward 54.00 | Epsilon 0.1077
Seed 4 | Episode 589 | Reward 51.00 | Epsilon 0.1075
Seed 4 | Episode 590 | Reward 46.00 | Epsilon 0.1073
Seed 4 | Episode 591 | Reward 47.00 | Epsilon 0.1071
Seed 4 | Episode 592 | Reward 57.00 | Epsilon 0.1070
Seed 4 | Episode 593 | Reward 46.00 | Epsilon 0.1068
Seed 4 | Episode 594 | Reward -30.00 | Epsilon 0.1064
Seed 4 | Episode 595 | Reward 38.00 | Epsilon 0.1062
Seed 4 | Episode 596 | Reward 46.00 | Epsilon 0.1060
Seed 4 | Episode 597 | Reward 62.00 | Epsilon 0.1059
Seed 4 | Episode 598 | Reward 45.00 | Epsilon 0.1057
Seed 4 | Episode 599 | Reward 59.00 | Epsilon 0.1056
Seed 4 | Episode 600 | Reward 52.00 | Epsilon 0.1054
Seed 4 | Episode 601 | Reward 48.00 | Epsilon 0.1053
Seed 4 | Episode 602 | Reward 60.00 | Epsilon 0.1051
Seed 4 | Episode 603 | Reward -180.00 | Epsilon 0.1043
Seed 4 | Episode 604 | Reward 51.00 | Epsilon 0.1041
Seed 4 | Episode 605 | Reward 63.00 | Epsilon 0.1040
Seed 4 | Episode 606 | Reward 67.00 | Epsilon 0.1039
Seed 4 | Episode 607 | Reward 50.00 | Epsilon 0.1037
Seed 4 | Episode 608 | Reward 56.00 | Epsilon 0.1036
Seed 4 | Episode 609 | Reward 60.00 | Epsilon 0.1035
Seed 4 | Episode 610 | Reward 53.00 | Epsilon 0.1033
Seed 4 | Episode 611 | Reward 55.00 | Epsilon 0.1032
Seed 4 | Episode 612 | Reward -88.00 | Epsilon 0.1026
Seed 4 | Episode 613 | Reward 48.00 | Epsilon 0.1024
Seed 4 | Episode 614 | Reward -47.00 | Epsilon 0.1020
Seed 4 | Episode 615 | Reward -45.00 | Epsilon 0.1015
Seed 4 | Episode 616 | Reward 53.00 | Epsilon 0.1014
Seed 4 | Episode 617 | Reward 41.00 | Epsilon 0.1012
Seed 4 | Episode 618 | Reward 45.00 | Epsilon 0.1010
Seed 4 | Episode 619 | Reward 41.00 | Epsilon 0.1008
Seed 4 | Episode 620 | Reward 56.00 | Epsilon 0.1007
Seed 4 | Episode 621 | Reward 41.00 | Epsilon 0.1005
Seed 4 | Episode 622 | Reward 47.00 | Epsilon 0.1004
Seed 4 | Episode 623 | Reward 41.00 | Epsilon 0.1002
Seed 4 | Episode 624 | Reward 51.00 | Epsilon 0.1000
Seed 4 | Episode 625 | Reward 59.00 | Epsilon 0.0999
Seed 4 | Episode 626 | Reward 57.00 | Epsilon 0.0998
Seed 4 | Episode 627 | Reward 44.00 | Epsilon 0.0996
Seed 4 | Episode 628 | Reward 39.00 | Epsilon 0.0994
Seed 4 | Episode 629 | Reward 44.00 | Epsilon 0.0992
Seed 4 | Episode 630 | Reward 54.00 | Epsilon 0.0991
Seed 4 | Episode 631 | Reward 50.00 | Epsilon 0.0990
Seed 4 | Episode 632 | Reward 42.00 | Epsilon 0.0988
Seed 4 | Episode 633 | Reward 50.00 | Epsilon 0.0986
Seed 4 | Episode 634 | Reward 47.00 | Epsilon 0.0985
Seed 4 | Episode 635 | Reward 55.00 | Epsilon 0.0983
Seed 4 | Episode 636 | Reward 47.00 | Epsilon 0.0982
Seed 4 | Episode 637 | Reward 55.00 | Epsilon 0.0980
Seed 4 | Episode 638 | Reward 48.00 | Epsilon 0.0979
Seed 4 | Episode 639 | Reward 46.00 | Epsilon 0.0977
Seed 4 | Episode 640 | Reward 51.00 | Epsilon 0.0976
Seed 4 | Episode 641 | Reward 44.00 | Epsilon 0.0974
Seed 4 | Episode 642 | Reward 59.00 | Epsilon 0.0973
Seed 4 | Episode 643 | Reward 46.00 | Epsilon 0.0971
Seed 4 | Episode 644 | Reward 58.00 | Epsilon 0.0970
Seed 4 | Episode 645 | Reward 35.00 | Epsilon 0.0968
Seed 4 | Episode 646 | Reward 49.00 | Epsilon 0.0967
Seed 4 | Episode 647 | Reward 46.00 | Epsilon 0.0965
Seed 4 | Episode 648 | Reward 33.00 | Epsilon 0.0963
Seed 4 | Episode 649 | Reward 32.00 | Epsilon 0.0961
Seed 4 | Episode 650 | Reward 51.00 | Epsilon 0.0960
Seed 4 | Episode 651 | Reward 54.00 | Epsilon 0.0958
Seed 4 | Episode 652 | Reward 58.00 | Epsilon 0.0957
Seed 4 | Episode 653 | Reward 59.00 | Epsilon 0.0956
Seed 4 | Episode 654 | Reward 64.00 | Epsilon 0.0955
Seed 4 | Episode 655 | Reward 38.00 | Epsilon 0.0953
Seed 4 | Episode 656 | Reward 46.00 | Epsilon 0.0951
Seed 4 | Episode 657 | Reward 43.00 | Epsilon 0.0950
Seed 4 | Episode 658 | Reward 53.00 | Epsilon 0.0948
Seed 4 | Episode 659 | Reward 51.00 | Epsilon 0.0947
Seed 4 | Episode 660 | Reward 48.00 | Epsilon 0.0945
Seed 4 | Episode 661 | Reward 59.00 | Epsilon 0.0944
Seed 4 | Episode 662 | Reward 54.00 | Epsilon 0.0943
Seed 4 | Episode 663 | Reward 65.00 | Epsilon 0.0942
Seed 4 | Episode 664 | Reward 47.00 | Epsilon 0.0940
Seed 4 | Episode 665 | Reward 57.00 | Epsilon 0.0939
Seed 4 | Episode 666 | Reward 50.00 | Epsilon 0.0938
Seed 4 | Episode 667 | Reward 46.00 | Epsilon 0.0936
Seed 4 | Episode 668 | Reward 50.00 | Epsilon 0.0935
Seed 4 | Episode 669 | Reward 43.00 | Epsilon 0.0933
Seed 4 | Episode 670 | Reward 64.00 | Epsilon 0.0932
Seed 4 | Episode 671 | Reward 53.00 | Epsilon 0.0931
Seed 4 | Episode 672 | Reward 47.00 | Epsilon 0.0929
Seed 4 | Episode 673 | Reward 60.00 | Epsilon 0.0928
Seed 4 | Episode 674 | Reward 54.00 | Epsilon 0.0927
Seed 4 | Episode 675 | Reward 63.00 | Epsilon 0.0926
Seed 4 | Episode 676 | Reward 36.00 | Epsilon 0.0924
Seed 4 | Episode 677 | Reward 43.00 | Epsilon 0.0922
Seed 4 | Episode 678 | Reward 55.00 | Epsilon 0.0921
Seed 4 | Episode 679 | Reward -10.00 | Epsilon 0.0918
Seed 4 | Episode 680 | Reward 63.00 | Epsilon 0.0917
Seed 4 | Episode 681 | Reward 43.00 | Epsilon 0.0915
Seed 4 | Episode 682 | Reward 55.00 | Epsilon 0.0914
Seed 4 | Episode 683 | Reward 63.00 | Epsilon 0.0913
Seed 4 | Episode 684 | Reward 50.00 | Epsilon 0.0912
Seed 4 | Episode 685 | Reward -33.00 | Epsilon 0.0908
Seed 4 | Episode 686 | Reward 41.00 | Epsilon 0.0906
Seed 4 | Episode 687 | Reward 14.00 | Epsilon 0.0904
Seed 4 | Episode 688 | Reward 40.00 | Epsilon 0.0902
Seed 4 | Episode 689 | Reward 44.00 | Epsilon 0.0901
Seed 4 | Episode 690 | Reward 58.00 | Epsilon 0.0900
Seed 4 | Episode 691 | Reward 58.00 | Epsilon 0.0898
Seed 4 | Episode 692 | Reward -3.00 | Epsilon 0.0896
Seed 4 | Episode 693 | Reward 47.00 | Epsilon 0.0894
Seed 4 | Episode 694 | Reward 33.00 | Epsilon 0.0892
Seed 4 | Episode 695 | Reward 40.00 | Epsilon 0.0891
Seed 4 | Episode 696 | Reward 41.00 | Epsilon 0.0889
Seed 4 | Episode 697 | Reward 50.00 | Epsilon 0.0888
Seed 4 | Episode 698 | Reward 43.00 | Epsilon 0.0886
Seed 4 | Episode 699 | Reward 36.00 | Epsilon 0.0884
Seed 4 | Episode 700 | Reward 43.00 | Epsilon 0.0883
Seed 4 | Episode 701 | Reward 64.00 | Epsilon 0.0882
Seed 4 | Episode 702 | Reward 59.00 | Epsilon 0.0881
Seed 4 | Episode 703 | Reward -12.00 | Epsilon 0.0878
Seed 4 | Episode 704 | Reward -48.00 | Epsilon 0.0874
Seed 4 | Episode 705 | Reward 47.00 | Epsilon 0.0873
Seed 4 | Episode 706 | Reward 56.00 | Epsilon 0.0871
Seed 4 | Episode 707 | Reward 59.00 | Epsilon 0.0870
Seed 4 | Episode 708 | Reward 57.00 | Epsilon 0.0869
Seed 4 | Episode 709 | Reward 46.00 | Epsilon 0.0868
Seed 4 | Episode 710 | Reward 50.00 | Epsilon 0.0866
Seed 4 | Episode 711 | Reward 57.00 | Epsilon 0.0865
Seed 4 | Episode 712 | Reward 57.00 | Epsilon 0.0864
Seed 4 | Episode 713 | Reward 47.00 | Epsilon 0.0863
Seed 4 | Episode 714 | Reward 31.00 | Epsilon 0.0861
Seed 4 | Episode 715 | Reward 34.00 | Epsilon 0.0859
Seed 4 | Episode 716 | Reward 57.00 | Epsilon 0.0858
Seed 4 | Episode 717 | Reward 26.00 | Epsilon 0.0856
Seed 4 | Episode 718 | Reward 21.00 | Epsilon 0.0854
Seed 4 | Episode 719 | Reward 32.00 | Epsilon 0.0852
Seed 4 | Episode 720 | Reward 57.00 | Epsilon 0.0851
Seed 4 | Episode 721 | Reward 44.00 | Epsilon 0.0850
Seed 4 | Episode 722 | Reward 46.00 | Epsilon 0.0848
Seed 4 | Episode 723 | Reward 48.00 | Epsilon 0.0847
Seed 4 | Episode 724 | Reward 27.00 | Epsilon 0.0845
Seed 4 | Episode 725 | Reward 49.00 | Epsilon 0.0844
Seed 4 | Episode 726 | Reward 57.00 | Epsilon 0.0843
Seed 4 | Episode 727 | Reward 43.00 | Epsilon 0.0841
Seed 4 | Episode 728 | Reward 57.00 | Epsilon 0.0840
Seed 4 | Episode 729 | Reward 44.00 | Epsilon 0.0839
Seed 4 | Episode 730 | Reward 56.00 | Epsilon 0.0837
Seed 4 | Episode 731 | Reward 61.00 | Epsilon 0.0836
Seed 4 | Episode 732 | Reward 44.00 | Epsilon 0.0835
Seed 4 | Episode 733 | Reward 57.00 | Epsilon 0.0834
Seed 4 | Episode 734 | Reward 59.00 | Epsilon 0.0833
Seed 4 | Episode 735 | Reward 54.00 | Epsilon 0.0832
Seed 4 | Episode 736 | Reward 52.00 | Epsilon 0.0831
Seed 4 | Episode 737 | Reward -2.00 | Epsilon 0.0828
Seed 4 | Episode 738 | Reward 52.00 | Epsilon 0.0827
Seed 4 | Episode 739 | Reward 24.00 | Epsilon 0.0825
Seed 4 | Episode 740 | Reward 47.00 | Epsilon 0.0823
Seed 4 | Episode 741 | Reward 51.00 | Epsilon 0.0822
Seed 4 | Episode 742 | Reward 35.00 | Epsilon 0.0821
Seed 4 | Episode 743 | Reward 50.00 | Epsilon 0.0819
Seed 4 | Episode 744 | Reward 48.00 | Epsilon 0.0818
Seed 4 | Episode 745 | Reward 44.00 | Epsilon 0.0817
Seed 4 | Episode 746 | Reward 55.00 | Epsilon 0.0816
Seed 4 | Episode 747 | Reward 46.00 | Epsilon 0.0814
Seed 4 | Episode 748 | Reward -39.00 | Epsilon 0.0811
Seed 4 | Episode 749 | Reward 58.00 | Epsilon 0.0810
Seed 4 | Episode 750 | Reward 57.00 | Epsilon 0.0809
Seed 4 | Episode 751 | Reward 49.00 | Epsilon 0.0807
Seed 4 | Episode 752 | Reward -300.00 | Epsilon 0.0800
Seed 4 | Episode 753 | Reward 54.00 | Epsilon 0.0799
Seed 4 | Episode 754 | Reward 52.00 | Epsilon 0.0798
Seed 4 | Episode 755 | Reward 45.00 | Epsilon 0.0797
Seed 4 | Episode 756 | Reward 58.00 | Epsilon 0.0796
Seed 4 | Episode 757 | Reward 50.00 | Epsilon 0.0794
Seed 4 | Episode 758 | Reward 42.00 | Epsilon 0.0793
Seed 4 | Episode 759 | Reward 37.00 | Epsilon 0.0791
Seed 4 | Episode 760 | Reward 47.00 | Epsilon 0.0790
Seed 4 | Episode 761 | Reward 51.00 | Epsilon 0.0789
Seed 4 | Episode 762 | Reward -300.00 | Epsilon 0.0782
Seed 4 | Episode 763 | Reward 47.00 | Epsilon 0.0781
Seed 4 | Episode 764 | Reward 58.00 | Epsilon 0.0780
Seed 4 | Episode 765 | Reward 47.00 | Epsilon 0.0778
Seed 4 | Episode 766 | Reward 61.00 | Epsilon 0.0777
Seed 4 | Episode 767 | Reward 47.00 | Epsilon 0.0776
Seed 4 | Episode 768 | Reward 62.00 | Epsilon 0.0775
Seed 4 | Episode 769 | Reward -300.00 | Epsilon 0.0768
Seed 4 | Episode 770 | Reward 61.00 | Epsilon 0.0767
Seed 4 | Episode 771 | Reward 62.00 | Epsilon 0.0766
Seed 4 | Episode 772 | Reward 45.00 | Epsilon 0.0765
Seed 4 | Episode 773 | Reward -98.00 | Epsilon 0.0761
Seed 4 | Episode 774 | Reward 47.00 | Epsilon 0.0759
Seed 4 | Episode 775 | Reward 42.00 | Epsilon 0.0758
Seed 4 | Episode 776 | Reward -300.00 | Epsilon 0.0751
Seed 4 | Episode 777 | Reward 63.00 | Epsilon 0.0750
Seed 4 | Episode 778 | Reward 56.00 | Epsilon 0.0749
Seed 4 | Episode 779 | Reward -2.00 | Epsilon 0.0747
Seed 4 | Episode 780 | Reward 56.00 | Epsilon 0.0746
Seed 4 | Episode 781 | Reward 48.00 | Epsilon 0.0745
Seed 4 | Episode 782 | Reward 39.00 | Epsilon 0.0743
Seed 4 | Episode 783 | Reward -7.00 | Epsilon 0.0741
Seed 4 | Episode 784 | Reward 62.00 | Epsilon 0.0740
Seed 4 | Episode 785 | Reward -10.00 | Epsilon 0.0738
Seed 4 | Episode 786 | Reward -300.00 | Epsilon 0.0731
Seed 4 | Episode 787 | Reward 51.00 | Epsilon 0.0730
Seed 4 | Episode 788 | Reward 24.00 | Epsilon 0.0728
Seed 4 | Episode 789 | Reward -108.00 | Epsilon 0.0724
Seed 4 | Episode 790 | Reward 65.00 | Epsilon 0.0723
Seed 4 | Episode 791 | Reward 57.00 | Epsilon 0.0722
Seed 4 | Episode 792 | Reward 54.00 | Epsilon 0.0721
Seed 4 | Episode 793 | Reward 36.00 | Epsilon 0.0720
Seed 4 | Episode 794 | Reward 48.00 | Epsilon 0.0719
Seed 4 | Episode 795 | Reward 46.00 | Epsilon 0.0717
Seed 4 | Episode 796 | Reward 47.00 | Epsilon 0.0716
Seed 4 | Episode 797 | Reward 50.00 | Epsilon 0.0715
Seed 4 | Episode 798 | Reward 45.00 | Epsilon 0.0714
Seed 4 | Episode 799 | Reward -171.00 | Epsilon 0.0708
Seed 4 | Episode 800 | Reward 40.00 | Epsilon 0.0707
Seed 4 | Episode 801 | Reward 49.00 | Epsilon 0.0706
Seed 4 | Episode 802 | Reward 33.00 | Epsilon 0.0704
Seed 4 | Episode 803 | Reward -59.00 | Epsilon 0.0701
Seed 4 | Episode 804 | Reward 50.00 | Epsilon 0.0700
Seed 4 | Episode 805 | Reward 42.00 | Epsilon 0.0699
Seed 4 | Episode 806 | Reward -86.00 | Epsilon 0.0695
Seed 4 | Episode 807 | Reward -30.00 | Epsilon 0.0692
Seed 4 | Episode 808 | Reward 47.00 | Epsilon 0.0691
Seed 4 | Episode 809 | Reward 54.00 | Epsilon 0.0690
Seed 4 | Episode 810 | Reward -65.00 | Epsilon 0.0686
Seed 4 | Episode 811 | Reward 39.00 | Epsilon 0.0685
Seed 4 | Episode 812 | Reward 57.00 | Epsilon 0.0684
Seed 4 | Episode 813 | Reward 26.00 | Epsilon 0.0683
Seed 4 | Episode 814 | Reward 35.00 | Epsilon 0.0681
Seed 4 | Episode 815 | Reward 45.00 | Epsilon 0.0680
Seed 4 | Episode 816 | Reward 54.00 | Epsilon 0.0679
Seed 4 | Episode 817 | Reward 51.00 | Epsilon 0.0678
Seed 4 | Episode 818 | Reward 56.00 | Epsilon 0.0677
Seed 4 | Episode 819 | Reward 26.00 | Epsilon 0.0676
Seed 4 | Episode 820 | Reward 38.00 | Epsilon 0.0674
Seed 4 | Episode 821 | Reward -178.00 | Epsilon 0.0669
Seed 4 | Episode 822 | Reward -141.00 | Epsilon 0.0664
Seed 4 | Episode 823 | Reward 46.00 | Epsilon 0.0663
Seed 4 | Episode 824 | Reward 37.00 | Epsilon 0.0662
Seed 4 | Episode 825 | Reward -33.00 | Epsilon 0.0659
Seed 4 | Episode 826 | Reward 54.00 | Epsilon 0.0658
Seed 4 | Episode 827 | Reward 37.00 | Epsilon 0.0657
Seed 4 | Episode 828 | Reward -80.00 | Epsilon 0.0653
Seed 4 | Episode 829 | Reward 60.00 | Epsilon 0.0652
Seed 4 | Episode 830 | Reward -78.00 | Epsilon 0.0649
Seed 4 | Episode 831 | Reward 34.00 | Epsilon 0.0648
Seed 4 | Episode 832 | Reward 52.00 | Epsilon 0.0647
Seed 4 | Episode 833 | Reward 40.00 | Epsilon 0.0646
Seed 4 | Episode 834 | Reward 3.00 | Epsilon 0.0644
Seed 4 | Episode 835 | Reward 58.00 | Epsilon 0.0643
Seed 4 | Episode 836 | Reward 62.00 | Epsilon 0.0642
Seed 4 | Episode 837 | Reward -35.00 | Epsilon 0.0639
Seed 4 | Episode 838 | Reward 29.00 | Epsilon 0.0638
Seed 4 | Episode 839 | Reward -43.00 | Epsilon 0.0635
Seed 4 | Episode 840 | Reward -37.00 | Epsilon 0.0633
Seed 4 | Episode 841 | Reward -136.00 | Epsilon 0.0628
Seed 4 | Episode 842 | Reward 21.00 | Epsilon 0.0627
Seed 4 | Episode 843 | Reward 41.00 | Epsilon 0.0626
Seed 4 | Episode 844 | Reward 65.00 | Epsilon 0.0625
Seed 4 | Episode 845 | Reward 41.00 | Epsilon 0.0624
Seed 4 | Episode 846 | Reward 52.00 | Epsilon 0.0623
Seed 4 | Episode 847 | Reward 58.00 | Epsilon 0.0622
Seed 4 | Episode 848 | Reward 35.00 | Epsilon 0.0621
Seed 4 | Episode 849 | Reward 54.00 | Epsilon 0.0620
Seed 4 | Episode 850 | Reward 16.00 | Epsilon 0.0618
Seed 4 | Episode 851 | Reward 54.00 | Epsilon 0.0617
Seed 4 | Episode 852 | Reward 41.00 | Epsilon 0.0616
Seed 4 | Episode 853 | Reward -22.00 | Epsilon 0.0614
Seed 4 | Episode 854 | Reward 43.00 | Epsilon 0.0613
Seed 4 | Episode 855 | Reward -30.00 | Epsilon 0.0611
Seed 4 | Episode 856 | Reward 46.00 | Epsilon 0.0610
Seed 4 | Episode 857 | Reward 32.00 | Epsilon 0.0608
Seed 4 | Episode 858 | Reward 50.00 | Epsilon 0.0607
Seed 4 | Episode 859 | Reward 47.00 | Epsilon 0.0606
Seed 4 | Episode 860 | Reward -166.00 | Epsilon 0.0602
Seed 4 | Episode 861 | Reward 7.00 | Epsilon 0.0600
Seed 4 | Episode 862 | Reward 18.00 | Epsilon 0.0598
Seed 4 | Episode 863 | Reward 58.00 | Epsilon 0.0598
Seed 4 | Episode 864 | Reward 57.00 | Epsilon 0.0597
Seed 4 | Episode 865 | Reward -41.00 | Epsilon 0.0594
Seed 4 | Episode 866 | Reward -48.00 | Epsilon 0.0592
Seed 4 | Episode 867 | Reward 61.00 | Epsilon 0.0591
Seed 4 | Episode 868 | Reward 56.00 | Epsilon 0.0590
Seed 4 | Episode 869 | Reward 56.00 | Epsilon 0.0589
Seed 4 | Episode 870 | Reward 51.00 | Epsilon 0.0589
Seed 4 | Episode 871 | Reward 59.00 | Epsilon 0.0588
Seed 4 | Episode 872 | Reward -6.00 | Epsilon 0.0586
Seed 4 | Episode 873 | Reward 48.00 | Epsilon 0.0585
Seed 4 | Episode 874 | Reward 39.00 | Epsilon 0.0584
Seed 4 | Episode 875 | Reward 53.00 | Epsilon 0.0583
Seed 4 | Episode 876 | Reward 8.00 | Epsilon 0.0581
Seed 4 | Episode 877 | Reward 14.00 | Epsilon 0.0580
Seed 4 | Episode 878 | Reward 38.00 | Epsilon 0.0579
Seed 4 | Episode 879 | Reward 55.00 | Epsilon 0.0578
Seed 4 | Episode 880 | Reward 58.00 | Epsilon 0.0577
Seed 4 | Episode 881 | Reward 50.00 | Epsilon 0.0576
Seed 4 | Episode 882 | Reward 52.00 | Epsilon 0.0576
Seed 4 | Episode 883 | Reward 53.00 | Epsilon 0.0575
Seed 4 | Episode 884 | Reward 8.00 | Epsilon 0.0573
Seed 4 | Episode 885 | Reward -165.00 | Epsilon 0.0569
Seed 4 | Episode 886 | Reward 59.00 | Epsilon 0.0568
Seed 4 | Episode 887 | Reward 16.00 | Epsilon 0.0566
Seed 4 | Episode 888 | Reward 63.00 | Epsilon 0.0566
Seed 4 | Episode 889 | Reward 46.00 | Epsilon 0.0565
Seed 4 | Episode 890 | Reward 60.00 | Epsilon 0.0564
Seed 4 | Episode 891 | Reward 46.00 | Epsilon 0.0563
Seed 4 | Episode 892 | Reward 24.00 | Epsilon 0.0562
Seed 4 | Episode 893 | Reward 44.00 | Epsilon 0.0561
Seed 4 | Episode 894 | Reward 40.00 | Epsilon 0.0560
Seed 4 | Episode 895 | Reward 63.00 | Epsilon 0.0559
Seed 4 | Episode 896 | Reward 66.00 | Epsilon 0.0559
Seed 4 | Episode 897 | Reward 66.00 | Epsilon 0.0558
Seed 4 | Episode 898 | Reward 51.00 | Epsilon 0.0557
Seed 4 | Episode 899 | Reward 56.00 | Epsilon 0.0556
Seed 4 | Episode 900 | Reward 64.00 | Epsilon 0.0556
Seed 4 | Episode 901 | Reward -13.00 | Epsilon 0.0554
Seed 4 | Episode 902 | Reward 62.00 | Epsilon 0.0553
Seed 4 | Episode 903 | Reward -20.00 | Epsilon 0.0551
Seed 4 | Episode 904 | Reward -95.00 | Epsilon 0.0548
Seed 4 | Episode 905 | Reward -300.00 | Epsilon 0.0543
Seed 4 | Episode 906 | Reward 14.00 | Epsilon 0.0542
Seed 4 | Episode 907 | Reward 65.00 | Epsilon 0.0541
Seed 4 | Episode 908 | Reward 45.00 | Epsilon 0.0540
Seed 4 | Episode 909 | Reward -46.00 | Epsilon 0.0538
Seed 4 | Episode 910 | Reward -108.00 | Epsilon 0.0535
Seed 4 | Episode 911 | Reward 53.00 | Epsilon 0.0534
Seed 4 | Episode 912 | Reward 59.00 | Epsilon 0.0533
Seed 4 | Episode 913 | Reward -14.00 | Epsilon 0.0531
Seed 4 | Episode 914 | Reward -21.00 | Epsilon 0.0529
Seed 4 | Episode 915 | Reward 38.00 | Epsilon 0.0528
Seed 4 | Episode 916 | Reward 51.00 | Epsilon 0.0528
Seed 4 | Episode 917 | Reward 21.00 | Epsilon 0.0526
Seed 4 | Episode 918 | Reward 66.00 | Epsilon 0.0526
Seed 4 | Episode 919 | Reward 39.00 | Epsilon 0.0525
Seed 4 | Episode 920 | Reward 54.00 | Epsilon 0.0524
Seed 4 | Episode 921 | Reward 61.00 | Epsilon 0.0523
Seed 4 | Episode 922 | Reward 57.00 | Epsilon 0.0523
Seed 4 | Episode 923 | Reward -5.00 | Epsilon 0.0521
Seed 4 | Episode 924 | Reward 51.00 | Epsilon 0.0520
Seed 4 | Episode 925 | Reward -71.00 | Epsilon 0.0518
Seed 4 | Episode 926 | Reward 62.00 | Epsilon 0.0517
Seed 4 | Episode 927 | Reward 13.00 | Epsilon 0.0516
Seed 4 | Episode 928 | Reward 58.00 | Epsilon 0.0515
Seed 4 | Episode 929 | Reward 57.00 | Epsilon 0.0514
Seed 4 | Episode 930 | Reward 61.00 | Epsilon 0.0514
Seed 4 | Episode 931 | Reward 22.00 | Epsilon 0.0512
Seed 4 | Episode 932 | Reward 38.00 | Epsilon 0.0511
Seed 4 | Episode 933 | Reward 52.00 | Epsilon 0.0511
Seed 4 | Episode 934 | Reward 63.00 | Epsilon 0.0510
Seed 4 | Episode 935 | Reward -157.00 | Epsilon 0.0506
Seed 4 | Episode 936 | Reward 59.00 | Epsilon 0.0506
Seed 4 | Episode 937 | Reward 24.00 | Epsilon 0.0504
Seed 4 | Episode 938 | Reward 48.00 | Epsilon 0.0504
Seed 4 | Episode 939 | Reward 32.00 | Epsilon 0.0503
Seed 4 | Episode 940 | Reward 51.00 | Epsilon 0.0502
Seed 4 | Episode 941 | Reward 60.00 | Epsilon 0.0501
Seed 4 | Episode 942 | Reward -300.00 | Epsilon 0.0497
Seed 4 | Episode 943 | Reward 54.00 | Epsilon 0.0496
Seed 4 | Episode 944 | Reward 49.00 | Epsilon 0.0495
Seed 4 | Episode 945 | Reward 53.00 | Epsilon 0.0494
Seed 4 | Episode 946 | Reward -47.00 | Epsilon 0.0492
Seed 4 | Episode 947 | Reward 59.00 | Epsilon 0.0492
Seed 4 | Episode 948 | Reward 59.00 | Epsilon 0.0491
Seed 4 | Episode 949 | Reward 44.00 | Epsilon 0.0490
Seed 4 | Episode 950 | Reward 47.00 | Epsilon 0.0489
Seed 4 | Episode 951 | Reward 54.00 | Epsilon 0.0489
Seed 4 | Episode 952 | Reward 36.00 | Epsilon 0.0488
Seed 4 | Episode 953 | Reward 53.00 | Epsilon 0.0487
Seed 4 | Episode 954 | Reward 54.00 | Epsilon 0.0486
Seed 4 | Episode 955 | Reward -53.00 | Epsilon 0.0484
Seed 4 | Episode 956 | Reward 61.00 | Epsilon 0.0484
Seed 4 | Episode 957 | Reward 63.00 | Epsilon 0.0483
Seed 4 | Episode 958 | Reward 36.00 | Epsilon 0.0482
Seed 4 | Episode 959 | Reward -112.00 | Epsilon 0.0479
Seed 4 | Episode 960 | Reward 60.00 | Epsilon 0.0478
Seed 4 | Episode 961 | Reward 55.00 | Epsilon 0.0478
Seed 4 | Episode 962 | Reward -123.00 | Epsilon 0.0475
Seed 4 | Episode 963 | Reward 51.00 | Epsilon 0.0474
Seed 4 | Episode 964 | Reward 58.00 | Epsilon 0.0473
Seed 4 | Episode 965 | Reward 54.00 | Epsilon 0.0473
Seed 4 | Episode 966 | Reward 49.00 | Epsilon 0.0472
Seed 4 | Episode 967 | Reward 62.00 | Epsilon 0.0471
Seed 4 | Episode 968 | Reward 63.00 | Epsilon 0.0471
Seed 4 | Episode 969 | Reward 56.00 | Epsilon 0.0470
Seed 4 | Episode 970 | Reward 33.00 | Epsilon 0.0469
Seed 4 | Episode 971 | Reward 16.00 | Epsilon 0.0468
Seed 4 | Episode 972 | Reward 60.00 | Epsilon 0.0467
Seed 4 | Episode 973 | Reward 57.00 | Epsilon 0.0467
Seed 4 | Episode 974 | Reward -76.00 | Epsilon 0.0464
Seed 4 | Episode 975 | Reward 51.00 | Epsilon 0.0464
Seed 4 | Episode 976 | Reward 60.00 | Epsilon 0.0463
Seed 4 | Episode 977 | Reward -12.00 | Epsilon 0.0461
Seed 4 | Episode 978 | Reward -81.00 | Epsilon 0.0459
Seed 4 | Episode 979 | Reward 56.00 | Epsilon 0.0458
Seed 4 | Episode 980 | Reward 59.00 | Epsilon 0.0458
Seed 4 | Episode 981 | Reward 49.00 | Epsilon 0.0457
Seed 4 | Episode 982 | Reward -157.00 | Epsilon 0.0453
Seed 4 | Episode 983 | Reward -74.00 | Epsilon 0.0451
Seed 4 | Episode 984 | Reward 43.00 | Epsilon 0.0450
Seed 4 | Episode 985 | Reward 60.00 | Epsilon 0.0450
Seed 4 | Episode 986 | Reward 20.00 | Epsilon 0.0449
Seed 4 | Episode 987 | Reward 40.00 | Epsilon 0.0448
Seed 4 | Episode 988 | Reward 13.00 | Epsilon 0.0447
Seed 4 | Episode 989 | Reward -56.00 | Epsilon 0.0445
Seed 4 | Episode 990 | Reward 37.00 | Epsilon 0.0444
Seed 4 | Episode 991 | Reward 49.00 | Epsilon 0.0443
Seed 4 | Episode 992 | Reward 57.00 | Epsilon 0.0442
Seed 4 | Episode 993 | Reward 45.00 | Epsilon 0.0442
Seed 4 | Episode 994 | Reward 56.00 | Epsilon 0.0441
Seed 4 | Episode 995 | Reward 54.00 | Epsilon 0.0441
Seed 4 | Episode 996 | Reward 53.00 | Epsilon 0.0440
Seed 4 | Episode 997 | Reward 44.00 | Epsilon 0.0439
Seed 4 | Episode 998 | Reward 38.00 | Epsilon 0.0438
Seed 4 | Episode 999 | Reward -81.00 | Epsilon 0.0436
Finished seed 4
