starting job
Sun Dec  7 19:54:41 2025       
+-----------------------------------------------------------------------------------------+
| NVIDIA-SMI 580.65.06              Driver Version: 580.65.06      CUDA Version: 13.0     |
+-----------------------------------------+------------------------+----------------------+
| GPU  Name                 Persistence-M | Bus-Id          Disp.A | Volatile Uncorr. ECC |
| Fan  Temp   Perf          Pwr:Usage/Cap |           Memory-Usage | GPU-Util  Compute M. |
|                                         |                        |               MIG M. |
|=========================================+========================+======================|
|   0  NVIDIA H100 80GB HBM3          On  |   00000000:4C:00.0 Off |                   On |
| N/A   21C    P0             67W /  700W |     101MiB /  81559MiB |     N/A      Default |
|                                         |                        |              Enabled |
+-----------------------------------------+------------------------+----------------------+

+-----------------------------------------------------------------------------------------+
| MIG devices:                                                                            |
+------------------+----------------------------------+-----------+-----------------------+
| GPU  GI  CI  MIG |              Shared Memory-Usage |        Vol|        Shared         |
|      ID  ID  Dev |                Shared BAR1-Usage | SM     Unc| CE ENC  DEC  OFA  JPG |
|                  |                                  |        ECC|                       |
|==================+==================================+===========+=======================|
|  0   10   0   0  |              15MiB /  9984MiB    | 16      0 |  1   0    1    0    1 |
|                  |               0MiB /  6185MiB    |           |                       |
+------------------+----------------------------------+-----------+-----------------------+

+-----------------------------------------------------------------------------------------+
| Processes:                                                                              |
|  GPU   GI   CI              PID   Type   Process name                        GPU Memory |
|        ID   ID                                                               Usage      |
|=========================================================================================|
|  No running processes found                                                             |
+-----------------------------------------------------------------------------------------+
Running seed 9
Gym has been unmaintained since 2022 and does not support NumPy 2.0 amongst other critical functionality.
Please upgrade to Gymnasium, the maintained drop-in replacement of Gym, or contact the authors of your software and request that they upgrade.
Users of this version of Gym should be able to simply replace 'import gym' with 'import gymnasium as gym' in the vast majority of cases.
See the migration guide at https://gymnasium.farama.org/introduction/migration_guide/ for additional information.
Seed 9 | Episode 0 | Reward -300.00 | Epsilon 0.9987
Seed 9 | Episode 1 | Reward -300.00 | Epsilon 0.9897
Seed 9 | Episode 2 | Reward -300.00 | Epsilon 0.9808
Seed 9 | Episode 3 | Reward -300.00 | Epsilon 0.9720
Seed 9 | Episode 4 | Reward -300.00 | Epsilon 0.9633
Seed 9 | Episode 5 | Reward -300.00 | Epsilon 0.9547
Seed 9 | Episode 6 | Reward -300.00 | Epsilon 0.9462
Seed 9 | Episode 7 | Reward -300.00 | Epsilon 0.9377
Seed 9 | Episode 8 | Reward -300.00 | Epsilon 0.9293
Seed 9 | Episode 9 | Reward -300.00 | Epsilon 0.9209
Seed 9 | Episode 10 | Reward -300.00 | Epsilon 0.9127
Seed 9 | Episode 11 | Reward -300.00 | Epsilon 0.9045
Seed 9 | Episode 12 | Reward -300.00 | Epsilon 0.8964
Seed 9 | Episode 13 | Reward -300.00 | Epsilon 0.8884
Seed 9 | Episode 14 | Reward -300.00 | Epsilon 0.8804
Seed 9 | Episode 15 | Reward -300.00 | Epsilon 0.8725
Seed 9 | Episode 16 | Reward -300.00 | Epsilon 0.8647
Seed 9 | Episode 17 | Reward -300.00 | Epsilon 0.8570
Seed 9 | Episode 18 | Reward -300.00 | Epsilon 0.8493
Seed 9 | Episode 19 | Reward -300.00 | Epsilon 0.8417
Seed 9 | Episode 20 | Reward -300.00 | Epsilon 0.8341
Seed 9 | Episode 21 | Reward -300.00 | Epsilon 0.8267
Seed 9 | Episode 22 | Reward -300.00 | Epsilon 0.8193
Seed 9 | Episode 23 | Reward -300.00 | Epsilon 0.8119
Seed 9 | Episode 24 | Reward -300.00 | Epsilon 0.8046
Seed 9 | Episode 25 | Reward -300.00 | Epsilon 0.7974
Seed 9 | Episode 26 | Reward -300.00 | Epsilon 0.7903
Seed 9 | Episode 27 | Reward -300.00 | Epsilon 0.7832
Seed 9 | Episode 28 | Reward -300.00 | Epsilon 0.7762
Seed 9 | Episode 29 | Reward -300.00 | Epsilon 0.7692
Seed 9 | Episode 30 | Reward -300.00 | Epsilon 0.7623
Seed 9 | Episode 31 | Reward -300.00 | Epsilon 0.7555
Seed 9 | Episode 32 | Reward -300.00 | Epsilon 0.7487
Seed 9 | Episode 33 | Reward -300.00 | Epsilon 0.7420
Seed 9 | Episode 34 | Reward -300.00 | Epsilon 0.7354
Seed 9 | Episode 35 | Reward -300.00 | Epsilon 0.7288
Seed 9 | Episode 36 | Reward -300.00 | Epsilon 0.7223
Seed 9 | Episode 37 | Reward -300.00 | Epsilon 0.7158
Seed 9 | Episode 38 | Reward -300.00 | Epsilon 0.7094
Seed 9 | Episode 39 | Reward -300.00 | Epsilon 0.7030
Seed 9 | Episode 40 | Reward -300.00 | Epsilon 0.6967
Seed 9 | Episode 41 | Reward -300.00 | Epsilon 0.6905
Seed 9 | Episode 42 | Reward -300.00 | Epsilon 0.6843
Seed 9 | Episode 43 | Reward -300.00 | Epsilon 0.6782
Seed 9 | Episode 44 | Reward -300.00 | Epsilon 0.6721
Seed 9 | Episode 45 | Reward -300.00 | Epsilon 0.6661
Seed 9 | Episode 46 | Reward -300.00 | Epsilon 0.6601
Seed 9 | Episode 47 | Reward -300.00 | Epsilon 0.6542
Seed 9 | Episode 48 | Reward -300.00 | Epsilon 0.6483
Seed 9 | Episode 49 | Reward 11.00 | Epsilon 0.6466
Seed 9 | Episode 50 | Reward -300.00 | Epsilon 0.6408
Seed 9 | Episode 51 | Reward -300.00 | Epsilon 0.6350
Seed 9 | Episode 52 | Reward -300.00 | Epsilon 0.6294
Seed 9 | Episode 53 | Reward -300.00 | Epsilon 0.6237
Seed 9 | Episode 54 | Reward -300.00 | Epsilon 0.6181
Seed 9 | Episode 55 | Reward -300.00 | Epsilon 0.6126
Seed 9 | Episode 56 | Reward -300.00 | Epsilon 0.6071
Seed 9 | Episode 57 | Reward -300.00 | Epsilon 0.6017
Seed 9 | Episode 58 | Reward -300.00 | Epsilon 0.5963
Seed 9 | Episode 59 | Reward -300.00 | Epsilon 0.5909
Seed 9 | Episode 60 | Reward -300.00 | Epsilon 0.5856
Seed 9 | Episode 61 | Reward -300.00 | Epsilon 0.5804
Seed 9 | Episode 62 | Reward -300.00 | Epsilon 0.5752
Seed 9 | Episode 63 | Reward -300.00 | Epsilon 0.5700
Seed 9 | Episode 64 | Reward -300.00 | Epsilon 0.5649
Seed 9 | Episode 65 | Reward -300.00 | Epsilon 0.5599
Seed 9 | Episode 66 | Reward -300.00 | Epsilon 0.5548
Seed 9 | Episode 67 | Reward -300.00 | Epsilon 0.5499
Seed 9 | Episode 68 | Reward -300.00 | Epsilon 0.5450
Seed 9 | Episode 69 | Reward -300.00 | Epsilon 0.5401
Seed 9 | Episode 70 | Reward -300.00 | Epsilon 0.5352
Seed 9 | Episode 71 | Reward -300.00 | Epsilon 0.5304
Seed 9 | Episode 72 | Reward -300.00 | Epsilon 0.5257
Seed 9 | Episode 73 | Reward -300.00 | Epsilon 0.5210
Seed 9 | Episode 74 | Reward -300.00 | Epsilon 0.5163
Seed 9 | Episode 75 | Reward -300.00 | Epsilon 0.5117
Seed 9 | Episode 76 | Reward -300.00 | Epsilon 0.5071
Seed 9 | Episode 77 | Reward -300.00 | Epsilon 0.5025
Seed 9 | Episode 78 | Reward -300.00 | Epsilon 0.4980
Seed 9 | Episode 79 | Reward -300.00 | Epsilon 0.4936
Seed 9 | Episode 80 | Reward -300.00 | Epsilon 0.4892
Seed 9 | Episode 81 | Reward -300.00 | Epsilon 0.4848
Seed 9 | Episode 82 | Reward -300.00 | Epsilon 0.4804
Seed 9 | Episode 83 | Reward -300.00 | Epsilon 0.4761
Seed 9 | Episode 84 | Reward -300.00 | Epsilon 0.4719
Seed 9 | Episode 85 | Reward -300.00 | Epsilon 0.4676
Seed 9 | Episode 86 | Reward -300.00 | Epsilon 0.4634
Seed 9 | Episode 87 | Reward -300.00 | Epsilon 0.4593
Seed 9 | Episode 88 | Reward -300.00 | Epsilon 0.4552
Seed 9 | Episode 89 | Reward -300.00 | Epsilon 0.4511
Seed 9 | Episode 90 | Reward -300.00 | Epsilon 0.4471
Seed 9 | Episode 91 | Reward -300.00 | Epsilon 0.4431
Seed 9 | Episode 92 | Reward -300.00 | Epsilon 0.4391
Seed 9 | Episode 93 | Reward -300.00 | Epsilon 0.4352
Seed 9 | Episode 94 | Reward -300.00 | Epsilon 0.4313
Seed 9 | Episode 95 | Reward -300.00 | Epsilon 0.4274
Seed 9 | Episode 96 | Reward -300.00 | Epsilon 0.4236
Seed 9 | Episode 97 | Reward -300.00 | Epsilon 0.4198
Seed 9 | Episode 98 | Reward -300.00 | Epsilon 0.4160
Seed 9 | Episode 99 | Reward -300.00 | Epsilon 0.4123
Seed 9 | Episode 100 | Reward -300.00 | Epsilon 0.4086
Seed 9 | Episode 101 | Reward -300.00 | Epsilon 0.4049
Seed 9 | Episode 102 | Reward -300.00 | Epsilon 0.4013
Seed 9 | Episode 103 | Reward -300.00 | Epsilon 0.3977
Seed 9 | Episode 104 | Reward -300.00 | Epsilon 0.3941
Seed 9 | Episode 105 | Reward -300.00 | Epsilon 0.3906
Seed 9 | Episode 106 | Reward -300.00 | Epsilon 0.3871
Seed 9 | Episode 107 | Reward -300.00 | Epsilon 0.3836
Seed 9 | Episode 108 | Reward -300.00 | Epsilon 0.3802
Seed 9 | Episode 109 | Reward -300.00 | Epsilon 0.3768
Seed 9 | Episode 110 | Reward -300.00 | Epsilon 0.3734
Seed 9 | Episode 111 | Reward -300.00 | Epsilon 0.3701
Seed 9 | Episode 112 | Reward -300.00 | Epsilon 0.3668
Seed 9 | Episode 113 | Reward -300.00 | Epsilon 0.3635
Seed 9 | Episode 114 | Reward -300.00 | Epsilon 0.3602
Seed 9 | Episode 115 | Reward -300.00 | Epsilon 0.3570
Seed 9 | Episode 116 | Reward -300.00 | Epsilon 0.3538
Seed 9 | Episode 117 | Reward -300.00 | Epsilon 0.3506
Seed 9 | Episode 118 | Reward -300.00 | Epsilon 0.3475
Seed 9 | Episode 119 | Reward -300.00 | Epsilon 0.3444
Seed 9 | Episode 120 | Reward -300.00 | Epsilon 0.3413
Seed 9 | Episode 121 | Reward -300.00 | Epsilon 0.3382
Seed 9 | Episode 122 | Reward -300.00 | Epsilon 0.3352
Seed 9 | Episode 123 | Reward -300.00 | Epsilon 0.3322
Seed 9 | Episode 124 | Reward -300.00 | Epsilon 0.3292
Seed 9 | Episode 125 | Reward -300.00 | Epsilon 0.3263
Seed 9 | Episode 126 | Reward -300.00 | Epsilon 0.3233
Seed 9 | Episode 127 | Reward -300.00 | Epsilon 0.3204
Seed 9 | Episode 128 | Reward -300.00 | Epsilon 0.3176
Seed 9 | Episode 129 | Reward -300.00 | Epsilon 0.3147
Seed 9 | Episode 130 | Reward -300.00 | Epsilon 0.3119
Seed 9 | Episode 131 | Reward -300.00 | Epsilon 0.3091
Seed 9 | Episode 132 | Reward -300.00 | Epsilon 0.3063
Seed 9 | Episode 133 | Reward -300.00 | Epsilon 0.3036
Seed 9 | Episode 134 | Reward -300.00 | Epsilon 0.3009
Seed 9 | Episode 135 | Reward -300.00 | Epsilon 0.2982
Seed 9 | Episode 136 | Reward -300.00 | Epsilon 0.2955
Seed 9 | Episode 137 | Reward -300.00 | Epsilon 0.2929
Seed 9 | Episode 138 | Reward -300.00 | Epsilon 0.2902
Seed 9 | Episode 139 | Reward -300.00 | Epsilon 0.2876
Seed 9 | Episode 140 | Reward -300.00 | Epsilon 0.2851
Seed 9 | Episode 141 | Reward -300.00 | Epsilon 0.2825
Seed 9 | Episode 142 | Reward -300.00 | Epsilon 0.2800
Seed 9 | Episode 143 | Reward -300.00 | Epsilon 0.2775
Seed 9 | Episode 144 | Reward -300.00 | Epsilon 0.2750
Seed 9 | Episode 145 | Reward -300.00 | Epsilon 0.2725
Seed 9 | Episode 146 | Reward -300.00 | Epsilon 0.2701
Seed 9 | Episode 147 | Reward -300.00 | Epsilon 0.2677
Seed 9 | Episode 148 | Reward -300.00 | Epsilon 0.2653
Seed 9 | Episode 149 | Reward -300.00 | Epsilon 0.2629
Seed 9 | Episode 150 | Reward -300.00 | Epsilon 0.2605
Seed 9 | Episode 151 | Reward -300.00 | Epsilon 0.2582
Seed 9 | Episode 152 | Reward -300.00 | Epsilon 0.2559
Seed 9 | Episode 153 | Reward -300.00 | Epsilon 0.2536
Seed 9 | Episode 154 | Reward -300.00 | Epsilon 0.2513
Seed 9 | Episode 155 | Reward -300.00 | Epsilon 0.2491
Seed 9 | Episode 156 | Reward -300.00 | Epsilon 0.2468
Seed 9 | Episode 157 | Reward -300.00 | Epsilon 0.2446
Seed 9 | Episode 158 | Reward -300.00 | Epsilon 0.2424
Seed 9 | Episode 159 | Reward -300.00 | Epsilon 0.2403
Seed 9 | Episode 160 | Reward -300.00 | Epsilon 0.2381
Seed 9 | Episode 161 | Reward -300.00 | Epsilon 0.2360
Seed 9 | Episode 162 | Reward -300.00 | Epsilon 0.2339
Seed 9 | Episode 163 | Reward -300.00 | Epsilon 0.2318
Seed 9 | Episode 164 | Reward -300.00 | Epsilon 0.2297
Seed 9 | Episode 165 | Reward -300.00 | Epsilon 0.2276
Seed 9 | Episode 166 | Reward -300.00 | Epsilon 0.2256
Seed 9 | Episode 167 | Reward -300.00 | Epsilon 0.2236
Seed 9 | Episode 168 | Reward -300.00 | Epsilon 0.2216
Seed 9 | Episode 169 | Reward -300.00 | Epsilon 0.2196
Seed 9 | Episode 170 | Reward -300.00 | Epsilon 0.2176
Seed 9 | Episode 171 | Reward -300.00 | Epsilon 0.2157
Seed 9 | Episode 172 | Reward -300.00 | Epsilon 0.2137
Seed 9 | Episode 173 | Reward -300.00 | Epsilon 0.2118
Seed 9 | Episode 174 | Reward -300.00 | Epsilon 0.2099
Seed 9 | Episode 175 | Reward -300.00 | Epsilon 0.2080
Seed 9 | Episode 176 | Reward -300.00 | Epsilon 0.2062
Seed 9 | Episode 177 | Reward -300.00 | Epsilon 0.2043
Seed 9 | Episode 178 | Reward -300.00 | Epsilon 0.2025
Seed 9 | Episode 179 | Reward -300.00 | Epsilon 0.2007
Seed 9 | Episode 180 | Reward -300.00 | Epsilon 0.1989
Seed 9 | Episode 181 | Reward -300.00 | Epsilon 0.1971
Seed 9 | Episode 182 | Reward -300.00 | Epsilon 0.1953
Seed 9 | Episode 183 | Reward -300.00 | Epsilon 0.1936
Seed 9 | Episode 184 | Reward -300.00 | Epsilon 0.1918
Seed 9 | Episode 185 | Reward -300.00 | Epsilon 0.1901
Seed 9 | Episode 186 | Reward -300.00 | Epsilon 0.1884
Seed 9 | Episode 187 | Reward -300.00 | Epsilon 0.1867
Seed 9 | Episode 188 | Reward -300.00 | Epsilon 0.1851
Seed 9 | Episode 189 | Reward -300.00 | Epsilon 0.1834
Seed 9 | Episode 190 | Reward -300.00 | Epsilon 0.1818
Seed 9 | Episode 191 | Reward -300.00 | Epsilon 0.1801
Seed 9 | Episode 192 | Reward -300.00 | Epsilon 0.1785
Seed 9 | Episode 193 | Reward -300.00 | Epsilon 0.1769
Seed 9 | Episode 194 | Reward -300.00 | Epsilon 0.1753
Seed 9 | Episode 195 | Reward -300.00 | Epsilon 0.1738
Seed 9 | Episode 196 | Reward -300.00 | Epsilon 0.1722
Seed 9 | Episode 197 | Reward -300.00 | Epsilon 0.1707
Seed 9 | Episode 198 | Reward -300.00 | Epsilon 0.1691
Seed 9 | Episode 199 | Reward -300.00 | Epsilon 0.1676
Seed 9 | Episode 200 | Reward -300.00 | Epsilon 0.1661
Seed 9 | Episode 201 | Reward -300.00 | Epsilon 0.1646
Seed 9 | Episode 202 | Reward -300.00 | Epsilon 0.1632
Seed 9 | Episode 203 | Reward -300.00 | Epsilon 0.1617
Seed 9 | Episode 204 | Reward -300.00 | Epsilon 0.1602
Seed 9 | Episode 205 | Reward -300.00 | Epsilon 0.1588
Seed 9 | Episode 206 | Reward -300.00 | Epsilon 0.1574
Seed 9 | Episode 207 | Reward -300.00 | Epsilon 0.1560
Seed 9 | Episode 208 | Reward -300.00 | Epsilon 0.1546
Seed 9 | Episode 209 | Reward -300.00 | Epsilon 0.1532
Seed 9 | Episode 210 | Reward -300.00 | Epsilon 0.1518
Seed 9 | Episode 211 | Reward -300.00 | Epsilon 0.1505
Seed 9 | Episode 212 | Reward -300.00 | Epsilon 0.1491
Seed 9 | Episode 213 | Reward -300.00 | Epsilon 0.1478
Seed 9 | Episode 214 | Reward -300.00 | Epsilon 0.1464
Seed 9 | Episode 215 | Reward -300.00 | Epsilon 0.1451
Seed 9 | Episode 216 | Reward -300.00 | Epsilon 0.1438
Seed 9 | Episode 217 | Reward -300.00 | Epsilon 0.1425
Seed 9 | Episode 218 | Reward -300.00 | Epsilon 0.1413
Seed 9 | Episode 219 | Reward -300.00 | Epsilon 0.1400
Seed 9 | Episode 220 | Reward -300.00 | Epsilon 0.1388
Seed 9 | Episode 221 | Reward -300.00 | Epsilon 0.1375
Seed 9 | Episode 222 | Reward -300.00 | Epsilon 0.1363
Seed 9 | Episode 223 | Reward -300.00 | Epsilon 0.1351
Seed 9 | Episode 224 | Reward -300.00 | Epsilon 0.1338
Seed 9 | Episode 225 | Reward -300.00 | Epsilon 0.1326
Seed 9 | Episode 226 | Reward -300.00 | Epsilon 0.1315
Seed 9 | Episode 227 | Reward -300.00 | Epsilon 0.1303
Seed 9 | Episode 228 | Reward -300.00 | Epsilon 0.1291
Seed 9 | Episode 229 | Reward -300.00 | Epsilon 0.1280
Seed 9 | Episode 230 | Reward -300.00 | Epsilon 0.1268
Seed 9 | Episode 231 | Reward -300.00 | Epsilon 0.1257
Seed 9 | Episode 232 | Reward -300.00 | Epsilon 0.1245
Seed 9 | Episode 233 | Reward -79.00 | Epsilon 0.1239
Seed 9 | Episode 234 | Reward -300.00 | Epsilon 0.1228
Seed 9 | Episode 235 | Reward -300.00 | Epsilon 0.1217
Seed 9 | Episode 236 | Reward -300.00 | Epsilon 0.1206
Seed 9 | Episode 237 | Reward -300.00 | Epsilon 0.1195
Seed 9 | Episode 238 | Reward -300.00 | Epsilon 0.1184
Seed 9 | Episode 239 | Reward -300.00 | Epsilon 0.1174
Seed 9 | Episode 240 | Reward -300.00 | Epsilon 0.1163
Seed 9 | Episode 241 | Reward -300.00 | Epsilon 0.1153
Seed 9 | Episode 242 | Reward -300.00 | Epsilon 0.1142
Seed 9 | Episode 243 | Reward -300.00 | Epsilon 0.1132
Seed 9 | Episode 244 | Reward -300.00 | Epsilon 0.1122
Seed 9 | Episode 245 | Reward -300.00 | Epsilon 0.1112
Seed 9 | Episode 246 | Reward -300.00 | Epsilon 0.1102
Seed 9 | Episode 247 | Reward 17.00 | Epsilon 0.1099
Seed 9 | Episode 248 | Reward -300.00 | Epsilon 0.1089
Seed 9 | Episode 249 | Reward -300.00 | Epsilon 0.1080
Seed 9 | Episode 250 | Reward -300.00 | Epsilon 0.1070
Seed 9 | Episode 251 | Reward -300.00 | Epsilon 0.1060
Seed 9 | Episode 252 | Reward -300.00 | Epsilon 0.1051
Seed 9 | Episode 253 | Reward -300.00 | Epsilon 0.1041
Seed 9 | Episode 254 | Reward -300.00 | Epsilon 0.1032
Seed 9 | Episode 255 | Reward -300.00 | Epsilon 0.1023
Seed 9 | Episode 256 | Reward -300.00 | Epsilon 0.1014
Seed 9 | Episode 257 | Reward -300.00 | Epsilon 0.1005
Seed 9 | Episode 258 | Reward -300.00 | Epsilon 0.0996
Seed 9 | Episode 259 | Reward -300.00 | Epsilon 0.0987
Seed 9 | Episode 260 | Reward -300.00 | Epsilon 0.0978
Seed 9 | Episode 261 | Reward -300.00 | Epsilon 0.0969
Seed 9 | Episode 262 | Reward -300.00 | Epsilon 0.0960
Seed 9 | Episode 263 | Reward -300.00 | Epsilon 0.0952
Seed 9 | Episode 264 | Reward -300.00 | Epsilon 0.0943
Seed 9 | Episode 265 | Reward -300.00 | Epsilon 0.0935
Seed 9 | Episode 266 | Reward -300.00 | Epsilon 0.0926
Seed 9 | Episode 267 | Reward -300.00 | Epsilon 0.0918
Seed 9 | Episode 268 | Reward -300.00 | Epsilon 0.0910
Seed 9 | Episode 269 | Reward -300.00 | Epsilon 0.0902
Seed 9 | Episode 270 | Reward -300.00 | Epsilon 0.0894
Seed 9 | Episode 271 | Reward -300.00 | Epsilon 0.0886
Seed 9 | Episode 272 | Reward -300.00 | Epsilon 0.0878
Seed 9 | Episode 273 | Reward -300.00 | Epsilon 0.0870
Seed 9 | Episode 274 | Reward -300.00 | Epsilon 0.0862
Seed 9 | Episode 275 | Reward -300.00 | Epsilon 0.0854
Seed 9 | Episode 276 | Reward -300.00 | Epsilon 0.0847
Seed 9 | Episode 277 | Reward -300.00 | Epsilon 0.0839
Seed 9 | Episode 278 | Reward -300.00 | Epsilon 0.0832
Seed 9 | Episode 279 | Reward -300.00 | Epsilon 0.0824
Seed 9 | Episode 280 | Reward -300.00 | Epsilon 0.0817
Seed 9 | Episode 281 | Reward -300.00 | Epsilon 0.0809
Seed 9 | Episode 282 | Reward -300.00 | Epsilon 0.0802
Seed 9 | Episode 283 | Reward -300.00 | Epsilon 0.0795
Seed 9 | Episode 284 | Reward -300.00 | Epsilon 0.0788
Seed 9 | Episode 285 | Reward -300.00 | Epsilon 0.0781
Seed 9 | Episode 286 | Reward -300.00 | Epsilon 0.0774
Seed 9 | Episode 287 | Reward -300.00 | Epsilon 0.0767
Seed 9 | Episode 288 | Reward -300.00 | Epsilon 0.0760
Seed 9 | Episode 289 | Reward -300.00 | Epsilon 0.0753
Seed 9 | Episode 290 | Reward -300.00 | Epsilon 0.0746
Seed 9 | Episode 291 | Reward -300.00 | Epsilon 0.0740
Seed 9 | Episode 292 | Reward -300.00 | Epsilon 0.0733
Seed 9 | Episode 293 | Reward -300.00 | Epsilon 0.0727
Seed 9 | Episode 294 | Reward -300.00 | Epsilon 0.0720
Seed 9 | Episode 295 | Reward -300.00 | Epsilon 0.0714
Seed 9 | Episode 296 | Reward -300.00 | Epsilon 0.0707
Seed 9 | Episode 297 | Reward -300.00 | Epsilon 0.0701
Seed 9 | Episode 298 | Reward -300.00 | Epsilon 0.0695
Seed 9 | Episode 299 | Reward -300.00 | Epsilon 0.0688
Seed 9 | Episode 300 | Reward -300.00 | Epsilon 0.0682
Seed 9 | Episode 301 | Reward -300.00 | Epsilon 0.0676
Seed 9 | Episode 302 | Reward -300.00 | Epsilon 0.0670
Seed 9 | Episode 303 | Reward -300.00 | Epsilon 0.0664
Seed 9 | Episode 304 | Reward -300.00 | Epsilon 0.0658
Seed 9 | Episode 305 | Reward -300.00 | Epsilon 0.0652
Seed 9 | Episode 306 | Reward -300.00 | Epsilon 0.0646
Seed 9 | Episode 307 | Reward -300.00 | Epsilon 0.0641
Seed 9 | Episode 308 | Reward -300.00 | Epsilon 0.0635
Seed 9 | Episode 309 | Reward -300.00 | Epsilon 0.0629
Seed 9 | Episode 310 | Reward -300.00 | Epsilon 0.0623
Seed 9 | Episode 311 | Reward -300.00 | Epsilon 0.0618
Seed 9 | Episode 312 | Reward -300.00 | Epsilon 0.0612
Seed 9 | Episode 313 | Reward -300.00 | Epsilon 0.0607
Seed 9 | Episode 314 | Reward -300.00 | Epsilon 0.0601
Seed 9 | Episode 315 | Reward -300.00 | Epsilon 0.0596
Seed 9 | Episode 316 | Reward -300.00 | Epsilon 0.0591
Seed 9 | Episode 317 | Reward -300.00 | Epsilon 0.0585
Seed 9 | Episode 318 | Reward -300.00 | Epsilon 0.0580
Seed 9 | Episode 319 | Reward -300.00 | Epsilon 0.0575
Seed 9 | Episode 320 | Reward -300.00 | Epsilon 0.0570
Seed 9 | Episode 321 | Reward -300.00 | Epsilon 0.0565
Seed 9 | Episode 322 | Reward -300.00 | Epsilon 0.0560
Seed 9 | Episode 323 | Reward -300.00 | Epsilon 0.0555
Seed 9 | Episode 324 | Reward -300.00 | Epsilon 0.0550
Seed 9 | Episode 325 | Reward -300.00 | Epsilon 0.0545
Seed 9 | Episode 326 | Reward -300.00 | Epsilon 0.0540
Seed 9 | Episode 327 | Reward -300.00 | Epsilon 0.0535
Seed 9 | Episode 328 | Reward -300.00 | Epsilon 0.0530
Seed 9 | Episode 329 | Reward -300.00 | Epsilon 0.0525
Seed 9 | Episode 330 | Reward -300.00 | Epsilon 0.0521
Seed 9 | Episode 331 | Reward -300.00 | Epsilon 0.0516
Seed 9 | Episode 332 | Reward -300.00 | Epsilon 0.0511
Seed 9 | Episode 333 | Reward -300.00 | Epsilon 0.0507
Seed 9 | Episode 334 | Reward -300.00 | Epsilon 0.0502
Seed 9 | Episode 335 | Reward -300.00 | Epsilon 0.0498
Seed 9 | Episode 336 | Reward -300.00 | Epsilon 0.0493
Seed 9 | Episode 337 | Reward -300.00 | Epsilon 0.0489
Seed 9 | Episode 338 | Reward -300.00 | Epsilon 0.0485
Seed 9 | Episode 339 | Reward -300.00 | Epsilon 0.0480
Seed 9 | Episode 340 | Reward -300.00 | Epsilon 0.0476
Seed 9 | Episode 341 | Reward -300.00 | Epsilon 0.0472
Seed 9 | Episode 342 | Reward -300.00 | Epsilon 0.0467
Seed 9 | Episode 343 | Reward -300.00 | Epsilon 0.0463
Seed 9 | Episode 344 | Reward -300.00 | Epsilon 0.0459
Seed 9 | Episode 345 | Reward -300.00 | Epsilon 0.0455
Seed 9 | Episode 346 | Reward -300.00 | Epsilon 0.0451
Seed 9 | Episode 347 | Reward -300.00 | Epsilon 0.0447
Seed 9 | Episode 348 | Reward -300.00 | Epsilon 0.0443
Seed 9 | Episode 349 | Reward -300.00 | Epsilon 0.0439
Seed 9 | Episode 350 | Reward -300.00 | Epsilon 0.0435
Seed 9 | Episode 351 | Reward -300.00 | Epsilon 0.0431
Seed 9 | Episode 352 | Reward -300.00 | Epsilon 0.0427
Seed 9 | Episode 353 | Reward -300.00 | Epsilon 0.0423
Seed 9 | Episode 354 | Reward -300.00 | Epsilon 0.0420
Seed 9 | Episode 355 | Reward -300.00 | Epsilon 0.0416
Seed 9 | Episode 356 | Reward -300.00 | Epsilon 0.0412
Seed 9 | Episode 357 | Reward -300.00 | Epsilon 0.0408
Seed 9 | Episode 358 | Reward -300.00 | Epsilon 0.0405
Seed 9 | Episode 359 | Reward -300.00 | Epsilon 0.0401
Seed 9 | Episode 360 | Reward -300.00 | Epsilon 0.0398
Seed 9 | Episode 361 | Reward -300.00 | Epsilon 0.0394
Seed 9 | Episode 362 | Reward -300.00 | Epsilon 0.0390
Seed 9 | Episode 363 | Reward -300.00 | Epsilon 0.0387
Seed 9 | Episode 364 | Reward -300.00 | Epsilon 0.0383
Seed 9 | Episode 365 | Reward -300.00 | Epsilon 0.0380
Seed 9 | Episode 366 | Reward -300.00 | Epsilon 0.0377
Seed 9 | Episode 367 | Reward -300.00 | Epsilon 0.0373
Seed 9 | Episode 368 | Reward -300.00 | Epsilon 0.0370
Seed 9 | Episode 369 | Reward -300.00 | Epsilon 0.0367
Seed 9 | Episode 370 | Reward -300.00 | Epsilon 0.0363
Seed 9 | Episode 371 | Reward -300.00 | Epsilon 0.0360
Seed 9 | Episode 372 | Reward -300.00 | Epsilon 0.0357
Seed 9 | Episode 373 | Reward -300.00 | Epsilon 0.0354
Seed 9 | Episode 374 | Reward -300.00 | Epsilon 0.0350
Seed 9 | Episode 375 | Reward -300.00 | Epsilon 0.0347
Seed 9 | Episode 376 | Reward -300.00 | Epsilon 0.0344
Seed 9 | Episode 377 | Reward -300.00 | Epsilon 0.0341
Seed 9 | Episode 378 | Reward -300.00 | Epsilon 0.0338
Seed 9 | Episode 379 | Reward -300.00 | Epsilon 0.0335
Seed 9 | Episode 380 | Reward -300.00 | Epsilon 0.0332
Seed 9 | Episode 381 | Reward -300.00 | Epsilon 0.0329
Seed 9 | Episode 382 | Reward -300.00 | Epsilon 0.0326
Seed 9 | Episode 383 | Reward -300.00 | Epsilon 0.0323
Seed 9 | Episode 384 | Reward -300.00 | Epsilon 0.0320
Seed 9 | Episode 385 | Reward -300.00 | Epsilon 0.0317
Seed 9 | Episode 386 | Reward -300.00 | Epsilon 0.0315
Seed 9 | Episode 387 | Reward -300.00 | Epsilon 0.0312
Seed 9 | Episode 388 | Reward -300.00 | Epsilon 0.0309
Seed 9 | Episode 389 | Reward -300.00 | Epsilon 0.0306
Seed 9 | Episode 390 | Reward -300.00 | Epsilon 0.0303
Seed 9 | Episode 391 | Reward -300.00 | Epsilon 0.0301
Seed 9 | Episode 392 | Reward -300.00 | Epsilon 0.0298
Seed 9 | Episode 393 | Reward -300.00 | Epsilon 0.0295
Seed 9 | Episode 394 | Reward -300.00 | Epsilon 0.0293
Seed 9 | Episode 395 | Reward -300.00 | Epsilon 0.0290
Seed 9 | Episode 396 | Reward -300.00 | Epsilon 0.0288
Seed 9 | Episode 397 | Reward -300.00 | Epsilon 0.0285
Seed 9 | Episode 398 | Reward -300.00 | Epsilon 0.0282
Seed 9 | Episode 399 | Reward -300.00 | Epsilon 0.0280
Seed 9 | Episode 400 | Reward -300.00 | Epsilon 0.0277
Seed 9 | Episode 401 | Reward -300.00 | Epsilon 0.0275
Seed 9 | Episode 402 | Reward -300.00 | Epsilon 0.0272
Seed 9 | Episode 403 | Reward -300.00 | Epsilon 0.0270
Seed 9 | Episode 404 | Reward -300.00 | Epsilon 0.0268
Seed 9 | Episode 405 | Reward -300.00 | Epsilon 0.0265
Seed 9 | Episode 406 | Reward -300.00 | Epsilon 0.0263
Seed 9 | Episode 407 | Reward -300.00 | Epsilon 0.0260
Seed 9 | Episode 408 | Reward -300.00 | Epsilon 0.0258
Seed 9 | Episode 409 | Reward -300.00 | Epsilon 0.0256
Seed 9 | Episode 410 | Reward -300.00 | Epsilon 0.0253
Seed 9 | Episode 411 | Reward -300.00 | Epsilon 0.0251
Seed 9 | Episode 412 | Reward -300.00 | Epsilon 0.0249
Seed 9 | Episode 413 | Reward -300.00 | Epsilon 0.0247
Seed 9 | Episode 414 | Reward -300.00 | Epsilon 0.0245
Seed 9 | Episode 415 | Reward -300.00 | Epsilon 0.0242
Seed 9 | Episode 416 | Reward -300.00 | Epsilon 0.0240
Seed 9 | Episode 417 | Reward -300.00 | Epsilon 0.0238
Seed 9 | Episode 418 | Reward -300.00 | Epsilon 0.0236
Seed 9 | Episode 419 | Reward -300.00 | Epsilon 0.0234
Seed 9 | Episode 420 | Reward -184.00 | Epsilon 0.0232
Seed 9 | Episode 421 | Reward -300.00 | Epsilon 0.0230
Seed 9 | Episode 422 | Reward -300.00 | Epsilon 0.0228
Seed 9 | Episode 423 | Reward -300.00 | Epsilon 0.0226
Seed 9 | Episode 424 | Reward -300.00 | Epsilon 0.0224
Seed 9 | Episode 425 | Reward -300.00 | Epsilon 0.0222
Seed 9 | Episode 426 | Reward -300.00 | Epsilon 0.0220
Seed 9 | Episode 427 | Reward -300.00 | Epsilon 0.0218
Seed 9 | Episode 428 | Reward -300.00 | Epsilon 0.0216
Seed 9 | Episode 429 | Reward -300.00 | Epsilon 0.0214
Seed 9 | Episode 430 | Reward -300.00 | Epsilon 0.0212
Seed 9 | Episode 431 | Reward -300.00 | Epsilon 0.0210
Seed 9 | Episode 432 | Reward -300.00 | Epsilon 0.0208
Seed 9 | Episode 433 | Reward -300.00 | Epsilon 0.0206
Seed 9 | Episode 434 | Reward -300.00 | Epsilon 0.0204
Seed 9 | Episode 435 | Reward -300.00 | Epsilon 0.0203
Seed 9 | Episode 436 | Reward -300.00 | Epsilon 0.0201
Seed 9 | Episode 437 | Reward -300.00 | Epsilon 0.0199
Seed 9 | Episode 438 | Reward -300.00 | Epsilon 0.0197
Seed 9 | Episode 439 | Reward -300.00 | Epsilon 0.0195
Seed 9 | Episode 440 | Reward -300.00 | Epsilon 0.0194
Seed 9 | Episode 441 | Reward -300.00 | Epsilon 0.0192
Seed 9 | Episode 442 | Reward -300.00 | Epsilon 0.0190
Seed 9 | Episode 443 | Reward -300.00 | Epsilon 0.0188
Seed 9 | Episode 444 | Reward -300.00 | Epsilon 0.0187
Seed 9 | Episode 445 | Reward -300.00 | Epsilon 0.0185
Seed 9 | Episode 446 | Reward -300.00 | Epsilon 0.0183
Seed 9 | Episode 447 | Reward -300.00 | Epsilon 0.0182
Seed 9 | Episode 448 | Reward -300.00 | Epsilon 0.0180
Seed 9 | Episode 449 | Reward -300.00 | Epsilon 0.0179
Seed 9 | Episode 450 | Reward -300.00 | Epsilon 0.0177
Seed 9 | Episode 451 | Reward -300.00 | Epsilon 0.0175
Seed 9 | Episode 452 | Reward -67.00 | Epsilon 0.0174
Seed 9 | Episode 453 | Reward -300.00 | Epsilon 0.0173
Seed 9 | Episode 454 | Reward -300.00 | Epsilon 0.0171
Seed 9 | Episode 455 | Reward -300.00 | Epsilon 0.0170
Seed 9 | Episode 456 | Reward -300.00 | Epsilon 0.0168
Seed 9 | Episode 457 | Reward -300.00 | Epsilon 0.0167
Seed 9 | Episode 458 | Reward -300.00 | Epsilon 0.0165
Seed 9 | Episode 459 | Reward -300.00 | Epsilon 0.0164
Seed 9 | Episode 460 | Reward -300.00 | Epsilon 0.0162
Seed 9 | Episode 461 | Reward -300.00 | Epsilon 0.0161
Seed 9 | Episode 462 | Reward -300.00 | Epsilon 0.0159
Seed 9 | Episode 463 | Reward -300.00 | Epsilon 0.0158
Seed 9 | Episode 464 | Reward -300.00 | Epsilon 0.0157
Seed 9 | Episode 465 | Reward -300.00 | Epsilon 0.0155
Seed 9 | Episode 466 | Reward -300.00 | Epsilon 0.0154
Seed 9 | Episode 467 | Reward -300.00 | Epsilon 0.0152
Seed 9 | Episode 468 | Reward -300.00 | Epsilon 0.0151
Seed 9 | Episode 469 | Reward -300.00 | Epsilon 0.0150
Seed 9 | Episode 470 | Reward -300.00 | Epsilon 0.0148
Seed 9 | Episode 471 | Reward -300.00 | Epsilon 0.0147
Seed 9 | Episode 472 | Reward -300.00 | Epsilon 0.0146
Seed 9 | Episode 473 | Reward -300.00 | Epsilon 0.0144
Seed 9 | Episode 474 | Reward -300.00 | Epsilon 0.0143
Seed 9 | Episode 475 | Reward -300.00 | Epsilon 0.0142
Seed 9 | Episode 476 | Reward -300.00 | Epsilon 0.0141
Seed 9 | Episode 477 | Reward -300.00 | Epsilon 0.0139
Seed 9 | Episode 478 | Reward -300.00 | Epsilon 0.0138
Seed 9 | Episode 479 | Reward -300.00 | Epsilon 0.0137
Seed 9 | Episode 480 | Reward -300.00 | Epsilon 0.0136
Seed 9 | Episode 481 | Reward -300.00 | Epsilon 0.0134
Seed 9 | Episode 482 | Reward -300.00 | Epsilon 0.0133
Seed 9 | Episode 483 | Reward -300.00 | Epsilon 0.0132
Seed 9 | Episode 484 | Reward -300.00 | Epsilon 0.0131
Seed 9 | Episode 485 | Reward -300.00 | Epsilon 0.0130
Seed 9 | Episode 486 | Reward -300.00 | Epsilon 0.0128
Seed 9 | Episode 487 | Reward -300.00 | Epsilon 0.0127
Seed 9 | Episode 488 | Reward -300.00 | Epsilon 0.0126
Seed 9 | Episode 489 | Reward -300.00 | Epsilon 0.0125
Seed 9 | Episode 490 | Reward -300.00 | Epsilon 0.0124
Seed 9 | Episode 491 | Reward -300.00 | Epsilon 0.0123
Seed 9 | Episode 492 | Reward -300.00 | Epsilon 0.0122
Seed 9 | Episode 493 | Reward -300.00 | Epsilon 0.0121
Seed 9 | Episode 494 | Reward -300.00 | Epsilon 0.0120
Seed 9 | Episode 495 | Reward -300.00 | Epsilon 0.0118
Seed 9 | Episode 496 | Reward -300.00 | Epsilon 0.0117
Seed 9 | Episode 497 | Reward -300.00 | Epsilon 0.0116
Seed 9 | Episode 498 | Reward -300.00 | Epsilon 0.0115
Seed 9 | Episode 499 | Reward -300.00 | Epsilon 0.0114
Seed 9 | Episode 500 | Reward -300.00 | Epsilon 0.0113
Seed 9 | Episode 501 | Reward -300.00 | Epsilon 0.0112
Seed 9 | Episode 502 | Reward -300.00 | Epsilon 0.0111
Seed 9 | Episode 503 | Reward -300.00 | Epsilon 0.0110
Seed 9 | Episode 504 | Reward -300.00 | Epsilon 0.0109
Seed 9 | Episode 505 | Reward -300.00 | Epsilon 0.0108
Seed 9 | Episode 506 | Reward -300.00 | Epsilon 0.0107
Seed 9 | Episode 507 | Reward -300.00 | Epsilon 0.0106
Seed 9 | Episode 508 | Reward -300.00 | Epsilon 0.0105
Seed 9 | Episode 509 | Reward -300.00 | Epsilon 0.0104
Seed 9 | Episode 510 | Reward -300.00 | Epsilon 0.0104
Seed 9 | Episode 511 | Reward -300.00 | Epsilon 0.0103
Seed 9 | Episode 512 | Reward -300.00 | Epsilon 0.0102
Seed 9 | Episode 513 | Reward -300.00 | Epsilon 0.0101
Seed 9 | Episode 514 | Reward -300.00 | Epsilon 0.0100
Seed 9 | Episode 515 | Reward -300.00 | Epsilon 0.0100
Seed 9 | Episode 516 | Reward -300.00 | Epsilon 0.0100
Seed 9 | Episode 517 | Reward -300.00 | Epsilon 0.0100
Seed 9 | Episode 518 | Reward -300.00 | Epsilon 0.0100
Seed 9 | Episode 519 | Reward -300.00 | Epsilon 0.0100
Seed 9 | Episode 520 | Reward -300.00 | Epsilon 0.0100
Seed 9 | Episode 521 | Reward -300.00 | Epsilon 0.0100
Seed 9 | Episode 522 | Reward -300.00 | Epsilon 0.0100
Seed 9 | Episode 523 | Reward -300.00 | Epsilon 0.0100
Seed 9 | Episode 524 | Reward -300.00 | Epsilon 0.0100
Seed 9 | Episode 525 | Reward -300.00 | Epsilon 0.0100
Seed 9 | Episode 526 | Reward -300.00 | Epsilon 0.0100
Seed 9 | Episode 527 | Reward -300.00 | Epsilon 0.0100
Seed 9 | Episode 528 | Reward -300.00 | Epsilon 0.0100
Seed 9 | Episode 529 | Reward -300.00 | Epsilon 0.0100
Seed 9 | Episode 530 | Reward -300.00 | Epsilon 0.0100
Seed 9 | Episode 531 | Reward -300.00 | Epsilon 0.0100
Seed 9 | Episode 532 | Reward -300.00 | Epsilon 0.0100
Seed 9 | Episode 533 | Reward -300.00 | Epsilon 0.0100
Seed 9 | Episode 534 | Reward -300.00 | Epsilon 0.0100
Seed 9 | Episode 535 | Reward -300.00 | Epsilon 0.0100
Seed 9 | Episode 536 | Reward -300.00 | Epsilon 0.0100
Seed 9 | Episode 537 | Reward -300.00 | Epsilon 0.0100
Seed 9 | Episode 538 | Reward -300.00 | Epsilon 0.0100
Seed 9 | Episode 539 | Reward -300.00 | Epsilon 0.0100
Seed 9 | Episode 540 | Reward -300.00 | Epsilon 0.0100
Seed 9 | Episode 541 | Reward -300.00 | Epsilon 0.0100
Seed 9 | Episode 542 | Reward -300.00 | Epsilon 0.0100
Seed 9 | Episode 543 | Reward -300.00 | Epsilon 0.0100
Seed 9 | Episode 544 | Reward -300.00 | Epsilon 0.0100
Seed 9 | Episode 545 | Reward -300.00 | Epsilon 0.0100
Seed 9 | Episode 546 | Reward -300.00 | Epsilon 0.0100
Seed 9 | Episode 547 | Reward -300.00 | Epsilon 0.0100
Seed 9 | Episode 548 | Reward -300.00 | Epsilon 0.0100
Seed 9 | Episode 549 | Reward -300.00 | Epsilon 0.0100
Seed 9 | Episode 550 | Reward -300.00 | Epsilon 0.0100
Seed 9 | Episode 551 | Reward 51.00 | Epsilon 0.0100
Seed 9 | Episode 552 | Reward -300.00 | Epsilon 0.0100
Seed 9 | Episode 553 | Reward -300.00 | Epsilon 0.0100
Seed 9 | Episode 554 | Reward -300.00 | Epsilon 0.0100
Seed 9 | Episode 555 | Reward -300.00 | Epsilon 0.0100
Seed 9 | Episode 556 | Reward -300.00 | Epsilon 0.0100
Seed 9 | Episode 557 | Reward -300.00 | Epsilon 0.0100
Seed 9 | Episode 558 | Reward -300.00 | Epsilon 0.0100
Seed 9 | Episode 559 | Reward -300.00 | Epsilon 0.0100
Seed 9 | Episode 560 | Reward -300.00 | Epsilon 0.0100
Seed 9 | Episode 561 | Reward -300.00 | Epsilon 0.0100
Seed 9 | Episode 562 | Reward -300.00 | Epsilon 0.0100
Seed 9 | Episode 563 | Reward -300.00 | Epsilon 0.0100
Seed 9 | Episode 564 | Reward -300.00 | Epsilon 0.0100
Seed 9 | Episode 565 | Reward -300.00 | Epsilon 0.0100
Seed 9 | Episode 566 | Reward -300.00 | Epsilon 0.0100
Seed 9 | Episode 567 | Reward -300.00 | Epsilon 0.0100
Seed 9 | Episode 568 | Reward -300.00 | Epsilon 0.0100
Seed 9 | Episode 569 | Reward -300.00 | Epsilon 0.0100
Seed 9 | Episode 570 | Reward -300.00 | Epsilon 0.0100
Seed 9 | Episode 571 | Reward -300.00 | Epsilon 0.0100
Seed 9 | Episode 572 | Reward -300.00 | Epsilon 0.0100
Seed 9 | Episode 573 | Reward -300.00 | Epsilon 0.0100
Seed 9 | Episode 574 | Reward -300.00 | Epsilon 0.0100
Seed 9 | Episode 575 | Reward -300.00 | Epsilon 0.0100
Seed 9 | Episode 576 | Reward -300.00 | Epsilon 0.0100
Seed 9 | Episode 577 | Reward -300.00 | Epsilon 0.0100
Seed 9 | Episode 578 | Reward -300.00 | Epsilon 0.0100
Seed 9 | Episode 579 | Reward -300.00 | Epsilon 0.0100
Seed 9 | Episode 580 | Reward -300.00 | Epsilon 0.0100
Seed 9 | Episode 581 | Reward -300.00 | Epsilon 0.0100
Seed 9 | Episode 582 | Reward -300.00 | Epsilon 0.0100
Seed 9 | Episode 583 | Reward -300.00 | Epsilon 0.0100
Seed 9 | Episode 584 | Reward -300.00 | Epsilon 0.0100
Seed 9 | Episode 585 | Reward -300.00 | Epsilon 0.0100
Seed 9 | Episode 586 | Reward -300.00 | Epsilon 0.0100
Seed 9 | Episode 587 | Reward -300.00 | Epsilon 0.0100
Seed 9 | Episode 588 | Reward -300.00 | Epsilon 0.0100
Seed 9 | Episode 589 | Reward -300.00 | Epsilon 0.0100
Seed 9 | Episode 590 | Reward -300.00 | Epsilon 0.0100
Seed 9 | Episode 591 | Reward -106.00 | Epsilon 0.0100
Seed 9 | Episode 592 | Reward -300.00 | Epsilon 0.0100
Seed 9 | Episode 593 | Reward -300.00 | Epsilon 0.0100
Seed 9 | Episode 594 | Reward -300.00 | Epsilon 0.0100
Seed 9 | Episode 595 | Reward -300.00 | Epsilon 0.0100
Seed 9 | Episode 596 | Reward -300.00 | Epsilon 0.0100
Seed 9 | Episode 597 | Reward -300.00 | Epsilon 0.0100
Seed 9 | Episode 598 | Reward -300.00 | Epsilon 0.0100
Seed 9 | Episode 599 | Reward -300.00 | Epsilon 0.0100
Seed 9 | Episode 600 | Reward -300.00 | Epsilon 0.0100
Seed 9 | Episode 601 | Reward -300.00 | Epsilon 0.0100
Seed 9 | Episode 602 | Reward -300.00 | Epsilon 0.0100
Seed 9 | Episode 603 | Reward -300.00 | Epsilon 0.0100
Seed 9 | Episode 604 | Reward -300.00 | Epsilon 0.0100
Seed 9 | Episode 605 | Reward -300.00 | Epsilon 0.0100
Seed 9 | Episode 606 | Reward 21.00 | Epsilon 0.0100
Seed 9 | Episode 607 | Reward -300.00 | Epsilon 0.0100
Seed 9 | Episode 608 | Reward -300.00 | Epsilon 0.0100
Seed 9 | Episode 609 | Reward -300.00 | Epsilon 0.0100
Seed 9 | Episode 610 | Reward -300.00 | Epsilon 0.0100
Seed 9 | Episode 611 | Reward -300.00 | Epsilon 0.0100
Seed 9 | Episode 612 | Reward -300.00 | Epsilon 0.0100
Seed 9 | Episode 613 | Reward -300.00 | Epsilon 0.0100
Seed 9 | Episode 614 | Reward -300.00 | Epsilon 0.0100
Seed 9 | Episode 615 | Reward -300.00 | Epsilon 0.0100
Seed 9 | Episode 616 | Reward -300.00 | Epsilon 0.0100
Seed 9 | Episode 617 | Reward -300.00 | Epsilon 0.0100
Seed 9 | Episode 618 | Reward -300.00 | Epsilon 0.0100
Seed 9 | Episode 619 | Reward -300.00 | Epsilon 0.0100
Seed 9 | Episode 620 | Reward -300.00 | Epsilon 0.0100
Seed 9 | Episode 621 | Reward -300.00 | Epsilon 0.0100
Seed 9 | Episode 622 | Reward -300.00 | Epsilon 0.0100
Seed 9 | Episode 623 | Reward -300.00 | Epsilon 0.0100
Seed 9 | Episode 624 | Reward -300.00 | Epsilon 0.0100
Seed 9 | Episode 625 | Reward -300.00 | Epsilon 0.0100
Seed 9 | Episode 626 | Reward -300.00 | Epsilon 0.0100
Seed 9 | Episode 627 | Reward -300.00 | Epsilon 0.0100
Seed 9 | Episode 628 | Reward -300.00 | Epsilon 0.0100
Seed 9 | Episode 629 | Reward -300.00 | Epsilon 0.0100
Seed 9 | Episode 630 | Reward -300.00 | Epsilon 0.0100
Seed 9 | Episode 631 | Reward -300.00 | Epsilon 0.0100
Seed 9 | Episode 632 | Reward -300.00 | Epsilon 0.0100
Seed 9 | Episode 633 | Reward -300.00 | Epsilon 0.0100
Seed 9 | Episode 634 | Reward -300.00 | Epsilon 0.0100
Seed 9 | Episode 635 | Reward -75.00 | Epsilon 0.0100
Seed 9 | Episode 636 | Reward -300.00 | Epsilon 0.0100
Seed 9 | Episode 637 | Reward -300.00 | Epsilon 0.0100
Seed 9 | Episode 638 | Reward -300.00 | Epsilon 0.0100
Seed 9 | Episode 639 | Reward -300.00 | Epsilon 0.0100
Seed 9 | Episode 640 | Reward -300.00 | Epsilon 0.0100
Seed 9 | Episode 641 | Reward -300.00 | Epsilon 0.0100
Seed 9 | Episode 642 | Reward -300.00 | Epsilon 0.0100
Seed 9 | Episode 643 | Reward -300.00 | Epsilon 0.0100
Seed 9 | Episode 644 | Reward 9.00 | Epsilon 0.0100
Seed 9 | Episode 645 | Reward -300.00 | Epsilon 0.0100
Seed 9 | Episode 646 | Reward -300.00 | Epsilon 0.0100
Seed 9 | Episode 647 | Reward -300.00 | Epsilon 0.0100
Seed 9 | Episode 648 | Reward -300.00 | Epsilon 0.0100
Seed 9 | Episode 649 | Reward -300.00 | Epsilon 0.0100
Seed 9 | Episode 650 | Reward -300.00 | Epsilon 0.0100
Seed 9 | Episode 651 | Reward -300.00 | Epsilon 0.0100
Seed 9 | Episode 652 | Reward -300.00 | Epsilon 0.0100
Seed 9 | Episode 653 | Reward -300.00 | Epsilon 0.0100
Seed 9 | Episode 654 | Reward -300.00 | Epsilon 0.0100
Seed 9 | Episode 655 | Reward -300.00 | Epsilon 0.0100
Seed 9 | Episode 656 | Reward -300.00 | Epsilon 0.0100
Seed 9 | Episode 657 | Reward -300.00 | Epsilon 0.0100
Seed 9 | Episode 658 | Reward 37.00 | Epsilon 0.0100
Seed 9 | Episode 659 | Reward -300.00 | Epsilon 0.0100
Seed 9 | Episode 660 | Reward -300.00 | Epsilon 0.0100
Seed 9 | Episode 661 | Reward -97.00 | Epsilon 0.0100
Seed 9 | Episode 662 | Reward -121.00 | Epsilon 0.0100
Seed 9 | Episode 663 | Reward -300.00 | Epsilon 0.0100
Seed 9 | Episode 664 | Reward -19.00 | Epsilon 0.0100
Seed 9 | Episode 665 | Reward -300.00 | Epsilon 0.0100
Seed 9 | Episode 666 | Reward -18.00 | Epsilon 0.0100
Seed 9 | Episode 667 | Reward -58.00 | Epsilon 0.0100
Seed 9 | Episode 668 | Reward -300.00 | Epsilon 0.0100
Seed 9 | Episode 669 | Reward 52.00 | Epsilon 0.0100
Seed 9 | Episode 670 | Reward -300.00 | Epsilon 0.0100
Seed 9 | Episode 671 | Reward -110.00 | Epsilon 0.0100
Seed 9 | Episode 672 | Reward -300.00 | Epsilon 0.0100
Seed 9 | Episode 673 | Reward -300.00 | Epsilon 0.0100
Seed 9 | Episode 674 | Reward -300.00 | Epsilon 0.0100
Seed 9 | Episode 675 | Reward 43.00 | Epsilon 0.0100
Seed 9 | Episode 676 | Reward -300.00 | Epsilon 0.0100
Seed 9 | Episode 677 | Reward -22.00 | Epsilon 0.0100
Seed 9 | Episode 678 | Reward 48.00 | Epsilon 0.0100
Seed 9 | Episode 679 | Reward -300.00 | Epsilon 0.0100
Seed 9 | Episode 680 | Reward -300.00 | Epsilon 0.0100
Seed 9 | Episode 681 | Reward -300.00 | Epsilon 0.0100
Seed 9 | Episode 682 | Reward 46.00 | Epsilon 0.0100
Seed 9 | Episode 683 | Reward -128.00 | Epsilon 0.0100
Seed 9 | Episode 684 | Reward -300.00 | Epsilon 0.0100
Seed 9 | Episode 685 | Reward -300.00 | Epsilon 0.0100
Seed 9 | Episode 686 | Reward -300.00 | Epsilon 0.0100
Seed 9 | Episode 687 | Reward -300.00 | Epsilon 0.0100
Seed 9 | Episode 688 | Reward -38.00 | Epsilon 0.0100
Seed 9 | Episode 689 | Reward 53.00 | Epsilon 0.0100
Seed 9 | Episode 690 | Reward -300.00 | Epsilon 0.0100
Seed 9 | Episode 691 | Reward 1.00 | Epsilon 0.0100
Seed 9 | Episode 692 | Reward -26.00 | Epsilon 0.0100
Seed 9 | Episode 693 | Reward -300.00 | Epsilon 0.0100
Seed 9 | Episode 694 | Reward -300.00 | Epsilon 0.0100
Seed 9 | Episode 695 | Reward -300.00 | Epsilon 0.0100
Seed 9 | Episode 696 | Reward -300.00 | Epsilon 0.0100
Seed 9 | Episode 697 | Reward -300.00 | Epsilon 0.0100
Seed 9 | Episode 698 | Reward -300.00 | Epsilon 0.0100
Seed 9 | Episode 699 | Reward -300.00 | Epsilon 0.0100
Seed 9 | Episode 700 | Reward -27.00 | Epsilon 0.0100
Seed 9 | Episode 701 | Reward -110.00 | Epsilon 0.0100
Seed 9 | Episode 702 | Reward -50.00 | Epsilon 0.0100
Seed 9 | Episode 703 | Reward 49.00 | Epsilon 0.0100
Seed 9 | Episode 704 | Reward -47.00 | Epsilon 0.0100
Seed 9 | Episode 705 | Reward -300.00 | Epsilon 0.0100
Seed 9 | Episode 706 | Reward -170.00 | Epsilon 0.0100
Seed 9 | Episode 707 | Reward 47.00 | Epsilon 0.0100
Seed 9 | Episode 708 | Reward -300.00 | Epsilon 0.0100
Seed 9 | Episode 709 | Reward -300.00 | Epsilon 0.0100
Seed 9 | Episode 710 | Reward -73.00 | Epsilon 0.0100
Seed 9 | Episode 711 | Reward -101.00 | Epsilon 0.0100
Seed 9 | Episode 712 | Reward -139.00 | Epsilon 0.0100
Seed 9 | Episode 713 | Reward -135.00 | Epsilon 0.0100
Seed 9 | Episode 714 | Reward -300.00 | Epsilon 0.0100
Seed 9 | Episode 715 | Reward -300.00 | Epsilon 0.0100
Seed 9 | Episode 716 | Reward -193.00 | Epsilon 0.0100
Seed 9 | Episode 717 | Reward -68.00 | Epsilon 0.0100
Seed 9 | Episode 718 | Reward 55.00 | Epsilon 0.0100
Seed 9 | Episode 719 | Reward -193.00 | Epsilon 0.0100
Seed 9 | Episode 720 | Reward -172.00 | Epsilon 0.0100
Seed 9 | Episode 721 | Reward -300.00 | Epsilon 0.0100
Seed 9 | Episode 722 | Reward -300.00 | Epsilon 0.0100
Seed 9 | Episode 723 | Reward -300.00 | Epsilon 0.0100
Seed 9 | Episode 724 | Reward -300.00 | Epsilon 0.0100
Seed 9 | Episode 725 | Reward -300.00 | Epsilon 0.0100
Seed 9 | Episode 726 | Reward -300.00 | Epsilon 0.0100
Seed 9 | Episode 727 | Reward -300.00 | Epsilon 0.0100
Seed 9 | Episode 728 | Reward -300.00 | Epsilon 0.0100
Seed 9 | Episode 729 | Reward -300.00 | Epsilon 0.0100
Seed 9 | Episode 730 | Reward 35.00 | Epsilon 0.0100
Seed 9 | Episode 731 | Reward 28.00 | Epsilon 0.0100
Seed 9 | Episode 732 | Reward -300.00 | Epsilon 0.0100
Seed 9 | Episode 733 | Reward -300.00 | Epsilon 0.0100
Seed 9 | Episode 734 | Reward -300.00 | Epsilon 0.0100
Seed 9 | Episode 735 | Reward -32.00 | Epsilon 0.0100
Seed 9 | Episode 736 | Reward -300.00 | Epsilon 0.0100
Seed 9 | Episode 737 | Reward 38.00 | Epsilon 0.0100
Seed 9 | Episode 738 | Reward -300.00 | Epsilon 0.0100
Seed 9 | Episode 739 | Reward 42.00 | Epsilon 0.0100
Seed 9 | Episode 740 | Reward 42.00 | Epsilon 0.0100
Seed 9 | Episode 741 | Reward 44.00 | Epsilon 0.0100
Seed 9 | Episode 742 | Reward -300.00 | Epsilon 0.0100
Seed 9 | Episode 743 | Reward 58.00 | Epsilon 0.0100
Seed 9 | Episode 744 | Reward -300.00 | Epsilon 0.0100
Seed 9 | Episode 745 | Reward -10.00 | Epsilon 0.0100
Seed 9 | Episode 746 | Reward -150.00 | Epsilon 0.0100
Seed 9 | Episode 747 | Reward -62.00 | Epsilon 0.0100
Seed 9 | Episode 748 | Reward -300.00 | Epsilon 0.0100
Seed 9 | Episode 749 | Reward 54.00 | Epsilon 0.0100
Seed 9 | Episode 750 | Reward -300.00 | Epsilon 0.0100
Seed 9 | Episode 751 | Reward -300.00 | Epsilon 0.0100
Seed 9 | Episode 752 | Reward 55.00 | Epsilon 0.0100
Seed 9 | Episode 753 | Reward -300.00 | Epsilon 0.0100
Seed 9 | Episode 754 | Reward -300.00 | Epsilon 0.0100
Seed 9 | Episode 755 | Reward -3.00 | Epsilon 0.0100
Seed 9 | Episode 756 | Reward -36.00 | Epsilon 0.0100
Seed 9 | Episode 757 | Reward -300.00 | Epsilon 0.0100
Seed 9 | Episode 758 | Reward 59.00 | Epsilon 0.0100
Seed 9 | Episode 759 | Reward -300.00 | Epsilon 0.0100
Seed 9 | Episode 760 | Reward -300.00 | Epsilon 0.0100
Seed 9 | Episode 761 | Reward -300.00 | Epsilon 0.0100
Seed 9 | Episode 762 | Reward -19.00 | Epsilon 0.0100
Seed 9 | Episode 763 | Reward -300.00 | Epsilon 0.0100
Seed 9 | Episode 764 | Reward 54.00 | Epsilon 0.0100
Seed 9 | Episode 765 | Reward -300.00 | Epsilon 0.0100
Seed 9 | Episode 766 | Reward -112.00 | Epsilon 0.0100
Seed 9 | Episode 767 | Reward 42.00 | Epsilon 0.0100
Seed 9 | Episode 768 | Reward 2.00 | Epsilon 0.0100
Seed 9 | Episode 769 | Reward 56.00 | Epsilon 0.0100
Seed 9 | Episode 770 | Reward 29.00 | Epsilon 0.0100
Seed 9 | Episode 771 | Reward 42.00 | Epsilon 0.0100
Seed 9 | Episode 772 | Reward -98.00 | Epsilon 0.0100
Seed 9 | Episode 773 | Reward -300.00 | Epsilon 0.0100
Seed 9 | Episode 774 | Reward -10.00 | Epsilon 0.0100
Seed 9 | Episode 775 | Reward -300.00 | Epsilon 0.0100
Seed 9 | Episode 776 | Reward 59.00 | Epsilon 0.0100
Seed 9 | Episode 777 | Reward -300.00 | Epsilon 0.0100
Seed 9 | Episode 778 | Reward 38.00 | Epsilon 0.0100
Seed 9 | Episode 779 | Reward 44.00 | Epsilon 0.0100
Seed 9 | Episode 780 | Reward -134.00 | Epsilon 0.0100
Seed 9 | Episode 781 | Reward -300.00 | Epsilon 0.0100
Seed 9 | Episode 782 | Reward -89.00 | Epsilon 0.0100
Seed 9 | Episode 783 | Reward -300.00 | Epsilon 0.0100
Seed 9 | Episode 784 | Reward -300.00 | Epsilon 0.0100
Seed 9 | Episode 785 | Reward 58.00 | Epsilon 0.0100
Seed 9 | Episode 786 | Reward -300.00 | Epsilon 0.0100
Seed 9 | Episode 787 | Reward -300.00 | Epsilon 0.0100
Seed 9 | Episode 788 | Reward 54.00 | Epsilon 0.0100
Seed 9 | Episode 789 | Reward 49.00 | Epsilon 0.0100
Seed 9 | Episode 790 | Reward 35.00 | Epsilon 0.0100
Seed 9 | Episode 791 | Reward -98.00 | Epsilon 0.0100
Seed 9 | Episode 792 | Reward -117.00 | Epsilon 0.0100
Seed 9 | Episode 793 | Reward 30.00 | Epsilon 0.0100
Seed 9 | Episode 794 | Reward 37.00 | Epsilon 0.0100
Seed 9 | Episode 795 | Reward -2.00 | Epsilon 0.0100
Seed 9 | Episode 796 | Reward 47.00 | Epsilon 0.0100
Seed 9 | Episode 797 | Reward 38.00 | Epsilon 0.0100
Seed 9 | Episode 798 | Reward -3.00 | Epsilon 0.0100
Seed 9 | Episode 799 | Reward 51.00 | Epsilon 0.0100
Seed 9 | Episode 800 | Reward -5.00 | Epsilon 0.0100
Seed 9 | Episode 801 | Reward -300.00 | Epsilon 0.0100
Seed 9 | Episode 802 | Reward -73.00 | Epsilon 0.0100
Seed 9 | Episode 803 | Reward -137.00 | Epsilon 0.0100
Seed 9 | Episode 804 | Reward 36.00 | Epsilon 0.0100
Seed 9 | Episode 805 | Reward -300.00 | Epsilon 0.0100
Seed 9 | Episode 806 | Reward 54.00 | Epsilon 0.0100
Seed 9 | Episode 807 | Reward -16.00 | Epsilon 0.0100
Seed 9 | Episode 808 | Reward 50.00 | Epsilon 0.0100
Seed 9 | Episode 809 | Reward 50.00 | Epsilon 0.0100
Seed 9 | Episode 810 | Reward -29.00 | Epsilon 0.0100
Seed 9 | Episode 811 | Reward -117.00 | Epsilon 0.0100
Seed 9 | Episode 812 | Reward -85.00 | Epsilon 0.0100
Seed 9 | Episode 813 | Reward -4.00 | Epsilon 0.0100
Seed 9 | Episode 814 | Reward 55.00 | Epsilon 0.0100
Seed 9 | Episode 815 | Reward -53.00 | Epsilon 0.0100
Seed 9 | Episode 816 | Reward 33.00 | Epsilon 0.0100
Seed 9 | Episode 817 | Reward -300.00 | Epsilon 0.0100
Seed 9 | Episode 818 | Reward 50.00 | Epsilon 0.0100
Seed 9 | Episode 819 | Reward -300.00 | Epsilon 0.0100
Seed 9 | Episode 820 | Reward -300.00 | Epsilon 0.0100
Seed 9 | Episode 821 | Reward 50.00 | Epsilon 0.0100
Seed 9 | Episode 822 | Reward -124.00 | Epsilon 0.0100
Seed 9 | Episode 823 | Reward 53.00 | Epsilon 0.0100
Seed 9 | Episode 824 | Reward -30.00 | Epsilon 0.0100
Seed 9 | Episode 825 | Reward 40.00 | Epsilon 0.0100
Seed 9 | Episode 826 | Reward -9.00 | Epsilon 0.0100
Seed 9 | Episode 827 | Reward 19.00 | Epsilon 0.0100
Seed 9 | Episode 828 | Reward -300.00 | Epsilon 0.0100
Seed 9 | Episode 829 | Reward 57.00 | Epsilon 0.0100
Seed 9 | Episode 830 | Reward 49.00 | Epsilon 0.0100
Seed 9 | Episode 831 | Reward -300.00 | Epsilon 0.0100
Seed 9 | Episode 832 | Reward 36.00 | Epsilon 0.0100
Seed 9 | Episode 833 | Reward -40.00 | Epsilon 0.0100
Seed 9 | Episode 834 | Reward 54.00 | Epsilon 0.0100
Seed 9 | Episode 835 | Reward -104.00 | Epsilon 0.0100
Seed 9 | Episode 836 | Reward 54.00 | Epsilon 0.0100
Seed 9 | Episode 837 | Reward 40.00 | Epsilon 0.0100
Seed 9 | Episode 838 | Reward -39.00 | Epsilon 0.0100
Seed 9 | Episode 839 | Reward 46.00 | Epsilon 0.0100
Seed 9 | Episode 840 | Reward 37.00 | Epsilon 0.0100
Seed 9 | Episode 841 | Reward 47.00 | Epsilon 0.0100
Seed 9 | Episode 842 | Reward -68.00 | Epsilon 0.0100
Seed 9 | Episode 843 | Reward -116.00 | Epsilon 0.0100
Seed 9 | Episode 844 | Reward 20.00 | Epsilon 0.0100
Seed 9 | Episode 845 | Reward 49.00 | Epsilon 0.0100
Seed 9 | Episode 846 | Reward -96.00 | Epsilon 0.0100
Seed 9 | Episode 847 | Reward -300.00 | Epsilon 0.0100
Seed 9 | Episode 848 | Reward 49.00 | Epsilon 0.0100
Seed 9 | Episode 849 | Reward 21.00 | Epsilon 0.0100
Seed 9 | Episode 850 | Reward 48.00 | Epsilon 0.0100
Seed 9 | Episode 851 | Reward 57.00 | Epsilon 0.0100
Seed 9 | Episode 852 | Reward -39.00 | Epsilon 0.0100
Seed 9 | Episode 853 | Reward -190.00 | Epsilon 0.0100
Seed 9 | Episode 854 | Reward 11.00 | Epsilon 0.0100
Seed 9 | Episode 855 | Reward 37.00 | Epsilon 0.0100
Seed 9 | Episode 856 | Reward 58.00 | Epsilon 0.0100
Seed 9 | Episode 857 | Reward 39.00 | Epsilon 0.0100
Seed 9 | Episode 858 | Reward 44.00 | Epsilon 0.0100
Seed 9 | Episode 859 | Reward -102.00 | Epsilon 0.0100
Seed 9 | Episode 860 | Reward -166.00 | Epsilon 0.0100
Seed 9 | Episode 861 | Reward 56.00 | Epsilon 0.0100
Seed 9 | Episode 862 | Reward -74.00 | Epsilon 0.0100
Seed 9 | Episode 863 | Reward 38.00 | Epsilon 0.0100
Seed 9 | Episode 864 | Reward 7.00 | Epsilon 0.0100
Seed 9 | Episode 865 | Reward 43.00 | Epsilon 0.0100
Seed 9 | Episode 866 | Reward 59.00 | Epsilon 0.0100
Seed 9 | Episode 867 | Reward -116.00 | Epsilon 0.0100
Seed 9 | Episode 868 | Reward 50.00 | Epsilon 0.0100
Seed 9 | Episode 869 | Reward -300.00 | Epsilon 0.0100
Seed 9 | Episode 870 | Reward -163.00 | Epsilon 0.0100
Seed 9 | Episode 871 | Reward 45.00 | Epsilon 0.0100
Seed 9 | Episode 872 | Reward 30.00 | Epsilon 0.0100
Seed 9 | Episode 873 | Reward 8.00 | Epsilon 0.0100
Seed 9 | Episode 874 | Reward -6.00 | Epsilon 0.0100
Seed 9 | Episode 875 | Reward 27.00 | Epsilon 0.0100
Seed 9 | Episode 876 | Reward 44.00 | Epsilon 0.0100
Seed 9 | Episode 877 | Reward -9.00 | Epsilon 0.0100
Seed 9 | Episode 878 | Reward -199.00 | Epsilon 0.0100
Seed 9 | Episode 879 | Reward 54.00 | Epsilon 0.0100
Seed 9 | Episode 880 | Reward -132.00 | Epsilon 0.0100
Seed 9 | Episode 881 | Reward -95.00 | Epsilon 0.0100
Seed 9 | Episode 882 | Reward -4.00 | Epsilon 0.0100
Seed 9 | Episode 883 | Reward 5.00 | Epsilon 0.0100
Seed 9 | Episode 884 | Reward -300.00 | Epsilon 0.0100
Seed 9 | Episode 885 | Reward 56.00 | Epsilon 0.0100
Seed 9 | Episode 886 | Reward 55.00 | Epsilon 0.0100
Seed 9 | Episode 887 | Reward 24.00 | Epsilon 0.0100
Seed 9 | Episode 888 | Reward 38.00 | Epsilon 0.0100
Seed 9 | Episode 889 | Reward 53.00 | Epsilon 0.0100
Seed 9 | Episode 890 | Reward 54.00 | Epsilon 0.0100
Seed 9 | Episode 891 | Reward 49.00 | Epsilon 0.0100
Seed 9 | Episode 892 | Reward 55.00 | Epsilon 0.0100
Seed 9 | Episode 893 | Reward 60.00 | Epsilon 0.0100
Seed 9 | Episode 894 | Reward -59.00 | Epsilon 0.0100
Seed 9 | Episode 895 | Reward 20.00 | Epsilon 0.0100
Seed 9 | Episode 896 | Reward 53.00 | Epsilon 0.0100
Seed 9 | Episode 897 | Reward -1.00 | Epsilon 0.0100
Seed 9 | Episode 898 | Reward 44.00 | Epsilon 0.0100
Seed 9 | Episode 899 | Reward 21.00 | Epsilon 0.0100
Seed 9 | Episode 900 | Reward 40.00 | Epsilon 0.0100
Seed 9 | Episode 901 | Reward -300.00 | Epsilon 0.0100
Seed 9 | Episode 902 | Reward -47.00 | Epsilon 0.0100
Seed 9 | Episode 903 | Reward -300.00 | Epsilon 0.0100
Seed 9 | Episode 904 | Reward 12.00 | Epsilon 0.0100
Seed 9 | Episode 905 | Reward 40.00 | Epsilon 0.0100
Seed 9 | Episode 906 | Reward 42.00 | Epsilon 0.0100
Seed 9 | Episode 907 | Reward 55.00 | Epsilon 0.0100
Seed 9 | Episode 908 | Reward 51.00 | Epsilon 0.0100
Seed 9 | Episode 909 | Reward 58.00 | Epsilon 0.0100
Seed 9 | Episode 910 | Reward 28.00 | Epsilon 0.0100
Seed 9 | Episode 911 | Reward 50.00 | Epsilon 0.0100
Seed 9 | Episode 912 | Reward 16.00 | Epsilon 0.0100
Seed 9 | Episode 913 | Reward 61.00 | Epsilon 0.0100
Seed 9 | Episode 914 | Reward -57.00 | Epsilon 0.0100
Seed 9 | Episode 915 | Reward 60.00 | Epsilon 0.0100
Seed 9 | Episode 916 | Reward -4.00 | Epsilon 0.0100
Seed 9 | Episode 917 | Reward 52.00 | Epsilon 0.0100
Seed 9 | Episode 918 | Reward 44.00 | Epsilon 0.0100
Seed 9 | Episode 919 | Reward 52.00 | Epsilon 0.0100
Seed 9 | Episode 920 | Reward -172.00 | Epsilon 0.0100
Seed 9 | Episode 921 | Reward 50.00 | Epsilon 0.0100
Seed 9 | Episode 922 | Reward -28.00 | Epsilon 0.0100
Seed 9 | Episode 923 | Reward 57.00 | Epsilon 0.0100
Seed 9 | Episode 924 | Reward 52.00 | Epsilon 0.0100
Seed 9 | Episode 925 | Reward 56.00 | Epsilon 0.0100
Seed 9 | Episode 926 | Reward 49.00 | Epsilon 0.0100
Seed 9 | Episode 927 | Reward 59.00 | Epsilon 0.0100
Seed 9 | Episode 928 | Reward 7.00 | Epsilon 0.0100
Seed 9 | Episode 929 | Reward -99.00 | Epsilon 0.0100
Seed 9 | Episode 930 | Reward -134.00 | Epsilon 0.0100
Seed 9 | Episode 931 | Reward -24.00 | Epsilon 0.0100
Seed 9 | Episode 932 | Reward -300.00 | Epsilon 0.0100
Seed 9 | Episode 933 | Reward 56.00 | Epsilon 0.0100
Seed 9 | Episode 934 | Reward 1.00 | Epsilon 0.0100
Seed 9 | Episode 935 | Reward -139.00 | Epsilon 0.0100
Seed 9 | Episode 936 | Reward 57.00 | Epsilon 0.0100
Seed 9 | Episode 937 | Reward 47.00 | Epsilon 0.0100
Seed 9 | Episode 938 | Reward 45.00 | Epsilon 0.0100
Seed 9 | Episode 939 | Reward -114.00 | Epsilon 0.0100
Seed 9 | Episode 940 | Reward 48.00 | Epsilon 0.0100
Seed 9 | Episode 941 | Reward 59.00 | Epsilon 0.0100
Seed 9 | Episode 942 | Reward 58.00 | Epsilon 0.0100
Seed 9 | Episode 943 | Reward 50.00 | Epsilon 0.0100
Seed 9 | Episode 944 | Reward 54.00 | Epsilon 0.0100
Seed 9 | Episode 945 | Reward 2.00 | Epsilon 0.0100
Seed 9 | Episode 946 | Reward 55.00 | Epsilon 0.0100
Seed 9 | Episode 947 | Reward 31.00 | Epsilon 0.0100
Seed 9 | Episode 948 | Reward 53.00 | Epsilon 0.0100
Seed 9 | Episode 949 | Reward 58.00 | Epsilon 0.0100
Seed 9 | Episode 950 | Reward 33.00 | Epsilon 0.0100
Seed 9 | Episode 951 | Reward 45.00 | Epsilon 0.0100
Seed 9 | Episode 952 | Reward 60.00 | Epsilon 0.0100
Seed 9 | Episode 953 | Reward 47.00 | Epsilon 0.0100
Seed 9 | Episode 954 | Reward 57.00 | Epsilon 0.0100
Seed 9 | Episode 955 | Reward 48.00 | Epsilon 0.0100
Seed 9 | Episode 956 | Reward 58.00 | Epsilon 0.0100
Seed 9 | Episode 957 | Reward 49.00 | Epsilon 0.0100
Seed 9 | Episode 958 | Reward -16.00 | Epsilon 0.0100
Seed 9 | Episode 959 | Reward 56.00 | Epsilon 0.0100
Seed 9 | Episode 960 | Reward 57.00 | Epsilon 0.0100
Seed 9 | Episode 961 | Reward 5.00 | Epsilon 0.0100
Seed 9 | Episode 962 | Reward -118.00 | Epsilon 0.0100
Seed 9 | Episode 963 | Reward 42.00 | Epsilon 0.0100
Seed 9 | Episode 964 | Reward 54.00 | Epsilon 0.0100
Seed 9 | Episode 965 | Reward -8.00 | Epsilon 0.0100
Seed 9 | Episode 966 | Reward 61.00 | Epsilon 0.0100
Seed 9 | Episode 967 | Reward -90.00 | Epsilon 0.0100
Seed 9 | Episode 968 | Reward -143.00 | Epsilon 0.0100
Seed 9 | Episode 969 | Reward 46.00 | Epsilon 0.0100
Seed 9 | Episode 970 | Reward 53.00 | Epsilon 0.0100
Seed 9 | Episode 971 | Reward -113.00 | Epsilon 0.0100
Seed 9 | Episode 972 | Reward -12.00 | Epsilon 0.0100
Seed 9 | Episode 973 | Reward 45.00 | Epsilon 0.0100
Seed 9 | Episode 974 | Reward 56.00 | Epsilon 0.0100
Seed 9 | Episode 975 | Reward 60.00 | Epsilon 0.0100
Seed 9 | Episode 976 | Reward 38.00 | Epsilon 0.0100
Seed 9 | Episode 977 | Reward 56.00 | Epsilon 0.0100
Seed 9 | Episode 978 | Reward 53.00 | Epsilon 0.0100
Seed 9 | Episode 979 | Reward 54.00 | Epsilon 0.0100
Seed 9 | Episode 980 | Reward 37.00 | Epsilon 0.0100
Seed 9 | Episode 981 | Reward -300.00 | Epsilon 0.0100
Seed 9 | Episode 982 | Reward 59.00 | Epsilon 0.0100
Seed 9 | Episode 983 | Reward -74.00 | Epsilon 0.0100
Seed 9 | Episode 984 | Reward 50.00 | Epsilon 0.0100
Seed 9 | Episode 985 | Reward 25.00 | Epsilon 0.0100
Seed 9 | Episode 986 | Reward 29.00 | Epsilon 0.0100
Seed 9 | Episode 987 | Reward 46.00 | Epsilon 0.0100
Seed 9 | Episode 988 | Reward 8.00 | Epsilon 0.0100
Seed 9 | Episode 989 | Reward -70.00 | Epsilon 0.0100
Seed 9 | Episode 990 | Reward 44.00 | Epsilon 0.0100
Seed 9 | Episode 991 | Reward 42.00 | Epsilon 0.0100
Seed 9 | Episode 992 | Reward 57.00 | Epsilon 0.0100
Seed 9 | Episode 993 | Reward 40.00 | Epsilon 0.0100
Seed 9 | Episode 994 | Reward 50.00 | Epsilon 0.0100
Seed 9 | Episode 995 | Reward -17.00 | Epsilon 0.0100
Seed 9 | Episode 996 | Reward 48.00 | Epsilon 0.0100
Seed 9 | Episode 997 | Reward 45.00 | Epsilon 0.0100
Seed 9 | Episode 998 | Reward 41.00 | Epsilon 0.0100
Seed 9 | Episode 999 | Reward 62.00 | Epsilon 0.0100
Finished seed 9
