starting job
Sun Dec  7 19:54:41 2025       
+-----------------------------------------------------------------------------------------+
| NVIDIA-SMI 580.65.06              Driver Version: 580.65.06      CUDA Version: 13.0     |
+-----------------------------------------+------------------------+----------------------+
| GPU  Name                 Persistence-M | Bus-Id          Disp.A | Volatile Uncorr. ECC |
| Fan  Temp   Perf          Pwr:Usage/Cap |           Memory-Usage | GPU-Util  Compute M. |
|                                         |                        |               MIG M. |
|=========================================+========================+======================|
|   0  NVIDIA H100 80GB HBM3          On  |   00000000:4C:00.0 Off |                   On |
| N/A   38C    P0            407W /  700W |   35754MiB /  81559MiB |     N/A      Default |
|                                         |                        |              Enabled |
+-----------------------------------------+------------------------+----------------------+

+-----------------------------------------------------------------------------------------+
| MIG devices:                                                                            |
+------------------+----------------------------------+-----------+-----------------------+
| GPU  GI  CI  MIG |              Shared Memory-Usage |        Vol|        Shared         |
|      ID  ID  Dev |                Shared BAR1-Usage | SM     Unc| CE ENC  DEC  OFA  JPG |
|                  |                                  |        ECC|                       |
|==================+==================================+===========+=======================|
|  0    9   0   0  |              15MiB /  9984MiB    | 16      0 |  1   0    1    0    1 |
|                  |               0MiB /  6185MiB    |           |                       |
+------------------+----------------------------------+-----------+-----------------------+

+-----------------------------------------------------------------------------------------+
| Processes:                                                                              |
|  GPU   GI   CI              PID   Type   Process name                        GPU Memory |
|        ID   ID                                                               Usage      |
|=========================================================================================|
|  No running processes found                                                             |
+-----------------------------------------------------------------------------------------+
Running seed 5
Gym has been unmaintained since 2022 and does not support NumPy 2.0 amongst other critical functionality.
Please upgrade to Gymnasium, the maintained drop-in replacement of Gym, or contact the authors of your software and request that they upgrade.
Users of this version of Gym should be able to simply replace 'import gym' with 'import gymnasium as gym' in the vast majority of cases.
See the migration guide at https://gymnasium.farama.org/introduction/migration_guide/ for additional information.
Seed 5 | Episode 0 | Reward -300.00 | Epsilon 0.9987
Seed 5 | Episode 1 | Reward -300.00 | Epsilon 0.9897
Seed 5 | Episode 2 | Reward -300.00 | Epsilon 0.9808
Seed 5 | Episode 3 | Reward -300.00 | Epsilon 0.9720
Seed 5 | Episode 4 | Reward -300.00 | Epsilon 0.9633
Seed 5 | Episode 5 | Reward -300.00 | Epsilon 0.9547
Seed 5 | Episode 6 | Reward -300.00 | Epsilon 0.9462
Seed 5 | Episode 7 | Reward -300.00 | Epsilon 0.9377
Seed 5 | Episode 8 | Reward -300.00 | Epsilon 0.9293
Seed 5 | Episode 9 | Reward -300.00 | Epsilon 0.9209
Seed 5 | Episode 10 | Reward -300.00 | Epsilon 0.9127
Seed 5 | Episode 11 | Reward -300.00 | Epsilon 0.9045
Seed 5 | Episode 12 | Reward -300.00 | Epsilon 0.8964
Seed 5 | Episode 13 | Reward -300.00 | Epsilon 0.8884
Seed 5 | Episode 14 | Reward -300.00 | Epsilon 0.8804
Seed 5 | Episode 15 | Reward -300.00 | Epsilon 0.8725
Seed 5 | Episode 16 | Reward -300.00 | Epsilon 0.8647
Seed 5 | Episode 17 | Reward -300.00 | Epsilon 0.8570
Seed 5 | Episode 18 | Reward -300.00 | Epsilon 0.8493
Seed 5 | Episode 19 | Reward -300.00 | Epsilon 0.8417
Seed 5 | Episode 20 | Reward -300.00 | Epsilon 0.8341
Seed 5 | Episode 21 | Reward -300.00 | Epsilon 0.8267
Seed 5 | Episode 22 | Reward -300.00 | Epsilon 0.8193
Seed 5 | Episode 23 | Reward -300.00 | Epsilon 0.8119
Seed 5 | Episode 24 | Reward -300.00 | Epsilon 0.8046
Seed 5 | Episode 25 | Reward -300.00 | Epsilon 0.7974
Seed 5 | Episode 26 | Reward -300.00 | Epsilon 0.7903
Seed 5 | Episode 27 | Reward -300.00 | Epsilon 0.7832
Seed 5 | Episode 28 | Reward -300.00 | Epsilon 0.7762
Seed 5 | Episode 29 | Reward -300.00 | Epsilon 0.7692
Seed 5 | Episode 30 | Reward -300.00 | Epsilon 0.7623
Seed 5 | Episode 31 | Reward -300.00 | Epsilon 0.7555
Seed 5 | Episode 32 | Reward -300.00 | Epsilon 0.7487
Seed 5 | Episode 33 | Reward -300.00 | Epsilon 0.7420
Seed 5 | Episode 34 | Reward -300.00 | Epsilon 0.7354
Seed 5 | Episode 35 | Reward -300.00 | Epsilon 0.7288
Seed 5 | Episode 36 | Reward -300.00 | Epsilon 0.7223
Seed 5 | Episode 37 | Reward -300.00 | Epsilon 0.7158
Seed 5 | Episode 38 | Reward -300.00 | Epsilon 0.7094
Seed 5 | Episode 39 | Reward -300.00 | Epsilon 0.7030
Seed 5 | Episode 40 | Reward -300.00 | Epsilon 0.6967
Seed 5 | Episode 41 | Reward -300.00 | Epsilon 0.6905
Seed 5 | Episode 42 | Reward -300.00 | Epsilon 0.6843
Seed 5 | Episode 43 | Reward -300.00 | Epsilon 0.6782
Seed 5 | Episode 44 | Reward -300.00 | Epsilon 0.6721
Seed 5 | Episode 45 | Reward -300.00 | Epsilon 0.6661
Seed 5 | Episode 46 | Reward -300.00 | Epsilon 0.6601
Seed 5 | Episode 47 | Reward -300.00 | Epsilon 0.6542
Seed 5 | Episode 48 | Reward -300.00 | Epsilon 0.6483
Seed 5 | Episode 49 | Reward -300.00 | Epsilon 0.6425
Seed 5 | Episode 50 | Reward -300.00 | Epsilon 0.6368
Seed 5 | Episode 51 | Reward -300.00 | Epsilon 0.6311
Seed 5 | Episode 52 | Reward -300.00 | Epsilon 0.6254
Seed 5 | Episode 53 | Reward -300.00 | Epsilon 0.6198
Seed 5 | Episode 54 | Reward -300.00 | Epsilon 0.6142
Seed 5 | Episode 55 | Reward -300.00 | Epsilon 0.6087
Seed 5 | Episode 56 | Reward -300.00 | Epsilon 0.6033
Seed 5 | Episode 57 | Reward -300.00 | Epsilon 0.5979
Seed 5 | Episode 58 | Reward -300.00 | Epsilon 0.5925
Seed 5 | Episode 59 | Reward -300.00 | Epsilon 0.5872
Seed 5 | Episode 60 | Reward 21.00 | Epsilon 0.5858
Seed 5 | Episode 61 | Reward -300.00 | Epsilon 0.5806
Seed 5 | Episode 62 | Reward -300.00 | Epsilon 0.5754
Seed 5 | Episode 63 | Reward -300.00 | Epsilon 0.5702
Seed 5 | Episode 64 | Reward -300.00 | Epsilon 0.5651
Seed 5 | Episode 65 | Reward -300.00 | Epsilon 0.5600
Seed 5 | Episode 66 | Reward -300.00 | Epsilon 0.5550
Seed 5 | Episode 67 | Reward -300.00 | Epsilon 0.5500
Seed 5 | Episode 68 | Reward -300.00 | Epsilon 0.5451
Seed 5 | Episode 69 | Reward -300.00 | Epsilon 0.5402
Seed 5 | Episode 70 | Reward -300.00 | Epsilon 0.5354
Seed 5 | Episode 71 | Reward -300.00 | Epsilon 0.5306
Seed 5 | Episode 72 | Reward -300.00 | Epsilon 0.5258
Seed 5 | Episode 73 | Reward -300.00 | Epsilon 0.5211
Seed 5 | Episode 74 | Reward -300.00 | Epsilon 0.5165
Seed 5 | Episode 75 | Reward -300.00 | Epsilon 0.5118
Seed 5 | Episode 76 | Reward -300.00 | Epsilon 0.5072
Seed 5 | Episode 77 | Reward -300.00 | Epsilon 0.5027
Seed 5 | Episode 78 | Reward -300.00 | Epsilon 0.4982
Seed 5 | Episode 79 | Reward -43.00 | Epsilon 0.4960
Seed 5 | Episode 80 | Reward -300.00 | Epsilon 0.4916
Seed 5 | Episode 81 | Reward -300.00 | Epsilon 0.4872
Seed 5 | Episode 82 | Reward -300.00 | Epsilon 0.4828
Seed 5 | Episode 83 | Reward -300.00 | Epsilon 0.4785
Seed 5 | Episode 84 | Reward -300.00 | Epsilon 0.4742
Seed 5 | Episode 85 | Reward -300.00 | Epsilon 0.4700
Seed 5 | Episode 86 | Reward -300.00 | Epsilon 0.4658
Seed 5 | Episode 87 | Reward -300.00 | Epsilon 0.4616
Seed 5 | Episode 88 | Reward -300.00 | Epsilon 0.4575
Seed 5 | Episode 89 | Reward -300.00 | Epsilon 0.4534
Seed 5 | Episode 90 | Reward -300.00 | Epsilon 0.4493
Seed 5 | Episode 91 | Reward -300.00 | Epsilon 0.4453
Seed 5 | Episode 92 | Reward 42.00 | Epsilon 0.4445
Seed 5 | Episode 93 | Reward 25.00 | Epsilon 0.4435
Seed 5 | Episode 94 | Reward -300.00 | Epsilon 0.4395
Seed 5 | Episode 95 | Reward -300.00 | Epsilon 0.4356
Seed 5 | Episode 96 | Reward -300.00 | Epsilon 0.4317
Seed 5 | Episode 97 | Reward -300.00 | Epsilon 0.4278
Seed 5 | Episode 98 | Reward -300.00 | Epsilon 0.4240
Seed 5 | Episode 99 | Reward -300.00 | Epsilon 0.4202
Seed 5 | Episode 100 | Reward -300.00 | Epsilon 0.4164
Seed 5 | Episode 101 | Reward -300.00 | Epsilon 0.4127
Seed 5 | Episode 102 | Reward -300.00 | Epsilon 0.4090
Seed 5 | Episode 103 | Reward -29.00 | Epsilon 0.4074
Seed 5 | Episode 104 | Reward -300.00 | Epsilon 0.4037
Seed 5 | Episode 105 | Reward -171.00 | Epsilon 0.4004
Seed 5 | Episode 106 | Reward -300.00 | Epsilon 0.3969
Seed 5 | Episode 107 | Reward -300.00 | Epsilon 0.3933
Seed 5 | Episode 108 | Reward -177.00 | Epsilon 0.3900
Seed 5 | Episode 109 | Reward -99.00 | Epsilon 0.3877
Seed 5 | Episode 110 | Reward -300.00 | Epsilon 0.3842
Seed 5 | Episode 111 | Reward -300.00 | Epsilon 0.3808
Seed 5 | Episode 112 | Reward -300.00 | Epsilon 0.3774
Seed 5 | Episode 113 | Reward -130.00 | Epsilon 0.3748
Seed 5 | Episode 114 | Reward -300.00 | Epsilon 0.3714
Seed 5 | Episode 115 | Reward -300.00 | Epsilon 0.3681
Seed 5 | Episode 116 | Reward -300.00 | Epsilon 0.3648
Seed 5 | Episode 117 | Reward -300.00 | Epsilon 0.3615
Seed 5 | Episode 118 | Reward -300.00 | Epsilon 0.3583
Seed 5 | Episode 119 | Reward -300.00 | Epsilon 0.3551
Seed 5 | Episode 120 | Reward -300.00 | Epsilon 0.3519
Seed 5 | Episode 121 | Reward -300.00 | Epsilon 0.3487
Seed 5 | Episode 122 | Reward -300.00 | Epsilon 0.3456
Seed 5 | Episode 123 | Reward -64.00 | Epsilon 0.3439
Seed 5 | Episode 124 | Reward -300.00 | Epsilon 0.3408
Seed 5 | Episode 125 | Reward -300.00 | Epsilon 0.3378
Seed 5 | Episode 126 | Reward -300.00 | Epsilon 0.3347
Seed 5 | Episode 127 | Reward -81.00 | Epsilon 0.3329
Seed 5 | Episode 128 | Reward -300.00 | Epsilon 0.3299
Seed 5 | Episode 129 | Reward -183.00 | Epsilon 0.3271
Seed 5 | Episode 130 | Reward -300.00 | Epsilon 0.3242
Seed 5 | Episode 131 | Reward -300.00 | Epsilon 0.3213
Seed 5 | Episode 132 | Reward -300.00 | Epsilon 0.3184
Seed 5 | Episode 133 | Reward -300.00 | Epsilon 0.3156
Seed 5 | Episode 134 | Reward 31.00 | Epsilon 0.3149
Seed 5 | Episode 135 | Reward -300.00 | Epsilon 0.3121
Seed 5 | Episode 136 | Reward -300.00 | Epsilon 0.3093
Seed 5 | Episode 137 | Reward -10.00 | Epsilon 0.3083
Seed 5 | Episode 138 | Reward -126.00 | Epsilon 0.3062
Seed 5 | Episode 139 | Reward -300.00 | Epsilon 0.3034
Seed 5 | Episode 140 | Reward -300.00 | Epsilon 0.3007
Seed 5 | Episode 141 | Reward -29.00 | Epsilon 0.2995
Seed 5 | Episode 142 | Reward -178.00 | Epsilon 0.2970
Seed 5 | Episode 143 | Reward -300.00 | Epsilon 0.2944
Seed 5 | Episode 144 | Reward -300.00 | Epsilon 0.2917
Seed 5 | Episode 145 | Reward -300.00 | Epsilon 0.2891
Seed 5 | Episode 146 | Reward -300.00 | Epsilon 0.2865
Seed 5 | Episode 147 | Reward -300.00 | Epsilon 0.2840
Seed 5 | Episode 148 | Reward -300.00 | Epsilon 0.2814
Seed 5 | Episode 149 | Reward -300.00 | Epsilon 0.2789
Seed 5 | Episode 150 | Reward -22.00 | Epsilon 0.2779
Seed 5 | Episode 151 | Reward -300.00 | Epsilon 0.2754
Seed 5 | Episode 152 | Reward -300.00 | Epsilon 0.2729
Seed 5 | Episode 153 | Reward -300.00 | Epsilon 0.2705
Seed 5 | Episode 154 | Reward -300.00 | Epsilon 0.2680
Seed 5 | Episode 155 | Reward -300.00 | Epsilon 0.2656
Seed 5 | Episode 156 | Reward -50.00 | Epsilon 0.2644
Seed 5 | Episode 157 | Reward -9.00 | Epsilon 0.2636
Seed 5 | Episode 158 | Reward -300.00 | Epsilon 0.2612
Seed 5 | Episode 159 | Reward -49.00 | Epsilon 0.2600
Seed 5 | Episode 160 | Reward 38.00 | Epsilon 0.2595
Seed 5 | Episode 161 | Reward -300.00 | Epsilon 0.2572
Seed 5 | Episode 162 | Reward 46.00 | Epsilon 0.2568
Seed 5 | Episode 163 | Reward -300.00 | Epsilon 0.2545
Seed 5 | Episode 164 | Reward -300.00 | Epsilon 0.2522
Seed 5 | Episode 165 | Reward -300.00 | Epsilon 0.2500
Seed 5 | Episode 166 | Reward -300.00 | Epsilon 0.2477
Seed 5 | Episode 167 | Reward -300.00 | Epsilon 0.2455
Seed 5 | Episode 168 | Reward -300.00 | Epsilon 0.2433
Seed 5 | Episode 169 | Reward -300.00 | Epsilon 0.2411
Seed 5 | Episode 170 | Reward -300.00 | Epsilon 0.2390
Seed 5 | Episode 171 | Reward -11.00 | Epsilon 0.2382
Seed 5 | Episode 172 | Reward -137.00 | Epsilon 0.2365
Seed 5 | Episode 173 | Reward -163.00 | Epsilon 0.2346
Seed 5 | Episode 174 | Reward -300.00 | Epsilon 0.2325
Seed 5 | Episode 175 | Reward -300.00 | Epsilon 0.2304
Seed 5 | Episode 176 | Reward -102.00 | Epsilon 0.2290
Seed 5 | Episode 177 | Reward -300.00 | Epsilon 0.2270
Seed 5 | Episode 178 | Reward -300.00 | Epsilon 0.2249
Seed 5 | Episode 179 | Reward -300.00 | Epsilon 0.2229
Seed 5 | Episode 180 | Reward -300.00 | Epsilon 0.2209
Seed 5 | Episode 181 | Reward -300.00 | Epsilon 0.2189
Seed 5 | Episode 182 | Reward -138.00 | Epsilon 0.2174
Seed 5 | Episode 183 | Reward 13.00 | Epsilon 0.2168
Seed 5 | Episode 184 | Reward -67.00 | Epsilon 0.2157
Seed 5 | Episode 185 | Reward -300.00 | Epsilon 0.2138
Seed 5 | Episode 186 | Reward -31.00 | Epsilon 0.2129
Seed 5 | Episode 187 | Reward 54.00 | Epsilon 0.2126
Seed 5 | Episode 188 | Reward -300.00 | Epsilon 0.2107
Seed 5 | Episode 189 | Reward -300.00 | Epsilon 0.2088
Seed 5 | Episode 190 | Reward -300.00 | Epsilon 0.2070
Seed 5 | Episode 191 | Reward 43.00 | Epsilon 0.2066
Seed 5 | Episode 192 | Reward 55.00 | Epsilon 0.2063
Seed 5 | Episode 193 | Reward 27.00 | Epsilon 0.2059
Seed 5 | Episode 194 | Reward -300.00 | Epsilon 0.2040
Seed 5 | Episode 195 | Reward -300.00 | Epsilon 0.2022
Seed 5 | Episode 196 | Reward -194.00 | Epsilon 0.2004
Seed 5 | Episode 197 | Reward -300.00 | Epsilon 0.1986
Seed 5 | Episode 198 | Reward -27.00 | Epsilon 0.1979
Seed 5 | Episode 199 | Reward -300.00 | Epsilon 0.1961
Seed 5 | Episode 200 | Reward 54.00 | Epsilon 0.1958
Seed 5 | Episode 201 | Reward -300.00 | Epsilon 0.1940
Seed 5 | Episode 202 | Reward -300.00 | Epsilon 0.1923
Seed 5 | Episode 203 | Reward -300.00 | Epsilon 0.1906
Seed 5 | Episode 204 | Reward -41.00 | Epsilon 0.1898
Seed 5 | Episode 205 | Reward 6.00 | Epsilon 0.1892
Seed 5 | Episode 206 | Reward 23.00 | Epsilon 0.1888
Seed 5 | Episode 207 | Reward 34.00 | Epsilon 0.1884
Seed 5 | Episode 208 | Reward -134.00 | Epsilon 0.1871
Seed 5 | Episode 209 | Reward -100.00 | Epsilon 0.1860
Seed 5 | Episode 210 | Reward 47.00 | Epsilon 0.1857
Seed 5 | Episode 211 | Reward -300.00 | Epsilon 0.1840
Seed 5 | Episode 212 | Reward 40.00 | Epsilon 0.1837
Seed 5 | Episode 213 | Reward 56.00 | Epsilon 0.1834
Seed 5 | Episode 214 | Reward 46.00 | Epsilon 0.1831
Seed 5 | Episode 215 | Reward 34.00 | Epsilon 0.1827
Seed 5 | Episode 216 | Reward 7.00 | Epsilon 0.1822
Seed 5 | Episode 217 | Reward 24.00 | Epsilon 0.1818
Seed 5 | Episode 218 | Reward 55.00 | Epsilon 0.1816
Seed 5 | Episode 219 | Reward 40.00 | Epsilon 0.1812
Seed 5 | Episode 220 | Reward -20.00 | Epsilon 0.1806
Seed 5 | Episode 221 | Reward -89.00 | Epsilon 0.1795
Seed 5 | Episode 222 | Reward 59.00 | Epsilon 0.1793
Seed 5 | Episode 223 | Reward -92.00 | Epsilon 0.1783
Seed 5 | Episode 224 | Reward 2.00 | Epsilon 0.1778
Seed 5 | Episode 225 | Reward -81.00 | Epsilon 0.1768
Seed 5 | Episode 226 | Reward -300.00 | Epsilon 0.1752
Seed 5 | Episode 227 | Reward -99.00 | Epsilon 0.1742
Seed 5 | Episode 228 | Reward 54.00 | Epsilon 0.1739
Seed 5 | Episode 229 | Reward 54.00 | Epsilon 0.1737
Seed 5 | Episode 230 | Reward -4.00 | Epsilon 0.1731
Seed 5 | Episode 231 | Reward 43.00 | Epsilon 0.1728
Seed 5 | Episode 232 | Reward 44.00 | Epsilon 0.1725
Seed 5 | Episode 233 | Reward 55.00 | Epsilon 0.1723
Seed 5 | Episode 234 | Reward 41.00 | Epsilon 0.1720
Seed 5 | Episode 235 | Reward -300.00 | Epsilon 0.1704
Seed 5 | Episode 236 | Reward -300.00 | Epsilon 0.1689
Seed 5 | Episode 237 | Reward 46.00 | Epsilon 0.1686
Seed 5 | Episode 238 | Reward 55.00 | Epsilon 0.1684
Seed 5 | Episode 239 | Reward -5.00 | Epsilon 0.1679
Seed 5 | Episode 240 | Reward 42.00 | Epsilon 0.1676
Seed 5 | Episode 241 | Reward -300.00 | Epsilon 0.1661
Seed 5 | Episode 242 | Reward 59.00 | Epsilon 0.1659
Seed 5 | Episode 243 | Reward 59.00 | Epsilon 0.1656
Seed 5 | Episode 244 | Reward 39.00 | Epsilon 0.1653
Seed 5 | Episode 245 | Reward 52.00 | Epsilon 0.1651
Seed 5 | Episode 246 | Reward -300.00 | Epsilon 0.1636
Seed 5 | Episode 247 | Reward -121.00 | Epsilon 0.1625
Seed 5 | Episode 248 | Reward 36.00 | Epsilon 0.1622
Seed 5 | Episode 249 | Reward -15.00 | Epsilon 0.1617
Seed 5 | Episode 250 | Reward -61.00 | Epsilon 0.1609
Seed 5 | Episode 251 | Reward -185.00 | Epsilon 0.1595
Seed 5 | Episode 252 | Reward 29.00 | Epsilon 0.1591
Seed 5 | Episode 253 | Reward 44.00 | Epsilon 0.1589
Seed 5 | Episode 254 | Reward -300.00 | Epsilon 0.1575
Seed 5 | Episode 255 | Reward -300.00 | Epsilon 0.1560
Seed 5 | Episode 256 | Reward 43.00 | Epsilon 0.1558
Seed 5 | Episode 257 | Reward -26.00 | Epsilon 0.1552
Seed 5 | Episode 258 | Reward 36.00 | Epsilon 0.1549
Seed 5 | Episode 259 | Reward 43.00 | Epsilon 0.1546
Seed 5 | Episode 260 | Reward -300.00 | Epsilon 0.1532
Seed 5 | Episode 261 | Reward 52.00 | Epsilon 0.1530
Seed 5 | Episode 262 | Reward -300.00 | Epsilon 0.1516
Seed 5 | Episode 263 | Reward -145.00 | Epsilon 0.1505
Seed 5 | Episode 264 | Reward -171.00 | Epsilon 0.1493
Seed 5 | Episode 265 | Reward -300.00 | Epsilon 0.1480
Seed 5 | Episode 266 | Reward -94.00 | Epsilon 0.1471
Seed 5 | Episode 267 | Reward -47.00 | Epsilon 0.1464
Seed 5 | Episode 268 | Reward 46.00 | Epsilon 0.1462
Seed 5 | Episode 269 | Reward 50.00 | Epsilon 0.1460
Seed 5 | Episode 270 | Reward 56.00 | Epsilon 0.1458
Seed 5 | Episode 271 | Reward 35.00 | Epsilon 0.1455
Seed 5 | Episode 272 | Reward -85.00 | Epsilon 0.1447
Seed 5 | Episode 273 | Reward -99.00 | Epsilon 0.1438
Seed 5 | Episode 274 | Reward 38.00 | Epsilon 0.1435
Seed 5 | Episode 275 | Reward 60.00 | Epsilon 0.1434
Seed 5 | Episode 276 | Reward 59.00 | Epsilon 0.1432
Seed 5 | Episode 277 | Reward 55.00 | Epsilon 0.1430
Seed 5 | Episode 278 | Reward 52.00 | Epsilon 0.1428
Seed 5 | Episode 279 | Reward -24.00 | Epsilon 0.1422
Seed 5 | Episode 280 | Reward 51.00 | Epsilon 0.1420
Seed 5 | Episode 281 | Reward -46.00 | Epsilon 0.1414
Seed 5 | Episode 282 | Reward -32.00 | Epsilon 0.1408
Seed 5 | Episode 283 | Reward -52.00 | Epsilon 0.1402
Seed 5 | Episode 284 | Reward 43.00 | Epsilon 0.1400
Seed 5 | Episode 285 | Reward -12.00 | Epsilon 0.1395
Seed 5 | Episode 286 | Reward 38.00 | Epsilon 0.1392
Seed 5 | Episode 287 | Reward 34.00 | Epsilon 0.1389
Seed 5 | Episode 288 | Reward -93.00 | Epsilon 0.1381
Seed 5 | Episode 289 | Reward 47.00 | Epsilon 0.1379
Seed 5 | Episode 290 | Reward 49.00 | Epsilon 0.1377
Seed 5 | Episode 291 | Reward 0.00 | Epsilon 0.1373
Seed 5 | Episode 292 | Reward 62.00 | Epsilon 0.1371
Seed 5 | Episode 293 | Reward -144.00 | Epsilon 0.1361
Seed 5 | Episode 294 | Reward -16.00 | Epsilon 0.1356
Seed 5 | Episode 295 | Reward 53.00 | Epsilon 0.1354
Seed 5 | Episode 296 | Reward -63.00 | Epsilon 0.1348
Seed 5 | Episode 297 | Reward 38.00 | Epsilon 0.1345
Seed 5 | Episode 298 | Reward 55.00 | Epsilon 0.1343
Seed 5 | Episode 299 | Reward 58.00 | Epsilon 0.1342
Seed 5 | Episode 300 | Reward -10.00 | Epsilon 0.1337
Seed 5 | Episode 301 | Reward -67.00 | Epsilon 0.1330
Seed 5 | Episode 302 | Reward -39.00 | Epsilon 0.1325
Seed 5 | Episode 303 | Reward 58.00 | Epsilon 0.1323
Seed 5 | Episode 304 | Reward -300.00 | Epsilon 0.1311
Seed 5 | Episode 305 | Reward 29.00 | Epsilon 0.1308
Seed 5 | Episode 306 | Reward 60.00 | Epsilon 0.1307
Seed 5 | Episode 307 | Reward 50.00 | Epsilon 0.1305
Seed 5 | Episode 308 | Reward -6.00 | Epsilon 0.1301
Seed 5 | Episode 309 | Reward 18.00 | Epsilon 0.1297
Seed 5 | Episode 310 | Reward 48.00 | Epsilon 0.1295
Seed 5 | Episode 311 | Reward 47.00 | Epsilon 0.1293
Seed 5 | Episode 312 | Reward 38.00 | Epsilon 0.1291
Seed 5 | Episode 313 | Reward -79.00 | Epsilon 0.1284
Seed 5 | Episode 314 | Reward -51.00 | Epsilon 0.1278
Seed 5 | Episode 315 | Reward 42.00 | Epsilon 0.1276
Seed 5 | Episode 316 | Reward 5.00 | Epsilon 0.1272
Seed 5 | Episode 317 | Reward 12.00 | Epsilon 0.1269
Seed 5 | Episode 318 | Reward -10.00 | Epsilon 0.1264
Seed 5 | Episode 319 | Reward 50.00 | Epsilon 0.1263
Seed 5 | Episode 320 | Reward -6.00 | Epsilon 0.1258
Seed 5 | Episode 321 | Reward 0.00 | Epsilon 0.1255
Seed 5 | Episode 322 | Reward -71.00 | Epsilon 0.1248
Seed 5 | Episode 323 | Reward 18.00 | Epsilon 0.1245
Seed 5 | Episode 324 | Reward 48.00 | Epsilon 0.1243
Seed 5 | Episode 325 | Reward 54.00 | Epsilon 0.1241
Seed 5 | Episode 326 | Reward 54.00 | Epsilon 0.1240
Seed 5 | Episode 327 | Reward -300.00 | Epsilon 0.1229
Seed 5 | Episode 328 | Reward -171.00 | Epsilon 0.1219
Seed 5 | Episode 329 | Reward 50.00 | Epsilon 0.1217
Seed 5 | Episode 330 | Reward 52.00 | Epsilon 0.1215
Seed 5 | Episode 331 | Reward 62.00 | Epsilon 0.1213
Seed 5 | Episode 332 | Reward 34.00 | Epsilon 0.1211
Seed 5 | Episode 333 | Reward 61.00 | Epsilon 0.1210
Seed 5 | Episode 334 | Reward -59.00 | Epsilon 0.1204
Seed 5 | Episode 335 | Reward -131.00 | Epsilon 0.1195
Seed 5 | Episode 336 | Reward 55.00 | Epsilon 0.1194
Seed 5 | Episode 337 | Reward 31.00 | Epsilon 0.1191
Seed 5 | Episode 338 | Reward -115.00 | Epsilon 0.1184
Seed 5 | Episode 339 | Reward 62.00 | Epsilon 0.1182
Seed 5 | Episode 340 | Reward 59.00 | Epsilon 0.1181
Seed 5 | Episode 341 | Reward -12.00 | Epsilon 0.1177
Seed 5 | Episode 342 | Reward 56.00 | Epsilon 0.1175
Seed 5 | Episode 343 | Reward 29.00 | Epsilon 0.1173
Seed 5 | Episode 344 | Reward 53.00 | Epsilon 0.1171
Seed 5 | Episode 345 | Reward 55.00 | Epsilon 0.1169
Seed 5 | Episode 346 | Reward 51.00 | Epsilon 0.1168
Seed 5 | Episode 347 | Reward 46.00 | Epsilon 0.1166
Seed 5 | Episode 348 | Reward 61.00 | Epsilon 0.1164
Seed 5 | Episode 349 | Reward 57.00 | Epsilon 0.1163
Seed 5 | Episode 350 | Reward 41.00 | Epsilon 0.1161
Seed 5 | Episode 351 | Reward 42.00 | Epsilon 0.1159
Seed 5 | Episode 352 | Reward 60.00 | Epsilon 0.1157
Seed 5 | Episode 353 | Reward 39.00 | Epsilon 0.1155
Seed 5 | Episode 354 | Reward 7.00 | Epsilon 0.1152
Seed 5 | Episode 355 | Reward 49.00 | Epsilon 0.1150
Seed 5 | Episode 356 | Reward 1.00 | Epsilon 0.1146
Seed 5 | Episode 357 | Reward 42.00 | Epsilon 0.1144
Seed 5 | Episode 358 | Reward 42.00 | Epsilon 0.1142
Seed 5 | Episode 359 | Reward -59.00 | Epsilon 0.1137
Seed 5 | Episode 360 | Reward 39.00 | Epsilon 0.1135
Seed 5 | Episode 361 | Reward -20.00 | Epsilon 0.1131
Seed 5 | Episode 362 | Reward 51.00 | Epsilon 0.1129
Seed 5 | Episode 363 | Reward 55.00 | Epsilon 0.1127
Seed 5 | Episode 364 | Reward 62.00 | Epsilon 0.1126
Seed 5 | Episode 365 | Reward 48.00 | Epsilon 0.1124
Seed 5 | Episode 366 | Reward 43.00 | Epsilon 0.1122
Seed 5 | Episode 367 | Reward 17.00 | Epsilon 0.1120
Seed 5 | Episode 368 | Reward 48.00 | Epsilon 0.1118
Seed 5 | Episode 369 | Reward 48.00 | Epsilon 0.1116
Seed 5 | Episode 370 | Reward 32.00 | Epsilon 0.1114
Seed 5 | Episode 371 | Reward 52.00 | Epsilon 0.1112
Seed 5 | Episode 372 | Reward 31.00 | Epsilon 0.1110
Seed 5 | Episode 373 | Reward 52.00 | Epsilon 0.1108
Seed 5 | Episode 374 | Reward 54.00 | Epsilon 0.1107
Seed 5 | Episode 375 | Reward 55.00 | Epsilon 0.1105
Seed 5 | Episode 376 | Reward 62.00 | Epsilon 0.1104
Seed 5 | Episode 377 | Reward 22.00 | Epsilon 0.1101
Seed 5 | Episode 378 | Reward -134.00 | Epsilon 0.1093
Seed 5 | Episode 379 | Reward 36.00 | Epsilon 0.1091
Seed 5 | Episode 380 | Reward 60.00 | Epsilon 0.1090
Seed 5 | Episode 381 | Reward 47.00 | Epsilon 0.1088
Seed 5 | Episode 382 | Reward 43.00 | Epsilon 0.1086
Seed 5 | Episode 383 | Reward 2.00 | Epsilon 0.1083
Seed 5 | Episode 384 | Reward 17.00 | Epsilon 0.1080
Seed 5 | Episode 385 | Reward 48.00 | Epsilon 0.1079
Seed 5 | Episode 386 | Reward 54.00 | Epsilon 0.1077
Seed 5 | Episode 387 | Reward 48.00 | Epsilon 0.1075
Seed 5 | Episode 388 | Reward 13.00 | Epsilon 0.1073
Seed 5 | Episode 389 | Reward 58.00 | Epsilon 0.1071
Seed 5 | Episode 390 | Reward 29.00 | Epsilon 0.1069
Seed 5 | Episode 391 | Reward 33.00 | Epsilon 0.1067
Seed 5 | Episode 392 | Reward 54.00 | Epsilon 0.1065
Seed 5 | Episode 393 | Reward 45.00 | Epsilon 0.1063
Seed 5 | Episode 394 | Reward 58.00 | Epsilon 0.1062
Seed 5 | Episode 395 | Reward 43.00 | Epsilon 0.1060
Seed 5 | Episode 396 | Reward 50.00 | Epsilon 0.1059
Seed 5 | Episode 397 | Reward 48.00 | Epsilon 0.1057
Seed 5 | Episode 398 | Reward 10.00 | Epsilon 0.1054
Seed 5 | Episode 399 | Reward 24.00 | Epsilon 0.1052
Seed 5 | Episode 400 | Reward 59.00 | Epsilon 0.1050
Seed 5 | Episode 401 | Reward 59.00 | Epsilon 0.1049
Seed 5 | Episode 402 | Reward 43.00 | Epsilon 0.1047
Seed 5 | Episode 403 | Reward 48.00 | Epsilon 0.1045
Seed 5 | Episode 404 | Reward 34.00 | Epsilon 0.1043
Seed 5 | Episode 405 | Reward 48.00 | Epsilon 0.1042
Seed 5 | Episode 406 | Reward 60.00 | Epsilon 0.1040
Seed 5 | Episode 407 | Reward 53.00 | Epsilon 0.1039
Seed 5 | Episode 408 | Reward 24.00 | Epsilon 0.1036
Seed 5 | Episode 409 | Reward 60.00 | Epsilon 0.1035
Seed 5 | Episode 410 | Reward 42.00 | Epsilon 0.1033
Seed 5 | Episode 411 | Reward 47.00 | Epsilon 0.1032
Seed 5 | Episode 412 | Reward 51.00 | Epsilon 0.1030
Seed 5 | Episode 413 | Reward 52.00 | Epsilon 0.1029
Seed 5 | Episode 414 | Reward 55.00 | Epsilon 0.1027
Seed 5 | Episode 415 | Reward -56.00 | Epsilon 0.1022
Seed 5 | Episode 416 | Reward -20.00 | Epsilon 0.1019
Seed 5 | Episode 417 | Reward 36.00 | Epsilon 0.1017
Seed 5 | Episode 418 | Reward 57.00 | Epsilon 0.1015
Seed 5 | Episode 419 | Reward 53.00 | Epsilon 0.1014
Seed 5 | Episode 420 | Reward 43.00 | Epsilon 0.1012
Seed 5 | Episode 421 | Reward 49.00 | Epsilon 0.1011
Seed 5 | Episode 422 | Reward 57.00 | Epsilon 0.1009
Seed 5 | Episode 423 | Reward 29.00 | Epsilon 0.1007
Seed 5 | Episode 424 | Reward 46.00 | Epsilon 0.1005
Seed 5 | Episode 425 | Reward 46.00 | Epsilon 0.1004
Seed 5 | Episode 426 | Reward 46.00 | Epsilon 0.1002
Seed 5 | Episode 427 | Reward 59.00 | Epsilon 0.1001
Seed 5 | Episode 428 | Reward 51.00 | Epsilon 0.0999
Seed 5 | Episode 429 | Reward 11.00 | Epsilon 0.0997
Seed 5 | Episode 430 | Reward 34.00 | Epsilon 0.0995
Seed 5 | Episode 431 | Reward 56.00 | Epsilon 0.0993
Seed 5 | Episode 432 | Reward 52.00 | Epsilon 0.0992
Seed 5 | Episode 433 | Reward 25.00 | Epsilon 0.0990
Seed 5 | Episode 434 | Reward 60.00 | Epsilon 0.0988
Seed 5 | Episode 435 | Reward 40.00 | Epsilon 0.0987
Seed 5 | Episode 436 | Reward 51.00 | Epsilon 0.0985
Seed 5 | Episode 437 | Reward 60.00 | Epsilon 0.0984
Seed 5 | Episode 438 | Reward 63.00 | Epsilon 0.0983
Seed 5 | Episode 439 | Reward 56.00 | Epsilon 0.0981
Seed 5 | Episode 440 | Reward 53.00 | Epsilon 0.0980
Seed 5 | Episode 441 | Reward 55.00 | Epsilon 0.0979
Seed 5 | Episode 442 | Reward 56.00 | Epsilon 0.0977
Seed 5 | Episode 443 | Reward 56.00 | Epsilon 0.0976
Seed 5 | Episode 444 | Reward 53.00 | Epsilon 0.0975
Seed 5 | Episode 445 | Reward 51.00 | Epsilon 0.0973
Seed 5 | Episode 446 | Reward 52.00 | Epsilon 0.0972
Seed 5 | Episode 447 | Reward 50.00 | Epsilon 0.0970
Seed 5 | Episode 448 | Reward 48.00 | Epsilon 0.0969
Seed 5 | Episode 449 | Reward 28.00 | Epsilon 0.0967
Seed 5 | Episode 450 | Reward 48.00 | Epsilon 0.0965
Seed 5 | Episode 451 | Reward 52.00 | Epsilon 0.0964
Seed 5 | Episode 452 | Reward 46.00 | Epsilon 0.0962
Seed 5 | Episode 453 | Reward 22.00 | Epsilon 0.0960
Seed 5 | Episode 454 | Reward -21.00 | Epsilon 0.0956
Seed 5 | Episode 455 | Reward 48.00 | Epsilon 0.0955
Seed 5 | Episode 456 | Reward 63.00 | Epsilon 0.0954
Seed 5 | Episode 457 | Reward 64.00 | Epsilon 0.0953
Seed 5 | Episode 458 | Reward 51.00 | Epsilon 0.0951
Seed 5 | Episode 459 | Reward 38.00 | Epsilon 0.0949
Seed 5 | Episode 460 | Reward 43.00 | Epsilon 0.0948
Seed 5 | Episode 461 | Reward 39.00 | Epsilon 0.0946
Seed 5 | Episode 462 | Reward 57.00 | Epsilon 0.0945
Seed 5 | Episode 463 | Reward 38.00 | Epsilon 0.0943
Seed 5 | Episode 464 | Reward 54.00 | Epsilon 0.0942
Seed 5 | Episode 465 | Reward 41.00 | Epsilon 0.0940
Seed 5 | Episode 466 | Reward 40.00 | Epsilon 0.0938
Seed 5 | Episode 467 | Reward 51.00 | Epsilon 0.0937
Seed 5 | Episode 468 | Reward 35.00 | Epsilon 0.0935
Seed 5 | Episode 469 | Reward 32.00 | Epsilon 0.0933
Seed 5 | Episode 470 | Reward 46.00 | Epsilon 0.0931
Seed 5 | Episode 471 | Reward 62.00 | Epsilon 0.0930
Seed 5 | Episode 472 | Reward 48.00 | Epsilon 0.0929
Seed 5 | Episode 473 | Reward 57.00 | Epsilon 0.0928
Seed 5 | Episode 474 | Reward 62.00 | Epsilon 0.0927
Seed 5 | Episode 475 | Reward 55.00 | Epsilon 0.0925
Seed 5 | Episode 476 | Reward 48.00 | Epsilon 0.0924
Seed 5 | Episode 477 | Reward 60.00 | Epsilon 0.0923
Seed 5 | Episode 478 | Reward 40.00 | Epsilon 0.0921
Seed 5 | Episode 479 | Reward 44.00 | Epsilon 0.0919
Seed 5 | Episode 480 | Reward 18.00 | Epsilon 0.0917
Seed 5 | Episode 481 | Reward 47.00 | Epsilon 0.0916
Seed 5 | Episode 482 | Reward 56.00 | Epsilon 0.0914
Seed 5 | Episode 483 | Reward 46.00 | Epsilon 0.0913
Seed 5 | Episode 484 | Reward 34.00 | Epsilon 0.0911
Seed 5 | Episode 485 | Reward 52.00 | Epsilon 0.0910
Seed 5 | Episode 486 | Reward 58.00 | Epsilon 0.0909
Seed 5 | Episode 487 | Reward 39.00 | Epsilon 0.0907
Seed 5 | Episode 488 | Reward 46.00 | Epsilon 0.0905
Seed 5 | Episode 489 | Reward 59.00 | Epsilon 0.0904
Seed 5 | Episode 490 | Reward 46.00 | Epsilon 0.0903
Seed 5 | Episode 491 | Reward 42.00 | Epsilon 0.0901
Seed 5 | Episode 492 | Reward 47.00 | Epsilon 0.0900
Seed 5 | Episode 493 | Reward 45.00 | Epsilon 0.0898
Seed 5 | Episode 494 | Reward 52.00 | Epsilon 0.0897
Seed 5 | Episode 495 | Reward 55.00 | Epsilon 0.0896
Seed 5 | Episode 496 | Reward 62.00 | Epsilon 0.0895
Seed 5 | Episode 497 | Reward 52.00 | Epsilon 0.0893
Seed 5 | Episode 498 | Reward 46.00 | Epsilon 0.0892
Seed 5 | Episode 499 | Reward 57.00 | Epsilon 0.0891
Seed 5 | Episode 500 | Reward 60.00 | Epsilon 0.0890
Seed 5 | Episode 501 | Reward 58.00 | Epsilon 0.0888
Seed 5 | Episode 502 | Reward 56.00 | Epsilon 0.0887
Seed 5 | Episode 503 | Reward 50.00 | Epsilon 0.0886
Seed 5 | Episode 504 | Reward 49.00 | Epsilon 0.0884
Seed 5 | Episode 505 | Reward 47.00 | Epsilon 0.0883
Seed 5 | Episode 506 | Reward 48.00 | Epsilon 0.0882
Seed 5 | Episode 507 | Reward 37.00 | Epsilon 0.0880
Seed 5 | Episode 508 | Reward 52.00 | Epsilon 0.0879
Seed 5 | Episode 509 | Reward 60.00 | Epsilon 0.0878
Seed 5 | Episode 510 | Reward 53.00 | Epsilon 0.0876
Seed 5 | Episode 511 | Reward 14.00 | Epsilon 0.0874
Seed 5 | Episode 512 | Reward 22.00 | Epsilon 0.0872
Seed 5 | Episode 513 | Reward 16.00 | Epsilon 0.0870
Seed 5 | Episode 514 | Reward 53.00 | Epsilon 0.0868
Seed 5 | Episode 515 | Reward 56.00 | Epsilon 0.0867
Seed 5 | Episode 516 | Reward 50.00 | Epsilon 0.0866
Seed 5 | Episode 517 | Reward 51.00 | Epsilon 0.0865
Seed 5 | Episode 518 | Reward -42.00 | Epsilon 0.0861
Seed 5 | Episode 519 | Reward 43.00 | Epsilon 0.0859
Seed 5 | Episode 520 | Reward 47.00 | Epsilon 0.0858
Seed 5 | Episode 521 | Reward 42.00 | Epsilon 0.0857
Seed 5 | Episode 522 | Reward 56.00 | Epsilon 0.0855
Seed 5 | Episode 523 | Reward 58.00 | Epsilon 0.0854
Seed 5 | Episode 524 | Reward 25.00 | Epsilon 0.0852
Seed 5 | Episode 525 | Reward 59.00 | Epsilon 0.0851
Seed 5 | Episode 526 | Reward 39.00 | Epsilon 0.0850
Seed 5 | Episode 527 | Reward 57.00 | Epsilon 0.0849
Seed 5 | Episode 528 | Reward 59.00 | Epsilon 0.0848
Seed 5 | Episode 529 | Reward 41.00 | Epsilon 0.0846
Seed 5 | Episode 530 | Reward 44.00 | Epsilon 0.0845
Seed 5 | Episode 531 | Reward 42.00 | Epsilon 0.0843
Seed 5 | Episode 532 | Reward 48.00 | Epsilon 0.0842
Seed 5 | Episode 533 | Reward 52.00 | Epsilon 0.0840
Seed 5 | Episode 534 | Reward 47.00 | Epsilon 0.0839
Seed 5 | Episode 535 | Reward 62.00 | Epsilon 0.0838
Seed 5 | Episode 536 | Reward 48.00 | Epsilon 0.0837
Seed 5 | Episode 537 | Reward 56.00 | Epsilon 0.0836
Seed 5 | Episode 538 | Reward 56.00 | Epsilon 0.0835
Seed 5 | Episode 539 | Reward 43.00 | Epsilon 0.0833
Seed 5 | Episode 540 | Reward 49.00 | Epsilon 0.0832
Seed 5 | Episode 541 | Reward 60.00 | Epsilon 0.0831
Seed 5 | Episode 542 | Reward -62.00 | Epsilon 0.0827
Seed 5 | Episode 543 | Reward 44.00 | Epsilon 0.0825
Seed 5 | Episode 544 | Reward 44.00 | Epsilon 0.0824
Seed 5 | Episode 545 | Reward 36.00 | Epsilon 0.0822
Seed 5 | Episode 546 | Reward 59.00 | Epsilon 0.0821
Seed 5 | Episode 547 | Reward 5.00 | Epsilon 0.0819
Seed 5 | Episode 548 | Reward 57.00 | Epsilon 0.0818
Seed 5 | Episode 549 | Reward 58.00 | Epsilon 0.0817
Seed 5 | Episode 550 | Reward 53.00 | Epsilon 0.0816
Seed 5 | Episode 551 | Reward 39.00 | Epsilon 0.0814
Seed 5 | Episode 552 | Reward 43.00 | Epsilon 0.0813
Seed 5 | Episode 553 | Reward 44.00 | Epsilon 0.0811
Seed 5 | Episode 554 | Reward -154.00 | Epsilon 0.0805
Seed 5 | Episode 555 | Reward 38.00 | Epsilon 0.0804
Seed 5 | Episode 556 | Reward 45.00 | Epsilon 0.0802
Seed 5 | Episode 557 | Reward -144.00 | Epsilon 0.0796
Seed 5 | Episode 558 | Reward 48.00 | Epsilon 0.0795
Seed 5 | Episode 559 | Reward 41.00 | Epsilon 0.0794
Seed 5 | Episode 560 | Reward 57.00 | Epsilon 0.0793
Seed 5 | Episode 561 | Reward 52.00 | Epsilon 0.0791
Seed 5 | Episode 562 | Reward 63.00 | Epsilon 0.0791
Seed 5 | Episode 563 | Reward 38.00 | Epsilon 0.0789
Seed 5 | Episode 564 | Reward -5.00 | Epsilon 0.0787
Seed 5 | Episode 565 | Reward 47.00 | Epsilon 0.0785
Seed 5 | Episode 566 | Reward -183.00 | Epsilon 0.0779
Seed 5 | Episode 567 | Reward 48.00 | Epsilon 0.0777
Seed 5 | Episode 568 | Reward 48.00 | Epsilon 0.0776
Seed 5 | Episode 569 | Reward -300.00 | Epsilon 0.0769
Seed 5 | Episode 570 | Reward 48.00 | Epsilon 0.0768
Seed 5 | Episode 571 | Reward 61.00 | Epsilon 0.0767
Seed 5 | Episode 572 | Reward -30.00 | Epsilon 0.0764
Seed 5 | Episode 573 | Reward 54.00 | Epsilon 0.0763
Seed 5 | Episode 574 | Reward 60.00 | Epsilon 0.0762
Seed 5 | Episode 575 | Reward 60.00 | Epsilon 0.0761
Seed 5 | Episode 576 | Reward 50.00 | Epsilon 0.0760
Seed 5 | Episode 577 | Reward 38.00 | Epsilon 0.0758
Seed 5 | Episode 578 | Reward 24.00 | Epsilon 0.0757
Seed 5 | Episode 579 | Reward 44.00 | Epsilon 0.0755
Seed 5 | Episode 580 | Reward 54.00 | Epsilon 0.0754
Seed 5 | Episode 581 | Reward 59.00 | Epsilon 0.0753
Seed 5 | Episode 582 | Reward 51.00 | Epsilon 0.0752
Seed 5 | Episode 583 | Reward 54.00 | Epsilon 0.0751
Seed 5 | Episode 584 | Reward -49.00 | Epsilon 0.0748
Seed 5 | Episode 585 | Reward -31.00 | Epsilon 0.0745
Seed 5 | Episode 586 | Reward 39.00 | Epsilon 0.0744
Seed 5 | Episode 587 | Reward 39.00 | Epsilon 0.0742
Seed 5 | Episode 588 | Reward 38.00 | Epsilon 0.0741
Seed 5 | Episode 589 | Reward 35.00 | Epsilon 0.0739
Seed 5 | Episode 590 | Reward -98.00 | Epsilon 0.0735
Seed 5 | Episode 591 | Reward 55.00 | Epsilon 0.0734
Seed 5 | Episode 592 | Reward 49.00 | Epsilon 0.0733
Seed 5 | Episode 593 | Reward 5.00 | Epsilon 0.0731
Seed 5 | Episode 594 | Reward 18.00 | Epsilon 0.0729
Seed 5 | Episode 595 | Reward 66.00 | Epsilon 0.0728
Seed 5 | Episode 596 | Reward 54.00 | Epsilon 0.0727
Seed 5 | Episode 597 | Reward 50.00 | Epsilon 0.0726
Seed 5 | Episode 598 | Reward 40.00 | Epsilon 0.0725
Seed 5 | Episode 599 | Reward 62.00 | Epsilon 0.0724
Seed 5 | Episode 600 | Reward 45.00 | Epsilon 0.0722
Seed 5 | Episode 601 | Reward 58.00 | Epsilon 0.0722
Seed 5 | Episode 602 | Reward 53.00 | Epsilon 0.0721
Seed 5 | Episode 603 | Reward 57.00 | Epsilon 0.0720
Seed 5 | Episode 604 | Reward 57.00 | Epsilon 0.0719
Seed 5 | Episode 605 | Reward 43.00 | Epsilon 0.0717
Seed 5 | Episode 606 | Reward -63.00 | Epsilon 0.0714
Seed 5 | Episode 607 | Reward -46.00 | Epsilon 0.0711
Seed 5 | Episode 608 | Reward 46.00 | Epsilon 0.0710
Seed 5 | Episode 609 | Reward 52.00 | Epsilon 0.0708
Seed 5 | Episode 610 | Reward 47.00 | Epsilon 0.0707
Seed 5 | Episode 611 | Reward 64.00 | Epsilon 0.0707
Seed 5 | Episode 612 | Reward 50.00 | Epsilon 0.0705
Seed 5 | Episode 613 | Reward 58.00 | Epsilon 0.0705
Seed 5 | Episode 614 | Reward -116.00 | Epsilon 0.0700
Seed 5 | Episode 615 | Reward 60.00 | Epsilon 0.0699
Seed 5 | Episode 616 | Reward 60.00 | Epsilon 0.0698
Seed 5 | Episode 617 | Reward 53.00 | Epsilon 0.0697
Seed 5 | Episode 618 | Reward 45.00 | Epsilon 0.0696
Seed 5 | Episode 619 | Reward 40.00 | Epsilon 0.0695
Seed 5 | Episode 620 | Reward 45.00 | Epsilon 0.0694
Seed 5 | Episode 621 | Reward 46.00 | Epsilon 0.0693
Seed 5 | Episode 622 | Reward 34.00 | Epsilon 0.0691
Seed 5 | Episode 623 | Reward -7.00 | Epsilon 0.0689
Seed 5 | Episode 624 | Reward 39.00 | Epsilon 0.0688
Seed 5 | Episode 625 | Reward 62.00 | Epsilon 0.0687
Seed 5 | Episode 626 | Reward 44.00 | Epsilon 0.0686
Seed 5 | Episode 627 | Reward 49.00 | Epsilon 0.0685
Seed 5 | Episode 628 | Reward 51.00 | Epsilon 0.0684
Seed 5 | Episode 629 | Reward 46.00 | Epsilon 0.0682
Seed 5 | Episode 630 | Reward 38.00 | Epsilon 0.0681
Seed 5 | Episode 631 | Reward 58.00 | Epsilon 0.0680
Seed 5 | Episode 632 | Reward 40.00 | Epsilon 0.0679
Seed 5 | Episode 633 | Reward 54.00 | Epsilon 0.0678
Seed 5 | Episode 634 | Reward 33.00 | Epsilon 0.0677
Seed 5 | Episode 635 | Reward -54.00 | Epsilon 0.0674
Seed 5 | Episode 636 | Reward 59.00 | Epsilon 0.0673
Seed 5 | Episode 637 | Reward 42.00 | Epsilon 0.0671
Seed 5 | Episode 638 | Reward 54.00 | Epsilon 0.0671
Seed 5 | Episode 639 | Reward 45.00 | Epsilon 0.0669
Seed 5 | Episode 640 | Reward 56.00 | Epsilon 0.0669
Seed 5 | Episode 641 | Reward 47.00 | Epsilon 0.0667
Seed 5 | Episode 642 | Reward 47.00 | Epsilon 0.0666
Seed 5 | Episode 643 | Reward 53.00 | Epsilon 0.0665
Seed 5 | Episode 644 | Reward 47.00 | Epsilon 0.0664
Seed 5 | Episode 645 | Reward 43.00 | Epsilon 0.0663
Seed 5 | Episode 646 | Reward 60.00 | Epsilon 0.0662
Seed 5 | Episode 647 | Reward 41.00 | Epsilon 0.0661
Seed 5 | Episode 648 | Reward 52.00 | Epsilon 0.0660
Seed 5 | Episode 649 | Reward 54.00 | Epsilon 0.0659
Seed 5 | Episode 650 | Reward 51.00 | Epsilon 0.0658
Seed 5 | Episode 651 | Reward 51.00 | Epsilon 0.0657
Seed 5 | Episode 652 | Reward 50.00 | Epsilon 0.0656
Seed 5 | Episode 653 | Reward 50.00 | Epsilon 0.0655
Seed 5 | Episode 654 | Reward 62.00 | Epsilon 0.0654
Seed 5 | Episode 655 | Reward 48.00 | Epsilon 0.0653
Seed 5 | Episode 656 | Reward 59.00 | Epsilon 0.0653
Seed 5 | Episode 657 | Reward 58.00 | Epsilon 0.0652
Seed 5 | Episode 658 | Reward 36.00 | Epsilon 0.0651
Seed 5 | Episode 659 | Reward 49.00 | Epsilon 0.0650
Seed 5 | Episode 660 | Reward 39.00 | Epsilon 0.0648
Seed 5 | Episode 661 | Reward 51.00 | Epsilon 0.0647
Seed 5 | Episode 662 | Reward 52.00 | Epsilon 0.0646
Seed 5 | Episode 663 | Reward 33.00 | Epsilon 0.0645
Seed 5 | Episode 664 | Reward 39.00 | Epsilon 0.0644
Seed 5 | Episode 665 | Reward 45.00 | Epsilon 0.0643
Seed 5 | Episode 666 | Reward 57.00 | Epsilon 0.0642
Seed 5 | Episode 667 | Reward 54.00 | Epsilon 0.0641
Seed 5 | Episode 668 | Reward 50.00 | Epsilon 0.0640
Seed 5 | Episode 669 | Reward 59.00 | Epsilon 0.0639
Seed 5 | Episode 670 | Reward 51.00 | Epsilon 0.0638
Seed 5 | Episode 671 | Reward 48.00 | Epsilon 0.0637
Seed 5 | Episode 672 | Reward 42.00 | Epsilon 0.0636
Seed 5 | Episode 673 | Reward 57.00 | Epsilon 0.0635
Seed 5 | Episode 674 | Reward 43.00 | Epsilon 0.0634
Seed 5 | Episode 675 | Reward 41.00 | Epsilon 0.0633
Seed 5 | Episode 676 | Reward 51.00 | Epsilon 0.0632
Seed 5 | Episode 677 | Reward 48.00 | Epsilon 0.0631
Seed 5 | Episode 678 | Reward 41.00 | Epsilon 0.0630
Seed 5 | Episode 679 | Reward 48.00 | Epsilon 0.0629
Seed 5 | Episode 680 | Reward 42.00 | Epsilon 0.0628
Seed 5 | Episode 681 | Reward 50.00 | Epsilon 0.0627
Seed 5 | Episode 682 | Reward 24.00 | Epsilon 0.0625
Seed 5 | Episode 683 | Reward 46.00 | Epsilon 0.0624
Seed 5 | Episode 684 | Reward 26.00 | Epsilon 0.0623
Seed 5 | Episode 685 | Reward 53.00 | Epsilon 0.0622
Seed 5 | Episode 686 | Reward 38.00 | Epsilon 0.0621
Seed 5 | Episode 687 | Reward 56.00 | Epsilon 0.0620
Seed 5 | Episode 688 | Reward 39.00 | Epsilon 0.0619
Seed 5 | Episode 689 | Reward 63.00 | Epsilon 0.0618
Seed 5 | Episode 690 | Reward 50.00 | Epsilon 0.0617
Seed 5 | Episode 691 | Reward 42.00 | Epsilon 0.0616
Seed 5 | Episode 692 | Reward 52.00 | Epsilon 0.0615
Seed 5 | Episode 693 | Reward 60.00 | Epsilon 0.0615
Seed 5 | Episode 694 | Reward 61.00 | Epsilon 0.0614
Seed 5 | Episode 695 | Reward 53.00 | Epsilon 0.0613
Seed 5 | Episode 696 | Reward 64.00 | Epsilon 0.0612
Seed 5 | Episode 697 | Reward 48.00 | Epsilon 0.0611
Seed 5 | Episode 698 | Reward 50.00 | Epsilon 0.0610
Seed 5 | Episode 699 | Reward 18.00 | Epsilon 0.0609
Seed 5 | Episode 700 | Reward 64.00 | Epsilon 0.0608
Seed 5 | Episode 701 | Reward 47.00 | Epsilon 0.0607
Seed 5 | Episode 702 | Reward 50.00 | Epsilon 0.0606
Seed 5 | Episode 703 | Reward 59.00 | Epsilon 0.0605
Seed 5 | Episode 704 | Reward 60.00 | Epsilon 0.0605
Seed 5 | Episode 705 | Reward 45.00 | Epsilon 0.0604
Seed 5 | Episode 706 | Reward 57.00 | Epsilon 0.0603
Seed 5 | Episode 707 | Reward 45.00 | Epsilon 0.0602
Seed 5 | Episode 708 | Reward 35.00 | Epsilon 0.0601
Seed 5 | Episode 709 | Reward 60.00 | Epsilon 0.0600
Seed 5 | Episode 710 | Reward 48.00 | Epsilon 0.0599
Seed 5 | Episode 711 | Reward 55.00 | Epsilon 0.0598
Seed 5 | Episode 712 | Reward 60.00 | Epsilon 0.0597
Seed 5 | Episode 713 | Reward 44.00 | Epsilon 0.0596
Seed 5 | Episode 714 | Reward 34.00 | Epsilon 0.0595
Seed 5 | Episode 715 | Reward 48.00 | Epsilon 0.0594
Seed 5 | Episode 716 | Reward 29.00 | Epsilon 0.0593
Seed 5 | Episode 717 | Reward -13.00 | Epsilon 0.0591
Seed 5 | Episode 718 | Reward 49.00 | Epsilon 0.0590
Seed 5 | Episode 719 | Reward 36.00 | Epsilon 0.0589
Seed 5 | Episode 720 | Reward -22.00 | Epsilon 0.0587
Seed 5 | Episode 721 | Reward 51.00 | Epsilon 0.0586
Seed 5 | Episode 722 | Reward -1.00 | Epsilon 0.0584
Seed 5 | Episode 723 | Reward 53.00 | Epsilon 0.0583
Seed 5 | Episode 724 | Reward 65.00 | Epsilon 0.0583
Seed 5 | Episode 725 | Reward 33.00 | Epsilon 0.0581
Seed 5 | Episode 726 | Reward 61.00 | Epsilon 0.0581
Seed 5 | Episode 727 | Reward 41.00 | Epsilon 0.0580
Seed 5 | Episode 728 | Reward 33.00 | Epsilon 0.0579
Seed 5 | Episode 729 | Reward 29.00 | Epsilon 0.0577
Seed 5 | Episode 730 | Reward 49.00 | Epsilon 0.0576
Seed 5 | Episode 731 | Reward 50.00 | Epsilon 0.0575
Seed 5 | Episode 732 | Reward 46.00 | Epsilon 0.0575
Seed 5 | Episode 733 | Reward 62.00 | Epsilon 0.0574
Seed 5 | Episode 734 | Reward 44.00 | Epsilon 0.0573
Seed 5 | Episode 735 | Reward 65.00 | Epsilon 0.0572
Seed 5 | Episode 736 | Reward 58.00 | Epsilon 0.0572
Seed 5 | Episode 737 | Reward 54.00 | Epsilon 0.0571
Seed 5 | Episode 738 | Reward 39.00 | Epsilon 0.0570
Seed 5 | Episode 739 | Reward 60.00 | Epsilon 0.0569
Seed 5 | Episode 740 | Reward 49.00 | Epsilon 0.0568
Seed 5 | Episode 741 | Reward 38.00 | Epsilon 0.0567
Seed 5 | Episode 742 | Reward 52.00 | Epsilon 0.0566
Seed 5 | Episode 743 | Reward 45.00 | Epsilon 0.0565
Seed 5 | Episode 744 | Reward 39.00 | Epsilon 0.0564
Seed 5 | Episode 745 | Reward 54.00 | Epsilon 0.0563
Seed 5 | Episode 746 | Reward 47.00 | Epsilon 0.0562
Seed 5 | Episode 747 | Reward 50.00 | Epsilon 0.0562
Seed 5 | Episode 748 | Reward 54.00 | Epsilon 0.0561
Seed 5 | Episode 749 | Reward 55.00 | Epsilon 0.0560
Seed 5 | Episode 750 | Reward 47.00 | Epsilon 0.0559
Seed 5 | Episode 751 | Reward 58.00 | Epsilon 0.0558
Seed 5 | Episode 752 | Reward 61.00 | Epsilon 0.0558
Seed 5 | Episode 753 | Reward 38.00 | Epsilon 0.0557
Seed 5 | Episode 754 | Reward 45.00 | Epsilon 0.0556
Seed 5 | Episode 755 | Reward 57.00 | Epsilon 0.0555
Seed 5 | Episode 756 | Reward 29.00 | Epsilon 0.0554
Seed 5 | Episode 757 | Reward 42.00 | Epsilon 0.0553
Seed 5 | Episode 758 | Reward 59.00 | Epsilon 0.0552
Seed 5 | Episode 759 | Reward 53.00 | Epsilon 0.0551
Seed 5 | Episode 760 | Reward 54.00 | Epsilon 0.0551
Seed 5 | Episode 761 | Reward 28.00 | Epsilon 0.0549
Seed 5 | Episode 762 | Reward 30.00 | Epsilon 0.0548
Seed 5 | Episode 763 | Reward 44.00 | Epsilon 0.0547
Seed 5 | Episode 764 | Reward 31.00 | Epsilon 0.0546
Seed 5 | Episode 765 | Reward 55.00 | Epsilon 0.0545
Seed 5 | Episode 766 | Reward 62.00 | Epsilon 0.0545
Seed 5 | Episode 767 | Reward 58.00 | Epsilon 0.0544
Seed 5 | Episode 768 | Reward 55.00 | Epsilon 0.0543
Seed 5 | Episode 769 | Reward -159.00 | Epsilon 0.0539
Seed 5 | Episode 770 | Reward 44.00 | Epsilon 0.0538
Seed 5 | Episode 771 | Reward 59.00 | Epsilon 0.0537
Seed 5 | Episode 772 | Reward 54.00 | Epsilon 0.0537
Seed 5 | Episode 773 | Reward 60.00 | Epsilon 0.0536
Seed 5 | Episode 774 | Reward -8.00 | Epsilon 0.0534
Seed 5 | Episode 775 | Reward 55.00 | Epsilon 0.0534
Seed 5 | Episode 776 | Reward 40.00 | Epsilon 0.0533
Seed 5 | Episode 777 | Reward 54.00 | Epsilon 0.0532
Seed 5 | Episode 778 | Reward 44.00 | Epsilon 0.0531
Seed 5 | Episode 779 | Reward 59.00 | Epsilon 0.0530
Seed 5 | Episode 780 | Reward 35.00 | Epsilon 0.0529
Seed 5 | Episode 781 | Reward 39.00 | Epsilon 0.0528
Seed 5 | Episode 782 | Reward 43.00 | Epsilon 0.0527
Seed 5 | Episode 783 | Reward 48.00 | Epsilon 0.0526
Seed 5 | Episode 784 | Reward 51.00 | Epsilon 0.0526
Seed 5 | Episode 785 | Reward 47.00 | Epsilon 0.0525
Seed 5 | Episode 786 | Reward -21.00 | Epsilon 0.0523
Seed 5 | Episode 787 | Reward -18.00 | Epsilon 0.0521
Seed 5 | Episode 788 | Reward 53.00 | Epsilon 0.0520
Seed 5 | Episode 789 | Reward 64.00 | Epsilon 0.0520
Seed 5 | Episode 790 | Reward 51.00 | Epsilon 0.0519
Seed 5 | Episode 791 | Reward 60.00 | Epsilon 0.0518
Seed 5 | Episode 792 | Reward 56.00 | Epsilon 0.0518
Seed 5 | Episode 793 | Reward 61.00 | Epsilon 0.0517
Seed 5 | Episode 794 | Reward 51.00 | Epsilon 0.0516
Seed 5 | Episode 795 | Reward 56.00 | Epsilon 0.0515
Seed 5 | Episode 796 | Reward 53.00 | Epsilon 0.0515
Seed 5 | Episode 797 | Reward 56.00 | Epsilon 0.0514
Seed 5 | Episode 798 | Reward 46.00 | Epsilon 0.0513
Seed 5 | Episode 799 | Reward 35.00 | Epsilon 0.0512
Seed 5 | Episode 800 | Reward -8.00 | Epsilon 0.0511
Seed 5 | Episode 801 | Reward 48.00 | Epsilon 0.0510
Seed 5 | Episode 802 | Reward 53.00 | Epsilon 0.0509
Seed 5 | Episode 803 | Reward 17.00 | Epsilon 0.0508
Seed 5 | Episode 804 | Reward 43.00 | Epsilon 0.0507
Seed 5 | Episode 805 | Reward 48.00 | Epsilon 0.0506
Seed 5 | Episode 806 | Reward 46.00 | Epsilon 0.0505
Seed 5 | Episode 807 | Reward 63.00 | Epsilon 0.0505
Seed 5 | Episode 808 | Reward 59.00 | Epsilon 0.0504
Seed 5 | Episode 809 | Reward 50.00 | Epsilon 0.0503
Seed 5 | Episode 810 | Reward 65.00 | Epsilon 0.0503
Seed 5 | Episode 811 | Reward 49.00 | Epsilon 0.0502
Seed 5 | Episode 812 | Reward 40.00 | Epsilon 0.0501
Seed 5 | Episode 813 | Reward 49.00 | Epsilon 0.0500
Seed 5 | Episode 814 | Reward 55.00 | Epsilon 0.0499
Seed 5 | Episode 815 | Reward 53.00 | Epsilon 0.0499
Seed 5 | Episode 816 | Reward 13.00 | Epsilon 0.0497
Seed 5 | Episode 817 | Reward 62.00 | Epsilon 0.0497
Seed 5 | Episode 818 | Reward 55.00 | Epsilon 0.0496
Seed 5 | Episode 819 | Reward 61.00 | Epsilon 0.0496
Seed 5 | Episode 820 | Reward 43.00 | Epsilon 0.0495
Seed 5 | Episode 821 | Reward 49.00 | Epsilon 0.0494
Seed 5 | Episode 822 | Reward 44.00 | Epsilon 0.0493
Seed 5 | Episode 823 | Reward 54.00 | Epsilon 0.0492
Seed 5 | Episode 824 | Reward 42.00 | Epsilon 0.0492
Seed 5 | Episode 825 | Reward 52.00 | Epsilon 0.0491
Seed 5 | Episode 826 | Reward 58.00 | Epsilon 0.0490
Seed 5 | Episode 827 | Reward 61.00 | Epsilon 0.0490
Seed 5 | Episode 828 | Reward 54.00 | Epsilon 0.0489
Seed 5 | Episode 829 | Reward 50.00 | Epsilon 0.0488
Seed 5 | Episode 830 | Reward 47.00 | Epsilon 0.0487
Seed 5 | Episode 831 | Reward 56.00 | Epsilon 0.0487
Seed 5 | Episode 832 | Reward 63.00 | Epsilon 0.0486
Seed 5 | Episode 833 | Reward 58.00 | Epsilon 0.0486
Seed 5 | Episode 834 | Reward 49.00 | Epsilon 0.0485
Seed 5 | Episode 835 | Reward 49.00 | Epsilon 0.0484
Seed 5 | Episode 836 | Reward 53.00 | Epsilon 0.0483
Seed 5 | Episode 837 | Reward 53.00 | Epsilon 0.0483
Seed 5 | Episode 838 | Reward 51.00 | Epsilon 0.0482
Seed 5 | Episode 839 | Reward 40.00 | Epsilon 0.0481
Seed 5 | Episode 840 | Reward 47.00 | Epsilon 0.0480
Seed 5 | Episode 841 | Reward 42.00 | Epsilon 0.0479
Seed 5 | Episode 842 | Reward 51.00 | Epsilon 0.0479
Seed 5 | Episode 843 | Reward 53.00 | Epsilon 0.0478
Seed 5 | Episode 844 | Reward 53.00 | Epsilon 0.0477
Seed 5 | Episode 845 | Reward 57.00 | Epsilon 0.0477
Seed 5 | Episode 846 | Reward -76.00 | Epsilon 0.0474
Seed 5 | Episode 847 | Reward 54.00 | Epsilon 0.0473
Seed 5 | Episode 848 | Reward 56.00 | Epsilon 0.0473
Seed 5 | Episode 849 | Reward 45.00 | Epsilon 0.0472
Seed 5 | Episode 850 | Reward 43.00 | Epsilon 0.0471
Seed 5 | Episode 851 | Reward 49.00 | Epsilon 0.0470
Seed 5 | Episode 852 | Reward 37.00 | Epsilon 0.0470
Seed 5 | Episode 853 | Reward 24.00 | Epsilon 0.0469
Seed 5 | Episode 854 | Reward 58.00 | Epsilon 0.0468
Seed 5 | Episode 855 | Reward 39.00 | Epsilon 0.0467
Seed 5 | Episode 856 | Reward 59.00 | Epsilon 0.0466
Seed 5 | Episode 857 | Reward 45.00 | Epsilon 0.0466
Seed 5 | Episode 858 | Reward 44.00 | Epsilon 0.0465
Seed 5 | Episode 859 | Reward 40.00 | Epsilon 0.0464
Seed 5 | Episode 860 | Reward 56.00 | Epsilon 0.0463
Seed 5 | Episode 861 | Reward 39.00 | Epsilon 0.0463
Seed 5 | Episode 862 | Reward 52.00 | Epsilon 0.0462
Seed 5 | Episode 863 | Reward 49.00 | Epsilon 0.0461
Seed 5 | Episode 864 | Reward 52.00 | Epsilon 0.0460
Seed 5 | Episode 865 | Reward 51.00 | Epsilon 0.0460
Seed 5 | Episode 866 | Reward 42.00 | Epsilon 0.0459
Seed 5 | Episode 867 | Reward 52.00 | Epsilon 0.0458
Seed 5 | Episode 868 | Reward 50.00 | Epsilon 0.0458
Seed 5 | Episode 869 | Reward 56.00 | Epsilon 0.0457
Seed 5 | Episode 870 | Reward 38.00 | Epsilon 0.0456
Seed 5 | Episode 871 | Reward 49.00 | Epsilon 0.0455
Seed 5 | Episode 872 | Reward 46.00 | Epsilon 0.0455
Seed 5 | Episode 873 | Reward 55.00 | Epsilon 0.0454
Seed 5 | Episode 874 | Reward 37.00 | Epsilon 0.0453
Seed 5 | Episode 875 | Reward 35.00 | Epsilon 0.0452
Seed 5 | Episode 876 | Reward 45.00 | Epsilon 0.0451
Seed 5 | Episode 877 | Reward 48.00 | Epsilon 0.0451
Seed 5 | Episode 878 | Reward 45.00 | Epsilon 0.0450
Seed 5 | Episode 879 | Reward 49.00 | Epsilon 0.0449
Seed 5 | Episode 880 | Reward 46.00 | Epsilon 0.0449
Seed 5 | Episode 881 | Reward 53.00 | Epsilon 0.0448
Seed 5 | Episode 882 | Reward 56.00 | Epsilon 0.0447
Seed 5 | Episode 883 | Reward 53.00 | Epsilon 0.0447
Seed 5 | Episode 884 | Reward 46.00 | Epsilon 0.0446
Seed 5 | Episode 885 | Reward 34.00 | Epsilon 0.0445
Seed 5 | Episode 886 | Reward 54.00 | Epsilon 0.0444
Seed 5 | Episode 887 | Reward 45.00 | Epsilon 0.0444
Seed 5 | Episode 888 | Reward 47.00 | Epsilon 0.0443
Seed 5 | Episode 889 | Reward -6.00 | Epsilon 0.0442
Seed 5 | Episode 890 | Reward 14.00 | Epsilon 0.0440
Seed 5 | Episode 891 | Reward 58.00 | Epsilon 0.0440
Seed 5 | Episode 892 | Reward 56.00 | Epsilon 0.0439
Seed 5 | Episode 893 | Reward 45.00 | Epsilon 0.0438
Seed 5 | Episode 894 | Reward 44.00 | Epsilon 0.0438
Seed 5 | Episode 895 | Reward 62.00 | Epsilon 0.0437
Seed 5 | Episode 896 | Reward 46.00 | Epsilon 0.0436
Seed 5 | Episode 897 | Reward 46.00 | Epsilon 0.0436
Seed 5 | Episode 898 | Reward 50.00 | Epsilon 0.0435
Seed 5 | Episode 899 | Reward 47.00 | Epsilon 0.0434
Seed 5 | Episode 900 | Reward 56.00 | Epsilon 0.0434
Seed 5 | Episode 901 | Reward 25.00 | Epsilon 0.0433
Seed 5 | Episode 902 | Reward 58.00 | Epsilon 0.0432
Seed 5 | Episode 903 | Reward 45.00 | Epsilon 0.0432
Seed 5 | Episode 904 | Reward 51.00 | Epsilon 0.0431
Seed 5 | Episode 905 | Reward 58.00 | Epsilon 0.0430
Seed 5 | Episode 906 | Reward 53.00 | Epsilon 0.0430
Seed 5 | Episode 907 | Reward 46.00 | Epsilon 0.0429
Seed 5 | Episode 908 | Reward 52.00 | Epsilon 0.0428
Seed 5 | Episode 909 | Reward 40.00 | Epsilon 0.0428
Seed 5 | Episode 910 | Reward 58.00 | Epsilon 0.0427
Seed 5 | Episode 911 | Reward -32.00 | Epsilon 0.0425
Seed 5 | Episode 912 | Reward 53.00 | Epsilon 0.0425
Seed 5 | Episode 913 | Reward 63.00 | Epsilon 0.0424
Seed 5 | Episode 914 | Reward 2.00 | Epsilon 0.0423
Seed 5 | Episode 915 | Reward 49.00 | Epsilon 0.0422
Seed 5 | Episode 916 | Reward 46.00 | Epsilon 0.0422
Seed 5 | Episode 917 | Reward 38.00 | Epsilon 0.0421
Seed 5 | Episode 918 | Reward 56.00 | Epsilon 0.0420
Seed 5 | Episode 919 | Reward 42.00 | Epsilon 0.0420
Seed 5 | Episode 920 | Reward 45.00 | Epsilon 0.0419
Seed 5 | Episode 921 | Reward 64.00 | Epsilon 0.0418
Seed 5 | Episode 922 | Reward 59.00 | Epsilon 0.0418
Seed 5 | Episode 923 | Reward 49.00 | Epsilon 0.0417
Seed 5 | Episode 924 | Reward 31.00 | Epsilon 0.0416
Seed 5 | Episode 925 | Reward 22.00 | Epsilon 0.0415
Seed 5 | Episode 926 | Reward 61.00 | Epsilon 0.0415
Seed 5 | Episode 927 | Reward 59.00 | Epsilon 0.0414
Seed 5 | Episode 928 | Reward 57.00 | Epsilon 0.0414
Seed 5 | Episode 929 | Reward 41.00 | Epsilon 0.0413
Seed 5 | Episode 930 | Reward 48.00 | Epsilon 0.0412
Seed 5 | Episode 931 | Reward 41.00 | Epsilon 0.0412
Seed 5 | Episode 932 | Reward 36.00 | Epsilon 0.0411
Seed 5 | Episode 933 | Reward 43.00 | Epsilon 0.0410
Seed 5 | Episode 934 | Reward 50.00 | Epsilon 0.0409
Seed 5 | Episode 935 | Reward 60.00 | Epsilon 0.0409
Seed 5 | Episode 936 | Reward 37.00 | Epsilon 0.0408
Seed 5 | Episode 937 | Reward 55.00 | Epsilon 0.0408
Seed 5 | Episode 938 | Reward 59.00 | Epsilon 0.0407
Seed 5 | Episode 939 | Reward 47.00 | Epsilon 0.0406
Seed 5 | Episode 940 | Reward 34.00 | Epsilon 0.0406
Seed 5 | Episode 941 | Reward 30.00 | Epsilon 0.0405
Seed 5 | Episode 942 | Reward 45.00 | Epsilon 0.0404
Seed 5 | Episode 943 | Reward 64.00 | Epsilon 0.0404
Seed 5 | Episode 944 | Reward 58.00 | Epsilon 0.0403
Seed 5 | Episode 945 | Reward 48.00 | Epsilon 0.0402
Seed 5 | Episode 946 | Reward 54.00 | Epsilon 0.0402
Seed 5 | Episode 947 | Reward 54.00 | Epsilon 0.0401
Seed 5 | Episode 948 | Reward 42.00 | Epsilon 0.0401
Seed 5 | Episode 949 | Reward 40.00 | Epsilon 0.0400
Seed 5 | Episode 950 | Reward 55.00 | Epsilon 0.0399
Seed 5 | Episode 951 | Reward 60.00 | Epsilon 0.0399
Seed 5 | Episode 952 | Reward 37.00 | Epsilon 0.0398
Seed 5 | Episode 953 | Reward 51.00 | Epsilon 0.0398
Seed 5 | Episode 954 | Reward 52.00 | Epsilon 0.0397
Seed 5 | Episode 955 | Reward 1.00 | Epsilon 0.0396
Seed 5 | Episode 956 | Reward 64.00 | Epsilon 0.0395
Seed 5 | Episode 957 | Reward 33.00 | Epsilon 0.0394
Seed 5 | Episode 958 | Reward 56.00 | Epsilon 0.0394
Seed 5 | Episode 959 | Reward 60.00 | Epsilon 0.0393
Seed 5 | Episode 960 | Reward 45.00 | Epsilon 0.0393
Seed 5 | Episode 961 | Reward 35.00 | Epsilon 0.0392
Seed 5 | Episode 962 | Reward 60.00 | Epsilon 0.0392
Seed 5 | Episode 963 | Reward 53.00 | Epsilon 0.0391
Seed 5 | Episode 964 | Reward 35.00 | Epsilon 0.0390
Seed 5 | Episode 965 | Reward 56.00 | Epsilon 0.0390
Seed 5 | Episode 966 | Reward 36.00 | Epsilon 0.0389
Seed 5 | Episode 967 | Reward -138.00 | Epsilon 0.0386
Seed 5 | Episode 968 | Reward 54.00 | Epsilon 0.0386
Seed 5 | Episode 969 | Reward 58.00 | Epsilon 0.0385
Seed 5 | Episode 970 | Reward 42.00 | Epsilon 0.0384
Seed 5 | Episode 971 | Reward 45.00 | Epsilon 0.0384
Seed 5 | Episode 972 | Reward 61.00 | Epsilon 0.0383
Seed 5 | Episode 973 | Reward 44.00 | Epsilon 0.0383
Seed 5 | Episode 974 | Reward 36.00 | Epsilon 0.0382
Seed 5 | Episode 975 | Reward 59.00 | Epsilon 0.0381
Seed 5 | Episode 976 | Reward 50.00 | Epsilon 0.0381
Seed 5 | Episode 977 | Reward 62.00 | Epsilon 0.0380
Seed 5 | Episode 978 | Reward 47.00 | Epsilon 0.0380
Seed 5 | Episode 979 | Reward 59.00 | Epsilon 0.0379
Seed 5 | Episode 980 | Reward 66.00 | Epsilon 0.0379
Seed 5 | Episode 981 | Reward 48.00 | Epsilon 0.0378
Seed 5 | Episode 982 | Reward 40.00 | Epsilon 0.0378
Seed 5 | Episode 983 | Reward 59.00 | Epsilon 0.0377
Seed 5 | Episode 984 | Reward 54.00 | Epsilon 0.0377
Seed 5 | Episode 985 | Reward 57.00 | Epsilon 0.0376
Seed 5 | Episode 986 | Reward 1.00 | Epsilon 0.0375
Seed 5 | Episode 987 | Reward 42.00 | Epsilon 0.0374
Seed 5 | Episode 988 | Reward 64.00 | Epsilon 0.0374
Seed 5 | Episode 989 | Reward 43.00 | Epsilon 0.0373
Seed 5 | Episode 990 | Reward 33.00 | Epsilon 0.0373
Seed 5 | Episode 991 | Reward 44.00 | Epsilon 0.0372
Seed 5 | Episode 992 | Reward 7.00 | Epsilon 0.0371
Seed 5 | Episode 993 | Reward 46.00 | Epsilon 0.0370
Seed 5 | Episode 994 | Reward 55.00 | Epsilon 0.0370
Seed 5 | Episode 995 | Reward 45.00 | Epsilon 0.0369
Seed 5 | Episode 996 | Reward 49.00 | Epsilon 0.0369
Seed 5 | Episode 997 | Reward 45.00 | Epsilon 0.0368
Seed 5 | Episode 998 | Reward 63.00 | Epsilon 0.0367
Seed 5 | Episode 999 | Reward 57.00 | Epsilon 0.0367
Finished seed 5
