starting job
Sun Dec  7 19:51:22 2025       
+-----------------------------------------------------------------------------------------+
| NVIDIA-SMI 580.65.06              Driver Version: 580.65.06      CUDA Version: 13.0     |
+-----------------------------------------+------------------------+----------------------+
| GPU  Name                 Persistence-M | Bus-Id          Disp.A | Volatile Uncorr. ECC |
| Fan  Temp   Perf          Pwr:Usage/Cap |           Memory-Usage | GPU-Util  Compute M. |
|                                         |                        |               MIG M. |
|=========================================+========================+======================|
|   0  NVIDIA H100 80GB HBM3          On  |   00000000:46:00.0 Off |                   On |
| N/A   30C    P0            211W /  700W |   17069MiB /  81559MiB |     N/A      Default |
|                                         |                        |              Enabled |
+-----------------------------------------+------------------------+----------------------+

+-----------------------------------------------------------------------------------------+
| MIG devices:                                                                            |
+------------------+----------------------------------+-----------+-----------------------+
| GPU  GI  CI  MIG |              Shared Memory-Usage |        Vol|        Shared         |
|      ID  ID  Dev |                Shared BAR1-Usage | SM     Unc| CE ENC  DEC  OFA  JPG |
|                  |                                  |        ECC|                       |
|==================+==================================+===========+=======================|
|  0   10   0   0  |             114MiB /  9984MiB    | 16      0 |  1   0    1    0    1 |
|                  |               0MiB /  6185MiB    |           |                       |
+------------------+----------------------------------+-----------+-----------------------+

+-----------------------------------------------------------------------------------------+
| Processes:                                                                              |
|  GPU   GI   CI              PID   Type   Process name                        GPU Memory |
|        ID   ID                                                               Usage      |
|=========================================================================================|
|  No running processes found                                                             |
+-----------------------------------------------------------------------------------------+
Running seed 0
Gym has been unmaintained since 2022 and does not support NumPy 2.0 amongst other critical functionality.
Please upgrade to Gymnasium, the maintained drop-in replacement of Gym, or contact the authors of your software and request that they upgrade.
Users of this version of Gym should be able to simply replace 'import gym' with 'import gymnasium as gym' in the vast majority of cases.
See the migration guide at https://gymnasium.farama.org/introduction/migration_guide/ for additional information.
Seed 0 | Episode 0 | Reward -300.00 | Epsilon 0.9987
Seed 0 | Episode 1 | Reward 55.00 | Epsilon 0.9973
Seed 0 | Episode 2 | Reward -300.00 | Epsilon 0.9883
Seed 0 | Episode 3 | Reward -300.00 | Epsilon 0.9795
Seed 0 | Episode 4 | Reward -300.00 | Epsilon 0.9707
Seed 0 | Episode 5 | Reward -300.00 | Epsilon 0.9620
Seed 0 | Episode 6 | Reward -300.00 | Epsilon 0.9534
Seed 0 | Episode 7 | Reward -300.00 | Epsilon 0.9448
Seed 0 | Episode 8 | Reward -300.00 | Epsilon 0.9364
Seed 0 | Episode 9 | Reward -300.00 | Epsilon 0.9280
Seed 0 | Episode 10 | Reward -300.00 | Epsilon 0.9197
Seed 0 | Episode 11 | Reward -300.00 | Epsilon 0.9114
Seed 0 | Episode 12 | Reward -300.00 | Epsilon 0.9033
Seed 0 | Episode 13 | Reward -300.00 | Epsilon 0.8952
Seed 0 | Episode 14 | Reward -300.00 | Epsilon 0.8872
Seed 0 | Episode 15 | Reward -300.00 | Epsilon 0.8792
Seed 0 | Episode 16 | Reward -300.00 | Epsilon 0.8713
Seed 0 | Episode 17 | Reward -300.00 | Epsilon 0.8635
Seed 0 | Episode 18 | Reward -300.00 | Epsilon 0.8558
Seed 0 | Episode 19 | Reward -300.00 | Epsilon 0.8481
Seed 0 | Episode 20 | Reward -300.00 | Epsilon 0.8405
Seed 0 | Episode 21 | Reward -300.00 | Epsilon 0.8330
Seed 0 | Episode 22 | Reward -300.00 | Epsilon 0.8255
Seed 0 | Episode 23 | Reward -300.00 | Epsilon 0.8181
Seed 0 | Episode 24 | Reward -300.00 | Epsilon 0.8108
Seed 0 | Episode 25 | Reward -300.00 | Epsilon 0.8035
Seed 0 | Episode 26 | Reward -300.00 | Epsilon 0.7963
Seed 0 | Episode 27 | Reward -300.00 | Epsilon 0.7892
Seed 0 | Episode 28 | Reward -300.00 | Epsilon 0.7821
Seed 0 | Episode 29 | Reward -300.00 | Epsilon 0.7751
Seed 0 | Episode 30 | Reward -300.00 | Epsilon 0.7682
Seed 0 | Episode 31 | Reward -300.00 | Epsilon 0.7613
Seed 0 | Episode 32 | Reward -300.00 | Epsilon 0.7545
Seed 0 | Episode 33 | Reward -300.00 | Epsilon 0.7477
Seed 0 | Episode 34 | Reward -300.00 | Epsilon 0.7410
Seed 0 | Episode 35 | Reward -300.00 | Epsilon 0.7344
Seed 0 | Episode 36 | Reward -300.00 | Epsilon 0.7278
Seed 0 | Episode 37 | Reward -300.00 | Epsilon 0.7213
Seed 0 | Episode 38 | Reward -300.00 | Epsilon 0.7148
Seed 0 | Episode 39 | Reward -300.00 | Epsilon 0.7084
Seed 0 | Episode 40 | Reward -300.00 | Epsilon 0.7021
Seed 0 | Episode 41 | Reward -300.00 | Epsilon 0.6958
Seed 0 | Episode 42 | Reward -300.00 | Epsilon 0.6895
Seed 0 | Episode 43 | Reward -300.00 | Epsilon 0.6834
Seed 0 | Episode 44 | Reward -300.00 | Epsilon 0.6772
Seed 0 | Episode 45 | Reward -300.00 | Epsilon 0.6712
Seed 0 | Episode 46 | Reward -300.00 | Epsilon 0.6652
Seed 0 | Episode 47 | Reward -300.00 | Epsilon 0.6592
Seed 0 | Episode 48 | Reward -300.00 | Epsilon 0.6533
Seed 0 | Episode 49 | Reward -300.00 | Epsilon 0.6474
Seed 0 | Episode 50 | Reward -300.00 | Epsilon 0.6416
Seed 0 | Episode 51 | Reward -300.00 | Epsilon 0.6359
Seed 0 | Episode 52 | Reward -300.00 | Epsilon 0.6302
Seed 0 | Episode 53 | Reward -300.00 | Epsilon 0.6245
Seed 0 | Episode 54 | Reward -300.00 | Epsilon 0.6189
Seed 0 | Episode 55 | Reward -300.00 | Epsilon 0.6134
Seed 0 | Episode 56 | Reward -300.00 | Epsilon 0.6079
Seed 0 | Episode 57 | Reward -30.00 | Epsilon 0.6055
Seed 0 | Episode 58 | Reward -300.00 | Epsilon 0.6001
Seed 0 | Episode 59 | Reward -300.00 | Epsilon 0.5947
Seed 0 | Episode 60 | Reward -300.00 | Epsilon 0.5894
Seed 0 | Episode 61 | Reward -300.00 | Epsilon 0.5841
Seed 0 | Episode 62 | Reward -300.00 | Epsilon 0.5789
Seed 0 | Episode 63 | Reward -300.00 | Epsilon 0.5737
Seed 0 | Episode 64 | Reward -300.00 | Epsilon 0.5685
Seed 0 | Episode 65 | Reward -300.00 | Epsilon 0.5635
Seed 0 | Episode 66 | Reward -300.00 | Epsilon 0.5584
Seed 0 | Episode 67 | Reward -300.00 | Epsilon 0.5534
Seed 0 | Episode 68 | Reward -300.00 | Epsilon 0.5484
Seed 0 | Episode 69 | Reward -300.00 | Epsilon 0.5435
Seed 0 | Episode 70 | Reward -300.00 | Epsilon 0.5387
Seed 0 | Episode 71 | Reward -300.00 | Epsilon 0.5338
Seed 0 | Episode 72 | Reward -300.00 | Epsilon 0.5291
Seed 0 | Episode 73 | Reward -300.00 | Epsilon 0.5243
Seed 0 | Episode 74 | Reward -300.00 | Epsilon 0.5196
Seed 0 | Episode 75 | Reward -300.00 | Epsilon 0.5150
Seed 0 | Episode 76 | Reward -300.00 | Epsilon 0.5103
Seed 0 | Episode 77 | Reward -300.00 | Epsilon 0.5058
Seed 0 | Episode 78 | Reward -300.00 | Epsilon 0.5012
Seed 0 | Episode 79 | Reward -300.00 | Epsilon 0.4967
Seed 0 | Episode 80 | Reward -300.00 | Epsilon 0.4923
Seed 0 | Episode 81 | Reward -300.00 | Epsilon 0.4879
Seed 0 | Episode 82 | Reward -300.00 | Epsilon 0.4835
Seed 0 | Episode 83 | Reward -300.00 | Epsilon 0.4792
Seed 0 | Episode 84 | Reward -300.00 | Epsilon 0.4749
Seed 0 | Episode 85 | Reward -300.00 | Epsilon 0.4706
Seed 0 | Episode 86 | Reward -300.00 | Epsilon 0.4664
Seed 0 | Episode 87 | Reward -300.00 | Epsilon 0.4622
Seed 0 | Episode 88 | Reward 46.00 | Epsilon 0.4615
Seed 0 | Episode 89 | Reward -300.00 | Epsilon 0.4573
Seed 0 | Episode 90 | Reward -300.00 | Epsilon 0.4532
Seed 0 | Episode 91 | Reward -300.00 | Epsilon 0.4492
Seed 0 | Episode 92 | Reward -300.00 | Epsilon 0.4452
Seed 0 | Episode 93 | Reward -300.00 | Epsilon 0.4412
Seed 0 | Episode 94 | Reward -300.00 | Epsilon 0.4372
Seed 0 | Episode 95 | Reward -300.00 | Epsilon 0.4333
Seed 0 | Episode 96 | Reward -300.00 | Epsilon 0.4294
Seed 0 | Episode 97 | Reward -300.00 | Epsilon 0.4256
Seed 0 | Episode 98 | Reward -300.00 | Epsilon 0.4218
Seed 0 | Episode 99 | Reward -300.00 | Epsilon 0.4180
Seed 0 | Episode 100 | Reward -300.00 | Epsilon 0.4142
Seed 0 | Episode 101 | Reward -300.00 | Epsilon 0.4105
Seed 0 | Episode 102 | Reward -300.00 | Epsilon 0.4068
Seed 0 | Episode 103 | Reward -300.00 | Epsilon 0.4032
Seed 0 | Episode 104 | Reward -300.00 | Epsilon 0.3996
Seed 0 | Episode 105 | Reward -300.00 | Epsilon 0.3960
Seed 0 | Episode 106 | Reward -300.00 | Epsilon 0.3925
Seed 0 | Episode 107 | Reward -300.00 | Epsilon 0.3889
Seed 0 | Episode 108 | Reward -300.00 | Epsilon 0.3855
Seed 0 | Episode 109 | Reward -300.00 | Epsilon 0.3820
Seed 0 | Episode 110 | Reward -300.00 | Epsilon 0.3786
Seed 0 | Episode 111 | Reward -300.00 | Epsilon 0.3752
Seed 0 | Episode 112 | Reward 24.00 | Epsilon 0.3743
Seed 0 | Episode 113 | Reward -42.00 | Epsilon 0.3727
Seed 0 | Episode 114 | Reward -300.00 | Epsilon 0.3694
Seed 0 | Episode 115 | Reward -300.00 | Epsilon 0.3661
Seed 0 | Episode 116 | Reward -300.00 | Epsilon 0.3628
Seed 0 | Episode 117 | Reward -300.00 | Epsilon 0.3595
Seed 0 | Episode 118 | Reward -300.00 | Epsilon 0.3563
Seed 0 | Episode 119 | Reward -300.00 | Epsilon 0.3531
Seed 0 | Episode 120 | Reward -300.00 | Epsilon 0.3500
Seed 0 | Episode 121 | Reward -300.00 | Epsilon 0.3468
Seed 0 | Episode 122 | Reward -300.00 | Epsilon 0.3437
Seed 0 | Episode 123 | Reward -300.00 | Epsilon 0.3406
Seed 0 | Episode 124 | Reward -300.00 | Epsilon 0.3376
Seed 0 | Episode 125 | Reward -300.00 | Epsilon 0.3346
Seed 0 | Episode 126 | Reward -300.00 | Epsilon 0.3316
Seed 0 | Episode 127 | Reward -300.00 | Epsilon 0.3286
Seed 0 | Episode 128 | Reward -300.00 | Epsilon 0.3257
Seed 0 | Episode 129 | Reward -300.00 | Epsilon 0.3227
Seed 0 | Episode 130 | Reward -26.00 | Epsilon 0.3215
Seed 0 | Episode 131 | Reward -300.00 | Epsilon 0.3186
Seed 0 | Episode 132 | Reward -300.00 | Epsilon 0.3158
Seed 0 | Episode 133 | Reward -300.00 | Epsilon 0.3129
Seed 0 | Episode 134 | Reward -300.00 | Epsilon 0.3101
Seed 0 | Episode 135 | Reward -300.00 | Epsilon 0.3074
Seed 0 | Episode 136 | Reward -300.00 | Epsilon 0.3046
Seed 0 | Episode 137 | Reward -300.00 | Epsilon 0.3019
Seed 0 | Episode 138 | Reward -300.00 | Epsilon 0.2992
Seed 0 | Episode 139 | Reward -300.00 | Epsilon 0.2965
Seed 0 | Episode 140 | Reward -300.00 | Epsilon 0.2938
Seed 0 | Episode 141 | Reward -300.00 | Epsilon 0.2912
Seed 0 | Episode 142 | Reward -300.00 | Epsilon 0.2886
Seed 0 | Episode 143 | Reward -144.00 | Epsilon 0.2865
Seed 0 | Episode 144 | Reward -300.00 | Epsilon 0.2839
Seed 0 | Episode 145 | Reward -300.00 | Epsilon 0.2814
Seed 0 | Episode 146 | Reward -300.00 | Epsilon 0.2788
Seed 0 | Episode 147 | Reward -300.00 | Epsilon 0.2763
Seed 0 | Episode 148 | Reward -300.00 | Epsilon 0.2739
Seed 0 | Episode 149 | Reward -300.00 | Epsilon 0.2714
Seed 0 | Episode 150 | Reward -300.00 | Epsilon 0.2690
Seed 0 | Episode 151 | Reward -300.00 | Epsilon 0.2666
Seed 0 | Episode 152 | Reward -300.00 | Epsilon 0.2642
Seed 0 | Episode 153 | Reward -300.00 | Epsilon 0.2618
Seed 0 | Episode 154 | Reward -300.00 | Epsilon 0.2595
Seed 0 | Episode 155 | Reward -300.00 | Epsilon 0.2572
Seed 0 | Episode 156 | Reward -300.00 | Epsilon 0.2548
Seed 0 | Episode 157 | Reward -300.00 | Epsilon 0.2526
Seed 0 | Episode 158 | Reward -300.00 | Epsilon 0.2503
Seed 0 | Episode 159 | Reward -300.00 | Epsilon 0.2481
Seed 0 | Episode 160 | Reward -300.00 | Epsilon 0.2458
Seed 0 | Episode 161 | Reward -300.00 | Epsilon 0.2436
Seed 0 | Episode 162 | Reward -300.00 | Epsilon 0.2415
Seed 0 | Episode 163 | Reward -300.00 | Epsilon 0.2393
Seed 0 | Episode 164 | Reward -300.00 | Epsilon 0.2371
Seed 0 | Episode 165 | Reward -300.00 | Epsilon 0.2350
Seed 0 | Episode 166 | Reward -300.00 | Epsilon 0.2329
Seed 0 | Episode 167 | Reward -300.00 | Epsilon 0.2308
Seed 0 | Episode 168 | Reward -300.00 | Epsilon 0.2288
Seed 0 | Episode 169 | Reward -300.00 | Epsilon 0.2267
Seed 0 | Episode 170 | Reward -300.00 | Epsilon 0.2247
Seed 0 | Episode 171 | Reward -300.00 | Epsilon 0.2227
Seed 0 | Episode 172 | Reward -300.00 | Epsilon 0.2207
Seed 0 | Episode 173 | Reward -300.00 | Epsilon 0.2187
Seed 0 | Episode 174 | Reward -300.00 | Epsilon 0.2167
Seed 0 | Episode 175 | Reward -300.00 | Epsilon 0.2148
Seed 0 | Episode 176 | Reward -300.00 | Epsilon 0.2129
Seed 0 | Episode 177 | Reward -300.00 | Epsilon 0.2110
Seed 0 | Episode 178 | Reward -300.00 | Epsilon 0.2091
Seed 0 | Episode 179 | Reward -300.00 | Epsilon 0.2072
Seed 0 | Episode 180 | Reward -300.00 | Epsilon 0.2053
Seed 0 | Episode 181 | Reward -300.00 | Epsilon 0.2035
Seed 0 | Episode 182 | Reward -300.00 | Epsilon 0.2017
Seed 0 | Episode 183 | Reward -300.00 | Epsilon 0.1999
Seed 0 | Episode 184 | Reward -300.00 | Epsilon 0.1981
Seed 0 | Episode 185 | Reward -300.00 | Epsilon 0.1963
Seed 0 | Episode 186 | Reward -300.00 | Epsilon 0.1945
Seed 0 | Episode 187 | Reward -300.00 | Epsilon 0.1928
Seed 0 | Episode 188 | Reward -300.00 | Epsilon 0.1911
Seed 0 | Episode 189 | Reward -300.00 | Epsilon 0.1894
Seed 0 | Episode 190 | Reward -300.00 | Epsilon 0.1877
Seed 0 | Episode 191 | Reward -300.00 | Epsilon 0.1860
Seed 0 | Episode 192 | Reward -300.00 | Epsilon 0.1843
Seed 0 | Episode 193 | Reward -300.00 | Epsilon 0.1827
Seed 0 | Episode 194 | Reward -300.00 | Epsilon 0.1810
Seed 0 | Episode 195 | Reward -300.00 | Epsilon 0.1794
Seed 0 | Episode 196 | Reward -300.00 | Epsilon 0.1778
Seed 0 | Episode 197 | Reward -300.00 | Epsilon 0.1762
Seed 0 | Episode 198 | Reward -300.00 | Epsilon 0.1746
Seed 0 | Episode 199 | Reward -300.00 | Epsilon 0.1731
Seed 0 | Episode 200 | Reward -300.00 | Epsilon 0.1715
Seed 0 | Episode 201 | Reward -300.00 | Epsilon 0.1700
Seed 0 | Episode 202 | Reward -300.00 | Epsilon 0.1685
Seed 0 | Episode 203 | Reward -300.00 | Epsilon 0.1669
Seed 0 | Episode 204 | Reward -300.00 | Epsilon 0.1654
Seed 0 | Episode 205 | Reward -300.00 | Epsilon 0.1640
Seed 0 | Episode 206 | Reward -300.00 | Epsilon 0.1625
Seed 0 | Episode 207 | Reward -300.00 | Epsilon 0.1610
Seed 0 | Episode 208 | Reward -300.00 | Epsilon 0.1596
Seed 0 | Episode 209 | Reward -300.00 | Epsilon 0.1582
Seed 0 | Episode 210 | Reward -300.00 | Epsilon 0.1568
Seed 0 | Episode 211 | Reward -300.00 | Epsilon 0.1553
Seed 0 | Episode 212 | Reward -300.00 | Epsilon 0.1540
Seed 0 | Episode 213 | Reward -300.00 | Epsilon 0.1526
Seed 0 | Episode 214 | Reward -300.00 | Epsilon 0.1512
Seed 0 | Episode 215 | Reward -300.00 | Epsilon 0.1499
Seed 0 | Episode 216 | Reward -300.00 | Epsilon 0.1485
Seed 0 | Episode 217 | Reward -300.00 | Epsilon 0.1472
Seed 0 | Episode 218 | Reward -300.00 | Epsilon 0.1459
Seed 0 | Episode 219 | Reward -300.00 | Epsilon 0.1446
Seed 0 | Episode 220 | Reward 32.00 | Epsilon 0.1443
Seed 0 | Episode 221 | Reward -300.00 | Epsilon 0.1430
Seed 0 | Episode 222 | Reward -300.00 | Epsilon 0.1417
Seed 0 | Episode 223 | Reward -300.00 | Epsilon 0.1404
Seed 0 | Episode 224 | Reward 44.00 | Epsilon 0.1402
Seed 0 | Episode 225 | Reward -300.00 | Epsilon 0.1389
Seed 0 | Episode 226 | Reward -300.00 | Epsilon 0.1377
Seed 0 | Episode 227 | Reward 38.00 | Epsilon 0.1374
Seed 0 | Episode 228 | Reward -300.00 | Epsilon 0.1362
Seed 0 | Episode 229 | Reward -146.00 | Epsilon 0.1352
Seed 0 | Episode 230 | Reward 56.00 | Epsilon 0.1350
Seed 0 | Episode 231 | Reward 46.00 | Epsilon 0.1348
Seed 0 | Episode 232 | Reward -127.00 | Epsilon 0.1339
Seed 0 | Episode 233 | Reward -300.00 | Epsilon 0.1327
Seed 0 | Episode 234 | Reward -300.00 | Epsilon 0.1315
Seed 0 | Episode 235 | Reward -300.00 | Epsilon 0.1303
Seed 0 | Episode 236 | Reward -300.00 | Epsilon 0.1291
Seed 0 | Episode 237 | Reward -87.00 | Epsilon 0.1284
Seed 0 | Episode 238 | Reward 43.00 | Epsilon 0.1282
Seed 0 | Episode 239 | Reward -300.00 | Epsilon 0.1270
Seed 0 | Episode 240 | Reward -300.00 | Epsilon 0.1259
Seed 0 | Episode 241 | Reward -300.00 | Epsilon 0.1248
Seed 0 | Episode 242 | Reward -300.00 | Epsilon 0.1236
Seed 0 | Episode 243 | Reward -300.00 | Epsilon 0.1225
Seed 0 | Episode 244 | Reward -300.00 | Epsilon 0.1214
Seed 0 | Episode 245 | Reward -300.00 | Epsilon 0.1203
Seed 0 | Episode 246 | Reward -300.00 | Epsilon 0.1193
Seed 0 | Episode 247 | Reward -146.00 | Epsilon 0.1184
Seed 0 | Episode 248 | Reward -300.00 | Epsilon 0.1173
Seed 0 | Episode 249 | Reward -300.00 | Epsilon 0.1163
Seed 0 | Episode 250 | Reward -300.00 | Epsilon 0.1152
Seed 0 | Episode 251 | Reward -300.00 | Epsilon 0.1142
Seed 0 | Episode 252 | Reward -300.00 | Epsilon 0.1132
Seed 0 | Episode 253 | Reward 47.00 | Epsilon 0.1130
Seed 0 | Episode 254 | Reward -300.00 | Epsilon 0.1120
Seed 0 | Episode 255 | Reward -300.00 | Epsilon 0.1110
Seed 0 | Episode 256 | Reward -300.00 | Epsilon 0.1100
Seed 0 | Episode 257 | Reward -300.00 | Epsilon 0.1090
Seed 0 | Episode 258 | Reward -300.00 | Epsilon 0.1080
Seed 0 | Episode 259 | Reward -300.00 | Epsilon 0.1071
Seed 0 | Episode 260 | Reward -300.00 | Epsilon 0.1061
Seed 0 | Episode 261 | Reward -300.00 | Epsilon 0.1051
Seed 0 | Episode 262 | Reward -300.00 | Epsilon 0.1042
Seed 0 | Episode 263 | Reward -300.00 | Epsilon 0.1033
Seed 0 | Episode 264 | Reward -300.00 | Epsilon 0.1023
Seed 0 | Episode 265 | Reward -300.00 | Epsilon 0.1014
Seed 0 | Episode 266 | Reward -300.00 | Epsilon 0.1005
Seed 0 | Episode 267 | Reward -300.00 | Epsilon 0.0996
Seed 0 | Episode 268 | Reward -300.00 | Epsilon 0.0987
Seed 0 | Episode 269 | Reward -300.00 | Epsilon 0.0978
Seed 0 | Episode 270 | Reward -300.00 | Epsilon 0.0970
Seed 0 | Episode 271 | Reward -300.00 | Epsilon 0.0961
Seed 0 | Episode 272 | Reward -300.00 | Epsilon 0.0952
Seed 0 | Episode 273 | Reward -300.00 | Epsilon 0.0944
Seed 0 | Episode 274 | Reward -300.00 | Epsilon 0.0935
Seed 0 | Episode 275 | Reward -300.00 | Epsilon 0.0927
Seed 0 | Episode 276 | Reward -300.00 | Epsilon 0.0919
Seed 0 | Episode 277 | Reward -300.00 | Epsilon 0.0910
Seed 0 | Episode 278 | Reward -300.00 | Epsilon 0.0902
Seed 0 | Episode 279 | Reward -300.00 | Epsilon 0.0894
Seed 0 | Episode 280 | Reward -300.00 | Epsilon 0.0886
Seed 0 | Episode 281 | Reward -300.00 | Epsilon 0.0878
Seed 0 | Episode 282 | Reward -300.00 | Epsilon 0.0870
Seed 0 | Episode 283 | Reward -300.00 | Epsilon 0.0863
Seed 0 | Episode 284 | Reward -300.00 | Epsilon 0.0855
Seed 0 | Episode 285 | Reward -300.00 | Epsilon 0.0847
Seed 0 | Episode 286 | Reward -300.00 | Epsilon 0.0840
Seed 0 | Episode 287 | Reward -300.00 | Epsilon 0.0832
Seed 0 | Episode 288 | Reward -159.00 | Epsilon 0.0826
Seed 0 | Episode 289 | Reward -87.00 | Epsilon 0.0821
Seed 0 | Episode 290 | Reward -300.00 | Epsilon 0.0814
Seed 0 | Episode 291 | Reward -300.00 | Epsilon 0.0806
Seed 0 | Episode 292 | Reward -300.00 | Epsilon 0.0799
Seed 0 | Episode 293 | Reward -300.00 | Epsilon 0.0792
Seed 0 | Episode 294 | Reward -300.00 | Epsilon 0.0785
Seed 0 | Episode 295 | Reward -300.00 | Epsilon 0.0778
Seed 0 | Episode 296 | Reward 44.00 | Epsilon 0.0776
Seed 0 | Episode 297 | Reward -300.00 | Epsilon 0.0770
Seed 0 | Episode 298 | Reward -300.00 | Epsilon 0.0763
Seed 0 | Episode 299 | Reward -300.00 | Epsilon 0.0756
Seed 0 | Episode 300 | Reward -300.00 | Epsilon 0.0749
Seed 0 | Episode 301 | Reward -19.00 | Epsilon 0.0746
Seed 0 | Episode 302 | Reward -300.00 | Epsilon 0.0740
Seed 0 | Episode 303 | Reward -300.00 | Epsilon 0.0733
Seed 0 | Episode 304 | Reward -300.00 | Epsilon 0.0726
Seed 0 | Episode 305 | Reward -300.00 | Epsilon 0.0720
Seed 0 | Episode 306 | Reward -300.00 | Epsilon 0.0713
Seed 0 | Episode 307 | Reward 42.00 | Epsilon 0.0712
Seed 0 | Episode 308 | Reward -300.00 | Epsilon 0.0706
Seed 0 | Episode 309 | Reward -300.00 | Epsilon 0.0700
Seed 0 | Episode 310 | Reward -300.00 | Epsilon 0.0693
Seed 0 | Episode 311 | Reward -300.00 | Epsilon 0.0687
Seed 0 | Episode 312 | Reward -300.00 | Epsilon 0.0681
Seed 0 | Episode 313 | Reward -300.00 | Epsilon 0.0675
Seed 0 | Episode 314 | Reward -108.00 | Epsilon 0.0671
Seed 0 | Episode 315 | Reward -300.00 | Epsilon 0.0665
Seed 0 | Episode 316 | Reward -300.00 | Epsilon 0.0659
Seed 0 | Episode 317 | Reward -300.00 | Epsilon 0.0653
Seed 0 | Episode 318 | Reward -300.00 | Epsilon 0.0647
Seed 0 | Episode 319 | Reward -300.00 | Epsilon 0.0641
Seed 0 | Episode 320 | Reward -300.00 | Epsilon 0.0635
Seed 0 | Episode 321 | Reward -300.00 | Epsilon 0.0630
Seed 0 | Episode 322 | Reward -300.00 | Epsilon 0.0624
Seed 0 | Episode 323 | Reward -300.00 | Epsilon 0.0618
Seed 0 | Episode 324 | Reward -300.00 | Epsilon 0.0613
Seed 0 | Episode 325 | Reward -300.00 | Epsilon 0.0607
Seed 0 | Episode 326 | Reward -300.00 | Epsilon 0.0602
Seed 0 | Episode 327 | Reward -300.00 | Epsilon 0.0597
Seed 0 | Episode 328 | Reward -300.00 | Epsilon 0.0591
Seed 0 | Episode 329 | Reward -300.00 | Epsilon 0.0586
Seed 0 | Episode 330 | Reward -300.00 | Epsilon 0.0581
Seed 0 | Episode 331 | Reward -300.00 | Epsilon 0.0575
Seed 0 | Episode 332 | Reward -300.00 | Epsilon 0.0570
Seed 0 | Episode 333 | Reward -300.00 | Epsilon 0.0565
Seed 0 | Episode 334 | Reward -300.00 | Epsilon 0.0560
Seed 0 | Episode 335 | Reward -300.00 | Epsilon 0.0555
Seed 0 | Episode 336 | Reward -300.00 | Epsilon 0.0550
Seed 0 | Episode 337 | Reward -300.00 | Epsilon 0.0545
Seed 0 | Episode 338 | Reward -300.00 | Epsilon 0.0540
Seed 0 | Episode 339 | Reward -300.00 | Epsilon 0.0535
Seed 0 | Episode 340 | Reward -300.00 | Epsilon 0.0531
Seed 0 | Episode 341 | Reward -300.00 | Epsilon 0.0526
Seed 0 | Episode 342 | Reward -300.00 | Epsilon 0.0521
Seed 0 | Episode 343 | Reward -300.00 | Epsilon 0.0517
Seed 0 | Episode 344 | Reward -300.00 | Epsilon 0.0512
Seed 0 | Episode 345 | Reward -300.00 | Epsilon 0.0507
Seed 0 | Episode 346 | Reward -300.00 | Epsilon 0.0503
Seed 0 | Episode 347 | Reward -300.00 | Epsilon 0.0498
Seed 0 | Episode 348 | Reward -300.00 | Epsilon 0.0494
Seed 0 | Episode 349 | Reward -300.00 | Epsilon 0.0489
Seed 0 | Episode 350 | Reward -300.00 | Epsilon 0.0485
Seed 0 | Episode 351 | Reward -300.00 | Epsilon 0.0481
Seed 0 | Episode 352 | Reward -300.00 | Epsilon 0.0476
Seed 0 | Episode 353 | Reward -300.00 | Epsilon 0.0472
Seed 0 | Episode 354 | Reward -300.00 | Epsilon 0.0468
Seed 0 | Episode 355 | Reward -300.00 | Epsilon 0.0464
Seed 0 | Episode 356 | Reward -300.00 | Epsilon 0.0459
Seed 0 | Episode 357 | Reward -300.00 | Epsilon 0.0455
Seed 0 | Episode 358 | Reward -300.00 | Epsilon 0.0451
Seed 0 | Episode 359 | Reward -300.00 | Epsilon 0.0447
Seed 0 | Episode 360 | Reward -300.00 | Epsilon 0.0443
Seed 0 | Episode 361 | Reward -300.00 | Epsilon 0.0439
Seed 0 | Episode 362 | Reward -300.00 | Epsilon 0.0435
Seed 0 | Episode 363 | Reward -300.00 | Epsilon 0.0431
Seed 0 | Episode 364 | Reward -300.00 | Epsilon 0.0428
Seed 0 | Episode 365 | Reward -300.00 | Epsilon 0.0424
Seed 0 | Episode 366 | Reward -300.00 | Epsilon 0.0420
Seed 0 | Episode 367 | Reward -300.00 | Epsilon 0.0416
Seed 0 | Episode 368 | Reward -300.00 | Epsilon 0.0412
Seed 0 | Episode 369 | Reward -300.00 | Epsilon 0.0409
Seed 0 | Episode 370 | Reward -300.00 | Epsilon 0.0405
Seed 0 | Episode 371 | Reward -300.00 | Epsilon 0.0401
Seed 0 | Episode 372 | Reward -300.00 | Epsilon 0.0398
Seed 0 | Episode 373 | Reward -300.00 | Epsilon 0.0394
Seed 0 | Episode 374 | Reward -300.00 | Epsilon 0.0391
Seed 0 | Episode 375 | Reward -300.00 | Epsilon 0.0387
Seed 0 | Episode 376 | Reward -300.00 | Epsilon 0.0384
Seed 0 | Episode 377 | Reward -300.00 | Epsilon 0.0380
Seed 0 | Episode 378 | Reward -300.00 | Epsilon 0.0377
Seed 0 | Episode 379 | Reward -300.00 | Epsilon 0.0374
Seed 0 | Episode 380 | Reward -300.00 | Epsilon 0.0370
Seed 0 | Episode 381 | Reward -300.00 | Epsilon 0.0367
Seed 0 | Episode 382 | Reward -300.00 | Epsilon 0.0364
Seed 0 | Episode 383 | Reward -300.00 | Epsilon 0.0360
Seed 0 | Episode 384 | Reward -300.00 | Epsilon 0.0357
Seed 0 | Episode 385 | Reward -300.00 | Epsilon 0.0354
Seed 0 | Episode 386 | Reward -300.00 | Epsilon 0.0351
Seed 0 | Episode 387 | Reward -300.00 | Epsilon 0.0348
Seed 0 | Episode 388 | Reward -300.00 | Epsilon 0.0345
Seed 0 | Episode 389 | Reward -300.00 | Epsilon 0.0341
Seed 0 | Episode 390 | Reward -300.00 | Epsilon 0.0338
Seed 0 | Episode 391 | Reward -300.00 | Epsilon 0.0335
Seed 0 | Episode 392 | Reward -300.00 | Epsilon 0.0332
Seed 0 | Episode 393 | Reward -300.00 | Epsilon 0.0329
Seed 0 | Episode 394 | Reward -300.00 | Epsilon 0.0326
Seed 0 | Episode 395 | Reward -300.00 | Epsilon 0.0323
Seed 0 | Episode 396 | Reward -300.00 | Epsilon 0.0321
Seed 0 | Episode 397 | Reward -300.00 | Epsilon 0.0318
Seed 0 | Episode 398 | Reward -300.00 | Epsilon 0.0315
Seed 0 | Episode 399 | Reward -300.00 | Epsilon 0.0312
Seed 0 | Episode 400 | Reward -300.00 | Epsilon 0.0309
Seed 0 | Episode 401 | Reward -300.00 | Epsilon 0.0306
Seed 0 | Episode 402 | Reward -300.00 | Epsilon 0.0304
Seed 0 | Episode 403 | Reward -300.00 | Epsilon 0.0301
Seed 0 | Episode 404 | Reward -300.00 | Epsilon 0.0298
Seed 0 | Episode 405 | Reward -300.00 | Epsilon 0.0296
Seed 0 | Episode 406 | Reward -300.00 | Epsilon 0.0293
Seed 0 | Episode 407 | Reward -300.00 | Epsilon 0.0290
Seed 0 | Episode 408 | Reward -300.00 | Epsilon 0.0288
Seed 0 | Episode 409 | Reward -300.00 | Epsilon 0.0285
Seed 0 | Episode 410 | Reward -300.00 | Epsilon 0.0283
Seed 0 | Episode 411 | Reward -300.00 | Epsilon 0.0280
Seed 0 | Episode 412 | Reward -300.00 | Epsilon 0.0278
Seed 0 | Episode 413 | Reward -300.00 | Epsilon 0.0275
Seed 0 | Episode 414 | Reward -300.00 | Epsilon 0.0273
Seed 0 | Episode 415 | Reward -300.00 | Epsilon 0.0270
Seed 0 | Episode 416 | Reward -300.00 | Epsilon 0.0268
Seed 0 | Episode 417 | Reward -300.00 | Epsilon 0.0265
Seed 0 | Episode 418 | Reward -300.00 | Epsilon 0.0263
Seed 0 | Episode 419 | Reward -300.00 | Epsilon 0.0261
Seed 0 | Episode 420 | Reward -300.00 | Epsilon 0.0258
Seed 0 | Episode 421 | Reward -300.00 | Epsilon 0.0256
Seed 0 | Episode 422 | Reward -300.00 | Epsilon 0.0254
Seed 0 | Episode 423 | Reward -300.00 | Epsilon 0.0251
Seed 0 | Episode 424 | Reward -300.00 | Epsilon 0.0249
Seed 0 | Episode 425 | Reward -300.00 | Epsilon 0.0247
Seed 0 | Episode 426 | Reward -300.00 | Epsilon 0.0245
Seed 0 | Episode 427 | Reward -300.00 | Epsilon 0.0243
Seed 0 | Episode 428 | Reward -300.00 | Epsilon 0.0240
Seed 0 | Episode 429 | Reward -300.00 | Epsilon 0.0238
Seed 0 | Episode 430 | Reward -300.00 | Epsilon 0.0236
Seed 0 | Episode 431 | Reward -300.00 | Epsilon 0.0234
Seed 0 | Episode 432 | Reward -300.00 | Epsilon 0.0232
Seed 0 | Episode 433 | Reward -300.00 | Epsilon 0.0230
Seed 0 | Episode 434 | Reward -300.00 | Epsilon 0.0228
Seed 0 | Episode 435 | Reward -300.00 | Epsilon 0.0226
Seed 0 | Episode 436 | Reward -300.00 | Epsilon 0.0224
Seed 0 | Episode 437 | Reward -300.00 | Epsilon 0.0222
Seed 0 | Episode 438 | Reward -300.00 | Epsilon 0.0220
Seed 0 | Episode 439 | Reward -300.00 | Epsilon 0.0218
Seed 0 | Episode 440 | Reward -300.00 | Epsilon 0.0216
Seed 0 | Episode 441 | Reward -300.00 | Epsilon 0.0214
Seed 0 | Episode 442 | Reward -300.00 | Epsilon 0.0212
Seed 0 | Episode 443 | Reward -300.00 | Epsilon 0.0210
Seed 0 | Episode 444 | Reward -300.00 | Epsilon 0.0208
Seed 0 | Episode 445 | Reward -300.00 | Epsilon 0.0206
Seed 0 | Episode 446 | Reward -300.00 | Epsilon 0.0204
Seed 0 | Episode 447 | Reward -300.00 | Epsilon 0.0203
Seed 0 | Episode 448 | Reward -300.00 | Epsilon 0.0201
Seed 0 | Episode 449 | Reward -300.00 | Epsilon 0.0199
Seed 0 | Episode 450 | Reward -300.00 | Epsilon 0.0197
Seed 0 | Episode 451 | Reward -300.00 | Epsilon 0.0195
Seed 0 | Episode 452 | Reward -300.00 | Epsilon 0.0194
Seed 0 | Episode 453 | Reward -300.00 | Epsilon 0.0192
Seed 0 | Episode 454 | Reward -300.00 | Epsilon 0.0190
Seed 0 | Episode 455 | Reward -300.00 | Epsilon 0.0188
Seed 0 | Episode 456 | Reward -300.00 | Epsilon 0.0187
Seed 0 | Episode 457 | Reward -300.00 | Epsilon 0.0185
Seed 0 | Episode 458 | Reward -300.00 | Epsilon 0.0183
Seed 0 | Episode 459 | Reward -300.00 | Epsilon 0.0182
Seed 0 | Episode 460 | Reward -300.00 | Epsilon 0.0180
Seed 0 | Episode 461 | Reward -300.00 | Epsilon 0.0179
Seed 0 | Episode 462 | Reward -300.00 | Epsilon 0.0177
Seed 0 | Episode 463 | Reward -300.00 | Epsilon 0.0175
Seed 0 | Episode 464 | Reward -300.00 | Epsilon 0.0174
Seed 0 | Episode 465 | Reward -300.00 | Epsilon 0.0172
Seed 0 | Episode 466 | Reward -300.00 | Epsilon 0.0171
Seed 0 | Episode 467 | Reward -300.00 | Epsilon 0.0169
Seed 0 | Episode 468 | Reward -300.00 | Epsilon 0.0168
Seed 0 | Episode 469 | Reward -300.00 | Epsilon 0.0166
Seed 0 | Episode 470 | Reward -300.00 | Epsilon 0.0165
Seed 0 | Episode 471 | Reward -300.00 | Epsilon 0.0163
Seed 0 | Episode 472 | Reward -300.00 | Epsilon 0.0162
Seed 0 | Episode 473 | Reward -300.00 | Epsilon 0.0160
Seed 0 | Episode 474 | Reward -300.00 | Epsilon 0.0159
Seed 0 | Episode 475 | Reward -300.00 | Epsilon 0.0157
Seed 0 | Episode 476 | Reward -300.00 | Epsilon 0.0156
Seed 0 | Episode 477 | Reward -300.00 | Epsilon 0.0155
Seed 0 | Episode 478 | Reward -300.00 | Epsilon 0.0153
Seed 0 | Episode 479 | Reward -300.00 | Epsilon 0.0152
Seed 0 | Episode 480 | Reward -300.00 | Epsilon 0.0151
Seed 0 | Episode 481 | Reward -300.00 | Epsilon 0.0149
Seed 0 | Episode 482 | Reward -300.00 | Epsilon 0.0148
Seed 0 | Episode 483 | Reward -300.00 | Epsilon 0.0147
Seed 0 | Episode 484 | Reward -300.00 | Epsilon 0.0145
Seed 0 | Episode 485 | Reward -300.00 | Epsilon 0.0144
Seed 0 | Episode 486 | Reward -300.00 | Epsilon 0.0143
Seed 0 | Episode 487 | Reward -300.00 | Epsilon 0.0141
Seed 0 | Episode 488 | Reward -300.00 | Epsilon 0.0140
Seed 0 | Episode 489 | Reward -300.00 | Epsilon 0.0139
Seed 0 | Episode 490 | Reward -300.00 | Epsilon 0.0138
Seed 0 | Episode 491 | Reward -300.00 | Epsilon 0.0136
Seed 0 | Episode 492 | Reward -300.00 | Epsilon 0.0135
Seed 0 | Episode 493 | Reward -300.00 | Epsilon 0.0134
Seed 0 | Episode 494 | Reward -300.00 | Epsilon 0.0133
Seed 0 | Episode 495 | Reward -300.00 | Epsilon 0.0132
Seed 0 | Episode 496 | Reward -300.00 | Epsilon 0.0130
Seed 0 | Episode 497 | Reward -300.00 | Epsilon 0.0129
Seed 0 | Episode 498 | Reward -300.00 | Epsilon 0.0128
Seed 0 | Episode 499 | Reward -300.00 | Epsilon 0.0127
Seed 0 | Episode 500 | Reward -300.00 | Epsilon 0.0126
Seed 0 | Episode 501 | Reward -300.00 | Epsilon 0.0125
Seed 0 | Episode 502 | Reward -300.00 | Epsilon 0.0123
Seed 0 | Episode 503 | Reward -300.00 | Epsilon 0.0122
Seed 0 | Episode 504 | Reward -300.00 | Epsilon 0.0121
Seed 0 | Episode 505 | Reward -300.00 | Epsilon 0.0120
Seed 0 | Episode 506 | Reward -300.00 | Epsilon 0.0119
Seed 0 | Episode 507 | Reward -300.00 | Epsilon 0.0118
Seed 0 | Episode 508 | Reward -300.00 | Epsilon 0.0117
Seed 0 | Episode 509 | Reward -300.00 | Epsilon 0.0116
Seed 0 | Episode 510 | Reward -300.00 | Epsilon 0.0115
Seed 0 | Episode 511 | Reward -300.00 | Epsilon 0.0114
Seed 0 | Episode 512 | Reward -300.00 | Epsilon 0.0113
Seed 0 | Episode 513 | Reward -300.00 | Epsilon 0.0112
Seed 0 | Episode 514 | Reward -300.00 | Epsilon 0.0111
Seed 0 | Episode 515 | Reward -300.00 | Epsilon 0.0110
Seed 0 | Episode 516 | Reward -300.00 | Epsilon 0.0109
Seed 0 | Episode 517 | Reward -300.00 | Epsilon 0.0108
Seed 0 | Episode 518 | Reward -300.00 | Epsilon 0.0107
Seed 0 | Episode 519 | Reward -300.00 | Epsilon 0.0106
Seed 0 | Episode 520 | Reward -300.00 | Epsilon 0.0105
Seed 0 | Episode 521 | Reward -300.00 | Epsilon 0.0104
Seed 0 | Episode 522 | Reward -300.00 | Epsilon 0.0103
Seed 0 | Episode 523 | Reward -300.00 | Epsilon 0.0102
Seed 0 | Episode 524 | Reward -300.00 | Epsilon 0.0101
Seed 0 | Episode 525 | Reward -300.00 | Epsilon 0.0100
Seed 0 | Episode 526 | Reward -300.00 | Epsilon 0.0100
Seed 0 | Episode 527 | Reward -300.00 | Epsilon 0.0100
Seed 0 | Episode 528 | Reward -300.00 | Epsilon 0.0100
Seed 0 | Episode 529 | Reward -300.00 | Epsilon 0.0100
Seed 0 | Episode 530 | Reward -300.00 | Epsilon 0.0100
Seed 0 | Episode 531 | Reward -300.00 | Epsilon 0.0100
Seed 0 | Episode 532 | Reward -300.00 | Epsilon 0.0100
Seed 0 | Episode 533 | Reward 59.00 | Epsilon 0.0100
Seed 0 | Episode 534 | Reward -300.00 | Epsilon 0.0100
Seed 0 | Episode 535 | Reward -300.00 | Epsilon 0.0100
Seed 0 | Episode 536 | Reward -300.00 | Epsilon 0.0100
Seed 0 | Episode 537 | Reward -300.00 | Epsilon 0.0100
Seed 0 | Episode 538 | Reward -300.00 | Epsilon 0.0100
Seed 0 | Episode 539 | Reward -300.00 | Epsilon 0.0100
Seed 0 | Episode 540 | Reward -300.00 | Epsilon 0.0100
Seed 0 | Episode 541 | Reward -300.00 | Epsilon 0.0100
Seed 0 | Episode 542 | Reward -300.00 | Epsilon 0.0100
Seed 0 | Episode 543 | Reward -300.00 | Epsilon 0.0100
Seed 0 | Episode 544 | Reward -300.00 | Epsilon 0.0100
Seed 0 | Episode 545 | Reward -300.00 | Epsilon 0.0100
Seed 0 | Episode 546 | Reward -300.00 | Epsilon 0.0100
Seed 0 | Episode 547 | Reward -300.00 | Epsilon 0.0100
Seed 0 | Episode 548 | Reward -300.00 | Epsilon 0.0100
Seed 0 | Episode 549 | Reward -300.00 | Epsilon 0.0100
Seed 0 | Episode 550 | Reward -300.00 | Epsilon 0.0100
Seed 0 | Episode 551 | Reward -300.00 | Epsilon 0.0100
Seed 0 | Episode 552 | Reward -300.00 | Epsilon 0.0100
Seed 0 | Episode 553 | Reward -53.00 | Epsilon 0.0100
Seed 0 | Episode 554 | Reward -8.00 | Epsilon 0.0100
Seed 0 | Episode 555 | Reward -300.00 | Epsilon 0.0100
Seed 0 | Episode 556 | Reward -300.00 | Epsilon 0.0100
Seed 0 | Episode 557 | Reward -300.00 | Epsilon 0.0100
Seed 0 | Episode 558 | Reward -300.00 | Epsilon 0.0100
Seed 0 | Episode 559 | Reward -300.00 | Epsilon 0.0100
Seed 0 | Episode 560 | Reward -300.00 | Epsilon 0.0100
Seed 0 | Episode 561 | Reward -300.00 | Epsilon 0.0100
Seed 0 | Episode 562 | Reward -300.00 | Epsilon 0.0100
Seed 0 | Episode 563 | Reward -300.00 | Epsilon 0.0100
Seed 0 | Episode 564 | Reward -300.00 | Epsilon 0.0100
Seed 0 | Episode 565 | Reward -300.00 | Epsilon 0.0100
Seed 0 | Episode 566 | Reward -300.00 | Epsilon 0.0100
Seed 0 | Episode 567 | Reward -300.00 | Epsilon 0.0100
Seed 0 | Episode 568 | Reward -300.00 | Epsilon 0.0100
Seed 0 | Episode 569 | Reward -300.00 | Epsilon 0.0100
Seed 0 | Episode 570 | Reward -300.00 | Epsilon 0.0100
Seed 0 | Episode 571 | Reward -300.00 | Epsilon 0.0100
Seed 0 | Episode 572 | Reward -300.00 | Epsilon 0.0100
Seed 0 | Episode 573 | Reward -300.00 | Epsilon 0.0100
Seed 0 | Episode 574 | Reward -300.00 | Epsilon 0.0100
Seed 0 | Episode 575 | Reward -300.00 | Epsilon 0.0100
Seed 0 | Episode 576 | Reward -300.00 | Epsilon 0.0100
Seed 0 | Episode 577 | Reward -300.00 | Epsilon 0.0100
Seed 0 | Episode 578 | Reward -300.00 | Epsilon 0.0100
Seed 0 | Episode 579 | Reward -300.00 | Epsilon 0.0100
Seed 0 | Episode 580 | Reward -32.00 | Epsilon 0.0100
Seed 0 | Episode 581 | Reward -300.00 | Epsilon 0.0100
Seed 0 | Episode 582 | Reward -300.00 | Epsilon 0.0100
Seed 0 | Episode 583 | Reward -300.00 | Epsilon 0.0100
Seed 0 | Episode 584 | Reward -117.00 | Epsilon 0.0100
Seed 0 | Episode 585 | Reward -300.00 | Epsilon 0.0100
Seed 0 | Episode 586 | Reward -300.00 | Epsilon 0.0100
Seed 0 | Episode 587 | Reward -300.00 | Epsilon 0.0100
Seed 0 | Episode 588 | Reward -300.00 | Epsilon 0.0100
Seed 0 | Episode 589 | Reward -300.00 | Epsilon 0.0100
Seed 0 | Episode 590 | Reward -300.00 | Epsilon 0.0100
Seed 0 | Episode 591 | Reward 51.00 | Epsilon 0.0100
Seed 0 | Episode 592 | Reward -300.00 | Epsilon 0.0100
Seed 0 | Episode 593 | Reward -300.00 | Epsilon 0.0100
Seed 0 | Episode 594 | Reward -300.00 | Epsilon 0.0100
Seed 0 | Episode 595 | Reward -300.00 | Epsilon 0.0100
Seed 0 | Episode 596 | Reward -300.00 | Epsilon 0.0100
Seed 0 | Episode 597 | Reward -300.00 | Epsilon 0.0100
Seed 0 | Episode 598 | Reward -300.00 | Epsilon 0.0100
Seed 0 | Episode 599 | Reward -300.00 | Epsilon 0.0100
Seed 0 | Episode 600 | Reward -300.00 | Epsilon 0.0100
Seed 0 | Episode 601 | Reward -300.00 | Epsilon 0.0100
Seed 0 | Episode 602 | Reward -300.00 | Epsilon 0.0100
Seed 0 | Episode 603 | Reward -300.00 | Epsilon 0.0100
Seed 0 | Episode 604 | Reward -300.00 | Epsilon 0.0100
Seed 0 | Episode 605 | Reward -300.00 | Epsilon 0.0100
Seed 0 | Episode 606 | Reward -300.00 | Epsilon 0.0100
Seed 0 | Episode 607 | Reward -300.00 | Epsilon 0.0100
Seed 0 | Episode 608 | Reward -300.00 | Epsilon 0.0100
Seed 0 | Episode 609 | Reward -300.00 | Epsilon 0.0100
Seed 0 | Episode 610 | Reward -300.00 | Epsilon 0.0100
Seed 0 | Episode 611 | Reward -300.00 | Epsilon 0.0100
Seed 0 | Episode 612 | Reward -93.00 | Epsilon 0.0100
Seed 0 | Episode 613 | Reward -300.00 | Epsilon 0.0100
Seed 0 | Episode 614 | Reward -300.00 | Epsilon 0.0100
Seed 0 | Episode 615 | Reward -300.00 | Epsilon 0.0100
Seed 0 | Episode 616 | Reward -300.00 | Epsilon 0.0100
Seed 0 | Episode 617 | Reward -300.00 | Epsilon 0.0100
Seed 0 | Episode 618 | Reward -300.00 | Epsilon 0.0100
Seed 0 | Episode 619 | Reward -300.00 | Epsilon 0.0100
Seed 0 | Episode 620 | Reward -300.00 | Epsilon 0.0100
Seed 0 | Episode 621 | Reward -300.00 | Epsilon 0.0100
Seed 0 | Episode 622 | Reward -300.00 | Epsilon 0.0100
Seed 0 | Episode 623 | Reward -300.00 | Epsilon 0.0100
Seed 0 | Episode 624 | Reward -300.00 | Epsilon 0.0100
Seed 0 | Episode 625 | Reward -300.00 | Epsilon 0.0100
Seed 0 | Episode 626 | Reward -300.00 | Epsilon 0.0100
Seed 0 | Episode 627 | Reward -300.00 | Epsilon 0.0100
Seed 0 | Episode 628 | Reward -300.00 | Epsilon 0.0100
Seed 0 | Episode 629 | Reward -300.00 | Epsilon 0.0100
Seed 0 | Episode 630 | Reward -300.00 | Epsilon 0.0100
Seed 0 | Episode 631 | Reward -300.00 | Epsilon 0.0100
Seed 0 | Episode 632 | Reward -300.00 | Epsilon 0.0100
Seed 0 | Episode 633 | Reward -300.00 | Epsilon 0.0100
Seed 0 | Episode 634 | Reward -300.00 | Epsilon 0.0100
Seed 0 | Episode 635 | Reward -300.00 | Epsilon 0.0100
Seed 0 | Episode 636 | Reward -300.00 | Epsilon 0.0100
Seed 0 | Episode 637 | Reward -300.00 | Epsilon 0.0100
Seed 0 | Episode 638 | Reward -300.00 | Epsilon 0.0100
Seed 0 | Episode 639 | Reward -300.00 | Epsilon 0.0100
Seed 0 | Episode 640 | Reward -300.00 | Epsilon 0.0100
Seed 0 | Episode 641 | Reward -300.00 | Epsilon 0.0100
Seed 0 | Episode 642 | Reward -300.00 | Epsilon 0.0100
Seed 0 | Episode 643 | Reward -300.00 | Epsilon 0.0100
Seed 0 | Episode 644 | Reward -300.00 | Epsilon 0.0100
Seed 0 | Episode 645 | Reward -300.00 | Epsilon 0.0100
Seed 0 | Episode 646 | Reward -300.00 | Epsilon 0.0100
Seed 0 | Episode 647 | Reward -300.00 | Epsilon 0.0100
Seed 0 | Episode 648 | Reward -300.00 | Epsilon 0.0100
Seed 0 | Episode 649 | Reward -300.00 | Epsilon 0.0100
Seed 0 | Episode 650 | Reward -300.00 | Epsilon 0.0100
Seed 0 | Episode 651 | Reward -300.00 | Epsilon 0.0100
Seed 0 | Episode 652 | Reward -300.00 | Epsilon 0.0100
Seed 0 | Episode 653 | Reward -300.00 | Epsilon 0.0100
Seed 0 | Episode 654 | Reward -300.00 | Epsilon 0.0100
Seed 0 | Episode 655 | Reward -300.00 | Epsilon 0.0100
Seed 0 | Episode 656 | Reward -300.00 | Epsilon 0.0100
Seed 0 | Episode 657 | Reward -300.00 | Epsilon 0.0100
Seed 0 | Episode 658 | Reward -300.00 | Epsilon 0.0100
Seed 0 | Episode 659 | Reward -300.00 | Epsilon 0.0100
Seed 0 | Episode 660 | Reward -300.00 | Epsilon 0.0100
Seed 0 | Episode 661 | Reward -300.00 | Epsilon 0.0100
Seed 0 | Episode 662 | Reward -300.00 | Epsilon 0.0100
Seed 0 | Episode 663 | Reward -300.00 | Epsilon 0.0100
Seed 0 | Episode 664 | Reward -300.00 | Epsilon 0.0100
Seed 0 | Episode 665 | Reward -300.00 | Epsilon 0.0100
Seed 0 | Episode 666 | Reward -300.00 | Epsilon 0.0100
Seed 0 | Episode 667 | Reward -300.00 | Epsilon 0.0100
Seed 0 | Episode 668 | Reward -300.00 | Epsilon 0.0100
Seed 0 | Episode 669 | Reward -300.00 | Epsilon 0.0100
Seed 0 | Episode 670 | Reward -300.00 | Epsilon 0.0100
Seed 0 | Episode 671 | Reward -300.00 | Epsilon 0.0100
Seed 0 | Episode 672 | Reward -300.00 | Epsilon 0.0100
Seed 0 | Episode 673 | Reward -300.00 | Epsilon 0.0100
Seed 0 | Episode 674 | Reward -300.00 | Epsilon 0.0100
Seed 0 | Episode 675 | Reward -300.00 | Epsilon 0.0100
Seed 0 | Episode 676 | Reward -300.00 | Epsilon 0.0100
Seed 0 | Episode 677 | Reward -300.00 | Epsilon 0.0100
Seed 0 | Episode 678 | Reward -300.00 | Epsilon 0.0100
Seed 0 | Episode 679 | Reward -300.00 | Epsilon 0.0100
Seed 0 | Episode 680 | Reward -300.00 | Epsilon 0.0100
Seed 0 | Episode 681 | Reward -300.00 | Epsilon 0.0100
Seed 0 | Episode 682 | Reward -300.00 | Epsilon 0.0100
Seed 0 | Episode 683 | Reward -300.00 | Epsilon 0.0100
Seed 0 | Episode 684 | Reward -300.00 | Epsilon 0.0100
Seed 0 | Episode 685 | Reward -300.00 | Epsilon 0.0100
Seed 0 | Episode 686 | Reward -300.00 | Epsilon 0.0100
Seed 0 | Episode 687 | Reward -300.00 | Epsilon 0.0100
Seed 0 | Episode 688 | Reward -300.00 | Epsilon 0.0100
Seed 0 | Episode 689 | Reward -300.00 | Epsilon 0.0100
Seed 0 | Episode 690 | Reward -300.00 | Epsilon 0.0100
Seed 0 | Episode 691 | Reward -300.00 | Epsilon 0.0100
Seed 0 | Episode 692 | Reward -300.00 | Epsilon 0.0100
Seed 0 | Episode 693 | Reward -300.00 | Epsilon 0.0100
Seed 0 | Episode 694 | Reward -300.00 | Epsilon 0.0100
Seed 0 | Episode 695 | Reward -300.00 | Epsilon 0.0100
Seed 0 | Episode 696 | Reward -300.00 | Epsilon 0.0100
Seed 0 | Episode 697 | Reward -300.00 | Epsilon 0.0100
Seed 0 | Episode 698 | Reward -300.00 | Epsilon 0.0100
Seed 0 | Episode 699 | Reward -300.00 | Epsilon 0.0100
Seed 0 | Episode 700 | Reward -300.00 | Epsilon 0.0100
Seed 0 | Episode 701 | Reward -300.00 | Epsilon 0.0100
Seed 0 | Episode 702 | Reward -300.00 | Epsilon 0.0100
Seed 0 | Episode 703 | Reward -300.00 | Epsilon 0.0100
Seed 0 | Episode 704 | Reward -300.00 | Epsilon 0.0100
Seed 0 | Episode 705 | Reward -300.00 | Epsilon 0.0100
Seed 0 | Episode 706 | Reward -300.00 | Epsilon 0.0100
Seed 0 | Episode 707 | Reward -300.00 | Epsilon 0.0100
Seed 0 | Episode 708 | Reward -300.00 | Epsilon 0.0100
Seed 0 | Episode 709 | Reward -300.00 | Epsilon 0.0100
Seed 0 | Episode 710 | Reward -300.00 | Epsilon 0.0100
Seed 0 | Episode 711 | Reward -300.00 | Epsilon 0.0100
Seed 0 | Episode 712 | Reward -300.00 | Epsilon 0.0100
Seed 0 | Episode 713 | Reward -300.00 | Epsilon 0.0100
Seed 0 | Episode 714 | Reward -300.00 | Epsilon 0.0100
Seed 0 | Episode 715 | Reward -300.00 | Epsilon 0.0100
Seed 0 | Episode 716 | Reward -300.00 | Epsilon 0.0100
Seed 0 | Episode 717 | Reward -300.00 | Epsilon 0.0100
Seed 0 | Episode 718 | Reward -300.00 | Epsilon 0.0100
Seed 0 | Episode 719 | Reward -300.00 | Epsilon 0.0100
Seed 0 | Episode 720 | Reward -300.00 | Epsilon 0.0100
Seed 0 | Episode 721 | Reward -300.00 | Epsilon 0.0100
Seed 0 | Episode 722 | Reward -300.00 | Epsilon 0.0100
Seed 0 | Episode 723 | Reward -300.00 | Epsilon 0.0100
Seed 0 | Episode 724 | Reward -300.00 | Epsilon 0.0100
Seed 0 | Episode 725 | Reward -300.00 | Epsilon 0.0100
Seed 0 | Episode 726 | Reward -300.00 | Epsilon 0.0100
Seed 0 | Episode 727 | Reward -300.00 | Epsilon 0.0100
Seed 0 | Episode 728 | Reward -300.00 | Epsilon 0.0100
Seed 0 | Episode 729 | Reward -300.00 | Epsilon 0.0100
Seed 0 | Episode 730 | Reward -300.00 | Epsilon 0.0100
Seed 0 | Episode 731 | Reward -300.00 | Epsilon 0.0100
Seed 0 | Episode 732 | Reward -300.00 | Epsilon 0.0100
Seed 0 | Episode 733 | Reward -300.00 | Epsilon 0.0100
Seed 0 | Episode 734 | Reward -300.00 | Epsilon 0.0100
Seed 0 | Episode 735 | Reward -300.00 | Epsilon 0.0100
Seed 0 | Episode 736 | Reward -300.00 | Epsilon 0.0100
Seed 0 | Episode 737 | Reward -300.00 | Epsilon 0.0100
Seed 0 | Episode 738 | Reward -300.00 | Epsilon 0.0100
Seed 0 | Episode 739 | Reward -300.00 | Epsilon 0.0100
Seed 0 | Episode 740 | Reward -300.00 | Epsilon 0.0100
Seed 0 | Episode 741 | Reward -300.00 | Epsilon 0.0100
Seed 0 | Episode 742 | Reward -300.00 | Epsilon 0.0100
Seed 0 | Episode 743 | Reward -300.00 | Epsilon 0.0100
Seed 0 | Episode 744 | Reward -300.00 | Epsilon 0.0100
Seed 0 | Episode 745 | Reward -300.00 | Epsilon 0.0100
Seed 0 | Episode 746 | Reward -300.00 | Epsilon 0.0100
Seed 0 | Episode 747 | Reward -300.00 | Epsilon 0.0100
Seed 0 | Episode 748 | Reward -300.00 | Epsilon 0.0100
Seed 0 | Episode 749 | Reward -300.00 | Epsilon 0.0100
Seed 0 | Episode 750 | Reward -300.00 | Epsilon 0.0100
Seed 0 | Episode 751 | Reward -300.00 | Epsilon 0.0100
Seed 0 | Episode 752 | Reward -300.00 | Epsilon 0.0100
Seed 0 | Episode 753 | Reward -300.00 | Epsilon 0.0100
Seed 0 | Episode 754 | Reward -300.00 | Epsilon 0.0100
Seed 0 | Episode 755 | Reward -300.00 | Epsilon 0.0100
Seed 0 | Episode 756 | Reward -300.00 | Epsilon 0.0100
Seed 0 | Episode 757 | Reward -300.00 | Epsilon 0.0100
Seed 0 | Episode 758 | Reward -300.00 | Epsilon 0.0100
Seed 0 | Episode 759 | Reward -300.00 | Epsilon 0.0100
Seed 0 | Episode 760 | Reward -300.00 | Epsilon 0.0100
Seed 0 | Episode 761 | Reward -300.00 | Epsilon 0.0100
Seed 0 | Episode 762 | Reward -300.00 | Epsilon 0.0100
Seed 0 | Episode 763 | Reward -300.00 | Epsilon 0.0100
Seed 0 | Episode 764 | Reward -300.00 | Epsilon 0.0100
Seed 0 | Episode 765 | Reward -300.00 | Epsilon 0.0100
Seed 0 | Episode 766 | Reward -300.00 | Epsilon 0.0100
Seed 0 | Episode 767 | Reward -300.00 | Epsilon 0.0100
Seed 0 | Episode 768 | Reward -300.00 | Epsilon 0.0100
Seed 0 | Episode 769 | Reward -300.00 | Epsilon 0.0100
Seed 0 | Episode 770 | Reward -300.00 | Epsilon 0.0100
Seed 0 | Episode 771 | Reward -300.00 | Epsilon 0.0100
Seed 0 | Episode 772 | Reward -300.00 | Epsilon 0.0100
Seed 0 | Episode 773 | Reward -300.00 | Epsilon 0.0100
Seed 0 | Episode 774 | Reward -300.00 | Epsilon 0.0100
Seed 0 | Episode 775 | Reward -300.00 | Epsilon 0.0100
Seed 0 | Episode 776 | Reward -300.00 | Epsilon 0.0100
Seed 0 | Episode 777 | Reward -300.00 | Epsilon 0.0100
Seed 0 | Episode 778 | Reward -300.00 | Epsilon 0.0100
Seed 0 | Episode 779 | Reward -300.00 | Epsilon 0.0100
Seed 0 | Episode 780 | Reward -300.00 | Epsilon 0.0100
Seed 0 | Episode 781 | Reward -300.00 | Epsilon 0.0100
Seed 0 | Episode 782 | Reward -300.00 | Epsilon 0.0100
Seed 0 | Episode 783 | Reward -300.00 | Epsilon 0.0100
Seed 0 | Episode 784 | Reward -300.00 | Epsilon 0.0100
Seed 0 | Episode 785 | Reward -300.00 | Epsilon 0.0100
Seed 0 | Episode 786 | Reward -300.00 | Epsilon 0.0100
Seed 0 | Episode 787 | Reward -300.00 | Epsilon 0.0100
Seed 0 | Episode 788 | Reward -300.00 | Epsilon 0.0100
Seed 0 | Episode 789 | Reward -300.00 | Epsilon 0.0100
Seed 0 | Episode 790 | Reward -300.00 | Epsilon 0.0100
Seed 0 | Episode 791 | Reward -300.00 | Epsilon 0.0100
Seed 0 | Episode 792 | Reward -300.00 | Epsilon 0.0100
Seed 0 | Episode 793 | Reward -300.00 | Epsilon 0.0100
Seed 0 | Episode 794 | Reward -300.00 | Epsilon 0.0100
Seed 0 | Episode 795 | Reward -300.00 | Epsilon 0.0100
Seed 0 | Episode 796 | Reward -300.00 | Epsilon 0.0100
Seed 0 | Episode 797 | Reward -300.00 | Epsilon 0.0100
Seed 0 | Episode 798 | Reward -300.00 | Epsilon 0.0100
Seed 0 | Episode 799 | Reward -300.00 | Epsilon 0.0100
Seed 0 | Episode 800 | Reward -300.00 | Epsilon 0.0100
Seed 0 | Episode 801 | Reward -300.00 | Epsilon 0.0100
Seed 0 | Episode 802 | Reward -300.00 | Epsilon 0.0100
Seed 0 | Episode 803 | Reward -300.00 | Epsilon 0.0100
Seed 0 | Episode 804 | Reward -300.00 | Epsilon 0.0100
Seed 0 | Episode 805 | Reward -300.00 | Epsilon 0.0100
Seed 0 | Episode 806 | Reward -300.00 | Epsilon 0.0100
Seed 0 | Episode 807 | Reward -300.00 | Epsilon 0.0100
Seed 0 | Episode 808 | Reward -300.00 | Epsilon 0.0100
Seed 0 | Episode 809 | Reward -300.00 | Epsilon 0.0100
Seed 0 | Episode 810 | Reward -300.00 | Epsilon 0.0100
Seed 0 | Episode 811 | Reward -300.00 | Epsilon 0.0100
Seed 0 | Episode 812 | Reward -300.00 | Epsilon 0.0100
Seed 0 | Episode 813 | Reward -300.00 | Epsilon 0.0100
Seed 0 | Episode 814 | Reward -300.00 | Epsilon 0.0100
Seed 0 | Episode 815 | Reward -300.00 | Epsilon 0.0100
Seed 0 | Episode 816 | Reward -300.00 | Epsilon 0.0100
Seed 0 | Episode 817 | Reward -300.00 | Epsilon 0.0100
Seed 0 | Episode 818 | Reward -300.00 | Epsilon 0.0100
Seed 0 | Episode 819 | Reward -300.00 | Epsilon 0.0100
Seed 0 | Episode 820 | Reward -300.00 | Epsilon 0.0100
Seed 0 | Episode 821 | Reward -300.00 | Epsilon 0.0100
Seed 0 | Episode 822 | Reward -300.00 | Epsilon 0.0100
Seed 0 | Episode 823 | Reward -300.00 | Epsilon 0.0100
Seed 0 | Episode 824 | Reward -300.00 | Epsilon 0.0100
Seed 0 | Episode 825 | Reward -300.00 | Epsilon 0.0100
Seed 0 | Episode 826 | Reward -300.00 | Epsilon 0.0100
Seed 0 | Episode 827 | Reward -300.00 | Epsilon 0.0100
Seed 0 | Episode 828 | Reward -300.00 | Epsilon 0.0100
Seed 0 | Episode 829 | Reward -300.00 | Epsilon 0.0100
Seed 0 | Episode 830 | Reward -300.00 | Epsilon 0.0100
Seed 0 | Episode 831 | Reward -300.00 | Epsilon 0.0100
Seed 0 | Episode 832 | Reward -300.00 | Epsilon 0.0100
Seed 0 | Episode 833 | Reward -300.00 | Epsilon 0.0100
Seed 0 | Episode 834 | Reward -300.00 | Epsilon 0.0100
Seed 0 | Episode 835 | Reward -300.00 | Epsilon 0.0100
Seed 0 | Episode 836 | Reward -300.00 | Epsilon 0.0100
Seed 0 | Episode 837 | Reward -300.00 | Epsilon 0.0100
Seed 0 | Episode 838 | Reward -300.00 | Epsilon 0.0100
Seed 0 | Episode 839 | Reward -300.00 | Epsilon 0.0100
Seed 0 | Episode 840 | Reward -300.00 | Epsilon 0.0100
Seed 0 | Episode 841 | Reward -300.00 | Epsilon 0.0100
Seed 0 | Episode 842 | Reward -300.00 | Epsilon 0.0100
Seed 0 | Episode 843 | Reward -300.00 | Epsilon 0.0100
Seed 0 | Episode 844 | Reward -300.00 | Epsilon 0.0100
Seed 0 | Episode 845 | Reward -300.00 | Epsilon 0.0100
Seed 0 | Episode 846 | Reward -300.00 | Epsilon 0.0100
Seed 0 | Episode 847 | Reward -300.00 | Epsilon 0.0100
Seed 0 | Episode 848 | Reward -300.00 | Epsilon 0.0100
Seed 0 | Episode 849 | Reward -300.00 | Epsilon 0.0100
Seed 0 | Episode 850 | Reward -300.00 | Epsilon 0.0100
Seed 0 | Episode 851 | Reward -300.00 | Epsilon 0.0100
Seed 0 | Episode 852 | Reward -300.00 | Epsilon 0.0100
Seed 0 | Episode 853 | Reward -300.00 | Epsilon 0.0100
Seed 0 | Episode 854 | Reward -300.00 | Epsilon 0.0100
Seed 0 | Episode 855 | Reward -300.00 | Epsilon 0.0100
Seed 0 | Episode 856 | Reward -300.00 | Epsilon 0.0100
Seed 0 | Episode 857 | Reward -300.00 | Epsilon 0.0100
Seed 0 | Episode 858 | Reward -300.00 | Epsilon 0.0100
Seed 0 | Episode 859 | Reward -300.00 | Epsilon 0.0100
Seed 0 | Episode 860 | Reward -300.00 | Epsilon 0.0100
Seed 0 | Episode 861 | Reward -300.00 | Epsilon 0.0100
Seed 0 | Episode 862 | Reward -300.00 | Epsilon 0.0100
Seed 0 | Episode 863 | Reward -300.00 | Epsilon 0.0100
Seed 0 | Episode 864 | Reward -300.00 | Epsilon 0.0100
Seed 0 | Episode 865 | Reward -300.00 | Epsilon 0.0100
Seed 0 | Episode 866 | Reward -300.00 | Epsilon 0.0100
Seed 0 | Episode 867 | Reward -300.00 | Epsilon 0.0100
Seed 0 | Episode 868 | Reward -300.00 | Epsilon 0.0100
Seed 0 | Episode 869 | Reward -300.00 | Epsilon 0.0100
Seed 0 | Episode 870 | Reward -300.00 | Epsilon 0.0100
Seed 0 | Episode 871 | Reward -300.00 | Epsilon 0.0100
Seed 0 | Episode 872 | Reward -300.00 | Epsilon 0.0100
Seed 0 | Episode 873 | Reward -300.00 | Epsilon 0.0100
Seed 0 | Episode 874 | Reward -300.00 | Epsilon 0.0100
Seed 0 | Episode 875 | Reward -300.00 | Epsilon 0.0100
Seed 0 | Episode 876 | Reward -300.00 | Epsilon 0.0100
Seed 0 | Episode 877 | Reward -300.00 | Epsilon 0.0100
Seed 0 | Episode 878 | Reward -300.00 | Epsilon 0.0100
Seed 0 | Episode 879 | Reward -300.00 | Epsilon 0.0100
Seed 0 | Episode 880 | Reward -300.00 | Epsilon 0.0100
Seed 0 | Episode 881 | Reward -300.00 | Epsilon 0.0100
Seed 0 | Episode 882 | Reward -300.00 | Epsilon 0.0100
Seed 0 | Episode 883 | Reward -300.00 | Epsilon 0.0100
Seed 0 | Episode 884 | Reward -300.00 | Epsilon 0.0100
Seed 0 | Episode 885 | Reward -300.00 | Epsilon 0.0100
Seed 0 | Episode 886 | Reward -300.00 | Epsilon 0.0100
Seed 0 | Episode 887 | Reward -300.00 | Epsilon 0.0100
Seed 0 | Episode 888 | Reward -300.00 | Epsilon 0.0100
Seed 0 | Episode 889 | Reward -300.00 | Epsilon 0.0100
Seed 0 | Episode 890 | Reward -300.00 | Epsilon 0.0100
Seed 0 | Episode 891 | Reward -300.00 | Epsilon 0.0100
Seed 0 | Episode 892 | Reward -300.00 | Epsilon 0.0100
Seed 0 | Episode 893 | Reward -300.00 | Epsilon 0.0100
Seed 0 | Episode 894 | Reward -300.00 | Epsilon 0.0100
Seed 0 | Episode 895 | Reward -300.00 | Epsilon 0.0100
Seed 0 | Episode 896 | Reward -300.00 | Epsilon 0.0100
Seed 0 | Episode 897 | Reward -300.00 | Epsilon 0.0100
Seed 0 | Episode 898 | Reward -300.00 | Epsilon 0.0100
Seed 0 | Episode 899 | Reward -300.00 | Epsilon 0.0100
Seed 0 | Episode 900 | Reward -300.00 | Epsilon 0.0100
Seed 0 | Episode 901 | Reward -300.00 | Epsilon 0.0100
Seed 0 | Episode 902 | Reward -300.00 | Epsilon 0.0100
Seed 0 | Episode 903 | Reward -300.00 | Epsilon 0.0100
Seed 0 | Episode 904 | Reward -300.00 | Epsilon 0.0100
Seed 0 | Episode 905 | Reward -300.00 | Epsilon 0.0100
Seed 0 | Episode 906 | Reward -300.00 | Epsilon 0.0100
Seed 0 | Episode 907 | Reward -300.00 | Epsilon 0.0100
Seed 0 | Episode 908 | Reward -300.00 | Epsilon 0.0100
Seed 0 | Episode 909 | Reward -300.00 | Epsilon 0.0100
Seed 0 | Episode 910 | Reward -300.00 | Epsilon 0.0100
Seed 0 | Episode 911 | Reward -300.00 | Epsilon 0.0100
Seed 0 | Episode 912 | Reward -300.00 | Epsilon 0.0100
Seed 0 | Episode 913 | Reward -300.00 | Epsilon 0.0100
Seed 0 | Episode 914 | Reward -300.00 | Epsilon 0.0100
Seed 0 | Episode 915 | Reward -300.00 | Epsilon 0.0100
Seed 0 | Episode 916 | Reward -300.00 | Epsilon 0.0100
Seed 0 | Episode 917 | Reward -300.00 | Epsilon 0.0100
Seed 0 | Episode 918 | Reward -300.00 | Epsilon 0.0100
Seed 0 | Episode 919 | Reward -300.00 | Epsilon 0.0100
Seed 0 | Episode 920 | Reward -300.00 | Epsilon 0.0100
Seed 0 | Episode 921 | Reward -300.00 | Epsilon 0.0100
Seed 0 | Episode 922 | Reward -300.00 | Epsilon 0.0100
Seed 0 | Episode 923 | Reward -300.00 | Epsilon 0.0100
Seed 0 | Episode 924 | Reward -300.00 | Epsilon 0.0100
Seed 0 | Episode 925 | Reward -300.00 | Epsilon 0.0100
Seed 0 | Episode 926 | Reward -300.00 | Epsilon 0.0100
Seed 0 | Episode 927 | Reward -300.00 | Epsilon 0.0100
Seed 0 | Episode 928 | Reward -300.00 | Epsilon 0.0100
Seed 0 | Episode 929 | Reward -300.00 | Epsilon 0.0100
Seed 0 | Episode 930 | Reward -300.00 | Epsilon 0.0100
Seed 0 | Episode 931 | Reward -300.00 | Epsilon 0.0100
Seed 0 | Episode 932 | Reward -300.00 | Epsilon 0.0100
Seed 0 | Episode 933 | Reward -300.00 | Epsilon 0.0100
Seed 0 | Episode 934 | Reward -300.00 | Epsilon 0.0100
Seed 0 | Episode 935 | Reward -300.00 | Epsilon 0.0100
Seed 0 | Episode 936 | Reward -300.00 | Epsilon 0.0100
Seed 0 | Episode 937 | Reward -300.00 | Epsilon 0.0100
Seed 0 | Episode 938 | Reward -300.00 | Epsilon 0.0100
Seed 0 | Episode 939 | Reward -300.00 | Epsilon 0.0100
Seed 0 | Episode 940 | Reward -300.00 | Epsilon 0.0100
Seed 0 | Episode 941 | Reward -300.00 | Epsilon 0.0100
Seed 0 | Episode 942 | Reward -300.00 | Epsilon 0.0100
Seed 0 | Episode 943 | Reward -300.00 | Epsilon 0.0100
Seed 0 | Episode 944 | Reward -300.00 | Epsilon 0.0100
Seed 0 | Episode 945 | Reward -300.00 | Epsilon 0.0100
Seed 0 | Episode 946 | Reward -300.00 | Epsilon 0.0100
Seed 0 | Episode 947 | Reward -300.00 | Epsilon 0.0100
Seed 0 | Episode 948 | Reward -300.00 | Epsilon 0.0100
Seed 0 | Episode 949 | Reward -300.00 | Epsilon 0.0100
Seed 0 | Episode 950 | Reward -300.00 | Epsilon 0.0100
Seed 0 | Episode 951 | Reward -300.00 | Epsilon 0.0100
Seed 0 | Episode 952 | Reward -300.00 | Epsilon 0.0100
Seed 0 | Episode 953 | Reward -300.00 | Epsilon 0.0100
Seed 0 | Episode 954 | Reward -300.00 | Epsilon 0.0100
Seed 0 | Episode 955 | Reward -300.00 | Epsilon 0.0100
Seed 0 | Episode 956 | Reward -300.00 | Epsilon 0.0100
Seed 0 | Episode 957 | Reward -300.00 | Epsilon 0.0100
Seed 0 | Episode 958 | Reward -300.00 | Epsilon 0.0100
Seed 0 | Episode 959 | Reward -300.00 | Epsilon 0.0100
Seed 0 | Episode 960 | Reward -300.00 | Epsilon 0.0100
Seed 0 | Episode 961 | Reward -300.00 | Epsilon 0.0100
Seed 0 | Episode 962 | Reward -300.00 | Epsilon 0.0100
Seed 0 | Episode 963 | Reward -300.00 | Epsilon 0.0100
Seed 0 | Episode 964 | Reward -300.00 | Epsilon 0.0100
Seed 0 | Episode 965 | Reward -300.00 | Epsilon 0.0100
Seed 0 | Episode 966 | Reward -300.00 | Epsilon 0.0100
Seed 0 | Episode 967 | Reward -300.00 | Epsilon 0.0100
Seed 0 | Episode 968 | Reward -300.00 | Epsilon 0.0100
Seed 0 | Episode 969 | Reward -300.00 | Epsilon 0.0100
Seed 0 | Episode 970 | Reward -300.00 | Epsilon 0.0100
Seed 0 | Episode 971 | Reward -300.00 | Epsilon 0.0100
Seed 0 | Episode 972 | Reward -300.00 | Epsilon 0.0100
Seed 0 | Episode 973 | Reward -300.00 | Epsilon 0.0100
Seed 0 | Episode 974 | Reward -300.00 | Epsilon 0.0100
Seed 0 | Episode 975 | Reward -300.00 | Epsilon 0.0100
Seed 0 | Episode 976 | Reward -300.00 | Epsilon 0.0100
Seed 0 | Episode 977 | Reward -300.00 | Epsilon 0.0100
Seed 0 | Episode 978 | Reward -300.00 | Epsilon 0.0100
Seed 0 | Episode 979 | Reward -300.00 | Epsilon 0.0100
Seed 0 | Episode 980 | Reward -300.00 | Epsilon 0.0100
Seed 0 | Episode 981 | Reward -300.00 | Epsilon 0.0100
Seed 0 | Episode 982 | Reward -300.00 | Epsilon 0.0100
Seed 0 | Episode 983 | Reward -300.00 | Epsilon 0.0100
Seed 0 | Episode 984 | Reward -300.00 | Epsilon 0.0100
Seed 0 | Episode 985 | Reward -300.00 | Epsilon 0.0100
Seed 0 | Episode 986 | Reward -300.00 | Epsilon 0.0100
Seed 0 | Episode 987 | Reward -300.00 | Epsilon 0.0100
Seed 0 | Episode 988 | Reward -300.00 | Epsilon 0.0100
Seed 0 | Episode 989 | Reward -300.00 | Epsilon 0.0100
Seed 0 | Episode 990 | Reward -300.00 | Epsilon 0.0100
Seed 0 | Episode 991 | Reward -300.00 | Epsilon 0.0100
Seed 0 | Episode 992 | Reward -300.00 | Epsilon 0.0100
Seed 0 | Episode 993 | Reward -300.00 | Epsilon 0.0100
Seed 0 | Episode 994 | Reward -300.00 | Epsilon 0.0100
Seed 0 | Episode 995 | Reward -300.00 | Epsilon 0.0100
Seed 0 | Episode 996 | Reward -300.00 | Epsilon 0.0100
Seed 0 | Episode 997 | Reward -300.00 | Epsilon 0.0100
Seed 0 | Episode 998 | Reward -300.00 | Epsilon 0.0100
Seed 0 | Episode 999 | Reward -300.00 | Epsilon 0.0100
Finished seed 0
