starting job
Sun Dec  7 19:54:41 2025       
+-----------------------------------------------------------------------------------------+
| NVIDIA-SMI 580.65.06              Driver Version: 580.65.06      CUDA Version: 13.0     |
+-----------------------------------------+------------------------+----------------------+
| GPU  Name                 Persistence-M | Bus-Id          Disp.A | Volatile Uncorr. ECC |
| Fan  Temp   Perf          Pwr:Usage/Cap |           Memory-Usage | GPU-Util  Compute M. |
|                                         |                        |               MIG M. |
|=========================================+========================+======================|
|   0  NVIDIA H100 80GB HBM3          On  |   00000000:06:00.0 Off |                   On |
| N/A   22C    P0             66W /  700W |     101MiB /  81559MiB |     N/A      Default |
|                                         |                        |              Enabled |
+-----------------------------------------+------------------------+----------------------+

+-----------------------------------------------------------------------------------------+
| MIG devices:                                                                            |
+------------------+----------------------------------+-----------+-----------------------+
| GPU  GI  CI  MIG |              Shared Memory-Usage |        Vol|        Shared         |
|      ID  ID  Dev |                Shared BAR1-Usage | SM     Unc| CE ENC  DEC  OFA  JPG |
|                  |                                  |        ECC|                       |
|==================+==================================+===========+=======================|
|  0    9   0   0  |              15MiB /  9984MiB    | 16      0 |  1   0    1    0    1 |
|                  |               0MiB /  6185MiB    |           |                       |
+------------------+----------------------------------+-----------+-----------------------+

+-----------------------------------------------------------------------------------------+
| Processes:                                                                              |
|  GPU   GI   CI              PID   Type   Process name                        GPU Memory |
|        ID   ID                                                               Usage      |
|=========================================================================================|
|  No running processes found                                                             |
+-----------------------------------------------------------------------------------------+
Running seed 17
Gym has been unmaintained since 2022 and does not support NumPy 2.0 amongst other critical functionality.
Please upgrade to Gymnasium, the maintained drop-in replacement of Gym, or contact the authors of your software and request that they upgrade.
Users of this version of Gym should be able to simply replace 'import gym' with 'import gymnasium as gym' in the vast majority of cases.
See the migration guide at https://gymnasium.farama.org/introduction/migration_guide/ for additional information.
Seed 17 | Episode 0 | Reward -300.00 | Epsilon 0.9987
Seed 17 | Episode 1 | Reward 54.00 | Epsilon 0.9972
Seed 17 | Episode 2 | Reward -300.00 | Epsilon 0.9883
Seed 17 | Episode 3 | Reward -300.00 | Epsilon 0.9795
Seed 17 | Episode 4 | Reward -300.00 | Epsilon 0.9707
Seed 17 | Episode 5 | Reward -300.00 | Epsilon 0.9620
Seed 17 | Episode 6 | Reward -300.00 | Epsilon 0.9534
Seed 17 | Episode 7 | Reward -300.00 | Epsilon 0.9448
Seed 17 | Episode 8 | Reward -300.00 | Epsilon 0.9364
Seed 17 | Episode 9 | Reward -300.00 | Epsilon 0.9280
Seed 17 | Episode 10 | Reward -300.00 | Epsilon 0.9197
Seed 17 | Episode 11 | Reward -300.00 | Epsilon 0.9114
Seed 17 | Episode 12 | Reward -300.00 | Epsilon 0.9032
Seed 17 | Episode 13 | Reward -300.00 | Epsilon 0.8952
Seed 17 | Episode 14 | Reward -300.00 | Epsilon 0.8871
Seed 17 | Episode 15 | Reward -300.00 | Epsilon 0.8792
Seed 17 | Episode 16 | Reward -13.00 | Epsilon 0.8762
Seed 17 | Episode 17 | Reward -300.00 | Epsilon 0.8683
Seed 17 | Episode 18 | Reward -300.00 | Epsilon 0.8606
Seed 17 | Episode 19 | Reward -300.00 | Epsilon 0.8528
Seed 17 | Episode 20 | Reward -300.00 | Epsilon 0.8452
Seed 17 | Episode 21 | Reward -300.00 | Epsilon 0.8376
Seed 17 | Episode 22 | Reward -300.00 | Epsilon 0.8301
Seed 17 | Episode 23 | Reward -300.00 | Epsilon 0.8227
Seed 17 | Episode 24 | Reward -300.00 | Epsilon 0.8153
Seed 17 | Episode 25 | Reward -300.00 | Epsilon 0.8080
Seed 17 | Episode 26 | Reward -300.00 | Epsilon 0.8008
Seed 17 | Episode 27 | Reward -300.00 | Epsilon 0.7936
Seed 17 | Episode 28 | Reward -300.00 | Epsilon 0.7865
Seed 17 | Episode 29 | Reward -300.00 | Epsilon 0.7794
Seed 17 | Episode 30 | Reward -300.00 | Epsilon 0.7725
Seed 17 | Episode 31 | Reward -300.00 | Epsilon 0.7655
Seed 17 | Episode 32 | Reward -300.00 | Epsilon 0.7587
Seed 17 | Episode 33 | Reward -300.00 | Epsilon 0.7519
Seed 17 | Episode 34 | Reward -300.00 | Epsilon 0.7451
Seed 17 | Episode 35 | Reward -300.00 | Epsilon 0.7385
Seed 17 | Episode 36 | Reward -300.00 | Epsilon 0.7318
Seed 17 | Episode 37 | Reward -300.00 | Epsilon 0.7253
Seed 17 | Episode 38 | Reward -300.00 | Epsilon 0.7188
Seed 17 | Episode 39 | Reward -300.00 | Epsilon 0.7124
Seed 17 | Episode 40 | Reward -300.00 | Epsilon 0.7060
Seed 17 | Episode 41 | Reward -300.00 | Epsilon 0.6996
Seed 17 | Episode 42 | Reward -300.00 | Epsilon 0.6934
Seed 17 | Episode 43 | Reward -300.00 | Epsilon 0.6872
Seed 17 | Episode 44 | Reward -300.00 | Epsilon 0.6810
Seed 17 | Episode 45 | Reward -300.00 | Epsilon 0.6749
Seed 17 | Episode 46 | Reward -300.00 | Epsilon 0.6689
Seed 17 | Episode 47 | Reward -300.00 | Epsilon 0.6629
Seed 17 | Episode 48 | Reward -300.00 | Epsilon 0.6569
Seed 17 | Episode 49 | Reward -300.00 | Epsilon 0.6510
Seed 17 | Episode 50 | Reward -300.00 | Epsilon 0.6452
Seed 17 | Episode 51 | Reward -300.00 | Epsilon 0.6394
Seed 17 | Episode 52 | Reward -300.00 | Epsilon 0.6337
Seed 17 | Episode 53 | Reward -300.00 | Epsilon 0.6280
Seed 17 | Episode 54 | Reward -300.00 | Epsilon 0.6224
Seed 17 | Episode 55 | Reward -300.00 | Epsilon 0.6168
Seed 17 | Episode 56 | Reward -300.00 | Epsilon 0.6113
Seed 17 | Episode 57 | Reward -300.00 | Epsilon 0.6058
Seed 17 | Episode 58 | Reward -300.00 | Epsilon 0.6004
Seed 17 | Episode 59 | Reward -300.00 | Epsilon 0.5950
Seed 17 | Episode 60 | Reward -300.00 | Epsilon 0.5897
Seed 17 | Episode 61 | Reward -300.00 | Epsilon 0.5844
Seed 17 | Episode 62 | Reward -300.00 | Epsilon 0.5792
Seed 17 | Episode 63 | Reward -300.00 | Epsilon 0.5740
Seed 17 | Episode 64 | Reward -300.00 | Epsilon 0.5688
Seed 17 | Episode 65 | Reward -300.00 | Epsilon 0.5637
Seed 17 | Episode 66 | Reward -300.00 | Epsilon 0.5587
Seed 17 | Episode 67 | Reward -300.00 | Epsilon 0.5537
Seed 17 | Episode 68 | Reward -300.00 | Epsilon 0.5487
Seed 17 | Episode 69 | Reward -300.00 | Epsilon 0.5438
Seed 17 | Episode 70 | Reward -300.00 | Epsilon 0.5389
Seed 17 | Episode 71 | Reward -300.00 | Epsilon 0.5341
Seed 17 | Episode 72 | Reward -300.00 | Epsilon 0.5293
Seed 17 | Episode 73 | Reward -300.00 | Epsilon 0.5246
Seed 17 | Episode 74 | Reward -300.00 | Epsilon 0.5199
Seed 17 | Episode 75 | Reward -300.00 | Epsilon 0.5152
Seed 17 | Episode 76 | Reward -300.00 | Epsilon 0.5106
Seed 17 | Episode 77 | Reward -300.00 | Epsilon 0.5060
Seed 17 | Episode 78 | Reward -300.00 | Epsilon 0.5015
Seed 17 | Episode 79 | Reward -300.00 | Epsilon 0.4970
Seed 17 | Episode 80 | Reward -300.00 | Epsilon 0.4925
Seed 17 | Episode 81 | Reward -300.00 | Epsilon 0.4881
Seed 17 | Episode 82 | Reward -300.00 | Epsilon 0.4837
Seed 17 | Episode 83 | Reward -300.00 | Epsilon 0.4794
Seed 17 | Episode 84 | Reward -300.00 | Epsilon 0.4751
Seed 17 | Episode 85 | Reward -300.00 | Epsilon 0.4709
Seed 17 | Episode 86 | Reward -300.00 | Epsilon 0.4666
Seed 17 | Episode 87 | Reward -300.00 | Epsilon 0.4625
Seed 17 | Episode 88 | Reward -300.00 | Epsilon 0.4583
Seed 17 | Episode 89 | Reward -300.00 | Epsilon 0.4542
Seed 17 | Episode 90 | Reward -300.00 | Epsilon 0.4501
Seed 17 | Episode 91 | Reward -300.00 | Epsilon 0.4461
Seed 17 | Episode 92 | Reward 49.00 | Epsilon 0.4454
Seed 17 | Episode 93 | Reward -300.00 | Epsilon 0.4414
Seed 17 | Episode 94 | Reward -300.00 | Epsilon 0.4375
Seed 17 | Episode 95 | Reward -300.00 | Epsilon 0.4335
Seed 17 | Episode 96 | Reward -300.00 | Epsilon 0.4297
Seed 17 | Episode 97 | Reward -300.00 | Epsilon 0.4258
Seed 17 | Episode 98 | Reward -123.00 | Epsilon 0.4230
Seed 17 | Episode 99 | Reward -300.00 | Epsilon 0.4192
Seed 17 | Episode 100 | Reward -300.00 | Epsilon 0.4154
Seed 17 | Episode 101 | Reward -300.00 | Epsilon 0.4117
Seed 17 | Episode 102 | Reward -124.00 | Epsilon 0.4089
Seed 17 | Episode 103 | Reward -300.00 | Epsilon 0.4053
Seed 17 | Episode 104 | Reward -300.00 | Epsilon 0.4016
Seed 17 | Episode 105 | Reward -300.00 | Epsilon 0.3980
Seed 17 | Episode 106 | Reward -300.00 | Epsilon 0.3945
Seed 17 | Episode 107 | Reward -300.00 | Epsilon 0.3909
Seed 17 | Episode 108 | Reward -300.00 | Epsilon 0.3874
Seed 17 | Episode 109 | Reward -300.00 | Epsilon 0.3840
Seed 17 | Episode 110 | Reward 50.00 | Epsilon 0.3834
Seed 17 | Episode 111 | Reward -300.00 | Epsilon 0.3799
Seed 17 | Episode 112 | Reward 49.00 | Epsilon 0.3793
Seed 17 | Episode 113 | Reward -300.00 | Epsilon 0.3759
Seed 17 | Episode 114 | Reward -300.00 | Epsilon 0.3726
Seed 17 | Episode 115 | Reward -11.00 | Epsilon 0.3713
Seed 17 | Episode 116 | Reward -300.00 | Epsilon 0.3680
Seed 17 | Episode 117 | Reward -300.00 | Epsilon 0.3647
Seed 17 | Episode 118 | Reward -300.00 | Epsilon 0.3614
Seed 17 | Episode 119 | Reward -126.00 | Epsilon 0.3590
Seed 17 | Episode 120 | Reward -300.00 | Epsilon 0.3558
Seed 17 | Episode 121 | Reward -300.00 | Epsilon 0.3526
Seed 17 | Episode 122 | Reward -300.00 | Epsilon 0.3494
Seed 17 | Episode 123 | Reward -30.00 | Epsilon 0.3480
Seed 17 | Episode 124 | Reward -300.00 | Epsilon 0.3449
Seed 17 | Episode 125 | Reward -300.00 | Epsilon 0.3418
Seed 17 | Episode 126 | Reward 55.00 | Epsilon 0.3414
Seed 17 | Episode 127 | Reward 60.00 | Epsilon 0.3409
Seed 17 | Episode 128 | Reward -300.00 | Epsilon 0.3379
Seed 17 | Episode 129 | Reward -300.00 | Epsilon 0.3349
Seed 17 | Episode 130 | Reward -29.00 | Epsilon 0.3336
Seed 17 | Episode 131 | Reward -40.00 | Epsilon 0.3322
Seed 17 | Episode 132 | Reward -300.00 | Epsilon 0.3292
Seed 17 | Episode 133 | Reward -300.00 | Epsilon 0.3262
Seed 17 | Episode 134 | Reward -300.00 | Epsilon 0.3233
Seed 17 | Episode 135 | Reward 20.00 | Epsilon 0.3225
Seed 17 | Episode 136 | Reward -300.00 | Epsilon 0.3196
Seed 17 | Episode 137 | Reward 37.00 | Epsilon 0.3190
Seed 17 | Episode 138 | Reward -300.00 | Epsilon 0.3162
Seed 17 | Episode 139 | Reward -300.00 | Epsilon 0.3133
Seed 17 | Episode 140 | Reward -73.00 | Epsilon 0.3117
Seed 17 | Episode 141 | Reward -300.00 | Epsilon 0.3089
Seed 17 | Episode 142 | Reward -104.00 | Epsilon 0.3070
Seed 17 | Episode 143 | Reward 29.00 | Epsilon 0.3063
Seed 17 | Episode 144 | Reward -300.00 | Epsilon 0.3036
Seed 17 | Episode 145 | Reward -300.00 | Epsilon 0.3009
Seed 17 | Episode 146 | Reward -125.00 | Epsilon 0.2988
Seed 17 | Episode 147 | Reward -300.00 | Epsilon 0.2962
Seed 17 | Episode 148 | Reward -300.00 | Epsilon 0.2935
Seed 17 | Episode 149 | Reward -300.00 | Epsilon 0.2909
Seed 17 | Episode 150 | Reward -300.00 | Epsilon 0.2883
Seed 17 | Episode 151 | Reward -300.00 | Epsilon 0.2857
Seed 17 | Episode 152 | Reward -300.00 | Epsilon 0.2831
Seed 17 | Episode 153 | Reward -110.00 | Epsilon 0.2814
Seed 17 | Episode 154 | Reward -135.00 | Epsilon 0.2794
Seed 17 | Episode 155 | Reward -48.00 | Epsilon 0.2781
Seed 17 | Episode 156 | Reward -300.00 | Epsilon 0.2756
Seed 17 | Episode 157 | Reward -68.00 | Epsilon 0.2742
Seed 17 | Episode 158 | Reward 15.00 | Epsilon 0.2735
Seed 17 | Episode 159 | Reward -300.00 | Epsilon 0.2711
Seed 17 | Episode 160 | Reward -300.00 | Epsilon 0.2686
Seed 17 | Episode 161 | Reward -300.00 | Epsilon 0.2662
Seed 17 | Episode 162 | Reward 2.00 | Epsilon 0.2655
Seed 17 | Episode 163 | Reward -300.00 | Epsilon 0.2631
Seed 17 | Episode 164 | Reward -131.00 | Epsilon 0.2612
Seed 17 | Episode 165 | Reward -300.00 | Epsilon 0.2589
Seed 17 | Episode 166 | Reward 57.00 | Epsilon 0.2586
Seed 17 | Episode 167 | Reward 45.00 | Epsilon 0.2581
Seed 17 | Episode 168 | Reward -300.00 | Epsilon 0.2558
Seed 17 | Episode 169 | Reward -140.00 | Epsilon 0.2540
Seed 17 | Episode 170 | Reward -300.00 | Epsilon 0.2517
Seed 17 | Episode 171 | Reward -300.00 | Epsilon 0.2494
Seed 17 | Episode 172 | Reward -300.00 | Epsilon 0.2472
Seed 17 | Episode 173 | Reward -72.00 | Epsilon 0.2459
Seed 17 | Episode 174 | Reward -300.00 | Epsilon 0.2437
Seed 17 | Episode 175 | Reward 60.00 | Epsilon 0.2434
Seed 17 | Episode 176 | Reward -300.00 | Epsilon 0.2412
Seed 17 | Episode 177 | Reward 52.00 | Epsilon 0.2409
Seed 17 | Episode 178 | Reward -197.00 | Epsilon 0.2387
Seed 17 | Episode 179 | Reward -300.00 | Epsilon 0.2366
Seed 17 | Episode 180 | Reward -300.00 | Epsilon 0.2345
Seed 17 | Episode 181 | Reward 55.00 | Epsilon 0.2342
Seed 17 | Episode 182 | Reward -2.00 | Epsilon 0.2334
Seed 17 | Episode 183 | Reward 43.00 | Epsilon 0.2330
Seed 17 | Episode 184 | Reward -300.00 | Epsilon 0.2310
Seed 17 | Episode 185 | Reward 57.00 | Epsilon 0.2306
Seed 17 | Episode 186 | Reward -6.00 | Epsilon 0.2299
Seed 17 | Episode 187 | Reward -8.00 | Epsilon 0.2292
Seed 17 | Episode 188 | Reward -300.00 | Epsilon 0.2271
Seed 17 | Episode 189 | Reward -68.00 | Epsilon 0.2260
Seed 17 | Episode 190 | Reward 41.00 | Epsilon 0.2255
Seed 17 | Episode 191 | Reward 56.00 | Epsilon 0.2252
Seed 17 | Episode 192 | Reward -4.00 | Epsilon 0.2245
Seed 17 | Episode 193 | Reward 36.00 | Epsilon 0.2241
Seed 17 | Episode 194 | Reward -300.00 | Epsilon 0.2221
Seed 17 | Episode 195 | Reward 52.00 | Epsilon 0.2218
Seed 17 | Episode 196 | Reward -300.00 | Epsilon 0.2198
Seed 17 | Episode 197 | Reward -146.00 | Epsilon 0.2182
Seed 17 | Episode 198 | Reward -300.00 | Epsilon 0.2162
Seed 17 | Episode 199 | Reward -92.00 | Epsilon 0.2150
Seed 17 | Episode 200 | Reward -138.00 | Epsilon 0.2134
Seed 17 | Episode 201 | Reward -300.00 | Epsilon 0.2115
Seed 17 | Episode 202 | Reward -15.00 | Epsilon 0.2108
Seed 17 | Episode 203 | Reward 42.00 | Epsilon 0.2104
Seed 17 | Episode 204 | Reward -15.00 | Epsilon 0.2097
Seed 17 | Episode 205 | Reward 59.00 | Epsilon 0.2094
Seed 17 | Episode 206 | Reward -173.00 | Epsilon 0.2077
Seed 17 | Episode 207 | Reward -114.00 | Epsilon 0.2064
Seed 17 | Episode 208 | Reward 37.00 | Epsilon 0.2060
Seed 17 | Episode 209 | Reward 52.00 | Epsilon 0.2057
Seed 17 | Episode 210 | Reward 57.00 | Epsilon 0.2054
Seed 17 | Episode 211 | Reward 52.00 | Epsilon 0.2051
Seed 17 | Episode 212 | Reward 53.00 | Epsilon 0.2048
Seed 17 | Episode 213 | Reward -136.00 | Epsilon 0.2033
Seed 17 | Episode 214 | Reward -300.00 | Epsilon 0.2015
Seed 17 | Episode 215 | Reward 43.00 | Epsilon 0.2012
Seed 17 | Episode 216 | Reward 55.00 | Epsilon 0.2009
Seed 17 | Episode 217 | Reward -37.00 | Epsilon 0.2001
Seed 17 | Episode 218 | Reward -16.00 | Epsilon 0.1994
Seed 17 | Episode 219 | Reward 42.00 | Epsilon 0.1990
Seed 17 | Episode 220 | Reward 41.00 | Epsilon 0.1986
Seed 17 | Episode 221 | Reward 51.00 | Epsilon 0.1983
Seed 17 | Episode 222 | Reward 32.00 | Epsilon 0.1979
Seed 17 | Episode 223 | Reward 37.00 | Epsilon 0.1976
Seed 17 | Episode 224 | Reward -300.00 | Epsilon 0.1958
Seed 17 | Episode 225 | Reward 36.00 | Epsilon 0.1954
Seed 17 | Episode 226 | Reward 38.00 | Epsilon 0.1950
Seed 17 | Episode 227 | Reward -1.00 | Epsilon 0.1944
Seed 17 | Episode 228 | Reward 59.00 | Epsilon 0.1942
Seed 17 | Episode 229 | Reward -43.00 | Epsilon 0.1934
Seed 17 | Episode 230 | Reward -300.00 | Epsilon 0.1916
Seed 17 | Episode 231 | Reward -3.00 | Epsilon 0.1910
Seed 17 | Episode 232 | Reward 39.00 | Epsilon 0.1907
Seed 17 | Episode 233 | Reward 56.00 | Epsilon 0.1904
Seed 17 | Episode 234 | Reward 56.00 | Epsilon 0.1902
Seed 17 | Episode 235 | Reward 45.00 | Epsilon 0.1898
Seed 17 | Episode 236 | Reward -7.00 | Epsilon 0.1892
Seed 17 | Episode 237 | Reward 59.00 | Epsilon 0.1890
Seed 17 | Episode 238 | Reward 25.00 | Epsilon 0.1886
Seed 17 | Episode 239 | Reward 41.00 | Epsilon 0.1882
Seed 17 | Episode 240 | Reward -8.00 | Epsilon 0.1876
Seed 17 | Episode 241 | Reward 59.00 | Epsilon 0.1874
Seed 17 | Episode 242 | Reward 32.00 | Epsilon 0.1870
Seed 17 | Episode 243 | Reward -300.00 | Epsilon 0.1853
Seed 17 | Episode 244 | Reward -49.00 | Epsilon 0.1845
Seed 17 | Episode 245 | Reward 44.00 | Epsilon 0.1842
Seed 17 | Episode 246 | Reward 53.00 | Epsilon 0.1839
Seed 17 | Episode 247 | Reward 4.00 | Epsilon 0.1834
Seed 17 | Episode 248 | Reward 58.00 | Epsilon 0.1831
Seed 17 | Episode 249 | Reward 60.00 | Epsilon 0.1829
Seed 17 | Episode 250 | Reward 51.00 | Epsilon 0.1826
Seed 17 | Episode 251 | Reward 57.00 | Epsilon 0.1824
Seed 17 | Episode 252 | Reward 58.00 | Epsilon 0.1821
Seed 17 | Episode 253 | Reward 57.00 | Epsilon 0.1819
Seed 17 | Episode 254 | Reward 44.00 | Epsilon 0.1816
Seed 17 | Episode 255 | Reward 15.00 | Epsilon 0.1811
Seed 17 | Episode 256 | Reward 40.00 | Epsilon 0.1808
Seed 17 | Episode 257 | Reward 56.00 | Epsilon 0.1806
Seed 17 | Episode 258 | Reward 46.00 | Epsilon 0.1803
Seed 17 | Episode 259 | Reward -69.00 | Epsilon 0.1793
Seed 17 | Episode 260 | Reward 38.00 | Epsilon 0.1790
Seed 17 | Episode 261 | Reward 40.00 | Epsilon 0.1787
Seed 17 | Episode 262 | Reward -23.00 | Epsilon 0.1780
Seed 17 | Episode 263 | Reward 20.00 | Epsilon 0.1776
Seed 17 | Episode 264 | Reward 35.00 | Epsilon 0.1772
Seed 17 | Episode 265 | Reward 56.00 | Epsilon 0.1770
Seed 17 | Episode 266 | Reward 36.00 | Epsilon 0.1766
Seed 17 | Episode 267 | Reward 30.00 | Epsilon 0.1763
Seed 17 | Episode 268 | Reward 58.00 | Epsilon 0.1760
Seed 17 | Episode 269 | Reward 18.00 | Epsilon 0.1756
Seed 17 | Episode 270 | Reward -300.00 | Epsilon 0.1740
Seed 17 | Episode 271 | Reward 58.00 | Epsilon 0.1738
Seed 17 | Episode 272 | Reward 57.00 | Epsilon 0.1736
Seed 17 | Episode 273 | Reward 46.00 | Epsilon 0.1733
Seed 17 | Episode 274 | Reward 56.00 | Epsilon 0.1731
Seed 17 | Episode 275 | Reward -300.00 | Epsilon 0.1715
Seed 17 | Episode 276 | Reward 59.00 | Epsilon 0.1713
Seed 17 | Episode 277 | Reward 24.00 | Epsilon 0.1709
Seed 17 | Episode 278 | Reward 53.00 | Epsilon 0.1706
Seed 17 | Episode 279 | Reward -10.00 | Epsilon 0.1701
Seed 17 | Episode 280 | Reward 13.00 | Epsilon 0.1696
Seed 17 | Episode 281 | Reward 47.00 | Epsilon 0.1694
Seed 17 | Episode 282 | Reward 51.00 | Epsilon 0.1691
Seed 17 | Episode 283 | Reward 59.00 | Epsilon 0.1689
Seed 17 | Episode 284 | Reward 27.00 | Epsilon 0.1685
Seed 17 | Episode 285 | Reward 57.00 | Epsilon 0.1683
Seed 17 | Episode 286 | Reward 53.00 | Epsilon 0.1680
Seed 17 | Episode 287 | Reward -30.00 | Epsilon 0.1674
Seed 17 | Episode 288 | Reward 56.00 | Epsilon 0.1672
Seed 17 | Episode 289 | Reward 53.00 | Epsilon 0.1669
Seed 17 | Episode 290 | Reward 36.00 | Epsilon 0.1666
Seed 17 | Episode 291 | Reward 37.00 | Epsilon 0.1663
Seed 17 | Episode 292 | Reward 47.00 | Epsilon 0.1660
Seed 17 | Episode 293 | Reward 45.00 | Epsilon 0.1657
Seed 17 | Episode 294 | Reward 32.00 | Epsilon 0.1654
Seed 17 | Episode 295 | Reward 43.00 | Epsilon 0.1651
Seed 17 | Episode 296 | Reward 44.00 | Epsilon 0.1648
Seed 17 | Episode 297 | Reward 54.00 | Epsilon 0.1646
Seed 17 | Episode 298 | Reward 40.00 | Epsilon 0.1643
Seed 17 | Episode 299 | Reward 60.00 | Epsilon 0.1641
Seed 17 | Episode 300 | Reward 37.00 | Epsilon 0.1638
Seed 17 | Episode 301 | Reward 53.00 | Epsilon 0.1635
Seed 17 | Episode 302 | Reward 60.00 | Epsilon 0.1633
Seed 17 | Episode 303 | Reward 53.00 | Epsilon 0.1631
Seed 17 | Episode 304 | Reward -300.00 | Epsilon 0.1616
Seed 17 | Episode 305 | Reward 52.00 | Epsilon 0.1614
Seed 17 | Episode 306 | Reward -97.00 | Epsilon 0.1604
Seed 17 | Episode 307 | Reward 56.00 | Epsilon 0.1602
Seed 17 | Episode 308 | Reward 54.00 | Epsilon 0.1600
Seed 17 | Episode 309 | Reward 51.00 | Epsilon 0.1598
Seed 17 | Episode 310 | Reward 5.00 | Epsilon 0.1593
Seed 17 | Episode 311 | Reward 41.00 | Epsilon 0.1590
Seed 17 | Episode 312 | Reward 57.00 | Epsilon 0.1588
Seed 17 | Episode 313 | Reward 57.00 | Epsilon 0.1586
Seed 17 | Episode 314 | Reward 41.00 | Epsilon 0.1583
Seed 17 | Episode 315 | Reward 49.00 | Epsilon 0.1581
Seed 17 | Episode 316 | Reward 56.00 | Epsilon 0.1579
Seed 17 | Episode 317 | Reward 32.00 | Epsilon 0.1575
Seed 17 | Episode 318 | Reward 61.00 | Epsilon 0.1573
Seed 17 | Episode 319 | Reward 61.00 | Epsilon 0.1571
Seed 17 | Episode 320 | Reward 57.00 | Epsilon 0.1569
Seed 17 | Episode 321 | Reward 30.00 | Epsilon 0.1566
Seed 17 | Episode 322 | Reward -10.00 | Epsilon 0.1561
Seed 17 | Episode 323 | Reward 54.00 | Epsilon 0.1559
Seed 17 | Episode 324 | Reward 59.00 | Epsilon 0.1557
Seed 17 | Episode 325 | Reward 12.00 | Epsilon 0.1553
Seed 17 | Episode 326 | Reward -178.00 | Epsilon 0.1540
Seed 17 | Episode 327 | Reward 62.00 | Epsilon 0.1538
Seed 17 | Episode 328 | Reward -15.00 | Epsilon 0.1532
Seed 17 | Episode 329 | Reward 56.00 | Epsilon 0.1530
Seed 17 | Episode 330 | Reward 46.00 | Epsilon 0.1528
Seed 17 | Episode 331 | Reward 52.00 | Epsilon 0.1526
Seed 17 | Episode 332 | Reward 12.00 | Epsilon 0.1522
Seed 17 | Episode 333 | Reward 55.00 | Epsilon 0.1519
Seed 17 | Episode 334 | Reward 59.00 | Epsilon 0.1518
Seed 17 | Episode 335 | Reward 43.00 | Epsilon 0.1515
Seed 17 | Episode 336 | Reward 52.00 | Epsilon 0.1513
Seed 17 | Episode 337 | Reward 51.00 | Epsilon 0.1510
Seed 17 | Episode 338 | Reward 47.00 | Epsilon 0.1508
Seed 17 | Episode 339 | Reward 60.00 | Epsilon 0.1506
Seed 17 | Episode 340 | Reward -51.00 | Epsilon 0.1499
Seed 17 | Episode 341 | Reward 40.00 | Epsilon 0.1497
Seed 17 | Episode 342 | Reward 56.00 | Epsilon 0.1494
Seed 17 | Episode 343 | Reward 58.00 | Epsilon 0.1493
Seed 17 | Episode 344 | Reward 43.00 | Epsilon 0.1490
Seed 17 | Episode 345 | Reward 42.00 | Epsilon 0.1487
Seed 17 | Episode 346 | Reward 44.00 | Epsilon 0.1485
Seed 17 | Episode 347 | Reward 51.00 | Epsilon 0.1483
Seed 17 | Episode 348 | Reward 52.00 | Epsilon 0.1480
Seed 17 | Episode 349 | Reward 43.00 | Epsilon 0.1478
Seed 17 | Episode 350 | Reward 33.00 | Epsilon 0.1475
Seed 17 | Episode 351 | Reward 45.00 | Epsilon 0.1472
Seed 17 | Episode 352 | Reward 54.00 | Epsilon 0.1470
Seed 17 | Episode 353 | Reward 36.00 | Epsilon 0.1467
Seed 17 | Episode 354 | Reward 26.00 | Epsilon 0.1464
Seed 17 | Episode 355 | Reward 42.00 | Epsilon 0.1462
Seed 17 | Episode 356 | Reward 53.00 | Epsilon 0.1459
Seed 17 | Episode 357 | Reward -93.00 | Epsilon 0.1451
Seed 17 | Episode 358 | Reward 49.00 | Epsilon 0.1449
Seed 17 | Episode 359 | Reward 44.00 | Epsilon 0.1446
Seed 17 | Episode 360 | Reward 47.00 | Epsilon 0.1444
Seed 17 | Episode 361 | Reward 54.00 | Epsilon 0.1442
Seed 17 | Episode 362 | Reward 9.00 | Epsilon 0.1438
Seed 17 | Episode 363 | Reward 63.00 | Epsilon 0.1436
Seed 17 | Episode 364 | Reward 44.00 | Epsilon 0.1434
Seed 17 | Episode 365 | Reward 52.00 | Epsilon 0.1432
Seed 17 | Episode 366 | Reward 46.00 | Epsilon 0.1429
Seed 17 | Episode 367 | Reward 56.00 | Epsilon 0.1427
Seed 17 | Episode 368 | Reward 40.00 | Epsilon 0.1425
Seed 17 | Episode 369 | Reward 53.00 | Epsilon 0.1423
Seed 17 | Episode 370 | Reward 59.00 | Epsilon 0.1421
Seed 17 | Episode 371 | Reward 55.00 | Epsilon 0.1419
Seed 17 | Episode 372 | Reward 42.00 | Epsilon 0.1416
Seed 17 | Episode 373 | Reward -24.00 | Epsilon 0.1411
Seed 17 | Episode 374 | Reward 36.00 | Epsilon 0.1408
Seed 17 | Episode 375 | Reward 47.00 | Epsilon 0.1406
Seed 17 | Episode 376 | Reward 56.00 | Epsilon 0.1404
Seed 17 | Episode 377 | Reward 62.00 | Epsilon 0.1403
Seed 17 | Episode 378 | Reward 57.00 | Epsilon 0.1401
Seed 17 | Episode 379 | Reward 61.00 | Epsilon 0.1399
Seed 17 | Episode 380 | Reward 47.00 | Epsilon 0.1397
Seed 17 | Episode 381 | Reward 35.00 | Epsilon 0.1394
Seed 17 | Episode 382 | Reward 20.00 | Epsilon 0.1391
Seed 17 | Episode 383 | Reward 43.00 | Epsilon 0.1388
Seed 17 | Episode 384 | Reward 56.00 | Epsilon 0.1386
Seed 17 | Episode 385 | Reward 61.00 | Epsilon 0.1385
Seed 17 | Episode 386 | Reward 41.00 | Epsilon 0.1382
Seed 17 | Episode 387 | Reward -18.00 | Epsilon 0.1377
Seed 17 | Episode 388 | Reward 59.00 | Epsilon 0.1376
Seed 17 | Episode 389 | Reward 56.00 | Epsilon 0.1374
Seed 17 | Episode 390 | Reward 54.00 | Epsilon 0.1372
Seed 17 | Episode 391 | Reward 46.00 | Epsilon 0.1369
Seed 17 | Episode 392 | Reward 58.00 | Epsilon 0.1368
Seed 17 | Episode 393 | Reward 43.00 | Epsilon 0.1365
Seed 17 | Episode 394 | Reward 41.00 | Epsilon 0.1363
Seed 17 | Episode 395 | Reward 59.00 | Epsilon 0.1361
Seed 17 | Episode 396 | Reward 57.00 | Epsilon 0.1359
Seed 17 | Episode 397 | Reward -66.00 | Epsilon 0.1353
Seed 17 | Episode 398 | Reward 62.00 | Epsilon 0.1351
Seed 17 | Episode 399 | Reward 56.00 | Epsilon 0.1349
Seed 17 | Episode 400 | Reward 46.00 | Epsilon 0.1347
Seed 17 | Episode 401 | Reward 57.00 | Epsilon 0.1345
Seed 17 | Episode 402 | Reward 52.00 | Epsilon 0.1343
Seed 17 | Episode 403 | Reward 50.00 | Epsilon 0.1341
Seed 17 | Episode 404 | Reward 48.00 | Epsilon 0.1339
Seed 17 | Episode 405 | Reward 54.00 | Epsilon 0.1337
Seed 17 | Episode 406 | Reward 13.00 | Epsilon 0.1334
Seed 17 | Episode 407 | Reward 38.00 | Epsilon 0.1331
Seed 17 | Episode 408 | Reward 59.00 | Epsilon 0.1329
Seed 17 | Episode 409 | Reward 36.00 | Epsilon 0.1327
Seed 17 | Episode 410 | Reward 49.00 | Epsilon 0.1325
Seed 17 | Episode 411 | Reward 51.00 | Epsilon 0.1323
Seed 17 | Episode 412 | Reward 47.00 | Epsilon 0.1321
Seed 17 | Episode 413 | Reward 51.00 | Epsilon 0.1319
Seed 17 | Episode 414 | Reward 60.00 | Epsilon 0.1317
Seed 17 | Episode 415 | Reward 54.00 | Epsilon 0.1315
Seed 17 | Episode 416 | Reward 61.00 | Epsilon 0.1314
Seed 17 | Episode 417 | Reward 45.00 | Epsilon 0.1311
Seed 17 | Episode 418 | Reward 42.00 | Epsilon 0.1309
Seed 17 | Episode 419 | Reward 40.00 | Epsilon 0.1307
Seed 17 | Episode 420 | Reward 51.00 | Epsilon 0.1305
Seed 17 | Episode 421 | Reward 42.00 | Epsilon 0.1302
Seed 17 | Episode 422 | Reward 41.00 | Epsilon 0.1300
Seed 17 | Episode 423 | Reward 49.00 | Epsilon 0.1298
Seed 17 | Episode 424 | Reward 59.00 | Epsilon 0.1296
Seed 17 | Episode 425 | Reward 47.00 | Epsilon 0.1294
Seed 17 | Episode 426 | Reward 62.00 | Epsilon 0.1293
Seed 17 | Episode 427 | Reward 57.00 | Epsilon 0.1291
Seed 17 | Episode 428 | Reward 45.00 | Epsilon 0.1289
Seed 17 | Episode 429 | Reward 55.00 | Epsilon 0.1287
Seed 17 | Episode 430 | Reward 50.00 | Epsilon 0.1285
Seed 17 | Episode 431 | Reward 51.00 | Epsilon 0.1283
Seed 17 | Episode 432 | Reward 47.00 | Epsilon 0.1281
Seed 17 | Episode 433 | Reward 51.00 | Epsilon 0.1279
Seed 17 | Episode 434 | Reward 52.00 | Epsilon 0.1277
Seed 17 | Episode 435 | Reward 54.00 | Epsilon 0.1276
Seed 17 | Episode 436 | Reward 49.00 | Epsilon 0.1274
Seed 17 | Episode 437 | Reward 52.00 | Epsilon 0.1272
Seed 17 | Episode 438 | Reward 46.00 | Epsilon 0.1270
Seed 17 | Episode 439 | Reward 61.00 | Epsilon 0.1268
Seed 17 | Episode 440 | Reward 24.00 | Epsilon 0.1265
Seed 17 | Episode 441 | Reward 60.00 | Epsilon 0.1264
Seed 17 | Episode 442 | Reward 56.00 | Epsilon 0.1262
Seed 17 | Episode 443 | Reward 54.00 | Epsilon 0.1260
Seed 17 | Episode 444 | Reward 63.00 | Epsilon 0.1259
Seed 17 | Episode 445 | Reward 57.00 | Epsilon 0.1257
Seed 17 | Episode 446 | Reward 56.00 | Epsilon 0.1255
Seed 17 | Episode 447 | Reward 35.00 | Epsilon 0.1253
Seed 17 | Episode 448 | Reward 56.00 | Epsilon 0.1251
Seed 17 | Episode 449 | Reward 45.00 | Epsilon 0.1249
Seed 17 | Episode 450 | Reward 42.00 | Epsilon 0.1247
Seed 17 | Episode 451 | Reward 37.00 | Epsilon 0.1244
Seed 17 | Episode 452 | Reward 59.00 | Epsilon 0.1243
Seed 17 | Episode 453 | Reward 58.00 | Epsilon 0.1241
Seed 17 | Episode 454 | Reward 46.00 | Epsilon 0.1239
Seed 17 | Episode 455 | Reward 53.00 | Epsilon 0.1237
Seed 17 | Episode 456 | Reward 41.00 | Epsilon 0.1235
Seed 17 | Episode 457 | Reward 12.00 | Epsilon 0.1232
Seed 17 | Episode 458 | Reward 44.00 | Epsilon 0.1230
Seed 17 | Episode 459 | Reward 58.00 | Epsilon 0.1228
Seed 17 | Episode 460 | Reward 51.00 | Epsilon 0.1226
Seed 17 | Episode 461 | Reward 34.00 | Epsilon 0.1224
Seed 17 | Episode 462 | Reward 55.00 | Epsilon 0.1222
Seed 17 | Episode 463 | Reward 56.00 | Epsilon 0.1221
Seed 17 | Episode 464 | Reward 49.00 | Epsilon 0.1219
Seed 17 | Episode 465 | Reward 38.00 | Epsilon 0.1216
Seed 17 | Episode 466 | Reward 51.00 | Epsilon 0.1215
Seed 17 | Episode 467 | Reward 40.00 | Epsilon 0.1212
Seed 17 | Episode 468 | Reward 52.00 | Epsilon 0.1211
Seed 17 | Episode 469 | Reward 62.00 | Epsilon 0.1209
Seed 17 | Episode 470 | Reward 47.00 | Epsilon 0.1207
Seed 17 | Episode 471 | Reward 54.00 | Epsilon 0.1205
Seed 17 | Episode 472 | Reward 62.00 | Epsilon 0.1204
Seed 17 | Episode 473 | Reward 40.00 | Epsilon 0.1202
Seed 17 | Episode 474 | Reward 53.00 | Epsilon 0.1200
Seed 17 | Episode 475 | Reward 50.00 | Epsilon 0.1198
Seed 17 | Episode 476 | Reward 49.00 | Epsilon 0.1196
Seed 17 | Episode 477 | Reward 50.00 | Epsilon 0.1195
Seed 17 | Episode 478 | Reward 45.00 | Epsilon 0.1193
Seed 17 | Episode 479 | Reward 46.00 | Epsilon 0.1191
Seed 17 | Episode 480 | Reward 38.00 | Epsilon 0.1188
Seed 17 | Episode 481 | Reward 53.00 | Epsilon 0.1187
Seed 17 | Episode 482 | Reward 61.00 | Epsilon 0.1185
Seed 17 | Episode 483 | Reward 40.00 | Epsilon 0.1183
Seed 17 | Episode 484 | Reward 46.00 | Epsilon 0.1181
Seed 17 | Episode 485 | Reward 47.00 | Epsilon 0.1179
Seed 17 | Episode 486 | Reward 55.00 | Epsilon 0.1178
Seed 17 | Episode 487 | Reward 57.00 | Epsilon 0.1176
Seed 17 | Episode 488 | Reward 44.00 | Epsilon 0.1174
Seed 17 | Episode 489 | Reward 27.00 | Epsilon 0.1171
Seed 17 | Episode 490 | Reward 53.00 | Epsilon 0.1170
Seed 17 | Episode 491 | Reward 53.00 | Epsilon 0.1168
Seed 17 | Episode 492 | Reward 56.00 | Epsilon 0.1167
Seed 17 | Episode 493 | Reward 55.00 | Epsilon 0.1165
Seed 17 | Episode 494 | Reward 47.00 | Epsilon 0.1163
Seed 17 | Episode 495 | Reward 40.00 | Epsilon 0.1161
Seed 17 | Episode 496 | Reward 52.00 | Epsilon 0.1159
Seed 17 | Episode 497 | Reward 44.00 | Epsilon 0.1157
Seed 17 | Episode 498 | Reward 52.00 | Epsilon 0.1155
Seed 17 | Episode 499 | Reward 46.00 | Epsilon 0.1154
Seed 17 | Episode 500 | Reward 49.00 | Epsilon 0.1152
Seed 17 | Episode 501 | Reward 51.00 | Epsilon 0.1150
Seed 17 | Episode 502 | Reward 54.00 | Epsilon 0.1148
Seed 17 | Episode 503 | Reward 44.00 | Epsilon 0.1146
Seed 17 | Episode 504 | Reward 63.00 | Epsilon 0.1145
Seed 17 | Episode 505 | Reward 51.00 | Epsilon 0.1143
Seed 17 | Episode 506 | Reward 54.00 | Epsilon 0.1142
Seed 17 | Episode 507 | Reward 53.00 | Epsilon 0.1140
Seed 17 | Episode 508 | Reward 57.00 | Epsilon 0.1139
Seed 17 | Episode 509 | Reward 51.00 | Epsilon 0.1137
Seed 17 | Episode 510 | Reward 53.00 | Epsilon 0.1135
Seed 17 | Episode 511 | Reward 56.00 | Epsilon 0.1134
Seed 17 | Episode 512 | Reward 55.00 | Epsilon 0.1132
Seed 17 | Episode 513 | Reward 46.00 | Epsilon 0.1130
Seed 17 | Episode 514 | Reward 51.00 | Epsilon 0.1129
Seed 17 | Episode 515 | Reward 46.00 | Epsilon 0.1127
Seed 17 | Episode 516 | Reward 51.00 | Epsilon 0.1125
Seed 17 | Episode 517 | Reward 51.00 | Epsilon 0.1123
Seed 17 | Episode 518 | Reward 46.00 | Epsilon 0.1122
Seed 17 | Episode 519 | Reward 41.00 | Epsilon 0.1120
Seed 17 | Episode 520 | Reward 60.00 | Epsilon 0.1118
Seed 17 | Episode 521 | Reward 45.00 | Epsilon 0.1116
Seed 17 | Episode 522 | Reward 50.00 | Epsilon 0.1115
Seed 17 | Episode 523 | Reward 61.00 | Epsilon 0.1113
Seed 17 | Episode 524 | Reward 57.00 | Epsilon 0.1112
Seed 17 | Episode 525 | Reward 50.00 | Epsilon 0.1110
Seed 17 | Episode 526 | Reward 61.00 | Epsilon 0.1109
Seed 17 | Episode 527 | Reward 45.00 | Epsilon 0.1107
Seed 17 | Episode 528 | Reward 49.00 | Epsilon 0.1105
Seed 17 | Episode 529 | Reward 51.00 | Epsilon 0.1104
Seed 17 | Episode 530 | Reward 59.00 | Epsilon 0.1102
Seed 17 | Episode 531 | Reward 32.00 | Epsilon 0.1100
Seed 17 | Episode 532 | Reward 13.00 | Epsilon 0.1097
Seed 17 | Episode 533 | Reward 60.00 | Epsilon 0.1096
Seed 17 | Episode 534 | Reward 54.00 | Epsilon 0.1094
Seed 17 | Episode 535 | Reward 51.00 | Epsilon 0.1092
Seed 17 | Episode 536 | Reward 61.00 | Epsilon 0.1091
Seed 17 | Episode 537 | Reward 59.00 | Epsilon 0.1090
Seed 17 | Episode 538 | Reward 28.00 | Epsilon 0.1087
Seed 17 | Episode 539 | Reward 57.00 | Epsilon 0.1086
Seed 17 | Episode 540 | Reward 59.00 | Epsilon 0.1085
Seed 17 | Episode 541 | Reward 55.00 | Epsilon 0.1083
Seed 17 | Episode 542 | Reward 47.00 | Epsilon 0.1081
Seed 17 | Episode 543 | Reward 51.00 | Epsilon 0.1080
Seed 17 | Episode 544 | Reward 56.00 | Epsilon 0.1078
Seed 17 | Episode 545 | Reward 51.00 | Epsilon 0.1077
Seed 17 | Episode 546 | Reward 51.00 | Epsilon 0.1075
Seed 17 | Episode 547 | Reward 33.00 | Epsilon 0.1073
Seed 17 | Episode 548 | Reward 35.00 | Epsilon 0.1071
Seed 17 | Episode 549 | Reward 59.00 | Epsilon 0.1069
Seed 17 | Episode 550 | Reward 54.00 | Epsilon 0.1068
Seed 17 | Episode 551 | Reward 46.00 | Epsilon 0.1066
Seed 17 | Episode 552 | Reward 50.00 | Epsilon 0.1064
Seed 17 | Episode 553 | Reward -4.00 | Epsilon 0.1061
Seed 17 | Episode 554 | Reward 26.00 | Epsilon 0.1059
Seed 17 | Episode 555 | Reward 61.00 | Epsilon 0.1057
Seed 17 | Episode 556 | Reward 61.00 | Epsilon 0.1056
Seed 17 | Episode 557 | Reward 58.00 | Epsilon 0.1055
Seed 17 | Episode 558 | Reward 51.00 | Epsilon 0.1053
Seed 17 | Episode 559 | Reward 43.00 | Epsilon 0.1051
Seed 17 | Episode 560 | Reward 57.00 | Epsilon 0.1050
Seed 17 | Episode 561 | Reward 50.00 | Epsilon 0.1048
Seed 17 | Episode 562 | Reward 44.00 | Epsilon 0.1047
Seed 17 | Episode 563 | Reward 25.00 | Epsilon 0.1044
Seed 17 | Episode 564 | Reward 46.00 | Epsilon 0.1043
Seed 17 | Episode 565 | Reward 54.00 | Epsilon 0.1041
Seed 17 | Episode 566 | Reward 47.00 | Epsilon 0.1039
Seed 17 | Episode 567 | Reward 56.00 | Epsilon 0.1038
Seed 17 | Episode 568 | Reward 55.00 | Epsilon 0.1037
Seed 17 | Episode 569 | Reward 52.00 | Epsilon 0.1035
Seed 17 | Episode 570 | Reward 48.00 | Epsilon 0.1033
Seed 17 | Episode 571 | Reward 56.00 | Epsilon 0.1032
Seed 17 | Episode 572 | Reward 57.00 | Epsilon 0.1031
Seed 17 | Episode 573 | Reward 59.00 | Epsilon 0.1029
Seed 17 | Episode 574 | Reward 58.00 | Epsilon 0.1028
Seed 17 | Episode 575 | Reward 56.00 | Epsilon 0.1027
Seed 17 | Episode 576 | Reward 44.00 | Epsilon 0.1025
Seed 17 | Episode 577 | Reward 56.00 | Epsilon 0.1023
Seed 17 | Episode 578 | Reward 30.00 | Epsilon 0.1021
Seed 17 | Episode 579 | Reward 37.00 | Epsilon 0.1019
Seed 17 | Episode 580 | Reward 29.00 | Epsilon 0.1017
Seed 17 | Episode 581 | Reward 44.00 | Epsilon 0.1015
Seed 17 | Episode 582 | Reward 62.00 | Epsilon 0.1014
Seed 17 | Episode 583 | Reward -16.00 | Epsilon 0.1011
Seed 17 | Episode 584 | Reward 54.00 | Epsilon 0.1009
Seed 17 | Episode 585 | Reward 54.00 | Epsilon 0.1008
Seed 17 | Episode 586 | Reward -34.00 | Epsilon 0.1004
Seed 17 | Episode 587 | Reward -143.00 | Epsilon 0.0996
Seed 17 | Episode 588 | Reward 53.00 | Epsilon 0.0995
Seed 17 | Episode 589 | Reward 61.00 | Epsilon 0.0994
Seed 17 | Episode 590 | Reward 50.00 | Epsilon 0.0992
Seed 17 | Episode 591 | Reward 57.00 | Epsilon 0.0991
Seed 17 | Episode 592 | Reward 57.00 | Epsilon 0.0990
Seed 17 | Episode 593 | Reward 63.00 | Epsilon 0.0989
Seed 17 | Episode 594 | Reward 59.00 | Epsilon 0.0987
Seed 17 | Episode 595 | Reward 63.00 | Epsilon 0.0986
Seed 17 | Episode 596 | Reward 54.00 | Epsilon 0.0985
Seed 17 | Episode 597 | Reward 55.00 | Epsilon 0.0983
Seed 17 | Episode 598 | Reward 55.00 | Epsilon 0.0982
Seed 17 | Episode 599 | Reward 53.00 | Epsilon 0.0981
Seed 17 | Episode 600 | Reward 47.00 | Epsilon 0.0979
Seed 17 | Episode 601 | Reward 41.00 | Epsilon 0.0977
Seed 17 | Episode 602 | Reward 62.00 | Epsilon 0.0976
Seed 17 | Episode 603 | Reward 44.00 | Epsilon 0.0974
Seed 17 | Episode 604 | Reward 56.00 | Epsilon 0.0973
Seed 17 | Episode 605 | Reward 38.00 | Epsilon 0.0971
Seed 17 | Episode 606 | Reward 63.00 | Epsilon 0.0970
Seed 17 | Episode 607 | Reward 55.00 | Epsilon 0.0969
Seed 17 | Episode 608 | Reward 50.00 | Epsilon 0.0967
Seed 17 | Episode 609 | Reward -64.00 | Epsilon 0.0963
Seed 17 | Episode 610 | Reward 45.00 | Epsilon 0.0961
Seed 17 | Episode 611 | Reward 63.00 | Epsilon 0.0960
Seed 17 | Episode 612 | Reward 42.00 | Epsilon 0.0958
Seed 17 | Episode 613 | Reward 54.00 | Epsilon 0.0957
Seed 17 | Episode 614 | Reward 46.00 | Epsilon 0.0955
Seed 17 | Episode 615 | Reward 39.00 | Epsilon 0.0954
Seed 17 | Episode 616 | Reward 57.00 | Epsilon 0.0952
Seed 17 | Episode 617 | Reward 55.00 | Epsilon 0.0951
Seed 17 | Episode 618 | Reward 57.00 | Epsilon 0.0950
Seed 17 | Episode 619 | Reward 45.00 | Epsilon 0.0948
Seed 17 | Episode 620 | Reward 64.00 | Epsilon 0.0947
Seed 17 | Episode 621 | Reward -58.00 | Epsilon 0.0943
Seed 17 | Episode 622 | Reward -1.00 | Epsilon 0.0940
Seed 17 | Episode 623 | Reward 21.00 | Epsilon 0.0937
Seed 17 | Episode 624 | Reward 52.00 | Epsilon 0.0936
Seed 17 | Episode 625 | Reward 64.00 | Epsilon 0.0935
Seed 17 | Episode 626 | Reward 57.00 | Epsilon 0.0934
Seed 17 | Episode 627 | Reward 53.00 | Epsilon 0.0932
Seed 17 | Episode 628 | Reward 64.00 | Epsilon 0.0931
Seed 17 | Episode 629 | Reward 60.00 | Epsilon 0.0930
Seed 17 | Episode 630 | Reward 57.00 | Epsilon 0.0929
Seed 17 | Episode 631 | Reward 47.00 | Epsilon 0.0928
Seed 17 | Episode 632 | Reward 44.00 | Epsilon 0.0926
Seed 17 | Episode 633 | Reward -44.00 | Epsilon 0.0922
Seed 17 | Episode 634 | Reward 55.00 | Epsilon 0.0921
Seed 17 | Episode 635 | Reward 48.00 | Epsilon 0.0919
Seed 17 | Episode 636 | Reward 61.00 | Epsilon 0.0918
Seed 17 | Episode 637 | Reward -65.00 | Epsilon 0.0914
Seed 17 | Episode 638 | Reward 52.00 | Epsilon 0.0912
Seed 17 | Episode 639 | Reward 49.00 | Epsilon 0.0911
Seed 17 | Episode 640 | Reward 47.00 | Epsilon 0.0909
Seed 17 | Episode 641 | Reward 10.00 | Epsilon 0.0907
Seed 17 | Episode 642 | Reward 35.00 | Epsilon 0.0905
Seed 17 | Episode 643 | Reward 35.00 | Epsilon 0.0903
Seed 17 | Episode 644 | Reward 36.00 | Epsilon 0.0901
Seed 17 | Episode 645 | Reward 40.00 | Epsilon 0.0900
Seed 17 | Episode 646 | Reward 36.00 | Epsilon 0.0898
Seed 17 | Episode 647 | Reward 41.00 | Epsilon 0.0896
Seed 17 | Episode 648 | Reward 22.00 | Epsilon 0.0894
Seed 17 | Episode 649 | Reward 50.00 | Epsilon 0.0893
Seed 17 | Episode 650 | Reward 55.00 | Epsilon 0.0892
Seed 17 | Episode 651 | Reward 61.00 | Epsilon 0.0891
Seed 17 | Episode 652 | Reward -9.00 | Epsilon 0.0888
Seed 17 | Episode 653 | Reward 61.00 | Epsilon 0.0887
Seed 17 | Episode 654 | Reward 65.00 | Epsilon 0.0886
Seed 17 | Episode 655 | Reward 24.00 | Epsilon 0.0884
Seed 17 | Episode 656 | Reward 43.00 | Epsilon 0.0882
Seed 17 | Episode 657 | Reward 59.00 | Epsilon 0.0881
Seed 17 | Episode 658 | Reward 66.00 | Epsilon 0.0880
Seed 17 | Episode 659 | Reward 51.00 | Epsilon 0.0879
Seed 17 | Episode 660 | Reward 61.00 | Epsilon 0.0878
Seed 17 | Episode 661 | Reward -300.00 | Epsilon 0.0870
Seed 17 | Episode 662 | Reward 60.00 | Epsilon 0.0869
Seed 17 | Episode 663 | Reward 46.00 | Epsilon 0.0867
Seed 17 | Episode 664 | Reward -177.00 | Epsilon 0.0860
Seed 17 | Episode 665 | Reward -66.00 | Epsilon 0.0856
Seed 17 | Episode 666 | Reward 47.00 | Epsilon 0.0854
Seed 17 | Episode 667 | Reward 6.00 | Epsilon 0.0852
Seed 17 | Episode 668 | Reward 56.00 | Epsilon 0.0851
Seed 17 | Episode 669 | Reward 56.00 | Epsilon 0.0850
Seed 17 | Episode 670 | Reward 47.00 | Epsilon 0.0848
Seed 17 | Episode 671 | Reward 57.00 | Epsilon 0.0847
Seed 17 | Episode 672 | Reward 51.00 | Epsilon 0.0846
Seed 17 | Episode 673 | Reward 55.00 | Epsilon 0.0845
Seed 17 | Episode 674 | Reward 64.00 | Epsilon 0.0844
Seed 17 | Episode 675 | Reward 58.00 | Epsilon 0.0843
Seed 17 | Episode 676 | Reward 59.00 | Epsilon 0.0842
Seed 17 | Episode 677 | Reward 50.00 | Epsilon 0.0840
Seed 17 | Episode 678 | Reward 14.00 | Epsilon 0.0838
Seed 17 | Episode 679 | Reward 64.00 | Epsilon 0.0837
Seed 17 | Episode 680 | Reward 67.00 | Epsilon 0.0836
Seed 17 | Episode 681 | Reward 60.00 | Epsilon 0.0835
Seed 17 | Episode 682 | Reward 54.00 | Epsilon 0.0834
Seed 17 | Episode 683 | Reward -34.00 | Epsilon 0.0831
Seed 17 | Episode 684 | Reward 44.00 | Epsilon 0.0829
Seed 17 | Episode 685 | Reward 57.00 | Epsilon 0.0828
Seed 17 | Episode 686 | Reward 49.00 | Epsilon 0.0827
Seed 17 | Episode 687 | Reward 55.00 | Epsilon 0.0826
Seed 17 | Episode 688 | Reward 53.00 | Epsilon 0.0825
Seed 17 | Episode 689 | Reward 59.00 | Epsilon 0.0824
Seed 17 | Episode 690 | Reward 65.00 | Epsilon 0.0823
Seed 17 | Episode 691 | Reward 56.00 | Epsilon 0.0822
Seed 17 | Episode 692 | Reward 26.00 | Epsilon 0.0820
Seed 17 | Episode 693 | Reward 55.00 | Epsilon 0.0819
Seed 17 | Episode 694 | Reward 38.00 | Epsilon 0.0817
Seed 17 | Episode 695 | Reward 58.00 | Epsilon 0.0816
Seed 17 | Episode 696 | Reward -27.00 | Epsilon 0.0813
Seed 17 | Episode 697 | Reward 58.00 | Epsilon 0.0812
Seed 17 | Episode 698 | Reward -81.00 | Epsilon 0.0808
Seed 17 | Episode 699 | Reward 47.00 | Epsilon 0.0806
Seed 17 | Episode 700 | Reward 56.00 | Epsilon 0.0805
Seed 17 | Episode 701 | Reward 50.00 | Epsilon 0.0804
Seed 17 | Episode 702 | Reward 2.00 | Epsilon 0.0802
Seed 17 | Episode 703 | Reward 38.00 | Epsilon 0.0800
Seed 17 | Episode 704 | Reward 63.00 | Epsilon 0.0799
Seed 17 | Episode 705 | Reward 60.00 | Epsilon 0.0798
Seed 17 | Episode 706 | Reward 45.00 | Epsilon 0.0797
Seed 17 | Episode 707 | Reward 55.00 | Epsilon 0.0796
Seed 17 | Episode 708 | Reward -28.00 | Epsilon 0.0793
Seed 17 | Episode 709 | Reward 57.00 | Epsilon 0.0792
Seed 17 | Episode 710 | Reward 61.00 | Epsilon 0.0791
Seed 17 | Episode 711 | Reward 56.00 | Epsilon 0.0790
Seed 17 | Episode 712 | Reward 52.00 | Epsilon 0.0788
Seed 17 | Episode 713 | Reward 42.00 | Epsilon 0.0787
Seed 17 | Episode 714 | Reward 59.00 | Epsilon 0.0786
Seed 17 | Episode 715 | Reward 56.00 | Epsilon 0.0785
Seed 17 | Episode 716 | Reward 12.00 | Epsilon 0.0783
Seed 17 | Episode 717 | Reward 47.00 | Epsilon 0.0782
Seed 17 | Episode 718 | Reward -147.00 | Epsilon 0.0776
Seed 17 | Episode 719 | Reward 40.00 | Epsilon 0.0774
Seed 17 | Episode 720 | Reward -106.00 | Epsilon 0.0770
Seed 17 | Episode 721 | Reward 62.00 | Epsilon 0.0769
Seed 17 | Episode 722 | Reward 44.00 | Epsilon 0.0767
Seed 17 | Episode 723 | Reward 55.00 | Epsilon 0.0766
Seed 17 | Episode 724 | Reward 63.00 | Epsilon 0.0765
Seed 17 | Episode 725 | Reward 55.00 | Epsilon 0.0764
Seed 17 | Episode 726 | Reward 47.00 | Epsilon 0.0763
Seed 17 | Episode 727 | Reward 38.00 | Epsilon 0.0762
Seed 17 | Episode 728 | Reward 51.00 | Epsilon 0.0761
Seed 17 | Episode 729 | Reward 61.00 | Epsilon 0.0760
Seed 17 | Episode 730 | Reward 46.00 | Epsilon 0.0758
Seed 17 | Episode 731 | Reward -174.00 | Epsilon 0.0752
Seed 17 | Episode 732 | Reward 41.00 | Epsilon 0.0751
Seed 17 | Episode 733 | Reward 50.00 | Epsilon 0.0750
Seed 17 | Episode 734 | Reward 47.00 | Epsilon 0.0748
Seed 17 | Episode 735 | Reward 50.00 | Epsilon 0.0747
Seed 17 | Episode 736 | Reward -78.00 | Epsilon 0.0743
Seed 17 | Episode 737 | Reward 31.00 | Epsilon 0.0742
Seed 17 | Episode 738 | Reward 54.00 | Epsilon 0.0741
Seed 17 | Episode 739 | Reward 56.00 | Epsilon 0.0740
Seed 17 | Episode 740 | Reward 55.00 | Epsilon 0.0739
Seed 17 | Episode 741 | Reward 46.00 | Epsilon 0.0737
Seed 17 | Episode 742 | Reward 54.00 | Epsilon 0.0736
Seed 17 | Episode 743 | Reward 57.00 | Epsilon 0.0735
Seed 17 | Episode 744 | Reward 34.00 | Epsilon 0.0734
Seed 17 | Episode 745 | Reward 49.00 | Epsilon 0.0733
Seed 17 | Episode 746 | Reward 59.00 | Epsilon 0.0732
Seed 17 | Episode 747 | Reward 57.00 | Epsilon 0.0731
Seed 17 | Episode 748 | Reward 34.00 | Epsilon 0.0729
Seed 17 | Episode 749 | Reward 42.00 | Epsilon 0.0728
Seed 17 | Episode 750 | Reward 50.00 | Epsilon 0.0727
Seed 17 | Episode 751 | Reward 43.00 | Epsilon 0.0726
Seed 17 | Episode 752 | Reward 53.00 | Epsilon 0.0725
Seed 17 | Episode 753 | Reward 57.00 | Epsilon 0.0724
Seed 17 | Episode 754 | Reward 45.00 | Epsilon 0.0723
Seed 17 | Episode 755 | Reward 49.00 | Epsilon 0.0721
Seed 17 | Episode 756 | Reward -9.00 | Epsilon 0.0719
Seed 17 | Episode 757 | Reward -3.00 | Epsilon 0.0717
Seed 17 | Episode 758 | Reward 51.00 | Epsilon 0.0716
Seed 17 | Episode 759 | Reward 54.00 | Epsilon 0.0715
Seed 17 | Episode 760 | Reward -43.00 | Epsilon 0.0712
Seed 17 | Episode 761 | Reward 60.00 | Epsilon 0.0711
Seed 17 | Episode 762 | Reward 46.00 | Epsilon 0.0710
Seed 17 | Episode 763 | Reward 25.00 | Epsilon 0.0708
Seed 17 | Episode 764 | Reward 60.00 | Epsilon 0.0707
Seed 17 | Episode 765 | Reward 59.00 | Epsilon 0.0706
Seed 17 | Episode 766 | Reward 57.00 | Epsilon 0.0705
Seed 17 | Episode 767 | Reward -140.00 | Epsilon 0.0700
Seed 17 | Episode 768 | Reward 30.00 | Epsilon 0.0699
Seed 17 | Episode 769 | Reward 55.00 | Epsilon 0.0698
Seed 17 | Episode 770 | Reward 58.00 | Epsilon 0.0697
Seed 17 | Episode 771 | Reward 48.00 | Epsilon 0.0696
Seed 17 | Episode 772 | Reward 38.00 | Epsilon 0.0694
Seed 17 | Episode 773 | Reward 51.00 | Epsilon 0.0693
Seed 17 | Episode 774 | Reward 51.00 | Epsilon 0.0692
Seed 17 | Episode 775 | Reward -51.00 | Epsilon 0.0689
Seed 17 | Episode 776 | Reward 47.00 | Epsilon 0.0688
Seed 17 | Episode 777 | Reward 58.00 | Epsilon 0.0687
Seed 17 | Episode 778 | Reward 62.00 | Epsilon 0.0686
Seed 17 | Episode 779 | Reward 50.00 | Epsilon 0.0685
Seed 17 | Episode 780 | Reward 54.00 | Epsilon 0.0684
Seed 17 | Episode 781 | Reward 12.00 | Epsilon 0.0683
Seed 17 | Episode 782 | Reward -86.00 | Epsilon 0.0679
Seed 17 | Episode 783 | Reward 64.00 | Epsilon 0.0678
Seed 17 | Episode 784 | Reward 59.00 | Epsilon 0.0677
Seed 17 | Episode 785 | Reward 45.00 | Epsilon 0.0676
Seed 17 | Episode 786 | Reward 56.00 | Epsilon 0.0675
Seed 17 | Episode 787 | Reward 52.00 | Epsilon 0.0674
Seed 17 | Episode 788 | Reward 49.00 | Epsilon 0.0673
Seed 17 | Episode 789 | Reward 54.00 | Epsilon 0.0672
Seed 17 | Episode 790 | Reward 54.00 | Epsilon 0.0671
Seed 17 | Episode 791 | Reward 48.00 | Epsilon 0.0670
Seed 17 | Episode 792 | Reward 41.00 | Epsilon 0.0669
Seed 17 | Episode 793 | Reward 21.00 | Epsilon 0.0667
Seed 17 | Episode 794 | Reward 40.00 | Epsilon 0.0666
Seed 17 | Episode 795 | Reward 67.00 | Epsilon 0.0665
Seed 17 | Episode 796 | Reward 52.00 | Epsilon 0.0664
Seed 17 | Episode 797 | Reward 38.00 | Epsilon 0.0663
Seed 17 | Episode 798 | Reward 50.00 | Epsilon 0.0662
Seed 17 | Episode 799 | Reward 41.00 | Epsilon 0.0661
Seed 17 | Episode 800 | Reward 65.00 | Epsilon 0.0660
Seed 17 | Episode 801 | Reward 43.00 | Epsilon 0.0659
Seed 17 | Episode 802 | Reward -132.00 | Epsilon 0.0654
Seed 17 | Episode 803 | Reward 54.00 | Epsilon 0.0654
Seed 17 | Episode 804 | Reward 54.00 | Epsilon 0.0653
Seed 17 | Episode 805 | Reward 54.00 | Epsilon 0.0652
Seed 17 | Episode 806 | Reward 45.00 | Epsilon 0.0651
Seed 17 | Episode 807 | Reward 50.00 | Epsilon 0.0650
Seed 17 | Episode 808 | Reward 60.00 | Epsilon 0.0649
Seed 17 | Episode 809 | Reward 51.00 | Epsilon 0.0648
Seed 17 | Episode 810 | Reward 57.00 | Epsilon 0.0647
Seed 17 | Episode 811 | Reward 57.00 | Epsilon 0.0646
Seed 17 | Episode 812 | Reward 31.00 | Epsilon 0.0645
Seed 17 | Episode 813 | Reward 48.00 | Epsilon 0.0644
Seed 17 | Episode 814 | Reward 62.00 | Epsilon 0.0643
Seed 17 | Episode 815 | Reward 44.00 | Epsilon 0.0642
Seed 17 | Episode 816 | Reward 50.00 | Epsilon 0.0641
Seed 17 | Episode 817 | Reward 65.00 | Epsilon 0.0640
Seed 17 | Episode 818 | Reward 51.00 | Epsilon 0.0639
Seed 17 | Episode 819 | Reward 64.00 | Epsilon 0.0639
Seed 17 | Episode 820 | Reward 47.00 | Epsilon 0.0638
Seed 17 | Episode 821 | Reward 35.00 | Epsilon 0.0636
Seed 17 | Episode 822 | Reward 30.00 | Epsilon 0.0635
Seed 17 | Episode 823 | Reward 55.00 | Epsilon 0.0634
Seed 17 | Episode 824 | Reward 57.00 | Epsilon 0.0633
Seed 17 | Episode 825 | Reward 40.00 | Epsilon 0.0632
Seed 17 | Episode 826 | Reward 50.00 | Epsilon 0.0631
Seed 17 | Episode 827 | Reward -31.00 | Epsilon 0.0629
Seed 17 | Episode 828 | Reward 51.00 | Epsilon 0.0628
Seed 17 | Episode 829 | Reward 53.00 | Epsilon 0.0627
Seed 17 | Episode 830 | Reward 19.00 | Epsilon 0.0625
Seed 17 | Episode 831 | Reward 19.00 | Epsilon 0.0624
Seed 17 | Episode 832 | Reward 48.00 | Epsilon 0.0623
Seed 17 | Episode 833 | Reward 52.00 | Epsilon 0.0622
Seed 17 | Episode 834 | Reward 49.00 | Epsilon 0.0621
Seed 17 | Episode 835 | Reward 64.00 | Epsilon 0.0620
Seed 17 | Episode 836 | Reward 58.00 | Epsilon 0.0619
Seed 17 | Episode 837 | Reward 46.00 | Epsilon 0.0618
Seed 17 | Episode 838 | Reward 56.00 | Epsilon 0.0617
Seed 17 | Episode 839 | Reward 60.00 | Epsilon 0.0617
Seed 17 | Episode 840 | Reward -19.00 | Epsilon 0.0614
Seed 17 | Episode 841 | Reward 44.00 | Epsilon 0.0613
Seed 17 | Episode 842 | Reward 56.00 | Epsilon 0.0613
Seed 17 | Episode 843 | Reward 44.00 | Epsilon 0.0612
Seed 17 | Episode 844 | Reward 38.00 | Epsilon 0.0610
Seed 17 | Episode 845 | Reward 57.00 | Epsilon 0.0610
Seed 17 | Episode 846 | Reward -52.00 | Epsilon 0.0607
Seed 17 | Episode 847 | Reward 48.00 | Epsilon 0.0606
Seed 17 | Episode 848 | Reward 21.00 | Epsilon 0.0604
Seed 17 | Episode 849 | Reward 63.00 | Epsilon 0.0604
Seed 17 | Episode 850 | Reward 63.00 | Epsilon 0.0603
Seed 17 | Episode 851 | Reward 43.00 | Epsilon 0.0602
Seed 17 | Episode 852 | Reward 58.00 | Epsilon 0.0601
Seed 17 | Episode 853 | Reward 52.00 | Epsilon 0.0600
Seed 17 | Episode 854 | Reward 50.00 | Epsilon 0.0599
Seed 17 | Episode 855 | Reward 41.00 | Epsilon 0.0598
Seed 17 | Episode 856 | Reward 53.00 | Epsilon 0.0597
Seed 17 | Episode 857 | Reward 36.00 | Epsilon 0.0596
Seed 17 | Episode 858 | Reward 56.00 | Epsilon 0.0595
Seed 17 | Episode 859 | Reward 49.00 | Epsilon 0.0595
Seed 17 | Episode 860 | Reward 8.00 | Epsilon 0.0593
Seed 17 | Episode 861 | Reward 60.00 | Epsilon 0.0592
Seed 17 | Episode 862 | Reward 47.00 | Epsilon 0.0591
Seed 17 | Episode 863 | Reward 52.00 | Epsilon 0.0590
Seed 17 | Episode 864 | Reward 29.00 | Epsilon 0.0589
Seed 17 | Episode 865 | Reward 61.00 | Epsilon 0.0588
Seed 17 | Episode 866 | Reward 56.00 | Epsilon 0.0588
Seed 17 | Episode 867 | Reward 41.00 | Epsilon 0.0587
Seed 17 | Episode 868 | Reward 56.00 | Epsilon 0.0586
Seed 17 | Episode 869 | Reward 37.00 | Epsilon 0.0585
Seed 17 | Episode 870 | Reward 44.00 | Epsilon 0.0584
Seed 17 | Episode 871 | Reward 43.00 | Epsilon 0.0583
Seed 17 | Episode 872 | Reward 42.00 | Epsilon 0.0582
Seed 17 | Episode 873 | Reward 58.00 | Epsilon 0.0581
Seed 17 | Episode 874 | Reward 24.00 | Epsilon 0.0579
Seed 17 | Episode 875 | Reward 2.00 | Epsilon 0.0578
Seed 17 | Episode 876 | Reward 52.00 | Epsilon 0.0577
Seed 17 | Episode 877 | Reward 47.00 | Epsilon 0.0576
Seed 17 | Episode 878 | Reward 53.00 | Epsilon 0.0575
Seed 17 | Episode 879 | Reward 52.00 | Epsilon 0.0574
Seed 17 | Episode 880 | Reward 54.00 | Epsilon 0.0573
Seed 17 | Episode 881 | Reward 44.00 | Epsilon 0.0573
Seed 17 | Episode 882 | Reward 50.00 | Epsilon 0.0572
Seed 17 | Episode 883 | Reward 62.00 | Epsilon 0.0571
Seed 17 | Episode 884 | Reward 52.00 | Epsilon 0.0570
Seed 17 | Episode 885 | Reward 55.00 | Epsilon 0.0569
Seed 17 | Episode 886 | Reward 61.00 | Epsilon 0.0569
Seed 17 | Episode 887 | Reward 48.00 | Epsilon 0.0568
Seed 17 | Episode 888 | Reward 54.00 | Epsilon 0.0567
Seed 17 | Episode 889 | Reward 40.00 | Epsilon 0.0566
Seed 17 | Episode 890 | Reward 43.00 | Epsilon 0.0565
Seed 17 | Episode 891 | Reward 45.00 | Epsilon 0.0564
Seed 17 | Episode 892 | Reward 46.00 | Epsilon 0.0563
Seed 17 | Episode 893 | Reward 29.00 | Epsilon 0.0562
Seed 17 | Episode 894 | Reward 43.00 | Epsilon 0.0561
Seed 17 | Episode 895 | Reward 46.00 | Epsilon 0.0560
Seed 17 | Episode 896 | Reward 42.00 | Epsilon 0.0559
Seed 17 | Episode 897 | Reward 45.00 | Epsilon 0.0558
Seed 17 | Episode 898 | Reward 53.00 | Epsilon 0.0557
Seed 17 | Episode 899 | Reward 40.00 | Epsilon 0.0556
Seed 17 | Episode 900 | Reward 42.00 | Epsilon 0.0555
Seed 17 | Episode 901 | Reward 49.00 | Epsilon 0.0554
Seed 17 | Episode 902 | Reward 36.00 | Epsilon 0.0553
Seed 17 | Episode 903 | Reward 32.00 | Epsilon 0.0552
Seed 17 | Episode 904 | Reward 58.00 | Epsilon 0.0551
Seed 17 | Episode 905 | Reward 60.00 | Epsilon 0.0551
Seed 17 | Episode 906 | Reward 42.00 | Epsilon 0.0550
Seed 17 | Episode 907 | Reward 58.00 | Epsilon 0.0549
Seed 17 | Episode 908 | Reward 61.00 | Epsilon 0.0548
Seed 17 | Episode 909 | Reward 60.00 | Epsilon 0.0548
Seed 17 | Episode 910 | Reward 54.00 | Epsilon 0.0547
Seed 17 | Episode 911 | Reward -36.00 | Epsilon 0.0545
Seed 17 | Episode 912 | Reward -3.00 | Epsilon 0.0543
Seed 17 | Episode 913 | Reward 58.00 | Epsilon 0.0542
Seed 17 | Episode 914 | Reward 59.00 | Epsilon 0.0542
Seed 17 | Episode 915 | Reward 46.00 | Epsilon 0.0541
Seed 17 | Episode 916 | Reward 58.00 | Epsilon 0.0540
Seed 17 | Episode 917 | Reward 54.00 | Epsilon 0.0539
Seed 17 | Episode 918 | Reward 44.00 | Epsilon 0.0538
Seed 17 | Episode 919 | Reward 40.00 | Epsilon 0.0537
Seed 17 | Episode 920 | Reward 59.00 | Epsilon 0.0537
Seed 17 | Episode 921 | Reward -130.00 | Epsilon 0.0533
Seed 17 | Episode 922 | Reward 46.00 | Epsilon 0.0532
Seed 17 | Episode 923 | Reward 41.00 | Epsilon 0.0531
Seed 17 | Episode 924 | Reward 43.00 | Epsilon 0.0530
Seed 17 | Episode 925 | Reward 63.00 | Epsilon 0.0530
Seed 17 | Episode 926 | Reward 48.00 | Epsilon 0.0529
Seed 17 | Episode 927 | Reward -49.00 | Epsilon 0.0526
Seed 17 | Episode 928 | Reward 62.00 | Epsilon 0.0526
Seed 17 | Episode 929 | Reward 44.00 | Epsilon 0.0525
Seed 17 | Episode 930 | Reward 48.00 | Epsilon 0.0524
Seed 17 | Episode 931 | Reward 42.00 | Epsilon 0.0523
Seed 17 | Episode 932 | Reward 61.00 | Epsilon 0.0523
Seed 17 | Episode 933 | Reward 39.00 | Epsilon 0.0522
Seed 17 | Episode 934 | Reward 60.00 | Epsilon 0.0521
Seed 17 | Episode 935 | Reward 46.00 | Epsilon 0.0520
Seed 17 | Episode 936 | Reward 42.00 | Epsilon 0.0519
Seed 17 | Episode 937 | Reward 55.00 | Epsilon 0.0518
Seed 17 | Episode 938 | Reward 56.00 | Epsilon 0.0518
Seed 17 | Episode 939 | Reward 49.00 | Epsilon 0.0517
Seed 17 | Episode 940 | Reward 59.00 | Epsilon 0.0516
Seed 17 | Episode 941 | Reward 58.00 | Epsilon 0.0516
Seed 17 | Episode 942 | Reward 64.00 | Epsilon 0.0515
Seed 17 | Episode 943 | Reward 60.00 | Epsilon 0.0514
Seed 17 | Episode 944 | Reward 64.00 | Epsilon 0.0514
Seed 17 | Episode 945 | Reward 60.00 | Epsilon 0.0513
Seed 17 | Episode 946 | Reward 48.00 | Epsilon 0.0512
Seed 17 | Episode 947 | Reward 60.00 | Epsilon 0.0512
Seed 17 | Episode 948 | Reward 54.00 | Epsilon 0.0511
Seed 17 | Episode 949 | Reward 29.00 | Epsilon 0.0510
Seed 17 | Episode 950 | Reward 54.00 | Epsilon 0.0509
Seed 17 | Episode 951 | Reward 45.00 | Epsilon 0.0508
Seed 17 | Episode 952 | Reward 62.00 | Epsilon 0.0508
Seed 17 | Episode 953 | Reward 46.00 | Epsilon 0.0507
Seed 17 | Episode 954 | Reward 44.00 | Epsilon 0.0506
Seed 17 | Episode 955 | Reward 64.00 | Epsilon 0.0505
Seed 17 | Episode 956 | Reward 48.00 | Epsilon 0.0505
Seed 17 | Episode 957 | Reward 59.00 | Epsilon 0.0504
Seed 17 | Episode 958 | Reward 53.00 | Epsilon 0.0503
Seed 17 | Episode 959 | Reward 59.00 | Epsilon 0.0503
Seed 17 | Episode 960 | Reward 60.00 | Epsilon 0.0502
Seed 17 | Episode 961 | Reward 49.00 | Epsilon 0.0501
Seed 17 | Episode 962 | Reward 55.00 | Epsilon 0.0501
Seed 17 | Episode 963 | Reward 44.00 | Epsilon 0.0500
Seed 17 | Episode 964 | Reward 45.00 | Epsilon 0.0499
Seed 17 | Episode 965 | Reward 45.00 | Epsilon 0.0498
Seed 17 | Episode 966 | Reward 52.00 | Epsilon 0.0497
Seed 17 | Episode 967 | Reward 47.00 | Epsilon 0.0497
Seed 17 | Episode 968 | Reward 30.00 | Epsilon 0.0495
Seed 17 | Episode 969 | Reward 61.00 | Epsilon 0.0495
Seed 17 | Episode 970 | Reward 66.00 | Epsilon 0.0494
Seed 17 | Episode 971 | Reward 47.00 | Epsilon 0.0494
Seed 17 | Episode 972 | Reward 52.00 | Epsilon 0.0493
Seed 17 | Episode 973 | Reward 53.00 | Epsilon 0.0492
Seed 17 | Episode 974 | Reward 64.00 | Epsilon 0.0492
Seed 17 | Episode 975 | Reward 59.00 | Epsilon 0.0491
Seed 17 | Episode 976 | Reward 47.00 | Epsilon 0.0490
Seed 17 | Episode 977 | Reward 54.00 | Epsilon 0.0489
Seed 17 | Episode 978 | Reward 41.00 | Epsilon 0.0489
Seed 17 | Episode 979 | Reward 55.00 | Epsilon 0.0488
Seed 17 | Episode 980 | Reward 28.00 | Epsilon 0.0487
Seed 17 | Episode 981 | Reward 54.00 | Epsilon 0.0486
Seed 17 | Episode 982 | Reward 56.00 | Epsilon 0.0485
Seed 17 | Episode 983 | Reward 59.00 | Epsilon 0.0485
Seed 17 | Episode 984 | Reward 63.00 | Epsilon 0.0484
Seed 17 | Episode 985 | Reward 45.00 | Epsilon 0.0484
Seed 17 | Episode 986 | Reward -58.00 | Epsilon 0.0481
Seed 17 | Episode 987 | Reward 63.00 | Epsilon 0.0481
Seed 17 | Episode 988 | Reward 42.00 | Epsilon 0.0480
Seed 17 | Episode 989 | Reward 59.00 | Epsilon 0.0479
Seed 17 | Episode 990 | Reward 28.00 | Epsilon 0.0478
Seed 17 | Episode 991 | Reward 50.00 | Epsilon 0.0477
Seed 17 | Episode 992 | Reward 40.00 | Epsilon 0.0477
Seed 17 | Episode 993 | Reward 58.00 | Epsilon 0.0476
Seed 17 | Episode 994 | Reward 53.00 | Epsilon 0.0475
Seed 17 | Episode 995 | Reward 61.00 | Epsilon 0.0475
Seed 17 | Episode 996 | Reward 53.00 | Epsilon 0.0474
Seed 17 | Episode 997 | Reward 32.00 | Epsilon 0.0473
Seed 17 | Episode 998 | Reward 36.00 | Epsilon 0.0472
Seed 17 | Episode 999 | Reward 57.00 | Epsilon 0.0471
Finished seed 17
