starting job
Sun Dec  7 20:11:29 2025       
+-----------------------------------------------------------------------------------------+
| NVIDIA-SMI 580.65.06              Driver Version: 580.65.06      CUDA Version: 13.0     |
+-----------------------------------------+------------------------+----------------------+
| GPU  Name                 Persistence-M | Bus-Id          Disp.A | Volatile Uncorr. ECC |
| Fan  Temp   Perf          Pwr:Usage/Cap |           Memory-Usage | GPU-Util  Compute M. |
|                                         |                        |               MIG M. |
|=========================================+========================+======================|
|   0  NVIDIA H100 80GB HBM3          On  |   00000000:46:00.0 Off |                   On |
| N/A   41C    P0            416W /  700W |   35754MiB /  81559MiB |     N/A      Default |
|                                         |                        |              Enabled |
+-----------------------------------------+------------------------+----------------------+

+-----------------------------------------------------------------------------------------+
| MIG devices:                                                                            |
+------------------+----------------------------------+-----------+-----------------------+
| GPU  GI  CI  MIG |              Shared Memory-Usage |        Vol|        Shared         |
|      ID  ID  Dev |                Shared BAR1-Usage | SM     Unc| CE ENC  DEC  OFA  JPG |
|                  |                                  |        ECC|                       |
|==================+==================================+===========+=======================|
|  0    9   0   0  |              15MiB /  9984MiB    | 16      0 |  1   0    1    0    1 |
|                  |               0MiB /  6185MiB    |           |                       |
+------------------+----------------------------------+-----------+-----------------------+

+-----------------------------------------------------------------------------------------+
| Processes:                                                                              |
|  GPU   GI   CI              PID   Type   Process name                        GPU Memory |
|        ID   ID                                                               Usage      |
|=========================================================================================|
|  No running processes found                                                             |
+-----------------------------------------------------------------------------------------+
Running seed 15
Gym has been unmaintained since 2022 and does not support NumPy 2.0 amongst other critical functionality.
Please upgrade to Gymnasium, the maintained drop-in replacement of Gym, or contact the authors of your software and request that they upgrade.
Users of this version of Gym should be able to simply replace 'import gym' with 'import gymnasium as gym' in the vast majority of cases.
See the migration guide at https://gymnasium.farama.org/introduction/migration_guide/ for additional information.
Seed 15 | Episode 0 | Reward -300.00 | Epsilon 0.9987
Seed 15 | Episode 1 | Reward -300.00 | Epsilon 0.9897
Seed 15 | Episode 2 | Reward -300.00 | Epsilon 0.9808
Seed 15 | Episode 3 | Reward -300.00 | Epsilon 0.9720
Seed 15 | Episode 4 | Reward -300.00 | Epsilon 0.9633
Seed 15 | Episode 5 | Reward -300.00 | Epsilon 0.9547
Seed 15 | Episode 6 | Reward -300.00 | Epsilon 0.9462
Seed 15 | Episode 7 | Reward -300.00 | Epsilon 0.9377
Seed 15 | Episode 8 | Reward -300.00 | Epsilon 0.9293
Seed 15 | Episode 9 | Reward -300.00 | Epsilon 0.9209
Seed 15 | Episode 10 | Reward -300.00 | Epsilon 0.9127
Seed 15 | Episode 11 | Reward -300.00 | Epsilon 0.9045
Seed 15 | Episode 12 | Reward -300.00 | Epsilon 0.8964
Seed 15 | Episode 13 | Reward -300.00 | Epsilon 0.8884
Seed 15 | Episode 14 | Reward -300.00 | Epsilon 0.8804
Seed 15 | Episode 15 | Reward -300.00 | Epsilon 0.8725
Seed 15 | Episode 16 | Reward -300.00 | Epsilon 0.8647
Seed 15 | Episode 17 | Reward -300.00 | Epsilon 0.8570
Seed 15 | Episode 18 | Reward -300.00 | Epsilon 0.8493
Seed 15 | Episode 19 | Reward -300.00 | Epsilon 0.8417
Seed 15 | Episode 20 | Reward -300.00 | Epsilon 0.8341
Seed 15 | Episode 21 | Reward -300.00 | Epsilon 0.8267
Seed 15 | Episode 22 | Reward -300.00 | Epsilon 0.8193
Seed 15 | Episode 23 | Reward -300.00 | Epsilon 0.8119
Seed 15 | Episode 24 | Reward -300.00 | Epsilon 0.8046
Seed 15 | Episode 25 | Reward -300.00 | Epsilon 0.7974
Seed 15 | Episode 26 | Reward -300.00 | Epsilon 0.7903
Seed 15 | Episode 27 | Reward 18.00 | Epsilon 0.7883
Seed 15 | Episode 28 | Reward -300.00 | Epsilon 0.7813
Seed 15 | Episode 29 | Reward -300.00 | Epsilon 0.7743
Seed 15 | Episode 30 | Reward -300.00 | Epsilon 0.7673
Seed 15 | Episode 31 | Reward -300.00 | Epsilon 0.7605
Seed 15 | Episode 32 | Reward -300.00 | Epsilon 0.7536
Seed 15 | Episode 33 | Reward -300.00 | Epsilon 0.7469
Seed 15 | Episode 34 | Reward -300.00 | Epsilon 0.7402
Seed 15 | Episode 35 | Reward -300.00 | Epsilon 0.7336
Seed 15 | Episode 36 | Reward -300.00 | Epsilon 0.7270
Seed 15 | Episode 37 | Reward -300.00 | Epsilon 0.7205
Seed 15 | Episode 38 | Reward -300.00 | Epsilon 0.7140
Seed 15 | Episode 39 | Reward -300.00 | Epsilon 0.7076
Seed 15 | Episode 40 | Reward -300.00 | Epsilon 0.7013
Seed 15 | Episode 41 | Reward -300.00 | Epsilon 0.6950
Seed 15 | Episode 42 | Reward -300.00 | Epsilon 0.6888
Seed 15 | Episode 43 | Reward -300.00 | Epsilon 0.6826
Seed 15 | Episode 44 | Reward -300.00 | Epsilon 0.6765
Seed 15 | Episode 45 | Reward -300.00 | Epsilon 0.6704
Seed 15 | Episode 46 | Reward -300.00 | Epsilon 0.6644
Seed 15 | Episode 47 | Reward -300.00 | Epsilon 0.6585
Seed 15 | Episode 48 | Reward -300.00 | Epsilon 0.6526
Seed 15 | Episode 49 | Reward -300.00 | Epsilon 0.6467
Seed 15 | Episode 50 | Reward -300.00 | Epsilon 0.6409
Seed 15 | Episode 51 | Reward -300.00 | Epsilon 0.6352
Seed 15 | Episode 52 | Reward -300.00 | Epsilon 0.6295
Seed 15 | Episode 53 | Reward -300.00 | Epsilon 0.6238
Seed 15 | Episode 54 | Reward -300.00 | Epsilon 0.6183
Seed 15 | Episode 55 | Reward -300.00 | Epsilon 0.6127
Seed 15 | Episode 56 | Reward -300.00 | Epsilon 0.6072
Seed 15 | Episode 57 | Reward -300.00 | Epsilon 0.6018
Seed 15 | Episode 58 | Reward -300.00 | Epsilon 0.5964
Seed 15 | Episode 59 | Reward -65.00 | Epsilon 0.5934
Seed 15 | Episode 60 | Reward -300.00 | Epsilon 0.5881
Seed 15 | Episode 61 | Reward -300.00 | Epsilon 0.5828
Seed 15 | Episode 62 | Reward -300.00 | Epsilon 0.5776
Seed 15 | Episode 63 | Reward -300.00 | Epsilon 0.5725
Seed 15 | Episode 64 | Reward -300.00 | Epsilon 0.5673
Seed 15 | Episode 65 | Reward -300.00 | Epsilon 0.5622
Seed 15 | Episode 66 | Reward -300.00 | Epsilon 0.5572
Seed 15 | Episode 67 | Reward -300.00 | Epsilon 0.5522
Seed 15 | Episode 68 | Reward -300.00 | Epsilon 0.5473
Seed 15 | Episode 69 | Reward -300.00 | Epsilon 0.5424
Seed 15 | Episode 70 | Reward -300.00 | Epsilon 0.5375
Seed 15 | Episode 71 | Reward -300.00 | Epsilon 0.5327
Seed 15 | Episode 72 | Reward -300.00 | Epsilon 0.5279
Seed 15 | Episode 73 | Reward -300.00 | Epsilon 0.5232
Seed 15 | Episode 74 | Reward -300.00 | Epsilon 0.5185
Seed 15 | Episode 75 | Reward -300.00 | Epsilon 0.5138
Seed 15 | Episode 76 | Reward -300.00 | Epsilon 0.5092
Seed 15 | Episode 77 | Reward -300.00 | Epsilon 0.5047
Seed 15 | Episode 78 | Reward -300.00 | Epsilon 0.5002
Seed 15 | Episode 79 | Reward -300.00 | Epsilon 0.4957
Seed 15 | Episode 80 | Reward -300.00 | Epsilon 0.4912
Seed 15 | Episode 81 | Reward -300.00 | Epsilon 0.4868
Seed 15 | Episode 82 | Reward -300.00 | Epsilon 0.4825
Seed 15 | Episode 83 | Reward -300.00 | Epsilon 0.4781
Seed 15 | Episode 84 | Reward -300.00 | Epsilon 0.4739
Seed 15 | Episode 85 | Reward -300.00 | Epsilon 0.4696
Seed 15 | Episode 86 | Reward -300.00 | Epsilon 0.4654
Seed 15 | Episode 87 | Reward -300.00 | Epsilon 0.4612
Seed 15 | Episode 88 | Reward -300.00 | Epsilon 0.4571
Seed 15 | Episode 89 | Reward -300.00 | Epsilon 0.4530
Seed 15 | Episode 90 | Reward -300.00 | Epsilon 0.4490
Seed 15 | Episode 91 | Reward -300.00 | Epsilon 0.4449
Seed 15 | Episode 92 | Reward -300.00 | Epsilon 0.4409
Seed 15 | Episode 93 | Reward -300.00 | Epsilon 0.4370
Seed 15 | Episode 94 | Reward -300.00 | Epsilon 0.4331
Seed 15 | Episode 95 | Reward -300.00 | Epsilon 0.4292
Seed 15 | Episode 96 | Reward -300.00 | Epsilon 0.4254
Seed 15 | Episode 97 | Reward -300.00 | Epsilon 0.4215
Seed 15 | Episode 98 | Reward -300.00 | Epsilon 0.4178
Seed 15 | Episode 99 | Reward -300.00 | Epsilon 0.4140
Seed 15 | Episode 100 | Reward -300.00 | Epsilon 0.4103
Seed 15 | Episode 101 | Reward -300.00 | Epsilon 0.4066
Seed 15 | Episode 102 | Reward -300.00 | Epsilon 0.4030
Seed 15 | Episode 103 | Reward -300.00 | Epsilon 0.3994
Seed 15 | Episode 104 | Reward -300.00 | Epsilon 0.3958
Seed 15 | Episode 105 | Reward -300.00 | Epsilon 0.3923
Seed 15 | Episode 106 | Reward -300.00 | Epsilon 0.3887
Seed 15 | Episode 107 | Reward -300.00 | Epsilon 0.3853
Seed 15 | Episode 108 | Reward -300.00 | Epsilon 0.3818
Seed 15 | Episode 109 | Reward -300.00 | Epsilon 0.3784
Seed 15 | Episode 110 | Reward -300.00 | Epsilon 0.3750
Seed 15 | Episode 111 | Reward -81.00 | Epsilon 0.3730
Seed 15 | Episode 112 | Reward -300.00 | Epsilon 0.3696
Seed 15 | Episode 113 | Reward -300.00 | Epsilon 0.3663
Seed 15 | Episode 114 | Reward -300.00 | Epsilon 0.3630
Seed 15 | Episode 115 | Reward -300.00 | Epsilon 0.3598
Seed 15 | Episode 116 | Reward -31.00 | Epsilon 0.3583
Seed 15 | Episode 117 | Reward -300.00 | Epsilon 0.3551
Seed 15 | Episode 118 | Reward -300.00 | Epsilon 0.3520
Seed 15 | Episode 119 | Reward -4.00 | Epsilon 0.3508
Seed 15 | Episode 120 | Reward -300.00 | Epsilon 0.3477
Seed 15 | Episode 121 | Reward -300.00 | Epsilon 0.3446
Seed 15 | Episode 122 | Reward -300.00 | Epsilon 0.3415
Seed 15 | Episode 123 | Reward -300.00 | Epsilon 0.3384
Seed 15 | Episode 124 | Reward -300.00 | Epsilon 0.3354
Seed 15 | Episode 125 | Reward 60.00 | Epsilon 0.3350
Seed 15 | Episode 126 | Reward -300.00 | Epsilon 0.3320
Seed 15 | Episode 127 | Reward -300.00 | Epsilon 0.3290
Seed 15 | Episode 128 | Reward -300.00 | Epsilon 0.3261
Seed 15 | Episode 129 | Reward -300.00 | Epsilon 0.3232
Seed 15 | Episode 130 | Reward -300.00 | Epsilon 0.3203
Seed 15 | Episode 131 | Reward -300.00 | Epsilon 0.3174
Seed 15 | Episode 132 | Reward -300.00 | Epsilon 0.3145
Seed 15 | Episode 133 | Reward -300.00 | Epsilon 0.3117
Seed 15 | Episode 134 | Reward -300.00 | Epsilon 0.3089
Seed 15 | Episode 135 | Reward -300.00 | Epsilon 0.3062
Seed 15 | Episode 136 | Reward -300.00 | Epsilon 0.3034
Seed 15 | Episode 137 | Reward 43.00 | Epsilon 0.3029
Seed 15 | Episode 138 | Reward -300.00 | Epsilon 0.3002
Seed 15 | Episode 139 | Reward -300.00 | Epsilon 0.2975
Seed 15 | Episode 140 | Reward -300.00 | Epsilon 0.2948
Seed 15 | Episode 141 | Reward -300.00 | Epsilon 0.2922
Seed 15 | Episode 142 | Reward -300.00 | Epsilon 0.2896
Seed 15 | Episode 143 | Reward -115.00 | Epsilon 0.2877
Seed 15 | Episode 144 | Reward -300.00 | Epsilon 0.2851
Seed 15 | Episode 145 | Reward -300.00 | Epsilon 0.2826
Seed 15 | Episode 146 | Reward -300.00 | Epsilon 0.2800
Seed 15 | Episode 147 | Reward 43.00 | Epsilon 0.2795
Seed 15 | Episode 148 | Reward -300.00 | Epsilon 0.2770
Seed 15 | Episode 149 | Reward -4.00 | Epsilon 0.2762
Seed 15 | Episode 150 | Reward -300.00 | Epsilon 0.2737
Seed 15 | Episode 151 | Reward 56.00 | Epsilon 0.2733
Seed 15 | Episode 152 | Reward -300.00 | Epsilon 0.2709
Seed 15 | Episode 153 | Reward -300.00 | Epsilon 0.2684
Seed 15 | Episode 154 | Reward 46.00 | Epsilon 0.2680
Seed 15 | Episode 155 | Reward -300.00 | Epsilon 0.2656
Seed 15 | Episode 156 | Reward -300.00 | Epsilon 0.2632
Seed 15 | Episode 157 | Reward 56.00 | Epsilon 0.2629
Seed 15 | Episode 158 | Reward 47.00 | Epsilon 0.2624
Seed 15 | Episode 159 | Reward -13.00 | Epsilon 0.2615
Seed 15 | Episode 160 | Reward -300.00 | Epsilon 0.2592
Seed 15 | Episode 161 | Reward -300.00 | Epsilon 0.2569
Seed 15 | Episode 162 | Reward -300.00 | Epsilon 0.2546
Seed 15 | Episode 163 | Reward 38.00 | Epsilon 0.2541
Seed 15 | Episode 164 | Reward -300.00 | Epsilon 0.2518
Seed 15 | Episode 165 | Reward -300.00 | Epsilon 0.2496
Seed 15 | Episode 166 | Reward -300.00 | Epsilon 0.2473
Seed 15 | Episode 167 | Reward -300.00 | Epsilon 0.2451
Seed 15 | Episode 168 | Reward -6.00 | Epsilon 0.2443
Seed 15 | Episode 169 | Reward -300.00 | Epsilon 0.2421
Seed 15 | Episode 170 | Reward -13.00 | Epsilon 0.2413
Seed 15 | Episode 171 | Reward -300.00 | Epsilon 0.2392
Seed 15 | Episode 172 | Reward -58.00 | Epsilon 0.2380
Seed 15 | Episode 173 | Reward -300.00 | Epsilon 0.2359
Seed 15 | Episode 174 | Reward -300.00 | Epsilon 0.2338
Seed 15 | Episode 175 | Reward -300.00 | Epsilon 0.2317
Seed 15 | Episode 176 | Reward -300.00 | Epsilon 0.2296
Seed 15 | Episode 177 | Reward -300.00 | Epsilon 0.2275
Seed 15 | Episode 178 | Reward -58.00 | Epsilon 0.2265
Seed 15 | Episode 179 | Reward -300.00 | Epsilon 0.2244
Seed 15 | Episode 180 | Reward -300.00 | Epsilon 0.2224
Seed 15 | Episode 181 | Reward 45.00 | Epsilon 0.2220
Seed 15 | Episode 182 | Reward -300.00 | Epsilon 0.2201
Seed 15 | Episode 183 | Reward -77.00 | Epsilon 0.2189
Seed 15 | Episode 184 | Reward -300.00 | Epsilon 0.2169
Seed 15 | Episode 185 | Reward 55.00 | Epsilon 0.2166
Seed 15 | Episode 186 | Reward -90.00 | Epsilon 0.2154
Seed 15 | Episode 187 | Reward 50.00 | Epsilon 0.2151
Seed 15 | Episode 188 | Reward -118.00 | Epsilon 0.2136
Seed 15 | Episode 189 | Reward 54.00 | Epsilon 0.2133
Seed 15 | Episode 190 | Reward 1.00 | Epsilon 0.2127
Seed 15 | Episode 191 | Reward -111.00 | Epsilon 0.2114
Seed 15 | Episode 192 | Reward -300.00 | Epsilon 0.2095
Seed 15 | Episode 193 | Reward -29.00 | Epsilon 0.2086
Seed 15 | Episode 194 | Reward 62.00 | Epsilon 0.2084
Seed 15 | Episode 195 | Reward -300.00 | Epsilon 0.2065
Seed 15 | Episode 196 | Reward -108.00 | Epsilon 0.2052
Seed 15 | Episode 197 | Reward -83.00 | Epsilon 0.2041
Seed 15 | Episode 198 | Reward 53.00 | Epsilon 0.2038
Seed 15 | Episode 199 | Reward -300.00 | Epsilon 0.2020
Seed 15 | Episode 200 | Reward -6.00 | Epsilon 0.2013
Seed 15 | Episode 201 | Reward -86.00 | Epsilon 0.2002
Seed 15 | Episode 202 | Reward 51.00 | Epsilon 0.1999
Seed 15 | Episode 203 | Reward 56.00 | Epsilon 0.1997
Seed 15 | Episode 204 | Reward -300.00 | Epsilon 0.1979
Seed 15 | Episode 205 | Reward -9.00 | Epsilon 0.1972
Seed 15 | Episode 206 | Reward 37.00 | Epsilon 0.1968
Seed 15 | Episode 207 | Reward 6.00 | Epsilon 0.1963
Seed 15 | Episode 208 | Reward 51.00 | Epsilon 0.1960
Seed 15 | Episode 209 | Reward 55.00 | Epsilon 0.1957
Seed 15 | Episode 210 | Reward -11.00 | Epsilon 0.1951
Seed 15 | Episode 211 | Reward -300.00 | Epsilon 0.1933
Seed 15 | Episode 212 | Reward 21.00 | Epsilon 0.1928
Seed 15 | Episode 213 | Reward 38.00 | Epsilon 0.1925
Seed 15 | Episode 214 | Reward 40.00 | Epsilon 0.1921
Seed 15 | Episode 215 | Reward -5.00 | Epsilon 0.1915
Seed 15 | Episode 216 | Reward 53.00 | Epsilon 0.1912
Seed 15 | Episode 217 | Reward 48.00 | Epsilon 0.1909
Seed 15 | Episode 218 | Reward -30.00 | Epsilon 0.1902
Seed 15 | Episode 219 | Reward -300.00 | Epsilon 0.1885
Seed 15 | Episode 220 | Reward -300.00 | Epsilon 0.1868
Seed 15 | Episode 221 | Reward 56.00 | Epsilon 0.1865
Seed 15 | Episode 222 | Reward 49.00 | Epsilon 0.1863
Seed 15 | Episode 223 | Reward 44.00 | Epsilon 0.1859
Seed 15 | Episode 224 | Reward 48.00 | Epsilon 0.1856
Seed 15 | Episode 225 | Reward 45.00 | Epsilon 0.1853
Seed 15 | Episode 226 | Reward 54.00 | Epsilon 0.1851
Seed 15 | Episode 227 | Reward 58.00 | Epsilon 0.1848
Seed 15 | Episode 228 | Reward 1.00 | Epsilon 0.1843
Seed 15 | Episode 229 | Reward 46.00 | Epsilon 0.1840
Seed 15 | Episode 230 | Reward 50.00 | Epsilon 0.1837
Seed 15 | Episode 231 | Reward 43.00 | Epsilon 0.1834
Seed 15 | Episode 232 | Reward -17.00 | Epsilon 0.1827
Seed 15 | Episode 233 | Reward 48.00 | Epsilon 0.1824
Seed 15 | Episode 234 | Reward 47.00 | Epsilon 0.1821
Seed 15 | Episode 235 | Reward -13.00 | Epsilon 0.1815
Seed 15 | Episode 236 | Reward 48.00 | Epsilon 0.1812
Seed 15 | Episode 237 | Reward -120.00 | Epsilon 0.1800
Seed 15 | Episode 238 | Reward 57.00 | Epsilon 0.1798
Seed 15 | Episode 239 | Reward -136.00 | Epsilon 0.1785
Seed 15 | Episode 240 | Reward -187.00 | Epsilon 0.1770
Seed 15 | Episode 241 | Reward 48.00 | Epsilon 0.1767
Seed 15 | Episode 242 | Reward 58.00 | Epsilon 0.1765
Seed 15 | Episode 243 | Reward 50.00 | Epsilon 0.1762
Seed 15 | Episode 244 | Reward 35.00 | Epsilon 0.1759
Seed 15 | Episode 245 | Reward -9.00 | Epsilon 0.1753
Seed 15 | Episode 246 | Reward -25.00 | Epsilon 0.1746
Seed 15 | Episode 247 | Reward 47.00 | Epsilon 0.1743
Seed 15 | Episode 248 | Reward 41.00 | Epsilon 0.1740
Seed 15 | Episode 249 | Reward 58.00 | Epsilon 0.1738
Seed 15 | Episode 250 | Reward -3.00 | Epsilon 0.1733
Seed 15 | Episode 251 | Reward -14.00 | Epsilon 0.1727
Seed 15 | Episode 252 | Reward 59.00 | Epsilon 0.1724
Seed 15 | Episode 253 | Reward -91.00 | Epsilon 0.1714
Seed 15 | Episode 254 | Reward 59.00 | Epsilon 0.1712
Seed 15 | Episode 255 | Reward 42.00 | Epsilon 0.1709
Seed 15 | Episode 256 | Reward 47.00 | Epsilon 0.1707
Seed 15 | Episode 257 | Reward 62.00 | Epsilon 0.1705
Seed 15 | Episode 258 | Reward 46.00 | Epsilon 0.1702
Seed 15 | Episode 259 | Reward 43.00 | Epsilon 0.1699
Seed 15 | Episode 260 | Reward 48.00 | Epsilon 0.1696
Seed 15 | Episode 261 | Reward 0.00 | Epsilon 0.1691
Seed 15 | Episode 262 | Reward 55.00 | Epsilon 0.1689
Seed 15 | Episode 263 | Reward -12.00 | Epsilon 0.1683
Seed 15 | Episode 264 | Reward 40.00 | Epsilon 0.1680
Seed 15 | Episode 265 | Reward 44.00 | Epsilon 0.1677
Seed 15 | Episode 266 | Reward -6.00 | Epsilon 0.1672
Seed 15 | Episode 267 | Reward 17.00 | Epsilon 0.1667
Seed 15 | Episode 268 | Reward 46.00 | Epsilon 0.1665
Seed 15 | Episode 269 | Reward 41.00 | Epsilon 0.1662
Seed 15 | Episode 270 | Reward 53.00 | Epsilon 0.1659
Seed 15 | Episode 271 | Reward 45.00 | Epsilon 0.1656
Seed 15 | Episode 272 | Reward 61.00 | Epsilon 0.1654
Seed 15 | Episode 273 | Reward 51.00 | Epsilon 0.1652
Seed 15 | Episode 274 | Reward 55.00 | Epsilon 0.1650
Seed 15 | Episode 275 | Reward 41.00 | Epsilon 0.1647
Seed 15 | Episode 276 | Reward 61.00 | Epsilon 0.1645
Seed 15 | Episode 277 | Reward 45.00 | Epsilon 0.1642
Seed 15 | Episode 278 | Reward 43.00 | Epsilon 0.1639
Seed 15 | Episode 279 | Reward 21.00 | Epsilon 0.1635
Seed 15 | Episode 280 | Reward 40.00 | Epsilon 0.1632
Seed 15 | Episode 281 | Reward 0.00 | Epsilon 0.1627
Seed 15 | Episode 282 | Reward 61.00 | Epsilon 0.1625
Seed 15 | Episode 283 | Reward 40.00 | Epsilon 0.1622
Seed 15 | Episode 284 | Reward 59.00 | Epsilon 0.1620
Seed 15 | Episode 285 | Reward 45.00 | Epsilon 0.1618
Seed 15 | Episode 286 | Reward 44.00 | Epsilon 0.1615
Seed 15 | Episode 287 | Reward 3.00 | Epsilon 0.1610
Seed 15 | Episode 288 | Reward 44.00 | Epsilon 0.1607
Seed 15 | Episode 289 | Reward -105.00 | Epsilon 0.1597
Seed 15 | Episode 290 | Reward 54.00 | Epsilon 0.1595
Seed 15 | Episode 291 | Reward 21.00 | Epsilon 0.1591
Seed 15 | Episode 292 | Reward 44.00 | Epsilon 0.1589
Seed 15 | Episode 293 | Reward 45.00 | Epsilon 0.1586
Seed 15 | Episode 294 | Reward 34.00 | Epsilon 0.1583
Seed 15 | Episode 295 | Reward 58.00 | Epsilon 0.1581
Seed 15 | Episode 296 | Reward -4.00 | Epsilon 0.1576
Seed 15 | Episode 297 | Reward 49.00 | Epsilon 0.1573
Seed 15 | Episode 298 | Reward 44.00 | Epsilon 0.1571
Seed 15 | Episode 299 | Reward 44.00 | Epsilon 0.1568
Seed 15 | Episode 300 | Reward 53.00 | Epsilon 0.1566
Seed 15 | Episode 301 | Reward 38.00 | Epsilon 0.1563
Seed 15 | Episode 302 | Reward 54.00 | Epsilon 0.1561
Seed 15 | Episode 303 | Reward 56.00 | Epsilon 0.1558
Seed 15 | Episode 304 | Reward 48.00 | Epsilon 0.1556
Seed 15 | Episode 305 | Reward 54.00 | Epsilon 0.1554
Seed 15 | Episode 306 | Reward 52.00 | Epsilon 0.1551
Seed 15 | Episode 307 | Reward 57.00 | Epsilon 0.1549
Seed 15 | Episode 308 | Reward 46.00 | Epsilon 0.1547
Seed 15 | Episode 309 | Reward 46.00 | Epsilon 0.1544
Seed 15 | Episode 310 | Reward 60.00 | Epsilon 0.1542
Seed 15 | Episode 311 | Reward 54.00 | Epsilon 0.1540
Seed 15 | Episode 312 | Reward 59.00 | Epsilon 0.1538
Seed 15 | Episode 313 | Reward 61.00 | Epsilon 0.1536
Seed 15 | Episode 314 | Reward 59.00 | Epsilon 0.1535
Seed 15 | Episode 315 | Reward 59.00 | Epsilon 0.1533
Seed 15 | Episode 316 | Reward 53.00 | Epsilon 0.1530
Seed 15 | Episode 317 | Reward 43.00 | Epsilon 0.1528
Seed 15 | Episode 318 | Reward 44.00 | Epsilon 0.1525
Seed 15 | Episode 319 | Reward 43.00 | Epsilon 0.1522
Seed 15 | Episode 320 | Reward 53.00 | Epsilon 0.1520
Seed 15 | Episode 321 | Reward 57.00 | Epsilon 0.1518
Seed 15 | Episode 322 | Reward 16.00 | Epsilon 0.1514
Seed 15 | Episode 323 | Reward -33.00 | Epsilon 0.1508
Seed 15 | Episode 324 | Reward 6.00 | Epsilon 0.1504
Seed 15 | Episode 325 | Reward 56.00 | Epsilon 0.1502
Seed 15 | Episode 326 | Reward 50.00 | Epsilon 0.1500
Seed 15 | Episode 327 | Reward 61.00 | Epsilon 0.1498
Seed 15 | Episode 328 | Reward -24.00 | Epsilon 0.1492
Seed 15 | Episode 329 | Reward 60.00 | Epsilon 0.1490
Seed 15 | Episode 330 | Reward 47.00 | Epsilon 0.1488
Seed 15 | Episode 331 | Reward 29.00 | Epsilon 0.1485
Seed 15 | Episode 332 | Reward 42.00 | Epsilon 0.1482
Seed 15 | Episode 333 | Reward 46.00 | Epsilon 0.1480
Seed 15 | Episode 334 | Reward 50.00 | Epsilon 0.1478
Seed 15 | Episode 335 | Reward 37.00 | Epsilon 0.1475
Seed 15 | Episode 336 | Reward 50.00 | Epsilon 0.1472
Seed 15 | Episode 337 | Reward 37.00 | Epsilon 0.1470
Seed 15 | Episode 338 | Reward 54.00 | Epsilon 0.1468
Seed 15 | Episode 339 | Reward 62.00 | Epsilon 0.1466
Seed 15 | Episode 340 | Reward 62.00 | Epsilon 0.1464
Seed 15 | Episode 341 | Reward 50.00 | Epsilon 0.1462
Seed 15 | Episode 342 | Reward 56.00 | Epsilon 0.1460
Seed 15 | Episode 343 | Reward 44.00 | Epsilon 0.1457
Seed 15 | Episode 344 | Reward 60.00 | Epsilon 0.1456
Seed 15 | Episode 345 | Reward 61.00 | Epsilon 0.1454
Seed 15 | Episode 346 | Reward 52.00 | Epsilon 0.1452
Seed 15 | Episode 347 | Reward 48.00 | Epsilon 0.1449
Seed 15 | Episode 348 | Reward 53.00 | Epsilon 0.1447
Seed 15 | Episode 349 | Reward 53.00 | Epsilon 0.1445
Seed 15 | Episode 350 | Reward 45.00 | Epsilon 0.1443
Seed 15 | Episode 351 | Reward 43.00 | Epsilon 0.1440
Seed 15 | Episode 352 | Reward 39.00 | Epsilon 0.1438
Seed 15 | Episode 353 | Reward 35.00 | Epsilon 0.1435
Seed 15 | Episode 354 | Reward 56.00 | Epsilon 0.1433
Seed 15 | Episode 355 | Reward 43.00 | Epsilon 0.1430
Seed 15 | Episode 356 | Reward 50.00 | Epsilon 0.1428
Seed 15 | Episode 357 | Reward 37.00 | Epsilon 0.1425
Seed 15 | Episode 358 | Reward 48.00 | Epsilon 0.1423
Seed 15 | Episode 359 | Reward 58.00 | Epsilon 0.1421
Seed 15 | Episode 360 | Reward 39.00 | Epsilon 0.1419
Seed 15 | Episode 361 | Reward 48.00 | Epsilon 0.1416
Seed 15 | Episode 362 | Reward 44.00 | Epsilon 0.1414
Seed 15 | Episode 363 | Reward 46.00 | Epsilon 0.1412
Seed 15 | Episode 364 | Reward 61.00 | Epsilon 0.1410
Seed 15 | Episode 365 | Reward 41.00 | Epsilon 0.1407
Seed 15 | Episode 366 | Reward 47.00 | Epsilon 0.1405
Seed 15 | Episode 367 | Reward -25.00 | Epsilon 0.1400
Seed 15 | Episode 368 | Reward 45.00 | Epsilon 0.1398
Seed 15 | Episode 369 | Reward 53.00 | Epsilon 0.1396
Seed 15 | Episode 370 | Reward 54.00 | Epsilon 0.1394
Seed 15 | Episode 371 | Reward 45.00 | Epsilon 0.1391
Seed 15 | Episode 372 | Reward 49.00 | Epsilon 0.1389
Seed 15 | Episode 373 | Reward 43.00 | Epsilon 0.1387
Seed 15 | Episode 374 | Reward 43.00 | Epsilon 0.1384
Seed 15 | Episode 375 | Reward 43.00 | Epsilon 0.1382
Seed 15 | Episode 376 | Reward 34.00 | Epsilon 0.1379
Seed 15 | Episode 377 | Reward 48.00 | Epsilon 0.1377
Seed 15 | Episode 378 | Reward 50.00 | Epsilon 0.1375
Seed 15 | Episode 379 | Reward 56.00 | Epsilon 0.1373
Seed 15 | Episode 380 | Reward 59.00 | Epsilon 0.1371
Seed 15 | Episode 381 | Reward 44.00 | Epsilon 0.1369
Seed 15 | Episode 382 | Reward 50.00 | Epsilon 0.1367
Seed 15 | Episode 383 | Reward 33.00 | Epsilon 0.1364
Seed 15 | Episode 384 | Reward 62.00 | Epsilon 0.1362
Seed 15 | Episode 385 | Reward 50.00 | Epsilon 0.1360
Seed 15 | Episode 386 | Reward 45.00 | Epsilon 0.1358
Seed 15 | Episode 387 | Reward 52.00 | Epsilon 0.1356
Seed 15 | Episode 388 | Reward 48.00 | Epsilon 0.1354
Seed 15 | Episode 389 | Reward 46.00 | Epsilon 0.1352
Seed 15 | Episode 390 | Reward 41.00 | Epsilon 0.1349
Seed 15 | Episode 391 | Reward 50.00 | Epsilon 0.1347
Seed 15 | Episode 392 | Reward 57.00 | Epsilon 0.1345
Seed 15 | Episode 393 | Reward 52.00 | Epsilon 0.1343
Seed 15 | Episode 394 | Reward 56.00 | Epsilon 0.1342
Seed 15 | Episode 395 | Reward 55.00 | Epsilon 0.1340
Seed 15 | Episode 396 | Reward 53.00 | Epsilon 0.1338
Seed 15 | Episode 397 | Reward 57.00 | Epsilon 0.1336
Seed 15 | Episode 398 | Reward 34.00 | Epsilon 0.1333
Seed 15 | Episode 399 | Reward 57.00 | Epsilon 0.1332
Seed 15 | Episode 400 | Reward 43.00 | Epsilon 0.1329
Seed 15 | Episode 401 | Reward 59.00 | Epsilon 0.1328
Seed 15 | Episode 402 | Reward 57.00 | Epsilon 0.1326
Seed 15 | Episode 403 | Reward 51.00 | Epsilon 0.1324
Seed 15 | Episode 404 | Reward 49.00 | Epsilon 0.1322
Seed 15 | Episode 405 | Reward 52.00 | Epsilon 0.1320
Seed 15 | Episode 406 | Reward 47.00 | Epsilon 0.1318
Seed 15 | Episode 407 | Reward 42.00 | Epsilon 0.1315
Seed 15 | Episode 408 | Reward 50.00 | Epsilon 0.1313
Seed 15 | Episode 409 | Reward 51.00 | Epsilon 0.1311
Seed 15 | Episode 410 | Reward 55.00 | Epsilon 0.1310
Seed 15 | Episode 411 | Reward 60.00 | Epsilon 0.1308
Seed 15 | Episode 412 | Reward 51.00 | Epsilon 0.1306
Seed 15 | Episode 413 | Reward 46.00 | Epsilon 0.1304
Seed 15 | Episode 414 | Reward 52.00 | Epsilon 0.1302
Seed 15 | Episode 415 | Reward 44.00 | Epsilon 0.1300
Seed 15 | Episode 416 | Reward 45.00 | Epsilon 0.1298
Seed 15 | Episode 417 | Reward 42.00 | Epsilon 0.1295
Seed 15 | Episode 418 | Reward 47.00 | Epsilon 0.1293
Seed 15 | Episode 419 | Reward 39.00 | Epsilon 0.1291
Seed 15 | Episode 420 | Reward 39.00 | Epsilon 0.1288
Seed 15 | Episode 421 | Reward 52.00 | Epsilon 0.1286
Seed 15 | Episode 422 | Reward 49.00 | Epsilon 0.1284
Seed 15 | Episode 423 | Reward 46.00 | Epsilon 0.1282
Seed 15 | Episode 424 | Reward 48.00 | Epsilon 0.1280
Seed 15 | Episode 425 | Reward 57.00 | Epsilon 0.1279
Seed 15 | Episode 426 | Reward 48.00 | Epsilon 0.1277
Seed 15 | Episode 427 | Reward 48.00 | Epsilon 0.1275
Seed 15 | Episode 428 | Reward 40.00 | Epsilon 0.1272
Seed 15 | Episode 429 | Reward 49.00 | Epsilon 0.1270
Seed 15 | Episode 430 | Reward 44.00 | Epsilon 0.1268
Seed 15 | Episode 431 | Reward 39.00 | Epsilon 0.1266
Seed 15 | Episode 432 | Reward 54.00 | Epsilon 0.1264
Seed 15 | Episode 433 | Reward 46.00 | Epsilon 0.1262
Seed 15 | Episode 434 | Reward 56.00 | Epsilon 0.1260
Seed 15 | Episode 435 | Reward 35.00 | Epsilon 0.1258
Seed 15 | Episode 436 | Reward 52.00 | Epsilon 0.1256
Seed 15 | Episode 437 | Reward 42.00 | Epsilon 0.1254
Seed 15 | Episode 438 | Reward 59.00 | Epsilon 0.1252
Seed 15 | Episode 439 | Reward 53.00 | Epsilon 0.1250
Seed 15 | Episode 440 | Reward 24.00 | Epsilon 0.1247
Seed 15 | Episode 441 | Reward 56.00 | Epsilon 0.1246
Seed 15 | Episode 442 | Reward 50.00 | Epsilon 0.1244
Seed 15 | Episode 443 | Reward 62.00 | Epsilon 0.1242
Seed 15 | Episode 444 | Reward 49.00 | Epsilon 0.1240
Seed 15 | Episode 445 | Reward 56.00 | Epsilon 0.1239
Seed 15 | Episode 446 | Reward 63.00 | Epsilon 0.1237
Seed 15 | Episode 447 | Reward 52.00 | Epsilon 0.1235
Seed 15 | Episode 448 | Reward 64.00 | Epsilon 0.1234
Seed 15 | Episode 449 | Reward 49.00 | Epsilon 0.1232
Seed 15 | Episode 450 | Reward 57.00 | Epsilon 0.1230
Seed 15 | Episode 451 | Reward 53.00 | Epsilon 0.1229
Seed 15 | Episode 452 | Reward 45.00 | Epsilon 0.1227
Seed 15 | Episode 453 | Reward 38.00 | Epsilon 0.1224
Seed 15 | Episode 454 | Reward 59.00 | Epsilon 0.1223
Seed 15 | Episode 455 | Reward 48.00 | Epsilon 0.1221
Seed 15 | Episode 456 | Reward 55.00 | Epsilon 0.1219
Seed 15 | Episode 457 | Reward 54.00 | Epsilon 0.1217
Seed 15 | Episode 458 | Reward 64.00 | Epsilon 0.1216
Seed 15 | Episode 459 | Reward 48.00 | Epsilon 0.1214
Seed 15 | Episode 460 | Reward 46.00 | Epsilon 0.1212
Seed 15 | Episode 461 | Reward 43.00 | Epsilon 0.1210
Seed 15 | Episode 462 | Reward 55.00 | Epsilon 0.1208
Seed 15 | Episode 463 | Reward 64.00 | Epsilon 0.1207
Seed 15 | Episode 464 | Reward 59.00 | Epsilon 0.1206
Seed 15 | Episode 465 | Reward 41.00 | Epsilon 0.1203
Seed 15 | Episode 466 | Reward 62.00 | Epsilon 0.1202
Seed 15 | Episode 467 | Reward 63.00 | Epsilon 0.1201
Seed 15 | Episode 468 | Reward 47.00 | Epsilon 0.1199
Seed 15 | Episode 469 | Reward 46.00 | Epsilon 0.1197
Seed 15 | Episode 470 | Reward 47.00 | Epsilon 0.1195
Seed 15 | Episode 471 | Reward 56.00 | Epsilon 0.1193
Seed 15 | Episode 472 | Reward 55.00 | Epsilon 0.1191
Seed 15 | Episode 473 | Reward 44.00 | Epsilon 0.1189
Seed 15 | Episode 474 | Reward 55.00 | Epsilon 0.1188
Seed 15 | Episode 475 | Reward 63.00 | Epsilon 0.1186
Seed 15 | Episode 476 | Reward 49.00 | Epsilon 0.1185
Seed 15 | Episode 477 | Reward 62.00 | Epsilon 0.1183
Seed 15 | Episode 478 | Reward 50.00 | Epsilon 0.1181
Seed 15 | Episode 479 | Reward 42.00 | Epsilon 0.1179
Seed 15 | Episode 480 | Reward 51.00 | Epsilon 0.1178
Seed 15 | Episode 481 | Reward 59.00 | Epsilon 0.1176
Seed 15 | Episode 482 | Reward 28.00 | Epsilon 0.1173
Seed 15 | Episode 483 | Reward 57.00 | Epsilon 0.1172
Seed 15 | Episode 484 | Reward 48.00 | Epsilon 0.1170
Seed 15 | Episode 485 | Reward 50.00 | Epsilon 0.1168
Seed 15 | Episode 486 | Reward 61.00 | Epsilon 0.1167
Seed 15 | Episode 487 | Reward 44.00 | Epsilon 0.1165
Seed 15 | Episode 488 | Reward 53.00 | Epsilon 0.1163
Seed 15 | Episode 489 | Reward 61.00 | Epsilon 0.1162
Seed 15 | Episode 490 | Reward 44.00 | Epsilon 0.1160
Seed 15 | Episode 491 | Reward 33.00 | Epsilon 0.1157
Seed 15 | Episode 492 | Reward 46.00 | Epsilon 0.1156
Seed 15 | Episode 493 | Reward 56.00 | Epsilon 0.1154
Seed 15 | Episode 494 | Reward 48.00 | Epsilon 0.1152
Seed 15 | Episode 495 | Reward 49.00 | Epsilon 0.1150
Seed 15 | Episode 496 | Reward 58.00 | Epsilon 0.1149
Seed 15 | Episode 497 | Reward 48.00 | Epsilon 0.1147
Seed 15 | Episode 498 | Reward 57.00 | Epsilon 0.1146
Seed 15 | Episode 499 | Reward 57.00 | Epsilon 0.1144
Seed 15 | Episode 500 | Reward 57.00 | Epsilon 0.1143
Seed 15 | Episode 501 | Reward 41.00 | Epsilon 0.1140
Seed 15 | Episode 502 | Reward 50.00 | Epsilon 0.1139
Seed 15 | Episode 503 | Reward 51.00 | Epsilon 0.1137
Seed 15 | Episode 504 | Reward 62.00 | Epsilon 0.1136
Seed 15 | Episode 505 | Reward 45.00 | Epsilon 0.1134
Seed 15 | Episode 506 | Reward 55.00 | Epsilon 0.1132
Seed 15 | Episode 507 | Reward 42.00 | Epsilon 0.1130
Seed 15 | Episode 508 | Reward 45.00 | Epsilon 0.1128
Seed 15 | Episode 509 | Reward 46.00 | Epsilon 0.1126
Seed 15 | Episode 510 | Reward 46.00 | Epsilon 0.1125
Seed 15 | Episode 511 | Reward 46.00 | Epsilon 0.1123
Seed 15 | Episode 512 | Reward 45.00 | Epsilon 0.1121
Seed 15 | Episode 513 | Reward 44.00 | Epsilon 0.1119
Seed 15 | Episode 514 | Reward 59.00 | Epsilon 0.1118
Seed 15 | Episode 515 | Reward 59.00 | Epsilon 0.1116
Seed 15 | Episode 516 | Reward 57.00 | Epsilon 0.1115
Seed 15 | Episode 517 | Reward 51.00 | Epsilon 0.1113
Seed 15 | Episode 518 | Reward 57.00 | Epsilon 0.1112
Seed 15 | Episode 519 | Reward 55.00 | Epsilon 0.1110
Seed 15 | Episode 520 | Reward 56.00 | Epsilon 0.1109
Seed 15 | Episode 521 | Reward 59.00 | Epsilon 0.1107
Seed 15 | Episode 522 | Reward 47.00 | Epsilon 0.1105
Seed 15 | Episode 523 | Reward 44.00 | Epsilon 0.1103
Seed 15 | Episode 524 | Reward 59.00 | Epsilon 0.1102
Seed 15 | Episode 525 | Reward 45.00 | Epsilon 0.1100
Seed 15 | Episode 526 | Reward 48.00 | Epsilon 0.1098
Seed 15 | Episode 527 | Reward 47.00 | Epsilon 0.1097
Seed 15 | Episode 528 | Reward 12.00 | Epsilon 0.1094
Seed 15 | Episode 529 | Reward 53.00 | Epsilon 0.1092
Seed 15 | Episode 530 | Reward 46.00 | Epsilon 0.1090
Seed 15 | Episode 531 | Reward 38.00 | Epsilon 0.1088
Seed 15 | Episode 532 | Reward 52.00 | Epsilon 0.1087
Seed 15 | Episode 533 | Reward 49.00 | Epsilon 0.1085
Seed 15 | Episode 534 | Reward 56.00 | Epsilon 0.1084
Seed 15 | Episode 535 | Reward 53.00 | Epsilon 0.1082
Seed 15 | Episode 536 | Reward 52.00 | Epsilon 0.1080
Seed 15 | Episode 537 | Reward 42.00 | Epsilon 0.1078
Seed 15 | Episode 538 | Reward 43.00 | Epsilon 0.1077
Seed 15 | Episode 539 | Reward 61.00 | Epsilon 0.1075
Seed 15 | Episode 540 | Reward 41.00 | Epsilon 0.1073
Seed 15 | Episode 541 | Reward 48.00 | Epsilon 0.1072
Seed 15 | Episode 542 | Reward 56.00 | Epsilon 0.1070
Seed 15 | Episode 543 | Reward 48.00 | Epsilon 0.1069
Seed 15 | Episode 544 | Reward 60.00 | Epsilon 0.1067
Seed 15 | Episode 545 | Reward 52.00 | Epsilon 0.1066
Seed 15 | Episode 546 | Reward 47.00 | Epsilon 0.1064
Seed 15 | Episode 547 | Reward 44.00 | Epsilon 0.1062
Seed 15 | Episode 548 | Reward 47.00 | Epsilon 0.1060
Seed 15 | Episode 549 | Reward 63.00 | Epsilon 0.1059
Seed 15 | Episode 550 | Reward 50.00 | Epsilon 0.1058
Seed 15 | Episode 551 | Reward 46.00 | Epsilon 0.1056
Seed 15 | Episode 552 | Reward 39.00 | Epsilon 0.1054
Seed 15 | Episode 553 | Reward 45.00 | Epsilon 0.1052
Seed 15 | Episode 554 | Reward 48.00 | Epsilon 0.1050
Seed 15 | Episode 555 | Reward 48.00 | Epsilon 0.1049
Seed 15 | Episode 556 | Reward 51.00 | Epsilon 0.1047
Seed 15 | Episode 557 | Reward 41.00 | Epsilon 0.1045
Seed 15 | Episode 558 | Reward 58.00 | Epsilon 0.1044
Seed 15 | Episode 559 | Reward 47.00 | Epsilon 0.1042
Seed 15 | Episode 560 | Reward 43.00 | Epsilon 0.1040
Seed 15 | Episode 561 | Reward 33.00 | Epsilon 0.1038
Seed 15 | Episode 562 | Reward 48.00 | Epsilon 0.1037
Seed 15 | Episode 563 | Reward 52.00 | Epsilon 0.1035
Seed 15 | Episode 564 | Reward 46.00 | Epsilon 0.1033
Seed 15 | Episode 565 | Reward 45.00 | Epsilon 0.1032
Seed 15 | Episode 566 | Reward 47.00 | Epsilon 0.1030
Seed 15 | Episode 567 | Reward 60.00 | Epsilon 0.1029
Seed 15 | Episode 568 | Reward 58.00 | Epsilon 0.1027
Seed 15 | Episode 569 | Reward 44.00 | Epsilon 0.1026
Seed 15 | Episode 570 | Reward 55.00 | Epsilon 0.1024
Seed 15 | Episode 571 | Reward 49.00 | Epsilon 0.1023
Seed 15 | Episode 572 | Reward 53.00 | Epsilon 0.1021
Seed 15 | Episode 573 | Reward 41.00 | Epsilon 0.1019
Seed 15 | Episode 574 | Reward 40.00 | Epsilon 0.1018
Seed 15 | Episode 575 | Reward 45.00 | Epsilon 0.1016
Seed 15 | Episode 576 | Reward 48.00 | Epsilon 0.1014
Seed 15 | Episode 577 | Reward 51.00 | Epsilon 0.1013
Seed 15 | Episode 578 | Reward 48.00 | Epsilon 0.1011
Seed 15 | Episode 579 | Reward 60.00 | Epsilon 0.1010
Seed 15 | Episode 580 | Reward 39.00 | Epsilon 0.1008
Seed 15 | Episode 581 | Reward 44.00 | Epsilon 0.1006
Seed 15 | Episode 582 | Reward 66.00 | Epsilon 0.1005
Seed 15 | Episode 583 | Reward 52.00 | Epsilon 0.1004
Seed 15 | Episode 584 | Reward 40.00 | Epsilon 0.1002
Seed 15 | Episode 585 | Reward 53.00 | Epsilon 0.1000
Seed 15 | Episode 586 | Reward 59.00 | Epsilon 0.0999
Seed 15 | Episode 587 | Reward 49.00 | Epsilon 0.0998
Seed 15 | Episode 588 | Reward 61.00 | Epsilon 0.0996
Seed 15 | Episode 589 | Reward 56.00 | Epsilon 0.0995
Seed 15 | Episode 590 | Reward 48.00 | Epsilon 0.0993
Seed 15 | Episode 591 | Reward 32.00 | Epsilon 0.0991
Seed 15 | Episode 592 | Reward 55.00 | Epsilon 0.0990
Seed 15 | Episode 593 | Reward 55.00 | Epsilon 0.0989
Seed 15 | Episode 594 | Reward 42.00 | Epsilon 0.0987
Seed 15 | Episode 595 | Reward 51.00 | Epsilon 0.0985
Seed 15 | Episode 596 | Reward 50.00 | Epsilon 0.0984
Seed 15 | Episode 597 | Reward 63.00 | Epsilon 0.0983
Seed 15 | Episode 598 | Reward 50.00 | Epsilon 0.0981
Seed 15 | Episode 599 | Reward 53.00 | Epsilon 0.0980
Seed 15 | Episode 600 | Reward 55.00 | Epsilon 0.0979
Seed 15 | Episode 601 | Reward 39.00 | Epsilon 0.0977
Seed 15 | Episode 602 | Reward 60.00 | Epsilon 0.0976
Seed 15 | Episode 603 | Reward 53.00 | Epsilon 0.0974
Seed 15 | Episode 604 | Reward 48.00 | Epsilon 0.0973
Seed 15 | Episode 605 | Reward 38.00 | Epsilon 0.0971
Seed 15 | Episode 606 | Reward 45.00 | Epsilon 0.0969
Seed 15 | Episode 607 | Reward 53.00 | Epsilon 0.0968
Seed 15 | Episode 608 | Reward 58.00 | Epsilon 0.0966
Seed 15 | Episode 609 | Reward 43.00 | Epsilon 0.0965
Seed 15 | Episode 610 | Reward 51.00 | Epsilon 0.0963
Seed 15 | Episode 611 | Reward 47.00 | Epsilon 0.0962
Seed 15 | Episode 612 | Reward 41.00 | Epsilon 0.0960
Seed 15 | Episode 613 | Reward 63.00 | Epsilon 0.0959
Seed 15 | Episode 614 | Reward 41.00 | Epsilon 0.0957
Seed 15 | Episode 615 | Reward 46.00 | Epsilon 0.0956
Seed 15 | Episode 616 | Reward 49.00 | Epsilon 0.0954
Seed 15 | Episode 617 | Reward 52.00 | Epsilon 0.0953
Seed 15 | Episode 618 | Reward 51.00 | Epsilon 0.0951
Seed 15 | Episode 619 | Reward 62.00 | Epsilon 0.0950
Seed 15 | Episode 620 | Reward 46.00 | Epsilon 0.0949
Seed 15 | Episode 621 | Reward 24.00 | Epsilon 0.0946
Seed 15 | Episode 622 | Reward 49.00 | Epsilon 0.0945
Seed 15 | Episode 623 | Reward 59.00 | Epsilon 0.0944
Seed 15 | Episode 624 | Reward 48.00 | Epsilon 0.0942
Seed 15 | Episode 625 | Reward 52.00 | Epsilon 0.0941
Seed 15 | Episode 626 | Reward 52.00 | Epsilon 0.0940
Seed 15 | Episode 627 | Reward 38.00 | Epsilon 0.0938
Seed 15 | Episode 628 | Reward 52.00 | Epsilon 0.0936
Seed 15 | Episode 629 | Reward 46.00 | Epsilon 0.0935
Seed 15 | Episode 630 | Reward 59.00 | Epsilon 0.0934
Seed 15 | Episode 631 | Reward 56.00 | Epsilon 0.0932
Seed 15 | Episode 632 | Reward 64.00 | Epsilon 0.0931
Seed 15 | Episode 633 | Reward 61.00 | Epsilon 0.0930
Seed 15 | Episode 634 | Reward 62.00 | Epsilon 0.0929
Seed 15 | Episode 635 | Reward 52.00 | Epsilon 0.0928
Seed 15 | Episode 636 | Reward 45.00 | Epsilon 0.0926
Seed 15 | Episode 637 | Reward 45.00 | Epsilon 0.0925
Seed 15 | Episode 638 | Reward 49.00 | Epsilon 0.0923
Seed 15 | Episode 639 | Reward 47.00 | Epsilon 0.0922
Seed 15 | Episode 640 | Reward 46.00 | Epsilon 0.0920
Seed 15 | Episode 641 | Reward 60.00 | Epsilon 0.0919
Seed 15 | Episode 642 | Reward 61.00 | Epsilon 0.0918
Seed 15 | Episode 643 | Reward 39.00 | Epsilon 0.0916
Seed 15 | Episode 644 | Reward 44.00 | Epsilon 0.0915
Seed 15 | Episode 645 | Reward 46.00 | Epsilon 0.0913
Seed 15 | Episode 646 | Reward 57.00 | Epsilon 0.0912
Seed 15 | Episode 647 | Reward 54.00 | Epsilon 0.0911
Seed 15 | Episode 648 | Reward 47.00 | Epsilon 0.0909
Seed 15 | Episode 649 | Reward 56.00 | Epsilon 0.0908
Seed 15 | Episode 650 | Reward 53.00 | Epsilon 0.0907
Seed 15 | Episode 651 | Reward 43.00 | Epsilon 0.0905
Seed 15 | Episode 652 | Reward 46.00 | Epsilon 0.0904
Seed 15 | Episode 653 | Reward 60.00 | Epsilon 0.0903
Seed 15 | Episode 654 | Reward 44.00 | Epsilon 0.0901
Seed 15 | Episode 655 | Reward 49.00 | Epsilon 0.0900
Seed 15 | Episode 656 | Reward 49.00 | Epsilon 0.0898
Seed 15 | Episode 657 | Reward 49.00 | Epsilon 0.0897
Seed 15 | Episode 658 | Reward 47.00 | Epsilon 0.0895
Seed 15 | Episode 659 | Reward 36.00 | Epsilon 0.0894
Seed 15 | Episode 660 | Reward 48.00 | Epsilon 0.0892
Seed 15 | Episode 661 | Reward 49.00 | Epsilon 0.0891
Seed 15 | Episode 662 | Reward 55.00 | Epsilon 0.0890
Seed 15 | Episode 663 | Reward 46.00 | Epsilon 0.0888
Seed 15 | Episode 664 | Reward 43.00 | Epsilon 0.0887
Seed 15 | Episode 665 | Reward 53.00 | Epsilon 0.0885
Seed 15 | Episode 666 | Reward 38.00 | Epsilon 0.0884
Seed 15 | Episode 667 | Reward 45.00 | Epsilon 0.0882
Seed 15 | Episode 668 | Reward 48.00 | Epsilon 0.0881
Seed 15 | Episode 669 | Reward 54.00 | Epsilon 0.0879
Seed 15 | Episode 670 | Reward 60.00 | Epsilon 0.0878
Seed 15 | Episode 671 | Reward 47.00 | Epsilon 0.0877
Seed 15 | Episode 672 | Reward 41.00 | Epsilon 0.0875
Seed 15 | Episode 673 | Reward 52.00 | Epsilon 0.0874
Seed 15 | Episode 674 | Reward 54.00 | Epsilon 0.0873
Seed 15 | Episode 675 | Reward 56.00 | Epsilon 0.0872
Seed 15 | Episode 676 | Reward 62.00 | Epsilon 0.0871
Seed 15 | Episode 677 | Reward 47.00 | Epsilon 0.0869
Seed 15 | Episode 678 | Reward 51.00 | Epsilon 0.0868
Seed 15 | Episode 679 | Reward 52.00 | Epsilon 0.0867
Seed 15 | Episode 680 | Reward 58.00 | Epsilon 0.0866
Seed 15 | Episode 681 | Reward 50.00 | Epsilon 0.0864
Seed 15 | Episode 682 | Reward 50.00 | Epsilon 0.0863
Seed 15 | Episode 683 | Reward 54.00 | Epsilon 0.0862
Seed 15 | Episode 684 | Reward 60.00 | Epsilon 0.0861
Seed 15 | Episode 685 | Reward 47.00 | Epsilon 0.0859
Seed 15 | Episode 686 | Reward 44.00 | Epsilon 0.0858
Seed 15 | Episode 687 | Reward 20.00 | Epsilon 0.0856
Seed 15 | Episode 688 | Reward 55.00 | Epsilon 0.0855
Seed 15 | Episode 689 | Reward 56.00 | Epsilon 0.0853
Seed 15 | Episode 690 | Reward 51.00 | Epsilon 0.0852
Seed 15 | Episode 691 | Reward 55.00 | Epsilon 0.0851
Seed 15 | Episode 692 | Reward 50.00 | Epsilon 0.0850
Seed 15 | Episode 693 | Reward 61.00 | Epsilon 0.0849
Seed 15 | Episode 694 | Reward 64.00 | Epsilon 0.0848
Seed 15 | Episode 695 | Reward 53.00 | Epsilon 0.0846
Seed 15 | Episode 696 | Reward 10.00 | Epsilon 0.0844
Seed 15 | Episode 697 | Reward 62.00 | Epsilon 0.0843
Seed 15 | Episode 698 | Reward 50.00 | Epsilon 0.0842
Seed 15 | Episode 699 | Reward 60.00 | Epsilon 0.0841
Seed 15 | Episode 700 | Reward 55.00 | Epsilon 0.0840
Seed 15 | Episode 701 | Reward 52.00 | Epsilon 0.0838
Seed 15 | Episode 702 | Reward 48.00 | Epsilon 0.0837
Seed 15 | Episode 703 | Reward 44.00 | Epsilon 0.0836
Seed 15 | Episode 704 | Reward 46.00 | Epsilon 0.0834
Seed 15 | Episode 705 | Reward 51.00 | Epsilon 0.0833
Seed 15 | Episode 706 | Reward 42.00 | Epsilon 0.0832
Seed 15 | Episode 707 | Reward 57.00 | Epsilon 0.0830
Seed 15 | Episode 708 | Reward 46.00 | Epsilon 0.0829
Seed 15 | Episode 709 | Reward 9.00 | Epsilon 0.0827
Seed 15 | Episode 710 | Reward 42.00 | Epsilon 0.0825
Seed 15 | Episode 711 | Reward 38.00 | Epsilon 0.0824
Seed 15 | Episode 712 | Reward 60.00 | Epsilon 0.0823
Seed 15 | Episode 713 | Reward 50.00 | Epsilon 0.0822
Seed 15 | Episode 714 | Reward 48.00 | Epsilon 0.0820
Seed 15 | Episode 715 | Reward 54.00 | Epsilon 0.0819
Seed 15 | Episode 716 | Reward 45.00 | Epsilon 0.0818
Seed 15 | Episode 717 | Reward 48.00 | Epsilon 0.0816
Seed 15 | Episode 718 | Reward 52.00 | Epsilon 0.0815
Seed 15 | Episode 719 | Reward 50.00 | Epsilon 0.0814
Seed 15 | Episode 720 | Reward 52.00 | Epsilon 0.0813
Seed 15 | Episode 721 | Reward 53.00 | Epsilon 0.0812
Seed 15 | Episode 722 | Reward 13.00 | Epsilon 0.0809
Seed 15 | Episode 723 | Reward 49.00 | Epsilon 0.0808
Seed 15 | Episode 724 | Reward 58.00 | Epsilon 0.0807
Seed 15 | Episode 725 | Reward 55.00 | Epsilon 0.0806
Seed 15 | Episode 726 | Reward 42.00 | Epsilon 0.0805
Seed 15 | Episode 727 | Reward 52.00 | Epsilon 0.0803
Seed 15 | Episode 728 | Reward 51.00 | Epsilon 0.0802
Seed 15 | Episode 729 | Reward 48.00 | Epsilon 0.0801
Seed 15 | Episode 730 | Reward 63.00 | Epsilon 0.0800
Seed 15 | Episode 731 | Reward 46.00 | Epsilon 0.0799
Seed 15 | Episode 732 | Reward 48.00 | Epsilon 0.0797
Seed 15 | Episode 733 | Reward 61.00 | Epsilon 0.0796
Seed 15 | Episode 734 | Reward 51.00 | Epsilon 0.0795
Seed 15 | Episode 735 | Reward 52.00 | Epsilon 0.0794
Seed 15 | Episode 736 | Reward 52.00 | Epsilon 0.0793
Seed 15 | Episode 737 | Reward 63.00 | Epsilon 0.0792
Seed 15 | Episode 738 | Reward 40.00 | Epsilon 0.0791
Seed 15 | Episode 739 | Reward 37.00 | Epsilon 0.0789
Seed 15 | Episode 740 | Reward 56.00 | Epsilon 0.0788
Seed 15 | Episode 741 | Reward 62.00 | Epsilon 0.0787
Seed 15 | Episode 742 | Reward 59.00 | Epsilon 0.0786
Seed 15 | Episode 743 | Reward 22.00 | Epsilon 0.0784
Seed 15 | Episode 744 | Reward 59.00 | Epsilon 0.0783
Seed 15 | Episode 745 | Reward 59.00 | Epsilon 0.0782
Seed 15 | Episode 746 | Reward 54.00 | Epsilon 0.0781
Seed 15 | Episode 747 | Reward 50.00 | Epsilon 0.0780
Seed 15 | Episode 748 | Reward 56.00 | Epsilon 0.0779
Seed 15 | Episode 749 | Reward 47.00 | Epsilon 0.0778
Seed 15 | Episode 750 | Reward 43.00 | Epsilon 0.0776
Seed 15 | Episode 751 | Reward 59.00 | Epsilon 0.0775
Seed 15 | Episode 752 | Reward 48.00 | Epsilon 0.0774
Seed 15 | Episode 753 | Reward 58.00 | Epsilon 0.0773
Seed 15 | Episode 754 | Reward 46.00 | Epsilon 0.0772
Seed 15 | Episode 755 | Reward 46.00 | Epsilon 0.0771
Seed 15 | Episode 756 | Reward 46.00 | Epsilon 0.0769
Seed 15 | Episode 757 | Reward 43.00 | Epsilon 0.0768
Seed 15 | Episode 758 | Reward 47.00 | Epsilon 0.0767
Seed 15 | Episode 759 | Reward 25.00 | Epsilon 0.0765
Seed 15 | Episode 760 | Reward 57.00 | Epsilon 0.0764
Seed 15 | Episode 761 | Reward 47.00 | Epsilon 0.0763
Seed 15 | Episode 762 | Reward 51.00 | Epsilon 0.0762
Seed 15 | Episode 763 | Reward 62.00 | Epsilon 0.0761
Seed 15 | Episode 764 | Reward 48.00 | Epsilon 0.0759
Seed 15 | Episode 765 | Reward 44.00 | Epsilon 0.0758
Seed 15 | Episode 766 | Reward 44.00 | Epsilon 0.0757
Seed 15 | Episode 767 | Reward 58.00 | Epsilon 0.0756
Seed 15 | Episode 768 | Reward 38.00 | Epsilon 0.0754
Seed 15 | Episode 769 | Reward 57.00 | Epsilon 0.0753
Seed 15 | Episode 770 | Reward 52.00 | Epsilon 0.0752
Seed 15 | Episode 771 | Reward 47.00 | Epsilon 0.0751
Seed 15 | Episode 772 | Reward 43.00 | Epsilon 0.0750
Seed 15 | Episode 773 | Reward 42.00 | Epsilon 0.0749
Seed 15 | Episode 774 | Reward 48.00 | Epsilon 0.0747
Seed 15 | Episode 775 | Reward 50.00 | Epsilon 0.0746
Seed 15 | Episode 776 | Reward 51.00 | Epsilon 0.0745
Seed 15 | Episode 777 | Reward 54.00 | Epsilon 0.0744
Seed 15 | Episode 778 | Reward 56.00 | Epsilon 0.0743
Seed 15 | Episode 779 | Reward 47.00 | Epsilon 0.0742
Seed 15 | Episode 780 | Reward 60.00 | Epsilon 0.0741
Seed 15 | Episode 781 | Reward 63.00 | Epsilon 0.0740
Seed 15 | Episode 782 | Reward 52.00 | Epsilon 0.0739
Seed 15 | Episode 783 | Reward 56.00 | Epsilon 0.0738
Seed 15 | Episode 784 | Reward 63.00 | Epsilon 0.0737
Seed 15 | Episode 785 | Reward 65.00 | Epsilon 0.0736
Seed 15 | Episode 786 | Reward 51.00 | Epsilon 0.0735
Seed 15 | Episode 787 | Reward 58.00 | Epsilon 0.0734
Seed 15 | Episode 788 | Reward 49.00 | Epsilon 0.0733
Seed 15 | Episode 789 | Reward 50.00 | Epsilon 0.0732
Seed 15 | Episode 790 | Reward 52.00 | Epsilon 0.0731
Seed 15 | Episode 791 | Reward 55.00 | Epsilon 0.0730
Seed 15 | Episode 792 | Reward 50.00 | Epsilon 0.0729
Seed 15 | Episode 793 | Reward 55.00 | Epsilon 0.0728
Seed 15 | Episode 794 | Reward 63.00 | Epsilon 0.0727
Seed 15 | Episode 795 | Reward 47.00 | Epsilon 0.0726
Seed 15 | Episode 796 | Reward 59.00 | Epsilon 0.0725
Seed 15 | Episode 797 | Reward 60.00 | Epsilon 0.0724
Seed 15 | Episode 798 | Reward 48.00 | Epsilon 0.0723
Seed 15 | Episode 799 | Reward 43.00 | Epsilon 0.0722
Seed 15 | Episode 800 | Reward 45.00 | Epsilon 0.0720
Seed 15 | Episode 801 | Reward 48.00 | Epsilon 0.0719
Seed 15 | Episode 802 | Reward 57.00 | Epsilon 0.0718
Seed 15 | Episode 803 | Reward 61.00 | Epsilon 0.0717
Seed 15 | Episode 804 | Reward 45.00 | Epsilon 0.0716
Seed 15 | Episode 805 | Reward 54.00 | Epsilon 0.0715
Seed 15 | Episode 806 | Reward 49.00 | Epsilon 0.0714
Seed 15 | Episode 807 | Reward 57.00 | Epsilon 0.0713
Seed 15 | Episode 808 | Reward 59.00 | Epsilon 0.0712
Seed 15 | Episode 809 | Reward 45.00 | Epsilon 0.0711
Seed 15 | Episode 810 | Reward 62.00 | Epsilon 0.0710
Seed 15 | Episode 811 | Reward 49.00 | Epsilon 0.0709
Seed 15 | Episode 812 | Reward 62.00 | Epsilon 0.0708
Seed 15 | Episode 813 | Reward 44.00 | Epsilon 0.0707
Seed 15 | Episode 814 | Reward 54.00 | Epsilon 0.0706
Seed 15 | Episode 815 | Reward 48.00 | Epsilon 0.0705
Seed 15 | Episode 816 | Reward 52.00 | Epsilon 0.0704
Seed 15 | Episode 817 | Reward 57.00 | Epsilon 0.0703
Seed 15 | Episode 818 | Reward 58.00 | Epsilon 0.0702
Seed 15 | Episode 819 | Reward 60.00 | Epsilon 0.0701
Seed 15 | Episode 820 | Reward 46.00 | Epsilon 0.0700
Seed 15 | Episode 821 | Reward 53.00 | Epsilon 0.0699
Seed 15 | Episode 822 | Reward 45.00 | Epsilon 0.0698
Seed 15 | Episode 823 | Reward 40.00 | Epsilon 0.0697
Seed 15 | Episode 824 | Reward 57.00 | Epsilon 0.0696
Seed 15 | Episode 825 | Reward 61.00 | Epsilon 0.0695
Seed 15 | Episode 826 | Reward 49.00 | Epsilon 0.0694
Seed 15 | Episode 827 | Reward 45.00 | Epsilon 0.0693
Seed 15 | Episode 828 | Reward 54.00 | Epsilon 0.0692
Seed 15 | Episode 829 | Reward 53.00 | Epsilon 0.0691
Seed 15 | Episode 830 | Reward 45.00 | Epsilon 0.0690
Seed 15 | Episode 831 | Reward 55.00 | Epsilon 0.0689
Seed 15 | Episode 832 | Reward 57.00 | Epsilon 0.0688
Seed 15 | Episode 833 | Reward 36.00 | Epsilon 0.0686
Seed 15 | Episode 834 | Reward 51.00 | Epsilon 0.0685
Seed 15 | Episode 835 | Reward 53.00 | Epsilon 0.0684
Seed 15 | Episode 836 | Reward 52.00 | Epsilon 0.0683
Seed 15 | Episode 837 | Reward 52.00 | Epsilon 0.0682
Seed 15 | Episode 838 | Reward 64.00 | Epsilon 0.0682
Seed 15 | Episode 839 | Reward 54.00 | Epsilon 0.0681
Seed 15 | Episode 840 | Reward 42.00 | Epsilon 0.0679
Seed 15 | Episode 841 | Reward 50.00 | Epsilon 0.0678
Seed 15 | Episode 842 | Reward 47.00 | Epsilon 0.0677
Seed 15 | Episode 843 | Reward 54.00 | Epsilon 0.0676
Seed 15 | Episode 844 | Reward 55.00 | Epsilon 0.0675
Seed 15 | Episode 845 | Reward 36.00 | Epsilon 0.0674
Seed 15 | Episode 846 | Reward 55.00 | Epsilon 0.0673
Seed 15 | Episode 847 | Reward 50.00 | Epsilon 0.0672
Seed 15 | Episode 848 | Reward 64.00 | Epsilon 0.0671
Seed 15 | Episode 849 | Reward 50.00 | Epsilon 0.0670
Seed 15 | Episode 850 | Reward 50.00 | Epsilon 0.0669
Seed 15 | Episode 851 | Reward 46.00 | Epsilon 0.0668
Seed 15 | Episode 852 | Reward 60.00 | Epsilon 0.0667
Seed 15 | Episode 853 | Reward 48.00 | Epsilon 0.0666
Seed 15 | Episode 854 | Reward 46.00 | Epsilon 0.0665
Seed 15 | Episode 855 | Reward 56.00 | Epsilon 0.0664
Seed 15 | Episode 856 | Reward 58.00 | Epsilon 0.0663
Seed 15 | Episode 857 | Reward 63.00 | Epsilon 0.0663
Seed 15 | Episode 858 | Reward 48.00 | Epsilon 0.0662
Seed 15 | Episode 859 | Reward 47.00 | Epsilon 0.0661
Seed 15 | Episode 860 | Reward 65.00 | Epsilon 0.0660
Seed 15 | Episode 861 | Reward 57.00 | Epsilon 0.0659
Seed 15 | Episode 862 | Reward 40.00 | Epsilon 0.0658
Seed 15 | Episode 863 | Reward 57.00 | Epsilon 0.0657
Seed 15 | Episode 864 | Reward 46.00 | Epsilon 0.0656
Seed 15 | Episode 865 | Reward 44.00 | Epsilon 0.0655
Seed 15 | Episode 866 | Reward 59.00 | Epsilon 0.0654
Seed 15 | Episode 867 | Reward 54.00 | Epsilon 0.0653
Seed 15 | Episode 868 | Reward 50.00 | Epsilon 0.0652
Seed 15 | Episode 869 | Reward 54.00 | Epsilon 0.0651
Seed 15 | Episode 870 | Reward 58.00 | Epsilon 0.0650
Seed 15 | Episode 871 | Reward 63.00 | Epsilon 0.0649
Seed 15 | Episode 872 | Reward 45.00 | Epsilon 0.0648
Seed 15 | Episode 873 | Reward 62.00 | Epsilon 0.0648
Seed 15 | Episode 874 | Reward 41.00 | Epsilon 0.0646
Seed 15 | Episode 875 | Reward 64.00 | Epsilon 0.0646
Seed 15 | Episode 876 | Reward 63.00 | Epsilon 0.0645
Seed 15 | Episode 877 | Reward 60.00 | Epsilon 0.0644
Seed 15 | Episode 878 | Reward 44.00 | Epsilon 0.0643
Seed 15 | Episode 879 | Reward 54.00 | Epsilon 0.0642
Seed 15 | Episode 880 | Reward 48.00 | Epsilon 0.0641
Seed 15 | Episode 881 | Reward 51.00 | Epsilon 0.0640
Seed 15 | Episode 882 | Reward 62.00 | Epsilon 0.0639
Seed 15 | Episode 883 | Reward 53.00 | Epsilon 0.0639
Seed 15 | Episode 884 | Reward 60.00 | Epsilon 0.0638
Seed 15 | Episode 885 | Reward 52.00 | Epsilon 0.0637
Seed 15 | Episode 886 | Reward 50.00 | Epsilon 0.0636
Seed 15 | Episode 887 | Reward 47.00 | Epsilon 0.0635
Seed 15 | Episode 888 | Reward 40.00 | Epsilon 0.0634
Seed 15 | Episode 889 | Reward 49.00 | Epsilon 0.0633
Seed 15 | Episode 890 | Reward 49.00 | Epsilon 0.0632
Seed 15 | Episode 891 | Reward 46.00 | Epsilon 0.0631
Seed 15 | Episode 892 | Reward 48.00 | Epsilon 0.0630
Seed 15 | Episode 893 | Reward 46.00 | Epsilon 0.0629
Seed 15 | Episode 894 | Reward 61.00 | Epsilon 0.0628
Seed 15 | Episode 895 | Reward 53.00 | Epsilon 0.0627
Seed 15 | Episode 896 | Reward 56.00 | Epsilon 0.0626
Seed 15 | Episode 897 | Reward 43.00 | Epsilon 0.0625
Seed 15 | Episode 898 | Reward 44.00 | Epsilon 0.0624
Seed 15 | Episode 899 | Reward 46.00 | Epsilon 0.0623
Seed 15 | Episode 900 | Reward 44.00 | Epsilon 0.0622
Seed 15 | Episode 901 | Reward 46.00 | Epsilon 0.0621
Seed 15 | Episode 902 | Reward 51.00 | Epsilon 0.0620
Seed 15 | Episode 903 | Reward 63.00 | Epsilon 0.0619
Seed 15 | Episode 904 | Reward 47.00 | Epsilon 0.0618
Seed 15 | Episode 905 | Reward 47.00 | Epsilon 0.0617
Seed 15 | Episode 906 | Reward 57.00 | Epsilon 0.0616
Seed 15 | Episode 907 | Reward 51.00 | Epsilon 0.0615
Seed 15 | Episode 908 | Reward 54.00 | Epsilon 0.0615
Seed 15 | Episode 909 | Reward 16.00 | Epsilon 0.0613
Seed 15 | Episode 910 | Reward 51.00 | Epsilon 0.0612
Seed 15 | Episode 911 | Reward 43.00 | Epsilon 0.0611
Seed 15 | Episode 912 | Reward 49.00 | Epsilon 0.0610
Seed 15 | Episode 913 | Reward 57.00 | Epsilon 0.0609
Seed 15 | Episode 914 | Reward 53.00 | Epsilon 0.0608
Seed 15 | Episode 915 | Reward 53.00 | Epsilon 0.0608
Seed 15 | Episode 916 | Reward 51.00 | Epsilon 0.0607
Seed 15 | Episode 917 | Reward 45.00 | Epsilon 0.0606
Seed 15 | Episode 918 | Reward 55.00 | Epsilon 0.0605
Seed 15 | Episode 919 | Reward 44.00 | Epsilon 0.0604
Seed 15 | Episode 920 | Reward 50.00 | Epsilon 0.0603
Seed 15 | Episode 921 | Reward 59.00 | Epsilon 0.0602
Seed 15 | Episode 922 | Reward 53.00 | Epsilon 0.0601
Seed 15 | Episode 923 | Reward 43.00 | Epsilon 0.0600
Seed 15 | Episode 924 | Reward 60.00 | Epsilon 0.0599
Seed 15 | Episode 925 | Reward 56.00 | Epsilon 0.0599
Seed 15 | Episode 926 | Reward 49.00 | Epsilon 0.0598
Seed 15 | Episode 927 | Reward 42.00 | Epsilon 0.0597
Seed 15 | Episode 928 | Reward 40.00 | Epsilon 0.0595
Seed 15 | Episode 929 | Reward 30.00 | Epsilon 0.0594
Seed 15 | Episode 930 | Reward 58.00 | Epsilon 0.0593
Seed 15 | Episode 931 | Reward 53.00 | Epsilon 0.0593
Seed 15 | Episode 932 | Reward 55.00 | Epsilon 0.0592
Seed 15 | Episode 933 | Reward 45.00 | Epsilon 0.0591
Seed 15 | Episode 934 | Reward 57.00 | Epsilon 0.0590
Seed 15 | Episode 935 | Reward 55.00 | Epsilon 0.0589
Seed 15 | Episode 936 | Reward 63.00 | Epsilon 0.0589
Seed 15 | Episode 937 | Reward 44.00 | Epsilon 0.0588
Seed 15 | Episode 938 | Reward 47.00 | Epsilon 0.0587
Seed 15 | Episode 939 | Reward 51.00 | Epsilon 0.0586
Seed 15 | Episode 940 | Reward 51.00 | Epsilon 0.0585
Seed 15 | Episode 941 | Reward 45.00 | Epsilon 0.0584
Seed 15 | Episode 942 | Reward 50.00 | Epsilon 0.0583
Seed 15 | Episode 943 | Reward 62.00 | Epsilon 0.0582
Seed 15 | Episode 944 | Reward 61.00 | Epsilon 0.0582
Seed 15 | Episode 945 | Reward 52.00 | Epsilon 0.0581
Seed 15 | Episode 946 | Reward 57.00 | Epsilon 0.0580
Seed 15 | Episode 947 | Reward 57.00 | Epsilon 0.0579
Seed 15 | Episode 948 | Reward 56.00 | Epsilon 0.0578
Seed 15 | Episode 949 | Reward 55.00 | Epsilon 0.0578
Seed 15 | Episode 950 | Reward 56.00 | Epsilon 0.0577
Seed 15 | Episode 951 | Reward 51.00 | Epsilon 0.0576
Seed 15 | Episode 952 | Reward 58.00 | Epsilon 0.0575
Seed 15 | Episode 953 | Reward 55.00 | Epsilon 0.0574
Seed 15 | Episode 954 | Reward 51.00 | Epsilon 0.0574
Seed 15 | Episode 955 | Reward 63.00 | Epsilon 0.0573
Seed 15 | Episode 956 | Reward 47.00 | Epsilon 0.0572
Seed 15 | Episode 957 | Reward 49.00 | Epsilon 0.0571
Seed 15 | Episode 958 | Reward 60.00 | Epsilon 0.0570
Seed 15 | Episode 959 | Reward 55.00 | Epsilon 0.0570
Seed 15 | Episode 960 | Reward 49.00 | Epsilon 0.0569
Seed 15 | Episode 961 | Reward 57.00 | Epsilon 0.0568
Seed 15 | Episode 962 | Reward 52.00 | Epsilon 0.0567
Seed 15 | Episode 963 | Reward 52.00 | Epsilon 0.0566
Seed 15 | Episode 964 | Reward 46.00 | Epsilon 0.0565
Seed 15 | Episode 965 | Reward 46.00 | Epsilon 0.0564
Seed 15 | Episode 966 | Reward 61.00 | Epsilon 0.0564
Seed 15 | Episode 967 | Reward 64.00 | Epsilon 0.0563
Seed 15 | Episode 968 | Reward 48.00 | Epsilon 0.0562
Seed 15 | Episode 969 | Reward 57.00 | Epsilon 0.0561
Seed 15 | Episode 970 | Reward 41.00 | Epsilon 0.0560
Seed 15 | Episode 971 | Reward 51.00 | Epsilon 0.0560
Seed 15 | Episode 972 | Reward 52.00 | Epsilon 0.0559
Seed 15 | Episode 973 | Reward 41.00 | Epsilon 0.0558
Seed 15 | Episode 974 | Reward 52.00 | Epsilon 0.0557
Seed 15 | Episode 975 | Reward 51.00 | Epsilon 0.0556
Seed 15 | Episode 976 | Reward 54.00 | Epsilon 0.0555
Seed 15 | Episode 977 | Reward 55.00 | Epsilon 0.0555
Seed 15 | Episode 978 | Reward 46.00 | Epsilon 0.0554
Seed 15 | Episode 979 | Reward 49.00 | Epsilon 0.0553
Seed 15 | Episode 980 | Reward 47.00 | Epsilon 0.0552
Seed 15 | Episode 981 | Reward 56.00 | Epsilon 0.0551
Seed 15 | Episode 982 | Reward 46.00 | Epsilon 0.0550
Seed 15 | Episode 983 | Reward 56.00 | Epsilon 0.0550
Seed 15 | Episode 984 | Reward 46.00 | Epsilon 0.0549
Seed 15 | Episode 985 | Reward 49.00 | Epsilon 0.0548
Seed 15 | Episode 986 | Reward 38.00 | Epsilon 0.0547
Seed 15 | Episode 987 | Reward 49.00 | Epsilon 0.0546
Seed 15 | Episode 988 | Reward 31.00 | Epsilon 0.0545
Seed 15 | Episode 989 | Reward 52.00 | Epsilon 0.0544
Seed 15 | Episode 990 | Reward 56.00 | Epsilon 0.0543
Seed 15 | Episode 991 | Reward 60.00 | Epsilon 0.0543
Seed 15 | Episode 992 | Reward 63.00 | Epsilon 0.0542
Seed 15 | Episode 993 | Reward 52.00 | Epsilon 0.0541
Seed 15 | Episode 994 | Reward 57.00 | Epsilon 0.0540
Seed 15 | Episode 995 | Reward 62.00 | Epsilon 0.0540
Seed 15 | Episode 996 | Reward 46.00 | Epsilon 0.0539
Seed 15 | Episode 997 | Reward 45.00 | Epsilon 0.0538
Seed 15 | Episode 998 | Reward 45.00 | Epsilon 0.0537
Seed 15 | Episode 999 | Reward 43.00 | Epsilon 0.0536
Finished seed 15
