starting job
Sun Dec  7 20:04:43 2025       
+-----------------------------------------------------------------------------------------+
| NVIDIA-SMI 580.65.06              Driver Version: 580.65.06      CUDA Version: 13.0     |
+-----------------------------------------+------------------------+----------------------+
| GPU  Name                 Persistence-M | Bus-Id          Disp.A | Volatile Uncorr. ECC |
| Fan  Temp   Perf          Pwr:Usage/Cap |           Memory-Usage | GPU-Util  Compute M. |
|                                         |                        |               MIG M. |
|=========================================+========================+======================|
|   0  NVIDIA H100 80GB HBM3          On  |   00000000:46:00.0 Off |                   On |
| N/A   21C    P0             64W /  700W |     101MiB /  81559MiB |     N/A      Default |
|                                         |                        |              Enabled |
+-----------------------------------------+------------------------+----------------------+

+-----------------------------------------------------------------------------------------+
| MIG devices:                                                                            |
+------------------+----------------------------------+-----------+-----------------------+
| GPU  GI  CI  MIG |              Shared Memory-Usage |        Vol|        Shared         |
|      ID  ID  Dev |                Shared BAR1-Usage | SM     Unc| CE ENC  DEC  OFA  JPG |
|                  |                                  |        ECC|                       |
|==================+==================================+===========+=======================|
|  0   10   0   0  |              15MiB /  9984MiB    | 16      0 |  1   0    1    0    1 |
|                  |               0MiB /  6185MiB    |           |                       |
+------------------+----------------------------------+-----------+-----------------------+

+-----------------------------------------------------------------------------------------+
| Processes:                                                                              |
|  GPU   GI   CI              PID   Type   Process name                        GPU Memory |
|        ID   ID                                                               Usage      |
|=========================================================================================|
|  No running processes found                                                             |
+-----------------------------------------------------------------------------------------+
Running seed 6
Gym has been unmaintained since 2022 and does not support NumPy 2.0 amongst other critical functionality.
Please upgrade to Gymnasium, the maintained drop-in replacement of Gym, or contact the authors of your software and request that they upgrade.
Users of this version of Gym should be able to simply replace 'import gym' with 'import gymnasium as gym' in the vast majority of cases.
See the migration guide at https://gymnasium.farama.org/introduction/migration_guide/ for additional information.
Seed 6 | Episode 0 | Reward -300.00 | Epsilon 0.9987
Seed 6 | Episode 1 | Reward -300.00 | Epsilon 0.9897
Seed 6 | Episode 2 | Reward 53.00 | Epsilon 0.9883
Seed 6 | Episode 3 | Reward -300.00 | Epsilon 0.9794
Seed 6 | Episode 4 | Reward -300.00 | Epsilon 0.9706
Seed 6 | Episode 5 | Reward -300.00 | Epsilon 0.9620
Seed 6 | Episode 6 | Reward -300.00 | Epsilon 0.9533
Seed 6 | Episode 7 | Reward -300.00 | Epsilon 0.9448
Seed 6 | Episode 8 | Reward -300.00 | Epsilon 0.9363
Seed 6 | Episode 9 | Reward -300.00 | Epsilon 0.9279
Seed 6 | Episode 10 | Reward -300.00 | Epsilon 0.9196
Seed 6 | Episode 11 | Reward -300.00 | Epsilon 0.9114
Seed 6 | Episode 12 | Reward -300.00 | Epsilon 0.9032
Seed 6 | Episode 13 | Reward -300.00 | Epsilon 0.8951
Seed 6 | Episode 14 | Reward -300.00 | Epsilon 0.8871
Seed 6 | Episode 15 | Reward -300.00 | Epsilon 0.8792
Seed 6 | Episode 16 | Reward -300.00 | Epsilon 0.8713
Seed 6 | Episode 17 | Reward -300.00 | Epsilon 0.8635
Seed 6 | Episode 18 | Reward -300.00 | Epsilon 0.8557
Seed 6 | Episode 19 | Reward -300.00 | Epsilon 0.8481
Seed 6 | Episode 20 | Reward -300.00 | Epsilon 0.8405
Seed 6 | Episode 21 | Reward -300.00 | Epsilon 0.8329
Seed 6 | Episode 22 | Reward -300.00 | Epsilon 0.8255
Seed 6 | Episode 23 | Reward -300.00 | Epsilon 0.8181
Seed 6 | Episode 24 | Reward -300.00 | Epsilon 0.8108
Seed 6 | Episode 25 | Reward -300.00 | Epsilon 0.8035
Seed 6 | Episode 26 | Reward -300.00 | Epsilon 0.7963
Seed 6 | Episode 27 | Reward -300.00 | Epsilon 0.7892
Seed 6 | Episode 28 | Reward -300.00 | Epsilon 0.7821
Seed 6 | Episode 29 | Reward -300.00 | Epsilon 0.7751
Seed 6 | Episode 30 | Reward -300.00 | Epsilon 0.7681
Seed 6 | Episode 31 | Reward -300.00 | Epsilon 0.7612
Seed 6 | Episode 32 | Reward -300.00 | Epsilon 0.7544
Seed 6 | Episode 33 | Reward -300.00 | Epsilon 0.7477
Seed 6 | Episode 34 | Reward -300.00 | Epsilon 0.7410
Seed 6 | Episode 35 | Reward -300.00 | Epsilon 0.7343
Seed 6 | Episode 36 | Reward -300.00 | Epsilon 0.7278
Seed 6 | Episode 37 | Reward -300.00 | Epsilon 0.7212
Seed 6 | Episode 38 | Reward -300.00 | Epsilon 0.7148
Seed 6 | Episode 39 | Reward -300.00 | Epsilon 0.7084
Seed 6 | Episode 40 | Reward -300.00 | Epsilon 0.7020
Seed 6 | Episode 41 | Reward -300.00 | Epsilon 0.6957
Seed 6 | Episode 42 | Reward -300.00 | Epsilon 0.6895
Seed 6 | Episode 43 | Reward 4.00 | Epsilon 0.6875
Seed 6 | Episode 44 | Reward -300.00 | Epsilon 0.6813
Seed 6 | Episode 45 | Reward -300.00 | Epsilon 0.6752
Seed 6 | Episode 46 | Reward -300.00 | Epsilon 0.6692
Seed 6 | Episode 47 | Reward -300.00 | Epsilon 0.6632
Seed 6 | Episode 48 | Reward -300.00 | Epsilon 0.6572
Seed 6 | Episode 49 | Reward -300.00 | Epsilon 0.6514
Seed 6 | Episode 50 | Reward -110.00 | Epsilon 0.6472
Seed 6 | Episode 51 | Reward -300.00 | Epsilon 0.6414
Seed 6 | Episode 52 | Reward -300.00 | Epsilon 0.6357
Seed 6 | Episode 53 | Reward -300.00 | Epsilon 0.6300
Seed 6 | Episode 54 | Reward 51.00 | Epsilon 0.6291
Seed 6 | Episode 55 | Reward -300.00 | Epsilon 0.6234
Seed 6 | Episode 56 | Reward -300.00 | Epsilon 0.6178
Seed 6 | Episode 57 | Reward -300.00 | Epsilon 0.6123
Seed 6 | Episode 58 | Reward -300.00 | Epsilon 0.6068
Seed 6 | Episode 59 | Reward -300.00 | Epsilon 0.6014
Seed 6 | Episode 60 | Reward 40.00 | Epsilon 0.6003
Seed 6 | Episode 61 | Reward -300.00 | Epsilon 0.5949
Seed 6 | Episode 62 | Reward -100.00 | Epsilon 0.5913
Seed 6 | Episode 63 | Reward -300.00 | Epsilon 0.5860
Seed 6 | Episode 64 | Reward -300.00 | Epsilon 0.5808
Seed 6 | Episode 65 | Reward -300.00 | Epsilon 0.5756
Seed 6 | Episode 66 | Reward -300.00 | Epsilon 0.5704
Seed 6 | Episode 67 | Reward -17.00 | Epsilon 0.5684
Seed 6 | Episode 68 | Reward -300.00 | Epsilon 0.5633
Seed 6 | Episode 69 | Reward -300.00 | Epsilon 0.5583
Seed 6 | Episode 70 | Reward 50.00 | Epsilon 0.5574
Seed 6 | Episode 71 | Reward -300.00 | Epsilon 0.5524
Seed 6 | Episode 72 | Reward -150.00 | Epsilon 0.5483
Seed 6 | Episode 73 | Reward -300.00 | Epsilon 0.5434
Seed 6 | Episode 74 | Reward -300.00 | Epsilon 0.5385
Seed 6 | Episode 75 | Reward -300.00 | Epsilon 0.5337
Seed 6 | Episode 76 | Reward -45.00 | Epsilon 0.5313
Seed 6 | Episode 77 | Reward -300.00 | Epsilon 0.5266
Seed 6 | Episode 78 | Reward 48.00 | Epsilon 0.5257
Seed 6 | Episode 79 | Reward -185.00 | Epsilon 0.5212
Seed 6 | Episode 80 | Reward -300.00 | Epsilon 0.5166
Seed 6 | Episode 81 | Reward -101.00 | Epsilon 0.5134
Seed 6 | Episode 82 | Reward -300.00 | Epsilon 0.5088
Seed 6 | Episode 83 | Reward -300.00 | Epsilon 0.5043
Seed 6 | Episode 84 | Reward -300.00 | Epsilon 0.4998
Seed 6 | Episode 85 | Reward -300.00 | Epsilon 0.4953
Seed 6 | Episode 86 | Reward 24.00 | Epsilon 0.4941
Seed 6 | Episode 87 | Reward -62.00 | Epsilon 0.4917
Seed 6 | Episode 88 | Reward 36.00 | Epsilon 0.4908
Seed 6 | Episode 89 | Reward -28.00 | Epsilon 0.4889
Seed 6 | Episode 90 | Reward -300.00 | Epsilon 0.4845
Seed 6 | Episode 91 | Reward -300.00 | Epsilon 0.4802
Seed 6 | Episode 92 | Reward -91.00 | Epsilon 0.4774
Seed 6 | Episode 93 | Reward 47.00 | Epsilon 0.4766
Seed 6 | Episode 94 | Reward -300.00 | Epsilon 0.4724
Seed 6 | Episode 95 | Reward 28.00 | Epsilon 0.4713
Seed 6 | Episode 96 | Reward -300.00 | Epsilon 0.4671
Seed 6 | Episode 97 | Reward -108.00 | Epsilon 0.4642
Seed 6 | Episode 98 | Reward 59.00 | Epsilon 0.4636
Seed 6 | Episode 99 | Reward -75.00 | Epsilon 0.4612
Seed 6 | Episode 100 | Reward 58.00 | Epsilon 0.4606
Seed 6 | Episode 101 | Reward -300.00 | Epsilon 0.4564
Seed 6 | Episode 102 | Reward 36.00 | Epsilon 0.4555
Seed 6 | Episode 103 | Reward -122.00 | Epsilon 0.4525
Seed 6 | Episode 104 | Reward -111.00 | Epsilon 0.4496
Seed 6 | Episode 105 | Reward -19.00 | Epsilon 0.4480
Seed 6 | Episode 106 | Reward -300.00 | Epsilon 0.4440
Seed 6 | Episode 107 | Reward -300.00 | Epsilon 0.4400
Seed 6 | Episode 108 | Reward -69.00 | Epsilon 0.4378
Seed 6 | Episode 109 | Reward -300.00 | Epsilon 0.4339
Seed 6 | Episode 110 | Reward 44.00 | Epsilon 0.4331
Seed 6 | Episode 111 | Reward 39.00 | Epsilon 0.4323
Seed 6 | Episode 112 | Reward 55.00 | Epsilon 0.4317
Seed 6 | Episode 113 | Reward 59.00 | Epsilon 0.4312
Seed 6 | Episode 114 | Reward 49.00 | Epsilon 0.4305
Seed 6 | Episode 115 | Reward -127.00 | Epsilon 0.4276
Seed 6 | Episode 116 | Reward -83.00 | Epsilon 0.4252
Seed 6 | Episode 117 | Reward 45.00 | Epsilon 0.4245
Seed 6 | Episode 118 | Reward -45.00 | Epsilon 0.4227
Seed 6 | Episode 119 | Reward 26.00 | Epsilon 0.4217
Seed 6 | Episode 120 | Reward 41.00 | Epsilon 0.4209
Seed 6 | Episode 121 | Reward -21.00 | Epsilon 0.4194
Seed 6 | Episode 122 | Reward -3.00 | Epsilon 0.4181
Seed 6 | Episode 123 | Reward 43.00 | Epsilon 0.4174
Seed 6 | Episode 124 | Reward 37.00 | Epsilon 0.4166
Seed 6 | Episode 125 | Reward 36.00 | Epsilon 0.4158
Seed 6 | Episode 126 | Reward 31.00 | Epsilon 0.4149
Seed 6 | Episode 127 | Reward 53.00 | Epsilon 0.4143
Seed 6 | Episode 128 | Reward -68.00 | Epsilon 0.4122
Seed 6 | Episode 129 | Reward -88.00 | Epsilon 0.4099
Seed 6 | Episode 130 | Reward 53.00 | Epsilon 0.4093
Seed 6 | Episode 131 | Reward -92.00 | Epsilon 0.4069
Seed 6 | Episode 132 | Reward -195.00 | Epsilon 0.4033
Seed 6 | Episode 133 | Reward 37.00 | Epsilon 0.4025
Seed 6 | Episode 134 | Reward -13.00 | Epsilon 0.4012
Seed 6 | Episode 135 | Reward 54.00 | Epsilon 0.4006
Seed 6 | Episode 136 | Reward 50.00 | Epsilon 0.4000
Seed 6 | Episode 137 | Reward 45.00 | Epsilon 0.3993
Seed 6 | Episode 138 | Reward 49.00 | Epsilon 0.3987
Seed 6 | Episode 139 | Reward 45.00 | Epsilon 0.3980
Seed 6 | Episode 140 | Reward 38.00 | Epsilon 0.3973
Seed 6 | Episode 141 | Reward -46.00 | Epsilon 0.3955
Seed 6 | Episode 142 | Reward 45.00 | Epsilon 0.3949
Seed 6 | Episode 143 | Reward 11.00 | Epsilon 0.3938
Seed 6 | Episode 144 | Reward 32.00 | Epsilon 0.3930
Seed 6 | Episode 145 | Reward 48.00 | Epsilon 0.3924
Seed 6 | Episode 146 | Reward 24.00 | Epsilon 0.3915
Seed 6 | Episode 147 | Reward -1.00 | Epsilon 0.3903
Seed 6 | Episode 148 | Reward 43.00 | Epsilon 0.3896
Seed 6 | Episode 149 | Reward 46.00 | Epsilon 0.3889
Seed 6 | Episode 150 | Reward 49.00 | Epsilon 0.3883
Seed 6 | Episode 151 | Reward 47.00 | Epsilon 0.3877
Seed 6 | Episode 152 | Reward 55.00 | Epsilon 0.3872
Seed 6 | Episode 153 | Reward 45.00 | Epsilon 0.3865
Seed 6 | Episode 154 | Reward 48.00 | Epsilon 0.3859
Seed 6 | Episode 155 | Reward 55.00 | Epsilon 0.3854
Seed 6 | Episode 156 | Reward 52.00 | Epsilon 0.3848
Seed 6 | Episode 157 | Reward -52.00 | Epsilon 0.3830
Seed 6 | Episode 158 | Reward 51.00 | Epsilon 0.3825
Seed 6 | Episode 159 | Reward 43.00 | Epsilon 0.3818
Seed 6 | Episode 160 | Reward 51.00 | Epsilon 0.3812
Seed 6 | Episode 161 | Reward 11.00 | Epsilon 0.3802
Seed 6 | Episode 162 | Reward 52.00 | Epsilon 0.3797
Seed 6 | Episode 163 | Reward -43.00 | Epsilon 0.3780
Seed 6 | Episode 164 | Reward 55.00 | Epsilon 0.3775
Seed 6 | Episode 165 | Reward 54.00 | Epsilon 0.3770
Seed 6 | Episode 166 | Reward 51.00 | Epsilon 0.3764
Seed 6 | Episode 167 | Reward 44.00 | Epsilon 0.3758
Seed 6 | Episode 168 | Reward 45.00 | Epsilon 0.3751
Seed 6 | Episode 169 | Reward 33.00 | Epsilon 0.3744
Seed 6 | Episode 170 | Reward -93.00 | Epsilon 0.3722
Seed 6 | Episode 171 | Reward 53.00 | Epsilon 0.3716
Seed 6 | Episode 172 | Reward 45.00 | Epsilon 0.3710
Seed 6 | Episode 173 | Reward 35.00 | Epsilon 0.3703
Seed 6 | Episode 174 | Reward 44.00 | Epsilon 0.3697
Seed 6 | Episode 175 | Reward -36.00 | Epsilon 0.3681
Seed 6 | Episode 176 | Reward 53.00 | Epsilon 0.3676
Seed 6 | Episode 177 | Reward 50.00 | Epsilon 0.3671
Seed 6 | Episode 178 | Reward 42.00 | Epsilon 0.3664
Seed 6 | Episode 179 | Reward 48.00 | Epsilon 0.3658
Seed 6 | Episode 180 | Reward 44.00 | Epsilon 0.3652
Seed 6 | Episode 181 | Reward -20.00 | Epsilon 0.3639
Seed 6 | Episode 182 | Reward 37.00 | Epsilon 0.3632
Seed 6 | Episode 183 | Reward 45.00 | Epsilon 0.3626
Seed 6 | Episode 184 | Reward 41.00 | Epsilon 0.3619
Seed 6 | Episode 185 | Reward 52.00 | Epsilon 0.3614
Seed 6 | Episode 186 | Reward 25.00 | Epsilon 0.3606
Seed 6 | Episode 187 | Reward 47.00 | Epsilon 0.3600
Seed 6 | Episode 188 | Reward 60.00 | Epsilon 0.3595
Seed 6 | Episode 189 | Reward 46.00 | Epsilon 0.3589
Seed 6 | Episode 190 | Reward 38.00 | Epsilon 0.3583
Seed 6 | Episode 191 | Reward 41.00 | Epsilon 0.3576
Seed 6 | Episode 192 | Reward 54.00 | Epsilon 0.3571
Seed 6 | Episode 193 | Reward 51.00 | Epsilon 0.3566
Seed 6 | Episode 194 | Reward 41.00 | Epsilon 0.3559
Seed 6 | Episode 195 | Reward 47.00 | Epsilon 0.3554
Seed 6 | Episode 196 | Reward 21.00 | Epsilon 0.3545
Seed 6 | Episode 197 | Reward 44.00 | Epsilon 0.3539
Seed 6 | Episode 198 | Reward 35.00 | Epsilon 0.3532
Seed 6 | Episode 199 | Reward 39.00 | Epsilon 0.3525
Seed 6 | Episode 200 | Reward 38.00 | Epsilon 0.3519
Seed 6 | Episode 201 | Reward 57.00 | Epsilon 0.3514
Seed 6 | Episode 202 | Reward 51.00 | Epsilon 0.3509
Seed 6 | Episode 203 | Reward 37.00 | Epsilon 0.3502
Seed 6 | Episode 204 | Reward 41.00 | Epsilon 0.3496
Seed 6 | Episode 205 | Reward 52.00 | Epsilon 0.3491
Seed 6 | Episode 206 | Reward -20.00 | Epsilon 0.3478
Seed 6 | Episode 207 | Reward 42.00 | Epsilon 0.3472
Seed 6 | Episode 208 | Reward 50.00 | Epsilon 0.3467
Seed 6 | Episode 209 | Reward 57.00 | Epsilon 0.3462
Seed 6 | Episode 210 | Reward 38.00 | Epsilon 0.3456
Seed 6 | Episode 211 | Reward 52.00 | Epsilon 0.3450
Seed 6 | Episode 212 | Reward 40.00 | Epsilon 0.3444
Seed 6 | Episode 213 | Reward 25.00 | Epsilon 0.3436
Seed 6 | Episode 214 | Reward 32.00 | Epsilon 0.3429
Seed 6 | Episode 215 | Reward 57.00 | Epsilon 0.3425
Seed 6 | Episode 216 | Reward 51.00 | Epsilon 0.3420
Seed 6 | Episode 217 | Reward 58.00 | Epsilon 0.3415
Seed 6 | Episode 218 | Reward 39.00 | Epsilon 0.3409
Seed 6 | Episode 219 | Reward 63.00 | Epsilon 0.3405
Seed 6 | Episode 220 | Reward 40.00 | Epsilon 0.3399
Seed 6 | Episode 221 | Reward 50.00 | Epsilon 0.3393
Seed 6 | Episode 222 | Reward 58.00 | Epsilon 0.3389
Seed 6 | Episode 223 | Reward 55.00 | Epsilon 0.3384
Seed 6 | Episode 224 | Reward 47.00 | Epsilon 0.3379
Seed 6 | Episode 225 | Reward 49.00 | Epsilon 0.3374
Seed 6 | Episode 226 | Reward 50.00 | Epsilon 0.3369
Seed 6 | Episode 227 | Reward -5.00 | Epsilon 0.3358
Seed 6 | Episode 228 | Reward 50.00 | Epsilon 0.3353
Seed 6 | Episode 229 | Reward 52.00 | Epsilon 0.3348
Seed 6 | Episode 230 | Reward 49.00 | Epsilon 0.3343
Seed 6 | Episode 231 | Reward 48.00 | Epsilon 0.3337
Seed 6 | Episode 232 | Reward 53.00 | Epsilon 0.3332
Seed 6 | Episode 233 | Reward 50.00 | Epsilon 0.3327
Seed 6 | Episode 234 | Reward 48.00 | Epsilon 0.3322
Seed 6 | Episode 235 | Reward 11.00 | Epsilon 0.3313
Seed 6 | Episode 236 | Reward 52.00 | Epsilon 0.3308
Seed 6 | Episode 237 | Reward 36.00 | Epsilon 0.3302
Seed 6 | Episode 238 | Reward 43.00 | Epsilon 0.3296
Seed 6 | Episode 239 | Reward 36.00 | Epsilon 0.3290
Seed 6 | Episode 240 | Reward 51.00 | Epsilon 0.3285
Seed 6 | Episode 241 | Reward 49.00 | Epsilon 0.3280
Seed 6 | Episode 242 | Reward 54.00 | Epsilon 0.3275
Seed 6 | Episode 243 | Reward 57.00 | Epsilon 0.3271
Seed 6 | Episode 244 | Reward -40.00 | Epsilon 0.3257
Seed 6 | Episode 245 | Reward 41.00 | Epsilon 0.3251
Seed 6 | Episode 246 | Reward 49.00 | Epsilon 0.3246
Seed 6 | Episode 247 | Reward 49.00 | Epsilon 0.3241
Seed 6 | Episode 248 | Reward 55.00 | Epsilon 0.3236
Seed 6 | Episode 249 | Reward 39.00 | Epsilon 0.3230
Seed 6 | Episode 250 | Reward 52.00 | Epsilon 0.3226
Seed 6 | Episode 251 | Reward -21.00 | Epsilon 0.3214
Seed 6 | Episode 252 | Reward 55.00 | Epsilon 0.3209
Seed 6 | Episode 253 | Reward 42.00 | Epsilon 0.3204
Seed 6 | Episode 254 | Reward 47.00 | Epsilon 0.3199
Seed 6 | Episode 255 | Reward 36.00 | Epsilon 0.3192
Seed 6 | Episode 256 | Reward 23.00 | Epsilon 0.3185
Seed 6 | Episode 257 | Reward 42.00 | Epsilon 0.3179
Seed 6 | Episode 258 | Reward 62.00 | Epsilon 0.3175
Seed 6 | Episode 259 | Reward 24.00 | Epsilon 0.3168
Seed 6 | Episode 260 | Reward 47.00 | Epsilon 0.3163
Seed 6 | Episode 261 | Reward 46.00 | Epsilon 0.3158
Seed 6 | Episode 262 | Reward 51.00 | Epsilon 0.3153
Seed 6 | Episode 263 | Reward 41.00 | Epsilon 0.3147
Seed 6 | Episode 264 | Reward 37.00 | Epsilon 0.3141
Seed 6 | Episode 265 | Reward 53.00 | Epsilon 0.3137
Seed 6 | Episode 266 | Reward 39.00 | Epsilon 0.3131
Seed 6 | Episode 267 | Reward 39.00 | Epsilon 0.3125
Seed 6 | Episode 268 | Reward 43.00 | Epsilon 0.3120
Seed 6 | Episode 269 | Reward 57.00 | Epsilon 0.3116
Seed 6 | Episode 270 | Reward 41.00 | Epsilon 0.3110
Seed 6 | Episode 271 | Reward 43.00 | Epsilon 0.3105
Seed 6 | Episode 272 | Reward 55.00 | Epsilon 0.3100
Seed 6 | Episode 273 | Reward 55.00 | Epsilon 0.3096
Seed 6 | Episode 274 | Reward 44.00 | Epsilon 0.3091
Seed 6 | Episode 275 | Reward 41.00 | Epsilon 0.3085
Seed 6 | Episode 276 | Reward 36.00 | Epsilon 0.3079
Seed 6 | Episode 277 | Reward -13.00 | Epsilon 0.3069
Seed 6 | Episode 278 | Reward 41.00 | Epsilon 0.3063
Seed 6 | Episode 279 | Reward 49.00 | Epsilon 0.3058
Seed 6 | Episode 280 | Reward 46.00 | Epsilon 0.3053
Seed 6 | Episode 281 | Reward 57.00 | Epsilon 0.3049
Seed 6 | Episode 282 | Reward 27.00 | Epsilon 0.3043
Seed 6 | Episode 283 | Reward 41.00 | Epsilon 0.3037
Seed 6 | Episode 284 | Reward 47.00 | Epsilon 0.3032
Seed 6 | Episode 285 | Reward 48.00 | Epsilon 0.3027
Seed 6 | Episode 286 | Reward 35.00 | Epsilon 0.3021
Seed 6 | Episode 287 | Reward 56.00 | Epsilon 0.3017
Seed 6 | Episode 288 | Reward 33.00 | Epsilon 0.3011
Seed 6 | Episode 289 | Reward 60.00 | Epsilon 0.3007
Seed 6 | Episode 290 | Reward -22.00 | Epsilon 0.2996
Seed 6 | Episode 291 | Reward 58.00 | Epsilon 0.2993
Seed 6 | Episode 292 | Reward 52.00 | Epsilon 0.2988
Seed 6 | Episode 293 | Reward 56.00 | Epsilon 0.2984
Seed 6 | Episode 294 | Reward 50.00 | Epsilon 0.2980
Seed 6 | Episode 295 | Reward 51.00 | Epsilon 0.2975
Seed 6 | Episode 296 | Reward 45.00 | Epsilon 0.2970
Seed 6 | Episode 297 | Reward 56.00 | Epsilon 0.2966
Seed 6 | Episode 298 | Reward 54.00 | Epsilon 0.2962
Seed 6 | Episode 299 | Reward 48.00 | Epsilon 0.2957
Seed 6 | Episode 300 | Reward 35.00 | Epsilon 0.2951
Seed 6 | Episode 301 | Reward 52.00 | Epsilon 0.2947
Seed 6 | Episode 302 | Reward 52.00 | Epsilon 0.2943
Seed 6 | Episode 303 | Reward 33.00 | Epsilon 0.2937
Seed 6 | Episode 304 | Reward 53.00 | Epsilon 0.2932
Seed 6 | Episode 305 | Reward 40.00 | Epsilon 0.2927
Seed 6 | Episode 306 | Reward 55.00 | Epsilon 0.2923
Seed 6 | Episode 307 | Reward 49.00 | Epsilon 0.2918
Seed 6 | Episode 308 | Reward 57.00 | Epsilon 0.2915
Seed 6 | Episode 309 | Reward 44.00 | Epsilon 0.2910
Seed 6 | Episode 310 | Reward 50.00 | Epsilon 0.2905
Seed 6 | Episode 311 | Reward 44.00 | Epsilon 0.2900
Seed 6 | Episode 312 | Reward 41.00 | Epsilon 0.2895
Seed 6 | Episode 313 | Reward 55.00 | Epsilon 0.2891
Seed 6 | Episode 314 | Reward 30.00 | Epsilon 0.2885
Seed 6 | Episode 315 | Reward 39.00 | Epsilon 0.2880
Seed 6 | Episode 316 | Reward 38.00 | Epsilon 0.2874
Seed 6 | Episode 317 | Reward 54.00 | Epsilon 0.2870
Seed 6 | Episode 318 | Reward 44.00 | Epsilon 0.2865
Seed 6 | Episode 319 | Reward 46.00 | Epsilon 0.2860
Seed 6 | Episode 320 | Reward 40.00 | Epsilon 0.2855
Seed 6 | Episode 321 | Reward 61.00 | Epsilon 0.2852
Seed 6 | Episode 322 | Reward 49.00 | Epsilon 0.2847
Seed 6 | Episode 323 | Reward 46.00 | Epsilon 0.2843
Seed 6 | Episode 324 | Reward 44.00 | Epsilon 0.2838
Seed 6 | Episode 325 | Reward -26.00 | Epsilon 0.2827
Seed 6 | Episode 326 | Reward 55.00 | Epsilon 0.2823
Seed 6 | Episode 327 | Reward 43.00 | Epsilon 0.2818
Seed 6 | Episode 328 | Reward 51.00 | Epsilon 0.2814
Seed 6 | Episode 329 | Reward 56.00 | Epsilon 0.2810
Seed 6 | Episode 330 | Reward 15.00 | Epsilon 0.2803
Seed 6 | Episode 331 | Reward 36.00 | Epsilon 0.2797
Seed 6 | Episode 332 | Reward 41.00 | Epsilon 0.2792
Seed 6 | Episode 333 | Reward 44.00 | Epsilon 0.2788
Seed 6 | Episode 334 | Reward 45.00 | Epsilon 0.2783
Seed 6 | Episode 335 | Reward 43.00 | Epsilon 0.2778
Seed 6 | Episode 336 | Reward 45.00 | Epsilon 0.2773
Seed 6 | Episode 337 | Reward 48.00 | Epsilon 0.2769
Seed 6 | Episode 338 | Reward 38.00 | Epsilon 0.2764
Seed 6 | Episode 339 | Reward 54.00 | Epsilon 0.2760
Seed 6 | Episode 340 | Reward 52.00 | Epsilon 0.2756
Seed 6 | Episode 341 | Reward 29.00 | Epsilon 0.2750
Seed 6 | Episode 342 | Reward 36.00 | Epsilon 0.2745
Seed 6 | Episode 343 | Reward 48.00 | Epsilon 0.2740
Seed 6 | Episode 344 | Reward 50.00 | Epsilon 0.2736
Seed 6 | Episode 345 | Reward 59.00 | Epsilon 0.2733
Seed 6 | Episode 346 | Reward 51.00 | Epsilon 0.2728
Seed 6 | Episode 347 | Reward 57.00 | Epsilon 0.2725
Seed 6 | Episode 348 | Reward 38.00 | Epsilon 0.2720
Seed 6 | Episode 349 | Reward 53.00 | Epsilon 0.2716
Seed 6 | Episode 350 | Reward 59.00 | Epsilon 0.2712
Seed 6 | Episode 351 | Reward 34.00 | Epsilon 0.2707
Seed 6 | Episode 352 | Reward 55.00 | Epsilon 0.2703
Seed 6 | Episode 353 | Reward 32.00 | Epsilon 0.2698
Seed 6 | Episode 354 | Reward 41.00 | Epsilon 0.2693
Seed 6 | Episode 355 | Reward 55.00 | Epsilon 0.2689
Seed 6 | Episode 356 | Reward 44.00 | Epsilon 0.2684
Seed 6 | Episode 357 | Reward 46.00 | Epsilon 0.2680
Seed 6 | Episode 358 | Reward 59.00 | Epsilon 0.2677
Seed 6 | Episode 359 | Reward 50.00 | Epsilon 0.2673
Seed 6 | Episode 360 | Reward 42.00 | Epsilon 0.2668
Seed 6 | Episode 361 | Reward 58.00 | Epsilon 0.2664
Seed 6 | Episode 362 | Reward 45.00 | Epsilon 0.2660
Seed 6 | Episode 363 | Reward 53.00 | Epsilon 0.2656
Seed 6 | Episode 364 | Reward 43.00 | Epsilon 0.2651
Seed 6 | Episode 365 | Reward 29.00 | Epsilon 0.2646
Seed 6 | Episode 366 | Reward 43.00 | Epsilon 0.2641
Seed 6 | Episode 367 | Reward 52.00 | Epsilon 0.2637
Seed 6 | Episode 368 | Reward 47.00 | Epsilon 0.2633
Seed 6 | Episode 369 | Reward 28.00 | Epsilon 0.2627
Seed 6 | Episode 370 | Reward 63.00 | Epsilon 0.2624
Seed 6 | Episode 371 | Reward 43.00 | Epsilon 0.2620
Seed 6 | Episode 372 | Reward 57.00 | Epsilon 0.2616
Seed 6 | Episode 373 | Reward 33.00 | Epsilon 0.2611
Seed 6 | Episode 374 | Reward 51.00 | Epsilon 0.2607
Seed 6 | Episode 375 | Reward 55.00 | Epsilon 0.2603
Seed 6 | Episode 376 | Reward 46.00 | Epsilon 0.2599
Seed 6 | Episode 377 | Reward 46.00 | Epsilon 0.2595
Seed 6 | Episode 378 | Reward 42.00 | Epsilon 0.2590
Seed 6 | Episode 379 | Reward 27.00 | Epsilon 0.2585
Seed 6 | Episode 380 | Reward 54.00 | Epsilon 0.2581
Seed 6 | Episode 381 | Reward 44.00 | Epsilon 0.2576
Seed 6 | Episode 382 | Reward 51.00 | Epsilon 0.2573
Seed 6 | Episode 383 | Reward 43.00 | Epsilon 0.2568
Seed 6 | Episode 384 | Reward 58.00 | Epsilon 0.2565
Seed 6 | Episode 385 | Reward 42.00 | Epsilon 0.2560
Seed 6 | Episode 386 | Reward 45.00 | Epsilon 0.2556
Seed 6 | Episode 387 | Reward 38.00 | Epsilon 0.2551
Seed 6 | Episode 388 | Reward 44.00 | Epsilon 0.2547
Seed 6 | Episode 389 | Reward 60.00 | Epsilon 0.2544
Seed 6 | Episode 390 | Reward 52.00 | Epsilon 0.2540
Seed 6 | Episode 391 | Reward 62.00 | Epsilon 0.2537
Seed 6 | Episode 392 | Reward 50.00 | Epsilon 0.2533
Seed 6 | Episode 393 | Reward 47.00 | Epsilon 0.2529
Seed 6 | Episode 394 | Reward 30.00 | Epsilon 0.2524
Seed 6 | Episode 395 | Reward 63.00 | Epsilon 0.2521
Seed 6 | Episode 396 | Reward 57.00 | Epsilon 0.2517
Seed 6 | Episode 397 | Reward 45.00 | Epsilon 0.2513
Seed 6 | Episode 398 | Reward 59.00 | Epsilon 0.2510
Seed 6 | Episode 399 | Reward 57.00 | Epsilon 0.2507
Seed 6 | Episode 400 | Reward 49.00 | Epsilon 0.2503
Seed 6 | Episode 401 | Reward 44.00 | Epsilon 0.2499
Seed 6 | Episode 402 | Reward 43.00 | Epsilon 0.2494
Seed 6 | Episode 403 | Reward 52.00 | Epsilon 0.2491
Seed 6 | Episode 404 | Reward 45.00 | Epsilon 0.2486
Seed 6 | Episode 405 | Reward 42.00 | Epsilon 0.2482
Seed 6 | Episode 406 | Reward 48.00 | Epsilon 0.2478
Seed 6 | Episode 407 | Reward 35.00 | Epsilon 0.2473
Seed 6 | Episode 408 | Reward 45.00 | Epsilon 0.2469
Seed 6 | Episode 409 | Reward 38.00 | Epsilon 0.2464
Seed 6 | Episode 410 | Reward 54.00 | Epsilon 0.2461
Seed 6 | Episode 411 | Reward 52.00 | Epsilon 0.2457
Seed 6 | Episode 412 | Reward 58.00 | Epsilon 0.2454
Seed 6 | Episode 413 | Reward 40.00 | Epsilon 0.2450
Seed 6 | Episode 414 | Reward 27.00 | Epsilon 0.2444
Seed 6 | Episode 415 | Reward 58.00 | Epsilon 0.2441
Seed 6 | Episode 416 | Reward 61.00 | Epsilon 0.2438
Seed 6 | Episode 417 | Reward 37.00 | Epsilon 0.2433
Seed 6 | Episode 418 | Reward 60.00 | Epsilon 0.2430
Seed 6 | Episode 419 | Reward 62.00 | Epsilon 0.2428
Seed 6 | Episode 420 | Reward 63.00 | Epsilon 0.2425
Seed 6 | Episode 421 | Reward 44.00 | Epsilon 0.2421
Seed 6 | Episode 422 | Reward 57.00 | Epsilon 0.2417
Seed 6 | Episode 423 | Reward 52.00 | Epsilon 0.2414
Seed 6 | Episode 424 | Reward 46.00 | Epsilon 0.2410
Seed 6 | Episode 425 | Reward 57.00 | Epsilon 0.2407
Seed 6 | Episode 426 | Reward 49.00 | Epsilon 0.2403
Seed 6 | Episode 427 | Reward 42.00 | Epsilon 0.2399
Seed 6 | Episode 428 | Reward 40.00 | Epsilon 0.2394
Seed 6 | Episode 429 | Reward 53.00 | Epsilon 0.2391
Seed 6 | Episode 430 | Reward 37.00 | Epsilon 0.2386
Seed 6 | Episode 431 | Reward 44.00 | Epsilon 0.2382
Seed 6 | Episode 432 | Reward 52.00 | Epsilon 0.2379
Seed 6 | Episode 433 | Reward 52.00 | Epsilon 0.2375
Seed 6 | Episode 434 | Reward 65.00 | Epsilon 0.2373
Seed 6 | Episode 435 | Reward 42.00 | Epsilon 0.2368
Seed 6 | Episode 436 | Reward 51.00 | Epsilon 0.2365
Seed 6 | Episode 437 | Reward 38.00 | Epsilon 0.2360
Seed 6 | Episode 438 | Reward 47.00 | Epsilon 0.2357
Seed 6 | Episode 439 | Reward 60.00 | Epsilon 0.2354
Seed 6 | Episode 440 | Reward 48.00 | Epsilon 0.2350
Seed 6 | Episode 441 | Reward 33.00 | Epsilon 0.2345
Seed 6 | Episode 442 | Reward 51.00 | Epsilon 0.2342
Seed 6 | Episode 443 | Reward 45.00 | Epsilon 0.2338
Seed 6 | Episode 444 | Reward 53.00 | Epsilon 0.2334
Seed 6 | Episode 445 | Reward 37.00 | Epsilon 0.2330
Seed 6 | Episode 446 | Reward 56.00 | Epsilon 0.2327
Seed 6 | Episode 447 | Reward 53.00 | Epsilon 0.2323
Seed 6 | Episode 448 | Reward 57.00 | Epsilon 0.2320
Seed 6 | Episode 449 | Reward 61.00 | Epsilon 0.2318
Seed 6 | Episode 450 | Reward 60.00 | Epsilon 0.2315
Seed 6 | Episode 451 | Reward 60.00 | Epsilon 0.2312
Seed 6 | Episode 452 | Reward 54.00 | Epsilon 0.2309
Seed 6 | Episode 453 | Reward 47.00 | Epsilon 0.2305
Seed 6 | Episode 454 | Reward 42.00 | Epsilon 0.2301
Seed 6 | Episode 455 | Reward 31.00 | Epsilon 0.2296
Seed 6 | Episode 456 | Reward 56.00 | Epsilon 0.2293
Seed 6 | Episode 457 | Reward 54.00 | Epsilon 0.2290
Seed 6 | Episode 458 | Reward 51.00 | Epsilon 0.2286
Seed 6 | Episode 459 | Reward 53.00 | Epsilon 0.2283
Seed 6 | Episode 460 | Reward 47.00 | Epsilon 0.2279
Seed 6 | Episode 461 | Reward 51.00 | Epsilon 0.2276
Seed 6 | Episode 462 | Reward 38.00 | Epsilon 0.2272
Seed 6 | Episode 463 | Reward 45.00 | Epsilon 0.2268
Seed 6 | Episode 464 | Reward 49.00 | Epsilon 0.2264
Seed 6 | Episode 465 | Reward 45.00 | Epsilon 0.2260
Seed 6 | Episode 466 | Reward 48.00 | Epsilon 0.2257
Seed 6 | Episode 467 | Reward 42.00 | Epsilon 0.2253
Seed 6 | Episode 468 | Reward 48.00 | Epsilon 0.2249
Seed 6 | Episode 469 | Reward 54.00 | Epsilon 0.2246
Seed 6 | Episode 470 | Reward 42.00 | Epsilon 0.2242
Seed 6 | Episode 471 | Reward 58.00 | Epsilon 0.2239
Seed 6 | Episode 472 | Reward 50.00 | Epsilon 0.2236
Seed 6 | Episode 473 | Reward 53.00 | Epsilon 0.2233
Seed 6 | Episode 474 | Reward 47.00 | Epsilon 0.2229
Seed 6 | Episode 475 | Reward 56.00 | Epsilon 0.2226
Seed 6 | Episode 476 | Reward 49.00 | Epsilon 0.2222
Seed 6 | Episode 477 | Reward 50.00 | Epsilon 0.2219
Seed 6 | Episode 478 | Reward 47.00 | Epsilon 0.2215
Seed 6 | Episode 479 | Reward 42.00 | Epsilon 0.2212
Seed 6 | Episode 480 | Reward 49.00 | Epsilon 0.2208
Seed 6 | Episode 481 | Reward 33.00 | Epsilon 0.2204
Seed 6 | Episode 482 | Reward 59.00 | Epsilon 0.2201
Seed 6 | Episode 483 | Reward 54.00 | Epsilon 0.2198
Seed 6 | Episode 484 | Reward 57.00 | Epsilon 0.2195
Seed 6 | Episode 485 | Reward 63.00 | Epsilon 0.2192
Seed 6 | Episode 486 | Reward 60.00 | Epsilon 0.2190
Seed 6 | Episode 487 | Reward 59.00 | Epsilon 0.2187
Seed 6 | Episode 488 | Reward 58.00 | Epsilon 0.2184
Seed 6 | Episode 489 | Reward 58.00 | Epsilon 0.2181
Seed 6 | Episode 490 | Reward 52.00 | Epsilon 0.2178
Seed 6 | Episode 491 | Reward 47.00 | Epsilon 0.2174
Seed 6 | Episode 492 | Reward 55.00 | Epsilon 0.2171
Seed 6 | Episode 493 | Reward 53.00 | Epsilon 0.2168
Seed 6 | Episode 494 | Reward 37.00 | Epsilon 0.2164
Seed 6 | Episode 495 | Reward 60.00 | Epsilon 0.2162
Seed 6 | Episode 496 | Reward 44.00 | Epsilon 0.2158
Seed 6 | Episode 497 | Reward 47.00 | Epsilon 0.2154
Seed 6 | Episode 498 | Reward 43.00 | Epsilon 0.2151
Seed 6 | Episode 499 | Reward 51.00 | Epsilon 0.2147
Seed 6 | Episode 500 | Reward 49.00 | Epsilon 0.2144
Seed 6 | Episode 501 | Reward 54.00 | Epsilon 0.2141
Seed 6 | Episode 502 | Reward 62.00 | Epsilon 0.2139
Seed 6 | Episode 503 | Reward 45.00 | Epsilon 0.2135
Seed 6 | Episode 504 | Reward 52.00 | Epsilon 0.2132
Seed 6 | Episode 505 | Reward 64.00 | Epsilon 0.2129
Seed 6 | Episode 506 | Reward 38.00 | Epsilon 0.2125
Seed 6 | Episode 507 | Reward 44.00 | Epsilon 0.2122
Seed 6 | Episode 508 | Reward 51.00 | Epsilon 0.2119
Seed 6 | Episode 509 | Reward 47.00 | Epsilon 0.2115
Seed 6 | Episode 510 | Reward 47.00 | Epsilon 0.2112
Seed 6 | Episode 511 | Reward 35.00 | Epsilon 0.2108
Seed 6 | Episode 512 | Reward 53.00 | Epsilon 0.2105
Seed 6 | Episode 513 | Reward 50.00 | Epsilon 0.2101
Seed 6 | Episode 514 | Reward 50.00 | Epsilon 0.2098
Seed 6 | Episode 515 | Reward 43.00 | Epsilon 0.2094
Seed 6 | Episode 516 | Reward 47.00 | Epsilon 0.2091
Seed 6 | Episode 517 | Reward 60.00 | Epsilon 0.2088
Seed 6 | Episode 518 | Reward 43.00 | Epsilon 0.2085
Seed 6 | Episode 519 | Reward 52.00 | Epsilon 0.2082
Seed 6 | Episode 520 | Reward 13.00 | Epsilon 0.2076
Seed 6 | Episode 521 | Reward 60.00 | Epsilon 0.2074
Seed 6 | Episode 522 | Reward 53.00 | Epsilon 0.2071
Seed 6 | Episode 523 | Reward 36.00 | Epsilon 0.2067
Seed 6 | Episode 524 | Reward 41.00 | Epsilon 0.2063
Seed 6 | Episode 525 | Reward 47.00 | Epsilon 0.2060
Seed 6 | Episode 526 | Reward 59.00 | Epsilon 0.2057
Seed 6 | Episode 527 | Reward 60.00 | Epsilon 0.2055
Seed 6 | Episode 528 | Reward 54.00 | Epsilon 0.2052
Seed 6 | Episode 529 | Reward 64.00 | Epsilon 0.2049
Seed 6 | Episode 530 | Reward 47.00 | Epsilon 0.2046
Seed 6 | Episode 531 | Reward 52.00 | Epsilon 0.2043
Seed 6 | Episode 532 | Reward 49.00 | Epsilon 0.2040
Seed 6 | Episode 533 | Reward 60.00 | Epsilon 0.2037
Seed 6 | Episode 534 | Reward 51.00 | Epsilon 0.2034
Seed 6 | Episode 535 | Reward 46.00 | Epsilon 0.2031
Seed 6 | Episode 536 | Reward 64.00 | Epsilon 0.2029
Seed 6 | Episode 537 | Reward 39.00 | Epsilon 0.2025
Seed 6 | Episode 538 | Reward 56.00 | Epsilon 0.2022
Seed 6 | Episode 539 | Reward 53.00 | Epsilon 0.2019
Seed 6 | Episode 540 | Reward 57.00 | Epsilon 0.2017
Seed 6 | Episode 541 | Reward 54.00 | Epsilon 0.2014
Seed 6 | Episode 542 | Reward 44.00 | Epsilon 0.2010
Seed 6 | Episode 543 | Reward 51.00 | Epsilon 0.2007
Seed 6 | Episode 544 | Reward 48.00 | Epsilon 0.2004
Seed 6 | Episode 545 | Reward 45.00 | Epsilon 0.2001
Seed 6 | Episode 546 | Reward 48.00 | Epsilon 0.1998
Seed 6 | Episode 547 | Reward 59.00 | Epsilon 0.1995
Seed 6 | Episode 548 | Reward 64.00 | Epsilon 0.1993
Seed 6 | Episode 549 | Reward 56.00 | Epsilon 0.1990
Seed 6 | Episode 550 | Reward 49.00 | Epsilon 0.1987
Seed 6 | Episode 551 | Reward 51.00 | Epsilon 0.1984
Seed 6 | Episode 552 | Reward 43.00 | Epsilon 0.1981
Seed 6 | Episode 553 | Reward 57.00 | Epsilon 0.1978
Seed 6 | Episode 554 | Reward 35.00 | Epsilon 0.1974
Seed 6 | Episode 555 | Reward 49.00 | Epsilon 0.1971
Seed 6 | Episode 556 | Reward 52.00 | Epsilon 0.1968
Seed 6 | Episode 557 | Reward 49.00 | Epsilon 0.1965
Seed 6 | Episode 558 | Reward 47.00 | Epsilon 0.1962
Seed 6 | Episode 559 | Reward 57.00 | Epsilon 0.1959
Seed 6 | Episode 560 | Reward 51.00 | Epsilon 0.1956
Seed 6 | Episode 561 | Reward 42.00 | Epsilon 0.1953
Seed 6 | Episode 562 | Reward 51.00 | Epsilon 0.1950
Seed 6 | Episode 563 | Reward 56.00 | Epsilon 0.1947
Seed 6 | Episode 564 | Reward 50.00 | Epsilon 0.1944
Seed 6 | Episode 565 | Reward 61.00 | Epsilon 0.1942
Seed 6 | Episode 566 | Reward 34.00 | Epsilon 0.1938
Seed 6 | Episode 567 | Reward 59.00 | Epsilon 0.1936
Seed 6 | Episode 568 | Reward 40.00 | Epsilon 0.1932
Seed 6 | Episode 569 | Reward 59.00 | Epsilon 0.1930
Seed 6 | Episode 570 | Reward 37.00 | Epsilon 0.1926
Seed 6 | Episode 571 | Reward 42.00 | Epsilon 0.1923
Seed 6 | Episode 572 | Reward 45.00 | Epsilon 0.1919
Seed 6 | Episode 573 | Reward 50.00 | Epsilon 0.1916
Seed 6 | Episode 574 | Reward 58.00 | Epsilon 0.1914
Seed 6 | Episode 575 | Reward 58.00 | Epsilon 0.1912
Seed 6 | Episode 576 | Reward 42.00 | Epsilon 0.1908
Seed 6 | Episode 577 | Reward 58.00 | Epsilon 0.1906
Seed 6 | Episode 578 | Reward 47.00 | Epsilon 0.1903
Seed 6 | Episode 579 | Reward 46.00 | Epsilon 0.1899
Seed 6 | Episode 580 | Reward 45.00 | Epsilon 0.1896
Seed 6 | Episode 581 | Reward 46.00 | Epsilon 0.1893
Seed 6 | Episode 582 | Reward 40.00 | Epsilon 0.1890
Seed 6 | Episode 583 | Reward 52.00 | Epsilon 0.1887
Seed 6 | Episode 584 | Reward 60.00 | Epsilon 0.1885
Seed 6 | Episode 585 | Reward 54.00 | Epsilon 0.1882
Seed 6 | Episode 586 | Reward 62.00 | Epsilon 0.1880
Seed 6 | Episode 587 | Reward 47.00 | Epsilon 0.1877
Seed 6 | Episode 588 | Reward 42.00 | Epsilon 0.1873
Seed 6 | Episode 589 | Reward 50.00 | Epsilon 0.1871
Seed 6 | Episode 590 | Reward 55.00 | Epsilon 0.1868
Seed 6 | Episode 591 | Reward 56.00 | Epsilon 0.1865
Seed 6 | Episode 592 | Reward 51.00 | Epsilon 0.1863
Seed 6 | Episode 593 | Reward 57.00 | Epsilon 0.1860
Seed 6 | Episode 594 | Reward 49.00 | Epsilon 0.1857
Seed 6 | Episode 595 | Reward 48.00 | Epsilon 0.1854
Seed 6 | Episode 596 | Reward 48.00 | Epsilon 0.1851
Seed 6 | Episode 597 | Reward 52.00 | Epsilon 0.1849
Seed 6 | Episode 598 | Reward 47.00 | Epsilon 0.1846
Seed 6 | Episode 599 | Reward 38.00 | Epsilon 0.1842
Seed 6 | Episode 600 | Reward 60.00 | Epsilon 0.1840
Seed 6 | Episode 601 | Reward 58.00 | Epsilon 0.1838
Seed 6 | Episode 602 | Reward 56.00 | Epsilon 0.1835
Seed 6 | Episode 603 | Reward 50.00 | Epsilon 0.1832
Seed 6 | Episode 604 | Reward 50.00 | Epsilon 0.1829
Seed 6 | Episode 605 | Reward 46.00 | Epsilon 0.1826
Seed 6 | Episode 606 | Reward 55.00 | Epsilon 0.1824
Seed 6 | Episode 607 | Reward 46.00 | Epsilon 0.1821
Seed 6 | Episode 608 | Reward 57.00 | Epsilon 0.1819
Seed 6 | Episode 609 | Reward 50.00 | Epsilon 0.1816
Seed 6 | Episode 610 | Reward 48.00 | Epsilon 0.1813
Seed 6 | Episode 611 | Reward 46.00 | Epsilon 0.1810
Seed 6 | Episode 612 | Reward 53.00 | Epsilon 0.1807
Seed 6 | Episode 613 | Reward 62.00 | Epsilon 0.1805
Seed 6 | Episode 614 | Reward 59.00 | Epsilon 0.1803
Seed 6 | Episode 615 | Reward 47.00 | Epsilon 0.1800
Seed 6 | Episode 616 | Reward 49.00 | Epsilon 0.1797
Seed 6 | Episode 617 | Reward 53.00 | Epsilon 0.1795
Seed 6 | Episode 618 | Reward 48.00 | Epsilon 0.1792
Seed 6 | Episode 619 | Reward 46.00 | Epsilon 0.1789
Seed 6 | Episode 620 | Reward 50.00 | Epsilon 0.1786
Seed 6 | Episode 621 | Reward 48.00 | Epsilon 0.1783
Seed 6 | Episode 622 | Reward 61.00 | Epsilon 0.1781
Seed 6 | Episode 623 | Reward 60.00 | Epsilon 0.1779
Seed 6 | Episode 624 | Reward 57.00 | Epsilon 0.1777
Seed 6 | Episode 625 | Reward 49.00 | Epsilon 0.1774
Seed 6 | Episode 626 | Reward 40.00 | Epsilon 0.1770
Seed 6 | Episode 627 | Reward 43.00 | Epsilon 0.1767
Seed 6 | Episode 628 | Reward 50.00 | Epsilon 0.1765
Seed 6 | Episode 629 | Reward 59.00 | Epsilon 0.1762
Seed 6 | Episode 630 | Reward 45.00 | Epsilon 0.1760
Seed 6 | Episode 631 | Reward 35.00 | Epsilon 0.1756
Seed 6 | Episode 632 | Reward 50.00 | Epsilon 0.1753
Seed 6 | Episode 633 | Reward 39.00 | Epsilon 0.1750
Seed 6 | Episode 634 | Reward 34.00 | Epsilon 0.1747
Seed 6 | Episode 635 | Reward 37.00 | Epsilon 0.1743
Seed 6 | Episode 636 | Reward 57.00 | Epsilon 0.1741
Seed 6 | Episode 637 | Reward 47.00 | Epsilon 0.1738
Seed 6 | Episode 638 | Reward 40.00 | Epsilon 0.1735
Seed 6 | Episode 639 | Reward 51.00 | Epsilon 0.1732
Seed 6 | Episode 640 | Reward 45.00 | Epsilon 0.1729
Seed 6 | Episode 641 | Reward 44.00 | Epsilon 0.1726
Seed 6 | Episode 642 | Reward 45.00 | Epsilon 0.1724
Seed 6 | Episode 643 | Reward 61.00 | Epsilon 0.1722
Seed 6 | Episode 644 | Reward 39.00 | Epsilon 0.1718
Seed 6 | Episode 645 | Reward 47.00 | Epsilon 0.1716
Seed 6 | Episode 646 | Reward 48.00 | Epsilon 0.1713
Seed 6 | Episode 647 | Reward 42.00 | Epsilon 0.1710
Seed 6 | Episode 648 | Reward 46.00 | Epsilon 0.1707
Seed 6 | Episode 649 | Reward 48.00 | Epsilon 0.1704
Seed 6 | Episode 650 | Reward 44.00 | Epsilon 0.1701
Seed 6 | Episode 651 | Reward 47.00 | Epsilon 0.1699
Seed 6 | Episode 652 | Reward 47.00 | Epsilon 0.1696
Seed 6 | Episode 653 | Reward 47.00 | Epsilon 0.1693
Seed 6 | Episode 654 | Reward 49.00 | Epsilon 0.1690
Seed 6 | Episode 655 | Reward 50.00 | Epsilon 0.1688
Seed 6 | Episode 656 | Reward 44.00 | Epsilon 0.1685
Seed 6 | Episode 657 | Reward 60.00 | Epsilon 0.1683
Seed 6 | Episode 658 | Reward 58.00 | Epsilon 0.1681
Seed 6 | Episode 659 | Reward 41.00 | Epsilon 0.1678
Seed 6 | Episode 660 | Reward 56.00 | Epsilon 0.1675
Seed 6 | Episode 661 | Reward 44.00 | Epsilon 0.1673
Seed 6 | Episode 662 | Reward 57.00 | Epsilon 0.1670
Seed 6 | Episode 663 | Reward 41.00 | Epsilon 0.1667
Seed 6 | Episode 664 | Reward 55.00 | Epsilon 0.1665
Seed 6 | Episode 665 | Reward 57.00 | Epsilon 0.1663
Seed 6 | Episode 666 | Reward 42.00 | Epsilon 0.1660
Seed 6 | Episode 667 | Reward 54.00 | Epsilon 0.1658
Seed 6 | Episode 668 | Reward 51.00 | Epsilon 0.1655
Seed 6 | Episode 669 | Reward 46.00 | Epsilon 0.1652
Seed 6 | Episode 670 | Reward 58.00 | Epsilon 0.1650
Seed 6 | Episode 671 | Reward 52.00 | Epsilon 0.1648
Seed 6 | Episode 672 | Reward 44.00 | Epsilon 0.1645
Seed 6 | Episode 673 | Reward 49.00 | Epsilon 0.1642
Seed 6 | Episode 674 | Reward 43.00 | Epsilon 0.1640
Seed 6 | Episode 675 | Reward 58.00 | Epsilon 0.1637
Seed 6 | Episode 676 | Reward 43.00 | Epsilon 0.1635
Seed 6 | Episode 677 | Reward 40.00 | Epsilon 0.1632
Seed 6 | Episode 678 | Reward 51.00 | Epsilon 0.1629
Seed 6 | Episode 679 | Reward 45.00 | Epsilon 0.1626
Seed 6 | Episode 680 | Reward 50.00 | Epsilon 0.1624
Seed 6 | Episode 681 | Reward 66.00 | Epsilon 0.1622
Seed 6 | Episode 682 | Reward 50.00 | Epsilon 0.1620
Seed 6 | Episode 683 | Reward 53.00 | Epsilon 0.1617
Seed 6 | Episode 684 | Reward 47.00 | Epsilon 0.1615
Seed 6 | Episode 685 | Reward 41.00 | Epsilon 0.1612
Seed 6 | Episode 686 | Reward 37.00 | Epsilon 0.1609
Seed 6 | Episode 687 | Reward 53.00 | Epsilon 0.1607
Seed 6 | Episode 688 | Reward 63.00 | Epsilon 0.1605
Seed 6 | Episode 689 | Reward 51.00 | Epsilon 0.1602
Seed 6 | Episode 690 | Reward 39.00 | Epsilon 0.1599
Seed 6 | Episode 691 | Reward 61.00 | Epsilon 0.1597
Seed 6 | Episode 692 | Reward 50.00 | Epsilon 0.1595
Seed 6 | Episode 693 | Reward 55.00 | Epsilon 0.1593
Seed 6 | Episode 694 | Reward 51.00 | Epsilon 0.1590
Seed 6 | Episode 695 | Reward 47.00 | Epsilon 0.1588
Seed 6 | Episode 696 | Reward 59.00 | Epsilon 0.1586
Seed 6 | Episode 697 | Reward 56.00 | Epsilon 0.1584
Seed 6 | Episode 698 | Reward 58.00 | Epsilon 0.1582
Seed 6 | Episode 699 | Reward 55.00 | Epsilon 0.1579
Seed 6 | Episode 700 | Reward 51.00 | Epsilon 0.1577
Seed 6 | Episode 701 | Reward 52.00 | Epsilon 0.1575
Seed 6 | Episode 702 | Reward 52.00 | Epsilon 0.1572
Seed 6 | Episode 703 | Reward 49.00 | Epsilon 0.1570
Seed 6 | Episode 704 | Reward 60.00 | Epsilon 0.1568
Seed 6 | Episode 705 | Reward 58.00 | Epsilon 0.1566
Seed 6 | Episode 706 | Reward 55.00 | Epsilon 0.1564
Seed 6 | Episode 707 | Reward 60.00 | Epsilon 0.1562
Seed 6 | Episode 708 | Reward 58.00 | Epsilon 0.1560
Seed 6 | Episode 709 | Reward 49.00 | Epsilon 0.1558
Seed 6 | Episode 710 | Reward 59.00 | Epsilon 0.1556
Seed 6 | Episode 711 | Reward 59.00 | Epsilon 0.1554
Seed 6 | Episode 712 | Reward 51.00 | Epsilon 0.1551
Seed 6 | Episode 713 | Reward 43.00 | Epsilon 0.1549
Seed 6 | Episode 714 | Reward 53.00 | Epsilon 0.1546
Seed 6 | Episode 715 | Reward 55.00 | Epsilon 0.1544
Seed 6 | Episode 716 | Reward 55.00 | Epsilon 0.1542
Seed 6 | Episode 717 | Reward 41.00 | Epsilon 0.1539
Seed 6 | Episode 718 | Reward 54.00 | Epsilon 0.1537
Seed 6 | Episode 719 | Reward 48.00 | Epsilon 0.1535
Seed 6 | Episode 720 | Reward 40.00 | Epsilon 0.1532
Seed 6 | Episode 721 | Reward 24.00 | Epsilon 0.1528
Seed 6 | Episode 722 | Reward 53.00 | Epsilon 0.1526
Seed 6 | Episode 723 | Reward 51.00 | Epsilon 0.1524
Seed 6 | Episode 724 | Reward 49.00 | Epsilon 0.1522
Seed 6 | Episode 725 | Reward 56.00 | Epsilon 0.1519
Seed 6 | Episode 726 | Reward 45.00 | Epsilon 0.1517
Seed 6 | Episode 727 | Reward 47.00 | Epsilon 0.1514
Seed 6 | Episode 728 | Reward 58.00 | Epsilon 0.1512
Seed 6 | Episode 729 | Reward 56.00 | Epsilon 0.1510
Seed 6 | Episode 730 | Reward 48.00 | Epsilon 0.1508
Seed 6 | Episode 731 | Reward 40.00 | Epsilon 0.1505
Seed 6 | Episode 732 | Reward 41.00 | Epsilon 0.1503
Seed 6 | Episode 733 | Reward 39.00 | Epsilon 0.1500
Seed 6 | Episode 734 | Reward 55.00 | Epsilon 0.1498
Seed 6 | Episode 735 | Reward 45.00 | Epsilon 0.1495
Seed 6 | Episode 736 | Reward 53.00 | Epsilon 0.1493
Seed 6 | Episode 737 | Reward 58.00 | Epsilon 0.1491
Seed 6 | Episode 738 | Reward 59.00 | Epsilon 0.1489
Seed 6 | Episode 739 | Reward 52.00 | Epsilon 0.1487
Seed 6 | Episode 740 | Reward 53.00 | Epsilon 0.1485
Seed 6 | Episode 741 | Reward 56.00 | Epsilon 0.1483
Seed 6 | Episode 742 | Reward 40.00 | Epsilon 0.1480
Seed 6 | Episode 743 | Reward 49.00 | Epsilon 0.1478
Seed 6 | Episode 744 | Reward 54.00 | Epsilon 0.1476
Seed 6 | Episode 745 | Reward 50.00 | Epsilon 0.1474
Seed 6 | Episode 746 | Reward 62.00 | Epsilon 0.1472
Seed 6 | Episode 747 | Reward 55.00 | Epsilon 0.1470
Seed 6 | Episode 748 | Reward 56.00 | Epsilon 0.1468
Seed 6 | Episode 749 | Reward 55.00 | Epsilon 0.1466
Seed 6 | Episode 750 | Reward 61.00 | Epsilon 0.1464
Seed 6 | Episode 751 | Reward 52.00 | Epsilon 0.1462
Seed 6 | Episode 752 | Reward 47.00 | Epsilon 0.1460
Seed 6 | Episode 753 | Reward 50.00 | Epsilon 0.1457
Seed 6 | Episode 754 | Reward 51.00 | Epsilon 0.1455
Seed 6 | Episode 755 | Reward 43.00 | Epsilon 0.1453
Seed 6 | Episode 756 | Reward 53.00 | Epsilon 0.1450
Seed 6 | Episode 757 | Reward 50.00 | Epsilon 0.1448
Seed 6 | Episode 758 | Reward 51.00 | Epsilon 0.1446
Seed 6 | Episode 759 | Reward 59.00 | Epsilon 0.1444
Seed 6 | Episode 760 | Reward 51.00 | Epsilon 0.1442
Seed 6 | Episode 761 | Reward 52.00 | Epsilon 0.1440
Seed 6 | Episode 762 | Reward 39.00 | Epsilon 0.1437
Seed 6 | Episode 763 | Reward 52.00 | Epsilon 0.1435
Seed 6 | Episode 764 | Reward 50.00 | Epsilon 0.1433
Seed 6 | Episode 765 | Reward 47.00 | Epsilon 0.1431
Seed 6 | Episode 766 | Reward 42.00 | Epsilon 0.1428
Seed 6 | Episode 767 | Reward 53.00 | Epsilon 0.1426
Seed 6 | Episode 768 | Reward 48.00 | Epsilon 0.1424
Seed 6 | Episode 769 | Reward 56.00 | Epsilon 0.1422
Seed 6 | Episode 770 | Reward 54.00 | Epsilon 0.1420
Seed 6 | Episode 771 | Reward 48.00 | Epsilon 0.1418
Seed 6 | Episode 772 | Reward 57.00 | Epsilon 0.1416
Seed 6 | Episode 773 | Reward 46.00 | Epsilon 0.1413
Seed 6 | Episode 774 | Reward 52.00 | Epsilon 0.1411
Seed 6 | Episode 775 | Reward 47.00 | Epsilon 0.1409
Seed 6 | Episode 776 | Reward 56.00 | Epsilon 0.1407
Seed 6 | Episode 777 | Reward 33.00 | Epsilon 0.1404
Seed 6 | Episode 778 | Reward 65.00 | Epsilon 0.1403
Seed 6 | Episode 779 | Reward 55.00 | Epsilon 0.1401
Seed 6 | Episode 780 | Reward 46.00 | Epsilon 0.1399
Seed 6 | Episode 781 | Reward 31.00 | Epsilon 0.1396
Seed 6 | Episode 782 | Reward 39.00 | Epsilon 0.1393
Seed 6 | Episode 783 | Reward 47.00 | Epsilon 0.1391
Seed 6 | Episode 784 | Reward 50.00 | Epsilon 0.1389
Seed 6 | Episode 785 | Reward 46.00 | Epsilon 0.1386
Seed 6 | Episode 786 | Reward 59.00 | Epsilon 0.1385
Seed 6 | Episode 787 | Reward 42.00 | Epsilon 0.1382
Seed 6 | Episode 788 | Reward 45.00 | Epsilon 0.1380
Seed 6 | Episode 789 | Reward 59.00 | Epsilon 0.1378
Seed 6 | Episode 790 | Reward 63.00 | Epsilon 0.1377
Seed 6 | Episode 791 | Reward 53.00 | Epsilon 0.1375
Seed 6 | Episode 792 | Reward 48.00 | Epsilon 0.1372
Seed 6 | Episode 793 | Reward 48.00 | Epsilon 0.1370
Seed 6 | Episode 794 | Reward 44.00 | Epsilon 0.1368
Seed 6 | Episode 795 | Reward 58.00 | Epsilon 0.1366
Seed 6 | Episode 796 | Reward 50.00 | Epsilon 0.1364
Seed 6 | Episode 797 | Reward 50.00 | Epsilon 0.1362
Seed 6 | Episode 798 | Reward 57.00 | Epsilon 0.1360
Seed 6 | Episode 799 | Reward 63.00 | Epsilon 0.1359
Seed 6 | Episode 800 | Reward 47.00 | Epsilon 0.1356
Seed 6 | Episode 801 | Reward 38.00 | Epsilon 0.1354
Seed 6 | Episode 802 | Reward 44.00 | Epsilon 0.1352
Seed 6 | Episode 803 | Reward 61.00 | Epsilon 0.1350
Seed 6 | Episode 804 | Reward 57.00 | Epsilon 0.1348
Seed 6 | Episode 805 | Reward 51.00 | Epsilon 0.1346
Seed 6 | Episode 806 | Reward 45.00 | Epsilon 0.1344
Seed 6 | Episode 807 | Reward 49.00 | Epsilon 0.1342
Seed 6 | Episode 808 | Reward 44.00 | Epsilon 0.1339
Seed 6 | Episode 809 | Reward 46.00 | Epsilon 0.1337
Seed 6 | Episode 810 | Reward 52.00 | Epsilon 0.1335
Seed 6 | Episode 811 | Reward 58.00 | Epsilon 0.1334
Seed 6 | Episode 812 | Reward 54.00 | Epsilon 0.1332
Seed 6 | Episode 813 | Reward 65.00 | Epsilon 0.1330
Seed 6 | Episode 814 | Reward 60.00 | Epsilon 0.1329
Seed 6 | Episode 815 | Reward 49.00 | Epsilon 0.1327
Seed 6 | Episode 816 | Reward 54.00 | Epsilon 0.1325
Seed 6 | Episode 817 | Reward 49.00 | Epsilon 0.1323
Seed 6 | Episode 818 | Reward 65.00 | Epsilon 0.1321
Seed 6 | Episode 819 | Reward 51.00 | Epsilon 0.1319
Seed 6 | Episode 820 | Reward 44.00 | Epsilon 0.1317
Seed 6 | Episode 821 | Reward 48.00 | Epsilon 0.1315
Seed 6 | Episode 822 | Reward 47.00 | Epsilon 0.1313
Seed 6 | Episode 823 | Reward 48.00 | Epsilon 0.1311
Seed 6 | Episode 824 | Reward 44.00 | Epsilon 0.1308
Seed 6 | Episode 825 | Reward 60.00 | Epsilon 0.1307
Seed 6 | Episode 826 | Reward 50.00 | Epsilon 0.1305
Seed 6 | Episode 827 | Reward 52.00 | Epsilon 0.1303
Seed 6 | Episode 828 | Reward 57.00 | Epsilon 0.1301
Seed 6 | Episode 829 | Reward 53.00 | Epsilon 0.1299
Seed 6 | Episode 830 | Reward 35.00 | Epsilon 0.1297
Seed 6 | Episode 831 | Reward 47.00 | Epsilon 0.1295
Seed 6 | Episode 832 | Reward 58.00 | Epsilon 0.1293
Seed 6 | Episode 833 | Reward 48.00 | Epsilon 0.1291
Seed 6 | Episode 834 | Reward 57.00 | Epsilon 0.1289
Seed 6 | Episode 835 | Reward 43.00 | Epsilon 0.1287
Seed 6 | Episode 836 | Reward 51.00 | Epsilon 0.1285
Seed 6 | Episode 837 | Reward 37.00 | Epsilon 0.1283
Seed 6 | Episode 838 | Reward 60.00 | Epsilon 0.1281
Seed 6 | Episode 839 | Reward 60.00 | Epsilon 0.1279
Seed 6 | Episode 840 | Reward 60.00 | Epsilon 0.1278
Seed 6 | Episode 841 | Reward 46.00 | Epsilon 0.1276
Seed 6 | Episode 842 | Reward 66.00 | Epsilon 0.1274
Seed 6 | Episode 843 | Reward 58.00 | Epsilon 0.1273
Seed 6 | Episode 844 | Reward 57.00 | Epsilon 0.1271
Seed 6 | Episode 845 | Reward 50.00 | Epsilon 0.1269
Seed 6 | Episode 846 | Reward 52.00 | Epsilon 0.1267
Seed 6 | Episode 847 | Reward 53.00 | Epsilon 0.1265
Seed 6 | Episode 848 | Reward 45.00 | Epsilon 0.1263
Seed 6 | Episode 849 | Reward 55.00 | Epsilon 0.1262
Seed 6 | Episode 850 | Reward 62.00 | Epsilon 0.1260
Seed 6 | Episode 851 | Reward 57.00 | Epsilon 0.1258
Seed 6 | Episode 852 | Reward 52.00 | Epsilon 0.1257
Seed 6 | Episode 853 | Reward 51.00 | Epsilon 0.1255
Seed 6 | Episode 854 | Reward 41.00 | Epsilon 0.1252
Seed 6 | Episode 855 | Reward 48.00 | Epsilon 0.1250
Seed 6 | Episode 856 | Reward 59.00 | Epsilon 0.1249
Seed 6 | Episode 857 | Reward 65.00 | Epsilon 0.1248
Seed 6 | Episode 858 | Reward 52.00 | Epsilon 0.1246
Seed 6 | Episode 859 | Reward 47.00 | Epsilon 0.1244
Seed 6 | Episode 860 | Reward 59.00 | Epsilon 0.1242
Seed 6 | Episode 861 | Reward 51.00 | Epsilon 0.1240
Seed 6 | Episode 862 | Reward 32.00 | Epsilon 0.1238
Seed 6 | Episode 863 | Reward 59.00 | Epsilon 0.1236
Seed 6 | Episode 864 | Reward 36.00 | Epsilon 0.1234
Seed 6 | Episode 865 | Reward 54.00 | Epsilon 0.1232
Seed 6 | Episode 866 | Reward 49.00 | Epsilon 0.1230
Seed 6 | Episode 867 | Reward 46.00 | Epsilon 0.1228
Seed 6 | Episode 868 | Reward 10.00 | Epsilon 0.1225
Seed 6 | Episode 869 | Reward 54.00 | Epsilon 0.1223
Seed 6 | Episode 870 | Reward 64.00 | Epsilon 0.1222
Seed 6 | Episode 871 | Reward 46.00 | Epsilon 0.1220
Seed 6 | Episode 872 | Reward -3.00 | Epsilon 0.1216
Seed 6 | Episode 873 | Reward 65.00 | Epsilon 0.1214
Seed 6 | Episode 874 | Reward 47.00 | Epsilon 0.1212
Seed 6 | Episode 875 | Reward 37.00 | Epsilon 0.1210
Seed 6 | Episode 876 | Reward 55.00 | Epsilon 0.1209
Seed 6 | Episode 877 | Reward 53.00 | Epsilon 0.1207
Seed 6 | Episode 878 | Reward 46.00 | Epsilon 0.1205
Seed 6 | Episode 879 | Reward 61.00 | Epsilon 0.1203
Seed 6 | Episode 880 | Reward 48.00 | Epsilon 0.1201
Seed 6 | Episode 881 | Reward 51.00 | Epsilon 0.1200
Seed 6 | Episode 882 | Reward 61.00 | Epsilon 0.1198
Seed 6 | Episode 883 | Reward 60.00 | Epsilon 0.1197
Seed 6 | Episode 884 | Reward 54.00 | Epsilon 0.1195
Seed 6 | Episode 885 | Reward 45.00 | Epsilon 0.1193
Seed 6 | Episode 886 | Reward 63.00 | Epsilon 0.1192
Seed 6 | Episode 887 | Reward 63.00 | Epsilon 0.1190
Seed 6 | Episode 888 | Reward 47.00 | Epsilon 0.1188
Seed 6 | Episode 889 | Reward 55.00 | Epsilon 0.1187
Seed 6 | Episode 890 | Reward 61.00 | Epsilon 0.1185
Seed 6 | Episode 891 | Reward 57.00 | Epsilon 0.1184
Seed 6 | Episode 892 | Reward 48.00 | Epsilon 0.1182
Seed 6 | Episode 893 | Reward 49.00 | Epsilon 0.1180
Seed 6 | Episode 894 | Reward 56.00 | Epsilon 0.1178
Seed 6 | Episode 895 | Reward 52.00 | Epsilon 0.1177
Seed 6 | Episode 896 | Reward 47.00 | Epsilon 0.1175
Seed 6 | Episode 897 | Reward 51.00 | Epsilon 0.1173
Seed 6 | Episode 898 | Reward 42.00 | Epsilon 0.1171
Seed 6 | Episode 899 | Reward 48.00 | Epsilon 0.1169
Seed 6 | Episode 900 | Reward 58.00 | Epsilon 0.1168
Seed 6 | Episode 901 | Reward 51.00 | Epsilon 0.1166
Seed 6 | Episode 902 | Reward 44.00 | Epsilon 0.1164
Seed 6 | Episode 903 | Reward 52.00 | Epsilon 0.1162
Seed 6 | Episode 904 | Reward 42.00 | Epsilon 0.1160
Seed 6 | Episode 905 | Reward 52.00 | Epsilon 0.1158
Seed 6 | Episode 906 | Reward 50.00 | Epsilon 0.1157
Seed 6 | Episode 907 | Reward 54.00 | Epsilon 0.1155
Seed 6 | Episode 908 | Reward 42.00 | Epsilon 0.1153
Seed 6 | Episode 909 | Reward 46.00 | Epsilon 0.1151
Seed 6 | Episode 910 | Reward 60.00 | Epsilon 0.1150
Seed 6 | Episode 911 | Reward 54.00 | Epsilon 0.1148
Seed 6 | Episode 912 | Reward 55.00 | Epsilon 0.1146
Seed 6 | Episode 913 | Reward 51.00 | Epsilon 0.1145
Seed 6 | Episode 914 | Reward 47.00 | Epsilon 0.1143
Seed 6 | Episode 915 | Reward 63.00 | Epsilon 0.1142
Seed 6 | Episode 916 | Reward 47.00 | Epsilon 0.1140
Seed 6 | Episode 917 | Reward 61.00 | Epsilon 0.1138
Seed 6 | Episode 918 | Reward 58.00 | Epsilon 0.1137
Seed 6 | Episode 919 | Reward 38.00 | Epsilon 0.1135
Seed 6 | Episode 920 | Reward 54.00 | Epsilon 0.1133
Seed 6 | Episode 921 | Reward 51.00 | Epsilon 0.1131
Seed 6 | Episode 922 | Reward 58.00 | Epsilon 0.1130
Seed 6 | Episode 923 | Reward 50.00 | Epsilon 0.1128
Seed 6 | Episode 924 | Reward 52.00 | Epsilon 0.1127
Seed 6 | Episode 925 | Reward 49.00 | Epsilon 0.1125
Seed 6 | Episode 926 | Reward 44.00 | Epsilon 0.1123
Seed 6 | Episode 927 | Reward 63.00 | Epsilon 0.1122
Seed 6 | Episode 928 | Reward 51.00 | Epsilon 0.1120
Seed 6 | Episode 929 | Reward 48.00 | Epsilon 0.1118
Seed 6 | Episode 930 | Reward 56.00 | Epsilon 0.1117
Seed 6 | Episode 931 | Reward 57.00 | Epsilon 0.1115
Seed 6 | Episode 932 | Reward 58.00 | Epsilon 0.1114
Seed 6 | Episode 933 | Reward 44.00 | Epsilon 0.1112
Seed 6 | Episode 934 | Reward 61.00 | Epsilon 0.1111
Seed 6 | Episode 935 | Reward 64.00 | Epsilon 0.1109
Seed 6 | Episode 936 | Reward 59.00 | Epsilon 0.1108
Seed 6 | Episode 937 | Reward 55.00 | Epsilon 0.1106
Seed 6 | Episode 938 | Reward 48.00 | Epsilon 0.1105
Seed 6 | Episode 939 | Reward 44.00 | Epsilon 0.1103
Seed 6 | Episode 940 | Reward 62.00 | Epsilon 0.1101
Seed 6 | Episode 941 | Reward 59.00 | Epsilon 0.1100
Seed 6 | Episode 942 | Reward 46.00 | Epsilon 0.1098
Seed 6 | Episode 943 | Reward 45.00 | Epsilon 0.1096
Seed 6 | Episode 944 | Reward 63.00 | Epsilon 0.1095
Seed 6 | Episode 945 | Reward 39.00 | Epsilon 0.1093
Seed 6 | Episode 946 | Reward 49.00 | Epsilon 0.1091
Seed 6 | Episode 947 | Reward 63.00 | Epsilon 0.1090
Seed 6 | Episode 948 | Reward 48.00 | Epsilon 0.1088
Seed 6 | Episode 949 | Reward 56.00 | Epsilon 0.1087
Seed 6 | Episode 950 | Reward 57.00 | Epsilon 0.1086
Seed 6 | Episode 951 | Reward 51.00 | Epsilon 0.1084
Seed 6 | Episode 952 | Reward 35.00 | Epsilon 0.1082
Seed 6 | Episode 953 | Reward 46.00 | Epsilon 0.1080
Seed 6 | Episode 954 | Reward 54.00 | Epsilon 0.1078
Seed 6 | Episode 955 | Reward 48.00 | Epsilon 0.1077
Seed 6 | Episode 956 | Reward 57.00 | Epsilon 0.1075
Seed 6 | Episode 957 | Reward 43.00 | Epsilon 0.1073
Seed 6 | Episode 958 | Reward 56.00 | Epsilon 0.1072
Seed 6 | Episode 959 | Reward 53.00 | Epsilon 0.1070
Seed 6 | Episode 960 | Reward 58.00 | Epsilon 0.1069
Seed 6 | Episode 961 | Reward 46.00 | Epsilon 0.1067
Seed 6 | Episode 962 | Reward 50.00 | Epsilon 0.1066
Seed 6 | Episode 963 | Reward 45.00 | Epsilon 0.1064
Seed 6 | Episode 964 | Reward 46.00 | Epsilon 0.1062
Seed 6 | Episode 965 | Reward 53.00 | Epsilon 0.1061
Seed 6 | Episode 966 | Reward 62.00 | Epsilon 0.1059
Seed 6 | Episode 967 | Reward 46.00 | Epsilon 0.1058
Seed 6 | Episode 968 | Reward 62.00 | Epsilon 0.1056
Seed 6 | Episode 969 | Reward 48.00 | Epsilon 0.1055
Seed 6 | Episode 970 | Reward 59.00 | Epsilon 0.1053
Seed 6 | Episode 971 | Reward 52.00 | Epsilon 0.1052
Seed 6 | Episode 972 | Reward 54.00 | Epsilon 0.1050
Seed 6 | Episode 973 | Reward 47.00 | Epsilon 0.1049
Seed 6 | Episode 974 | Reward 55.00 | Epsilon 0.1047
Seed 6 | Episode 975 | Reward 46.00 | Epsilon 0.1045
Seed 6 | Episode 976 | Reward 51.00 | Epsilon 0.1044
Seed 6 | Episode 977 | Reward 56.00 | Epsilon 0.1042
Seed 6 | Episode 978 | Reward 47.00 | Epsilon 0.1041
Seed 6 | Episode 979 | Reward 60.00 | Epsilon 0.1040
Seed 6 | Episode 980 | Reward 57.00 | Epsilon 0.1038
Seed 6 | Episode 981 | Reward 59.00 | Epsilon 0.1037
Seed 6 | Episode 982 | Reward 44.00 | Epsilon 0.1035
Seed 6 | Episode 983 | Reward 46.00 | Epsilon 0.1033
Seed 6 | Episode 984 | Reward 63.00 | Epsilon 0.1032
Seed 6 | Episode 985 | Reward 63.00 | Epsilon 0.1031
Seed 6 | Episode 986 | Reward 44.00 | Epsilon 0.1029
Seed 6 | Episode 987 | Reward 46.00 | Epsilon 0.1028
Seed 6 | Episode 988 | Reward 53.00 | Epsilon 0.1026
Seed 6 | Episode 989 | Reward 49.00 | Epsilon 0.1024
Seed 6 | Episode 990 | Reward 49.00 | Epsilon 0.1023
Seed 6 | Episode 991 | Reward 50.00 | Epsilon 0.1021
Seed 6 | Episode 992 | Reward 48.00 | Epsilon 0.1020
Seed 6 | Episode 993 | Reward 48.00 | Epsilon 0.1018
Seed 6 | Episode 994 | Reward 58.00 | Epsilon 0.1017
Seed 6 | Episode 995 | Reward 55.00 | Epsilon 0.1015
Seed 6 | Episode 996 | Reward 51.00 | Epsilon 0.1014
Seed 6 | Episode 997 | Reward 46.00 | Epsilon 0.1012
Seed 6 | Episode 998 | Reward 40.00 | Epsilon 0.1010
Seed 6 | Episode 999 | Reward 48.00 | Epsilon 0.1009
Finished seed 6
