starting job
Sun Dec  7 20:04:44 2025       
+-----------------------------------------------------------------------------------------+
| NVIDIA-SMI 580.65.06              Driver Version: 580.65.06      CUDA Version: 13.0     |
+-----------------------------------------+------------------------+----------------------+
| GPU  Name                 Persistence-M | Bus-Id          Disp.A | Volatile Uncorr. ECC |
| Fan  Temp   Perf          Pwr:Usage/Cap |           Memory-Usage | GPU-Util  Compute M. |
|                                         |                        |               MIG M. |
|=========================================+========================+======================|
|   0  NVIDIA H100 80GB HBM3          On  |   00000000:46:00.0 Off |                   On |
| N/A   39C    P0            392W /  700W |   21842MiB /  81559MiB |     N/A      Default |
|                                         |                        |              Enabled |
+-----------------------------------------+------------------------+----------------------+

+-----------------------------------------------------------------------------------------+
| MIG devices:                                                                            |
+------------------+----------------------------------+-----------+-----------------------+
| GPU  GI  CI  MIG |              Shared Memory-Usage |        Vol|        Shared         |
|      ID  ID  Dev |                Shared BAR1-Usage | SM     Unc| CE ENC  DEC  OFA  JPG |
|                  |                                  |        ECC|                       |
|==================+==================================+===========+=======================|
|  0   10   0   0  |              15MiB /  9984MiB    | 16      0 |  1   0    1    0    1 |
|                  |               0MiB /  6185MiB    |           |                       |
+------------------+----------------------------------+-----------+-----------------------+

+-----------------------------------------------------------------------------------------+
| Processes:                                                                              |
|  GPU   GI   CI              PID   Type   Process name                        GPU Memory |
|        ID   ID                                                               Usage      |
|=========================================================================================|
|  No running processes found                                                             |
+-----------------------------------------------------------------------------------------+
Running seed 17
Gym has been unmaintained since 2022 and does not support NumPy 2.0 amongst other critical functionality.
Please upgrade to Gymnasium, the maintained drop-in replacement of Gym, or contact the authors of your software and request that they upgrade.
Users of this version of Gym should be able to simply replace 'import gym' with 'import gymnasium as gym' in the vast majority of cases.
See the migration guide at https://gymnasium.farama.org/introduction/migration_guide/ for additional information.
Seed 17 | Episode 0 | Reward -300.00 | Epsilon 0.9987
Seed 17 | Episode 1 | Reward 54.00 | Epsilon 0.9972
Seed 17 | Episode 2 | Reward -300.00 | Epsilon 0.9883
Seed 17 | Episode 3 | Reward -300.00 | Epsilon 0.9795
Seed 17 | Episode 4 | Reward -300.00 | Epsilon 0.9707
Seed 17 | Episode 5 | Reward -300.00 | Epsilon 0.9620
Seed 17 | Episode 6 | Reward -300.00 | Epsilon 0.9534
Seed 17 | Episode 7 | Reward -300.00 | Epsilon 0.9448
Seed 17 | Episode 8 | Reward -300.00 | Epsilon 0.9364
Seed 17 | Episode 9 | Reward -300.00 | Epsilon 0.9280
Seed 17 | Episode 10 | Reward -300.00 | Epsilon 0.9197
Seed 17 | Episode 11 | Reward -300.00 | Epsilon 0.9114
Seed 17 | Episode 12 | Reward -300.00 | Epsilon 0.9032
Seed 17 | Episode 13 | Reward -300.00 | Epsilon 0.8952
Seed 17 | Episode 14 | Reward -300.00 | Epsilon 0.8871
Seed 17 | Episode 15 | Reward -300.00 | Epsilon 0.8792
Seed 17 | Episode 16 | Reward -300.00 | Epsilon 0.8713
Seed 17 | Episode 17 | Reward -300.00 | Epsilon 0.8635
Seed 17 | Episode 18 | Reward -300.00 | Epsilon 0.8558
Seed 17 | Episode 19 | Reward -300.00 | Epsilon 0.8481
Seed 17 | Episode 20 | Reward -300.00 | Epsilon 0.8405
Seed 17 | Episode 21 | Reward -300.00 | Epsilon 0.8330
Seed 17 | Episode 22 | Reward -300.00 | Epsilon 0.8255
Seed 17 | Episode 23 | Reward -300.00 | Epsilon 0.8181
Seed 17 | Episode 24 | Reward -300.00 | Epsilon 0.8108
Seed 17 | Episode 25 | Reward -300.00 | Epsilon 0.8035
Seed 17 | Episode 26 | Reward -300.00 | Epsilon 0.7963
Seed 17 | Episode 27 | Reward -300.00 | Epsilon 0.7892
Seed 17 | Episode 28 | Reward -300.00 | Epsilon 0.7821
Seed 17 | Episode 29 | Reward -300.00 | Epsilon 0.7751
Seed 17 | Episode 30 | Reward -300.00 | Epsilon 0.7682
Seed 17 | Episode 31 | Reward -300.00 | Epsilon 0.7613
Seed 17 | Episode 32 | Reward -300.00 | Epsilon 0.7545
Seed 17 | Episode 33 | Reward -300.00 | Epsilon 0.7477
Seed 17 | Episode 34 | Reward -300.00 | Epsilon 0.7410
Seed 17 | Episode 35 | Reward -300.00 | Epsilon 0.7344
Seed 17 | Episode 36 | Reward -300.00 | Epsilon 0.7278
Seed 17 | Episode 37 | Reward -300.00 | Epsilon 0.7213
Seed 17 | Episode 38 | Reward -300.00 | Epsilon 0.7148
Seed 17 | Episode 39 | Reward -300.00 | Epsilon 0.7084
Seed 17 | Episode 40 | Reward -300.00 | Epsilon 0.7020
Seed 17 | Episode 41 | Reward -300.00 | Epsilon 0.6957
Seed 17 | Episode 42 | Reward -300.00 | Epsilon 0.6895
Seed 17 | Episode 43 | Reward -300.00 | Epsilon 0.6833
Seed 17 | Episode 44 | Reward -300.00 | Epsilon 0.6772
Seed 17 | Episode 45 | Reward -300.00 | Epsilon 0.6711
Seed 17 | Episode 46 | Reward -300.00 | Epsilon 0.6651
Seed 17 | Episode 47 | Reward -300.00 | Epsilon 0.6592
Seed 17 | Episode 48 | Reward -300.00 | Epsilon 0.6533
Seed 17 | Episode 49 | Reward -300.00 | Epsilon 0.6474
Seed 17 | Episode 50 | Reward -300.00 | Epsilon 0.6416
Seed 17 | Episode 51 | Reward -300.00 | Epsilon 0.6359
Seed 17 | Episode 52 | Reward -300.00 | Epsilon 0.6302
Seed 17 | Episode 53 | Reward -300.00 | Epsilon 0.6245
Seed 17 | Episode 54 | Reward -300.00 | Epsilon 0.6189
Seed 17 | Episode 55 | Reward -300.00 | Epsilon 0.6134
Seed 17 | Episode 56 | Reward -300.00 | Epsilon 0.6079
Seed 17 | Episode 57 | Reward -300.00 | Epsilon 0.6024
Seed 17 | Episode 58 | Reward -300.00 | Epsilon 0.5970
Seed 17 | Episode 59 | Reward -300.00 | Epsilon 0.5917
Seed 17 | Episode 60 | Reward -95.00 | Epsilon 0.5882
Seed 17 | Episode 61 | Reward -300.00 | Epsilon 0.5830
Seed 17 | Episode 62 | Reward -300.00 | Epsilon 0.5777
Seed 17 | Episode 63 | Reward -300.00 | Epsilon 0.5726
Seed 17 | Episode 64 | Reward -300.00 | Epsilon 0.5674
Seed 17 | Episode 65 | Reward -300.00 | Epsilon 0.5623
Seed 17 | Episode 66 | Reward -300.00 | Epsilon 0.5573
Seed 17 | Episode 67 | Reward -300.00 | Epsilon 0.5523
Seed 17 | Episode 68 | Reward -300.00 | Epsilon 0.5474
Seed 17 | Episode 69 | Reward -300.00 | Epsilon 0.5425
Seed 17 | Episode 70 | Reward -300.00 | Epsilon 0.5376
Seed 17 | Episode 71 | Reward -144.00 | Epsilon 0.5337
Seed 17 | Episode 72 | Reward -300.00 | Epsilon 0.5289
Seed 17 | Episode 73 | Reward -300.00 | Epsilon 0.5241
Seed 17 | Episode 74 | Reward -300.00 | Epsilon 0.5194
Seed 17 | Episode 75 | Reward -300.00 | Epsilon 0.5148
Seed 17 | Episode 76 | Reward -300.00 | Epsilon 0.5102
Seed 17 | Episode 77 | Reward -300.00 | Epsilon 0.5056
Seed 17 | Episode 78 | Reward -300.00 | Epsilon 0.5011
Seed 17 | Episode 79 | Reward 49.00 | Epsilon 0.5003
Seed 17 | Episode 80 | Reward -300.00 | Epsilon 0.4958
Seed 17 | Episode 81 | Reward -176.00 | Epsilon 0.4917
Seed 17 | Episode 82 | Reward 55.00 | Epsilon 0.4910
Seed 17 | Episode 83 | Reward 49.00 | Epsilon 0.4903
Seed 17 | Episode 84 | Reward -133.00 | Epsilon 0.4868
Seed 17 | Episode 85 | Reward -300.00 | Epsilon 0.4825
Seed 17 | Episode 86 | Reward -300.00 | Epsilon 0.4781
Seed 17 | Episode 87 | Reward -300.00 | Epsilon 0.4739
Seed 17 | Episode 88 | Reward -100.00 | Epsilon 0.4710
Seed 17 | Episode 89 | Reward 37.00 | Epsilon 0.4701
Seed 17 | Episode 90 | Reward -8.00 | Epsilon 0.4686
Seed 17 | Episode 91 | Reward -92.00 | Epsilon 0.4659
Seed 17 | Episode 92 | Reward -88.00 | Epsilon 0.4632
Seed 17 | Episode 93 | Reward -19.00 | Epsilon 0.4616
Seed 17 | Episode 94 | Reward -163.00 | Epsilon 0.4579
Seed 17 | Episode 95 | Reward 6.00 | Epsilon 0.4566
Seed 17 | Episode 96 | Reward 36.00 | Epsilon 0.4557
Seed 17 | Episode 97 | Reward 48.00 | Epsilon 0.4550
Seed 17 | Episode 98 | Reward 56.00 | Epsilon 0.4544
Seed 17 | Episode 99 | Reward -300.00 | Epsilon 0.4503
Seed 17 | Episode 100 | Reward -300.00 | Epsilon 0.4463
Seed 17 | Episode 101 | Reward 36.00 | Epsilon 0.4454
Seed 17 | Episode 102 | Reward -153.00 | Epsilon 0.4420
Seed 17 | Episode 103 | Reward 3.00 | Epsilon 0.4407
Seed 17 | Episode 104 | Reward 1.00 | Epsilon 0.4394
Seed 17 | Episode 105 | Reward 41.00 | Epsilon 0.4386
Seed 17 | Episode 106 | Reward 52.00 | Epsilon 0.4380
Seed 17 | Episode 107 | Reward 31.00 | Epsilon 0.4371
Seed 17 | Episode 108 | Reward -118.00 | Epsilon 0.4342
Seed 17 | Episode 109 | Reward -62.00 | Epsilon 0.4321
Seed 17 | Episode 110 | Reward -128.00 | Epsilon 0.4291
Seed 17 | Episode 111 | Reward 50.00 | Epsilon 0.4285
Seed 17 | Episode 112 | Reward 35.00 | Epsilon 0.4276
Seed 17 | Episode 113 | Reward 45.00 | Epsilon 0.4269
Seed 17 | Episode 114 | Reward -66.00 | Epsilon 0.4248
Seed 17 | Episode 115 | Reward -138.00 | Epsilon 0.4217
Seed 17 | Episode 116 | Reward 55.00 | Epsilon 0.4212
Seed 17 | Episode 117 | Reward 53.00 | Epsilon 0.4206
Seed 17 | Episode 118 | Reward 48.00 | Epsilon 0.4199
Seed 17 | Episode 119 | Reward -300.00 | Epsilon 0.4161
Seed 17 | Episode 120 | Reward 42.00 | Epsilon 0.4154
Seed 17 | Episode 121 | Reward -81.00 | Epsilon 0.4131
Seed 17 | Episode 122 | Reward 39.00 | Epsilon 0.4124
Seed 17 | Episode 123 | Reward 45.00 | Epsilon 0.4117
Seed 17 | Episode 124 | Reward -78.00 | Epsilon 0.4095
Seed 17 | Episode 125 | Reward 4.00 | Epsilon 0.4083
Seed 17 | Episode 126 | Reward 41.00 | Epsilon 0.4075
Seed 17 | Episode 127 | Reward 55.00 | Epsilon 0.4070
Seed 17 | Episode 128 | Reward 31.00 | Epsilon 0.4061
Seed 17 | Episode 129 | Reward 34.00 | Epsilon 0.4053
Seed 17 | Episode 130 | Reward 2.00 | Epsilon 0.4041
Seed 17 | Episode 131 | Reward 45.00 | Epsilon 0.4034
Seed 17 | Episode 132 | Reward -119.00 | Epsilon 0.4008
Seed 17 | Episode 133 | Reward 36.00 | Epsilon 0.4000
Seed 17 | Episode 134 | Reward -135.00 | Epsilon 0.3972
Seed 17 | Episode 135 | Reward -28.00 | Epsilon 0.3956
Seed 17 | Episode 136 | Reward 49.00 | Epsilon 0.3950
Seed 17 | Episode 137 | Reward 57.00 | Epsilon 0.3945
Seed 17 | Episode 138 | Reward -45.00 | Epsilon 0.3928
Seed 17 | Episode 139 | Reward 43.00 | Epsilon 0.3921
Seed 17 | Episode 140 | Reward 55.00 | Epsilon 0.3916
Seed 17 | Episode 141 | Reward -12.00 | Epsilon 0.3902
Seed 17 | Episode 142 | Reward 15.00 | Epsilon 0.3892
Seed 17 | Episode 143 | Reward 7.00 | Epsilon 0.3881
Seed 17 | Episode 144 | Reward 57.00 | Epsilon 0.3876
Seed 17 | Episode 145 | Reward -20.00 | Epsilon 0.3862
Seed 17 | Episode 146 | Reward -51.00 | Epsilon 0.3845
Seed 17 | Episode 147 | Reward -2.00 | Epsilon 0.3833
Seed 17 | Episode 148 | Reward -158.00 | Epsilon 0.3803
Seed 17 | Episode 149 | Reward 57.00 | Epsilon 0.3798
Seed 17 | Episode 150 | Reward -71.00 | Epsilon 0.3778
Seed 17 | Episode 151 | Reward 24.00 | Epsilon 0.3770
Seed 17 | Episode 152 | Reward 56.00 | Epsilon 0.3765
Seed 17 | Episode 153 | Reward -4.00 | Epsilon 0.3753
Seed 17 | Episode 154 | Reward 9.00 | Epsilon 0.3742
Seed 17 | Episode 155 | Reward 52.00 | Epsilon 0.3737
Seed 17 | Episode 156 | Reward 54.00 | Epsilon 0.3732
Seed 17 | Episode 157 | Reward 2.00 | Epsilon 0.3721
Seed 17 | Episode 158 | Reward -58.00 | Epsilon 0.3703
Seed 17 | Episode 159 | Reward -60.00 | Epsilon 0.3685
Seed 17 | Episode 160 | Reward -13.00 | Epsilon 0.3672
Seed 17 | Episode 161 | Reward 15.00 | Epsilon 0.3663
Seed 17 | Episode 162 | Reward 52.00 | Epsilon 0.3658
Seed 17 | Episode 163 | Reward 55.00 | Epsilon 0.3653
Seed 17 | Episode 164 | Reward 47.00 | Epsilon 0.3647
Seed 17 | Episode 165 | Reward 5.00 | Epsilon 0.3636
Seed 17 | Episode 166 | Reward 11.00 | Epsilon 0.3626
Seed 17 | Episode 167 | Reward 48.00 | Epsilon 0.3621
Seed 17 | Episode 168 | Reward 33.00 | Epsilon 0.3613
Seed 17 | Episode 169 | Reward 48.00 | Epsilon 0.3608
Seed 17 | Episode 170 | Reward 47.00 | Epsilon 0.3602
Seed 17 | Episode 171 | Reward 53.00 | Epsilon 0.3596
Seed 17 | Episode 172 | Reward 43.00 | Epsilon 0.3590
Seed 17 | Episode 173 | Reward -43.00 | Epsilon 0.3575
Seed 17 | Episode 174 | Reward 16.00 | Epsilon 0.3566
Seed 17 | Episode 175 | Reward 62.00 | Epsilon 0.3561
Seed 17 | Episode 176 | Reward 62.00 | Epsilon 0.3557
Seed 17 | Episode 177 | Reward 58.00 | Epsilon 0.3553
Seed 17 | Episode 178 | Reward 43.00 | Epsilon 0.3547
Seed 17 | Episode 179 | Reward 24.00 | Epsilon 0.3538
Seed 17 | Episode 180 | Reward 23.00 | Epsilon 0.3530
Seed 17 | Episode 181 | Reward 59.00 | Epsilon 0.3526
Seed 17 | Episode 182 | Reward 31.00 | Epsilon 0.3518
Seed 17 | Episode 183 | Reward 41.00 | Epsilon 0.3512
Seed 17 | Episode 184 | Reward 49.00 | Epsilon 0.3506
Seed 17 | Episode 185 | Reward 50.00 | Epsilon 0.3501
Seed 17 | Episode 186 | Reward 57.00 | Epsilon 0.3496
Seed 17 | Episode 187 | Reward 45.00 | Epsilon 0.3491
Seed 17 | Episode 188 | Reward 47.00 | Epsilon 0.3485
Seed 17 | Episode 189 | Reward 42.00 | Epsilon 0.3479
Seed 17 | Episode 190 | Reward 57.00 | Epsilon 0.3474
Seed 17 | Episode 191 | Reward -84.00 | Epsilon 0.3455
Seed 17 | Episode 192 | Reward 46.00 | Epsilon 0.3449
Seed 17 | Episode 193 | Reward 42.00 | Epsilon 0.3443
Seed 17 | Episode 194 | Reward 48.00 | Epsilon 0.3438
Seed 17 | Episode 195 | Reward 39.00 | Epsilon 0.3431
Seed 17 | Episode 196 | Reward 54.00 | Epsilon 0.3426
Seed 17 | Episode 197 | Reward 55.00 | Epsilon 0.3422
Seed 17 | Episode 198 | Reward 44.00 | Epsilon 0.3416
Seed 17 | Episode 199 | Reward 60.00 | Epsilon 0.3412
Seed 17 | Episode 200 | Reward 57.00 | Epsilon 0.3407
Seed 17 | Episode 201 | Reward 45.00 | Epsilon 0.3402
Seed 17 | Episode 202 | Reward 43.00 | Epsilon 0.3396
Seed 17 | Episode 203 | Reward 39.00 | Epsilon 0.3389
Seed 17 | Episode 204 | Reward 46.00 | Epsilon 0.3384
Seed 17 | Episode 205 | Reward 60.00 | Epsilon 0.3380
Seed 17 | Episode 206 | Reward 40.00 | Epsilon 0.3373
Seed 17 | Episode 207 | Reward 48.00 | Epsilon 0.3368
Seed 17 | Episode 208 | Reward 50.00 | Epsilon 0.3363
Seed 17 | Episode 209 | Reward 56.00 | Epsilon 0.3358
Seed 17 | Episode 210 | Reward 45.00 | Epsilon 0.3353
Seed 17 | Episode 211 | Reward -24.00 | Epsilon 0.3340
Seed 17 | Episode 212 | Reward -22.00 | Epsilon 0.3328
Seed 17 | Episode 213 | Reward 55.00 | Epsilon 0.3323
Seed 17 | Episode 214 | Reward 31.00 | Epsilon 0.3316
Seed 17 | Episode 215 | Reward 49.00 | Epsilon 0.3311
Seed 17 | Episode 216 | Reward 36.00 | Epsilon 0.3305
Seed 17 | Episode 217 | Reward 58.00 | Epsilon 0.3300
Seed 17 | Episode 218 | Reward 57.00 | Epsilon 0.3296
Seed 17 | Episode 219 | Reward 39.00 | Epsilon 0.3290
Seed 17 | Episode 220 | Reward 37.00 | Epsilon 0.3284
Seed 17 | Episode 221 | Reward 42.00 | Epsilon 0.3278
Seed 17 | Episode 222 | Reward 58.00 | Epsilon 0.3274
Seed 17 | Episode 223 | Reward 54.00 | Epsilon 0.3269
Seed 17 | Episode 224 | Reward 41.00 | Epsilon 0.3263
Seed 17 | Episode 225 | Reward 52.00 | Epsilon 0.3258
Seed 17 | Episode 226 | Reward 56.00 | Epsilon 0.3254
Seed 17 | Episode 227 | Reward 30.00 | Epsilon 0.3247
Seed 17 | Episode 228 | Reward -40.00 | Epsilon 0.3233
Seed 17 | Episode 229 | Reward 58.00 | Epsilon 0.3229
Seed 17 | Episode 230 | Reward 29.00 | Epsilon 0.3222
Seed 17 | Episode 231 | Reward 58.00 | Epsilon 0.3218
Seed 17 | Episode 232 | Reward 43.00 | Epsilon 0.3212
Seed 17 | Episode 233 | Reward 30.00 | Epsilon 0.3206
Seed 17 | Episode 234 | Reward 58.00 | Epsilon 0.3201
Seed 17 | Episode 235 | Reward 45.00 | Epsilon 0.3196
Seed 17 | Episode 236 | Reward 9.00 | Epsilon 0.3187
Seed 17 | Episode 237 | Reward 44.00 | Epsilon 0.3182
Seed 17 | Episode 238 | Reward 45.00 | Epsilon 0.3176
Seed 17 | Episode 239 | Reward 5.00 | Epsilon 0.3167
Seed 17 | Episode 240 | Reward 47.00 | Epsilon 0.3162
Seed 17 | Episode 241 | Reward 59.00 | Epsilon 0.3158
Seed 17 | Episode 242 | Reward 42.00 | Epsilon 0.3153
Seed 17 | Episode 243 | Reward 31.00 | Epsilon 0.3146
Seed 17 | Episode 244 | Reward 60.00 | Epsilon 0.3142
Seed 17 | Episode 245 | Reward 61.00 | Epsilon 0.3138
Seed 17 | Episode 246 | Reward 34.00 | Epsilon 0.3132
Seed 17 | Episode 247 | Reward 47.00 | Epsilon 0.3127
Seed 17 | Episode 248 | Reward 43.00 | Epsilon 0.3122
Seed 17 | Episode 249 | Reward 62.00 | Epsilon 0.3118
Seed 17 | Episode 250 | Reward 34.00 | Epsilon 0.3112
Seed 17 | Episode 251 | Reward 52.00 | Epsilon 0.3107
Seed 17 | Episode 252 | Reward 54.00 | Epsilon 0.3103
Seed 17 | Episode 253 | Reward 52.00 | Epsilon 0.3098
Seed 17 | Episode 254 | Reward 49.00 | Epsilon 0.3093
Seed 17 | Episode 255 | Reward 40.00 | Epsilon 0.3088
Seed 17 | Episode 256 | Reward 43.00 | Epsilon 0.3082
Seed 17 | Episode 257 | Reward 31.00 | Epsilon 0.3076
Seed 17 | Episode 258 | Reward 53.00 | Epsilon 0.3071
Seed 17 | Episode 259 | Reward 42.00 | Epsilon 0.3066
Seed 17 | Episode 260 | Reward 46.00 | Epsilon 0.3061
Seed 17 | Episode 261 | Reward 53.00 | Epsilon 0.3056
Seed 17 | Episode 262 | Reward 43.00 | Epsilon 0.3051
Seed 17 | Episode 263 | Reward 48.00 | Epsilon 0.3046
Seed 17 | Episode 264 | Reward 60.00 | Epsilon 0.3043
Seed 17 | Episode 265 | Reward 45.00 | Epsilon 0.3037
Seed 17 | Episode 266 | Reward 47.00 | Epsilon 0.3033
Seed 17 | Episode 267 | Reward 36.00 | Epsilon 0.3027
Seed 17 | Episode 268 | Reward 46.00 | Epsilon 0.3022
Seed 17 | Episode 269 | Reward 51.00 | Epsilon 0.3017
Seed 17 | Episode 270 | Reward 51.00 | Epsilon 0.3013
Seed 17 | Episode 271 | Reward 25.00 | Epsilon 0.3006
Seed 17 | Episode 272 | Reward 43.00 | Epsilon 0.3001
Seed 17 | Episode 273 | Reward 44.00 | Epsilon 0.2995
Seed 17 | Episode 274 | Reward 49.00 | Epsilon 0.2991
Seed 17 | Episode 275 | Reward 52.00 | Epsilon 0.2986
Seed 17 | Episode 276 | Reward 45.00 | Epsilon 0.2981
Seed 17 | Episode 277 | Reward 35.00 | Epsilon 0.2975
Seed 17 | Episode 278 | Reward 30.00 | Epsilon 0.2969
Seed 17 | Episode 279 | Reward 36.00 | Epsilon 0.2963
Seed 17 | Episode 280 | Reward 42.00 | Epsilon 0.2958
Seed 17 | Episode 281 | Reward 49.00 | Epsilon 0.2953
Seed 17 | Episode 282 | Reward 58.00 | Epsilon 0.2950
Seed 17 | Episode 283 | Reward 31.00 | Epsilon 0.2943
Seed 17 | Episode 284 | Reward 43.00 | Epsilon 0.2938
Seed 17 | Episode 285 | Reward 47.00 | Epsilon 0.2934
Seed 17 | Episode 286 | Reward 51.00 | Epsilon 0.2929
Seed 17 | Episode 287 | Reward 43.00 | Epsilon 0.2924
Seed 17 | Episode 288 | Reward 44.00 | Epsilon 0.2919
Seed 17 | Episode 289 | Reward 61.00 | Epsilon 0.2916
Seed 17 | Episode 290 | Reward 49.00 | Epsilon 0.2911
Seed 17 | Episode 291 | Reward 56.00 | Epsilon 0.2907
Seed 17 | Episode 292 | Reward 40.00 | Epsilon 0.2902
Seed 17 | Episode 293 | Reward 1.00 | Epsilon 0.2893
Seed 17 | Episode 294 | Reward 44.00 | Epsilon 0.2888
Seed 17 | Episode 295 | Reward 44.00 | Epsilon 0.2883
Seed 17 | Episode 296 | Reward 48.00 | Epsilon 0.2879
Seed 17 | Episode 297 | Reward 57.00 | Epsilon 0.2875
Seed 17 | Episode 298 | Reward 36.00 | Epsilon 0.2869
Seed 17 | Episode 299 | Reward 47.00 | Epsilon 0.2865
Seed 17 | Episode 300 | Reward 50.00 | Epsilon 0.2860
Seed 17 | Episode 301 | Reward 54.00 | Epsilon 0.2856
Seed 17 | Episode 302 | Reward 56.00 | Epsilon 0.2852
Seed 17 | Episode 303 | Reward 46.00 | Epsilon 0.2848
Seed 17 | Episode 304 | Reward 35.00 | Epsilon 0.2842
Seed 17 | Episode 305 | Reward 34.00 | Epsilon 0.2836
Seed 17 | Episode 306 | Reward 55.00 | Epsilon 0.2832
Seed 17 | Episode 307 | Reward 41.00 | Epsilon 0.2827
Seed 17 | Episode 308 | Reward 57.00 | Epsilon 0.2824
Seed 17 | Episode 309 | Reward 54.00 | Epsilon 0.2820
Seed 17 | Episode 310 | Reward 60.00 | Epsilon 0.2816
Seed 17 | Episode 311 | Reward 62.00 | Epsilon 0.2813
Seed 17 | Episode 312 | Reward 58.00 | Epsilon 0.2809
Seed 17 | Episode 313 | Reward 41.00 | Epsilon 0.2804
Seed 17 | Episode 314 | Reward 58.00 | Epsilon 0.2801
Seed 17 | Episode 315 | Reward 56.00 | Epsilon 0.2797
Seed 17 | Episode 316 | Reward 61.00 | Epsilon 0.2793
Seed 17 | Episode 317 | Reward 43.00 | Epsilon 0.2789
Seed 17 | Episode 318 | Reward 42.00 | Epsilon 0.2784
Seed 17 | Episode 319 | Reward 49.00 | Epsilon 0.2779
Seed 17 | Episode 320 | Reward 56.00 | Epsilon 0.2776
Seed 17 | Episode 321 | Reward 46.00 | Epsilon 0.2771
Seed 17 | Episode 322 | Reward 55.00 | Epsilon 0.2767
Seed 17 | Episode 323 | Reward 48.00 | Epsilon 0.2763
Seed 17 | Episode 324 | Reward 40.00 | Epsilon 0.2758
Seed 17 | Episode 325 | Reward 46.00 | Epsilon 0.2753
Seed 17 | Episode 326 | Reward 50.00 | Epsilon 0.2749
Seed 17 | Episode 327 | Reward 41.00 | Epsilon 0.2744
Seed 17 | Episode 328 | Reward 52.00 | Epsilon 0.2740
Seed 17 | Episode 329 | Reward 32.00 | Epsilon 0.2734
Seed 17 | Episode 330 | Reward 53.00 | Epsilon 0.2730
Seed 17 | Episode 331 | Reward 49.00 | Epsilon 0.2726
Seed 17 | Episode 332 | Reward 34.00 | Epsilon 0.2721
Seed 17 | Episode 333 | Reward 57.00 | Epsilon 0.2717
Seed 17 | Episode 334 | Reward 42.00 | Epsilon 0.2712
Seed 17 | Episode 335 | Reward 42.00 | Epsilon 0.2707
Seed 17 | Episode 336 | Reward 30.00 | Epsilon 0.2702
Seed 17 | Episode 337 | Reward 54.00 | Epsilon 0.2698
Seed 17 | Episode 338 | Reward 59.00 | Epsilon 0.2694
Seed 17 | Episode 339 | Reward 51.00 | Epsilon 0.2690
Seed 17 | Episode 340 | Reward 57.00 | Epsilon 0.2687
Seed 17 | Episode 341 | Reward 46.00 | Epsilon 0.2682
Seed 17 | Episode 342 | Reward 56.00 | Epsilon 0.2679
Seed 17 | Episode 343 | Reward 39.00 | Epsilon 0.2674
Seed 17 | Episode 344 | Reward 49.00 | Epsilon 0.2670
Seed 17 | Episode 345 | Reward 47.00 | Epsilon 0.2665
Seed 17 | Episode 346 | Reward 53.00 | Epsilon 0.2662
Seed 17 | Episode 347 | Reward 38.00 | Epsilon 0.2657
Seed 17 | Episode 348 | Reward 41.00 | Epsilon 0.2652
Seed 17 | Episode 349 | Reward 52.00 | Epsilon 0.2648
Seed 17 | Episode 350 | Reward 57.00 | Epsilon 0.2644
Seed 17 | Episode 351 | Reward 39.00 | Epsilon 0.2639
Seed 17 | Episode 352 | Reward 52.00 | Epsilon 0.2636
Seed 17 | Episode 353 | Reward 54.00 | Epsilon 0.2632
Seed 17 | Episode 354 | Reward 45.00 | Epsilon 0.2627
Seed 17 | Episode 355 | Reward 45.00 | Epsilon 0.2623
Seed 17 | Episode 356 | Reward 62.00 | Epsilon 0.2620
Seed 17 | Episode 357 | Reward 55.00 | Epsilon 0.2616
Seed 17 | Episode 358 | Reward 49.00 | Epsilon 0.2612
Seed 17 | Episode 359 | Reward 41.00 | Epsilon 0.2608
Seed 17 | Episode 360 | Reward 56.00 | Epsilon 0.2604
Seed 17 | Episode 361 | Reward 45.00 | Epsilon 0.2600
Seed 17 | Episode 362 | Reward 43.00 | Epsilon 0.2595
Seed 17 | Episode 363 | Reward 47.00 | Epsilon 0.2591
Seed 17 | Episode 364 | Reward 34.00 | Epsilon 0.2586
Seed 17 | Episode 365 | Reward 37.00 | Epsilon 0.2581
Seed 17 | Episode 366 | Reward 54.00 | Epsilon 0.2577
Seed 17 | Episode 367 | Reward 44.00 | Epsilon 0.2573
Seed 17 | Episode 368 | Reward 44.00 | Epsilon 0.2568
Seed 17 | Episode 369 | Reward 58.00 | Epsilon 0.2565
Seed 17 | Episode 370 | Reward 43.00 | Epsilon 0.2561
Seed 17 | Episode 371 | Reward 53.00 | Epsilon 0.2557
Seed 17 | Episode 372 | Reward 41.00 | Epsilon 0.2552
Seed 17 | Episode 373 | Reward 49.00 | Epsilon 0.2548
Seed 17 | Episode 374 | Reward 44.00 | Epsilon 0.2544
Seed 17 | Episode 375 | Reward 53.00 | Epsilon 0.2540
Seed 17 | Episode 376 | Reward 36.00 | Epsilon 0.2535
Seed 17 | Episode 377 | Reward 52.00 | Epsilon 0.2532
Seed 17 | Episode 378 | Reward 40.00 | Epsilon 0.2527
Seed 17 | Episode 379 | Reward 60.00 | Epsilon 0.2524
Seed 17 | Episode 380 | Reward 59.00 | Epsilon 0.2521
Seed 17 | Episode 381 | Reward 55.00 | Epsilon 0.2517
Seed 17 | Episode 382 | Reward 58.00 | Epsilon 0.2514
Seed 17 | Episode 383 | Reward 24.00 | Epsilon 0.2508
Seed 17 | Episode 384 | Reward 55.00 | Epsilon 0.2505
Seed 17 | Episode 385 | Reward 52.00 | Epsilon 0.2501
Seed 17 | Episode 386 | Reward 44.00 | Epsilon 0.2497
Seed 17 | Episode 387 | Reward 49.00 | Epsilon 0.2493
Seed 17 | Episode 388 | Reward 52.00 | Epsilon 0.2489
Seed 17 | Episode 389 | Reward 39.00 | Epsilon 0.2485
Seed 17 | Episode 390 | Reward 63.00 | Epsilon 0.2482
Seed 17 | Episode 391 | Reward 60.00 | Epsilon 0.2479
Seed 17 | Episode 392 | Reward 55.00 | Epsilon 0.2475
Seed 17 | Episode 393 | Reward 30.00 | Epsilon 0.2470
Seed 17 | Episode 394 | Reward 49.00 | Epsilon 0.2466
Seed 17 | Episode 395 | Reward 54.00 | Epsilon 0.2463
Seed 17 | Episode 396 | Reward 49.00 | Epsilon 0.2459
Seed 17 | Episode 397 | Reward 58.00 | Epsilon 0.2456
Seed 17 | Episode 398 | Reward 42.00 | Epsilon 0.2451
Seed 17 | Episode 399 | Reward 42.00 | Epsilon 0.2447
Seed 17 | Episode 400 | Reward 35.00 | Epsilon 0.2442
Seed 17 | Episode 401 | Reward 46.00 | Epsilon 0.2438
Seed 17 | Episode 402 | Reward 52.00 | Epsilon 0.2435
Seed 17 | Episode 403 | Reward 59.00 | Epsilon 0.2432
Seed 17 | Episode 404 | Reward 48.00 | Epsilon 0.2428
Seed 17 | Episode 405 | Reward 58.00 | Epsilon 0.2425
Seed 17 | Episode 406 | Reward 54.00 | Epsilon 0.2421
Seed 17 | Episode 407 | Reward 52.00 | Epsilon 0.2418
Seed 17 | Episode 408 | Reward 50.00 | Epsilon 0.2414
Seed 17 | Episode 409 | Reward 55.00 | Epsilon 0.2411
Seed 17 | Episode 410 | Reward 55.00 | Epsilon 0.2407
Seed 17 | Episode 411 | Reward 58.00 | Epsilon 0.2404
Seed 17 | Episode 412 | Reward 41.00 | Epsilon 0.2400
Seed 17 | Episode 413 | Reward 48.00 | Epsilon 0.2396
Seed 17 | Episode 414 | Reward 50.00 | Epsilon 0.2392
Seed 17 | Episode 415 | Reward 51.00 | Epsilon 0.2389
Seed 17 | Episode 416 | Reward 47.00 | Epsilon 0.2385
Seed 17 | Episode 417 | Reward 51.00 | Epsilon 0.2381
Seed 17 | Episode 418 | Reward 43.00 | Epsilon 0.2377
Seed 17 | Episode 419 | Reward 57.00 | Epsilon 0.2374
Seed 17 | Episode 420 | Reward 57.00 | Epsilon 0.2371
Seed 17 | Episode 421 | Reward 43.00 | Epsilon 0.2367
Seed 17 | Episode 422 | Reward 60.00 | Epsilon 0.2364
Seed 17 | Episode 423 | Reward 47.00 | Epsilon 0.2360
Seed 17 | Episode 424 | Reward 40.00 | Epsilon 0.2356
Seed 17 | Episode 425 | Reward 51.00 | Epsilon 0.2352
Seed 17 | Episode 426 | Reward 51.00 | Epsilon 0.2349
Seed 17 | Episode 427 | Reward 45.00 | Epsilon 0.2345
Seed 17 | Episode 428 | Reward 60.00 | Epsilon 0.2342
Seed 17 | Episode 429 | Reward 50.00 | Epsilon 0.2338
Seed 17 | Episode 430 | Reward 54.00 | Epsilon 0.2335
Seed 17 | Episode 431 | Reward 49.00 | Epsilon 0.2331
Seed 17 | Episode 432 | Reward 41.00 | Epsilon 0.2327
Seed 17 | Episode 433 | Reward 47.00 | Epsilon 0.2323
Seed 17 | Episode 434 | Reward 61.00 | Epsilon 0.2321
Seed 17 | Episode 435 | Reward 44.00 | Epsilon 0.2317
Seed 17 | Episode 436 | Reward 45.00 | Epsilon 0.2313
Seed 17 | Episode 437 | Reward 38.00 | Epsilon 0.2308
Seed 17 | Episode 438 | Reward 45.00 | Epsilon 0.2304
Seed 17 | Episode 439 | Reward 45.00 | Epsilon 0.2301
Seed 17 | Episode 440 | Reward 38.00 | Epsilon 0.2296
Seed 17 | Episode 441 | Reward 49.00 | Epsilon 0.2293
Seed 17 | Episode 442 | Reward 52.00 | Epsilon 0.2289
Seed 17 | Episode 443 | Reward 30.00 | Epsilon 0.2284
Seed 17 | Episode 444 | Reward 43.00 | Epsilon 0.2280
Seed 17 | Episode 445 | Reward 52.00 | Epsilon 0.2277
Seed 17 | Episode 446 | Reward 47.00 | Epsilon 0.2273
Seed 17 | Episode 447 | Reward 55.00 | Epsilon 0.2270
Seed 17 | Episode 448 | Reward 49.00 | Epsilon 0.2267
Seed 17 | Episode 449 | Reward 57.00 | Epsilon 0.2264
Seed 17 | Episode 450 | Reward 45.00 | Epsilon 0.2260
Seed 17 | Episode 451 | Reward 46.00 | Epsilon 0.2256
Seed 17 | Episode 452 | Reward 55.00 | Epsilon 0.2253
Seed 17 | Episode 453 | Reward 54.00 | Epsilon 0.2250
Seed 17 | Episode 454 | Reward 50.00 | Epsilon 0.2246
Seed 17 | Episode 455 | Reward 56.00 | Epsilon 0.2243
Seed 17 | Episode 456 | Reward 55.00 | Epsilon 0.2240
Seed 17 | Episode 457 | Reward 34.00 | Epsilon 0.2236
Seed 17 | Episode 458 | Reward 60.00 | Epsilon 0.2233
Seed 17 | Episode 459 | Reward 59.00 | Epsilon 0.2230
Seed 17 | Episode 460 | Reward 61.00 | Epsilon 0.2228
Seed 17 | Episode 461 | Reward 55.00 | Epsilon 0.2225
Seed 17 | Episode 462 | Reward 62.00 | Epsilon 0.2222
Seed 17 | Episode 463 | Reward 40.00 | Epsilon 0.2218
Seed 17 | Episode 464 | Reward 44.00 | Epsilon 0.2214
Seed 17 | Episode 465 | Reward 39.00 | Epsilon 0.2210
Seed 17 | Episode 466 | Reward 59.00 | Epsilon 0.2207
Seed 17 | Episode 467 | Reward 37.00 | Epsilon 0.2203
Seed 17 | Episode 468 | Reward 55.00 | Epsilon 0.2200
Seed 17 | Episode 469 | Reward 61.00 | Epsilon 0.2197
Seed 17 | Episode 470 | Reward 41.00 | Epsilon 0.2193
Seed 17 | Episode 471 | Reward 40.00 | Epsilon 0.2189
Seed 17 | Episode 472 | Reward 61.00 | Epsilon 0.2187
Seed 17 | Episode 473 | Reward 61.00 | Epsilon 0.2184
Seed 17 | Episode 474 | Reward 51.00 | Epsilon 0.2181
Seed 17 | Episode 475 | Reward 54.00 | Epsilon 0.2178
Seed 17 | Episode 476 | Reward 50.00 | Epsilon 0.2174
Seed 17 | Episode 477 | Reward 59.00 | Epsilon 0.2172
Seed 17 | Episode 478 | Reward 44.00 | Epsilon 0.2168
Seed 17 | Episode 479 | Reward 40.00 | Epsilon 0.2164
Seed 17 | Episode 480 | Reward 58.00 | Epsilon 0.2161
Seed 17 | Episode 481 | Reward 56.00 | Epsilon 0.2158
Seed 17 | Episode 482 | Reward 42.00 | Epsilon 0.2154
Seed 17 | Episode 483 | Reward 60.00 | Epsilon 0.2152
Seed 17 | Episode 484 | Reward 55.00 | Epsilon 0.2149
Seed 17 | Episode 485 | Reward 46.00 | Epsilon 0.2145
Seed 17 | Episode 486 | Reward 56.00 | Epsilon 0.2142
Seed 17 | Episode 487 | Reward 51.00 | Epsilon 0.2139
Seed 17 | Episode 488 | Reward 46.00 | Epsilon 0.2136
Seed 17 | Episode 489 | Reward 53.00 | Epsilon 0.2133
Seed 17 | Episode 490 | Reward 31.00 | Epsilon 0.2128
Seed 17 | Episode 491 | Reward 63.00 | Epsilon 0.2126
Seed 17 | Episode 492 | Reward 43.00 | Epsilon 0.2122
Seed 17 | Episode 493 | Reward 53.00 | Epsilon 0.2119
Seed 17 | Episode 494 | Reward 44.00 | Epsilon 0.2115
Seed 17 | Episode 495 | Reward 45.00 | Epsilon 0.2112
Seed 17 | Episode 496 | Reward 48.00 | Epsilon 0.2108
Seed 17 | Episode 497 | Reward 45.00 | Epsilon 0.2105
Seed 17 | Episode 498 | Reward 60.00 | Epsilon 0.2102
Seed 17 | Episode 499 | Reward 52.00 | Epsilon 0.2099
Seed 17 | Episode 500 | Reward 59.00 | Epsilon 0.2097
Seed 17 | Episode 501 | Reward 45.00 | Epsilon 0.2093
Seed 17 | Episode 502 | Reward 37.00 | Epsilon 0.2089
Seed 17 | Episode 503 | Reward 46.00 | Epsilon 0.2086
Seed 17 | Episode 504 | Reward 51.00 | Epsilon 0.2082
Seed 17 | Episode 505 | Reward 46.00 | Epsilon 0.2079
Seed 17 | Episode 506 | Reward 39.00 | Epsilon 0.2075
Seed 17 | Episode 507 | Reward 41.00 | Epsilon 0.2071
Seed 17 | Episode 508 | Reward 60.00 | Epsilon 0.2069
Seed 17 | Episode 509 | Reward 48.00 | Epsilon 0.2066
Seed 17 | Episode 510 | Reward 59.00 | Epsilon 0.2063
Seed 17 | Episode 511 | Reward 51.00 | Epsilon 0.2060
Seed 17 | Episode 512 | Reward 49.00 | Epsilon 0.2057
Seed 17 | Episode 513 | Reward 52.00 | Epsilon 0.2054
Seed 17 | Episode 514 | Reward 51.00 | Epsilon 0.2051
Seed 17 | Episode 515 | Reward 54.00 | Epsilon 0.2048
Seed 17 | Episode 516 | Reward 51.00 | Epsilon 0.2045
Seed 17 | Episode 517 | Reward 48.00 | Epsilon 0.2041
Seed 17 | Episode 518 | Reward 50.00 | Epsilon 0.2038
Seed 17 | Episode 519 | Reward 52.00 | Epsilon 0.2035
Seed 17 | Episode 520 | Reward 50.00 | Epsilon 0.2032
Seed 17 | Episode 521 | Reward 48.00 | Epsilon 0.2029
Seed 17 | Episode 522 | Reward 52.00 | Epsilon 0.2026
Seed 17 | Episode 523 | Reward 55.00 | Epsilon 0.2023
Seed 17 | Episode 524 | Reward 49.00 | Epsilon 0.2020
Seed 17 | Episode 525 | Reward 55.00 | Epsilon 0.2017
Seed 17 | Episode 526 | Reward 59.00 | Epsilon 0.2015
Seed 17 | Episode 527 | Reward 56.00 | Epsilon 0.2012
Seed 17 | Episode 528 | Reward 54.00 | Epsilon 0.2009
Seed 17 | Episode 529 | Reward 63.00 | Epsilon 0.2007
Seed 17 | Episode 530 | Reward 59.00 | Epsilon 0.2004
Seed 17 | Episode 531 | Reward 61.00 | Epsilon 0.2002
Seed 17 | Episode 532 | Reward 41.00 | Epsilon 0.1998
Seed 17 | Episode 533 | Reward 55.00 | Epsilon 0.1996
Seed 17 | Episode 534 | Reward 47.00 | Epsilon 0.1992
Seed 17 | Episode 535 | Reward 39.00 | Epsilon 0.1989
Seed 17 | Episode 536 | Reward 41.00 | Epsilon 0.1985
Seed 17 | Episode 537 | Reward 59.00 | Epsilon 0.1983
Seed 17 | Episode 538 | Reward 56.00 | Epsilon 0.1980
Seed 17 | Episode 539 | Reward 46.00 | Epsilon 0.1977
Seed 17 | Episode 540 | Reward 55.00 | Epsilon 0.1974
Seed 17 | Episode 541 | Reward 47.00 | Epsilon 0.1971
Seed 17 | Episode 542 | Reward 38.00 | Epsilon 0.1967
Seed 17 | Episode 543 | Reward 43.00 | Epsilon 0.1964
Seed 17 | Episode 544 | Reward 54.00 | Epsilon 0.1961
Seed 17 | Episode 545 | Reward 57.00 | Epsilon 0.1958
Seed 17 | Episode 546 | Reward 52.00 | Epsilon 0.1955
Seed 17 | Episode 547 | Reward 52.00 | Epsilon 0.1952
Seed 17 | Episode 548 | Reward 55.00 | Epsilon 0.1950
Seed 17 | Episode 549 | Reward 54.00 | Epsilon 0.1947
Seed 17 | Episode 550 | Reward 49.00 | Epsilon 0.1944
Seed 17 | Episode 551 | Reward 42.00 | Epsilon 0.1941
Seed 17 | Episode 552 | Reward 56.00 | Epsilon 0.1938
Seed 17 | Episode 553 | Reward 51.00 | Epsilon 0.1935
Seed 17 | Episode 554 | Reward 55.00 | Epsilon 0.1932
Seed 17 | Episode 555 | Reward 60.00 | Epsilon 0.1930
Seed 17 | Episode 556 | Reward 50.00 | Epsilon 0.1927
Seed 17 | Episode 557 | Reward 48.00 | Epsilon 0.1924
Seed 17 | Episode 558 | Reward 62.00 | Epsilon 0.1922
Seed 17 | Episode 559 | Reward 44.00 | Epsilon 0.1918
Seed 17 | Episode 560 | Reward 55.00 | Epsilon 0.1916
Seed 17 | Episode 561 | Reward 52.00 | Epsilon 0.1913
Seed 17 | Episode 562 | Reward 53.00 | Epsilon 0.1910
Seed 17 | Episode 563 | Reward 55.00 | Epsilon 0.1908
Seed 17 | Episode 564 | Reward 53.00 | Epsilon 0.1905
Seed 17 | Episode 565 | Reward 53.00 | Epsilon 0.1902
Seed 17 | Episode 566 | Reward 50.00 | Epsilon 0.1899
Seed 17 | Episode 567 | Reward 56.00 | Epsilon 0.1897
Seed 17 | Episode 568 | Reward 64.00 | Epsilon 0.1895
Seed 17 | Episode 569 | Reward 46.00 | Epsilon 0.1891
Seed 17 | Episode 570 | Reward 39.00 | Epsilon 0.1888
Seed 17 | Episode 571 | Reward 62.00 | Epsilon 0.1886
Seed 17 | Episode 572 | Reward 56.00 | Epsilon 0.1883
Seed 17 | Episode 573 | Reward 60.00 | Epsilon 0.1881
Seed 17 | Episode 574 | Reward 55.00 | Epsilon 0.1878
Seed 17 | Episode 575 | Reward 42.00 | Epsilon 0.1875
Seed 17 | Episode 576 | Reward 42.00 | Epsilon 0.1872
Seed 17 | Episode 577 | Reward 57.00 | Epsilon 0.1869
Seed 17 | Episode 578 | Reward 54.00 | Epsilon 0.1866
Seed 17 | Episode 579 | Reward 58.00 | Epsilon 0.1864
Seed 17 | Episode 580 | Reward 53.00 | Epsilon 0.1861
Seed 17 | Episode 581 | Reward 48.00 | Epsilon 0.1858
Seed 17 | Episode 582 | Reward 41.00 | Epsilon 0.1855
Seed 17 | Episode 583 | Reward 52.00 | Epsilon 0.1852
Seed 17 | Episode 584 | Reward 42.00 | Epsilon 0.1849
Seed 17 | Episode 585 | Reward 56.00 | Epsilon 0.1847
Seed 17 | Episode 586 | Reward 50.00 | Epsilon 0.1844
Seed 17 | Episode 587 | Reward 51.00 | Epsilon 0.1841
Seed 17 | Episode 588 | Reward 49.00 | Epsilon 0.1838
Seed 17 | Episode 589 | Reward 59.00 | Epsilon 0.1836
Seed 17 | Episode 590 | Reward 44.00 | Epsilon 0.1833
Seed 17 | Episode 591 | Reward 65.00 | Epsilon 0.1831
Seed 17 | Episode 592 | Reward 51.00 | Epsilon 0.1828
Seed 17 | Episode 593 | Reward 52.00 | Epsilon 0.1825
Seed 17 | Episode 594 | Reward 49.00 | Epsilon 0.1822
Seed 17 | Episode 595 | Reward 56.00 | Epsilon 0.1820
Seed 17 | Episode 596 | Reward 50.00 | Epsilon 0.1817
Seed 17 | Episode 597 | Reward 52.00 | Epsilon 0.1815
Seed 17 | Episode 598 | Reward 51.00 | Epsilon 0.1812
Seed 17 | Episode 599 | Reward 54.00 | Epsilon 0.1809
Seed 17 | Episode 600 | Reward 50.00 | Epsilon 0.1806
Seed 17 | Episode 601 | Reward 52.00 | Epsilon 0.1804
Seed 17 | Episode 602 | Reward 46.00 | Epsilon 0.1801
Seed 17 | Episode 603 | Reward 50.00 | Epsilon 0.1798
Seed 17 | Episode 604 | Reward 54.00 | Epsilon 0.1796
Seed 17 | Episode 605 | Reward 51.00 | Epsilon 0.1793
Seed 17 | Episode 606 | Reward 37.00 | Epsilon 0.1789
Seed 17 | Episode 607 | Reward 59.00 | Epsilon 0.1787
Seed 17 | Episode 608 | Reward 33.00 | Epsilon 0.1784
Seed 17 | Episode 609 | Reward 60.00 | Epsilon 0.1781
Seed 17 | Episode 610 | Reward 56.00 | Epsilon 0.1779
Seed 17 | Episode 611 | Reward 51.00 | Epsilon 0.1776
Seed 17 | Episode 612 | Reward 64.00 | Epsilon 0.1774
Seed 17 | Episode 613 | Reward 52.00 | Epsilon 0.1772
Seed 17 | Episode 614 | Reward 52.00 | Epsilon 0.1769
Seed 17 | Episode 615 | Reward 54.00 | Epsilon 0.1767
Seed 17 | Episode 616 | Reward 62.00 | Epsilon 0.1765
Seed 17 | Episode 617 | Reward 35.00 | Epsilon 0.1761
Seed 17 | Episode 618 | Reward 56.00 | Epsilon 0.1759
Seed 17 | Episode 619 | Reward 63.00 | Epsilon 0.1757
Seed 17 | Episode 620 | Reward 53.00 | Epsilon 0.1754
Seed 17 | Episode 621 | Reward 53.00 | Epsilon 0.1752
Seed 17 | Episode 622 | Reward 62.00 | Epsilon 0.1750
Seed 17 | Episode 623 | Reward 56.00 | Epsilon 0.1747
Seed 17 | Episode 624 | Reward 35.00 | Epsilon 0.1744
Seed 17 | Episode 625 | Reward 57.00 | Epsilon 0.1741
Seed 17 | Episode 626 | Reward 60.00 | Epsilon 0.1739
Seed 17 | Episode 627 | Reward 46.00 | Epsilon 0.1736
Seed 17 | Episode 628 | Reward 51.00 | Epsilon 0.1734
Seed 17 | Episode 629 | Reward 51.00 | Epsilon 0.1731
Seed 17 | Episode 630 | Reward 61.00 | Epsilon 0.1729
Seed 17 | Episode 631 | Reward 51.00 | Epsilon 0.1727
Seed 17 | Episode 632 | Reward 51.00 | Epsilon 0.1724
Seed 17 | Episode 633 | Reward 32.00 | Epsilon 0.1720
Seed 17 | Episode 634 | Reward 62.00 | Epsilon 0.1718
Seed 17 | Episode 635 | Reward 53.00 | Epsilon 0.1716
Seed 17 | Episode 636 | Reward 54.00 | Epsilon 0.1714
Seed 17 | Episode 637 | Reward 50.00 | Epsilon 0.1711
Seed 17 | Episode 638 | Reward 63.00 | Epsilon 0.1709
Seed 17 | Episode 639 | Reward 47.00 | Epsilon 0.1706
Seed 17 | Episode 640 | Reward 40.00 | Epsilon 0.1703
Seed 17 | Episode 641 | Reward 61.00 | Epsilon 0.1701
Seed 17 | Episode 642 | Reward 59.00 | Epsilon 0.1699
Seed 17 | Episode 643 | Reward 48.00 | Epsilon 0.1696
Seed 17 | Episode 644 | Reward 43.00 | Epsilon 0.1693
Seed 17 | Episode 645 | Reward 56.00 | Epsilon 0.1691
Seed 17 | Episode 646 | Reward 52.00 | Epsilon 0.1688
Seed 17 | Episode 647 | Reward 56.00 | Epsilon 0.1686
Seed 17 | Episode 648 | Reward 47.00 | Epsilon 0.1683
Seed 17 | Episode 649 | Reward 47.00 | Epsilon 0.1681
Seed 17 | Episode 650 | Reward 57.00 | Epsilon 0.1679
Seed 17 | Episode 651 | Reward 47.00 | Epsilon 0.1676
Seed 17 | Episode 652 | Reward 56.00 | Epsilon 0.1674
Seed 17 | Episode 653 | Reward 48.00 | Epsilon 0.1671
Seed 17 | Episode 654 | Reward 53.00 | Epsilon 0.1668
Seed 17 | Episode 655 | Reward 41.00 | Epsilon 0.1665
Seed 17 | Episode 656 | Reward 55.00 | Epsilon 0.1663
Seed 17 | Episode 657 | Reward 49.00 | Epsilon 0.1661
Seed 17 | Episode 658 | Reward 56.00 | Epsilon 0.1658
Seed 17 | Episode 659 | Reward 57.00 | Epsilon 0.1656
Seed 17 | Episode 660 | Reward 63.00 | Epsilon 0.1654
Seed 17 | Episode 661 | Reward 59.00 | Epsilon 0.1652
Seed 17 | Episode 662 | Reward 56.00 | Epsilon 0.1650
Seed 17 | Episode 663 | Reward 36.00 | Epsilon 0.1647
Seed 17 | Episode 664 | Reward 29.00 | Epsilon 0.1643
Seed 17 | Episode 665 | Reward 40.00 | Epsilon 0.1640
Seed 17 | Episode 666 | Reward 40.00 | Epsilon 0.1637
Seed 17 | Episode 667 | Reward 47.00 | Epsilon 0.1635
Seed 17 | Episode 668 | Reward 48.00 | Epsilon 0.1632
Seed 17 | Episode 669 | Reward 64.00 | Epsilon 0.1630
Seed 17 | Episode 670 | Reward 37.00 | Epsilon 0.1627
Seed 17 | Episode 671 | Reward 43.00 | Epsilon 0.1624
Seed 17 | Episode 672 | Reward 52.00 | Epsilon 0.1622
Seed 17 | Episode 673 | Reward 53.00 | Epsilon 0.1619
Seed 17 | Episode 674 | Reward 54.00 | Epsilon 0.1617
Seed 17 | Episode 675 | Reward 52.00 | Epsilon 0.1615
Seed 17 | Episode 676 | Reward 56.00 | Epsilon 0.1613
Seed 17 | Episode 677 | Reward 45.00 | Epsilon 0.1610
Seed 17 | Episode 678 | Reward 46.00 | Epsilon 0.1607
Seed 17 | Episode 679 | Reward 43.00 | Epsilon 0.1604
Seed 17 | Episode 680 | Reward 56.00 | Epsilon 0.1602
Seed 17 | Episode 681 | Reward 53.00 | Epsilon 0.1600
Seed 17 | Episode 682 | Reward 60.00 | Epsilon 0.1598
Seed 17 | Episode 683 | Reward 52.00 | Epsilon 0.1596
Seed 17 | Episode 684 | Reward 52.00 | Epsilon 0.1593
Seed 17 | Episode 685 | Reward 59.00 | Epsilon 0.1591
Seed 17 | Episode 686 | Reward 61.00 | Epsilon 0.1589
Seed 17 | Episode 687 | Reward 63.00 | Epsilon 0.1588
Seed 17 | Episode 688 | Reward 64.00 | Epsilon 0.1586
Seed 17 | Episode 689 | Reward 51.00 | Epsilon 0.1583
Seed 17 | Episode 690 | Reward 54.00 | Epsilon 0.1581
Seed 17 | Episode 691 | Reward 56.00 | Epsilon 0.1579
Seed 17 | Episode 692 | Reward 52.00 | Epsilon 0.1577
Seed 17 | Episode 693 | Reward 53.00 | Epsilon 0.1575
Seed 17 | Episode 694 | Reward 32.00 | Epsilon 0.1571
Seed 17 | Episode 695 | Reward 62.00 | Epsilon 0.1569
Seed 17 | Episode 696 | Reward 53.00 | Epsilon 0.1567
Seed 17 | Episode 697 | Reward 58.00 | Epsilon 0.1565
Seed 17 | Episode 698 | Reward 41.00 | Epsilon 0.1562
Seed 17 | Episode 699 | Reward 58.00 | Epsilon 0.1560
Seed 17 | Episode 700 | Reward 62.00 | Epsilon 0.1559
Seed 17 | Episode 701 | Reward 62.00 | Epsilon 0.1557
Seed 17 | Episode 702 | Reward 55.00 | Epsilon 0.1555
Seed 17 | Episode 703 | Reward 37.00 | Epsilon 0.1552
Seed 17 | Episode 704 | Reward 58.00 | Epsilon 0.1550
Seed 17 | Episode 705 | Reward 48.00 | Epsilon 0.1547
Seed 17 | Episode 706 | Reward 54.00 | Epsilon 0.1545
Seed 17 | Episode 707 | Reward 41.00 | Epsilon 0.1542
Seed 17 | Episode 708 | Reward 48.00 | Epsilon 0.1540
Seed 17 | Episode 709 | Reward 59.00 | Epsilon 0.1538
Seed 17 | Episode 710 | Reward 40.00 | Epsilon 0.1535
Seed 17 | Episode 711 | Reward 63.00 | Epsilon 0.1533
Seed 17 | Episode 712 | Reward 44.00 | Epsilon 0.1531
Seed 17 | Episode 713 | Reward 56.00 | Epsilon 0.1529
Seed 17 | Episode 714 | Reward 57.00 | Epsilon 0.1526
Seed 17 | Episode 715 | Reward 56.00 | Epsilon 0.1524
Seed 17 | Episode 716 | Reward 44.00 | Epsilon 0.1522
Seed 17 | Episode 717 | Reward 50.00 | Epsilon 0.1519
Seed 17 | Episode 718 | Reward 58.00 | Epsilon 0.1518
Seed 17 | Episode 719 | Reward 53.00 | Epsilon 0.1515
Seed 17 | Episode 720 | Reward 54.00 | Epsilon 0.1513
Seed 17 | Episode 721 | Reward 50.00 | Epsilon 0.1511
Seed 17 | Episode 722 | Reward 57.00 | Epsilon 0.1509
Seed 17 | Episode 723 | Reward 54.00 | Epsilon 0.1507
Seed 17 | Episode 724 | Reward 62.00 | Epsilon 0.1505
Seed 17 | Episode 725 | Reward 60.00 | Epsilon 0.1503
Seed 17 | Episode 726 | Reward 49.00 | Epsilon 0.1501
Seed 17 | Episode 727 | Reward 65.00 | Epsilon 0.1499
Seed 17 | Episode 728 | Reward 61.00 | Epsilon 0.1497
Seed 17 | Episode 729 | Reward 58.00 | Epsilon 0.1495
Seed 17 | Episode 730 | Reward 47.00 | Epsilon 0.1493
Seed 17 | Episode 731 | Reward 49.00 | Epsilon 0.1491
Seed 17 | Episode 732 | Reward 46.00 | Epsilon 0.1488
Seed 17 | Episode 733 | Reward 46.00 | Epsilon 0.1486
Seed 17 | Episode 734 | Reward 50.00 | Epsilon 0.1484
Seed 17 | Episode 735 | Reward 52.00 | Epsilon 0.1481
Seed 17 | Episode 736 | Reward 50.00 | Epsilon 0.1479
Seed 17 | Episode 737 | Reward 63.00 | Epsilon 0.1477
Seed 17 | Episode 738 | Reward 47.00 | Epsilon 0.1475
Seed 17 | Episode 739 | Reward 58.00 | Epsilon 0.1473
Seed 17 | Episode 740 | Reward 53.00 | Epsilon 0.1471
Seed 17 | Episode 741 | Reward 44.00 | Epsilon 0.1468
Seed 17 | Episode 742 | Reward 51.00 | Epsilon 0.1466
Seed 17 | Episode 743 | Reward 51.00 | Epsilon 0.1464
Seed 17 | Episode 744 | Reward 50.00 | Epsilon 0.1462
Seed 17 | Episode 745 | Reward 52.00 | Epsilon 0.1460
Seed 17 | Episode 746 | Reward 48.00 | Epsilon 0.1457
Seed 17 | Episode 747 | Reward 63.00 | Epsilon 0.1456
Seed 17 | Episode 748 | Reward 47.00 | Epsilon 0.1453
Seed 17 | Episode 749 | Reward 46.00 | Epsilon 0.1451
Seed 17 | Episode 750 | Reward 52.00 | Epsilon 0.1449
Seed 17 | Episode 751 | Reward 51.00 | Epsilon 0.1447
Seed 17 | Episode 752 | Reward 42.00 | Epsilon 0.1444
Seed 17 | Episode 753 | Reward 58.00 | Epsilon 0.1442
Seed 17 | Episode 754 | Reward 44.00 | Epsilon 0.1440
Seed 17 | Episode 755 | Reward 48.00 | Epsilon 0.1438
Seed 17 | Episode 756 | Reward 41.00 | Epsilon 0.1435
Seed 17 | Episode 757 | Reward 49.00 | Epsilon 0.1433
Seed 17 | Episode 758 | Reward 50.00 | Epsilon 0.1430
Seed 17 | Episode 759 | Reward 55.00 | Epsilon 0.1429
Seed 17 | Episode 760 | Reward 62.00 | Epsilon 0.1427
Seed 17 | Episode 761 | Reward 47.00 | Epsilon 0.1425
Seed 17 | Episode 762 | Reward 61.00 | Epsilon 0.1423
Seed 17 | Episode 763 | Reward 58.00 | Epsilon 0.1421
Seed 17 | Episode 764 | Reward 66.00 | Epsilon 0.1420
Seed 17 | Episode 765 | Reward 48.00 | Epsilon 0.1417
Seed 17 | Episode 766 | Reward 55.00 | Epsilon 0.1415
Seed 17 | Episode 767 | Reward 51.00 | Epsilon 0.1413
Seed 17 | Episode 768 | Reward 57.00 | Epsilon 0.1411
Seed 17 | Episode 769 | Reward 64.00 | Epsilon 0.1410
Seed 17 | Episode 770 | Reward 60.00 | Epsilon 0.1408
Seed 17 | Episode 771 | Reward 63.00 | Epsilon 0.1406
Seed 17 | Episode 772 | Reward 55.00 | Epsilon 0.1404
Seed 17 | Episode 773 | Reward 50.00 | Epsilon 0.1402
Seed 17 | Episode 774 | Reward 60.00 | Epsilon 0.1401
Seed 17 | Episode 775 | Reward 21.00 | Epsilon 0.1397
Seed 17 | Episode 776 | Reward 59.00 | Epsilon 0.1395
Seed 17 | Episode 777 | Reward 52.00 | Epsilon 0.1393
Seed 17 | Episode 778 | Reward 49.00 | Epsilon 0.1391
Seed 17 | Episode 779 | Reward 53.00 | Epsilon 0.1389
Seed 17 | Episode 780 | Reward 45.00 | Epsilon 0.1387
Seed 17 | Episode 781 | Reward 55.00 | Epsilon 0.1385
Seed 17 | Episode 782 | Reward 52.00 | Epsilon 0.1383
Seed 17 | Episode 783 | Reward 53.00 | Epsilon 0.1381
Seed 17 | Episode 784 | Reward 56.00 | Epsilon 0.1379
Seed 17 | Episode 785 | Reward 51.00 | Epsilon 0.1377
Seed 17 | Episode 786 | Reward 56.00 | Epsilon 0.1375
Seed 17 | Episode 787 | Reward 53.00 | Epsilon 0.1373
Seed 17 | Episode 788 | Reward 62.00 | Epsilon 0.1372
Seed 17 | Episode 789 | Reward 63.00 | Epsilon 0.1370
Seed 17 | Episode 790 | Reward 60.00 | Epsilon 0.1368
Seed 17 | Episode 791 | Reward 60.00 | Epsilon 0.1367
Seed 17 | Episode 792 | Reward 58.00 | Epsilon 0.1365
Seed 17 | Episode 793 | Reward 44.00 | Epsilon 0.1363
Seed 17 | Episode 794 | Reward 62.00 | Epsilon 0.1361
Seed 17 | Episode 795 | Reward 66.00 | Epsilon 0.1360
Seed 17 | Episode 796 | Reward 64.00 | Epsilon 0.1358
Seed 17 | Episode 797 | Reward 53.00 | Epsilon 0.1356
Seed 17 | Episode 798 | Reward 54.00 | Epsilon 0.1354
Seed 17 | Episode 799 | Reward 39.00 | Epsilon 0.1352
Seed 17 | Episode 800 | Reward 58.00 | Epsilon 0.1350
Seed 17 | Episode 801 | Reward 45.00 | Epsilon 0.1348
Seed 17 | Episode 802 | Reward 55.00 | Epsilon 0.1346
Seed 17 | Episode 803 | Reward 50.00 | Epsilon 0.1344
Seed 17 | Episode 804 | Reward 56.00 | Epsilon 0.1342
Seed 17 | Episode 805 | Reward 50.00 | Epsilon 0.1340
Seed 17 | Episode 806 | Reward 61.00 | Epsilon 0.1338
Seed 17 | Episode 807 | Reward 62.00 | Epsilon 0.1337
Seed 17 | Episode 808 | Reward 60.00 | Epsilon 0.1335
Seed 17 | Episode 809 | Reward 50.00 | Epsilon 0.1333
Seed 17 | Episode 810 | Reward 55.00 | Epsilon 0.1331
Seed 17 | Episode 811 | Reward 58.00 | Epsilon 0.1329
Seed 17 | Episode 812 | Reward 42.00 | Epsilon 0.1327
Seed 17 | Episode 813 | Reward 46.00 | Epsilon 0.1325
Seed 17 | Episode 814 | Reward 7.00 | Epsilon 0.1321
Seed 17 | Episode 815 | Reward 58.00 | Epsilon 0.1320
Seed 17 | Episode 816 | Reward 46.00 | Epsilon 0.1317
Seed 17 | Episode 817 | Reward 55.00 | Epsilon 0.1316
Seed 17 | Episode 818 | Reward 56.00 | Epsilon 0.1314
Seed 17 | Episode 819 | Reward 53.00 | Epsilon 0.1312
Seed 17 | Episode 820 | Reward 58.00 | Epsilon 0.1310
Seed 17 | Episode 821 | Reward 49.00 | Epsilon 0.1308
Seed 17 | Episode 822 | Reward 44.00 | Epsilon 0.1306
Seed 17 | Episode 823 | Reward 58.00 | Epsilon 0.1304
Seed 17 | Episode 824 | Reward 49.00 | Epsilon 0.1302
Seed 17 | Episode 825 | Reward 64.00 | Epsilon 0.1301
Seed 17 | Episode 826 | Reward 60.00 | Epsilon 0.1299
Seed 17 | Episode 827 | Reward 51.00 | Epsilon 0.1297
Seed 17 | Episode 828 | Reward 63.00 | Epsilon 0.1296
Seed 17 | Episode 829 | Reward 56.00 | Epsilon 0.1294
Seed 17 | Episode 830 | Reward 46.00 | Epsilon 0.1292
Seed 17 | Episode 831 | Reward 52.00 | Epsilon 0.1290
Seed 17 | Episode 832 | Reward 55.00 | Epsilon 0.1288
Seed 17 | Episode 833 | Reward 60.00 | Epsilon 0.1287
Seed 17 | Episode 834 | Reward 49.00 | Epsilon 0.1285
Seed 17 | Episode 835 | Reward 53.00 | Epsilon 0.1283
Seed 17 | Episode 836 | Reward 51.00 | Epsilon 0.1281
Seed 17 | Episode 837 | Reward 58.00 | Epsilon 0.1279
Seed 17 | Episode 838 | Reward 56.00 | Epsilon 0.1277
Seed 17 | Episode 839 | Reward 33.00 | Epsilon 0.1275
Seed 17 | Episode 840 | Reward 30.00 | Epsilon 0.1272
Seed 17 | Episode 841 | Reward 61.00 | Epsilon 0.1271
Seed 17 | Episode 842 | Reward 59.00 | Epsilon 0.1269
Seed 17 | Episode 843 | Reward 48.00 | Epsilon 0.1267
Seed 17 | Episode 844 | Reward 57.00 | Epsilon 0.1265
Seed 17 | Episode 845 | Reward 61.00 | Epsilon 0.1264
Seed 17 | Episode 846 | Reward 49.00 | Epsilon 0.1262
Seed 17 | Episode 847 | Reward 59.00 | Epsilon 0.1260
Seed 17 | Episode 848 | Reward 64.00 | Epsilon 0.1259
Seed 17 | Episode 849 | Reward 55.00 | Epsilon 0.1257
Seed 17 | Episode 850 | Reward 44.00 | Epsilon 0.1255
Seed 17 | Episode 851 | Reward 43.00 | Epsilon 0.1253
Seed 17 | Episode 852 | Reward 56.00 | Epsilon 0.1251
Seed 17 | Episode 853 | Reward 61.00 | Epsilon 0.1250
Seed 17 | Episode 854 | Reward 52.00 | Epsilon 0.1248
Seed 17 | Episode 855 | Reward 50.00 | Epsilon 0.1246
Seed 17 | Episode 856 | Reward 46.00 | Epsilon 0.1244
Seed 17 | Episode 857 | Reward 58.00 | Epsilon 0.1242
Seed 17 | Episode 858 | Reward 53.00 | Epsilon 0.1240
Seed 17 | Episode 859 | Reward 51.00 | Epsilon 0.1238
Seed 17 | Episode 860 | Reward 50.00 | Epsilon 0.1237
Seed 17 | Episode 861 | Reward 53.00 | Epsilon 0.1235
Seed 17 | Episode 862 | Reward 39.00 | Epsilon 0.1233
Seed 17 | Episode 863 | Reward 50.00 | Epsilon 0.1231
Seed 17 | Episode 864 | Reward 57.00 | Epsilon 0.1229
Seed 17 | Episode 865 | Reward 58.00 | Epsilon 0.1227
Seed 17 | Episode 866 | Reward 55.00 | Epsilon 0.1226
Seed 17 | Episode 867 | Reward 50.00 | Epsilon 0.1224
Seed 17 | Episode 868 | Reward 57.00 | Epsilon 0.1222
Seed 17 | Episode 869 | Reward 57.00 | Epsilon 0.1221
Seed 17 | Episode 870 | Reward 45.00 | Epsilon 0.1219
Seed 17 | Episode 871 | Reward 52.00 | Epsilon 0.1217
Seed 17 | Episode 872 | Reward 59.00 | Epsilon 0.1215
Seed 17 | Episode 873 | Reward 54.00 | Epsilon 0.1214
Seed 17 | Episode 874 | Reward 17.00 | Epsilon 0.1210
Seed 17 | Episode 875 | Reward 57.00 | Epsilon 0.1209
Seed 17 | Episode 876 | Reward 48.00 | Epsilon 0.1207
Seed 17 | Episode 877 | Reward 54.00 | Epsilon 0.1205
Seed 17 | Episode 878 | Reward 59.00 | Epsilon 0.1204
Seed 17 | Episode 879 | Reward 46.00 | Epsilon 0.1202
Seed 17 | Episode 880 | Reward 49.00 | Epsilon 0.1200
Seed 17 | Episode 881 | Reward 46.00 | Epsilon 0.1198
Seed 17 | Episode 882 | Reward 53.00 | Epsilon 0.1196
Seed 17 | Episode 883 | Reward 50.00 | Epsilon 0.1194
Seed 17 | Episode 884 | Reward 54.00 | Epsilon 0.1193
Seed 17 | Episode 885 | Reward 52.00 | Epsilon 0.1191
Seed 17 | Episode 886 | Reward 57.00 | Epsilon 0.1189
Seed 17 | Episode 887 | Reward 58.00 | Epsilon 0.1188
Seed 17 | Episode 888 | Reward 45.00 | Epsilon 0.1186
Seed 17 | Episode 889 | Reward 60.00 | Epsilon 0.1184
Seed 17 | Episode 890 | Reward 50.00 | Epsilon 0.1183
Seed 17 | Episode 891 | Reward 40.00 | Epsilon 0.1180
Seed 17 | Episode 892 | Reward 61.00 | Epsilon 0.1179
Seed 17 | Episode 893 | Reward 60.00 | Epsilon 0.1178
Seed 17 | Episode 894 | Reward 63.00 | Epsilon 0.1176
Seed 17 | Episode 895 | Reward 57.00 | Epsilon 0.1175
Seed 17 | Episode 896 | Reward 50.00 | Epsilon 0.1173
Seed 17 | Episode 897 | Reward 57.00 | Epsilon 0.1171
Seed 17 | Episode 898 | Reward 45.00 | Epsilon 0.1169
Seed 17 | Episode 899 | Reward 48.00 | Epsilon 0.1167
Seed 17 | Episode 900 | Reward 64.00 | Epsilon 0.1166
Seed 17 | Episode 901 | Reward 63.00 | Epsilon 0.1165
Seed 17 | Episode 902 | Reward 49.00 | Epsilon 0.1163
Seed 17 | Episode 903 | Reward 40.00 | Epsilon 0.1161
Seed 17 | Episode 904 | Reward 47.00 | Epsilon 0.1159
Seed 17 | Episode 905 | Reward 49.00 | Epsilon 0.1157
Seed 17 | Episode 906 | Reward 61.00 | Epsilon 0.1156
Seed 17 | Episode 907 | Reward 49.00 | Epsilon 0.1154
Seed 17 | Episode 908 | Reward 57.00 | Epsilon 0.1153
Seed 17 | Episode 909 | Reward 64.00 | Epsilon 0.1151
Seed 17 | Episode 910 | Reward 45.00 | Epsilon 0.1149
Seed 17 | Episode 911 | Reward 52.00 | Epsilon 0.1148
Seed 17 | Episode 912 | Reward 43.00 | Epsilon 0.1146
Seed 17 | Episode 913 | Reward 54.00 | Epsilon 0.1144
Seed 17 | Episode 914 | Reward 48.00 | Epsilon 0.1142
Seed 17 | Episode 915 | Reward 46.00 | Epsilon 0.1140
Seed 17 | Episode 916 | Reward 63.00 | Epsilon 0.1139
Seed 17 | Episode 917 | Reward 52.00 | Epsilon 0.1137
Seed 17 | Episode 918 | Reward 46.00 | Epsilon 0.1135
Seed 17 | Episode 919 | Reward 58.00 | Epsilon 0.1134
Seed 17 | Episode 920 | Reward 62.00 | Epsilon 0.1133
Seed 17 | Episode 921 | Reward 46.00 | Epsilon 0.1131
Seed 17 | Episode 922 | Reward 55.00 | Epsilon 0.1129
Seed 17 | Episode 923 | Reward 56.00 | Epsilon 0.1128
Seed 17 | Episode 924 | Reward 52.00 | Epsilon 0.1126
Seed 17 | Episode 925 | Reward 48.00 | Epsilon 0.1124
Seed 17 | Episode 926 | Reward 41.00 | Epsilon 0.1122
Seed 17 | Episode 927 | Reward 34.00 | Epsilon 0.1120
Seed 17 | Episode 928 | Reward 65.00 | Epsilon 0.1119
Seed 17 | Episode 929 | Reward 54.00 | Epsilon 0.1117
Seed 17 | Episode 930 | Reward 39.00 | Epsilon 0.1115
Seed 17 | Episode 931 | Reward 51.00 | Epsilon 0.1113
Seed 17 | Episode 932 | Reward 35.00 | Epsilon 0.1111
Seed 17 | Episode 933 | Reward 64.00 | Epsilon 0.1110
Seed 17 | Episode 934 | Reward 51.00 | Epsilon 0.1108
Seed 17 | Episode 935 | Reward 42.00 | Epsilon 0.1106
Seed 17 | Episode 936 | Reward 39.00 | Epsilon 0.1104
Seed 17 | Episode 937 | Reward 50.00 | Epsilon 0.1103
Seed 17 | Episode 938 | Reward 58.00 | Epsilon 0.1101
Seed 17 | Episode 939 | Reward 56.00 | Epsilon 0.1100
Seed 17 | Episode 940 | Reward 50.00 | Epsilon 0.1098
Seed 17 | Episode 941 | Reward 49.00 | Epsilon 0.1096
Seed 17 | Episode 942 | Reward 53.00 | Epsilon 0.1095
Seed 17 | Episode 943 | Reward 62.00 | Epsilon 0.1094
Seed 17 | Episode 944 | Reward 49.00 | Epsilon 0.1092
Seed 17 | Episode 945 | Reward 55.00 | Epsilon 0.1090
Seed 17 | Episode 946 | Reward 57.00 | Epsilon 0.1089
Seed 17 | Episode 947 | Reward -300.00 | Epsilon 0.1079
Seed 17 | Episode 948 | Reward 64.00 | Epsilon 0.1078
Seed 17 | Episode 949 | Reward 48.00 | Epsilon 0.1076
Seed 17 | Episode 950 | Reward 50.00 | Epsilon 0.1075
Seed 17 | Episode 951 | Reward 62.00 | Epsilon 0.1073
Seed 17 | Episode 952 | Reward 52.00 | Epsilon 0.1072
Seed 17 | Episode 953 | Reward 63.00 | Epsilon 0.1070
Seed 17 | Episode 954 | Reward 42.00 | Epsilon 0.1069
Seed 17 | Episode 955 | Reward 34.00 | Epsilon 0.1066
Seed 17 | Episode 956 | Reward 44.00 | Epsilon 0.1065
Seed 17 | Episode 957 | Reward 57.00 | Epsilon 0.1063
Seed 17 | Episode 958 | Reward 56.00 | Epsilon 0.1062
Seed 17 | Episode 959 | Reward 48.00 | Epsilon 0.1060
Seed 17 | Episode 960 | Reward 50.00 | Epsilon 0.1058
Seed 17 | Episode 961 | Reward 47.00 | Epsilon 0.1057
Seed 17 | Episode 962 | Reward 56.00 | Epsilon 0.1055
Seed 17 | Episode 963 | Reward 52.00 | Epsilon 0.1054
Seed 17 | Episode 964 | Reward 50.00 | Epsilon 0.1052
Seed 17 | Episode 965 | Reward 46.00 | Epsilon 0.1050
Seed 17 | Episode 966 | Reward 44.00 | Epsilon 0.1049
Seed 17 | Episode 967 | Reward 46.00 | Epsilon 0.1047
Seed 17 | Episode 968 | Reward 58.00 | Epsilon 0.1046
Seed 17 | Episode 969 | Reward -45.00 | Epsilon 0.1041
Seed 17 | Episode 970 | Reward 48.00 | Epsilon 0.1039
Seed 17 | Episode 971 | Reward 60.00 | Epsilon 0.1038
Seed 17 | Episode 972 | Reward 47.00 | Epsilon 0.1036
Seed 17 | Episode 973 | Reward 66.00 | Epsilon 0.1035
Seed 17 | Episode 974 | Reward 55.00 | Epsilon 0.1034
Seed 17 | Episode 975 | Reward 47.00 | Epsilon 0.1032
Seed 17 | Episode 976 | Reward 60.00 | Epsilon 0.1031
Seed 17 | Episode 977 | Reward 58.00 | Epsilon 0.1030
Seed 17 | Episode 978 | Reward 43.00 | Epsilon 0.1028
Seed 17 | Episode 979 | Reward 62.00 | Epsilon 0.1027
Seed 17 | Episode 980 | Reward 44.00 | Epsilon 0.1025
Seed 17 | Episode 981 | Reward 52.00 | Epsilon 0.1023
Seed 17 | Episode 982 | Reward 44.00 | Epsilon 0.1022
Seed 17 | Episode 983 | Reward 44.00 | Epsilon 0.1020
Seed 17 | Episode 984 | Reward 61.00 | Epsilon 0.1019
Seed 17 | Episode 985 | Reward 45.00 | Epsilon 0.1017
Seed 17 | Episode 986 | Reward 49.00 | Epsilon 0.1015
Seed 17 | Episode 987 | Reward 58.00 | Epsilon 0.1014
Seed 17 | Episode 988 | Reward 49.00 | Epsilon 0.1012
Seed 17 | Episode 989 | Reward 50.00 | Epsilon 0.1011
Seed 17 | Episode 990 | Reward 64.00 | Epsilon 0.1010
Seed 17 | Episode 991 | Reward 61.00 | Epsilon 0.1009
Seed 17 | Episode 992 | Reward 52.00 | Epsilon 0.1007
Seed 17 | Episode 993 | Reward 50.00 | Epsilon 0.1006
Seed 17 | Episode 994 | Reward 58.00 | Epsilon 0.1004
Seed 17 | Episode 995 | Reward 52.00 | Epsilon 0.1003
Seed 17 | Episode 996 | Reward 50.00 | Epsilon 0.1001
Seed 17 | Episode 997 | Reward 52.00 | Epsilon 0.1000
Seed 17 | Episode 998 | Reward 58.00 | Epsilon 0.0998
Seed 17 | Episode 999 | Reward 48.00 | Epsilon 0.0997
Finished seed 17
