starting job
Sun Dec  7 20:04:44 2025       
+-----------------------------------------------------------------------------------------+
| NVIDIA-SMI 580.65.06              Driver Version: 580.65.06      CUDA Version: 13.0     |
+-----------------------------------------+------------------------+----------------------+
| GPU  Name                 Persistence-M | Bus-Id          Disp.A | Volatile Uncorr. ECC |
| Fan  Temp   Perf          Pwr:Usage/Cap |           Memory-Usage | GPU-Util  Compute M. |
|                                         |                        |               MIG M. |
|=========================================+========================+======================|
|   0  NVIDIA H100 80GB HBM3          On  |   00000000:4C:00.0 Off |                   On |
| N/A   36C    P0            367W /  700W |   36066MiB /  81559MiB |     N/A      Default |
|                                         |                        |              Enabled |
+-----------------------------------------+------------------------+----------------------+

+-----------------------------------------------------------------------------------------+
| MIG devices:                                                                            |
+------------------+----------------------------------+-----------+-----------------------+
| GPU  GI  CI  MIG |              Shared Memory-Usage |        Vol|        Shared         |
|      ID  ID  Dev |                Shared BAR1-Usage | SM     Unc| CE ENC  DEC  OFA  JPG |
|                  |                                  |        ECC|                       |
|==================+==================================+===========+=======================|
|  0   10   0   0  |              15MiB /  9984MiB    | 16      0 |  1   0    1    0    1 |
|                  |               0MiB /  6185MiB    |           |                       |
+------------------+----------------------------------+-----------+-----------------------+

+-----------------------------------------------------------------------------------------+
| Processes:                                                                              |
|  GPU   GI   CI              PID   Type   Process name                        GPU Memory |
|        ID   ID                                                               Usage      |
|=========================================================================================|
|  No running processes found                                                             |
+-----------------------------------------------------------------------------------------+
Running seed 7
Gym has been unmaintained since 2022 and does not support NumPy 2.0 amongst other critical functionality.
Please upgrade to Gymnasium, the maintained drop-in replacement of Gym, or contact the authors of your software and request that they upgrade.
Users of this version of Gym should be able to simply replace 'import gym' with 'import gymnasium as gym' in the vast majority of cases.
See the migration guide at https://gymnasium.farama.org/introduction/migration_guide/ for additional information.
Seed 7 | Episode 0 | Reward -300.00 | Epsilon 0.9987
Seed 7 | Episode 1 | Reward -300.00 | Epsilon 0.9897
Seed 7 | Episode 2 | Reward -300.00 | Epsilon 0.9808
Seed 7 | Episode 3 | Reward -300.00 | Epsilon 0.9720
Seed 7 | Episode 4 | Reward -300.00 | Epsilon 0.9633
Seed 7 | Episode 5 | Reward -300.00 | Epsilon 0.9547
Seed 7 | Episode 6 | Reward -300.00 | Epsilon 0.9462
Seed 7 | Episode 7 | Reward -300.00 | Epsilon 0.9377
Seed 7 | Episode 8 | Reward -300.00 | Epsilon 0.9293
Seed 7 | Episode 9 | Reward -300.00 | Epsilon 0.9209
Seed 7 | Episode 10 | Reward -300.00 | Epsilon 0.9127
Seed 7 | Episode 11 | Reward -300.00 | Epsilon 0.9045
Seed 7 | Episode 12 | Reward -300.00 | Epsilon 0.8964
Seed 7 | Episode 13 | Reward -300.00 | Epsilon 0.8884
Seed 7 | Episode 14 | Reward -300.00 | Epsilon 0.8804
Seed 7 | Episode 15 | Reward -300.00 | Epsilon 0.8725
Seed 7 | Episode 16 | Reward -300.00 | Epsilon 0.8647
Seed 7 | Episode 17 | Reward -300.00 | Epsilon 0.8570
Seed 7 | Episode 18 | Reward -300.00 | Epsilon 0.8493
Seed 7 | Episode 19 | Reward -300.00 | Epsilon 0.8417
Seed 7 | Episode 20 | Reward -300.00 | Epsilon 0.8341
Seed 7 | Episode 21 | Reward -300.00 | Epsilon 0.8267
Seed 7 | Episode 22 | Reward -300.00 | Epsilon 0.8193
Seed 7 | Episode 23 | Reward -300.00 | Epsilon 0.8119
Seed 7 | Episode 24 | Reward -300.00 | Epsilon 0.8046
Seed 7 | Episode 25 | Reward -300.00 | Epsilon 0.7974
Seed 7 | Episode 26 | Reward -300.00 | Epsilon 0.7903
Seed 7 | Episode 27 | Reward -300.00 | Epsilon 0.7832
Seed 7 | Episode 28 | Reward -300.00 | Epsilon 0.7762
Seed 7 | Episode 29 | Reward -300.00 | Epsilon 0.7692
Seed 7 | Episode 30 | Reward -300.00 | Epsilon 0.7623
Seed 7 | Episode 31 | Reward -300.00 | Epsilon 0.7555
Seed 7 | Episode 32 | Reward -29.00 | Epsilon 0.7526
Seed 7 | Episode 33 | Reward -300.00 | Epsilon 0.7458
Seed 7 | Episode 34 | Reward -300.00 | Epsilon 0.7391
Seed 7 | Episode 35 | Reward -300.00 | Epsilon 0.7325
Seed 7 | Episode 36 | Reward -300.00 | Epsilon 0.7260
Seed 7 | Episode 37 | Reward -300.00 | Epsilon 0.7195
Seed 7 | Episode 38 | Reward -300.00 | Epsilon 0.7130
Seed 7 | Episode 39 | Reward -300.00 | Epsilon 0.7066
Seed 7 | Episode 40 | Reward -300.00 | Epsilon 0.7003
Seed 7 | Episode 41 | Reward -300.00 | Epsilon 0.6940
Seed 7 | Episode 42 | Reward -300.00 | Epsilon 0.6878
Seed 7 | Episode 43 | Reward -300.00 | Epsilon 0.6816
Seed 7 | Episode 44 | Reward -300.00 | Epsilon 0.6755
Seed 7 | Episode 45 | Reward -300.00 | Epsilon 0.6695
Seed 7 | Episode 46 | Reward -300.00 | Epsilon 0.6635
Seed 7 | Episode 47 | Reward -300.00 | Epsilon 0.6575
Seed 7 | Episode 48 | Reward -300.00 | Epsilon 0.6516
Seed 7 | Episode 49 | Reward -300.00 | Epsilon 0.6458
Seed 7 | Episode 50 | Reward -300.00 | Epsilon 0.6400
Seed 7 | Episode 51 | Reward -300.00 | Epsilon 0.6343
Seed 7 | Episode 52 | Reward -300.00 | Epsilon 0.6286
Seed 7 | Episode 53 | Reward -300.00 | Epsilon 0.6230
Seed 7 | Episode 54 | Reward -300.00 | Epsilon 0.6174
Seed 7 | Episode 55 | Reward -300.00 | Epsilon 0.6119
Seed 7 | Episode 56 | Reward -300.00 | Epsilon 0.6064
Seed 7 | Episode 57 | Reward -300.00 | Epsilon 0.6009
Seed 7 | Episode 58 | Reward -300.00 | Epsilon 0.5956
Seed 7 | Episode 59 | Reward -300.00 | Epsilon 0.5902
Seed 7 | Episode 60 | Reward -300.00 | Epsilon 0.5849
Seed 7 | Episode 61 | Reward -300.00 | Epsilon 0.5797
Seed 7 | Episode 62 | Reward -300.00 | Epsilon 0.5745
Seed 7 | Episode 63 | Reward -300.00 | Epsilon 0.5694
Seed 7 | Episode 64 | Reward -300.00 | Epsilon 0.5642
Seed 7 | Episode 65 | Reward -177.00 | Epsilon 0.5596
Seed 7 | Episode 66 | Reward -300.00 | Epsilon 0.5545
Seed 7 | Episode 67 | Reward -300.00 | Epsilon 0.5496
Seed 7 | Episode 68 | Reward -300.00 | Epsilon 0.5447
Seed 7 | Episode 69 | Reward -300.00 | Epsilon 0.5398
Seed 7 | Episode 70 | Reward -300.00 | Epsilon 0.5349
Seed 7 | Episode 71 | Reward -300.00 | Epsilon 0.5301
Seed 7 | Episode 72 | Reward -300.00 | Epsilon 0.5254
Seed 7 | Episode 73 | Reward -197.00 | Epsilon 0.5207
Seed 7 | Episode 74 | Reward -300.00 | Epsilon 0.5161
Seed 7 | Episode 75 | Reward -300.00 | Epsilon 0.5114
Seed 7 | Episode 76 | Reward -300.00 | Epsilon 0.5068
Seed 7 | Episode 77 | Reward -300.00 | Epsilon 0.5023
Seed 7 | Episode 78 | Reward -300.00 | Epsilon 0.4978
Seed 7 | Episode 79 | Reward -300.00 | Epsilon 0.4933
Seed 7 | Episode 80 | Reward -300.00 | Epsilon 0.4889
Seed 7 | Episode 81 | Reward -300.00 | Epsilon 0.4845
Seed 7 | Episode 82 | Reward -300.00 | Epsilon 0.4802
Seed 7 | Episode 83 | Reward -300.00 | Epsilon 0.4759
Seed 7 | Episode 84 | Reward -300.00 | Epsilon 0.4716
Seed 7 | Episode 85 | Reward -300.00 | Epsilon 0.4674
Seed 7 | Episode 86 | Reward -300.00 | Epsilon 0.4632
Seed 7 | Episode 87 | Reward -300.00 | Epsilon 0.4591
Seed 7 | Episode 88 | Reward -300.00 | Epsilon 0.4550
Seed 7 | Episode 89 | Reward -300.00 | Epsilon 0.4509
Seed 7 | Episode 90 | Reward -300.00 | Epsilon 0.4468
Seed 7 | Episode 91 | Reward -9.00 | Epsilon 0.4454
Seed 7 | Episode 92 | Reward -300.00 | Epsilon 0.4414
Seed 7 | Episode 93 | Reward -300.00 | Epsilon 0.4374
Seed 7 | Episode 94 | Reward -300.00 | Epsilon 0.4335
Seed 7 | Episode 95 | Reward -300.00 | Epsilon 0.4296
Seed 7 | Episode 96 | Reward -300.00 | Epsilon 0.4258
Seed 7 | Episode 97 | Reward -300.00 | Epsilon 0.4220
Seed 7 | Episode 98 | Reward -165.00 | Epsilon 0.4186
Seed 7 | Episode 99 | Reward -300.00 | Epsilon 0.4149
Seed 7 | Episode 100 | Reward -300.00 | Epsilon 0.4111
Seed 7 | Episode 101 | Reward -300.00 | Epsilon 0.4075
Seed 7 | Episode 102 | Reward -70.00 | Epsilon 0.4054
Seed 7 | Episode 103 | Reward -300.00 | Epsilon 0.4017
Seed 7 | Episode 104 | Reward -300.00 | Epsilon 0.3981
Seed 7 | Episode 105 | Reward -300.00 | Epsilon 0.3946
Seed 7 | Episode 106 | Reward -300.00 | Epsilon 0.3910
Seed 7 | Episode 107 | Reward -300.00 | Epsilon 0.3875
Seed 7 | Episode 108 | Reward -109.00 | Epsilon 0.3851
Seed 7 | Episode 109 | Reward -300.00 | Epsilon 0.3816
Seed 7 | Episode 110 | Reward -300.00 | Epsilon 0.3782
Seed 7 | Episode 111 | Reward -300.00 | Epsilon 0.3748
Seed 7 | Episode 112 | Reward -20.00 | Epsilon 0.3735
Seed 7 | Episode 113 | Reward -112.00 | Epsilon 0.3711
Seed 7 | Episode 114 | Reward 35.00 | Epsilon 0.3704
Seed 7 | Episode 115 | Reward -300.00 | Epsilon 0.3671
Seed 7 | Episode 116 | Reward -300.00 | Epsilon 0.3638
Seed 7 | Episode 117 | Reward -300.00 | Epsilon 0.3605
Seed 7 | Episode 118 | Reward -300.00 | Epsilon 0.3573
Seed 7 | Episode 119 | Reward -300.00 | Epsilon 0.3541
Seed 7 | Episode 120 | Reward -300.00 | Epsilon 0.3509
Seed 7 | Episode 121 | Reward -300.00 | Epsilon 0.3478
Seed 7 | Episode 122 | Reward -300.00 | Epsilon 0.3446
Seed 7 | Episode 123 | Reward -300.00 | Epsilon 0.3416
Seed 7 | Episode 124 | Reward -300.00 | Epsilon 0.3385
Seed 7 | Episode 125 | Reward -300.00 | Epsilon 0.3355
Seed 7 | Episode 126 | Reward -300.00 | Epsilon 0.3325
Seed 7 | Episode 127 | Reward -147.00 | Epsilon 0.3300
Seed 7 | Episode 128 | Reward -300.00 | Epsilon 0.3270
Seed 7 | Episode 129 | Reward -300.00 | Epsilon 0.3241
Seed 7 | Episode 130 | Reward -1.00 | Epsilon 0.3231
Seed 7 | Episode 131 | Reward -300.00 | Epsilon 0.3202
Seed 7 | Episode 132 | Reward -300.00 | Epsilon 0.3173
Seed 7 | Episode 133 | Reward -96.00 | Epsilon 0.3155
Seed 7 | Episode 134 | Reward -300.00 | Epsilon 0.3127
Seed 7 | Episode 135 | Reward -175.00 | Epsilon 0.3101
Seed 7 | Episode 136 | Reward -58.00 | Epsilon 0.3086
Seed 7 | Episode 137 | Reward -122.00 | Epsilon 0.3065
Seed 7 | Episode 138 | Reward -300.00 | Epsilon 0.3038
Seed 7 | Episode 139 | Reward -300.00 | Epsilon 0.3011
Seed 7 | Episode 140 | Reward -300.00 | Epsilon 0.2984
Seed 7 | Episode 141 | Reward -300.00 | Epsilon 0.2957
Seed 7 | Episode 142 | Reward -172.00 | Epsilon 0.2933
Seed 7 | Episode 143 | Reward -300.00 | Epsilon 0.2907
Seed 7 | Episode 144 | Reward -10.00 | Epsilon 0.2897
Seed 7 | Episode 145 | Reward -300.00 | Epsilon 0.2871
Seed 7 | Episode 146 | Reward -171.00 | Epsilon 0.2848
Seed 7 | Episode 147 | Reward -102.00 | Epsilon 0.2830
Seed 7 | Episode 148 | Reward -300.00 | Epsilon 0.2805
Seed 7 | Episode 149 | Reward 39.00 | Epsilon 0.2800
Seed 7 | Episode 150 | Reward -300.00 | Epsilon 0.2775
Seed 7 | Episode 151 | Reward -300.00 | Epsilon 0.2750
Seed 7 | Episode 152 | Reward 59.00 | Epsilon 0.2746
Seed 7 | Episode 153 | Reward -300.00 | Epsilon 0.2722
Seed 7 | Episode 154 | Reward 53.00 | Epsilon 0.2718
Seed 7 | Episode 155 | Reward -300.00 | Epsilon 0.2694
Seed 7 | Episode 156 | Reward 43.00 | Epsilon 0.2689
Seed 7 | Episode 157 | Reward -71.00 | Epsilon 0.2675
Seed 7 | Episode 158 | Reward 1.00 | Epsilon 0.2667
Seed 7 | Episode 159 | Reward -131.00 | Epsilon 0.2648
Seed 7 | Episode 160 | Reward 53.00 | Epsilon 0.2645
Seed 7 | Episode 161 | Reward -300.00 | Epsilon 0.2621
Seed 7 | Episode 162 | Reward -55.00 | Epsilon 0.2609
Seed 7 | Episode 163 | Reward 25.00 | Epsilon 0.2603
Seed 7 | Episode 164 | Reward 28.00 | Epsilon 0.2597
Seed 7 | Episode 165 | Reward -158.00 | Epsilon 0.2577
Seed 7 | Episode 166 | Reward -109.00 | Epsilon 0.2561
Seed 7 | Episode 167 | Reward -300.00 | Epsilon 0.2538
Seed 7 | Episode 168 | Reward 53.00 | Epsilon 0.2534
Seed 7 | Episode 169 | Reward 51.00 | Epsilon 0.2530
Seed 7 | Episode 170 | Reward -300.00 | Epsilon 0.2508
Seed 7 | Episode 171 | Reward 48.00 | Epsilon 0.2504
Seed 7 | Episode 172 | Reward 60.00 | Epsilon 0.2501
Seed 7 | Episode 173 | Reward 56.00 | Epsilon 0.2497
Seed 7 | Episode 174 | Reward -300.00 | Epsilon 0.2475
Seed 7 | Episode 175 | Reward 50.00 | Epsilon 0.2471
Seed 7 | Episode 176 | Reward -94.00 | Epsilon 0.2457
Seed 7 | Episode 177 | Reward 12.00 | Epsilon 0.2450
Seed 7 | Episode 178 | Reward 54.00 | Epsilon 0.2447
Seed 7 | Episode 179 | Reward 51.00 | Epsilon 0.2443
Seed 7 | Episode 180 | Reward 12.00 | Epsilon 0.2437
Seed 7 | Episode 181 | Reward -32.00 | Epsilon 0.2427
Seed 7 | Episode 182 | Reward 44.00 | Epsilon 0.2423
Seed 7 | Episode 183 | Reward 47.00 | Epsilon 0.2419
Seed 7 | Episode 184 | Reward 53.00 | Epsilon 0.2415
Seed 7 | Episode 185 | Reward -300.00 | Epsilon 0.2394
Seed 7 | Episode 186 | Reward -71.00 | Epsilon 0.2381
Seed 7 | Episode 187 | Reward 50.00 | Epsilon 0.2378
Seed 7 | Episode 188 | Reward 53.00 | Epsilon 0.2374
Seed 7 | Episode 189 | Reward 47.00 | Epsilon 0.2370
Seed 7 | Episode 190 | Reward 50.00 | Epsilon 0.2367
Seed 7 | Episode 191 | Reward 61.00 | Epsilon 0.2364
Seed 7 | Episode 192 | Reward 19.00 | Epsilon 0.2358
Seed 7 | Episode 193 | Reward 47.00 | Epsilon 0.2354
Seed 7 | Episode 194 | Reward 51.00 | Epsilon 0.2351
Seed 7 | Episode 195 | Reward -134.00 | Epsilon 0.2334
Seed 7 | Episode 196 | Reward 34.00 | Epsilon 0.2330
Seed 7 | Episode 197 | Reward 48.00 | Epsilon 0.2326
Seed 7 | Episode 198 | Reward 32.00 | Epsilon 0.2321
Seed 7 | Episode 199 | Reward 59.00 | Epsilon 0.2318
Seed 7 | Episode 200 | Reward 37.00 | Epsilon 0.2314
Seed 7 | Episode 201 | Reward 28.00 | Epsilon 0.2309
Seed 7 | Episode 202 | Reward 35.00 | Epsilon 0.2304
Seed 7 | Episode 203 | Reward 37.00 | Epsilon 0.2300
Seed 7 | Episode 204 | Reward 42.00 | Epsilon 0.2296
Seed 7 | Episode 205 | Reward 36.00 | Epsilon 0.2291
Seed 7 | Episode 206 | Reward 57.00 | Epsilon 0.2288
Seed 7 | Episode 207 | Reward 43.00 | Epsilon 0.2284
Seed 7 | Episode 208 | Reward 54.00 | Epsilon 0.2281
Seed 7 | Episode 209 | Reward 51.00 | Epsilon 0.2278
Seed 7 | Episode 210 | Reward 59.00 | Epsilon 0.2275
Seed 7 | Episode 211 | Reward 52.00 | Epsilon 0.2271
Seed 7 | Episode 212 | Reward 38.00 | Epsilon 0.2267
Seed 7 | Episode 213 | Reward 49.00 | Epsilon 0.2263
Seed 7 | Episode 214 | Reward 56.00 | Epsilon 0.2260
Seed 7 | Episode 215 | Reward 15.00 | Epsilon 0.2255
Seed 7 | Episode 216 | Reward 34.00 | Epsilon 0.2250
Seed 7 | Episode 217 | Reward 41.00 | Epsilon 0.2246
Seed 7 | Episode 218 | Reward 53.00 | Epsilon 0.2243
Seed 7 | Episode 219 | Reward 50.00 | Epsilon 0.2239
Seed 7 | Episode 220 | Reward 49.00 | Epsilon 0.2236
Seed 7 | Episode 221 | Reward 40.00 | Epsilon 0.2232
Seed 7 | Episode 222 | Reward 59.00 | Epsilon 0.2229
Seed 7 | Episode 223 | Reward 49.00 | Epsilon 0.2226
Seed 7 | Episode 224 | Reward 62.00 | Epsilon 0.2223
Seed 7 | Episode 225 | Reward 56.00 | Epsilon 0.2220
Seed 7 | Episode 226 | Reward 48.00 | Epsilon 0.2216
Seed 7 | Episode 227 | Reward 57.00 | Epsilon 0.2213
Seed 7 | Episode 228 | Reward 52.00 | Epsilon 0.2210
Seed 7 | Episode 229 | Reward 62.00 | Epsilon 0.2208
Seed 7 | Episode 230 | Reward 41.00 | Epsilon 0.2204
Seed 7 | Episode 231 | Reward 59.00 | Epsilon 0.2201
Seed 7 | Episode 232 | Reward 40.00 | Epsilon 0.2197
Seed 7 | Episode 233 | Reward 54.00 | Epsilon 0.2194
Seed 7 | Episode 234 | Reward 59.00 | Epsilon 0.2191
Seed 7 | Episode 235 | Reward 55.00 | Epsilon 0.2188
Seed 7 | Episode 236 | Reward 51.00 | Epsilon 0.2185
Seed 7 | Episode 237 | Reward 37.00 | Epsilon 0.2180
Seed 7 | Episode 238 | Reward 47.00 | Epsilon 0.2177
Seed 7 | Episode 239 | Reward 45.00 | Epsilon 0.2173
Seed 7 | Episode 240 | Reward 46.00 | Epsilon 0.2170
Seed 7 | Episode 241 | Reward 40.00 | Epsilon 0.2166
Seed 7 | Episode 242 | Reward 45.00 | Epsilon 0.2162
Seed 7 | Episode 243 | Reward 45.00 | Epsilon 0.2158
Seed 7 | Episode 244 | Reward 38.00 | Epsilon 0.2154
Seed 7 | Episode 245 | Reward 58.00 | Epsilon 0.2152
Seed 7 | Episode 246 | Reward 50.00 | Epsilon 0.2148
Seed 7 | Episode 247 | Reward 24.00 | Epsilon 0.2143
Seed 7 | Episode 248 | Reward 49.00 | Epsilon 0.2140
Seed 7 | Episode 249 | Reward 27.00 | Epsilon 0.2135
Seed 7 | Episode 250 | Reward 55.00 | Epsilon 0.2132
Seed 7 | Episode 251 | Reward 56.00 | Epsilon 0.2129
Seed 7 | Episode 252 | Reward 50.00 | Epsilon 0.2126
Seed 7 | Episode 253 | Reward 51.00 | Epsilon 0.2123
Seed 7 | Episode 254 | Reward 56.00 | Epsilon 0.2120
Seed 7 | Episode 255 | Reward 43.00 | Epsilon 0.2116
Seed 7 | Episode 256 | Reward 41.00 | Epsilon 0.2113
Seed 7 | Episode 257 | Reward 51.00 | Epsilon 0.2110
Seed 7 | Episode 258 | Reward 46.00 | Epsilon 0.2106
Seed 7 | Episode 259 | Reward 52.00 | Epsilon 0.2103
Seed 7 | Episode 260 | Reward 39.00 | Epsilon 0.2099
Seed 7 | Episode 261 | Reward 50.00 | Epsilon 0.2096
Seed 7 | Episode 262 | Reward 53.00 | Epsilon 0.2093
Seed 7 | Episode 263 | Reward 57.00 | Epsilon 0.2090
Seed 7 | Episode 264 | Reward 57.00 | Epsilon 0.2087
Seed 7 | Episode 265 | Reward 54.00 | Epsilon 0.2084
Seed 7 | Episode 266 | Reward 50.00 | Epsilon 0.2081
Seed 7 | Episode 267 | Reward 60.00 | Epsilon 0.2079
Seed 7 | Episode 268 | Reward 43.00 | Epsilon 0.2075
Seed 7 | Episode 269 | Reward 62.00 | Epsilon 0.2073
Seed 7 | Episode 270 | Reward 49.00 | Epsilon 0.2069
Seed 7 | Episode 271 | Reward 50.00 | Epsilon 0.2066
Seed 7 | Episode 272 | Reward 14.00 | Epsilon 0.2061
Seed 7 | Episode 273 | Reward 56.00 | Epsilon 0.2058
Seed 7 | Episode 274 | Reward 58.00 | Epsilon 0.2055
Seed 7 | Episode 275 | Reward 44.00 | Epsilon 0.2052
Seed 7 | Episode 276 | Reward 49.00 | Epsilon 0.2049
Seed 7 | Episode 277 | Reward 59.00 | Epsilon 0.2046
Seed 7 | Episode 278 | Reward 60.00 | Epsilon 0.2044
Seed 7 | Episode 279 | Reward 57.00 | Epsilon 0.2041
Seed 7 | Episode 280 | Reward 42.00 | Epsilon 0.2037
Seed 7 | Episode 281 | Reward 50.00 | Epsilon 0.2034
Seed 7 | Episode 282 | Reward 61.00 | Epsilon 0.2032
Seed 7 | Episode 283 | Reward 43.00 | Epsilon 0.2028
Seed 7 | Episode 284 | Reward 52.00 | Epsilon 0.2025
Seed 7 | Episode 285 | Reward 46.00 | Epsilon 0.2022
Seed 7 | Episode 286 | Reward 49.00 | Epsilon 0.2019
Seed 7 | Episode 287 | Reward 56.00 | Epsilon 0.2016
Seed 7 | Episode 288 | Reward 49.00 | Epsilon 0.2013
Seed 7 | Episode 289 | Reward 45.00 | Epsilon 0.2009
Seed 7 | Episode 290 | Reward 49.00 | Epsilon 0.2006
Seed 7 | Episode 291 | Reward 51.00 | Epsilon 0.2003
Seed 7 | Episode 292 | Reward 44.00 | Epsilon 0.2000
Seed 7 | Episode 293 | Reward 62.00 | Epsilon 0.1998
Seed 7 | Episode 294 | Reward 52.00 | Epsilon 0.1995
Seed 7 | Episode 295 | Reward 55.00 | Epsilon 0.1992
Seed 7 | Episode 296 | Reward 61.00 | Epsilon 0.1989
Seed 7 | Episode 297 | Reward 51.00 | Epsilon 0.1986
Seed 7 | Episode 298 | Reward 35.00 | Epsilon 0.1983
Seed 7 | Episode 299 | Reward 41.00 | Epsilon 0.1979
Seed 7 | Episode 300 | Reward 48.00 | Epsilon 0.1976
Seed 7 | Episode 301 | Reward 45.00 | Epsilon 0.1973
Seed 7 | Episode 302 | Reward 59.00 | Epsilon 0.1970
Seed 7 | Episode 303 | Reward 52.00 | Epsilon 0.1967
Seed 7 | Episode 304 | Reward 45.00 | Epsilon 0.1964
Seed 7 | Episode 305 | Reward 61.00 | Epsilon 0.1962
Seed 7 | Episode 306 | Reward 56.00 | Epsilon 0.1959
Seed 7 | Episode 307 | Reward 50.00 | Epsilon 0.1956
Seed 7 | Episode 308 | Reward 48.00 | Epsilon 0.1953
Seed 7 | Episode 309 | Reward 57.00 | Epsilon 0.1950
Seed 7 | Episode 310 | Reward 41.00 | Epsilon 0.1947
Seed 7 | Episode 311 | Reward 51.00 | Epsilon 0.1944
Seed 7 | Episode 312 | Reward 59.00 | Epsilon 0.1941
Seed 7 | Episode 313 | Reward 54.00 | Epsilon 0.1939
Seed 7 | Episode 314 | Reward 50.00 | Epsilon 0.1936
Seed 7 | Episode 315 | Reward 46.00 | Epsilon 0.1932
Seed 7 | Episode 316 | Reward 57.00 | Epsilon 0.1930
Seed 7 | Episode 317 | Reward 54.00 | Epsilon 0.1927
Seed 7 | Episode 318 | Reward 52.00 | Epsilon 0.1924
Seed 7 | Episode 319 | Reward 52.00 | Epsilon 0.1921
Seed 7 | Episode 320 | Reward 48.00 | Epsilon 0.1918
Seed 7 | Episode 321 | Reward -3.00 | Epsilon 0.1912
Seed 7 | Episode 322 | Reward 54.00 | Epsilon 0.1910
Seed 7 | Episode 323 | Reward 56.00 | Epsilon 0.1907
Seed 7 | Episode 324 | Reward 47.00 | Epsilon 0.1904
Seed 7 | Episode 325 | Reward 38.00 | Epsilon 0.1901
Seed 7 | Episode 326 | Reward 43.00 | Epsilon 0.1897
Seed 7 | Episode 327 | Reward -1.00 | Epsilon 0.1891
Seed 7 | Episode 328 | Reward 58.00 | Epsilon 0.1889
Seed 7 | Episode 329 | Reward 57.00 | Epsilon 0.1886
Seed 7 | Episode 330 | Reward 54.00 | Epsilon 0.1884
Seed 7 | Episode 331 | Reward 53.00 | Epsilon 0.1881
Seed 7 | Episode 332 | Reward 54.00 | Epsilon 0.1878
Seed 7 | Episode 333 | Reward 42.00 | Epsilon 0.1875
Seed 7 | Episode 334 | Reward 64.00 | Epsilon 0.1873
Seed 7 | Episode 335 | Reward 42.00 | Epsilon 0.1870
Seed 7 | Episode 336 | Reward 49.00 | Epsilon 0.1867
Seed 7 | Episode 337 | Reward 56.00 | Epsilon 0.1864
Seed 7 | Episode 338 | Reward 45.00 | Epsilon 0.1861
Seed 7 | Episode 339 | Reward 55.00 | Epsilon 0.1859
Seed 7 | Episode 340 | Reward 51.00 | Epsilon 0.1856
Seed 7 | Episode 341 | Reward 62.00 | Epsilon 0.1854
Seed 7 | Episode 342 | Reward 57.00 | Epsilon 0.1851
Seed 7 | Episode 343 | Reward 50.00 | Epsilon 0.1848
Seed 7 | Episode 344 | Reward 36.00 | Epsilon 0.1845
Seed 7 | Episode 345 | Reward 55.00 | Epsilon 0.1842
Seed 7 | Episode 346 | Reward 40.00 | Epsilon 0.1839
Seed 7 | Episode 347 | Reward 51.00 | Epsilon 0.1836
Seed 7 | Episode 348 | Reward 28.00 | Epsilon 0.1832
Seed 7 | Episode 349 | Reward 47.00 | Epsilon 0.1829
Seed 7 | Episode 350 | Reward 55.00 | Epsilon 0.1827
Seed 7 | Episode 351 | Reward 51.00 | Epsilon 0.1824
Seed 7 | Episode 352 | Reward 59.00 | Epsilon 0.1822
Seed 7 | Episode 353 | Reward 53.00 | Epsilon 0.1819
Seed 7 | Episode 354 | Reward 45.00 | Epsilon 0.1816
Seed 7 | Episode 355 | Reward 55.00 | Epsilon 0.1813
Seed 7 | Episode 356 | Reward 39.00 | Epsilon 0.1810
Seed 7 | Episode 357 | Reward 52.00 | Epsilon 0.1807
Seed 7 | Episode 358 | Reward 32.00 | Epsilon 0.1804
Seed 7 | Episode 359 | Reward 41.00 | Epsilon 0.1800
Seed 7 | Episode 360 | Reward -25.00 | Epsilon 0.1794
Seed 7 | Episode 361 | Reward 47.00 | Epsilon 0.1791
Seed 7 | Episode 362 | Reward 49.00 | Epsilon 0.1788
Seed 7 | Episode 363 | Reward 39.00 | Epsilon 0.1785
Seed 7 | Episode 364 | Reward 42.00 | Epsilon 0.1781
Seed 7 | Episode 365 | Reward 39.00 | Epsilon 0.1778
Seed 7 | Episode 366 | Reward 43.00 | Epsilon 0.1775
Seed 7 | Episode 367 | Reward 49.00 | Epsilon 0.1772
Seed 7 | Episode 368 | Reward 55.00 | Epsilon 0.1770
Seed 7 | Episode 369 | Reward 57.00 | Epsilon 0.1767
Seed 7 | Episode 370 | Reward 47.00 | Epsilon 0.1765
Seed 7 | Episode 371 | Reward 25.00 | Epsilon 0.1761
Seed 7 | Episode 372 | Reward 65.00 | Epsilon 0.1759
Seed 7 | Episode 373 | Reward 50.00 | Epsilon 0.1756
Seed 7 | Episode 374 | Reward 45.00 | Epsilon 0.1753
Seed 7 | Episode 375 | Reward 41.00 | Epsilon 0.1750
Seed 7 | Episode 376 | Reward 47.00 | Epsilon 0.1747
Seed 7 | Episode 377 | Reward 58.00 | Epsilon 0.1745
Seed 7 | Episode 378 | Reward 44.00 | Epsilon 0.1742
Seed 7 | Episode 379 | Reward 51.00 | Epsilon 0.1739
Seed 7 | Episode 380 | Reward 36.00 | Epsilon 0.1736
Seed 7 | Episode 381 | Reward 43.00 | Epsilon 0.1733
Seed 7 | Episode 382 | Reward 54.00 | Epsilon 0.1730
Seed 7 | Episode 383 | Reward 54.00 | Epsilon 0.1728
Seed 7 | Episode 384 | Reward 43.00 | Epsilon 0.1725
Seed 7 | Episode 385 | Reward 46.00 | Epsilon 0.1722
Seed 7 | Episode 386 | Reward 52.00 | Epsilon 0.1720
Seed 7 | Episode 387 | Reward 47.00 | Epsilon 0.1717
Seed 7 | Episode 388 | Reward 42.00 | Epsilon 0.1714
Seed 7 | Episode 389 | Reward 40.00 | Epsilon 0.1711
Seed 7 | Episode 390 | Reward 38.00 | Epsilon 0.1707
Seed 7 | Episode 391 | Reward 56.00 | Epsilon 0.1705
Seed 7 | Episode 392 | Reward 57.00 | Epsilon 0.1703
Seed 7 | Episode 393 | Reward 44.00 | Epsilon 0.1700
Seed 7 | Episode 394 | Reward 42.00 | Epsilon 0.1697
Seed 7 | Episode 395 | Reward 43.00 | Epsilon 0.1694
Seed 7 | Episode 396 | Reward 46.00 | Epsilon 0.1691
Seed 7 | Episode 397 | Reward 56.00 | Epsilon 0.1689
Seed 7 | Episode 398 | Reward 40.00 | Epsilon 0.1686
Seed 7 | Episode 399 | Reward 52.00 | Epsilon 0.1683
Seed 7 | Episode 400 | Reward 59.00 | Epsilon 0.1681
Seed 7 | Episode 401 | Reward 42.00 | Epsilon 0.1678
Seed 7 | Episode 402 | Reward 57.00 | Epsilon 0.1676
Seed 7 | Episode 403 | Reward 34.00 | Epsilon 0.1673
Seed 7 | Episode 404 | Reward 23.00 | Epsilon 0.1669
Seed 7 | Episode 405 | Reward 42.00 | Epsilon 0.1666
Seed 7 | Episode 406 | Reward 51.00 | Epsilon 0.1663
Seed 7 | Episode 407 | Reward 64.00 | Epsilon 0.1661
Seed 7 | Episode 408 | Reward 42.00 | Epsilon 0.1659
Seed 7 | Episode 409 | Reward 50.00 | Epsilon 0.1656
Seed 7 | Episode 410 | Reward 44.00 | Epsilon 0.1653
Seed 7 | Episode 411 | Reward 48.00 | Epsilon 0.1651
Seed 7 | Episode 412 | Reward 36.00 | Epsilon 0.1647
Seed 7 | Episode 413 | Reward 36.00 | Epsilon 0.1644
Seed 7 | Episode 414 | Reward 52.00 | Epsilon 0.1642
Seed 7 | Episode 415 | Reward 38.00 | Epsilon 0.1639
Seed 7 | Episode 416 | Reward 57.00 | Epsilon 0.1636
Seed 7 | Episode 417 | Reward 39.00 | Epsilon 0.1633
Seed 7 | Episode 418 | Reward 49.00 | Epsilon 0.1631
Seed 7 | Episode 419 | Reward 47.00 | Epsilon 0.1628
Seed 7 | Episode 420 | Reward 56.00 | Epsilon 0.1626
Seed 7 | Episode 421 | Reward 54.00 | Epsilon 0.1624
Seed 7 | Episode 422 | Reward 36.00 | Epsilon 0.1621
Seed 7 | Episode 423 | Reward 63.00 | Epsilon 0.1619
Seed 7 | Episode 424 | Reward 37.00 | Epsilon 0.1616
Seed 7 | Episode 425 | Reward 36.00 | Epsilon 0.1612
Seed 7 | Episode 426 | Reward 52.00 | Epsilon 0.1610
Seed 7 | Episode 427 | Reward 50.00 | Epsilon 0.1608
Seed 7 | Episode 428 | Reward 35.00 | Epsilon 0.1604
Seed 7 | Episode 429 | Reward 40.00 | Epsilon 0.1601
Seed 7 | Episode 430 | Reward 42.00 | Epsilon 0.1599
Seed 7 | Episode 431 | Reward 31.00 | Epsilon 0.1595
Seed 7 | Episode 432 | Reward 38.00 | Epsilon 0.1592
Seed 7 | Episode 433 | Reward 49.00 | Epsilon 0.1590
Seed 7 | Episode 434 | Reward 43.00 | Epsilon 0.1587
Seed 7 | Episode 435 | Reward 58.00 | Epsilon 0.1585
Seed 7 | Episode 436 | Reward 57.00 | Epsilon 0.1583
Seed 7 | Episode 437 | Reward 43.00 | Epsilon 0.1580
Seed 7 | Episode 438 | Reward 51.00 | Epsilon 0.1578
Seed 7 | Episode 439 | Reward 49.00 | Epsilon 0.1575
Seed 7 | Episode 440 | Reward 50.00 | Epsilon 0.1573
Seed 7 | Episode 441 | Reward 47.00 | Epsilon 0.1570
Seed 7 | Episode 442 | Reward 43.00 | Epsilon 0.1568
Seed 7 | Episode 443 | Reward 48.00 | Epsilon 0.1565
Seed 7 | Episode 444 | Reward 50.00 | Epsilon 0.1563
Seed 7 | Episode 445 | Reward 50.00 | Epsilon 0.1560
Seed 7 | Episode 446 | Reward 51.00 | Epsilon 0.1558
Seed 7 | Episode 447 | Reward 51.00 | Epsilon 0.1556
Seed 7 | Episode 448 | Reward 51.00 | Epsilon 0.1553
Seed 7 | Episode 449 | Reward 44.00 | Epsilon 0.1551
Seed 7 | Episode 450 | Reward 50.00 | Epsilon 0.1548
Seed 7 | Episode 451 | Reward 53.00 | Epsilon 0.1546
Seed 7 | Episode 452 | Reward 46.00 | Epsilon 0.1544
Seed 7 | Episode 453 | Reward 36.00 | Epsilon 0.1541
Seed 7 | Episode 454 | Reward 37.00 | Epsilon 0.1538
Seed 7 | Episode 455 | Reward 45.00 | Epsilon 0.1535
Seed 7 | Episode 456 | Reward 45.00 | Epsilon 0.1532
Seed 7 | Episode 457 | Reward 48.00 | Epsilon 0.1530
Seed 7 | Episode 458 | Reward 50.00 | Epsilon 0.1528
Seed 7 | Episode 459 | Reward 48.00 | Epsilon 0.1525
Seed 7 | Episode 460 | Reward 41.00 | Epsilon 0.1523
Seed 7 | Episode 461 | Reward 53.00 | Epsilon 0.1520
Seed 7 | Episode 462 | Reward 40.00 | Epsilon 0.1518
Seed 7 | Episode 463 | Reward 62.00 | Epsilon 0.1516
Seed 7 | Episode 464 | Reward 60.00 | Epsilon 0.1514
Seed 7 | Episode 465 | Reward 48.00 | Epsilon 0.1511
Seed 7 | Episode 466 | Reward 28.00 | Epsilon 0.1508
Seed 7 | Episode 467 | Reward 56.00 | Epsilon 0.1506
Seed 7 | Episode 468 | Reward 57.00 | Epsilon 0.1504
Seed 7 | Episode 469 | Reward 57.00 | Epsilon 0.1502
Seed 7 | Episode 470 | Reward 51.00 | Epsilon 0.1500
Seed 7 | Episode 471 | Reward 40.00 | Epsilon 0.1497
Seed 7 | Episode 472 | Reward 50.00 | Epsilon 0.1495
Seed 7 | Episode 473 | Reward 47.00 | Epsilon 0.1492
Seed 7 | Episode 474 | Reward 49.00 | Epsilon 0.1490
Seed 7 | Episode 475 | Reward 42.00 | Epsilon 0.1488
Seed 7 | Episode 476 | Reward 54.00 | Epsilon 0.1485
Seed 7 | Episode 477 | Reward 52.00 | Epsilon 0.1483
Seed 7 | Episode 478 | Reward 33.00 | Epsilon 0.1480
Seed 7 | Episode 479 | Reward 50.00 | Epsilon 0.1478
Seed 7 | Episode 480 | Reward 55.00 | Epsilon 0.1476
Seed 7 | Episode 481 | Reward 60.00 | Epsilon 0.1474
Seed 7 | Episode 482 | Reward 44.00 | Epsilon 0.1472
Seed 7 | Episode 483 | Reward 52.00 | Epsilon 0.1469
Seed 7 | Episode 484 | Reward 58.00 | Epsilon 0.1468
Seed 7 | Episode 485 | Reward 49.00 | Epsilon 0.1465
Seed 7 | Episode 486 | Reward 46.00 | Epsilon 0.1463
Seed 7 | Episode 487 | Reward 49.00 | Epsilon 0.1461
Seed 7 | Episode 488 | Reward 43.00 | Epsilon 0.1458
Seed 7 | Episode 489 | Reward 61.00 | Epsilon 0.1456
Seed 7 | Episode 490 | Reward 48.00 | Epsilon 0.1454
Seed 7 | Episode 491 | Reward 55.00 | Epsilon 0.1452
Seed 7 | Episode 492 | Reward 43.00 | Epsilon 0.1449
Seed 7 | Episode 493 | Reward 57.00 | Epsilon 0.1447
Seed 7 | Episode 494 | Reward 45.00 | Epsilon 0.1445
Seed 7 | Episode 495 | Reward 49.00 | Epsilon 0.1443
Seed 7 | Episode 496 | Reward 48.00 | Epsilon 0.1441
Seed 7 | Episode 497 | Reward 62.00 | Epsilon 0.1439
Seed 7 | Episode 498 | Reward 60.00 | Epsilon 0.1437
Seed 7 | Episode 499 | Reward 57.00 | Epsilon 0.1435
Seed 7 | Episode 500 | Reward 57.00 | Epsilon 0.1433
Seed 7 | Episode 501 | Reward 51.00 | Epsilon 0.1431
Seed 7 | Episode 502 | Reward 45.00 | Epsilon 0.1429
Seed 7 | Episode 503 | Reward 51.00 | Epsilon 0.1427
Seed 7 | Episode 504 | Reward 61.00 | Epsilon 0.1425
Seed 7 | Episode 505 | Reward 56.00 | Epsilon 0.1423
Seed 7 | Episode 506 | Reward 46.00 | Epsilon 0.1421
Seed 7 | Episode 507 | Reward 55.00 | Epsilon 0.1419
Seed 7 | Episode 508 | Reward 50.00 | Epsilon 0.1416
Seed 7 | Episode 509 | Reward 59.00 | Epsilon 0.1415
Seed 7 | Episode 510 | Reward 57.00 | Epsilon 0.1413
Seed 7 | Episode 511 | Reward 50.00 | Epsilon 0.1411
Seed 7 | Episode 512 | Reward 41.00 | Epsilon 0.1408
Seed 7 | Episode 513 | Reward 57.00 | Epsilon 0.1406
Seed 7 | Episode 514 | Reward 54.00 | Epsilon 0.1404
Seed 7 | Episode 515 | Reward 61.00 | Epsilon 0.1403
Seed 7 | Episode 516 | Reward 51.00 | Epsilon 0.1401
Seed 7 | Episode 517 | Reward 50.00 | Epsilon 0.1398
Seed 7 | Episode 518 | Reward 57.00 | Epsilon 0.1397
Seed 7 | Episode 519 | Reward 53.00 | Epsilon 0.1395
Seed 7 | Episode 520 | Reward 61.00 | Epsilon 0.1393
Seed 7 | Episode 521 | Reward 55.00 | Epsilon 0.1391
Seed 7 | Episode 522 | Reward 60.00 | Epsilon 0.1389
Seed 7 | Episode 523 | Reward 65.00 | Epsilon 0.1388
Seed 7 | Episode 524 | Reward 56.00 | Epsilon 0.1386
Seed 7 | Episode 525 | Reward 52.00 | Epsilon 0.1384
Seed 7 | Episode 526 | Reward 52.00 | Epsilon 0.1382
Seed 7 | Episode 527 | Reward 46.00 | Epsilon 0.1379
Seed 7 | Episode 528 | Reward 60.00 | Epsilon 0.1378
Seed 7 | Episode 529 | Reward 37.00 | Epsilon 0.1375
Seed 7 | Episode 530 | Reward 52.00 | Epsilon 0.1373
Seed 7 | Episode 531 | Reward 61.00 | Epsilon 0.1371
Seed 7 | Episode 532 | Reward 59.00 | Epsilon 0.1370
Seed 7 | Episode 533 | Reward 60.00 | Epsilon 0.1368
Seed 7 | Episode 534 | Reward 61.00 | Epsilon 0.1366
Seed 7 | Episode 535 | Reward 43.00 | Epsilon 0.1364
Seed 7 | Episode 536 | Reward 59.00 | Epsilon 0.1362
Seed 7 | Episode 537 | Reward 43.00 | Epsilon 0.1360
Seed 7 | Episode 538 | Reward 49.00 | Epsilon 0.1358
Seed 7 | Episode 539 | Reward 35.00 | Epsilon 0.1355
Seed 7 | Episode 540 | Reward 47.00 | Epsilon 0.1353
Seed 7 | Episode 541 | Reward 57.00 | Epsilon 0.1351
Seed 7 | Episode 542 | Reward 50.00 | Epsilon 0.1349
Seed 7 | Episode 543 | Reward 36.00 | Epsilon 0.1346
Seed 7 | Episode 544 | Reward 53.00 | Epsilon 0.1345
Seed 7 | Episode 545 | Reward 55.00 | Epsilon 0.1343
Seed 7 | Episode 546 | Reward 56.00 | Epsilon 0.1341
Seed 7 | Episode 547 | Reward 59.00 | Epsilon 0.1339
Seed 7 | Episode 548 | Reward 57.00 | Epsilon 0.1337
Seed 7 | Episode 549 | Reward 44.00 | Epsilon 0.1335
Seed 7 | Episode 550 | Reward 57.00 | Epsilon 0.1333
Seed 7 | Episode 551 | Reward 43.00 | Epsilon 0.1331
Seed 7 | Episode 552 | Reward 58.00 | Epsilon 0.1329
Seed 7 | Episode 553 | Reward 54.00 | Epsilon 0.1327
Seed 7 | Episode 554 | Reward 53.00 | Epsilon 0.1326
Seed 7 | Episode 555 | Reward 52.00 | Epsilon 0.1324
Seed 7 | Episode 556 | Reward 37.00 | Epsilon 0.1321
Seed 7 | Episode 557 | Reward 59.00 | Epsilon 0.1319
Seed 7 | Episode 558 | Reward 39.00 | Epsilon 0.1317
Seed 7 | Episode 559 | Reward 45.00 | Epsilon 0.1315
Seed 7 | Episode 560 | Reward 53.00 | Epsilon 0.1313
Seed 7 | Episode 561 | Reward 54.00 | Epsilon 0.1311
Seed 7 | Episode 562 | Reward 45.00 | Epsilon 0.1309
Seed 7 | Episode 563 | Reward 58.00 | Epsilon 0.1307
Seed 7 | Episode 564 | Reward 51.00 | Epsilon 0.1305
Seed 7 | Episode 565 | Reward 63.00 | Epsilon 0.1304
Seed 7 | Episode 566 | Reward 48.00 | Epsilon 0.1302
Seed 7 | Episode 567 | Reward 50.00 | Epsilon 0.1300
Seed 7 | Episode 568 | Reward 56.00 | Epsilon 0.1298
Seed 7 | Episode 569 | Reward 56.00 | Epsilon 0.1296
Seed 7 | Episode 570 | Reward 44.00 | Epsilon 0.1294
Seed 7 | Episode 571 | Reward 48.00 | Epsilon 0.1292
Seed 7 | Episode 572 | Reward 57.00 | Epsilon 0.1290
Seed 7 | Episode 573 | Reward 63.00 | Epsilon 0.1289
Seed 7 | Episode 574 | Reward 55.00 | Epsilon 0.1287
Seed 7 | Episode 575 | Reward 44.00 | Epsilon 0.1285
Seed 7 | Episode 576 | Reward 55.00 | Epsilon 0.1283
Seed 7 | Episode 577 | Reward 45.00 | Epsilon 0.1281
Seed 7 | Episode 578 | Reward 54.00 | Epsilon 0.1279
Seed 7 | Episode 579 | Reward 50.00 | Epsilon 0.1277
Seed 7 | Episode 580 | Reward 42.00 | Epsilon 0.1275
Seed 7 | Episode 581 | Reward 56.00 | Epsilon 0.1273
Seed 7 | Episode 582 | Reward 43.00 | Epsilon 0.1271
Seed 7 | Episode 583 | Reward 52.00 | Epsilon 0.1269
Seed 7 | Episode 584 | Reward 55.00 | Epsilon 0.1267
Seed 7 | Episode 585 | Reward 51.00 | Epsilon 0.1265
Seed 7 | Episode 586 | Reward 43.00 | Epsilon 0.1263
Seed 7 | Episode 587 | Reward 57.00 | Epsilon 0.1261
Seed 7 | Episode 588 | Reward 60.00 | Epsilon 0.1260
Seed 7 | Episode 589 | Reward 61.00 | Epsilon 0.1258
Seed 7 | Episode 590 | Reward 48.00 | Epsilon 0.1256
Seed 7 | Episode 591 | Reward 47.00 | Epsilon 0.1254
Seed 7 | Episode 592 | Reward 61.00 | Epsilon 0.1253
Seed 7 | Episode 593 | Reward 45.00 | Epsilon 0.1251
Seed 7 | Episode 594 | Reward 58.00 | Epsilon 0.1249
Seed 7 | Episode 595 | Reward 56.00 | Epsilon 0.1247
Seed 7 | Episode 596 | Reward 53.00 | Epsilon 0.1246
Seed 7 | Episode 597 | Reward 44.00 | Epsilon 0.1244
Seed 7 | Episode 598 | Reward 46.00 | Epsilon 0.1241
Seed 7 | Episode 599 | Reward 48.00 | Epsilon 0.1239
Seed 7 | Episode 600 | Reward 51.00 | Epsilon 0.1238
Seed 7 | Episode 601 | Reward 50.00 | Epsilon 0.1236
Seed 7 | Episode 602 | Reward 43.00 | Epsilon 0.1234
Seed 7 | Episode 603 | Reward 44.00 | Epsilon 0.1231
Seed 7 | Episode 604 | Reward 58.00 | Epsilon 0.1230
Seed 7 | Episode 605 | Reward 54.00 | Epsilon 0.1228
Seed 7 | Episode 606 | Reward 52.00 | Epsilon 0.1226
Seed 7 | Episode 607 | Reward 43.00 | Epsilon 0.1224
Seed 7 | Episode 608 | Reward 55.00 | Epsilon 0.1223
Seed 7 | Episode 609 | Reward 48.00 | Epsilon 0.1221
Seed 7 | Episode 610 | Reward 34.00 | Epsilon 0.1218
Seed 7 | Episode 611 | Reward 58.00 | Epsilon 0.1217
Seed 7 | Episode 612 | Reward 51.00 | Epsilon 0.1215
Seed 7 | Episode 613 | Reward 53.00 | Epsilon 0.1213
Seed 7 | Episode 614 | Reward 49.00 | Epsilon 0.1211
Seed 7 | Episode 615 | Reward 55.00 | Epsilon 0.1209
Seed 7 | Episode 616 | Reward 49.00 | Epsilon 0.1208
Seed 7 | Episode 617 | Reward 55.00 | Epsilon 0.1206
Seed 7 | Episode 618 | Reward 49.00 | Epsilon 0.1204
Seed 7 | Episode 619 | Reward 51.00 | Epsilon 0.1202
Seed 7 | Episode 620 | Reward 37.00 | Epsilon 0.1200
Seed 7 | Episode 621 | Reward 53.00 | Epsilon 0.1198
Seed 7 | Episode 622 | Reward 53.00 | Epsilon 0.1196
Seed 7 | Episode 623 | Reward 54.00 | Epsilon 0.1195
Seed 7 | Episode 624 | Reward 52.00 | Epsilon 0.1193
Seed 7 | Episode 625 | Reward 59.00 | Epsilon 0.1192
Seed 7 | Episode 626 | Reward 40.00 | Epsilon 0.1189
Seed 7 | Episode 627 | Reward 48.00 | Epsilon 0.1187
Seed 7 | Episode 628 | Reward 44.00 | Epsilon 0.1185
Seed 7 | Episode 629 | Reward 46.00 | Epsilon 0.1183
Seed 7 | Episode 630 | Reward 42.00 | Epsilon 0.1181
Seed 7 | Episode 631 | Reward 51.00 | Epsilon 0.1180
Seed 7 | Episode 632 | Reward 41.00 | Epsilon 0.1177
Seed 7 | Episode 633 | Reward 44.00 | Epsilon 0.1175
Seed 7 | Episode 634 | Reward 53.00 | Epsilon 0.1174
Seed 7 | Episode 635 | Reward 60.00 | Epsilon 0.1172
Seed 7 | Episode 636 | Reward 50.00 | Epsilon 0.1171
Seed 7 | Episode 637 | Reward 37.00 | Epsilon 0.1168
Seed 7 | Episode 638 | Reward 62.00 | Epsilon 0.1167
Seed 7 | Episode 639 | Reward 45.00 | Epsilon 0.1165
Seed 7 | Episode 640 | Reward 44.00 | Epsilon 0.1163
Seed 7 | Episode 641 | Reward 52.00 | Epsilon 0.1161
Seed 7 | Episode 642 | Reward 48.00 | Epsilon 0.1159
Seed 7 | Episode 643 | Reward 53.00 | Epsilon 0.1158
Seed 7 | Episode 644 | Reward 39.00 | Epsilon 0.1156
Seed 7 | Episode 645 | Reward 59.00 | Epsilon 0.1154
Seed 7 | Episode 646 | Reward 61.00 | Epsilon 0.1153
Seed 7 | Episode 647 | Reward 30.00 | Epsilon 0.1150
Seed 7 | Episode 648 | Reward 54.00 | Epsilon 0.1149
Seed 7 | Episode 649 | Reward 53.00 | Epsilon 0.1147
Seed 7 | Episode 650 | Reward 51.00 | Epsilon 0.1145
Seed 7 | Episode 651 | Reward 53.00 | Epsilon 0.1144
Seed 7 | Episode 652 | Reward 53.00 | Epsilon 0.1142
Seed 7 | Episode 653 | Reward 65.00 | Epsilon 0.1141
Seed 7 | Episode 654 | Reward 62.00 | Epsilon 0.1139
Seed 7 | Episode 655 | Reward 47.00 | Epsilon 0.1138
Seed 7 | Episode 656 | Reward 50.00 | Epsilon 0.1136
Seed 7 | Episode 657 | Reward 53.00 | Epsilon 0.1134
Seed 7 | Episode 658 | Reward 60.00 | Epsilon 0.1133
Seed 7 | Episode 659 | Reward 45.00 | Epsilon 0.1131
Seed 7 | Episode 660 | Reward 47.00 | Epsilon 0.1129
Seed 7 | Episode 661 | Reward 55.00 | Epsilon 0.1128
Seed 7 | Episode 662 | Reward 39.00 | Epsilon 0.1125
Seed 7 | Episode 663 | Reward 62.00 | Epsilon 0.1124
Seed 7 | Episode 664 | Reward 61.00 | Epsilon 0.1123
Seed 7 | Episode 665 | Reward 51.00 | Epsilon 0.1121
Seed 7 | Episode 666 | Reward 44.00 | Epsilon 0.1119
Seed 7 | Episode 667 | Reward 59.00 | Epsilon 0.1118
Seed 7 | Episode 668 | Reward 61.00 | Epsilon 0.1116
Seed 7 | Episode 669 | Reward 58.00 | Epsilon 0.1115
Seed 7 | Episode 670 | Reward 42.00 | Epsilon 0.1113
Seed 7 | Episode 671 | Reward 56.00 | Epsilon 0.1112
Seed 7 | Episode 672 | Reward 52.00 | Epsilon 0.1110
Seed 7 | Episode 673 | Reward 54.00 | Epsilon 0.1108
Seed 7 | Episode 674 | Reward 51.00 | Epsilon 0.1107
Seed 7 | Episode 675 | Reward 62.00 | Epsilon 0.1105
Seed 7 | Episode 676 | Reward 46.00 | Epsilon 0.1104
Seed 7 | Episode 677 | Reward 44.00 | Epsilon 0.1102
Seed 7 | Episode 678 | Reward 56.00 | Epsilon 0.1100
Seed 7 | Episode 679 | Reward 47.00 | Epsilon 0.1098
Seed 7 | Episode 680 | Reward 43.00 | Epsilon 0.1096
Seed 7 | Episode 681 | Reward 50.00 | Epsilon 0.1095
Seed 7 | Episode 682 | Reward 53.00 | Epsilon 0.1093
Seed 7 | Episode 683 | Reward 45.00 | Epsilon 0.1091
Seed 7 | Episode 684 | Reward 49.00 | Epsilon 0.1090
Seed 7 | Episode 685 | Reward 61.00 | Epsilon 0.1088
Seed 7 | Episode 686 | Reward 53.00 | Epsilon 0.1087
Seed 7 | Episode 687 | Reward 48.00 | Epsilon 0.1085
Seed 7 | Episode 688 | Reward 35.00 | Epsilon 0.1083
Seed 7 | Episode 689 | Reward 56.00 | Epsilon 0.1082
Seed 7 | Episode 690 | Reward 48.00 | Epsilon 0.1080
Seed 7 | Episode 691 | Reward 41.00 | Epsilon 0.1078
Seed 7 | Episode 692 | Reward 52.00 | Epsilon 0.1076
Seed 7 | Episode 693 | Reward 43.00 | Epsilon 0.1074
Seed 7 | Episode 694 | Reward 43.00 | Epsilon 0.1073
Seed 7 | Episode 695 | Reward 46.00 | Epsilon 0.1071
Seed 7 | Episode 696 | Reward 49.00 | Epsilon 0.1069
Seed 7 | Episode 697 | Reward 49.00 | Epsilon 0.1067
Seed 7 | Episode 698 | Reward 57.00 | Epsilon 0.1066
Seed 7 | Episode 699 | Reward 55.00 | Epsilon 0.1065
Seed 7 | Episode 700 | Reward 45.00 | Epsilon 0.1063
Seed 7 | Episode 701 | Reward 45.00 | Epsilon 0.1061
Seed 7 | Episode 702 | Reward 63.00 | Epsilon 0.1060
Seed 7 | Episode 703 | Reward 39.00 | Epsilon 0.1058
Seed 7 | Episode 704 | Reward 61.00 | Epsilon 0.1057
Seed 7 | Episode 705 | Reward 58.00 | Epsilon 0.1055
Seed 7 | Episode 706 | Reward 45.00 | Epsilon 0.1053
Seed 7 | Episode 707 | Reward 54.00 | Epsilon 0.1052
Seed 7 | Episode 708 | Reward 57.00 | Epsilon 0.1051
Seed 7 | Episode 709 | Reward 56.00 | Epsilon 0.1049
Seed 7 | Episode 710 | Reward 57.00 | Epsilon 0.1048
Seed 7 | Episode 711 | Reward 57.00 | Epsilon 0.1046
Seed 7 | Episode 712 | Reward 50.00 | Epsilon 0.1045
Seed 7 | Episode 713 | Reward 58.00 | Epsilon 0.1043
Seed 7 | Episode 714 | Reward 44.00 | Epsilon 0.1042
Seed 7 | Episode 715 | Reward 57.00 | Epsilon 0.1040
Seed 7 | Episode 716 | Reward 55.00 | Epsilon 0.1039
Seed 7 | Episode 717 | Reward 55.00 | Epsilon 0.1037
Seed 7 | Episode 718 | Reward 50.00 | Epsilon 0.1036
Seed 7 | Episode 719 | Reward 62.00 | Epsilon 0.1035
Seed 7 | Episode 720 | Reward 38.00 | Epsilon 0.1033
Seed 7 | Episode 721 | Reward 51.00 | Epsilon 0.1031
Seed 7 | Episode 722 | Reward 40.00 | Epsilon 0.1029
Seed 7 | Episode 723 | Reward 50.00 | Epsilon 0.1028
Seed 7 | Episode 724 | Reward 65.00 | Epsilon 0.1026
Seed 7 | Episode 725 | Reward 50.00 | Epsilon 0.1025
Seed 7 | Episode 726 | Reward 60.00 | Epsilon 0.1024
Seed 7 | Episode 727 | Reward 51.00 | Epsilon 0.1022
Seed 7 | Episode 728 | Reward 43.00 | Epsilon 0.1020
Seed 7 | Episode 729 | Reward 48.00 | Epsilon 0.1019
Seed 7 | Episode 730 | Reward 58.00 | Epsilon 0.1017
Seed 7 | Episode 731 | Reward 53.00 | Epsilon 0.1016
Seed 7 | Episode 732 | Reward 47.00 | Epsilon 0.1014
Seed 7 | Episode 733 | Reward 59.00 | Epsilon 0.1013
Seed 7 | Episode 734 | Reward 42.00 | Epsilon 0.1011
Seed 7 | Episode 735 | Reward 51.00 | Epsilon 0.1010
Seed 7 | Episode 736 | Reward 42.00 | Epsilon 0.1008
Seed 7 | Episode 737 | Reward 59.00 | Epsilon 0.1007
Seed 7 | Episode 738 | Reward 50.00 | Epsilon 0.1005
Seed 7 | Episode 739 | Reward 59.00 | Epsilon 0.1004
Seed 7 | Episode 740 | Reward 51.00 | Epsilon 0.1002
Seed 7 | Episode 741 | Reward 49.00 | Epsilon 0.1001
Seed 7 | Episode 742 | Reward 41.00 | Epsilon 0.0999
Seed 7 | Episode 743 | Reward 37.00 | Epsilon 0.0997
Seed 7 | Episode 744 | Reward 51.00 | Epsilon 0.0996
Seed 7 | Episode 745 | Reward 62.00 | Epsilon 0.0994
Seed 7 | Episode 746 | Reward 52.00 | Epsilon 0.0993
Seed 7 | Episode 747 | Reward 45.00 | Epsilon 0.0991
Seed 7 | Episode 748 | Reward 42.00 | Epsilon 0.0990
Seed 7 | Episode 749 | Reward 52.00 | Epsilon 0.0988
Seed 7 | Episode 750 | Reward 53.00 | Epsilon 0.0987
Seed 7 | Episode 751 | Reward 46.00 | Epsilon 0.0985
Seed 7 | Episode 752 | Reward 47.00 | Epsilon 0.0983
Seed 7 | Episode 753 | Reward 50.00 | Epsilon 0.0982
Seed 7 | Episode 754 | Reward 52.00 | Epsilon 0.0981
Seed 7 | Episode 755 | Reward 58.00 | Epsilon 0.0979
Seed 7 | Episode 756 | Reward 55.00 | Epsilon 0.0978
Seed 7 | Episode 757 | Reward 46.00 | Epsilon 0.0976
Seed 7 | Episode 758 | Reward 54.00 | Epsilon 0.0975
Seed 7 | Episode 759 | Reward 52.00 | Epsilon 0.0973
Seed 7 | Episode 760 | Reward 58.00 | Epsilon 0.0972
Seed 7 | Episode 761 | Reward 54.00 | Epsilon 0.0971
Seed 7 | Episode 762 | Reward 52.00 | Epsilon 0.0969
Seed 7 | Episode 763 | Reward 37.00 | Epsilon 0.0968
Seed 7 | Episode 764 | Reward 42.00 | Epsilon 0.0966
Seed 7 | Episode 765 | Reward 61.00 | Epsilon 0.0965
Seed 7 | Episode 766 | Reward 51.00 | Epsilon 0.0963
Seed 7 | Episode 767 | Reward 58.00 | Epsilon 0.0962
Seed 7 | Episode 768 | Reward 59.00 | Epsilon 0.0961
Seed 7 | Episode 769 | Reward 53.00 | Epsilon 0.0959
Seed 7 | Episode 770 | Reward 60.00 | Epsilon 0.0958
Seed 7 | Episode 771 | Reward 60.00 | Epsilon 0.0957
Seed 7 | Episode 772 | Reward 43.00 | Epsilon 0.0955
Seed 7 | Episode 773 | Reward 51.00 | Epsilon 0.0954
Seed 7 | Episode 774 | Reward 54.00 | Epsilon 0.0953
Seed 7 | Episode 775 | Reward 61.00 | Epsilon 0.0951
Seed 7 | Episode 776 | Reward 59.00 | Epsilon 0.0950
Seed 7 | Episode 777 | Reward 59.00 | Epsilon 0.0949
Seed 7 | Episode 778 | Reward 53.00 | Epsilon 0.0948
Seed 7 | Episode 779 | Reward 41.00 | Epsilon 0.0946
Seed 7 | Episode 780 | Reward 53.00 | Epsilon 0.0945
Seed 7 | Episode 781 | Reward 49.00 | Epsilon 0.0943
Seed 7 | Episode 782 | Reward 62.00 | Epsilon 0.0942
Seed 7 | Episode 783 | Reward 46.00 | Epsilon 0.0941
Seed 7 | Episode 784 | Reward 55.00 | Epsilon 0.0939
Seed 7 | Episode 785 | Reward 53.00 | Epsilon 0.0938
Seed 7 | Episode 786 | Reward 53.00 | Epsilon 0.0937
Seed 7 | Episode 787 | Reward 46.00 | Epsilon 0.0935
Seed 7 | Episode 788 | Reward 62.00 | Epsilon 0.0934
Seed 7 | Episode 789 | Reward 53.00 | Epsilon 0.0933
Seed 7 | Episode 790 | Reward 54.00 | Epsilon 0.0931
Seed 7 | Episode 791 | Reward 60.00 | Epsilon 0.0930
Seed 7 | Episode 792 | Reward 42.00 | Epsilon 0.0928
Seed 7 | Episode 793 | Reward 51.00 | Epsilon 0.0927
Seed 7 | Episode 794 | Reward 60.00 | Epsilon 0.0926
Seed 7 | Episode 795 | Reward 55.00 | Epsilon 0.0925
Seed 7 | Episode 796 | Reward 62.00 | Epsilon 0.0924
Seed 7 | Episode 797 | Reward 45.00 | Epsilon 0.0922
Seed 7 | Episode 798 | Reward 55.00 | Epsilon 0.0921
Seed 7 | Episode 799 | Reward 52.00 | Epsilon 0.0919
Seed 7 | Episode 800 | Reward 52.00 | Epsilon 0.0918
Seed 7 | Episode 801 | Reward 47.00 | Epsilon 0.0917
Seed 7 | Episode 802 | Reward 53.00 | Epsilon 0.0915
Seed 7 | Episode 803 | Reward 35.00 | Epsilon 0.0913
Seed 7 | Episode 804 | Reward 44.00 | Epsilon 0.0912
Seed 7 | Episode 805 | Reward 49.00 | Epsilon 0.0910
Seed 7 | Episode 806 | Reward 53.00 | Epsilon 0.0909
Seed 7 | Episode 807 | Reward 36.00 | Epsilon 0.0907
Seed 7 | Episode 808 | Reward 37.00 | Epsilon 0.0906
Seed 7 | Episode 809 | Reward 48.00 | Epsilon 0.0904
Seed 7 | Episode 810 | Reward 60.00 | Epsilon 0.0903
Seed 7 | Episode 811 | Reward 48.00 | Epsilon 0.0902
Seed 7 | Episode 812 | Reward 48.00 | Epsilon 0.0900
Seed 7 | Episode 813 | Reward 57.00 | Epsilon 0.0899
Seed 7 | Episode 814 | Reward 46.00 | Epsilon 0.0898
Seed 7 | Episode 815 | Reward 46.00 | Epsilon 0.0896
Seed 7 | Episode 816 | Reward 43.00 | Epsilon 0.0894
Seed 7 | Episode 817 | Reward 56.00 | Epsilon 0.0893
Seed 7 | Episode 818 | Reward 60.00 | Epsilon 0.0892
Seed 7 | Episode 819 | Reward 56.00 | Epsilon 0.0891
Seed 7 | Episode 820 | Reward 56.00 | Epsilon 0.0890
Seed 7 | Episode 821 | Reward 46.00 | Epsilon 0.0888
Seed 7 | Episode 822 | Reward 42.00 | Epsilon 0.0887
Seed 7 | Episode 823 | Reward 58.00 | Epsilon 0.0886
Seed 7 | Episode 824 | Reward 57.00 | Epsilon 0.0884
Seed 7 | Episode 825 | Reward 63.00 | Epsilon 0.0883
Seed 7 | Episode 826 | Reward 46.00 | Epsilon 0.0882
Seed 7 | Episode 827 | Reward 60.00 | Epsilon 0.0881
Seed 7 | Episode 828 | Reward 60.00 | Epsilon 0.0880
Seed 7 | Episode 829 | Reward 60.00 | Epsilon 0.0879
Seed 7 | Episode 830 | Reward 50.00 | Epsilon 0.0877
Seed 7 | Episode 831 | Reward 44.00 | Epsilon 0.0876
Seed 7 | Episode 832 | Reward 53.00 | Epsilon 0.0875
Seed 7 | Episode 833 | Reward 58.00 | Epsilon 0.0873
Seed 7 | Episode 834 | Reward 49.00 | Epsilon 0.0872
Seed 7 | Episode 835 | Reward 58.00 | Epsilon 0.0871
Seed 7 | Episode 836 | Reward 53.00 | Epsilon 0.0870
Seed 7 | Episode 837 | Reward 55.00 | Epsilon 0.0869
Seed 7 | Episode 838 | Reward 44.00 | Epsilon 0.0867
Seed 7 | Episode 839 | Reward 59.00 | Epsilon 0.0866
Seed 7 | Episode 840 | Reward 45.00 | Epsilon 0.0865
Seed 7 | Episode 841 | Reward 61.00 | Epsilon 0.0863
Seed 7 | Episode 842 | Reward 64.00 | Epsilon 0.0863
Seed 7 | Episode 843 | Reward 43.00 | Epsilon 0.0861
Seed 7 | Episode 844 | Reward 53.00 | Epsilon 0.0860
Seed 7 | Episode 845 | Reward 60.00 | Epsilon 0.0859
Seed 7 | Episode 846 | Reward 56.00 | Epsilon 0.0858
Seed 7 | Episode 847 | Reward 48.00 | Epsilon 0.0856
Seed 7 | Episode 848 | Reward 58.00 | Epsilon 0.0855
Seed 7 | Episode 849 | Reward 52.00 | Epsilon 0.0854
Seed 7 | Episode 850 | Reward 45.00 | Epsilon 0.0852
Seed 7 | Episode 851 | Reward 59.00 | Epsilon 0.0851
Seed 7 | Episode 852 | Reward 53.00 | Epsilon 0.0850
Seed 7 | Episode 853 | Reward 49.00 | Epsilon 0.0849
Seed 7 | Episode 854 | Reward 62.00 | Epsilon 0.0848
Seed 7 | Episode 855 | Reward 53.00 | Epsilon 0.0847
Seed 7 | Episode 856 | Reward 40.00 | Epsilon 0.0845
Seed 7 | Episode 857 | Reward 50.00 | Epsilon 0.0844
Seed 7 | Episode 858 | Reward 46.00 | Epsilon 0.0842
Seed 7 | Episode 859 | Reward 36.00 | Epsilon 0.0841
Seed 7 | Episode 860 | Reward 44.00 | Epsilon 0.0839
Seed 7 | Episode 861 | Reward 46.00 | Epsilon 0.0838
Seed 7 | Episode 862 | Reward 61.00 | Epsilon 0.0837
Seed 7 | Episode 863 | Reward 41.00 | Epsilon 0.0835
Seed 7 | Episode 864 | Reward 46.00 | Epsilon 0.0834
Seed 7 | Episode 865 | Reward 52.00 | Epsilon 0.0833
Seed 7 | Episode 866 | Reward 50.00 | Epsilon 0.0831
Seed 7 | Episode 867 | Reward 47.00 | Epsilon 0.0830
Seed 7 | Episode 868 | Reward 53.00 | Epsilon 0.0829
Seed 7 | Episode 869 | Reward 58.00 | Epsilon 0.0828
Seed 7 | Episode 870 | Reward 63.00 | Epsilon 0.0827
Seed 7 | Episode 871 | Reward 61.00 | Epsilon 0.0826
Seed 7 | Episode 872 | Reward 63.00 | Epsilon 0.0825
Seed 7 | Episode 873 | Reward 62.00 | Epsilon 0.0824
Seed 7 | Episode 874 | Reward 59.00 | Epsilon 0.0823
Seed 7 | Episode 875 | Reward 39.00 | Epsilon 0.0821
Seed 7 | Episode 876 | Reward 52.00 | Epsilon 0.0820
Seed 7 | Episode 877 | Reward 51.00 | Epsilon 0.0819
Seed 7 | Episode 878 | Reward 51.00 | Epsilon 0.0818
Seed 7 | Episode 879 | Reward 61.00 | Epsilon 0.0817
Seed 7 | Episode 880 | Reward 54.00 | Epsilon 0.0816
Seed 7 | Episode 881 | Reward 48.00 | Epsilon 0.0814
Seed 7 | Episode 882 | Reward 56.00 | Epsilon 0.0813
Seed 7 | Episode 883 | Reward 62.00 | Epsilon 0.0812
Seed 7 | Episode 884 | Reward 40.00 | Epsilon 0.0811
Seed 7 | Episode 885 | Reward 47.00 | Epsilon 0.0810
Seed 7 | Episode 886 | Reward 50.00 | Epsilon 0.0808
Seed 7 | Episode 887 | Reward 60.00 | Epsilon 0.0807
Seed 7 | Episode 888 | Reward 52.00 | Epsilon 0.0806
Seed 7 | Episode 889 | Reward 52.00 | Epsilon 0.0805
Seed 7 | Episode 890 | Reward 61.00 | Epsilon 0.0804
Seed 7 | Episode 891 | Reward 65.00 | Epsilon 0.0803
Seed 7 | Episode 892 | Reward 58.00 | Epsilon 0.0802
Seed 7 | Episode 893 | Reward 47.00 | Epsilon 0.0801
Seed 7 | Episode 894 | Reward 55.00 | Epsilon 0.0800
Seed 7 | Episode 895 | Reward 58.00 | Epsilon 0.0799
Seed 7 | Episode 896 | Reward 53.00 | Epsilon 0.0797
Seed 7 | Episode 897 | Reward 64.00 | Epsilon 0.0797
Seed 7 | Episode 898 | Reward 58.00 | Epsilon 0.0796
Seed 7 | Episode 899 | Reward 60.00 | Epsilon 0.0795
Seed 7 | Episode 900 | Reward 45.00 | Epsilon 0.0793
Seed 7 | Episode 901 | Reward 58.00 | Epsilon 0.0792
Seed 7 | Episode 902 | Reward 60.00 | Epsilon 0.0791
Seed 7 | Episode 903 | Reward 60.00 | Epsilon 0.0790
Seed 7 | Episode 904 | Reward 61.00 | Epsilon 0.0789
Seed 7 | Episode 905 | Reward 50.00 | Epsilon 0.0788
Seed 7 | Episode 906 | Reward 50.00 | Epsilon 0.0787
Seed 7 | Episode 907 | Reward 63.00 | Epsilon 0.0786
Seed 7 | Episode 908 | Reward 55.00 | Epsilon 0.0785
Seed 7 | Episode 909 | Reward 49.00 | Epsilon 0.0784
Seed 7 | Episode 910 | Reward 44.00 | Epsilon 0.0782
Seed 7 | Episode 911 | Reward 48.00 | Epsilon 0.0781
Seed 7 | Episode 912 | Reward 57.00 | Epsilon 0.0780
Seed 7 | Episode 913 | Reward 60.00 | Epsilon 0.0779
Seed 7 | Episode 914 | Reward 42.00 | Epsilon 0.0778
Seed 7 | Episode 915 | Reward 58.00 | Epsilon 0.0777
Seed 7 | Episode 916 | Reward 46.00 | Epsilon 0.0775
Seed 7 | Episode 917 | Reward 58.00 | Epsilon 0.0774
Seed 7 | Episode 918 | Reward 53.00 | Epsilon 0.0773
Seed 7 | Episode 919 | Reward 55.00 | Epsilon 0.0772
Seed 7 | Episode 920 | Reward 57.00 | Epsilon 0.0771
Seed 7 | Episode 921 | Reward 55.00 | Epsilon 0.0770
Seed 7 | Episode 922 | Reward 52.00 | Epsilon 0.0769
Seed 7 | Episode 923 | Reward 53.00 | Epsilon 0.0768
Seed 7 | Episode 924 | Reward 49.00 | Epsilon 0.0767
Seed 7 | Episode 925 | Reward 59.00 | Epsilon 0.0766
Seed 7 | Episode 926 | Reward 62.00 | Epsilon 0.0765
Seed 7 | Episode 927 | Reward 60.00 | Epsilon 0.0764
Seed 7 | Episode 928 | Reward 55.00 | Epsilon 0.0763
Seed 7 | Episode 929 | Reward 50.00 | Epsilon 0.0762
Seed 7 | Episode 930 | Reward 47.00 | Epsilon 0.0761
Seed 7 | Episode 931 | Reward 54.00 | Epsilon 0.0759
Seed 7 | Episode 932 | Reward 52.00 | Epsilon 0.0758
Seed 7 | Episode 933 | Reward 64.00 | Epsilon 0.0758
Seed 7 | Episode 934 | Reward 52.00 | Epsilon 0.0756
Seed 7 | Episode 935 | Reward 38.00 | Epsilon 0.0755
Seed 7 | Episode 936 | Reward 59.00 | Epsilon 0.0754
Seed 7 | Episode 937 | Reward 55.00 | Epsilon 0.0753
Seed 7 | Episode 938 | Reward 62.00 | Epsilon 0.0752
Seed 7 | Episode 939 | Reward 62.00 | Epsilon 0.0751
Seed 7 | Episode 940 | Reward 55.00 | Epsilon 0.0750
Seed 7 | Episode 941 | Reward 59.00 | Epsilon 0.0749
Seed 7 | Episode 942 | Reward 65.00 | Epsilon 0.0748
Seed 7 | Episode 943 | Reward 45.00 | Epsilon 0.0747
Seed 7 | Episode 944 | Reward 47.00 | Epsilon 0.0746
Seed 7 | Episode 945 | Reward 60.00 | Epsilon 0.0745
Seed 7 | Episode 946 | Reward 63.00 | Epsilon 0.0744
Seed 7 | Episode 947 | Reward 54.00 | Epsilon 0.0743
Seed 7 | Episode 948 | Reward 41.00 | Epsilon 0.0742
Seed 7 | Episode 949 | Reward 59.00 | Epsilon 0.0741
Seed 7 | Episode 950 | Reward 62.00 | Epsilon 0.0740
Seed 7 | Episode 951 | Reward 52.00 | Epsilon 0.0739
Seed 7 | Episode 952 | Reward 42.00 | Epsilon 0.0738
Seed 7 | Episode 953 | Reward 63.00 | Epsilon 0.0737
Seed 7 | Episode 954 | Reward 57.00 | Epsilon 0.0736
Seed 7 | Episode 955 | Reward 54.00 | Epsilon 0.0735
Seed 7 | Episode 956 | Reward 15.00 | Epsilon 0.0733
Seed 7 | Episode 957 | Reward 58.00 | Epsilon 0.0732
Seed 7 | Episode 958 | Reward 62.00 | Epsilon 0.0731
Seed 7 | Episode 959 | Reward 61.00 | Epsilon 0.0730
Seed 7 | Episode 960 | Reward 54.00 | Epsilon 0.0729
Seed 7 | Episode 961 | Reward 47.00 | Epsilon 0.0728
Seed 7 | Episode 962 | Reward 55.00 | Epsilon 0.0727
Seed 7 | Episode 963 | Reward 53.00 | Epsilon 0.0726
Seed 7 | Episode 964 | Reward 49.00 | Epsilon 0.0725
Seed 7 | Episode 965 | Reward 53.00 | Epsilon 0.0724
Seed 7 | Episode 966 | Reward 51.00 | Epsilon 0.0723
Seed 7 | Episode 967 | Reward 47.00 | Epsilon 0.0722
Seed 7 | Episode 968 | Reward 59.00 | Epsilon 0.0721
Seed 7 | Episode 969 | Reward 47.00 | Epsilon 0.0719
Seed 7 | Episode 970 | Reward 58.00 | Epsilon 0.0719
Seed 7 | Episode 971 | Reward 48.00 | Epsilon 0.0717
Seed 7 | Episode 972 | Reward 56.00 | Epsilon 0.0716
Seed 7 | Episode 973 | Reward 52.00 | Epsilon 0.0715
Seed 7 | Episode 974 | Reward 49.00 | Epsilon 0.0714
Seed 7 | Episode 975 | Reward 47.00 | Epsilon 0.0713
Seed 7 | Episode 976 | Reward 48.00 | Epsilon 0.0712
Seed 7 | Episode 977 | Reward 44.00 | Epsilon 0.0711
Seed 7 | Episode 978 | Reward 61.00 | Epsilon 0.0710
Seed 7 | Episode 979 | Reward 55.00 | Epsilon 0.0709
Seed 7 | Episode 980 | Reward -1.00 | Epsilon 0.0707
Seed 7 | Episode 981 | Reward 52.00 | Epsilon 0.0706
Seed 7 | Episode 982 | Reward 44.00 | Epsilon 0.0704
Seed 7 | Episode 983 | Reward 46.00 | Epsilon 0.0703
Seed 7 | Episode 984 | Reward 51.00 | Epsilon 0.0702
Seed 7 | Episode 985 | Reward 57.00 | Epsilon 0.0701
Seed 7 | Episode 986 | Reward 61.00 | Epsilon 0.0700
Seed 7 | Episode 987 | Reward 59.00 | Epsilon 0.0700
Seed 7 | Episode 988 | Reward 62.00 | Epsilon 0.0699
Seed 7 | Episode 989 | Reward 60.00 | Epsilon 0.0698
Seed 7 | Episode 990 | Reward 48.00 | Epsilon 0.0697
Seed 7 | Episode 991 | Reward 55.00 | Epsilon 0.0696
Seed 7 | Episode 992 | Reward 53.00 | Epsilon 0.0695
Seed 7 | Episode 993 | Reward 55.00 | Epsilon 0.0694
Seed 7 | Episode 994 | Reward 66.00 | Epsilon 0.0693
Seed 7 | Episode 995 | Reward 56.00 | Epsilon 0.0692
Seed 7 | Episode 996 | Reward 47.00 | Epsilon 0.0691
Seed 7 | Episode 997 | Reward 53.00 | Epsilon 0.0690
Seed 7 | Episode 998 | Reward 53.00 | Epsilon 0.0689
Seed 7 | Episode 999 | Reward 53.00 | Epsilon 0.0688
Finished seed 7
