starting job
Sun Dec  7 20:04:44 2025       
+-----------------------------------------------------------------------------------------+
| NVIDIA-SMI 580.65.06              Driver Version: 580.65.06      CUDA Version: 13.0     |
+-----------------------------------------+------------------------+----------------------+
| GPU  Name                 Persistence-M | Bus-Id          Disp.A | Volatile Uncorr. ECC |
| Fan  Temp   Perf          Pwr:Usage/Cap |           Memory-Usage | GPU-Util  Compute M. |
|                                         |                        |               MIG M. |
|=========================================+========================+======================|
|   0  NVIDIA H100 80GB HBM3          On  |   00000000:4C:00.0 Off |                   On |
| N/A   35C    P0            331W /  700W |   26454MiB /  81559MiB |     N/A      Default |
|                                         |                        |              Enabled |
+-----------------------------------------+------------------------+----------------------+

+-----------------------------------------------------------------------------------------+
| MIG devices:                                                                            |
+------------------+----------------------------------+-----------+-----------------------+
| GPU  GI  CI  MIG |              Shared Memory-Usage |        Vol|        Shared         |
|      ID  ID  Dev |                Shared BAR1-Usage | SM     Unc| CE ENC  DEC  OFA  JPG |
|                  |                                  |        ECC|                       |
|==================+==================================+===========+=======================|
|  0    9   0   0  |              15MiB /  9984MiB    | 16      0 |  1   0    1    0    1 |
|                  |               0MiB /  6185MiB    |           |                       |
+------------------+----------------------------------+-----------+-----------------------+

+-----------------------------------------------------------------------------------------+
| Processes:                                                                              |
|  GPU   GI   CI              PID   Type   Process name                        GPU Memory |
|        ID   ID                                                               Usage      |
|=========================================================================================|
|  No running processes found                                                             |
+-----------------------------------------------------------------------------------------+
Running seed 18
Gym has been unmaintained since 2022 and does not support NumPy 2.0 amongst other critical functionality.
Please upgrade to Gymnasium, the maintained drop-in replacement of Gym, or contact the authors of your software and request that they upgrade.
Users of this version of Gym should be able to simply replace 'import gym' with 'import gymnasium as gym' in the vast majority of cases.
See the migration guide at https://gymnasium.farama.org/introduction/migration_guide/ for additional information.
Seed 18 | Episode 0 | Reward -300.00 | Epsilon 0.9987
Seed 18 | Episode 1 | Reward -300.00 | Epsilon 0.9897
Seed 18 | Episode 2 | Reward -300.00 | Epsilon 0.9808
Seed 18 | Episode 3 | Reward -300.00 | Epsilon 0.9720
Seed 18 | Episode 4 | Reward -300.00 | Epsilon 0.9633
Seed 18 | Episode 5 | Reward -300.00 | Epsilon 0.9547
Seed 18 | Episode 6 | Reward -300.00 | Epsilon 0.9462
Seed 18 | Episode 7 | Reward -300.00 | Epsilon 0.9377
Seed 18 | Episode 8 | Reward -300.00 | Epsilon 0.9293
Seed 18 | Episode 9 | Reward -300.00 | Epsilon 0.9209
Seed 18 | Episode 10 | Reward -300.00 | Epsilon 0.9127
Seed 18 | Episode 11 | Reward -300.00 | Epsilon 0.9045
Seed 18 | Episode 12 | Reward -300.00 | Epsilon 0.8964
Seed 18 | Episode 13 | Reward -300.00 | Epsilon 0.8884
Seed 18 | Episode 14 | Reward -300.00 | Epsilon 0.8804
Seed 18 | Episode 15 | Reward -300.00 | Epsilon 0.8725
Seed 18 | Episode 16 | Reward -300.00 | Epsilon 0.8647
Seed 18 | Episode 17 | Reward -300.00 | Epsilon 0.8570
Seed 18 | Episode 18 | Reward -300.00 | Epsilon 0.8493
Seed 18 | Episode 19 | Reward -300.00 | Epsilon 0.8417
Seed 18 | Episode 20 | Reward -300.00 | Epsilon 0.8341
Seed 18 | Episode 21 | Reward -300.00 | Epsilon 0.8267
Seed 18 | Episode 22 | Reward -300.00 | Epsilon 0.8193
Seed 18 | Episode 23 | Reward -300.00 | Epsilon 0.8119
Seed 18 | Episode 24 | Reward -300.00 | Epsilon 0.8046
Seed 18 | Episode 25 | Reward -300.00 | Epsilon 0.7974
Seed 18 | Episode 26 | Reward -300.00 | Epsilon 0.7903
Seed 18 | Episode 27 | Reward -300.00 | Epsilon 0.7832
Seed 18 | Episode 28 | Reward -300.00 | Epsilon 0.7762
Seed 18 | Episode 29 | Reward -300.00 | Epsilon 0.7692
Seed 18 | Episode 30 | Reward -300.00 | Epsilon 0.7623
Seed 18 | Episode 31 | Reward -300.00 | Epsilon 0.7555
Seed 18 | Episode 32 | Reward -300.00 | Epsilon 0.7487
Seed 18 | Episode 33 | Reward -300.00 | Epsilon 0.7420
Seed 18 | Episode 34 | Reward -300.00 | Epsilon 0.7354
Seed 18 | Episode 35 | Reward -300.00 | Epsilon 0.7288
Seed 18 | Episode 36 | Reward -300.00 | Epsilon 0.7223
Seed 18 | Episode 37 | Reward -300.00 | Epsilon 0.7158
Seed 18 | Episode 38 | Reward -300.00 | Epsilon 0.7094
Seed 18 | Episode 39 | Reward -300.00 | Epsilon 0.7030
Seed 18 | Episode 40 | Reward -300.00 | Epsilon 0.6967
Seed 18 | Episode 41 | Reward -300.00 | Epsilon 0.6905
Seed 18 | Episode 42 | Reward -300.00 | Epsilon 0.6843
Seed 18 | Episode 43 | Reward -300.00 | Epsilon 0.6782
Seed 18 | Episode 44 | Reward -300.00 | Epsilon 0.6721
Seed 18 | Episode 45 | Reward -300.00 | Epsilon 0.6661
Seed 18 | Episode 46 | Reward -300.00 | Epsilon 0.6601
Seed 18 | Episode 47 | Reward -300.00 | Epsilon 0.6542
Seed 18 | Episode 48 | Reward -300.00 | Epsilon 0.6483
Seed 18 | Episode 49 | Reward -300.00 | Epsilon 0.6425
Seed 18 | Episode 50 | Reward -300.00 | Epsilon 0.6368
Seed 18 | Episode 51 | Reward -300.00 | Epsilon 0.6311
Seed 18 | Episode 52 | Reward -300.00 | Epsilon 0.6254
Seed 18 | Episode 53 | Reward -300.00 | Epsilon 0.6198
Seed 18 | Episode 54 | Reward -300.00 | Epsilon 0.6142
Seed 18 | Episode 55 | Reward -300.00 | Epsilon 0.6087
Seed 18 | Episode 56 | Reward -300.00 | Epsilon 0.6033
Seed 18 | Episode 57 | Reward -300.00 | Epsilon 0.5979
Seed 18 | Episode 58 | Reward -300.00 | Epsilon 0.5925
Seed 18 | Episode 59 | Reward -300.00 | Epsilon 0.5872
Seed 18 | Episode 60 | Reward -300.00 | Epsilon 0.5820
Seed 18 | Episode 61 | Reward -300.00 | Epsilon 0.5767
Seed 18 | Episode 62 | Reward -300.00 | Epsilon 0.5716
Seed 18 | Episode 63 | Reward -300.00 | Epsilon 0.5665
Seed 18 | Episode 64 | Reward -300.00 | Epsilon 0.5614
Seed 18 | Episode 65 | Reward -300.00 | Epsilon 0.5563
Seed 18 | Episode 66 | Reward -300.00 | Epsilon 0.5514
Seed 18 | Episode 67 | Reward -300.00 | Epsilon 0.5464
Seed 18 | Episode 68 | Reward -300.00 | Epsilon 0.5415
Seed 18 | Episode 69 | Reward -300.00 | Epsilon 0.5367
Seed 18 | Episode 70 | Reward -300.00 | Epsilon 0.5319
Seed 18 | Episode 71 | Reward -300.00 | Epsilon 0.5271
Seed 18 | Episode 72 | Reward -300.00 | Epsilon 0.5224
Seed 18 | Episode 73 | Reward -300.00 | Epsilon 0.5177
Seed 18 | Episode 74 | Reward -300.00 | Epsilon 0.5131
Seed 18 | Episode 75 | Reward -300.00 | Epsilon 0.5085
Seed 18 | Episode 76 | Reward -300.00 | Epsilon 0.5039
Seed 18 | Episode 77 | Reward -300.00 | Epsilon 0.4994
Seed 18 | Episode 78 | Reward -300.00 | Epsilon 0.4949
Seed 18 | Episode 79 | Reward -300.00 | Epsilon 0.4905
Seed 18 | Episode 80 | Reward -300.00 | Epsilon 0.4861
Seed 18 | Episode 81 | Reward -300.00 | Epsilon 0.4817
Seed 18 | Episode 82 | Reward -300.00 | Epsilon 0.4774
Seed 18 | Episode 83 | Reward -300.00 | Epsilon 0.4731
Seed 18 | Episode 84 | Reward -300.00 | Epsilon 0.4689
Seed 18 | Episode 85 | Reward -300.00 | Epsilon 0.4647
Seed 18 | Episode 86 | Reward -300.00 | Epsilon 0.4605
Seed 18 | Episode 87 | Reward -300.00 | Epsilon 0.4564
Seed 18 | Episode 88 | Reward -300.00 | Epsilon 0.4523
Seed 18 | Episode 89 | Reward -300.00 | Epsilon 0.4483
Seed 18 | Episode 90 | Reward -300.00 | Epsilon 0.4443
Seed 18 | Episode 91 | Reward -300.00 | Epsilon 0.4403
Seed 18 | Episode 92 | Reward -300.00 | Epsilon 0.4363
Seed 18 | Episode 93 | Reward -300.00 | Epsilon 0.4324
Seed 18 | Episode 94 | Reward -300.00 | Epsilon 0.4285
Seed 18 | Episode 95 | Reward -300.00 | Epsilon 0.4247
Seed 18 | Episode 96 | Reward -300.00 | Epsilon 0.4209
Seed 18 | Episode 97 | Reward -300.00 | Epsilon 0.4171
Seed 18 | Episode 98 | Reward -300.00 | Epsilon 0.4134
Seed 18 | Episode 99 | Reward -300.00 | Epsilon 0.4097
Seed 18 | Episode 100 | Reward -300.00 | Epsilon 0.4060
Seed 18 | Episode 101 | Reward -300.00 | Epsilon 0.4024
Seed 18 | Episode 102 | Reward -300.00 | Epsilon 0.3988
Seed 18 | Episode 103 | Reward -300.00 | Epsilon 0.3952
Seed 18 | Episode 104 | Reward -300.00 | Epsilon 0.3917
Seed 18 | Episode 105 | Reward -300.00 | Epsilon 0.3881
Seed 18 | Episode 106 | Reward -300.00 | Epsilon 0.3847
Seed 18 | Episode 107 | Reward -300.00 | Epsilon 0.3812
Seed 18 | Episode 108 | Reward -300.00 | Epsilon 0.3778
Seed 18 | Episode 109 | Reward -300.00 | Epsilon 0.3744
Seed 18 | Episode 110 | Reward -300.00 | Epsilon 0.3711
Seed 18 | Episode 111 | Reward -300.00 | Epsilon 0.3677
Seed 18 | Episode 112 | Reward -300.00 | Epsilon 0.3645
Seed 18 | Episode 113 | Reward -300.00 | Epsilon 0.3612
Seed 18 | Episode 114 | Reward -300.00 | Epsilon 0.3579
Seed 18 | Episode 115 | Reward -300.00 | Epsilon 0.3547
Seed 18 | Episode 116 | Reward -300.00 | Epsilon 0.3516
Seed 18 | Episode 117 | Reward -300.00 | Epsilon 0.3484
Seed 18 | Episode 118 | Reward -300.00 | Epsilon 0.3453
Seed 18 | Episode 119 | Reward -300.00 | Epsilon 0.3422
Seed 18 | Episode 120 | Reward -300.00 | Epsilon 0.3391
Seed 18 | Episode 121 | Reward -300.00 | Epsilon 0.3361
Seed 18 | Episode 122 | Reward -300.00 | Epsilon 0.3331
Seed 18 | Episode 123 | Reward -300.00 | Epsilon 0.3301
Seed 18 | Episode 124 | Reward -300.00 | Epsilon 0.3271
Seed 18 | Episode 125 | Reward -300.00 | Epsilon 0.3242
Seed 18 | Episode 126 | Reward -300.00 | Epsilon 0.3213
Seed 18 | Episode 127 | Reward -300.00 | Epsilon 0.3184
Seed 18 | Episode 128 | Reward -300.00 | Epsilon 0.3156
Seed 18 | Episode 129 | Reward -300.00 | Epsilon 0.3127
Seed 18 | Episode 130 | Reward -300.00 | Epsilon 0.3099
Seed 18 | Episode 131 | Reward -300.00 | Epsilon 0.3072
Seed 18 | Episode 132 | Reward -300.00 | Epsilon 0.3044
Seed 18 | Episode 133 | Reward -300.00 | Epsilon 0.3017
Seed 18 | Episode 134 | Reward -300.00 | Epsilon 0.2990
Seed 18 | Episode 135 | Reward -300.00 | Epsilon 0.2963
Seed 18 | Episode 136 | Reward -300.00 | Epsilon 0.2936
Seed 18 | Episode 137 | Reward -300.00 | Epsilon 0.2910
Seed 18 | Episode 138 | Reward -300.00 | Epsilon 0.2884
Seed 18 | Episode 139 | Reward -300.00 | Epsilon 0.2858
Seed 18 | Episode 140 | Reward -300.00 | Epsilon 0.2833
Seed 18 | Episode 141 | Reward -300.00 | Epsilon 0.2807
Seed 18 | Episode 142 | Reward -300.00 | Epsilon 0.2782
Seed 18 | Episode 143 | Reward -300.00 | Epsilon 0.2757
Seed 18 | Episode 144 | Reward -300.00 | Epsilon 0.2732
Seed 18 | Episode 145 | Reward -300.00 | Epsilon 0.2708
Seed 18 | Episode 146 | Reward -300.00 | Epsilon 0.2684
Seed 18 | Episode 147 | Reward -300.00 | Epsilon 0.2660
Seed 18 | Episode 148 | Reward -300.00 | Epsilon 0.2636
Seed 18 | Episode 149 | Reward -300.00 | Epsilon 0.2612
Seed 18 | Episode 150 | Reward -300.00 | Epsilon 0.2589
Seed 18 | Episode 151 | Reward -300.00 | Epsilon 0.2566
Seed 18 | Episode 152 | Reward -300.00 | Epsilon 0.2543
Seed 18 | Episode 153 | Reward -300.00 | Epsilon 0.2520
Seed 18 | Episode 154 | Reward -300.00 | Epsilon 0.2497
Seed 18 | Episode 155 | Reward -300.00 | Epsilon 0.2475
Seed 18 | Episode 156 | Reward -300.00 | Epsilon 0.2453
Seed 18 | Episode 157 | Reward -300.00 | Epsilon 0.2431
Seed 18 | Episode 158 | Reward -300.00 | Epsilon 0.2409
Seed 18 | Episode 159 | Reward -300.00 | Epsilon 0.2387
Seed 18 | Episode 160 | Reward -300.00 | Epsilon 0.2366
Seed 18 | Episode 161 | Reward -300.00 | Epsilon 0.2345
Seed 18 | Episode 162 | Reward -300.00 | Epsilon 0.2324
Seed 18 | Episode 163 | Reward -300.00 | Epsilon 0.2303
Seed 18 | Episode 164 | Reward -300.00 | Epsilon 0.2282
Seed 18 | Episode 165 | Reward -300.00 | Epsilon 0.2262
Seed 18 | Episode 166 | Reward -300.00 | Epsilon 0.2242
Seed 18 | Episode 167 | Reward -300.00 | Epsilon 0.2222
Seed 18 | Episode 168 | Reward -300.00 | Epsilon 0.2202
Seed 18 | Episode 169 | Reward -300.00 | Epsilon 0.2182
Seed 18 | Episode 170 | Reward -300.00 | Epsilon 0.2162
Seed 18 | Episode 171 | Reward -300.00 | Epsilon 0.2143
Seed 18 | Episode 172 | Reward 59.00 | Epsilon 0.2140
Seed 18 | Episode 173 | Reward -300.00 | Epsilon 0.2121
Seed 18 | Episode 174 | Reward -300.00 | Epsilon 0.2102
Seed 18 | Episode 175 | Reward -300.00 | Epsilon 0.2083
Seed 18 | Episode 176 | Reward -300.00 | Epsilon 0.2065
Seed 18 | Episode 177 | Reward -300.00 | Epsilon 0.2046
Seed 18 | Episode 178 | Reward -300.00 | Epsilon 0.2028
Seed 18 | Episode 179 | Reward -300.00 | Epsilon 0.2010
Seed 18 | Episode 180 | Reward -300.00 | Epsilon 0.1992
Seed 18 | Episode 181 | Reward -300.00 | Epsilon 0.1974
Seed 18 | Episode 182 | Reward -300.00 | Epsilon 0.1956
Seed 18 | Episode 183 | Reward -300.00 | Epsilon 0.1939
Seed 18 | Episode 184 | Reward -300.00 | Epsilon 0.1921
Seed 18 | Episode 185 | Reward -300.00 | Epsilon 0.1904
Seed 18 | Episode 186 | Reward -300.00 | Epsilon 0.1887
Seed 18 | Episode 187 | Reward -300.00 | Epsilon 0.1870
Seed 18 | Episode 188 | Reward -300.00 | Epsilon 0.1853
Seed 18 | Episode 189 | Reward -300.00 | Epsilon 0.1837
Seed 18 | Episode 190 | Reward -300.00 | Epsilon 0.1820
Seed 18 | Episode 191 | Reward -300.00 | Epsilon 0.1804
Seed 18 | Episode 192 | Reward -300.00 | Epsilon 0.1788
Seed 18 | Episode 193 | Reward -300.00 | Epsilon 0.1772
Seed 18 | Episode 194 | Reward -300.00 | Epsilon 0.1756
Seed 18 | Episode 195 | Reward -300.00 | Epsilon 0.1740
Seed 18 | Episode 196 | Reward -300.00 | Epsilon 0.1725
Seed 18 | Episode 197 | Reward -300.00 | Epsilon 0.1709
Seed 18 | Episode 198 | Reward -300.00 | Epsilon 0.1694
Seed 18 | Episode 199 | Reward -300.00 | Epsilon 0.1679
Seed 18 | Episode 200 | Reward -300.00 | Epsilon 0.1664
Seed 18 | Episode 201 | Reward -300.00 | Epsilon 0.1649
Seed 18 | Episode 202 | Reward -300.00 | Epsilon 0.1634
Seed 18 | Episode 203 | Reward -300.00 | Epsilon 0.1619
Seed 18 | Episode 204 | Reward -300.00 | Epsilon 0.1605
Seed 18 | Episode 205 | Reward -300.00 | Epsilon 0.1590
Seed 18 | Episode 206 | Reward -300.00 | Epsilon 0.1576
Seed 18 | Episode 207 | Reward -300.00 | Epsilon 0.1562
Seed 18 | Episode 208 | Reward -300.00 | Epsilon 0.1548
Seed 18 | Episode 209 | Reward -300.00 | Epsilon 0.1534
Seed 18 | Episode 210 | Reward -300.00 | Epsilon 0.1520
Seed 18 | Episode 211 | Reward -300.00 | Epsilon 0.1507
Seed 18 | Episode 212 | Reward -300.00 | Epsilon 0.1493
Seed 18 | Episode 213 | Reward -300.00 | Epsilon 0.1480
Seed 18 | Episode 214 | Reward -300.00 | Epsilon 0.1467
Seed 18 | Episode 215 | Reward -300.00 | Epsilon 0.1453
Seed 18 | Episode 216 | Reward -300.00 | Epsilon 0.1440
Seed 18 | Episode 217 | Reward -300.00 | Epsilon 0.1428
Seed 18 | Episode 218 | Reward -300.00 | Epsilon 0.1415
Seed 18 | Episode 219 | Reward -300.00 | Epsilon 0.1402
Seed 18 | Episode 220 | Reward -300.00 | Epsilon 0.1390
Seed 18 | Episode 221 | Reward -300.00 | Epsilon 0.1377
Seed 18 | Episode 222 | Reward -300.00 | Epsilon 0.1365
Seed 18 | Episode 223 | Reward -300.00 | Epsilon 0.1352
Seed 18 | Episode 224 | Reward -300.00 | Epsilon 0.1340
Seed 18 | Episode 225 | Reward -300.00 | Epsilon 0.1328
Seed 18 | Episode 226 | Reward -300.00 | Epsilon 0.1316
Seed 18 | Episode 227 | Reward -300.00 | Epsilon 0.1305
Seed 18 | Episode 228 | Reward -300.00 | Epsilon 0.1293
Seed 18 | Episode 229 | Reward -300.00 | Epsilon 0.1281
Seed 18 | Episode 230 | Reward -300.00 | Epsilon 0.1270
Seed 18 | Episode 231 | Reward -300.00 | Epsilon 0.1259
Seed 18 | Episode 232 | Reward -300.00 | Epsilon 0.1247
Seed 18 | Episode 233 | Reward -300.00 | Epsilon 0.1236
Seed 18 | Episode 234 | Reward -300.00 | Epsilon 0.1225
Seed 18 | Episode 235 | Reward -300.00 | Epsilon 0.1214
Seed 18 | Episode 236 | Reward -300.00 | Epsilon 0.1203
Seed 18 | Episode 237 | Reward -300.00 | Epsilon 0.1192
Seed 18 | Episode 238 | Reward -300.00 | Epsilon 0.1182
Seed 18 | Episode 239 | Reward -300.00 | Epsilon 0.1171
Seed 18 | Episode 240 | Reward -300.00 | Epsilon 0.1161
Seed 18 | Episode 241 | Reward -300.00 | Epsilon 0.1150
Seed 18 | Episode 242 | Reward -300.00 | Epsilon 0.1140
Seed 18 | Episode 243 | Reward -300.00 | Epsilon 0.1130
Seed 18 | Episode 244 | Reward -300.00 | Epsilon 0.1120
Seed 18 | Episode 245 | Reward -300.00 | Epsilon 0.1110
Seed 18 | Episode 246 | Reward -300.00 | Epsilon 0.1100
Seed 18 | Episode 247 | Reward -300.00 | Epsilon 0.1090
Seed 18 | Episode 248 | Reward -300.00 | Epsilon 0.1080
Seed 18 | Episode 249 | Reward -300.00 | Epsilon 0.1070
Seed 18 | Episode 250 | Reward -300.00 | Epsilon 0.1061
Seed 18 | Episode 251 | Reward -300.00 | Epsilon 0.1051
Seed 18 | Episode 252 | Reward -300.00 | Epsilon 0.1042
Seed 18 | Episode 253 | Reward -300.00 | Epsilon 0.1032
Seed 18 | Episode 254 | Reward -300.00 | Epsilon 0.1023
Seed 18 | Episode 255 | Reward -300.00 | Epsilon 0.1014
Seed 18 | Episode 256 | Reward -300.00 | Epsilon 0.1005
Seed 18 | Episode 257 | Reward -300.00 | Epsilon 0.0996
Seed 18 | Episode 258 | Reward -300.00 | Epsilon 0.0987
Seed 18 | Episode 259 | Reward -300.00 | Epsilon 0.0978
Seed 18 | Episode 260 | Reward -300.00 | Epsilon 0.0969
Seed 18 | Episode 261 | Reward -300.00 | Epsilon 0.0961
Seed 18 | Episode 262 | Reward -300.00 | Epsilon 0.0952
Seed 18 | Episode 263 | Reward -300.00 | Epsilon 0.0944
Seed 18 | Episode 264 | Reward -300.00 | Epsilon 0.0935
Seed 18 | Episode 265 | Reward -300.00 | Epsilon 0.0927
Seed 18 | Episode 266 | Reward -300.00 | Epsilon 0.0918
Seed 18 | Episode 267 | Reward -300.00 | Epsilon 0.0910
Seed 18 | Episode 268 | Reward -300.00 | Epsilon 0.0902
Seed 18 | Episode 269 | Reward -300.00 | Epsilon 0.0894
Seed 18 | Episode 270 | Reward -300.00 | Epsilon 0.0886
Seed 18 | Episode 271 | Reward -300.00 | Epsilon 0.0878
Seed 18 | Episode 272 | Reward -300.00 | Epsilon 0.0870
Seed 18 | Episode 273 | Reward -300.00 | Epsilon 0.0862
Seed 18 | Episode 274 | Reward -300.00 | Epsilon 0.0855
Seed 18 | Episode 275 | Reward -300.00 | Epsilon 0.0847
Seed 18 | Episode 276 | Reward -300.00 | Epsilon 0.0839
Seed 18 | Episode 277 | Reward -300.00 | Epsilon 0.0832
Seed 18 | Episode 278 | Reward -300.00 | Epsilon 0.0824
Seed 18 | Episode 279 | Reward -300.00 | Epsilon 0.0817
Seed 18 | Episode 280 | Reward -300.00 | Epsilon 0.0810
Seed 18 | Episode 281 | Reward -300.00 | Epsilon 0.0802
Seed 18 | Episode 282 | Reward -300.00 | Epsilon 0.0795
Seed 18 | Episode 283 | Reward -193.00 | Epsilon 0.0788
Seed 18 | Episode 284 | Reward -300.00 | Epsilon 0.0781
Seed 18 | Episode 285 | Reward -300.00 | Epsilon 0.0774
Seed 18 | Episode 286 | Reward -300.00 | Epsilon 0.0767
Seed 18 | Episode 287 | Reward -300.00 | Epsilon 0.0760
Seed 18 | Episode 288 | Reward -300.00 | Epsilon 0.0754
Seed 18 | Episode 289 | Reward -300.00 | Epsilon 0.0747
Seed 18 | Episode 290 | Reward -300.00 | Epsilon 0.0740
Seed 18 | Episode 291 | Reward -300.00 | Epsilon 0.0734
Seed 18 | Episode 292 | Reward -300.00 | Epsilon 0.0727
Seed 18 | Episode 293 | Reward -300.00 | Epsilon 0.0720
Seed 18 | Episode 294 | Reward -300.00 | Epsilon 0.0714
Seed 18 | Episode 295 | Reward -300.00 | Epsilon 0.0708
Seed 18 | Episode 296 | Reward -300.00 | Epsilon 0.0701
Seed 18 | Episode 297 | Reward -300.00 | Epsilon 0.0695
Seed 18 | Episode 298 | Reward -300.00 | Epsilon 0.0689
Seed 18 | Episode 299 | Reward -300.00 | Epsilon 0.0683
Seed 18 | Episode 300 | Reward -300.00 | Epsilon 0.0676
Seed 18 | Episode 301 | Reward -300.00 | Epsilon 0.0670
Seed 18 | Episode 302 | Reward -300.00 | Epsilon 0.0664
Seed 18 | Episode 303 | Reward -300.00 | Epsilon 0.0658
Seed 18 | Episode 304 | Reward -300.00 | Epsilon 0.0653
Seed 18 | Episode 305 | Reward -300.00 | Epsilon 0.0647
Seed 18 | Episode 306 | Reward -300.00 | Epsilon 0.0641
Seed 18 | Episode 307 | Reward -300.00 | Epsilon 0.0635
Seed 18 | Episode 308 | Reward -33.00 | Epsilon 0.0633
Seed 18 | Episode 309 | Reward -300.00 | Epsilon 0.0627
Seed 18 | Episode 310 | Reward -300.00 | Epsilon 0.0621
Seed 18 | Episode 311 | Reward -79.00 | Epsilon 0.0618
Seed 18 | Episode 312 | Reward -300.00 | Epsilon 0.0612
Seed 18 | Episode 313 | Reward -300.00 | Epsilon 0.0607
Seed 18 | Episode 314 | Reward -300.00 | Epsilon 0.0602
Seed 18 | Episode 315 | Reward -300.00 | Epsilon 0.0596
Seed 18 | Episode 316 | Reward -300.00 | Epsilon 0.0591
Seed 18 | Episode 317 | Reward -300.00 | Epsilon 0.0585
Seed 18 | Episode 318 | Reward -300.00 | Epsilon 0.0580
Seed 18 | Episode 319 | Reward 51.00 | Epsilon 0.0579
Seed 18 | Episode 320 | Reward -300.00 | Epsilon 0.0574
Seed 18 | Episode 321 | Reward -300.00 | Epsilon 0.0569
Seed 18 | Episode 322 | Reward -95.00 | Epsilon 0.0566
Seed 18 | Episode 323 | Reward -300.00 | Epsilon 0.0561
Seed 18 | Episode 324 | Reward -300.00 | Epsilon 0.0556
Seed 18 | Episode 325 | Reward -300.00 | Epsilon 0.0551
Seed 18 | Episode 326 | Reward -300.00 | Epsilon 0.0546
Seed 18 | Episode 327 | Reward -300.00 | Epsilon 0.0541
Seed 18 | Episode 328 | Reward -300.00 | Epsilon 0.0536
Seed 18 | Episode 329 | Reward -300.00 | Epsilon 0.0531
Seed 18 | Episode 330 | Reward -300.00 | Epsilon 0.0526
Seed 18 | Episode 331 | Reward -300.00 | Epsilon 0.0522
Seed 18 | Episode 332 | Reward -300.00 | Epsilon 0.0517
Seed 18 | Episode 333 | Reward -300.00 | Epsilon 0.0512
Seed 18 | Episode 334 | Reward -300.00 | Epsilon 0.0508
Seed 18 | Episode 335 | Reward -300.00 | Epsilon 0.0503
Seed 18 | Episode 336 | Reward -300.00 | Epsilon 0.0499
Seed 18 | Episode 337 | Reward -300.00 | Epsilon 0.0494
Seed 18 | Episode 338 | Reward -300.00 | Epsilon 0.0490
Seed 18 | Episode 339 | Reward -300.00 | Epsilon 0.0485
Seed 18 | Episode 340 | Reward -300.00 | Epsilon 0.0481
Seed 18 | Episode 341 | Reward -300.00 | Epsilon 0.0477
Seed 18 | Episode 342 | Reward -300.00 | Epsilon 0.0473
Seed 18 | Episode 343 | Reward -300.00 | Epsilon 0.0468
Seed 18 | Episode 344 | Reward -300.00 | Epsilon 0.0464
Seed 18 | Episode 345 | Reward -300.00 | Epsilon 0.0460
Seed 18 | Episode 346 | Reward -300.00 | Epsilon 0.0456
Seed 18 | Episode 347 | Reward -300.00 | Epsilon 0.0452
Seed 18 | Episode 348 | Reward -300.00 | Epsilon 0.0448
Seed 18 | Episode 349 | Reward -300.00 | Epsilon 0.0444
Seed 18 | Episode 350 | Reward -300.00 | Epsilon 0.0440
Seed 18 | Episode 351 | Reward -300.00 | Epsilon 0.0436
Seed 18 | Episode 352 | Reward -300.00 | Epsilon 0.0432
Seed 18 | Episode 353 | Reward -300.00 | Epsilon 0.0428
Seed 18 | Episode 354 | Reward -300.00 | Epsilon 0.0424
Seed 18 | Episode 355 | Reward -300.00 | Epsilon 0.0420
Seed 18 | Episode 356 | Reward -300.00 | Epsilon 0.0417
Seed 18 | Episode 357 | Reward -300.00 | Epsilon 0.0413
Seed 18 | Episode 358 | Reward -300.00 | Epsilon 0.0409
Seed 18 | Episode 359 | Reward -300.00 | Epsilon 0.0405
Seed 18 | Episode 360 | Reward -300.00 | Epsilon 0.0402
Seed 18 | Episode 361 | Reward -300.00 | Epsilon 0.0398
Seed 18 | Episode 362 | Reward 42.00 | Epsilon 0.0398
Seed 18 | Episode 363 | Reward -300.00 | Epsilon 0.0394
Seed 18 | Episode 364 | Reward 59.00 | Epsilon 0.0393
Seed 18 | Episode 365 | Reward -300.00 | Epsilon 0.0390
Seed 18 | Episode 366 | Reward -300.00 | Epsilon 0.0386
Seed 18 | Episode 367 | Reward -300.00 | Epsilon 0.0383
Seed 18 | Episode 368 | Reward -300.00 | Epsilon 0.0380
Seed 18 | Episode 369 | Reward -300.00 | Epsilon 0.0376
Seed 18 | Episode 370 | Reward -300.00 | Epsilon 0.0373
Seed 18 | Episode 371 | Reward -126.00 | Epsilon 0.0370
Seed 18 | Episode 372 | Reward -300.00 | Epsilon 0.0367
Seed 18 | Episode 373 | Reward -300.00 | Epsilon 0.0364
Seed 18 | Episode 374 | Reward -300.00 | Epsilon 0.0360
Seed 18 | Episode 375 | Reward -300.00 | Epsilon 0.0357
Seed 18 | Episode 376 | Reward -300.00 | Epsilon 0.0354
Seed 18 | Episode 377 | Reward -300.00 | Epsilon 0.0351
Seed 18 | Episode 378 | Reward 6.00 | Epsilon 0.0350
Seed 18 | Episode 379 | Reward -300.00 | Epsilon 0.0347
Seed 18 | Episode 380 | Reward -300.00 | Epsilon 0.0344
Seed 18 | Episode 381 | Reward -300.00 | Epsilon 0.0340
Seed 18 | Episode 382 | Reward -300.00 | Epsilon 0.0337
Seed 18 | Episode 383 | Reward 53.00 | Epsilon 0.0337
Seed 18 | Episode 384 | Reward 45.00 | Epsilon 0.0336
Seed 18 | Episode 385 | Reward 53.00 | Epsilon 0.0336
Seed 18 | Episode 386 | Reward -199.00 | Epsilon 0.0333
Seed 18 | Episode 387 | Reward 0.00 | Epsilon 0.0332
Seed 18 | Episode 388 | Reward -300.00 | Epsilon 0.0329
Seed 18 | Episode 389 | Reward -300.00 | Epsilon 0.0326
Seed 18 | Episode 390 | Reward -300.00 | Epsilon 0.0323
Seed 18 | Episode 391 | Reward -300.00 | Epsilon 0.0320
Seed 18 | Episode 392 | Reward -300.00 | Epsilon 0.0317
Seed 18 | Episode 393 | Reward -300.00 | Epsilon 0.0314
Seed 18 | Episode 394 | Reward -300.00 | Epsilon 0.0312
Seed 18 | Episode 395 | Reward -300.00 | Epsilon 0.0309
Seed 18 | Episode 396 | Reward -189.00 | Epsilon 0.0306
Seed 18 | Episode 397 | Reward -300.00 | Epsilon 0.0303
Seed 18 | Episode 398 | Reward -300.00 | Epsilon 0.0301
Seed 18 | Episode 399 | Reward -300.00 | Epsilon 0.0298
Seed 18 | Episode 400 | Reward -300.00 | Epsilon 0.0295
Seed 18 | Episode 401 | Reward -300.00 | Epsilon 0.0293
Seed 18 | Episode 402 | Reward -300.00 | Epsilon 0.0290
Seed 18 | Episode 403 | Reward -300.00 | Epsilon 0.0287
Seed 18 | Episode 404 | Reward -300.00 | Epsilon 0.0285
Seed 18 | Episode 405 | Reward -300.00 | Epsilon 0.0282
Seed 18 | Episode 406 | Reward 53.00 | Epsilon 0.0282
Seed 18 | Episode 407 | Reward 60.00 | Epsilon 0.0282
Seed 18 | Episode 408 | Reward -300.00 | Epsilon 0.0279
Seed 18 | Episode 409 | Reward -300.00 | Epsilon 0.0277
Seed 18 | Episode 410 | Reward -300.00 | Epsilon 0.0274
Seed 18 | Episode 411 | Reward -300.00 | Epsilon 0.0272
Seed 18 | Episode 412 | Reward -300.00 | Epsilon 0.0269
Seed 18 | Episode 413 | Reward -300.00 | Epsilon 0.0267
Seed 18 | Episode 414 | Reward 50.00 | Epsilon 0.0266
Seed 18 | Episode 415 | Reward -300.00 | Epsilon 0.0264
Seed 18 | Episode 416 | Reward -300.00 | Epsilon 0.0262
Seed 18 | Episode 417 | Reward -300.00 | Epsilon 0.0259
Seed 18 | Episode 418 | Reward -63.00 | Epsilon 0.0258
Seed 18 | Episode 419 | Reward 55.00 | Epsilon 0.0258
Seed 18 | Episode 420 | Reward -300.00 | Epsilon 0.0255
Seed 18 | Episode 421 | Reward -300.00 | Epsilon 0.0253
Seed 18 | Episode 422 | Reward -300.00 | Epsilon 0.0251
Seed 18 | Episode 423 | Reward -300.00 | Epsilon 0.0249
Seed 18 | Episode 424 | Reward -300.00 | Epsilon 0.0246
Seed 18 | Episode 425 | Reward -300.00 | Epsilon 0.0244
Seed 18 | Episode 426 | Reward -300.00 | Epsilon 0.0242
Seed 18 | Episode 427 | Reward -300.00 | Epsilon 0.0240
Seed 18 | Episode 428 | Reward 44.00 | Epsilon 0.0239
Seed 18 | Episode 429 | Reward -300.00 | Epsilon 0.0237
Seed 18 | Episode 430 | Reward -300.00 | Epsilon 0.0235
Seed 18 | Episode 431 | Reward -300.00 | Epsilon 0.0233
Seed 18 | Episode 432 | Reward -300.00 | Epsilon 0.0231
Seed 18 | Episode 433 | Reward 56.00 | Epsilon 0.0231
Seed 18 | Episode 434 | Reward -300.00 | Epsilon 0.0228
Seed 18 | Episode 435 | Reward -92.00 | Epsilon 0.0227
Seed 18 | Episode 436 | Reward -300.00 | Epsilon 0.0225
Seed 18 | Episode 437 | Reward 53.00 | Epsilon 0.0225
Seed 18 | Episode 438 | Reward 49.00 | Epsilon 0.0224
Seed 18 | Episode 439 | Reward -300.00 | Epsilon 0.0222
Seed 18 | Episode 440 | Reward -300.00 | Epsilon 0.0220
Seed 18 | Episode 441 | Reward -300.00 | Epsilon 0.0218
Seed 18 | Episode 442 | Reward -300.00 | Epsilon 0.0217
Seed 18 | Episode 443 | Reward -300.00 | Epsilon 0.0215
Seed 18 | Episode 444 | Reward -300.00 | Epsilon 0.0213
Seed 18 | Episode 445 | Reward 45.00 | Epsilon 0.0212
Seed 18 | Episode 446 | Reward -300.00 | Epsilon 0.0210
Seed 18 | Episode 447 | Reward -300.00 | Epsilon 0.0209
Seed 18 | Episode 448 | Reward 53.00 | Epsilon 0.0208
Seed 18 | Episode 449 | Reward -300.00 | Epsilon 0.0206
Seed 18 | Episode 450 | Reward -300.00 | Epsilon 0.0205
Seed 18 | Episode 451 | Reward -300.00 | Epsilon 0.0203
Seed 18 | Episode 452 | Reward -300.00 | Epsilon 0.0201
Seed 18 | Episode 453 | Reward -184.00 | Epsilon 0.0199
Seed 18 | Episode 454 | Reward -300.00 | Epsilon 0.0197
Seed 18 | Episode 455 | Reward 35.00 | Epsilon 0.0197
Seed 18 | Episode 456 | Reward 55.00 | Epsilon 0.0197
Seed 18 | Episode 457 | Reward -300.00 | Epsilon 0.0195
Seed 18 | Episode 458 | Reward -300.00 | Epsilon 0.0193
Seed 18 | Episode 459 | Reward -5.00 | Epsilon 0.0193
Seed 18 | Episode 460 | Reward -300.00 | Epsilon 0.0191
Seed 18 | Episode 461 | Reward -88.00 | Epsilon 0.0190
Seed 18 | Episode 462 | Reward -300.00 | Epsilon 0.0188
Seed 18 | Episode 463 | Reward -77.00 | Epsilon 0.0187
Seed 18 | Episode 464 | Reward -300.00 | Epsilon 0.0185
Seed 18 | Episode 465 | Reward -89.00 | Epsilon 0.0184
Seed 18 | Episode 466 | Reward -151.00 | Epsilon 0.0183
Seed 18 | Episode 467 | Reward 42.00 | Epsilon 0.0183
Seed 18 | Episode 468 | Reward -192.00 | Epsilon 0.0181
Seed 18 | Episode 469 | Reward -300.00 | Epsilon 0.0179
Seed 18 | Episode 470 | Reward 50.00 | Epsilon 0.0179
Seed 18 | Episode 471 | Reward -300.00 | Epsilon 0.0178
Seed 18 | Episode 472 | Reward -118.00 | Epsilon 0.0176
Seed 18 | Episode 473 | Reward -300.00 | Epsilon 0.0175
Seed 18 | Episode 474 | Reward 54.00 | Epsilon 0.0175
Seed 18 | Episode 475 | Reward 47.00 | Epsilon 0.0174
Seed 18 | Episode 476 | Reward -157.00 | Epsilon 0.0173
Seed 18 | Episode 477 | Reward 45.00 | Epsilon 0.0173
Seed 18 | Episode 478 | Reward 54.00 | Epsilon 0.0172
Seed 18 | Episode 479 | Reward -2.00 | Epsilon 0.0172
Seed 18 | Episode 480 | Reward -8.00 | Epsilon 0.0171
Seed 18 | Episode 481 | Reward 58.00 | Epsilon 0.0171
Seed 18 | Episode 482 | Reward -40.00 | Epsilon 0.0170
Seed 18 | Episode 483 | Reward -55.00 | Epsilon 0.0170
Seed 18 | Episode 484 | Reward 50.00 | Epsilon 0.0169
Seed 18 | Episode 485 | Reward -300.00 | Epsilon 0.0168
Seed 18 | Episode 486 | Reward 62.00 | Epsilon 0.0168
Seed 18 | Episode 487 | Reward -5.00 | Epsilon 0.0167
Seed 18 | Episode 488 | Reward 52.00 | Epsilon 0.0167
Seed 18 | Episode 489 | Reward 35.00 | Epsilon 0.0166
Seed 18 | Episode 490 | Reward 45.00 | Epsilon 0.0166
Seed 18 | Episode 491 | Reward 54.00 | Epsilon 0.0166
Seed 18 | Episode 492 | Reward 55.00 | Epsilon 0.0166
Seed 18 | Episode 493 | Reward -87.00 | Epsilon 0.0165
Seed 18 | Episode 494 | Reward -100.00 | Epsilon 0.0164
Seed 18 | Episode 495 | Reward 53.00 | Epsilon 0.0164
Seed 18 | Episode 496 | Reward -164.00 | Epsilon 0.0162
Seed 18 | Episode 497 | Reward -67.00 | Epsilon 0.0161
Seed 18 | Episode 498 | Reward -33.00 | Epsilon 0.0161
Seed 18 | Episode 499 | Reward -7.00 | Epsilon 0.0160
Seed 18 | Episode 500 | Reward 49.00 | Epsilon 0.0160
Seed 18 | Episode 501 | Reward 46.00 | Epsilon 0.0160
Seed 18 | Episode 502 | Reward 29.00 | Epsilon 0.0159
Seed 18 | Episode 503 | Reward -300.00 | Epsilon 0.0158
Seed 18 | Episode 504 | Reward -82.00 | Epsilon 0.0157
Seed 18 | Episode 505 | Reward -118.00 | Epsilon 0.0156
Seed 18 | Episode 506 | Reward 59.00 | Epsilon 0.0156
Seed 18 | Episode 507 | Reward 47.00 | Epsilon 0.0156
Seed 18 | Episode 508 | Reward -300.00 | Epsilon 0.0154
Seed 18 | Episode 509 | Reward 11.00 | Epsilon 0.0154
Seed 18 | Episode 510 | Reward -133.00 | Epsilon 0.0153
Seed 18 | Episode 511 | Reward -8.00 | Epsilon 0.0152
Seed 18 | Episode 512 | Reward -8.00 | Epsilon 0.0152
Seed 18 | Episode 513 | Reward -108.00 | Epsilon 0.0151
Seed 18 | Episode 514 | Reward 43.00 | Epsilon 0.0151
Seed 18 | Episode 515 | Reward -189.00 | Epsilon 0.0149
Seed 18 | Episode 516 | Reward -300.00 | Epsilon 0.0148
Seed 18 | Episode 517 | Reward -300.00 | Epsilon 0.0147
Seed 18 | Episode 518 | Reward -1.00 | Epsilon 0.0146
Seed 18 | Episode 519 | Reward -107.00 | Epsilon 0.0145
Seed 18 | Episode 520 | Reward 57.00 | Epsilon 0.0145
Seed 18 | Episode 521 | Reward -195.00 | Epsilon 0.0144
Seed 18 | Episode 522 | Reward 44.00 | Epsilon 0.0144
Seed 18 | Episode 523 | Reward -300.00 | Epsilon 0.0142
Seed 18 | Episode 524 | Reward 0.00 | Epsilon 0.0142
Seed 18 | Episode 525 | Reward -300.00 | Epsilon 0.0141
Seed 18 | Episode 526 | Reward -300.00 | Epsilon 0.0139
Seed 18 | Episode 527 | Reward 58.00 | Epsilon 0.0139
Seed 18 | Episode 528 | Reward -3.00 | Epsilon 0.0139
Seed 18 | Episode 529 | Reward -21.00 | Epsilon 0.0138
Seed 18 | Episode 530 | Reward -300.00 | Epsilon 0.0137
Seed 18 | Episode 531 | Reward 56.00 | Epsilon 0.0137
Seed 18 | Episode 532 | Reward -27.00 | Epsilon 0.0136
Seed 18 | Episode 533 | Reward -300.00 | Epsilon 0.0135
Seed 18 | Episode 534 | Reward -300.00 | Epsilon 0.0134
Seed 18 | Episode 535 | Reward -17.00 | Epsilon 0.0133
Seed 18 | Episode 536 | Reward -126.00 | Epsilon 0.0132
Seed 18 | Episode 537 | Reward -185.00 | Epsilon 0.0131
Seed 18 | Episode 538 | Reward -300.00 | Epsilon 0.0130
Seed 18 | Episode 539 | Reward 50.00 | Epsilon 0.0130
Seed 18 | Episode 540 | Reward -300.00 | Epsilon 0.0129
Seed 18 | Episode 541 | Reward 62.00 | Epsilon 0.0129
Seed 18 | Episode 542 | Reward -300.00 | Epsilon 0.0127
Seed 18 | Episode 543 | Reward 47.00 | Epsilon 0.0127
Seed 18 | Episode 544 | Reward -23.00 | Epsilon 0.0127
Seed 18 | Episode 545 | Reward -14.00 | Epsilon 0.0126
Seed 18 | Episode 546 | Reward -11.00 | Epsilon 0.0126
Seed 18 | Episode 547 | Reward -5.00 | Epsilon 0.0125
Seed 18 | Episode 548 | Reward -300.00 | Epsilon 0.0124
Seed 18 | Episode 549 | Reward -122.00 | Epsilon 0.0124
Seed 18 | Episode 550 | Reward 49.00 | Epsilon 0.0123
Seed 18 | Episode 551 | Reward -300.00 | Epsilon 0.0122
Seed 18 | Episode 552 | Reward 54.00 | Epsilon 0.0122
Seed 18 | Episode 553 | Reward 51.00 | Epsilon 0.0122
Seed 18 | Episode 554 | Reward -73.00 | Epsilon 0.0121
Seed 18 | Episode 555 | Reward 48.00 | Epsilon 0.0121
Seed 18 | Episode 556 | Reward -1.00 | Epsilon 0.0121
Seed 18 | Episode 557 | Reward 53.00 | Epsilon 0.0121
Seed 18 | Episode 558 | Reward -137.00 | Epsilon 0.0120
Seed 18 | Episode 559 | Reward -300.00 | Epsilon 0.0119
Seed 18 | Episode 560 | Reward -300.00 | Epsilon 0.0118
Seed 18 | Episode 561 | Reward -22.00 | Epsilon 0.0117
Seed 18 | Episode 562 | Reward 38.00 | Epsilon 0.0117
Seed 18 | Episode 563 | Reward -300.00 | Epsilon 0.0116
Seed 18 | Episode 564 | Reward 59.00 | Epsilon 0.0116
Seed 18 | Episode 565 | Reward -153.00 | Epsilon 0.0115
Seed 18 | Episode 566 | Reward -156.00 | Epsilon 0.0114
Seed 18 | Episode 567 | Reward -68.00 | Epsilon 0.0113
Seed 18 | Episode 568 | Reward 38.00 | Epsilon 0.0113
Seed 18 | Episode 569 | Reward -101.00 | Epsilon 0.0112
Seed 18 | Episode 570 | Reward -18.00 | Epsilon 0.0112
Seed 18 | Episode 571 | Reward 56.00 | Epsilon 0.0112
Seed 18 | Episode 572 | Reward 13.00 | Epsilon 0.0112
Seed 18 | Episode 573 | Reward 50.00 | Epsilon 0.0111
Seed 18 | Episode 574 | Reward -172.00 | Epsilon 0.0111
Seed 18 | Episode 575 | Reward 49.00 | Epsilon 0.0110
Seed 18 | Episode 576 | Reward 4.00 | Epsilon 0.0110
Seed 18 | Episode 577 | Reward 42.00 | Epsilon 0.0110
Seed 18 | Episode 578 | Reward 48.00 | Epsilon 0.0110
Seed 18 | Episode 579 | Reward 59.00 | Epsilon 0.0110
Seed 18 | Episode 580 | Reward 46.00 | Epsilon 0.0109
Seed 18 | Episode 581 | Reward -60.00 | Epsilon 0.0109
Seed 18 | Episode 582 | Reward 40.00 | Epsilon 0.0109
Seed 18 | Episode 583 | Reward -300.00 | Epsilon 0.0108
Seed 18 | Episode 584 | Reward 43.00 | Epsilon 0.0107
Seed 18 | Episode 585 | Reward -17.00 | Epsilon 0.0107
Seed 18 | Episode 586 | Reward -300.00 | Epsilon 0.0106
Seed 18 | Episode 587 | Reward 60.00 | Epsilon 0.0106
Seed 18 | Episode 588 | Reward -29.00 | Epsilon 0.0106
Seed 18 | Episode 589 | Reward 54.00 | Epsilon 0.0105
Seed 18 | Episode 590 | Reward 26.00 | Epsilon 0.0105
Seed 18 | Episode 591 | Reward 51.00 | Epsilon 0.0105
Seed 18 | Episode 592 | Reward 41.00 | Epsilon 0.0105
Seed 18 | Episode 593 | Reward 46.00 | Epsilon 0.0105
Seed 18 | Episode 594 | Reward -82.00 | Epsilon 0.0104
Seed 18 | Episode 595 | Reward -146.00 | Epsilon 0.0103
Seed 18 | Episode 596 | Reward 33.00 | Epsilon 0.0103
Seed 18 | Episode 597 | Reward 42.00 | Epsilon 0.0103
Seed 18 | Episode 598 | Reward 47.00 | Epsilon 0.0103
Seed 18 | Episode 599 | Reward -300.00 | Epsilon 0.0102
Seed 18 | Episode 600 | Reward -20.00 | Epsilon 0.0101
Seed 18 | Episode 601 | Reward 50.00 | Epsilon 0.0101
Seed 18 | Episode 602 | Reward 51.00 | Epsilon 0.0101
Seed 18 | Episode 603 | Reward 52.00 | Epsilon 0.0101
Seed 18 | Episode 604 | Reward -23.00 | Epsilon 0.0101
Seed 18 | Episode 605 | Reward -300.00 | Epsilon 0.0100
Seed 18 | Episode 606 | Reward -116.00 | Epsilon 0.0100
Seed 18 | Episode 607 | Reward 38.00 | Epsilon 0.0100
Seed 18 | Episode 608 | Reward 61.00 | Epsilon 0.0100
Seed 18 | Episode 609 | Reward -63.00 | Epsilon 0.0100
Seed 18 | Episode 610 | Reward 59.00 | Epsilon 0.0100
Seed 18 | Episode 611 | Reward 53.00 | Epsilon 0.0100
Seed 18 | Episode 612 | Reward -300.00 | Epsilon 0.0100
Seed 18 | Episode 613 | Reward 57.00 | Epsilon 0.0100
Seed 18 | Episode 614 | Reward 41.00 | Epsilon 0.0100
Seed 18 | Episode 615 | Reward -300.00 | Epsilon 0.0100
Seed 18 | Episode 616 | Reward 43.00 | Epsilon 0.0100
Seed 18 | Episode 617 | Reward -9.00 | Epsilon 0.0100
Seed 18 | Episode 618 | Reward 54.00 | Epsilon 0.0100
Seed 18 | Episode 619 | Reward 47.00 | Epsilon 0.0100
Seed 18 | Episode 620 | Reward 47.00 | Epsilon 0.0100
Seed 18 | Episode 621 | Reward -55.00 | Epsilon 0.0100
Seed 18 | Episode 622 | Reward 7.00 | Epsilon 0.0100
Seed 18 | Episode 623 | Reward 48.00 | Epsilon 0.0100
Seed 18 | Episode 624 | Reward 41.00 | Epsilon 0.0100
Seed 18 | Episode 625 | Reward 45.00 | Epsilon 0.0100
Seed 18 | Episode 626 | Reward 55.00 | Epsilon 0.0100
Seed 18 | Episode 627 | Reward 54.00 | Epsilon 0.0100
Seed 18 | Episode 628 | Reward 44.00 | Epsilon 0.0100
Seed 18 | Episode 629 | Reward 58.00 | Epsilon 0.0100
Seed 18 | Episode 630 | Reward 44.00 | Epsilon 0.0100
Seed 18 | Episode 631 | Reward 44.00 | Epsilon 0.0100
Seed 18 | Episode 632 | Reward 51.00 | Epsilon 0.0100
Seed 18 | Episode 633 | Reward 55.00 | Epsilon 0.0100
Seed 18 | Episode 634 | Reward 35.00 | Epsilon 0.0100
Seed 18 | Episode 635 | Reward 40.00 | Epsilon 0.0100
Seed 18 | Episode 636 | Reward 60.00 | Epsilon 0.0100
Seed 18 | Episode 637 | Reward 41.00 | Epsilon 0.0100
Seed 18 | Episode 638 | Reward -29.00 | Epsilon 0.0100
Seed 18 | Episode 639 | Reward 49.00 | Epsilon 0.0100
Seed 18 | Episode 640 | Reward 48.00 | Epsilon 0.0100
Seed 18 | Episode 641 | Reward 50.00 | Epsilon 0.0100
Seed 18 | Episode 642 | Reward 57.00 | Epsilon 0.0100
Seed 18 | Episode 643 | Reward 41.00 | Epsilon 0.0100
Seed 18 | Episode 644 | Reward 55.00 | Epsilon 0.0100
Seed 18 | Episode 645 | Reward 55.00 | Epsilon 0.0100
Seed 18 | Episode 646 | Reward 58.00 | Epsilon 0.0100
Seed 18 | Episode 647 | Reward 48.00 | Epsilon 0.0100
Seed 18 | Episode 648 | Reward -300.00 | Epsilon 0.0100
Seed 18 | Episode 649 | Reward -68.00 | Epsilon 0.0100
Seed 18 | Episode 650 | Reward -55.00 | Epsilon 0.0100
Seed 18 | Episode 651 | Reward 25.00 | Epsilon 0.0100
Seed 18 | Episode 652 | Reward 44.00 | Epsilon 0.0100
Seed 18 | Episode 653 | Reward 57.00 | Epsilon 0.0100
Seed 18 | Episode 654 | Reward 36.00 | Epsilon 0.0100
Seed 18 | Episode 655 | Reward -61.00 | Epsilon 0.0100
Seed 18 | Episode 656 | Reward 53.00 | Epsilon 0.0100
Seed 18 | Episode 657 | Reward 30.00 | Epsilon 0.0100
Seed 18 | Episode 658 | Reward 41.00 | Epsilon 0.0100
Seed 18 | Episode 659 | Reward 51.00 | Epsilon 0.0100
Seed 18 | Episode 660 | Reward -168.00 | Epsilon 0.0100
Seed 18 | Episode 661 | Reward 55.00 | Epsilon 0.0100
Seed 18 | Episode 662 | Reward 49.00 | Epsilon 0.0100
Seed 18 | Episode 663 | Reward 56.00 | Epsilon 0.0100
Seed 18 | Episode 664 | Reward -300.00 | Epsilon 0.0100
Seed 18 | Episode 665 | Reward -106.00 | Epsilon 0.0100
Seed 18 | Episode 666 | Reward 31.00 | Epsilon 0.0100
Seed 18 | Episode 667 | Reward 62.00 | Epsilon 0.0100
Seed 18 | Episode 668 | Reward 51.00 | Epsilon 0.0100
Seed 18 | Episode 669 | Reward 36.00 | Epsilon 0.0100
Seed 18 | Episode 670 | Reward 59.00 | Epsilon 0.0100
Seed 18 | Episode 671 | Reward 55.00 | Epsilon 0.0100
Seed 18 | Episode 672 | Reward 37.00 | Epsilon 0.0100
Seed 18 | Episode 673 | Reward 50.00 | Epsilon 0.0100
Seed 18 | Episode 674 | Reward 16.00 | Epsilon 0.0100
Seed 18 | Episode 675 | Reward 39.00 | Epsilon 0.0100
Seed 18 | Episode 676 | Reward 57.00 | Epsilon 0.0100
Seed 18 | Episode 677 | Reward -300.00 | Epsilon 0.0100
Seed 18 | Episode 678 | Reward -14.00 | Epsilon 0.0100
Seed 18 | Episode 679 | Reward -32.00 | Epsilon 0.0100
Seed 18 | Episode 680 | Reward 56.00 | Epsilon 0.0100
Seed 18 | Episode 681 | Reward 47.00 | Epsilon 0.0100
Seed 18 | Episode 682 | Reward 47.00 | Epsilon 0.0100
Seed 18 | Episode 683 | Reward 42.00 | Epsilon 0.0100
Seed 18 | Episode 684 | Reward 56.00 | Epsilon 0.0100
Seed 18 | Episode 685 | Reward -129.00 | Epsilon 0.0100
Seed 18 | Episode 686 | Reward 39.00 | Epsilon 0.0100
Seed 18 | Episode 687 | Reward 48.00 | Epsilon 0.0100
Seed 18 | Episode 688 | Reward 41.00 | Epsilon 0.0100
Seed 18 | Episode 689 | Reward 32.00 | Epsilon 0.0100
Seed 18 | Episode 690 | Reward -185.00 | Epsilon 0.0100
Seed 18 | Episode 691 | Reward 63.00 | Epsilon 0.0100
Seed 18 | Episode 692 | Reward 42.00 | Epsilon 0.0100
Seed 18 | Episode 693 | Reward 39.00 | Epsilon 0.0100
Seed 18 | Episode 694 | Reward 50.00 | Epsilon 0.0100
Seed 18 | Episode 695 | Reward -106.00 | Epsilon 0.0100
Seed 18 | Episode 696 | Reward 57.00 | Epsilon 0.0100
Seed 18 | Episode 697 | Reward 55.00 | Epsilon 0.0100
Seed 18 | Episode 698 | Reward 43.00 | Epsilon 0.0100
Seed 18 | Episode 699 | Reward -300.00 | Epsilon 0.0100
Seed 18 | Episode 700 | Reward -62.00 | Epsilon 0.0100
Seed 18 | Episode 701 | Reward 55.00 | Epsilon 0.0100
Seed 18 | Episode 702 | Reward 38.00 | Epsilon 0.0100
Seed 18 | Episode 703 | Reward 62.00 | Epsilon 0.0100
Seed 18 | Episode 704 | Reward 36.00 | Epsilon 0.0100
Seed 18 | Episode 705 | Reward 45.00 | Epsilon 0.0100
Seed 18 | Episode 706 | Reward 47.00 | Epsilon 0.0100
Seed 18 | Episode 707 | Reward -14.00 | Epsilon 0.0100
Seed 18 | Episode 708 | Reward 36.00 | Epsilon 0.0100
Seed 18 | Episode 709 | Reward 42.00 | Epsilon 0.0100
Seed 18 | Episode 710 | Reward 50.00 | Epsilon 0.0100
Seed 18 | Episode 711 | Reward 4.00 | Epsilon 0.0100
Seed 18 | Episode 712 | Reward 2.00 | Epsilon 0.0100
Seed 18 | Episode 713 | Reward 49.00 | Epsilon 0.0100
Seed 18 | Episode 714 | Reward 42.00 | Epsilon 0.0100
Seed 18 | Episode 715 | Reward 41.00 | Epsilon 0.0100
Seed 18 | Episode 716 | Reward 53.00 | Epsilon 0.0100
Seed 18 | Episode 717 | Reward 36.00 | Epsilon 0.0100
Seed 18 | Episode 718 | Reward 41.00 | Epsilon 0.0100
Seed 18 | Episode 719 | Reward -100.00 | Epsilon 0.0100
Seed 18 | Episode 720 | Reward 42.00 | Epsilon 0.0100
Seed 18 | Episode 721 | Reward 63.00 | Epsilon 0.0100
Seed 18 | Episode 722 | Reward 32.00 | Epsilon 0.0100
Seed 18 | Episode 723 | Reward 57.00 | Epsilon 0.0100
Seed 18 | Episode 724 | Reward -104.00 | Epsilon 0.0100
Seed 18 | Episode 725 | Reward 54.00 | Epsilon 0.0100
Seed 18 | Episode 726 | Reward 48.00 | Epsilon 0.0100
Seed 18 | Episode 727 | Reward 54.00 | Epsilon 0.0100
Seed 18 | Episode 728 | Reward 38.00 | Epsilon 0.0100
Seed 18 | Episode 729 | Reward -59.00 | Epsilon 0.0100
Seed 18 | Episode 730 | Reward -60.00 | Epsilon 0.0100
Seed 18 | Episode 731 | Reward 56.00 | Epsilon 0.0100
Seed 18 | Episode 732 | Reward 43.00 | Epsilon 0.0100
Seed 18 | Episode 733 | Reward 54.00 | Epsilon 0.0100
Seed 18 | Episode 734 | Reward 43.00 | Epsilon 0.0100
Seed 18 | Episode 735 | Reward -107.00 | Epsilon 0.0100
Seed 18 | Episode 736 | Reward 4.00 | Epsilon 0.0100
Seed 18 | Episode 737 | Reward 48.00 | Epsilon 0.0100
Seed 18 | Episode 738 | Reward 47.00 | Epsilon 0.0100
Seed 18 | Episode 739 | Reward 59.00 | Epsilon 0.0100
Seed 18 | Episode 740 | Reward 7.00 | Epsilon 0.0100
Seed 18 | Episode 741 | Reward 49.00 | Epsilon 0.0100
Seed 18 | Episode 742 | Reward 42.00 | Epsilon 0.0100
Seed 18 | Episode 743 | Reward 58.00 | Epsilon 0.0100
Seed 18 | Episode 744 | Reward -63.00 | Epsilon 0.0100
Seed 18 | Episode 745 | Reward 66.00 | Epsilon 0.0100
Seed 18 | Episode 746 | Reward 51.00 | Epsilon 0.0100
Seed 18 | Episode 747 | Reward 64.00 | Epsilon 0.0100
Seed 18 | Episode 748 | Reward 56.00 | Epsilon 0.0100
Seed 18 | Episode 749 | Reward 57.00 | Epsilon 0.0100
Seed 18 | Episode 750 | Reward 58.00 | Epsilon 0.0100
Seed 18 | Episode 751 | Reward 55.00 | Epsilon 0.0100
Seed 18 | Episode 752 | Reward -15.00 | Epsilon 0.0100
Seed 18 | Episode 753 | Reward 45.00 | Epsilon 0.0100
Seed 18 | Episode 754 | Reward 54.00 | Epsilon 0.0100
Seed 18 | Episode 755 | Reward 45.00 | Epsilon 0.0100
Seed 18 | Episode 756 | Reward 57.00 | Epsilon 0.0100
Seed 18 | Episode 757 | Reward -37.00 | Epsilon 0.0100
Seed 18 | Episode 758 | Reward 48.00 | Epsilon 0.0100
Seed 18 | Episode 759 | Reward 41.00 | Epsilon 0.0100
Seed 18 | Episode 760 | Reward 52.00 | Epsilon 0.0100
Seed 18 | Episode 761 | Reward 52.00 | Epsilon 0.0100
Seed 18 | Episode 762 | Reward -15.00 | Epsilon 0.0100
Seed 18 | Episode 763 | Reward -87.00 | Epsilon 0.0100
Seed 18 | Episode 764 | Reward 45.00 | Epsilon 0.0100
Seed 18 | Episode 765 | Reward 34.00 | Epsilon 0.0100
Seed 18 | Episode 766 | Reward 61.00 | Epsilon 0.0100
Seed 18 | Episode 767 | Reward 48.00 | Epsilon 0.0100
Seed 18 | Episode 768 | Reward 48.00 | Epsilon 0.0100
Seed 18 | Episode 769 | Reward 59.00 | Epsilon 0.0100
Seed 18 | Episode 770 | Reward 47.00 | Epsilon 0.0100
Seed 18 | Episode 771 | Reward -122.00 | Epsilon 0.0100
Seed 18 | Episode 772 | Reward 43.00 | Epsilon 0.0100
Seed 18 | Episode 773 | Reward 51.00 | Epsilon 0.0100
Seed 18 | Episode 774 | Reward 47.00 | Epsilon 0.0100
Seed 18 | Episode 775 | Reward 54.00 | Epsilon 0.0100
Seed 18 | Episode 776 | Reward 57.00 | Epsilon 0.0100
Seed 18 | Episode 777 | Reward 54.00 | Epsilon 0.0100
Seed 18 | Episode 778 | Reward 60.00 | Epsilon 0.0100
Seed 18 | Episode 779 | Reward 46.00 | Epsilon 0.0100
Seed 18 | Episode 780 | Reward 37.00 | Epsilon 0.0100
Seed 18 | Episode 781 | Reward 42.00 | Epsilon 0.0100
Seed 18 | Episode 782 | Reward 42.00 | Epsilon 0.0100
Seed 18 | Episode 783 | Reward 58.00 | Epsilon 0.0100
Seed 18 | Episode 784 | Reward 57.00 | Epsilon 0.0100
Seed 18 | Episode 785 | Reward 52.00 | Epsilon 0.0100
Seed 18 | Episode 786 | Reward 62.00 | Epsilon 0.0100
Seed 18 | Episode 787 | Reward 47.00 | Epsilon 0.0100
Seed 18 | Episode 788 | Reward 45.00 | Epsilon 0.0100
Seed 18 | Episode 789 | Reward 48.00 | Epsilon 0.0100
Seed 18 | Episode 790 | Reward 58.00 | Epsilon 0.0100
Seed 18 | Episode 791 | Reward 44.00 | Epsilon 0.0100
Seed 18 | Episode 792 | Reward 47.00 | Epsilon 0.0100
Seed 18 | Episode 793 | Reward 45.00 | Epsilon 0.0100
Seed 18 | Episode 794 | Reward 50.00 | Epsilon 0.0100
Seed 18 | Episode 795 | Reward 61.00 | Epsilon 0.0100
Seed 18 | Episode 796 | Reward 38.00 | Epsilon 0.0100
Seed 18 | Episode 797 | Reward 55.00 | Epsilon 0.0100
Seed 18 | Episode 798 | Reward 47.00 | Epsilon 0.0100
Seed 18 | Episode 799 | Reward 51.00 | Epsilon 0.0100
Seed 18 | Episode 800 | Reward 57.00 | Epsilon 0.0100
Seed 18 | Episode 801 | Reward 9.00 | Epsilon 0.0100
Seed 18 | Episode 802 | Reward -42.00 | Epsilon 0.0100
Seed 18 | Episode 803 | Reward 60.00 | Epsilon 0.0100
Seed 18 | Episode 804 | Reward 44.00 | Epsilon 0.0100
Seed 18 | Episode 805 | Reward 62.00 | Epsilon 0.0100
Seed 18 | Episode 806 | Reward 46.00 | Epsilon 0.0100
Seed 18 | Episode 807 | Reward 58.00 | Epsilon 0.0100
Seed 18 | Episode 808 | Reward 60.00 | Epsilon 0.0100
Seed 18 | Episode 809 | Reward 26.00 | Epsilon 0.0100
Seed 18 | Episode 810 | Reward 67.00 | Epsilon 0.0100
Seed 18 | Episode 811 | Reward 54.00 | Epsilon 0.0100
Seed 18 | Episode 812 | Reward 47.00 | Epsilon 0.0100
Seed 18 | Episode 813 | Reward 52.00 | Epsilon 0.0100
Seed 18 | Episode 814 | Reward 54.00 | Epsilon 0.0100
Seed 18 | Episode 815 | Reward 49.00 | Epsilon 0.0100
Seed 18 | Episode 816 | Reward 30.00 | Epsilon 0.0100
Seed 18 | Episode 817 | Reward -89.00 | Epsilon 0.0100
Seed 18 | Episode 818 | Reward 55.00 | Epsilon 0.0100
Seed 18 | Episode 819 | Reward 55.00 | Epsilon 0.0100
Seed 18 | Episode 820 | Reward 45.00 | Epsilon 0.0100
Seed 18 | Episode 821 | Reward 60.00 | Epsilon 0.0100
Seed 18 | Episode 822 | Reward 56.00 | Epsilon 0.0100
Seed 18 | Episode 823 | Reward 50.00 | Epsilon 0.0100
Seed 18 | Episode 824 | Reward 42.00 | Epsilon 0.0100
Seed 18 | Episode 825 | Reward -300.00 | Epsilon 0.0100
Seed 18 | Episode 826 | Reward 50.00 | Epsilon 0.0100
Seed 18 | Episode 827 | Reward 50.00 | Epsilon 0.0100
Seed 18 | Episode 828 | Reward 52.00 | Epsilon 0.0100
Seed 18 | Episode 829 | Reward -62.00 | Epsilon 0.0100
Seed 18 | Episode 830 | Reward 51.00 | Epsilon 0.0100
Seed 18 | Episode 831 | Reward 50.00 | Epsilon 0.0100
Seed 18 | Episode 832 | Reward 60.00 | Epsilon 0.0100
Seed 18 | Episode 833 | Reward -55.00 | Epsilon 0.0100
Seed 18 | Episode 834 | Reward 56.00 | Epsilon 0.0100
Seed 18 | Episode 835 | Reward 60.00 | Epsilon 0.0100
Seed 18 | Episode 836 | Reward 39.00 | Epsilon 0.0100
Seed 18 | Episode 837 | Reward 30.00 | Epsilon 0.0100
Seed 18 | Episode 838 | Reward 62.00 | Epsilon 0.0100
Seed 18 | Episode 839 | Reward 53.00 | Epsilon 0.0100
Seed 18 | Episode 840 | Reward -48.00 | Epsilon 0.0100
Seed 18 | Episode 841 | Reward -27.00 | Epsilon 0.0100
Seed 18 | Episode 842 | Reward -28.00 | Epsilon 0.0100
Seed 18 | Episode 843 | Reward 56.00 | Epsilon 0.0100
Seed 18 | Episode 844 | Reward 41.00 | Epsilon 0.0100
Seed 18 | Episode 845 | Reward 50.00 | Epsilon 0.0100
Seed 18 | Episode 846 | Reward 45.00 | Epsilon 0.0100
Seed 18 | Episode 847 | Reward 43.00 | Epsilon 0.0100
Seed 18 | Episode 848 | Reward 52.00 | Epsilon 0.0100
Seed 18 | Episode 849 | Reward 54.00 | Epsilon 0.0100
Seed 18 | Episode 850 | Reward 56.00 | Epsilon 0.0100
Seed 18 | Episode 851 | Reward -16.00 | Epsilon 0.0100
Seed 18 | Episode 852 | Reward 44.00 | Epsilon 0.0100
Seed 18 | Episode 853 | Reward 45.00 | Epsilon 0.0100
Seed 18 | Episode 854 | Reward 58.00 | Epsilon 0.0100
Seed 18 | Episode 855 | Reward -148.00 | Epsilon 0.0100
Seed 18 | Episode 856 | Reward 55.00 | Epsilon 0.0100
Seed 18 | Episode 857 | Reward 37.00 | Epsilon 0.0100
Seed 18 | Episode 858 | Reward 53.00 | Epsilon 0.0100
Seed 18 | Episode 859 | Reward 54.00 | Epsilon 0.0100
Seed 18 | Episode 860 | Reward 48.00 | Epsilon 0.0100
Seed 18 | Episode 861 | Reward 52.00 | Epsilon 0.0100
Seed 18 | Episode 862 | Reward 46.00 | Epsilon 0.0100
Seed 18 | Episode 863 | Reward 42.00 | Epsilon 0.0100
Seed 18 | Episode 864 | Reward 61.00 | Epsilon 0.0100
Seed 18 | Episode 865 | Reward 60.00 | Epsilon 0.0100
Seed 18 | Episode 866 | Reward 62.00 | Epsilon 0.0100
Seed 18 | Episode 867 | Reward 42.00 | Epsilon 0.0100
Seed 18 | Episode 868 | Reward 61.00 | Epsilon 0.0100
Seed 18 | Episode 869 | Reward 59.00 | Epsilon 0.0100
Seed 18 | Episode 870 | Reward 46.00 | Epsilon 0.0100
Seed 18 | Episode 871 | Reward 55.00 | Epsilon 0.0100
Seed 18 | Episode 872 | Reward 55.00 | Epsilon 0.0100
Seed 18 | Episode 873 | Reward 56.00 | Epsilon 0.0100
Seed 18 | Episode 874 | Reward 51.00 | Epsilon 0.0100
Seed 18 | Episode 875 | Reward 54.00 | Epsilon 0.0100
Seed 18 | Episode 876 | Reward 63.00 | Epsilon 0.0100
Seed 18 | Episode 877 | Reward 55.00 | Epsilon 0.0100
Seed 18 | Episode 878 | Reward -58.00 | Epsilon 0.0100
Seed 18 | Episode 879 | Reward 59.00 | Epsilon 0.0100
Seed 18 | Episode 880 | Reward -46.00 | Epsilon 0.0100
Seed 18 | Episode 881 | Reward 54.00 | Epsilon 0.0100
Seed 18 | Episode 882 | Reward 57.00 | Epsilon 0.0100
Seed 18 | Episode 883 | Reward 48.00 | Epsilon 0.0100
Seed 18 | Episode 884 | Reward 60.00 | Epsilon 0.0100
Seed 18 | Episode 885 | Reward 63.00 | Epsilon 0.0100
Seed 18 | Episode 886 | Reward -144.00 | Epsilon 0.0100
Seed 18 | Episode 887 | Reward 54.00 | Epsilon 0.0100
Seed 18 | Episode 888 | Reward 64.00 | Epsilon 0.0100
Seed 18 | Episode 889 | Reward 63.00 | Epsilon 0.0100
Seed 18 | Episode 890 | Reward 52.00 | Epsilon 0.0100
Seed 18 | Episode 891 | Reward 45.00 | Epsilon 0.0100
Seed 18 | Episode 892 | Reward 54.00 | Epsilon 0.0100
Seed 18 | Episode 893 | Reward 38.00 | Epsilon 0.0100
Seed 18 | Episode 894 | Reward 49.00 | Epsilon 0.0100
Seed 18 | Episode 895 | Reward 23.00 | Epsilon 0.0100
Seed 18 | Episode 896 | Reward 48.00 | Epsilon 0.0100
Seed 18 | Episode 897 | Reward -48.00 | Epsilon 0.0100
Seed 18 | Episode 898 | Reward 61.00 | Epsilon 0.0100
Seed 18 | Episode 899 | Reward -66.00 | Epsilon 0.0100
Seed 18 | Episode 900 | Reward 27.00 | Epsilon 0.0100
Seed 18 | Episode 901 | Reward -87.00 | Epsilon 0.0100
Seed 18 | Episode 902 | Reward -12.00 | Epsilon 0.0100
Seed 18 | Episode 903 | Reward 31.00 | Epsilon 0.0100
Seed 18 | Episode 904 | Reward -300.00 | Epsilon 0.0100
Seed 18 | Episode 905 | Reward 43.00 | Epsilon 0.0100
Seed 18 | Episode 906 | Reward 61.00 | Epsilon 0.0100
Seed 18 | Episode 907 | Reward 54.00 | Epsilon 0.0100
Seed 18 | Episode 908 | Reward 36.00 | Epsilon 0.0100
Seed 18 | Episode 909 | Reward -300.00 | Epsilon 0.0100
Seed 18 | Episode 910 | Reward 49.00 | Epsilon 0.0100
Seed 18 | Episode 911 | Reward -188.00 | Epsilon 0.0100
Seed 18 | Episode 912 | Reward 36.00 | Epsilon 0.0100
Seed 18 | Episode 913 | Reward 56.00 | Epsilon 0.0100
Seed 18 | Episode 914 | Reward -53.00 | Epsilon 0.0100
Seed 18 | Episode 915 | Reward 50.00 | Epsilon 0.0100
Seed 18 | Episode 916 | Reward 50.00 | Epsilon 0.0100
Seed 18 | Episode 917 | Reward 49.00 | Epsilon 0.0100
Seed 18 | Episode 918 | Reward 25.00 | Epsilon 0.0100
Seed 18 | Episode 919 | Reward -6.00 | Epsilon 0.0100
Seed 18 | Episode 920 | Reward 54.00 | Epsilon 0.0100
Seed 18 | Episode 921 | Reward 60.00 | Epsilon 0.0100
Seed 18 | Episode 922 | Reward 63.00 | Epsilon 0.0100
Seed 18 | Episode 923 | Reward 45.00 | Epsilon 0.0100
Seed 18 | Episode 924 | Reward -41.00 | Epsilon 0.0100
Seed 18 | Episode 925 | Reward 63.00 | Epsilon 0.0100
Seed 18 | Episode 926 | Reward 62.00 | Epsilon 0.0100
Seed 18 | Episode 927 | Reward 59.00 | Epsilon 0.0100
Seed 18 | Episode 928 | Reward 48.00 | Epsilon 0.0100
Seed 18 | Episode 929 | Reward 61.00 | Epsilon 0.0100
Seed 18 | Episode 930 | Reward 60.00 | Epsilon 0.0100
Seed 18 | Episode 931 | Reward 9.00 | Epsilon 0.0100
Seed 18 | Episode 932 | Reward 4.00 | Epsilon 0.0100
Seed 18 | Episode 933 | Reward 56.00 | Epsilon 0.0100
Seed 18 | Episode 934 | Reward 42.00 | Epsilon 0.0100
Seed 18 | Episode 935 | Reward 58.00 | Epsilon 0.0100
Seed 18 | Episode 936 | Reward 58.00 | Epsilon 0.0100
Seed 18 | Episode 937 | Reward 54.00 | Epsilon 0.0100
Seed 18 | Episode 938 | Reward 65.00 | Epsilon 0.0100
Seed 18 | Episode 939 | Reward 52.00 | Epsilon 0.0100
Seed 18 | Episode 940 | Reward 55.00 | Epsilon 0.0100
Seed 18 | Episode 941 | Reward 8.00 | Epsilon 0.0100
Seed 18 | Episode 942 | Reward -156.00 | Epsilon 0.0100
Seed 18 | Episode 943 | Reward 58.00 | Epsilon 0.0100
Seed 18 | Episode 944 | Reward 59.00 | Epsilon 0.0100
Seed 18 | Episode 945 | Reward 64.00 | Epsilon 0.0100
Seed 18 | Episode 946 | Reward 47.00 | Epsilon 0.0100
Seed 18 | Episode 947 | Reward 52.00 | Epsilon 0.0100
Seed 18 | Episode 948 | Reward 60.00 | Epsilon 0.0100
Seed 18 | Episode 949 | Reward 46.00 | Epsilon 0.0100
Seed 18 | Episode 950 | Reward 59.00 | Epsilon 0.0100
Seed 18 | Episode 951 | Reward 66.00 | Epsilon 0.0100
Seed 18 | Episode 952 | Reward 10.00 | Epsilon 0.0100
Seed 18 | Episode 953 | Reward 47.00 | Epsilon 0.0100
Seed 18 | Episode 954 | Reward 20.00 | Epsilon 0.0100
Seed 18 | Episode 955 | Reward 52.00 | Epsilon 0.0100
Seed 18 | Episode 956 | Reward 61.00 | Epsilon 0.0100
Seed 18 | Episode 957 | Reward 59.00 | Epsilon 0.0100
Seed 18 | Episode 958 | Reward 59.00 | Epsilon 0.0100
Seed 18 | Episode 959 | Reward 64.00 | Epsilon 0.0100
Seed 18 | Episode 960 | Reward 55.00 | Epsilon 0.0100
Seed 18 | Episode 961 | Reward 25.00 | Epsilon 0.0100
Seed 18 | Episode 962 | Reward 14.00 | Epsilon 0.0100
Seed 18 | Episode 963 | Reward 45.00 | Epsilon 0.0100
Seed 18 | Episode 964 | Reward 54.00 | Epsilon 0.0100
Seed 18 | Episode 965 | Reward 0.00 | Epsilon 0.0100
Seed 18 | Episode 966 | Reward 47.00 | Epsilon 0.0100
Seed 18 | Episode 967 | Reward 55.00 | Epsilon 0.0100
Seed 18 | Episode 968 | Reward 63.00 | Epsilon 0.0100
Seed 18 | Episode 969 | Reward -12.00 | Epsilon 0.0100
Seed 18 | Episode 970 | Reward -300.00 | Epsilon 0.0100
Seed 18 | Episode 971 | Reward 60.00 | Epsilon 0.0100
Seed 18 | Episode 972 | Reward 4.00 | Epsilon 0.0100
Seed 18 | Episode 973 | Reward -71.00 | Epsilon 0.0100
Seed 18 | Episode 974 | Reward 37.00 | Epsilon 0.0100
Seed 18 | Episode 975 | Reward 61.00 | Epsilon 0.0100
Seed 18 | Episode 976 | Reward 47.00 | Epsilon 0.0100
Seed 18 | Episode 977 | Reward -199.00 | Epsilon 0.0100
Seed 18 | Episode 978 | Reward 55.00 | Epsilon 0.0100
Seed 18 | Episode 979 | Reward 51.00 | Epsilon 0.0100
Seed 18 | Episode 980 | Reward 43.00 | Epsilon 0.0100
Seed 18 | Episode 981 | Reward 48.00 | Epsilon 0.0100
Seed 18 | Episode 982 | Reward 45.00 | Epsilon 0.0100
Seed 18 | Episode 983 | Reward 53.00 | Epsilon 0.0100
Seed 18 | Episode 984 | Reward 53.00 | Epsilon 0.0100
Seed 18 | Episode 985 | Reward 46.00 | Epsilon 0.0100
Seed 18 | Episode 986 | Reward 44.00 | Epsilon 0.0100
Seed 18 | Episode 987 | Reward 46.00 | Epsilon 0.0100
Seed 18 | Episode 988 | Reward 36.00 | Epsilon 0.0100
Seed 18 | Episode 989 | Reward 54.00 | Epsilon 0.0100
Seed 18 | Episode 990 | Reward 45.00 | Epsilon 0.0100
Seed 18 | Episode 991 | Reward 61.00 | Epsilon 0.0100
Seed 18 | Episode 992 | Reward 54.00 | Epsilon 0.0100
Seed 18 | Episode 993 | Reward 59.00 | Epsilon 0.0100
Seed 18 | Episode 994 | Reward 45.00 | Epsilon 0.0100
Seed 18 | Episode 995 | Reward 56.00 | Epsilon 0.0100
Seed 18 | Episode 996 | Reward 46.00 | Epsilon 0.0100
Seed 18 | Episode 997 | Reward 52.00 | Epsilon 0.0100
Seed 18 | Episode 998 | Reward 62.00 | Epsilon 0.0100
Seed 18 | Episode 999 | Reward 51.00 | Epsilon 0.0100
Finished seed 18
