starting job
Sun Dec  7 20:04:44 2025       
+-----------------------------------------------------------------------------------------+
| NVIDIA-SMI 580.65.06              Driver Version: 580.65.06      CUDA Version: 13.0     |
+-----------------------------------------+------------------------+----------------------+
| GPU  Name                 Persistence-M | Bus-Id          Disp.A | Volatile Uncorr. ECC |
| Fan  Temp   Perf          Pwr:Usage/Cap |           Memory-Usage | GPU-Util  Compute M. |
|                                         |                        |               MIG M. |
|=========================================+========================+======================|
|   0  NVIDIA H100 80GB HBM3          On  |   00000000:0C:00.0 Off |                   On |
| N/A   22C    P0             67W /  700W |     101MiB /  81559MiB |     N/A      Default |
|                                         |                        |              Enabled |
+-----------------------------------------+------------------------+----------------------+

+-----------------------------------------------------------------------------------------+
| MIG devices:                                                                            |
+------------------+----------------------------------+-----------+-----------------------+
| GPU  GI  CI  MIG |              Shared Memory-Usage |        Vol|        Shared         |
|      ID  ID  Dev |                Shared BAR1-Usage | SM     Unc| CE ENC  DEC  OFA  JPG |
|                  |                                  |        ECC|                       |
|==================+==================================+===========+=======================|
|  0    9   0   0  |              15MiB /  9984MiB    | 16      0 |  1   0    1    0    1 |
|                  |               0MiB /  6185MiB    |           |                       |
+------------------+----------------------------------+-----------+-----------------------+

+-----------------------------------------------------------------------------------------+
| Processes:                                                                              |
|  GPU   GI   CI              PID   Type   Process name                        GPU Memory |
|        ID   ID                                                               Usage      |
|=========================================================================================|
|  No running processes found                                                             |
+-----------------------------------------------------------------------------------------+
Running seed 3
Gym has been unmaintained since 2022 and does not support NumPy 2.0 amongst other critical functionality.
Please upgrade to Gymnasium, the maintained drop-in replacement of Gym, or contact the authors of your software and request that they upgrade.
Users of this version of Gym should be able to simply replace 'import gym' with 'import gymnasium as gym' in the vast majority of cases.
See the migration guide at https://gymnasium.farama.org/introduction/migration_guide/ for additional information.
Seed 3 | Episode 0 | Reward -300.00 | Epsilon 0.9987
Seed 3 | Episode 1 | Reward -300.00 | Epsilon 0.9897
Seed 3 | Episode 2 | Reward -300.00 | Epsilon 0.9808
Seed 3 | Episode 3 | Reward -300.00 | Epsilon 0.9720
Seed 3 | Episode 4 | Reward -300.00 | Epsilon 0.9633
Seed 3 | Episode 5 | Reward -300.00 | Epsilon 0.9547
Seed 3 | Episode 6 | Reward -300.00 | Epsilon 0.9462
Seed 3 | Episode 7 | Reward -300.00 | Epsilon 0.9377
Seed 3 | Episode 8 | Reward -300.00 | Epsilon 0.9293
Seed 3 | Episode 9 | Reward -300.00 | Epsilon 0.9209
Seed 3 | Episode 10 | Reward -300.00 | Epsilon 0.9127
Seed 3 | Episode 11 | Reward -300.00 | Epsilon 0.9045
Seed 3 | Episode 12 | Reward -300.00 | Epsilon 0.8964
Seed 3 | Episode 13 | Reward -300.00 | Epsilon 0.8884
Seed 3 | Episode 14 | Reward -300.00 | Epsilon 0.8804
Seed 3 | Episode 15 | Reward -300.00 | Epsilon 0.8725
Seed 3 | Episode 16 | Reward -300.00 | Epsilon 0.8647
Seed 3 | Episode 17 | Reward -300.00 | Epsilon 0.8570
Seed 3 | Episode 18 | Reward -300.00 | Epsilon 0.8493
Seed 3 | Episode 19 | Reward -300.00 | Epsilon 0.8417
Seed 3 | Episode 20 | Reward -300.00 | Epsilon 0.8341
Seed 3 | Episode 21 | Reward -300.00 | Epsilon 0.8267
Seed 3 | Episode 22 | Reward -300.00 | Epsilon 0.8193
Seed 3 | Episode 23 | Reward -300.00 | Epsilon 0.8119
Seed 3 | Episode 24 | Reward -300.00 | Epsilon 0.8046
Seed 3 | Episode 25 | Reward -300.00 | Epsilon 0.7974
Seed 3 | Episode 26 | Reward -300.00 | Epsilon 0.7903
Seed 3 | Episode 27 | Reward -300.00 | Epsilon 0.7832
Seed 3 | Episode 28 | Reward -300.00 | Epsilon 0.7762
Seed 3 | Episode 29 | Reward -300.00 | Epsilon 0.7692
Seed 3 | Episode 30 | Reward -300.00 | Epsilon 0.7623
Seed 3 | Episode 31 | Reward -300.00 | Epsilon 0.7555
Seed 3 | Episode 32 | Reward -300.00 | Epsilon 0.7487
Seed 3 | Episode 33 | Reward -300.00 | Epsilon 0.7420
Seed 3 | Episode 34 | Reward -300.00 | Epsilon 0.7354
Seed 3 | Episode 35 | Reward -300.00 | Epsilon 0.7288
Seed 3 | Episode 36 | Reward -300.00 | Epsilon 0.7223
Seed 3 | Episode 37 | Reward -300.00 | Epsilon 0.7158
Seed 3 | Episode 38 | Reward -300.00 | Epsilon 0.7094
Seed 3 | Episode 39 | Reward -300.00 | Epsilon 0.7030
Seed 3 | Episode 40 | Reward -300.00 | Epsilon 0.6967
Seed 3 | Episode 41 | Reward -300.00 | Epsilon 0.6905
Seed 3 | Episode 42 | Reward -300.00 | Epsilon 0.6843
Seed 3 | Episode 43 | Reward -300.00 | Epsilon 0.6782
Seed 3 | Episode 44 | Reward -300.00 | Epsilon 0.6721
Seed 3 | Episode 45 | Reward -300.00 | Epsilon 0.6661
Seed 3 | Episode 46 | Reward -300.00 | Epsilon 0.6601
Seed 3 | Episode 47 | Reward -300.00 | Epsilon 0.6542
Seed 3 | Episode 48 | Reward -300.00 | Epsilon 0.6483
Seed 3 | Episode 49 | Reward -300.00 | Epsilon 0.6425
Seed 3 | Episode 50 | Reward 42.00 | Epsilon 0.6414
Seed 3 | Episode 51 | Reward -300.00 | Epsilon 0.6356
Seed 3 | Episode 52 | Reward -300.00 | Epsilon 0.6299
Seed 3 | Episode 53 | Reward -300.00 | Epsilon 0.6243
Seed 3 | Episode 54 | Reward -300.00 | Epsilon 0.6187
Seed 3 | Episode 55 | Reward -300.00 | Epsilon 0.6132
Seed 3 | Episode 56 | Reward -300.00 | Epsilon 0.6077
Seed 3 | Episode 57 | Reward -300.00 | Epsilon 0.6022
Seed 3 | Episode 58 | Reward -300.00 | Epsilon 0.5968
Seed 3 | Episode 59 | Reward -300.00 | Epsilon 0.5915
Seed 3 | Episode 60 | Reward -300.00 | Epsilon 0.5862
Seed 3 | Episode 61 | Reward -300.00 | Epsilon 0.5809
Seed 3 | Episode 62 | Reward -300.00 | Epsilon 0.5757
Seed 3 | Episode 63 | Reward -300.00 | Epsilon 0.5706
Seed 3 | Episode 64 | Reward -300.00 | Epsilon 0.5655
Seed 3 | Episode 65 | Reward -300.00 | Epsilon 0.5604
Seed 3 | Episode 66 | Reward -300.00 | Epsilon 0.5554
Seed 3 | Episode 67 | Reward -300.00 | Epsilon 0.5504
Seed 3 | Episode 68 | Reward -300.00 | Epsilon 0.5455
Seed 3 | Episode 69 | Reward -300.00 | Epsilon 0.5406
Seed 3 | Episode 70 | Reward -300.00 | Epsilon 0.5357
Seed 3 | Episode 71 | Reward -300.00 | Epsilon 0.5309
Seed 3 | Episode 72 | Reward -300.00 | Epsilon 0.5262
Seed 3 | Episode 73 | Reward -300.00 | Epsilon 0.5215
Seed 3 | Episode 74 | Reward -300.00 | Epsilon 0.5168
Seed 3 | Episode 75 | Reward -300.00 | Epsilon 0.5122
Seed 3 | Episode 76 | Reward -300.00 | Epsilon 0.5076
Seed 3 | Episode 77 | Reward -300.00 | Epsilon 0.5030
Seed 3 | Episode 78 | Reward -300.00 | Epsilon 0.4985
Seed 3 | Episode 79 | Reward -300.00 | Epsilon 0.4940
Seed 3 | Episode 80 | Reward -300.00 | Epsilon 0.4896
Seed 3 | Episode 81 | Reward -300.00 | Epsilon 0.4852
Seed 3 | Episode 82 | Reward -300.00 | Epsilon 0.4809
Seed 3 | Episode 83 | Reward -300.00 | Epsilon 0.4766
Seed 3 | Episode 84 | Reward -300.00 | Epsilon 0.4723
Seed 3 | Episode 85 | Reward -300.00 | Epsilon 0.4681
Seed 3 | Episode 86 | Reward -300.00 | Epsilon 0.4639
Seed 3 | Episode 87 | Reward -300.00 | Epsilon 0.4597
Seed 3 | Episode 88 | Reward -300.00 | Epsilon 0.4556
Seed 3 | Episode 89 | Reward -155.00 | Epsilon 0.4521
Seed 3 | Episode 90 | Reward -300.00 | Epsilon 0.4481
Seed 3 | Episode 91 | Reward -300.00 | Epsilon 0.4441
Seed 3 | Episode 92 | Reward -300.00 | Epsilon 0.4401
Seed 3 | Episode 93 | Reward -300.00 | Epsilon 0.4361
Seed 3 | Episode 94 | Reward -300.00 | Epsilon 0.4322
Seed 3 | Episode 95 | Reward -300.00 | Epsilon 0.4284
Seed 3 | Episode 96 | Reward -300.00 | Epsilon 0.4245
Seed 3 | Episode 97 | Reward -300.00 | Epsilon 0.4207
Seed 3 | Episode 98 | Reward -300.00 | Epsilon 0.4169
Seed 3 | Episode 99 | Reward -300.00 | Epsilon 0.4132
Seed 3 | Episode 100 | Reward -300.00 | Epsilon 0.4095
Seed 3 | Episode 101 | Reward -300.00 | Epsilon 0.4058
Seed 3 | Episode 102 | Reward -300.00 | Epsilon 0.4022
Seed 3 | Episode 103 | Reward -300.00 | Epsilon 0.3986
Seed 3 | Episode 104 | Reward -300.00 | Epsilon 0.3950
Seed 3 | Episode 105 | Reward -300.00 | Epsilon 0.3915
Seed 3 | Episode 106 | Reward -300.00 | Epsilon 0.3880
Seed 3 | Episode 107 | Reward -300.00 | Epsilon 0.3845
Seed 3 | Episode 108 | Reward -300.00 | Epsilon 0.3811
Seed 3 | Episode 109 | Reward -300.00 | Epsilon 0.3776
Seed 3 | Episode 110 | Reward -300.00 | Epsilon 0.3743
Seed 3 | Episode 111 | Reward -300.00 | Epsilon 0.3709
Seed 3 | Episode 112 | Reward -300.00 | Epsilon 0.3676
Seed 3 | Episode 113 | Reward -39.00 | Epsilon 0.3660
Seed 3 | Episode 114 | Reward -300.00 | Epsilon 0.3628
Seed 3 | Episode 115 | Reward -300.00 | Epsilon 0.3595
Seed 3 | Episode 116 | Reward -300.00 | Epsilon 0.3563
Seed 3 | Episode 117 | Reward -300.00 | Epsilon 0.3531
Seed 3 | Episode 118 | Reward -300.00 | Epsilon 0.3499
Seed 3 | Episode 119 | Reward -300.00 | Epsilon 0.3468
Seed 3 | Episode 120 | Reward -300.00 | Epsilon 0.3437
Seed 3 | Episode 121 | Reward -300.00 | Epsilon 0.3406
Seed 3 | Episode 122 | Reward -300.00 | Epsilon 0.3376
Seed 3 | Episode 123 | Reward -300.00 | Epsilon 0.3345
Seed 3 | Episode 124 | Reward -300.00 | Epsilon 0.3315
Seed 3 | Episode 125 | Reward -300.00 | Epsilon 0.3286
Seed 3 | Episode 126 | Reward -300.00 | Epsilon 0.3256
Seed 3 | Episode 127 | Reward -300.00 | Epsilon 0.3227
Seed 3 | Episode 128 | Reward -300.00 | Epsilon 0.3198
Seed 3 | Episode 129 | Reward -185.00 | Epsilon 0.3171
Seed 3 | Episode 130 | Reward -300.00 | Epsilon 0.3142
Seed 3 | Episode 131 | Reward -300.00 | Epsilon 0.3114
Seed 3 | Episode 132 | Reward -300.00 | Epsilon 0.3086
Seed 3 | Episode 133 | Reward -300.00 | Epsilon 0.3059
Seed 3 | Episode 134 | Reward -300.00 | Epsilon 0.3031
Seed 3 | Episode 135 | Reward -300.00 | Epsilon 0.3004
Seed 3 | Episode 136 | Reward -300.00 | Epsilon 0.2977
Seed 3 | Episode 137 | Reward -300.00 | Epsilon 0.2951
Seed 3 | Episode 138 | Reward -300.00 | Epsilon 0.2924
Seed 3 | Episode 139 | Reward -300.00 | Epsilon 0.2898
Seed 3 | Episode 140 | Reward -300.00 | Epsilon 0.2872
Seed 3 | Episode 141 | Reward -300.00 | Epsilon 0.2846
Seed 3 | Episode 142 | Reward -300.00 | Epsilon 0.2821
Seed 3 | Episode 143 | Reward -300.00 | Epsilon 0.2795
Seed 3 | Episode 144 | Reward 47.00 | Epsilon 0.2791
Seed 3 | Episode 145 | Reward -300.00 | Epsilon 0.2766
Seed 3 | Episode 146 | Reward -300.00 | Epsilon 0.2741
Seed 3 | Episode 147 | Reward -300.00 | Epsilon 0.2717
Seed 3 | Episode 148 | Reward -300.00 | Epsilon 0.2692
Seed 3 | Episode 149 | Reward 57.00 | Epsilon 0.2689
Seed 3 | Episode 150 | Reward -300.00 | Epsilon 0.2665
Seed 3 | Episode 151 | Reward 54.00 | Epsilon 0.2661
Seed 3 | Episode 152 | Reward -300.00 | Epsilon 0.2637
Seed 3 | Episode 153 | Reward -300.00 | Epsilon 0.2613
Seed 3 | Episode 154 | Reward -300.00 | Epsilon 0.2590
Seed 3 | Episode 155 | Reward -300.00 | Epsilon 0.2567
Seed 3 | Episode 156 | Reward -300.00 | Epsilon 0.2544
Seed 3 | Episode 157 | Reward 52.00 | Epsilon 0.2540
Seed 3 | Episode 158 | Reward -300.00 | Epsilon 0.2517
Seed 3 | Episode 159 | Reward -300.00 | Epsilon 0.2495
Seed 3 | Episode 160 | Reward -78.00 | Epsilon 0.2481
Seed 3 | Episode 161 | Reward -93.00 | Epsilon 0.2467
Seed 3 | Episode 162 | Reward -300.00 | Epsilon 0.2445
Seed 3 | Episode 163 | Reward -300.00 | Epsilon 0.2423
Seed 3 | Episode 164 | Reward -300.00 | Epsilon 0.2401
Seed 3 | Episode 165 | Reward -300.00 | Epsilon 0.2380
Seed 3 | Episode 166 | Reward -300.00 | Epsilon 0.2358
Seed 3 | Episode 167 | Reward -30.00 | Epsilon 0.2349
Seed 3 | Episode 168 | Reward -300.00 | Epsilon 0.2328
Seed 3 | Episode 169 | Reward -300.00 | Epsilon 0.2307
Seed 3 | Episode 170 | Reward -300.00 | Epsilon 0.2287
Seed 3 | Episode 171 | Reward 58.00 | Epsilon 0.2284
Seed 3 | Episode 172 | Reward -300.00 | Epsilon 0.2263
Seed 3 | Episode 173 | Reward -300.00 | Epsilon 0.2243
Seed 3 | Episode 174 | Reward -300.00 | Epsilon 0.2223
Seed 3 | Episode 175 | Reward -300.00 | Epsilon 0.2203
Seed 3 | Episode 176 | Reward -300.00 | Epsilon 0.2183
Seed 3 | Episode 177 | Reward -20.00 | Epsilon 0.2175
Seed 3 | Episode 178 | Reward -300.00 | Epsilon 0.2156
Seed 3 | Episode 179 | Reward 40.00 | Epsilon 0.2152
Seed 3 | Episode 180 | Reward 60.00 | Epsilon 0.2149
Seed 3 | Episode 181 | Reward 57.00 | Epsilon 0.2146
Seed 3 | Episode 182 | Reward -68.00 | Epsilon 0.2135
Seed 3 | Episode 183 | Reward -300.00 | Epsilon 0.2116
Seed 3 | Episode 184 | Reward 48.00 | Epsilon 0.2113
Seed 3 | Episode 185 | Reward 47.00 | Epsilon 0.2110
Seed 3 | Episode 186 | Reward -43.00 | Epsilon 0.2100
Seed 3 | Episode 187 | Reward -17.00 | Epsilon 0.2093
Seed 3 | Episode 188 | Reward 54.00 | Epsilon 0.2090
Seed 3 | Episode 189 | Reward 59.00 | Epsilon 0.2087
Seed 3 | Episode 190 | Reward 4.00 | Epsilon 0.2081
Seed 3 | Episode 191 | Reward -146.00 | Epsilon 0.2066
Seed 3 | Episode 192 | Reward 58.00 | Epsilon 0.2063
Seed 3 | Episode 193 | Reward -138.00 | Epsilon 0.2049
Seed 3 | Episode 194 | Reward 43.00 | Epsilon 0.2045
Seed 3 | Episode 195 | Reward -178.00 | Epsilon 0.2028
Seed 3 | Episode 196 | Reward -300.00 | Epsilon 0.2010
Seed 3 | Episode 197 | Reward 60.00 | Epsilon 0.2007
Seed 3 | Episode 198 | Reward -300.00 | Epsilon 0.1989
Seed 3 | Episode 199 | Reward 53.00 | Epsilon 0.1986
Seed 3 | Episode 200 | Reward -300.00 | Epsilon 0.1969
Seed 3 | Episode 201 | Reward 2.00 | Epsilon 0.1963
Seed 3 | Episode 202 | Reward 48.00 | Epsilon 0.1960
Seed 3 | Episode 203 | Reward -44.00 | Epsilon 0.1951
Seed 3 | Episode 204 | Reward 55.00 | Epsilon 0.1949
Seed 3 | Episode 205 | Reward -300.00 | Epsilon 0.1931
Seed 3 | Episode 206 | Reward -8.00 | Epsilon 0.1925
Seed 3 | Episode 207 | Reward -37.00 | Epsilon 0.1917
Seed 3 | Episode 208 | Reward 40.00 | Epsilon 0.1913
Seed 3 | Episode 209 | Reward 55.00 | Epsilon 0.1911
Seed 3 | Episode 210 | Reward 57.00 | Epsilon 0.1908
Seed 3 | Episode 211 | Reward -173.00 | Epsilon 0.1893
Seed 3 | Episode 212 | Reward 13.00 | Epsilon 0.1888
Seed 3 | Episode 213 | Reward -82.00 | Epsilon 0.1877
Seed 3 | Episode 214 | Reward 62.00 | Epsilon 0.1875
Seed 3 | Episode 215 | Reward 56.00 | Epsilon 0.1872
Seed 3 | Episode 216 | Reward -112.00 | Epsilon 0.1861
Seed 3 | Episode 217 | Reward 57.00 | Epsilon 0.1858
Seed 3 | Episode 218 | Reward 50.00 | Epsilon 0.1855
Seed 3 | Episode 219 | Reward 49.00 | Epsilon 0.1852
Seed 3 | Episode 220 | Reward 50.00 | Epsilon 0.1850
Seed 3 | Episode 221 | Reward 50.00 | Epsilon 0.1847
Seed 3 | Episode 222 | Reward 50.00 | Epsilon 0.1844
Seed 3 | Episode 223 | Reward 50.00 | Epsilon 0.1841
Seed 3 | Episode 224 | Reward 55.00 | Epsilon 0.1839
Seed 3 | Episode 225 | Reward 60.00 | Epsilon 0.1836
Seed 3 | Episode 226 | Reward 54.00 | Epsilon 0.1834
Seed 3 | Episode 227 | Reward -62.00 | Epsilon 0.1825
Seed 3 | Episode 228 | Reward 57.00 | Epsilon 0.1822
Seed 3 | Episode 229 | Reward 48.00 | Epsilon 0.1819
Seed 3 | Episode 230 | Reward 1.00 | Epsilon 0.1814
Seed 3 | Episode 231 | Reward 35.00 | Epsilon 0.1810
Seed 3 | Episode 232 | Reward 59.00 | Epsilon 0.1808
Seed 3 | Episode 233 | Reward 51.00 | Epsilon 0.1805
Seed 3 | Episode 234 | Reward 33.00 | Epsilon 0.1802
Seed 3 | Episode 235 | Reward 3.00 | Epsilon 0.1796
Seed 3 | Episode 236 | Reward 42.00 | Epsilon 0.1793
Seed 3 | Episode 237 | Reward 50.00 | Epsilon 0.1791
Seed 3 | Episode 238 | Reward 50.00 | Epsilon 0.1788
Seed 3 | Episode 239 | Reward 46.00 | Epsilon 0.1785
Seed 3 | Episode 240 | Reward -49.00 | Epsilon 0.1777
Seed 3 | Episode 241 | Reward 59.00 | Epsilon 0.1775
Seed 3 | Episode 242 | Reward -47.00 | Epsilon 0.1767
Seed 3 | Episode 243 | Reward 60.00 | Epsilon 0.1765
Seed 3 | Episode 244 | Reward 51.00 | Epsilon 0.1762
Seed 3 | Episode 245 | Reward 48.00 | Epsilon 0.1759
Seed 3 | Episode 246 | Reward 48.00 | Epsilon 0.1756
Seed 3 | Episode 247 | Reward 24.00 | Epsilon 0.1752
Seed 3 | Episode 248 | Reward 51.00 | Epsilon 0.1750
Seed 3 | Episode 249 | Reward 51.00 | Epsilon 0.1747
Seed 3 | Episode 250 | Reward -18.00 | Epsilon 0.1741
Seed 3 | Episode 251 | Reward 52.00 | Epsilon 0.1738
Seed 3 | Episode 252 | Reward -40.00 | Epsilon 0.1731
Seed 3 | Episode 253 | Reward 58.00 | Epsilon 0.1729
Seed 3 | Episode 254 | Reward 38.00 | Epsilon 0.1725
Seed 3 | Episode 255 | Reward 41.00 | Epsilon 0.1722
Seed 3 | Episode 256 | Reward 53.00 | Epsilon 0.1720
Seed 3 | Episode 257 | Reward 59.00 | Epsilon 0.1718
Seed 3 | Episode 258 | Reward 56.00 | Epsilon 0.1715
Seed 3 | Episode 259 | Reward 57.00 | Epsilon 0.1713
Seed 3 | Episode 260 | Reward 52.00 | Epsilon 0.1711
Seed 3 | Episode 261 | Reward 35.00 | Epsilon 0.1707
Seed 3 | Episode 262 | Reward 59.00 | Epsilon 0.1705
Seed 3 | Episode 263 | Reward 27.00 | Epsilon 0.1701
Seed 3 | Episode 264 | Reward 28.00 | Epsilon 0.1698
Seed 3 | Episode 265 | Reward 31.00 | Epsilon 0.1694
Seed 3 | Episode 266 | Reward 51.00 | Epsilon 0.1691
Seed 3 | Episode 267 | Reward 33.00 | Epsilon 0.1688
Seed 3 | Episode 268 | Reward -5.00 | Epsilon 0.1683
Seed 3 | Episode 269 | Reward 60.00 | Epsilon 0.1681
Seed 3 | Episode 270 | Reward 49.00 | Epsilon 0.1678
Seed 3 | Episode 271 | Reward 39.00 | Epsilon 0.1675
Seed 3 | Episode 272 | Reward 45.00 | Epsilon 0.1672
Seed 3 | Episode 273 | Reward -7.00 | Epsilon 0.1667
Seed 3 | Episode 274 | Reward 57.00 | Epsilon 0.1664
Seed 3 | Episode 275 | Reward 41.00 | Epsilon 0.1661
Seed 3 | Episode 276 | Reward 39.00 | Epsilon 0.1658
Seed 3 | Episode 277 | Reward 50.00 | Epsilon 0.1656
Seed 3 | Episode 278 | Reward 58.00 | Epsilon 0.1654
Seed 3 | Episode 279 | Reward 46.00 | Epsilon 0.1651
Seed 3 | Episode 280 | Reward 57.00 | Epsilon 0.1649
Seed 3 | Episode 281 | Reward 57.00 | Epsilon 0.1647
Seed 3 | Episode 282 | Reward 40.00 | Epsilon 0.1644
Seed 3 | Episode 283 | Reward 56.00 | Epsilon 0.1641
Seed 3 | Episode 284 | Reward 48.00 | Epsilon 0.1639
Seed 3 | Episode 285 | Reward 47.00 | Epsilon 0.1636
Seed 3 | Episode 286 | Reward 51.00 | Epsilon 0.1634
Seed 3 | Episode 287 | Reward 54.00 | Epsilon 0.1631
Seed 3 | Episode 288 | Reward 59.00 | Epsilon 0.1629
Seed 3 | Episode 289 | Reward 54.00 | Epsilon 0.1627
Seed 3 | Episode 290 | Reward 59.00 | Epsilon 0.1625
Seed 3 | Episode 291 | Reward 52.00 | Epsilon 0.1623
Seed 3 | Episode 292 | Reward 45.00 | Epsilon 0.1620
Seed 3 | Episode 293 | Reward 50.00 | Epsilon 0.1617
Seed 3 | Episode 294 | Reward 43.00 | Epsilon 0.1615
Seed 3 | Episode 295 | Reward 53.00 | Epsilon 0.1612
Seed 3 | Episode 296 | Reward 61.00 | Epsilon 0.1610
Seed 3 | Episode 297 | Reward -57.00 | Epsilon 0.1603
Seed 3 | Episode 298 | Reward 46.00 | Epsilon 0.1600
Seed 3 | Episode 299 | Reward 46.00 | Epsilon 0.1597
Seed 3 | Episode 300 | Reward 49.00 | Epsilon 0.1595
Seed 3 | Episode 301 | Reward 44.00 | Epsilon 0.1592
Seed 3 | Episode 302 | Reward 51.00 | Epsilon 0.1590
Seed 3 | Episode 303 | Reward 53.00 | Epsilon 0.1587
Seed 3 | Episode 304 | Reward 58.00 | Epsilon 0.1585
Seed 3 | Episode 305 | Reward 46.00 | Epsilon 0.1583
Seed 3 | Episode 306 | Reward 52.00 | Epsilon 0.1580
Seed 3 | Episode 307 | Reward 58.00 | Epsilon 0.1578
Seed 3 | Episode 308 | Reward 58.00 | Epsilon 0.1576
Seed 3 | Episode 309 | Reward 50.00 | Epsilon 0.1574
Seed 3 | Episode 310 | Reward 61.00 | Epsilon 0.1572
Seed 3 | Episode 311 | Reward 52.00 | Epsilon 0.1570
Seed 3 | Episode 312 | Reward 64.00 | Epsilon 0.1568
Seed 3 | Episode 313 | Reward 54.00 | Epsilon 0.1566
Seed 3 | Episode 314 | Reward 56.00 | Epsilon 0.1564
Seed 3 | Episode 315 | Reward 33.00 | Epsilon 0.1561
Seed 3 | Episode 316 | Reward 43.00 | Epsilon 0.1558
Seed 3 | Episode 317 | Reward -11.00 | Epsilon 0.1553
Seed 3 | Episode 318 | Reward -5.00 | Epsilon 0.1548
Seed 3 | Episode 319 | Reward 59.00 | Epsilon 0.1546
Seed 3 | Episode 320 | Reward 48.00 | Epsilon 0.1543
Seed 3 | Episode 321 | Reward 51.00 | Epsilon 0.1541
Seed 3 | Episode 322 | Reward 51.00 | Epsilon 0.1539
Seed 3 | Episode 323 | Reward 50.00 | Epsilon 0.1536
Seed 3 | Episode 324 | Reward 52.00 | Epsilon 0.1534
Seed 3 | Episode 325 | Reward 50.00 | Epsilon 0.1532
Seed 3 | Episode 326 | Reward 46.00 | Epsilon 0.1529
Seed 3 | Episode 327 | Reward 52.00 | Epsilon 0.1527
Seed 3 | Episode 328 | Reward 54.00 | Epsilon 0.1525
Seed 3 | Episode 329 | Reward 52.00 | Epsilon 0.1523
Seed 3 | Episode 330 | Reward 51.00 | Epsilon 0.1520
Seed 3 | Episode 331 | Reward 37.00 | Epsilon 0.1517
Seed 3 | Episode 332 | Reward 61.00 | Epsilon 0.1516
Seed 3 | Episode 333 | Reward 47.00 | Epsilon 0.1513
Seed 3 | Episode 334 | Reward 44.00 | Epsilon 0.1510
Seed 3 | Episode 335 | Reward 48.00 | Epsilon 0.1508
Seed 3 | Episode 336 | Reward 39.00 | Epsilon 0.1505
Seed 3 | Episode 337 | Reward 0.00 | Epsilon 0.1501
Seed 3 | Episode 338 | Reward 61.00 | Epsilon 0.1499
Seed 3 | Episode 339 | Reward 42.00 | Epsilon 0.1496
Seed 3 | Episode 340 | Reward 56.00 | Epsilon 0.1494
Seed 3 | Episode 341 | Reward 45.00 | Epsilon 0.1492
Seed 3 | Episode 342 | Reward 46.00 | Epsilon 0.1489
Seed 3 | Episode 343 | Reward 56.00 | Epsilon 0.1487
Seed 3 | Episode 344 | Reward 62.00 | Epsilon 0.1486
Seed 3 | Episode 345 | Reward 46.00 | Epsilon 0.1483
Seed 3 | Episode 346 | Reward 56.00 | Epsilon 0.1481
Seed 3 | Episode 347 | Reward 48.00 | Epsilon 0.1479
Seed 3 | Episode 348 | Reward 63.00 | Epsilon 0.1477
Seed 3 | Episode 349 | Reward 55.00 | Epsilon 0.1475
Seed 3 | Episode 350 | Reward 58.00 | Epsilon 0.1473
Seed 3 | Episode 351 | Reward 48.00 | Epsilon 0.1471
Seed 3 | Episode 352 | Reward 48.00 | Epsilon 0.1468
Seed 3 | Episode 353 | Reward 42.00 | Epsilon 0.1466
Seed 3 | Episode 354 | Reward 54.00 | Epsilon 0.1464
Seed 3 | Episode 355 | Reward 48.00 | Epsilon 0.1461
Seed 3 | Episode 356 | Reward 45.00 | Epsilon 0.1459
Seed 3 | Episode 357 | Reward 63.00 | Epsilon 0.1457
Seed 3 | Episode 358 | Reward -6.00 | Epsilon 0.1453
Seed 3 | Episode 359 | Reward 62.00 | Epsilon 0.1451
Seed 3 | Episode 360 | Reward 46.00 | Epsilon 0.1449
Seed 3 | Episode 361 | Reward 43.00 | Epsilon 0.1446
Seed 3 | Episode 362 | Reward 51.00 | Epsilon 0.1444
Seed 3 | Episode 363 | Reward 46.00 | Epsilon 0.1442
Seed 3 | Episode 364 | Reward 47.00 | Epsilon 0.1439
Seed 3 | Episode 365 | Reward 50.00 | Epsilon 0.1437
Seed 3 | Episode 366 | Reward 51.00 | Epsilon 0.1435
Seed 3 | Episode 367 | Reward 1.00 | Epsilon 0.1431
Seed 3 | Episode 368 | Reward 47.00 | Epsilon 0.1428
Seed 3 | Episode 369 | Reward 56.00 | Epsilon 0.1426
Seed 3 | Episode 370 | Reward 47.00 | Epsilon 0.1424
Seed 3 | Episode 371 | Reward 42.00 | Epsilon 0.1421
Seed 3 | Episode 372 | Reward 50.00 | Epsilon 0.1419
Seed 3 | Episode 373 | Reward 61.00 | Epsilon 0.1418
Seed 3 | Episode 374 | Reward 60.00 | Epsilon 0.1416
Seed 3 | Episode 375 | Reward 48.00 | Epsilon 0.1414
Seed 3 | Episode 376 | Reward 36.00 | Epsilon 0.1411
Seed 3 | Episode 377 | Reward 47.00 | Epsilon 0.1409
Seed 3 | Episode 378 | Reward 53.00 | Epsilon 0.1407
Seed 3 | Episode 379 | Reward 42.00 | Epsilon 0.1404
Seed 3 | Episode 380 | Reward 50.00 | Epsilon 0.1402
Seed 3 | Episode 381 | Reward 51.00 | Epsilon 0.1400
Seed 3 | Episode 382 | Reward 59.00 | Epsilon 0.1398
Seed 3 | Episode 383 | Reward 42.00 | Epsilon 0.1396
Seed 3 | Episode 384 | Reward 61.00 | Epsilon 0.1394
Seed 3 | Episode 385 | Reward 54.00 | Epsilon 0.1392
Seed 3 | Episode 386 | Reward 56.00 | Epsilon 0.1390
Seed 3 | Episode 387 | Reward 47.00 | Epsilon 0.1388
Seed 3 | Episode 388 | Reward 55.00 | Epsilon 0.1386
Seed 3 | Episode 389 | Reward 51.00 | Epsilon 0.1384
Seed 3 | Episode 390 | Reward 41.00 | Epsilon 0.1381
Seed 3 | Episode 391 | Reward 49.00 | Epsilon 0.1379
Seed 3 | Episode 392 | Reward 47.00 | Epsilon 0.1377
Seed 3 | Episode 393 | Reward 53.00 | Epsilon 0.1375
Seed 3 | Episode 394 | Reward 46.00 | Epsilon 0.1373
Seed 3 | Episode 395 | Reward 50.00 | Epsilon 0.1371
Seed 3 | Episode 396 | Reward 45.00 | Epsilon 0.1368
Seed 3 | Episode 397 | Reward 43.00 | Epsilon 0.1366
Seed 3 | Episode 398 | Reward -1.00 | Epsilon 0.1362
Seed 3 | Episode 399 | Reward 42.00 | Epsilon 0.1359
Seed 3 | Episode 400 | Reward 47.00 | Epsilon 0.1357
Seed 3 | Episode 401 | Reward 43.00 | Epsilon 0.1355
Seed 3 | Episode 402 | Reward 44.00 | Epsilon 0.1352
Seed 3 | Episode 403 | Reward 49.00 | Epsilon 0.1350
Seed 3 | Episode 404 | Reward 45.00 | Epsilon 0.1348
Seed 3 | Episode 405 | Reward 40.00 | Epsilon 0.1346
Seed 3 | Episode 406 | Reward 52.00 | Epsilon 0.1344
Seed 3 | Episode 407 | Reward 43.00 | Epsilon 0.1341
Seed 3 | Episode 408 | Reward 59.00 | Epsilon 0.1340
Seed 3 | Episode 409 | Reward 57.00 | Epsilon 0.1338
Seed 3 | Episode 410 | Reward 35.00 | Epsilon 0.1335
Seed 3 | Episode 411 | Reward 52.00 | Epsilon 0.1333
Seed 3 | Episode 412 | Reward 37.00 | Epsilon 0.1331
Seed 3 | Episode 413 | Reward 45.00 | Epsilon 0.1328
Seed 3 | Episode 414 | Reward 54.00 | Epsilon 0.1327
Seed 3 | Episode 415 | Reward 47.00 | Epsilon 0.1324
Seed 3 | Episode 416 | Reward 60.00 | Epsilon 0.1323
Seed 3 | Episode 417 | Reward 37.00 | Epsilon 0.1320
Seed 3 | Episode 418 | Reward 54.00 | Epsilon 0.1318
Seed 3 | Episode 419 | Reward 37.00 | Epsilon 0.1316
Seed 3 | Episode 420 | Reward 46.00 | Epsilon 0.1314
Seed 3 | Episode 421 | Reward 56.00 | Epsilon 0.1312
Seed 3 | Episode 422 | Reward -1.00 | Epsilon 0.1308
Seed 3 | Episode 423 | Reward 54.00 | Epsilon 0.1306
Seed 3 | Episode 424 | Reward -11.00 | Epsilon 0.1302
Seed 3 | Episode 425 | Reward 45.00 | Epsilon 0.1300
Seed 3 | Episode 426 | Reward 50.00 | Epsilon 0.1298
Seed 3 | Episode 427 | Reward 43.00 | Epsilon 0.1295
Seed 3 | Episode 428 | Reward 51.00 | Epsilon 0.1293
Seed 3 | Episode 429 | Reward 54.00 | Epsilon 0.1292
Seed 3 | Episode 430 | Reward 51.00 | Epsilon 0.1290
Seed 3 | Episode 431 | Reward 44.00 | Epsilon 0.1287
Seed 3 | Episode 432 | Reward 46.00 | Epsilon 0.1285
Seed 3 | Episode 433 | Reward 41.00 | Epsilon 0.1283
Seed 3 | Episode 434 | Reward 53.00 | Epsilon 0.1281
Seed 3 | Episode 435 | Reward 61.00 | Epsilon 0.1280
Seed 3 | Episode 436 | Reward 57.00 | Epsilon 0.1278
Seed 3 | Episode 437 | Reward 38.00 | Epsilon 0.1275
Seed 3 | Episode 438 | Reward 53.00 | Epsilon 0.1274
Seed 3 | Episode 439 | Reward 34.00 | Epsilon 0.1271
Seed 3 | Episode 440 | Reward 42.00 | Epsilon 0.1269
Seed 3 | Episode 441 | Reward 32.00 | Epsilon 0.1266
Seed 3 | Episode 442 | Reward 52.00 | Epsilon 0.1264
Seed 3 | Episode 443 | Reward 58.00 | Epsilon 0.1263
Seed 3 | Episode 444 | Reward 64.00 | Epsilon 0.1261
Seed 3 | Episode 445 | Reward 45.00 | Epsilon 0.1259
Seed 3 | Episode 446 | Reward 56.00 | Epsilon 0.1257
Seed 3 | Episode 447 | Reward 34.00 | Epsilon 0.1255
Seed 3 | Episode 448 | Reward 62.00 | Epsilon 0.1253
Seed 3 | Episode 449 | Reward 40.00 | Epsilon 0.1251
Seed 3 | Episode 450 | Reward 44.00 | Epsilon 0.1249
Seed 3 | Episode 451 | Reward 44.00 | Epsilon 0.1247
Seed 3 | Episode 452 | Reward 49.00 | Epsilon 0.1245
Seed 3 | Episode 453 | Reward 50.00 | Epsilon 0.1243
Seed 3 | Episode 454 | Reward 47.00 | Epsilon 0.1241
Seed 3 | Episode 455 | Reward 56.00 | Epsilon 0.1239
Seed 3 | Episode 456 | Reward 37.00 | Epsilon 0.1237
Seed 3 | Episode 457 | Reward 38.00 | Epsilon 0.1235
Seed 3 | Episode 458 | Reward 38.00 | Epsilon 0.1232
Seed 3 | Episode 459 | Reward 45.00 | Epsilon 0.1230
Seed 3 | Episode 460 | Reward 45.00 | Epsilon 0.1228
Seed 3 | Episode 461 | Reward 57.00 | Epsilon 0.1227
Seed 3 | Episode 462 | Reward 57.00 | Epsilon 0.1225
Seed 3 | Episode 463 | Reward 43.00 | Epsilon 0.1223
Seed 3 | Episode 464 | Reward 54.00 | Epsilon 0.1221
Seed 3 | Episode 465 | Reward 49.00 | Epsilon 0.1219
Seed 3 | Episode 466 | Reward 45.00 | Epsilon 0.1217
Seed 3 | Episode 467 | Reward 38.00 | Epsilon 0.1215
Seed 3 | Episode 468 | Reward 63.00 | Epsilon 0.1213
Seed 3 | Episode 469 | Reward 43.00 | Epsilon 0.1211
Seed 3 | Episode 470 | Reward 57.00 | Epsilon 0.1210
Seed 3 | Episode 471 | Reward 44.00 | Epsilon 0.1208
Seed 3 | Episode 472 | Reward 44.00 | Epsilon 0.1206
Seed 3 | Episode 473 | Reward 48.00 | Epsilon 0.1204
Seed 3 | Episode 474 | Reward 36.00 | Epsilon 0.1201
Seed 3 | Episode 475 | Reward 48.00 | Epsilon 0.1199
Seed 3 | Episode 476 | Reward 39.00 | Epsilon 0.1197
Seed 3 | Episode 477 | Reward 63.00 | Epsilon 0.1196
Seed 3 | Episode 478 | Reward 43.00 | Epsilon 0.1194
Seed 3 | Episode 479 | Reward 32.00 | Epsilon 0.1191
Seed 3 | Episode 480 | Reward 55.00 | Epsilon 0.1190
Seed 3 | Episode 481 | Reward 47.00 | Epsilon 0.1188
Seed 3 | Episode 482 | Reward 48.00 | Epsilon 0.1186
Seed 3 | Episode 483 | Reward 57.00 | Epsilon 0.1184
Seed 3 | Episode 484 | Reward 29.00 | Epsilon 0.1182
Seed 3 | Episode 485 | Reward 60.00 | Epsilon 0.1180
Seed 3 | Episode 486 | Reward 58.00 | Epsilon 0.1179
Seed 3 | Episode 487 | Reward 48.00 | Epsilon 0.1177
Seed 3 | Episode 488 | Reward 48.00 | Epsilon 0.1175
Seed 3 | Episode 489 | Reward 54.00 | Epsilon 0.1173
Seed 3 | Episode 490 | Reward 65.00 | Epsilon 0.1172
Seed 3 | Episode 491 | Reward 54.00 | Epsilon 0.1170
Seed 3 | Episode 492 | Reward 32.00 | Epsilon 0.1168
Seed 3 | Episode 493 | Reward 47.00 | Epsilon 0.1166
Seed 3 | Episode 494 | Reward 55.00 | Epsilon 0.1165
Seed 3 | Episode 495 | Reward 45.00 | Epsilon 0.1163
Seed 3 | Episode 496 | Reward 45.00 | Epsilon 0.1161
Seed 3 | Episode 497 | Reward 46.00 | Epsilon 0.1159
Seed 3 | Episode 498 | Reward 32.00 | Epsilon 0.1156
Seed 3 | Episode 499 | Reward 53.00 | Epsilon 0.1155
Seed 3 | Episode 500 | Reward 50.00 | Epsilon 0.1153
Seed 3 | Episode 501 | Reward 62.00 | Epsilon 0.1152
Seed 3 | Episode 502 | Reward 44.00 | Epsilon 0.1150
Seed 3 | Episode 503 | Reward 46.00 | Epsilon 0.1148
Seed 3 | Episode 504 | Reward 43.00 | Epsilon 0.1146
Seed 3 | Episode 505 | Reward 53.00 | Epsilon 0.1144
Seed 3 | Episode 506 | Reward 58.00 | Epsilon 0.1143
Seed 3 | Episode 507 | Reward 58.00 | Epsilon 0.1141
Seed 3 | Episode 508 | Reward 50.00 | Epsilon 0.1139
Seed 3 | Episode 509 | Reward 49.00 | Epsilon 0.1138
Seed 3 | Episode 510 | Reward 38.00 | Epsilon 0.1135
Seed 3 | Episode 511 | Reward 50.00 | Epsilon 0.1134
Seed 3 | Episode 512 | Reward 44.00 | Epsilon 0.1132
Seed 3 | Episode 513 | Reward 49.00 | Epsilon 0.1130
Seed 3 | Episode 514 | Reward 52.00 | Epsilon 0.1128
Seed 3 | Episode 515 | Reward 48.00 | Epsilon 0.1127
Seed 3 | Episode 516 | Reward 60.00 | Epsilon 0.1125
Seed 3 | Episode 517 | Reward 60.00 | Epsilon 0.1124
Seed 3 | Episode 518 | Reward 47.00 | Epsilon 0.1122
Seed 3 | Episode 519 | Reward 39.00 | Epsilon 0.1120
Seed 3 | Episode 520 | Reward 45.00 | Epsilon 0.1118
Seed 3 | Episode 521 | Reward 40.00 | Epsilon 0.1116
Seed 3 | Episode 522 | Reward 63.00 | Epsilon 0.1115
Seed 3 | Episode 523 | Reward 45.00 | Epsilon 0.1113
Seed 3 | Episode 524 | Reward 50.00 | Epsilon 0.1111
Seed 3 | Episode 525 | Reward 43.00 | Epsilon 0.1109
Seed 3 | Episode 526 | Reward 63.00 | Epsilon 0.1108
Seed 3 | Episode 527 | Reward 45.00 | Epsilon 0.1106
Seed 3 | Episode 528 | Reward 46.00 | Epsilon 0.1104
Seed 3 | Episode 529 | Reward 40.00 | Epsilon 0.1102
Seed 3 | Episode 530 | Reward 49.00 | Epsilon 0.1100
Seed 3 | Episode 531 | Reward 59.00 | Epsilon 0.1099
Seed 3 | Episode 532 | Reward 50.00 | Epsilon 0.1097
Seed 3 | Episode 533 | Reward 42.00 | Epsilon 0.1095
Seed 3 | Episode 534 | Reward 49.00 | Epsilon 0.1094
Seed 3 | Episode 535 | Reward 41.00 | Epsilon 0.1092
Seed 3 | Episode 536 | Reward 42.00 | Epsilon 0.1090
Seed 3 | Episode 537 | Reward 63.00 | Epsilon 0.1089
Seed 3 | Episode 538 | Reward 44.00 | Epsilon 0.1087
Seed 3 | Episode 539 | Reward 56.00 | Epsilon 0.1085
Seed 3 | Episode 540 | Reward 53.00 | Epsilon 0.1084
Seed 3 | Episode 541 | Reward 31.00 | Epsilon 0.1081
Seed 3 | Episode 542 | Reward 57.00 | Epsilon 0.1080
Seed 3 | Episode 543 | Reward 58.00 | Epsilon 0.1079
Seed 3 | Episode 544 | Reward 46.00 | Epsilon 0.1077
Seed 3 | Episode 545 | Reward 39.00 | Epsilon 0.1075
Seed 3 | Episode 546 | Reward 61.00 | Epsilon 0.1074
Seed 3 | Episode 547 | Reward 38.00 | Epsilon 0.1072
Seed 3 | Episode 548 | Reward 58.00 | Epsilon 0.1070
Seed 3 | Episode 549 | Reward 63.00 | Epsilon 0.1069
Seed 3 | Episode 550 | Reward 40.00 | Epsilon 0.1067
Seed 3 | Episode 551 | Reward 40.00 | Epsilon 0.1065
Seed 3 | Episode 552 | Reward 44.00 | Epsilon 0.1063
Seed 3 | Episode 553 | Reward 51.00 | Epsilon 0.1062
Seed 3 | Episode 554 | Reward 48.00 | Epsilon 0.1060
Seed 3 | Episode 555 | Reward 43.00 | Epsilon 0.1058
Seed 3 | Episode 556 | Reward 59.00 | Epsilon 0.1057
Seed 3 | Episode 557 | Reward 49.00 | Epsilon 0.1055
Seed 3 | Episode 558 | Reward 36.00 | Epsilon 0.1053
Seed 3 | Episode 559 | Reward 59.00 | Epsilon 0.1052
Seed 3 | Episode 560 | Reward 43.00 | Epsilon 0.1050
Seed 3 | Episode 561 | Reward 47.00 | Epsilon 0.1048
Seed 3 | Episode 562 | Reward 42.00 | Epsilon 0.1046
Seed 3 | Episode 563 | Reward 59.00 | Epsilon 0.1045
Seed 3 | Episode 564 | Reward 53.00 | Epsilon 0.1044
Seed 3 | Episode 565 | Reward 64.00 | Epsilon 0.1042
Seed 3 | Episode 566 | Reward 56.00 | Epsilon 0.1041
Seed 3 | Episode 567 | Reward 60.00 | Epsilon 0.1040
Seed 3 | Episode 568 | Reward 52.00 | Epsilon 0.1038
Seed 3 | Episode 569 | Reward 49.00 | Epsilon 0.1037
Seed 3 | Episode 570 | Reward 43.00 | Epsilon 0.1035
Seed 3 | Episode 571 | Reward 38.00 | Epsilon 0.1033
Seed 3 | Episode 572 | Reward 50.00 | Epsilon 0.1031
Seed 3 | Episode 573 | Reward 58.00 | Epsilon 0.1030
Seed 3 | Episode 574 | Reward 62.00 | Epsilon 0.1029
Seed 3 | Episode 575 | Reward 40.00 | Epsilon 0.1027
Seed 3 | Episode 576 | Reward 62.00 | Epsilon 0.1026
Seed 3 | Episode 577 | Reward 45.00 | Epsilon 0.1024
Seed 3 | Episode 578 | Reward 36.00 | Epsilon 0.1022
Seed 3 | Episode 579 | Reward 57.00 | Epsilon 0.1021
Seed 3 | Episode 580 | Reward 44.00 | Epsilon 0.1019
Seed 3 | Episode 581 | Reward 39.00 | Epsilon 0.1017
Seed 3 | Episode 582 | Reward 52.00 | Epsilon 0.1015
Seed 3 | Episode 583 | Reward 44.00 | Epsilon 0.1014
Seed 3 | Episode 584 | Reward 45.00 | Epsilon 0.1012
Seed 3 | Episode 585 | Reward 47.00 | Epsilon 0.1010
Seed 3 | Episode 586 | Reward 50.00 | Epsilon 0.1009
Seed 3 | Episode 587 | Reward 47.00 | Epsilon 0.1007
Seed 3 | Episode 588 | Reward 50.00 | Epsilon 0.1006
Seed 3 | Episode 589 | Reward 48.00 | Epsilon 0.1004
Seed 3 | Episode 590 | Reward 57.00 | Epsilon 0.1003
Seed 3 | Episode 591 | Reward 57.00 | Epsilon 0.1001
Seed 3 | Episode 592 | Reward 50.00 | Epsilon 0.1000
Seed 3 | Episode 593 | Reward 60.00 | Epsilon 0.0999
Seed 3 | Episode 594 | Reward 65.00 | Epsilon 0.0998
Seed 3 | Episode 595 | Reward 54.00 | Epsilon 0.0996
Seed 3 | Episode 596 | Reward 44.00 | Epsilon 0.0994
Seed 3 | Episode 597 | Reward 47.00 | Epsilon 0.0993
Seed 3 | Episode 598 | Reward 51.00 | Epsilon 0.0991
Seed 3 | Episode 599 | Reward 38.00 | Epsilon 0.0989
Seed 3 | Episode 600 | Reward 59.00 | Epsilon 0.0988
Seed 3 | Episode 601 | Reward 43.00 | Epsilon 0.0986
Seed 3 | Episode 602 | Reward 44.00 | Epsilon 0.0985
Seed 3 | Episode 603 | Reward 49.00 | Epsilon 0.0983
Seed 3 | Episode 604 | Reward 42.00 | Epsilon 0.0982
Seed 3 | Episode 605 | Reward 56.00 | Epsilon 0.0980
Seed 3 | Episode 606 | Reward 47.00 | Epsilon 0.0979
Seed 3 | Episode 607 | Reward 38.00 | Epsilon 0.0977
Seed 3 | Episode 608 | Reward 38.00 | Epsilon 0.0975
Seed 3 | Episode 609 | Reward 53.00 | Epsilon 0.0974
Seed 3 | Episode 610 | Reward 43.00 | Epsilon 0.0972
Seed 3 | Episode 611 | Reward 53.00 | Epsilon 0.0970
Seed 3 | Episode 612 | Reward 58.00 | Epsilon 0.0969
Seed 3 | Episode 613 | Reward 60.00 | Epsilon 0.0968
Seed 3 | Episode 614 | Reward 45.00 | Epsilon 0.0966
Seed 3 | Episode 615 | Reward 55.00 | Epsilon 0.0965
Seed 3 | Episode 616 | Reward 62.00 | Epsilon 0.0964
Seed 3 | Episode 617 | Reward 58.00 | Epsilon 0.0963
Seed 3 | Episode 618 | Reward 53.00 | Epsilon 0.0961
Seed 3 | Episode 619 | Reward 45.00 | Epsilon 0.0960
Seed 3 | Episode 620 | Reward 49.00 | Epsilon 0.0958
Seed 3 | Episode 621 | Reward 35.00 | Epsilon 0.0956
Seed 3 | Episode 622 | Reward 46.00 | Epsilon 0.0955
Seed 3 | Episode 623 | Reward 53.00 | Epsilon 0.0953
Seed 3 | Episode 624 | Reward 54.00 | Epsilon 0.0952
Seed 3 | Episode 625 | Reward 56.00 | Epsilon 0.0951
Seed 3 | Episode 626 | Reward 61.00 | Epsilon 0.0950
Seed 3 | Episode 627 | Reward 59.00 | Epsilon 0.0948
Seed 3 | Episode 628 | Reward 58.00 | Epsilon 0.0947
Seed 3 | Episode 629 | Reward 46.00 | Epsilon 0.0946
Seed 3 | Episode 630 | Reward 46.00 | Epsilon 0.0944
Seed 3 | Episode 631 | Reward 53.00 | Epsilon 0.0943
Seed 3 | Episode 632 | Reward 46.00 | Epsilon 0.0941
Seed 3 | Episode 633 | Reward 56.00 | Epsilon 0.0940
Seed 3 | Episode 634 | Reward 34.00 | Epsilon 0.0938
Seed 3 | Episode 635 | Reward 60.00 | Epsilon 0.0937
Seed 3 | Episode 636 | Reward 49.00 | Epsilon 0.0935
Seed 3 | Episode 637 | Reward 53.00 | Epsilon 0.0934
Seed 3 | Episode 638 | Reward 63.00 | Epsilon 0.0933
Seed 3 | Episode 639 | Reward 54.00 | Epsilon 0.0932
Seed 3 | Episode 640 | Reward 51.00 | Epsilon 0.0930
Seed 3 | Episode 641 | Reward 49.00 | Epsilon 0.0929
Seed 3 | Episode 642 | Reward 43.00 | Epsilon 0.0927
Seed 3 | Episode 643 | Reward 54.00 | Epsilon 0.0926
Seed 3 | Episode 644 | Reward 53.00 | Epsilon 0.0925
Seed 3 | Episode 645 | Reward 52.00 | Epsilon 0.0923
Seed 3 | Episode 646 | Reward 47.00 | Epsilon 0.0922
Seed 3 | Episode 647 | Reward 33.00 | Epsilon 0.0920
Seed 3 | Episode 648 | Reward 55.00 | Epsilon 0.0919
Seed 3 | Episode 649 | Reward 44.00 | Epsilon 0.0917
Seed 3 | Episode 650 | Reward 62.00 | Epsilon 0.0916
Seed 3 | Episode 651 | Reward 53.00 | Epsilon 0.0915
Seed 3 | Episode 652 | Reward 59.00 | Epsilon 0.0913
Seed 3 | Episode 653 | Reward 46.00 | Epsilon 0.0912
Seed 3 | Episode 654 | Reward 48.00 | Epsilon 0.0910
Seed 3 | Episode 655 | Reward 63.00 | Epsilon 0.0909
Seed 3 | Episode 656 | Reward 45.00 | Epsilon 0.0908
Seed 3 | Episode 657 | Reward 60.00 | Epsilon 0.0907
Seed 3 | Episode 658 | Reward 52.00 | Epsilon 0.0905
Seed 3 | Episode 659 | Reward 61.00 | Epsilon 0.0904
Seed 3 | Episode 660 | Reward 47.00 | Epsilon 0.0903
Seed 3 | Episode 661 | Reward 35.00 | Epsilon 0.0901
Seed 3 | Episode 662 | Reward 39.00 | Epsilon 0.0899
Seed 3 | Episode 663 | Reward 52.00 | Epsilon 0.0898
Seed 3 | Episode 664 | Reward 58.00 | Epsilon 0.0897
Seed 3 | Episode 665 | Reward 49.00 | Epsilon 0.0896
Seed 3 | Episode 666 | Reward 61.00 | Epsilon 0.0894
Seed 3 | Episode 667 | Reward 51.00 | Epsilon 0.0893
Seed 3 | Episode 668 | Reward 65.00 | Epsilon 0.0892
Seed 3 | Episode 669 | Reward 48.00 | Epsilon 0.0891
Seed 3 | Episode 670 | Reward 48.00 | Epsilon 0.0889
Seed 3 | Episode 671 | Reward 54.00 | Epsilon 0.0888
Seed 3 | Episode 672 | Reward 56.00 | Epsilon 0.0887
Seed 3 | Episode 673 | Reward 61.00 | Epsilon 0.0886
Seed 3 | Episode 674 | Reward 49.00 | Epsilon 0.0884
Seed 3 | Episode 675 | Reward 42.00 | Epsilon 0.0883
Seed 3 | Episode 676 | Reward 54.00 | Epsilon 0.0882
Seed 3 | Episode 677 | Reward 63.00 | Epsilon 0.0881
Seed 3 | Episode 678 | Reward 54.00 | Epsilon 0.0879
Seed 3 | Episode 679 | Reward 45.00 | Epsilon 0.0878
Seed 3 | Episode 680 | Reward 57.00 | Epsilon 0.0877
Seed 3 | Episode 681 | Reward 47.00 | Epsilon 0.0875
Seed 3 | Episode 682 | Reward 49.00 | Epsilon 0.0874
Seed 3 | Episode 683 | Reward 60.00 | Epsilon 0.0873
Seed 3 | Episode 684 | Reward 62.00 | Epsilon 0.0872
Seed 3 | Episode 685 | Reward 48.00 | Epsilon 0.0870
Seed 3 | Episode 686 | Reward 59.00 | Epsilon 0.0869
Seed 3 | Episode 687 | Reward 46.00 | Epsilon 0.0868
Seed 3 | Episode 688 | Reward 57.00 | Epsilon 0.0867
Seed 3 | Episode 689 | Reward 59.00 | Epsilon 0.0866
Seed 3 | Episode 690 | Reward 48.00 | Epsilon 0.0864
Seed 3 | Episode 691 | Reward 37.00 | Epsilon 0.0863
Seed 3 | Episode 692 | Reward 54.00 | Epsilon 0.0861
Seed 3 | Episode 693 | Reward 56.00 | Epsilon 0.0860
Seed 3 | Episode 694 | Reward 58.00 | Epsilon 0.0859
Seed 3 | Episode 695 | Reward 57.00 | Epsilon 0.0858
Seed 3 | Episode 696 | Reward 58.00 | Epsilon 0.0857
Seed 3 | Episode 697 | Reward 41.00 | Epsilon 0.0855
Seed 3 | Episode 698 | Reward 52.00 | Epsilon 0.0854
Seed 3 | Episode 699 | Reward 61.00 | Epsilon 0.0853
Seed 3 | Episode 700 | Reward 56.00 | Epsilon 0.0852
Seed 3 | Episode 701 | Reward 46.00 | Epsilon 0.0851
Seed 3 | Episode 702 | Reward 65.00 | Epsilon 0.0850
Seed 3 | Episode 703 | Reward 55.00 | Epsilon 0.0848
Seed 3 | Episode 704 | Reward 56.00 | Epsilon 0.0847
Seed 3 | Episode 705 | Reward 47.00 | Epsilon 0.0846
Seed 3 | Episode 706 | Reward 53.00 | Epsilon 0.0845
Seed 3 | Episode 707 | Reward 51.00 | Epsilon 0.0843
Seed 3 | Episode 708 | Reward 43.00 | Epsilon 0.0842
Seed 3 | Episode 709 | Reward 46.00 | Epsilon 0.0841
Seed 3 | Episode 710 | Reward 49.00 | Epsilon 0.0839
Seed 3 | Episode 711 | Reward 43.00 | Epsilon 0.0838
Seed 3 | Episode 712 | Reward 35.00 | Epsilon 0.0836
Seed 3 | Episode 713 | Reward 54.00 | Epsilon 0.0835
Seed 3 | Episode 714 | Reward 45.00 | Epsilon 0.0834
Seed 3 | Episode 715 | Reward 50.00 | Epsilon 0.0832
Seed 3 | Episode 716 | Reward 44.00 | Epsilon 0.0831
Seed 3 | Episode 717 | Reward 57.00 | Epsilon 0.0830
Seed 3 | Episode 718 | Reward 60.00 | Epsilon 0.0829
Seed 3 | Episode 719 | Reward 49.00 | Epsilon 0.0828
Seed 3 | Episode 720 | Reward 50.00 | Epsilon 0.0826
Seed 3 | Episode 721 | Reward 50.00 | Epsilon 0.0825
Seed 3 | Episode 722 | Reward 55.00 | Epsilon 0.0824
Seed 3 | Episode 723 | Reward 50.00 | Epsilon 0.0823
Seed 3 | Episode 724 | Reward 44.00 | Epsilon 0.0821
Seed 3 | Episode 725 | Reward 52.00 | Epsilon 0.0820
Seed 3 | Episode 726 | Reward 41.00 | Epsilon 0.0819
Seed 3 | Episode 727 | Reward 47.00 | Epsilon 0.0817
Seed 3 | Episode 728 | Reward 53.00 | Epsilon 0.0816
Seed 3 | Episode 729 | Reward 45.00 | Epsilon 0.0815
Seed 3 | Episode 730 | Reward 58.00 | Epsilon 0.0814
Seed 3 | Episode 731 | Reward 46.00 | Epsilon 0.0812
Seed 3 | Episode 732 | Reward 45.00 | Epsilon 0.0811
Seed 3 | Episode 733 | Reward 59.00 | Epsilon 0.0810
Seed 3 | Episode 734 | Reward 57.00 | Epsilon 0.0809
Seed 3 | Episode 735 | Reward 57.00 | Epsilon 0.0808
Seed 3 | Episode 736 | Reward 48.00 | Epsilon 0.0806
Seed 3 | Episode 737 | Reward 47.00 | Epsilon 0.0805
Seed 3 | Episode 738 | Reward 35.00 | Epsilon 0.0804
Seed 3 | Episode 739 | Reward 65.00 | Epsilon 0.0803
Seed 3 | Episode 740 | Reward 59.00 | Epsilon 0.0802
Seed 3 | Episode 741 | Reward 44.00 | Epsilon 0.0800
Seed 3 | Episode 742 | Reward 52.00 | Epsilon 0.0799
Seed 3 | Episode 743 | Reward 61.00 | Epsilon 0.0798
Seed 3 | Episode 744 | Reward 48.00 | Epsilon 0.0797
Seed 3 | Episode 745 | Reward 50.00 | Epsilon 0.0796
Seed 3 | Episode 746 | Reward 56.00 | Epsilon 0.0795
Seed 3 | Episode 747 | Reward 55.00 | Epsilon 0.0794
Seed 3 | Episode 748 | Reward 58.00 | Epsilon 0.0792
Seed 3 | Episode 749 | Reward 44.00 | Epsilon 0.0791
Seed 3 | Episode 750 | Reward 51.00 | Epsilon 0.0790
Seed 3 | Episode 751 | Reward 47.00 | Epsilon 0.0789
Seed 3 | Episode 752 | Reward 61.00 | Epsilon 0.0788
Seed 3 | Episode 753 | Reward 53.00 | Epsilon 0.0787
Seed 3 | Episode 754 | Reward 52.00 | Epsilon 0.0785
Seed 3 | Episode 755 | Reward 50.00 | Epsilon 0.0784
Seed 3 | Episode 756 | Reward 58.00 | Epsilon 0.0783
Seed 3 | Episode 757 | Reward 60.00 | Epsilon 0.0782
Seed 3 | Episode 758 | Reward 66.00 | Epsilon 0.0781
Seed 3 | Episode 759 | Reward 65.00 | Epsilon 0.0781
Seed 3 | Episode 760 | Reward 64.00 | Epsilon 0.0780
Seed 3 | Episode 761 | Reward 55.00 | Epsilon 0.0779
Seed 3 | Episode 762 | Reward 65.00 | Epsilon 0.0778
Seed 3 | Episode 763 | Reward 55.00 | Epsilon 0.0777
Seed 3 | Episode 764 | Reward 52.00 | Epsilon 0.0776
Seed 3 | Episode 765 | Reward 57.00 | Epsilon 0.0775
Seed 3 | Episode 766 | Reward 58.00 | Epsilon 0.0774
Seed 3 | Episode 767 | Reward 32.00 | Epsilon 0.0772
Seed 3 | Episode 768 | Reward 46.00 | Epsilon 0.0771
Seed 3 | Episode 769 | Reward 45.00 | Epsilon 0.0769
Seed 3 | Episode 770 | Reward 50.00 | Epsilon 0.0768
Seed 3 | Episode 771 | Reward 59.00 | Epsilon 0.0767
Seed 3 | Episode 772 | Reward 50.00 | Epsilon 0.0766
Seed 3 | Episode 773 | Reward 53.00 | Epsilon 0.0765
Seed 3 | Episode 774 | Reward 42.00 | Epsilon 0.0764
Seed 3 | Episode 775 | Reward 43.00 | Epsilon 0.0762
Seed 3 | Episode 776 | Reward 46.00 | Epsilon 0.0761
Seed 3 | Episode 777 | Reward 53.00 | Epsilon 0.0760
Seed 3 | Episode 778 | Reward 48.00 | Epsilon 0.0759
Seed 3 | Episode 779 | Reward 50.00 | Epsilon 0.0758
Seed 3 | Episode 780 | Reward 34.00 | Epsilon 0.0756
Seed 3 | Episode 781 | Reward 63.00 | Epsilon 0.0755
Seed 3 | Episode 782 | Reward 53.00 | Epsilon 0.0754
Seed 3 | Episode 783 | Reward 50.00 | Epsilon 0.0753
Seed 3 | Episode 784 | Reward 58.00 | Epsilon 0.0752
Seed 3 | Episode 785 | Reward 60.00 | Epsilon 0.0751
Seed 3 | Episode 786 | Reward 60.00 | Epsilon 0.0750
Seed 3 | Episode 787 | Reward 48.00 | Epsilon 0.0749
Seed 3 | Episode 788 | Reward 61.00 | Epsilon 0.0748
Seed 3 | Episode 789 | Reward 54.00 | Epsilon 0.0747
Seed 3 | Episode 790 | Reward 54.00 | Epsilon 0.0746
Seed 3 | Episode 791 | Reward 39.00 | Epsilon 0.0745
Seed 3 | Episode 792 | Reward 51.00 | Epsilon 0.0743
Seed 3 | Episode 793 | Reward 62.00 | Epsilon 0.0743
Seed 3 | Episode 794 | Reward 51.00 | Epsilon 0.0741
Seed 3 | Episode 795 | Reward 56.00 | Epsilon 0.0740
Seed 3 | Episode 796 | Reward 52.00 | Epsilon 0.0739
Seed 3 | Episode 797 | Reward 60.00 | Epsilon 0.0738
Seed 3 | Episode 798 | Reward 60.00 | Epsilon 0.0738
Seed 3 | Episode 799 | Reward 55.00 | Epsilon 0.0737
Seed 3 | Episode 800 | Reward 51.00 | Epsilon 0.0735
Seed 3 | Episode 801 | Reward 46.00 | Epsilon 0.0734
Seed 3 | Episode 802 | Reward 51.00 | Epsilon 0.0733
Seed 3 | Episode 803 | Reward 51.00 | Epsilon 0.0732
Seed 3 | Episode 804 | Reward 43.00 | Epsilon 0.0731
Seed 3 | Episode 805 | Reward 56.00 | Epsilon 0.0730
Seed 3 | Episode 806 | Reward 42.00 | Epsilon 0.0728
Seed 3 | Episode 807 | Reward 57.00 | Epsilon 0.0728
Seed 3 | Episode 808 | Reward 64.00 | Epsilon 0.0727
Seed 3 | Episode 809 | Reward 58.00 | Epsilon 0.0726
Seed 3 | Episode 810 | Reward 49.00 | Epsilon 0.0725
Seed 3 | Episode 811 | Reward 46.00 | Epsilon 0.0723
Seed 3 | Episode 812 | Reward 48.00 | Epsilon 0.0722
Seed 3 | Episode 813 | Reward 54.00 | Epsilon 0.0721
Seed 3 | Episode 814 | Reward 44.00 | Epsilon 0.0720
Seed 3 | Episode 815 | Reward 59.00 | Epsilon 0.0719
Seed 3 | Episode 816 | Reward 46.00 | Epsilon 0.0718
Seed 3 | Episode 817 | Reward 52.00 | Epsilon 0.0717
Seed 3 | Episode 818 | Reward 62.00 | Epsilon 0.0716
Seed 3 | Episode 819 | Reward 66.00 | Epsilon 0.0715
Seed 3 | Episode 820 | Reward 58.00 | Epsilon 0.0714
Seed 3 | Episode 821 | Reward 58.00 | Epsilon 0.0713
Seed 3 | Episode 822 | Reward 59.00 | Epsilon 0.0713
Seed 3 | Episode 823 | Reward 48.00 | Epsilon 0.0711
Seed 3 | Episode 824 | Reward 57.00 | Epsilon 0.0711
Seed 3 | Episode 825 | Reward 62.00 | Epsilon 0.0710
Seed 3 | Episode 826 | Reward 48.00 | Epsilon 0.0709
Seed 3 | Episode 827 | Reward 56.00 | Epsilon 0.0708
Seed 3 | Episode 828 | Reward 35.00 | Epsilon 0.0706
Seed 3 | Episode 829 | Reward 60.00 | Epsilon 0.0705
Seed 3 | Episode 830 | Reward 59.00 | Epsilon 0.0704
Seed 3 | Episode 831 | Reward 55.00 | Epsilon 0.0703
Seed 3 | Episode 832 | Reward 44.00 | Epsilon 0.0702
Seed 3 | Episode 833 | Reward 48.00 | Epsilon 0.0701
Seed 3 | Episode 834 | Reward 62.00 | Epsilon 0.0700
Seed 3 | Episode 835 | Reward 63.00 | Epsilon 0.0700
Seed 3 | Episode 836 | Reward 47.00 | Epsilon 0.0698
Seed 3 | Episode 837 | Reward 47.00 | Epsilon 0.0697
Seed 3 | Episode 838 | Reward 54.00 | Epsilon 0.0696
Seed 3 | Episode 839 | Reward 52.00 | Epsilon 0.0695
Seed 3 | Episode 840 | Reward 45.00 | Epsilon 0.0694
Seed 3 | Episode 841 | Reward 59.00 | Epsilon 0.0693
Seed 3 | Episode 842 | Reward 54.00 | Epsilon 0.0692
Seed 3 | Episode 843 | Reward 47.00 | Epsilon 0.0691
Seed 3 | Episode 844 | Reward 52.00 | Epsilon 0.0690
Seed 3 | Episode 845 | Reward 55.00 | Epsilon 0.0689
Seed 3 | Episode 846 | Reward 58.00 | Epsilon 0.0688
Seed 3 | Episode 847 | Reward 46.00 | Epsilon 0.0687
Seed 3 | Episode 848 | Reward 57.00 | Epsilon 0.0686
Seed 3 | Episode 849 | Reward 62.00 | Epsilon 0.0685
Seed 3 | Episode 850 | Reward 52.00 | Epsilon 0.0684
Seed 3 | Episode 851 | Reward 57.00 | Epsilon 0.0684
Seed 3 | Episode 852 | Reward 57.00 | Epsilon 0.0683
Seed 3 | Episode 853 | Reward 49.00 | Epsilon 0.0682
Seed 3 | Episode 854 | Reward 43.00 | Epsilon 0.0680
Seed 3 | Episode 855 | Reward 48.00 | Epsilon 0.0679
Seed 3 | Episode 856 | Reward 58.00 | Epsilon 0.0678
Seed 3 | Episode 857 | Reward 44.00 | Epsilon 0.0677
Seed 3 | Episode 858 | Reward 54.00 | Epsilon 0.0676
Seed 3 | Episode 859 | Reward 58.00 | Epsilon 0.0675
Seed 3 | Episode 860 | Reward 41.00 | Epsilon 0.0674
Seed 3 | Episode 861 | Reward 57.00 | Epsilon 0.0673
Seed 3 | Episode 862 | Reward 56.00 | Epsilon 0.0672
Seed 3 | Episode 863 | Reward 50.00 | Epsilon 0.0671
Seed 3 | Episode 864 | Reward 51.00 | Epsilon 0.0670
Seed 3 | Episode 865 | Reward 48.00 | Epsilon 0.0669
Seed 3 | Episode 866 | Reward 46.00 | Epsilon 0.0668
Seed 3 | Episode 867 | Reward 44.00 | Epsilon 0.0667
Seed 3 | Episode 868 | Reward 61.00 | Epsilon 0.0666
Seed 3 | Episode 869 | Reward 53.00 | Epsilon 0.0665
Seed 3 | Episode 870 | Reward 60.00 | Epsilon 0.0664
Seed 3 | Episode 871 | Reward 50.00 | Epsilon 0.0663
Seed 3 | Episode 872 | Reward 57.00 | Epsilon 0.0663
Seed 3 | Episode 873 | Reward 60.00 | Epsilon 0.0662
Seed 3 | Episode 874 | Reward 43.00 | Epsilon 0.0661
Seed 3 | Episode 875 | Reward 43.00 | Epsilon 0.0659
Seed 3 | Episode 876 | Reward 40.00 | Epsilon 0.0658
Seed 3 | Episode 877 | Reward 51.00 | Epsilon 0.0657
Seed 3 | Episode 878 | Reward 54.00 | Epsilon 0.0656
Seed 3 | Episode 879 | Reward 48.00 | Epsilon 0.0655
Seed 3 | Episode 880 | Reward 49.00 | Epsilon 0.0654
Seed 3 | Episode 881 | Reward 54.00 | Epsilon 0.0653
Seed 3 | Episode 882 | Reward 56.00 | Epsilon 0.0652
Seed 3 | Episode 883 | Reward 56.00 | Epsilon 0.0652
Seed 3 | Episode 884 | Reward 50.00 | Epsilon 0.0651
Seed 3 | Episode 885 | Reward 49.00 | Epsilon 0.0650
Seed 3 | Episode 886 | Reward 48.00 | Epsilon 0.0649
Seed 3 | Episode 887 | Reward 56.00 | Epsilon 0.0648
Seed 3 | Episode 888 | Reward 55.00 | Epsilon 0.0647
Seed 3 | Episode 889 | Reward 61.00 | Epsilon 0.0646
Seed 3 | Episode 890 | Reward 57.00 | Epsilon 0.0645
Seed 3 | Episode 891 | Reward 47.00 | Epsilon 0.0644
Seed 3 | Episode 892 | Reward 58.00 | Epsilon 0.0643
Seed 3 | Episode 893 | Reward 49.00 | Epsilon 0.0642
Seed 3 | Episode 894 | Reward 45.00 | Epsilon 0.0641
Seed 3 | Episode 895 | Reward 52.00 | Epsilon 0.0640
Seed 3 | Episode 896 | Reward 53.00 | Epsilon 0.0639
Seed 3 | Episode 897 | Reward 61.00 | Epsilon 0.0639
Seed 3 | Episode 898 | Reward 63.00 | Epsilon 0.0638
Seed 3 | Episode 899 | Reward 41.00 | Epsilon 0.0637
Seed 3 | Episode 900 | Reward 57.00 | Epsilon 0.0636
Seed 3 | Episode 901 | Reward 43.00 | Epsilon 0.0635
Seed 3 | Episode 902 | Reward 54.00 | Epsilon 0.0634
Seed 3 | Episode 903 | Reward 51.00 | Epsilon 0.0633
Seed 3 | Episode 904 | Reward 53.00 | Epsilon 0.0632
Seed 3 | Episode 905 | Reward 63.00 | Epsilon 0.0631
Seed 3 | Episode 906 | Reward 60.00 | Epsilon 0.0631
Seed 3 | Episode 907 | Reward 50.00 | Epsilon 0.0630
Seed 3 | Episode 908 | Reward 41.00 | Epsilon 0.0628
Seed 3 | Episode 909 | Reward 50.00 | Epsilon 0.0627
Seed 3 | Episode 910 | Reward 42.00 | Epsilon 0.0626
Seed 3 | Episode 911 | Reward 51.00 | Epsilon 0.0625
Seed 3 | Episode 912 | Reward 52.00 | Epsilon 0.0624
Seed 3 | Episode 913 | Reward 47.00 | Epsilon 0.0623
Seed 3 | Episode 914 | Reward 45.00 | Epsilon 0.0622
Seed 3 | Episode 915 | Reward 53.00 | Epsilon 0.0622
Seed 3 | Episode 916 | Reward 57.00 | Epsilon 0.0621
Seed 3 | Episode 917 | Reward 65.00 | Epsilon 0.0620
Seed 3 | Episode 918 | Reward 48.00 | Epsilon 0.0619
Seed 3 | Episode 919 | Reward 57.00 | Epsilon 0.0618
Seed 3 | Episode 920 | Reward 48.00 | Epsilon 0.0617
Seed 3 | Episode 921 | Reward 53.00 | Epsilon 0.0616
Seed 3 | Episode 922 | Reward 56.00 | Epsilon 0.0616
Seed 3 | Episode 923 | Reward 50.00 | Epsilon 0.0615
Seed 3 | Episode 924 | Reward 44.00 | Epsilon 0.0614
Seed 3 | Episode 925 | Reward 53.00 | Epsilon 0.0613
Seed 3 | Episode 926 | Reward 57.00 | Epsilon 0.0612
Seed 3 | Episode 927 | Reward 59.00 | Epsilon 0.0611
Seed 3 | Episode 928 | Reward 59.00 | Epsilon 0.0610
Seed 3 | Episode 929 | Reward 45.00 | Epsilon 0.0609
Seed 3 | Episode 930 | Reward 53.00 | Epsilon 0.0608
Seed 3 | Episode 931 | Reward 50.00 | Epsilon 0.0607
Seed 3 | Episode 932 | Reward 57.00 | Epsilon 0.0607
Seed 3 | Episode 933 | Reward 54.00 | Epsilon 0.0606
Seed 3 | Episode 934 | Reward 47.00 | Epsilon 0.0605
Seed 3 | Episode 935 | Reward 49.00 | Epsilon 0.0604
Seed 3 | Episode 936 | Reward 54.00 | Epsilon 0.0603
Seed 3 | Episode 937 | Reward 60.00 | Epsilon 0.0602
Seed 3 | Episode 938 | Reward 52.00 | Epsilon 0.0601
Seed 3 | Episode 939 | Reward 52.00 | Epsilon 0.0601
Seed 3 | Episode 940 | Reward 55.00 | Epsilon 0.0600
Seed 3 | Episode 941 | Reward 48.00 | Epsilon 0.0599
Seed 3 | Episode 942 | Reward 6.00 | Epsilon 0.0597
Seed 3 | Episode 943 | Reward 65.00 | Epsilon 0.0596
Seed 3 | Episode 944 | Reward 50.00 | Epsilon 0.0596
Seed 3 | Episode 945 | Reward 46.00 | Epsilon 0.0595
Seed 3 | Episode 946 | Reward 53.00 | Epsilon 0.0594
Seed 3 | Episode 947 | Reward 61.00 | Epsilon 0.0593
Seed 3 | Episode 948 | Reward 56.00 | Epsilon 0.0592
Seed 3 | Episode 949 | Reward 50.00 | Epsilon 0.0591
Seed 3 | Episode 950 | Reward 52.00 | Epsilon 0.0590
Seed 3 | Episode 951 | Reward 58.00 | Epsilon 0.0590
Seed 3 | Episode 952 | Reward 63.00 | Epsilon 0.0589
Seed 3 | Episode 953 | Reward 46.00 | Epsilon 0.0588
Seed 3 | Episode 954 | Reward 48.00 | Epsilon 0.0587
Seed 3 | Episode 955 | Reward 55.00 | Epsilon 0.0586
Seed 3 | Episode 956 | Reward 64.00 | Epsilon 0.0586
Seed 3 | Episode 957 | Reward 57.00 | Epsilon 0.0585
Seed 3 | Episode 958 | Reward 53.00 | Epsilon 0.0584
Seed 3 | Episode 959 | Reward 54.00 | Epsilon 0.0583
Seed 3 | Episode 960 | Reward 54.00 | Epsilon 0.0582
Seed 3 | Episode 961 | Reward 62.00 | Epsilon 0.0582
Seed 3 | Episode 962 | Reward 56.00 | Epsilon 0.0581
Seed 3 | Episode 963 | Reward 47.00 | Epsilon 0.0580
Seed 3 | Episode 964 | Reward 49.00 | Epsilon 0.0579
Seed 3 | Episode 965 | Reward 51.00 | Epsilon 0.0578
Seed 3 | Episode 966 | Reward 50.00 | Epsilon 0.0577
Seed 3 | Episode 967 | Reward 46.00 | Epsilon 0.0576
Seed 3 | Episode 968 | Reward 59.00 | Epsilon 0.0576
Seed 3 | Episode 969 | Reward 55.00 | Epsilon 0.0575
Seed 3 | Episode 970 | Reward 61.00 | Epsilon 0.0574
Seed 3 | Episode 971 | Reward 49.00 | Epsilon 0.0573
Seed 3 | Episode 972 | Reward 50.00 | Epsilon 0.0572
Seed 3 | Episode 973 | Reward 55.00 | Epsilon 0.0572
Seed 3 | Episode 974 | Reward 51.00 | Epsilon 0.0571
Seed 3 | Episode 975 | Reward 53.00 | Epsilon 0.0570
Seed 3 | Episode 976 | Reward 55.00 | Epsilon 0.0569
Seed 3 | Episode 977 | Reward 46.00 | Epsilon 0.0568
Seed 3 | Episode 978 | Reward 65.00 | Epsilon 0.0568
Seed 3 | Episode 979 | Reward 59.00 | Epsilon 0.0567
Seed 3 | Episode 980 | Reward 50.00 | Epsilon 0.0566
Seed 3 | Episode 981 | Reward 63.00 | Epsilon 0.0565
Seed 3 | Episode 982 | Reward 66.00 | Epsilon 0.0565
Seed 3 | Episode 983 | Reward 43.00 | Epsilon 0.0564
Seed 3 | Episode 984 | Reward 50.00 | Epsilon 0.0563
Seed 3 | Episode 985 | Reward 55.00 | Epsilon 0.0562
Seed 3 | Episode 986 | Reward 60.00 | Epsilon 0.0561
Seed 3 | Episode 987 | Reward 43.00 | Epsilon 0.0560
Seed 3 | Episode 988 | Reward 46.00 | Epsilon 0.0560
Seed 3 | Episode 989 | Reward 54.00 | Epsilon 0.0559
Seed 3 | Episode 990 | Reward 57.00 | Epsilon 0.0558
Seed 3 | Episode 991 | Reward 57.00 | Epsilon 0.0557
Seed 3 | Episode 992 | Reward 36.00 | Epsilon 0.0556
Seed 3 | Episode 993 | Reward 59.00 | Epsilon 0.0555
Seed 3 | Episode 994 | Reward 65.00 | Epsilon 0.0555
Seed 3 | Episode 995 | Reward 53.00 | Epsilon 0.0554
Seed 3 | Episode 996 | Reward 50.00 | Epsilon 0.0553
Seed 3 | Episode 997 | Reward 52.00 | Epsilon 0.0552
Seed 3 | Episode 998 | Reward 65.00 | Epsilon 0.0552
Seed 3 | Episode 999 | Reward 43.00 | Epsilon 0.0551
Finished seed 3
