starting job
Sun Dec  7 20:04:43 2025       
+-----------------------------------------------------------------------------------------+
| NVIDIA-SMI 580.65.06              Driver Version: 580.65.06      CUDA Version: 13.0     |
+-----------------------------------------+------------------------+----------------------+
| GPU  Name                 Persistence-M | Bus-Id          Disp.A | Volatile Uncorr. ECC |
| Fan  Temp   Perf          Pwr:Usage/Cap |           Memory-Usage | GPU-Util  Compute M. |
|                                         |                        |               MIG M. |
|=========================================+========================+======================|
|   0  NVIDIA H100 80GB HBM3          On  |   00000000:46:00.0 Off |                   On |
| N/A   36C    P0            361W /  700W |   27078MiB /  81559MiB |     N/A      Default |
|                                         |                        |              Enabled |
+-----------------------------------------+------------------------+----------------------+

+-----------------------------------------------------------------------------------------+
| MIG devices:                                                                            |
+------------------+----------------------------------+-----------+-----------------------+
| GPU  GI  CI  MIG |              Shared Memory-Usage |        Vol|        Shared         |
|      ID  ID  Dev |                Shared BAR1-Usage | SM     Unc| CE ENC  DEC  OFA  JPG |
|                  |                                  |        ECC|                       |
|==================+==================================+===========+=======================|
|  0   10   0   0  |              15MiB /  9984MiB    | 16      0 |  1   0    1    0    1 |
|                  |               0MiB /  6185MiB    |           |                       |
+------------------+----------------------------------+-----------+-----------------------+

+-----------------------------------------------------------------------------------------+
| Processes:                                                                              |
|  GPU   GI   CI              PID   Type   Process name                        GPU Memory |
|        ID   ID                                                               Usage      |
|=========================================================================================|
|  No running processes found                                                             |
+-----------------------------------------------------------------------------------------+
Running seed 2
Gym has been unmaintained since 2022 and does not support NumPy 2.0 amongst other critical functionality.
Please upgrade to Gymnasium, the maintained drop-in replacement of Gym, or contact the authors of your software and request that they upgrade.
Users of this version of Gym should be able to simply replace 'import gym' with 'import gymnasium as gym' in the vast majority of cases.
See the migration guide at https://gymnasium.farama.org/introduction/migration_guide/ for additional information.
Seed 2 | Episode 0 | Reward -300.00 | Epsilon 0.9987
Seed 2 | Episode 1 | Reward -300.00 | Epsilon 0.9897
Seed 2 | Episode 2 | Reward -300.00 | Epsilon 0.9808
Seed 2 | Episode 3 | Reward -300.00 | Epsilon 0.9720
Seed 2 | Episode 4 | Reward -300.00 | Epsilon 0.9633
Seed 2 | Episode 5 | Reward -300.00 | Epsilon 0.9547
Seed 2 | Episode 6 | Reward -300.00 | Epsilon 0.9462
Seed 2 | Episode 7 | Reward -300.00 | Epsilon 0.9377
Seed 2 | Episode 8 | Reward -300.00 | Epsilon 0.9293
Seed 2 | Episode 9 | Reward -300.00 | Epsilon 0.9209
Seed 2 | Episode 10 | Reward -300.00 | Epsilon 0.9127
Seed 2 | Episode 11 | Reward 55.00 | Epsilon 0.9114
Seed 2 | Episode 12 | Reward -300.00 | Epsilon 0.9033
Seed 2 | Episode 13 | Reward -300.00 | Epsilon 0.8952
Seed 2 | Episode 14 | Reward -300.00 | Epsilon 0.8872
Seed 2 | Episode 15 | Reward -300.00 | Epsilon 0.8792
Seed 2 | Episode 16 | Reward -300.00 | Epsilon 0.8713
Seed 2 | Episode 17 | Reward -300.00 | Epsilon 0.8635
Seed 2 | Episode 18 | Reward -300.00 | Epsilon 0.8558
Seed 2 | Episode 19 | Reward -300.00 | Epsilon 0.8481
Seed 2 | Episode 20 | Reward -300.00 | Epsilon 0.8405
Seed 2 | Episode 21 | Reward -300.00 | Epsilon 0.8330
Seed 2 | Episode 22 | Reward -300.00 | Epsilon 0.8255
Seed 2 | Episode 23 | Reward -300.00 | Epsilon 0.8181
Seed 2 | Episode 24 | Reward -300.00 | Epsilon 0.8108
Seed 2 | Episode 25 | Reward -300.00 | Epsilon 0.8035
Seed 2 | Episode 26 | Reward -300.00 | Epsilon 0.7963
Seed 2 | Episode 27 | Reward -300.00 | Epsilon 0.7892
Seed 2 | Episode 28 | Reward -300.00 | Epsilon 0.7821
Seed 2 | Episode 29 | Reward -300.00 | Epsilon 0.7751
Seed 2 | Episode 30 | Reward -300.00 | Epsilon 0.7682
Seed 2 | Episode 31 | Reward -300.00 | Epsilon 0.7613
Seed 2 | Episode 32 | Reward -300.00 | Epsilon 0.7545
Seed 2 | Episode 33 | Reward -300.00 | Epsilon 0.7477
Seed 2 | Episode 34 | Reward -300.00 | Epsilon 0.7410
Seed 2 | Episode 35 | Reward -300.00 | Epsilon 0.7344
Seed 2 | Episode 36 | Reward -300.00 | Epsilon 0.7278
Seed 2 | Episode 37 | Reward -300.00 | Epsilon 0.7213
Seed 2 | Episode 38 | Reward -300.00 | Epsilon 0.7148
Seed 2 | Episode 39 | Reward -300.00 | Epsilon 0.7084
Seed 2 | Episode 40 | Reward -300.00 | Epsilon 0.7021
Seed 2 | Episode 41 | Reward -300.00 | Epsilon 0.6958
Seed 2 | Episode 42 | Reward -300.00 | Epsilon 0.6895
Seed 2 | Episode 43 | Reward -300.00 | Epsilon 0.6834
Seed 2 | Episode 44 | Reward -300.00 | Epsilon 0.6772
Seed 2 | Episode 45 | Reward -300.00 | Epsilon 0.6712
Seed 2 | Episode 46 | Reward -300.00 | Epsilon 0.6652
Seed 2 | Episode 47 | Reward -300.00 | Epsilon 0.6592
Seed 2 | Episode 48 | Reward -300.00 | Epsilon 0.6533
Seed 2 | Episode 49 | Reward 34.00 | Epsilon 0.6520
Seed 2 | Episode 50 | Reward -300.00 | Epsilon 0.6461
Seed 2 | Episode 51 | Reward -300.00 | Epsilon 0.6403
Seed 2 | Episode 52 | Reward -300.00 | Epsilon 0.6346
Seed 2 | Episode 53 | Reward -300.00 | Epsilon 0.6289
Seed 2 | Episode 54 | Reward -300.00 | Epsilon 0.6233
Seed 2 | Episode 55 | Reward -300.00 | Epsilon 0.6177
Seed 2 | Episode 56 | Reward -300.00 | Epsilon 0.6122
Seed 2 | Episode 57 | Reward -300.00 | Epsilon 0.6067
Seed 2 | Episode 58 | Reward -300.00 | Epsilon 0.6012
Seed 2 | Episode 59 | Reward -300.00 | Epsilon 0.5959
Seed 2 | Episode 60 | Reward -300.00 | Epsilon 0.5905
Seed 2 | Episode 61 | Reward -300.00 | Epsilon 0.5852
Seed 2 | Episode 62 | Reward -300.00 | Epsilon 0.5800
Seed 2 | Episode 63 | Reward -300.00 | Epsilon 0.5748
Seed 2 | Episode 64 | Reward -300.00 | Epsilon 0.5696
Seed 2 | Episode 65 | Reward -13.00 | Epsilon 0.5677
Seed 2 | Episode 66 | Reward -300.00 | Epsilon 0.5626
Seed 2 | Episode 67 | Reward -300.00 | Epsilon 0.5576
Seed 2 | Episode 68 | Reward -300.00 | Epsilon 0.5526
Seed 2 | Episode 69 | Reward -300.00 | Epsilon 0.5476
Seed 2 | Episode 70 | Reward -300.00 | Epsilon 0.5427
Seed 2 | Episode 71 | Reward -300.00 | Epsilon 0.5379
Seed 2 | Episode 72 | Reward -300.00 | Epsilon 0.5330
Seed 2 | Episode 73 | Reward -300.00 | Epsilon 0.5283
Seed 2 | Episode 74 | Reward -300.00 | Epsilon 0.5235
Seed 2 | Episode 75 | Reward -300.00 | Epsilon 0.5188
Seed 2 | Episode 76 | Reward -300.00 | Epsilon 0.5142
Seed 2 | Episode 77 | Reward -300.00 | Epsilon 0.5096
Seed 2 | Episode 78 | Reward 22.00 | Epsilon 0.5084
Seed 2 | Episode 79 | Reward -300.00 | Epsilon 0.5038
Seed 2 | Episode 80 | Reward -300.00 | Epsilon 0.4993
Seed 2 | Episode 81 | Reward 25.00 | Epsilon 0.4982
Seed 2 | Episode 82 | Reward -300.00 | Epsilon 0.4937
Seed 2 | Episode 83 | Reward -300.00 | Epsilon 0.4893
Seed 2 | Episode 84 | Reward -194.00 | Epsilon 0.4850
Seed 2 | Episode 85 | Reward -66.00 | Epsilon 0.4825
Seed 2 | Episode 86 | Reward -300.00 | Epsilon 0.4782
Seed 2 | Episode 87 | Reward -300.00 | Epsilon 0.4739
Seed 2 | Episode 88 | Reward -300.00 | Epsilon 0.4697
Seed 2 | Episode 89 | Reward -300.00 | Epsilon 0.4655
Seed 2 | Episode 90 | Reward 27.00 | Epsilon 0.4644
Seed 2 | Episode 91 | Reward -300.00 | Epsilon 0.4603
Seed 2 | Episode 92 | Reward 8.00 | Epsilon 0.4590
Seed 2 | Episode 93 | Reward 50.00 | Epsilon 0.4583
Seed 2 | Episode 94 | Reward 38.00 | Epsilon 0.4574
Seed 2 | Episode 95 | Reward -300.00 | Epsilon 0.4533
Seed 2 | Episode 96 | Reward -300.00 | Epsilon 0.4493
Seed 2 | Episode 97 | Reward 44.00 | Epsilon 0.4485
Seed 2 | Episode 98 | Reward 43.00 | Epsilon 0.4477
Seed 2 | Episode 99 | Reward -82.00 | Epsilon 0.4453
Seed 2 | Episode 100 | Reward -300.00 | Epsilon 0.4413
Seed 2 | Episode 101 | Reward -134.00 | Epsilon 0.4382
Seed 2 | Episode 102 | Reward -125.00 | Epsilon 0.4352
Seed 2 | Episode 103 | Reward -5.00 | Epsilon 0.4338
Seed 2 | Episode 104 | Reward -300.00 | Epsilon 0.4300
Seed 2 | Episode 105 | Reward 37.00 | Epsilon 0.4291
Seed 2 | Episode 106 | Reward -300.00 | Epsilon 0.4253
Seed 2 | Episode 107 | Reward -300.00 | Epsilon 0.4215
Seed 2 | Episode 108 | Reward 42.00 | Epsilon 0.4207
Seed 2 | Episode 109 | Reward 44.00 | Epsilon 0.4200
Seed 2 | Episode 110 | Reward -151.00 | Epsilon 0.4169
Seed 2 | Episode 111 | Reward 52.00 | Epsilon 0.4162
Seed 2 | Episode 112 | Reward -15.00 | Epsilon 0.4148
Seed 2 | Episode 113 | Reward -6.00 | Epsilon 0.4135
Seed 2 | Episode 114 | Reward -21.00 | Epsilon 0.4120
Seed 2 | Episode 115 | Reward -143.00 | Epsilon 0.4089
Seed 2 | Episode 116 | Reward -300.00 | Epsilon 0.4053
Seed 2 | Episode 117 | Reward -110.00 | Epsilon 0.4027
Seed 2 | Episode 118 | Reward -300.00 | Epsilon 0.3991
Seed 2 | Episode 119 | Reward 55.00 | Epsilon 0.3986
Seed 2 | Episode 120 | Reward 5.00 | Epsilon 0.3974
Seed 2 | Episode 121 | Reward -74.00 | Epsilon 0.3953
Seed 2 | Episode 122 | Reward 26.00 | Epsilon 0.3945
Seed 2 | Episode 123 | Reward 28.00 | Epsilon 0.3936
Seed 2 | Episode 124 | Reward 24.00 | Epsilon 0.3927
Seed 2 | Episode 125 | Reward -300.00 | Epsilon 0.3892
Seed 2 | Episode 126 | Reward 51.00 | Epsilon 0.3886
Seed 2 | Episode 127 | Reward 38.00 | Epsilon 0.3878
Seed 2 | Episode 128 | Reward 47.00 | Epsilon 0.3872
Seed 2 | Episode 129 | Reward 38.00 | Epsilon 0.3865
Seed 2 | Episode 130 | Reward -65.00 | Epsilon 0.3846
Seed 2 | Episode 131 | Reward -300.00 | Epsilon 0.3811
Seed 2 | Episode 132 | Reward 46.00 | Epsilon 0.3805
Seed 2 | Episode 133 | Reward 27.00 | Epsilon 0.3797
Seed 2 | Episode 134 | Reward -104.00 | Epsilon 0.3773
Seed 2 | Episode 135 | Reward -3.00 | Epsilon 0.3761
Seed 2 | Episode 136 | Reward 60.00 | Epsilon 0.3757
Seed 2 | Episode 137 | Reward 23.00 | Epsilon 0.3748
Seed 2 | Episode 138 | Reward -100.00 | Epsilon 0.3726
Seed 2 | Episode 139 | Reward 30.00 | Epsilon 0.3718
Seed 2 | Episode 140 | Reward 44.00 | Epsilon 0.3711
Seed 2 | Episode 141 | Reward 47.00 | Epsilon 0.3705
Seed 2 | Episode 142 | Reward -3.00 | Epsilon 0.3694
Seed 2 | Episode 143 | Reward 56.00 | Epsilon 0.3689
Seed 2 | Episode 144 | Reward 42.00 | Epsilon 0.3682
Seed 2 | Episode 145 | Reward 53.00 | Epsilon 0.3677
Seed 2 | Episode 146 | Reward 57.00 | Epsilon 0.3672
Seed 2 | Episode 147 | Reward -8.00 | Epsilon 0.3660
Seed 2 | Episode 148 | Reward -139.00 | Epsilon 0.3634
Seed 2 | Episode 149 | Reward 56.00 | Epsilon 0.3629
Seed 2 | Episode 150 | Reward -17.00 | Epsilon 0.3616
Seed 2 | Episode 151 | Reward 43.00 | Epsilon 0.3610
Seed 2 | Episode 152 | Reward -92.00 | Epsilon 0.3589
Seed 2 | Episode 153 | Reward 1.00 | Epsilon 0.3578
Seed 2 | Episode 154 | Reward -8.00 | Epsilon 0.3567
Seed 2 | Episode 155 | Reward 30.00 | Epsilon 0.3559
Seed 2 | Episode 156 | Reward 56.00 | Epsilon 0.3554
Seed 2 | Episode 157 | Reward 40.00 | Epsilon 0.3548
Seed 2 | Episode 158 | Reward -73.00 | Epsilon 0.3529
Seed 2 | Episode 159 | Reward -72.00 | Epsilon 0.3511
Seed 2 | Episode 160 | Reward -12.00 | Epsilon 0.3499
Seed 2 | Episode 161 | Reward 51.00 | Epsilon 0.3494
Seed 2 | Episode 162 | Reward -2.00 | Epsilon 0.3483
Seed 2 | Episode 163 | Reward 37.00 | Epsilon 0.3476
Seed 2 | Episode 164 | Reward 50.00 | Epsilon 0.3471
Seed 2 | Episode 165 | Reward 52.00 | Epsilon 0.3466
Seed 2 | Episode 166 | Reward -15.00 | Epsilon 0.3454
Seed 2 | Episode 167 | Reward 52.00 | Epsilon 0.3449
Seed 2 | Episode 168 | Reward 42.00 | Epsilon 0.3443
Seed 2 | Episode 169 | Reward -13.00 | Epsilon 0.3431
Seed 2 | Episode 170 | Reward 49.00 | Epsilon 0.3426
Seed 2 | Episode 171 | Reward 49.00 | Epsilon 0.3420
Seed 2 | Episode 172 | Reward -13.00 | Epsilon 0.3409
Seed 2 | Episode 173 | Reward 51.00 | Epsilon 0.3403
Seed 2 | Episode 174 | Reward 45.00 | Epsilon 0.3398
Seed 2 | Episode 175 | Reward -8.00 | Epsilon 0.3387
Seed 2 | Episode 176 | Reward 48.00 | Epsilon 0.3381
Seed 2 | Episode 177 | Reward 47.00 | Epsilon 0.3376
Seed 2 | Episode 178 | Reward 56.00 | Epsilon 0.3371
Seed 2 | Episode 179 | Reward 39.00 | Epsilon 0.3365
Seed 2 | Episode 180 | Reward 58.00 | Epsilon 0.3361
Seed 2 | Episode 181 | Reward 24.00 | Epsilon 0.3353
Seed 2 | Episode 182 | Reward 58.00 | Epsilon 0.3349
Seed 2 | Episode 183 | Reward 54.00 | Epsilon 0.3344
Seed 2 | Episode 184 | Reward 38.00 | Epsilon 0.3338
Seed 2 | Episode 185 | Reward 56.00 | Epsilon 0.3333
Seed 2 | Episode 186 | Reward 49.00 | Epsilon 0.3328
Seed 2 | Episode 187 | Reward 43.00 | Epsilon 0.3322
Seed 2 | Episode 188 | Reward 49.00 | Epsilon 0.3317
Seed 2 | Episode 189 | Reward 49.00 | Epsilon 0.3312
Seed 2 | Episode 190 | Reward 51.00 | Epsilon 0.3307
Seed 2 | Episode 191 | Reward 53.00 | Epsilon 0.3302
Seed 2 | Episode 192 | Reward -10.00 | Epsilon 0.3291
Seed 2 | Episode 193 | Reward 47.00 | Epsilon 0.3286
Seed 2 | Episode 194 | Reward 54.00 | Epsilon 0.3281
Seed 2 | Episode 195 | Reward -94.00 | Epsilon 0.3262
Seed 2 | Episode 196 | Reward 39.00 | Epsilon 0.3256
Seed 2 | Episode 197 | Reward 20.00 | Epsilon 0.3248
Seed 2 | Episode 198 | Reward 45.00 | Epsilon 0.3242
Seed 2 | Episode 199 | Reward 39.00 | Epsilon 0.3236
Seed 2 | Episode 200 | Reward 52.00 | Epsilon 0.3232
Seed 2 | Episode 201 | Reward -21.00 | Epsilon 0.3220
Seed 2 | Episode 202 | Reward 44.00 | Epsilon 0.3214
Seed 2 | Episode 203 | Reward 40.00 | Epsilon 0.3209
Seed 2 | Episode 204 | Reward 45.00 | Epsilon 0.3203
Seed 2 | Episode 205 | Reward 38.00 | Epsilon 0.3197
Seed 2 | Episode 206 | Reward 53.00 | Epsilon 0.3192
Seed 2 | Episode 207 | Reward 57.00 | Epsilon 0.3188
Seed 2 | Episode 208 | Reward -36.00 | Epsilon 0.3175
Seed 2 | Episode 209 | Reward 41.00 | Epsilon 0.3169
Seed 2 | Episode 210 | Reward 15.00 | Epsilon 0.3161
Seed 2 | Episode 211 | Reward 47.00 | Epsilon 0.3156
Seed 2 | Episode 212 | Reward 54.00 | Epsilon 0.3152
Seed 2 | Episode 213 | Reward 43.00 | Epsilon 0.3146
Seed 2 | Episode 214 | Reward 20.00 | Epsilon 0.3139
Seed 2 | Episode 215 | Reward 42.00 | Epsilon 0.3133
Seed 2 | Episode 216 | Reward 46.00 | Epsilon 0.3128
Seed 2 | Episode 217 | Reward 52.00 | Epsilon 0.3123
Seed 2 | Episode 218 | Reward 38.00 | Epsilon 0.3117
Seed 2 | Episode 219 | Reward 45.00 | Epsilon 0.3112
Seed 2 | Episode 220 | Reward 51.00 | Epsilon 0.3108
Seed 2 | Episode 221 | Reward 42.00 | Epsilon 0.3102
Seed 2 | Episode 222 | Reward 12.00 | Epsilon 0.3094
Seed 2 | Episode 223 | Reward 53.00 | Epsilon 0.3089
Seed 2 | Episode 224 | Reward 51.00 | Epsilon 0.3085
Seed 2 | Episode 225 | Reward 52.00 | Epsilon 0.3080
Seed 2 | Episode 226 | Reward 43.00 | Epsilon 0.3075
Seed 2 | Episode 227 | Reward 47.00 | Epsilon 0.3070
Seed 2 | Episode 228 | Reward 45.00 | Epsilon 0.3065
Seed 2 | Episode 229 | Reward 47.00 | Epsilon 0.3060
Seed 2 | Episode 230 | Reward 44.00 | Epsilon 0.3054
Seed 2 | Episode 231 | Reward 40.00 | Epsilon 0.3049
Seed 2 | Episode 232 | Reward 39.00 | Epsilon 0.3043
Seed 2 | Episode 233 | Reward 36.00 | Epsilon 0.3037
Seed 2 | Episode 234 | Reward 43.00 | Epsilon 0.3032
Seed 2 | Episode 235 | Reward 44.00 | Epsilon 0.3027
Seed 2 | Episode 236 | Reward 46.00 | Epsilon 0.3022
Seed 2 | Episode 237 | Reward 59.00 | Epsilon 0.3018
Seed 2 | Episode 238 | Reward 40.00 | Epsilon 0.3013
Seed 2 | Episode 239 | Reward 29.00 | Epsilon 0.3006
Seed 2 | Episode 240 | Reward 59.00 | Epsilon 0.3002
Seed 2 | Episode 241 | Reward 45.00 | Epsilon 0.2997
Seed 2 | Episode 242 | Reward 48.00 | Epsilon 0.2992
Seed 2 | Episode 243 | Reward 50.00 | Epsilon 0.2988
Seed 2 | Episode 244 | Reward 34.00 | Epsilon 0.2982
Seed 2 | Episode 245 | Reward 39.00 | Epsilon 0.2976
Seed 2 | Episode 246 | Reward 46.00 | Epsilon 0.2971
Seed 2 | Episode 247 | Reward 56.00 | Epsilon 0.2967
Seed 2 | Episode 248 | Reward 44.00 | Epsilon 0.2962
Seed 2 | Episode 249 | Reward 47.00 | Epsilon 0.2958
Seed 2 | Episode 250 | Reward 45.00 | Epsilon 0.2953
Seed 2 | Episode 251 | Reward 40.00 | Epsilon 0.2947
Seed 2 | Episode 252 | Reward 44.00 | Epsilon 0.2942
Seed 2 | Episode 253 | Reward 40.00 | Epsilon 0.2937
Seed 2 | Episode 254 | Reward 35.00 | Epsilon 0.2931
Seed 2 | Episode 255 | Reward 47.00 | Epsilon 0.2926
Seed 2 | Episode 256 | Reward 39.00 | Epsilon 0.2921
Seed 2 | Episode 257 | Reward 41.00 | Epsilon 0.2916
Seed 2 | Episode 258 | Reward 39.00 | Epsilon 0.2910
Seed 2 | Episode 259 | Reward 43.00 | Epsilon 0.2905
Seed 2 | Episode 260 | Reward 45.00 | Epsilon 0.2900
Seed 2 | Episode 261 | Reward -22.00 | Epsilon 0.2889
Seed 2 | Episode 262 | Reward 41.00 | Epsilon 0.2884
Seed 2 | Episode 263 | Reward 34.00 | Epsilon 0.2878
Seed 2 | Episode 264 | Reward 53.00 | Epsilon 0.2874
Seed 2 | Episode 265 | Reward 26.00 | Epsilon 0.2868
Seed 2 | Episode 266 | Reward 49.00 | Epsilon 0.2863
Seed 2 | Episode 267 | Reward 36.00 | Epsilon 0.2858
Seed 2 | Episode 268 | Reward 63.00 | Epsilon 0.2855
Seed 2 | Episode 269 | Reward 43.00 | Epsilon 0.2850
Seed 2 | Episode 270 | Reward 42.00 | Epsilon 0.2845
Seed 2 | Episode 271 | Reward 52.00 | Epsilon 0.2840
Seed 2 | Episode 272 | Reward -28.00 | Epsilon 0.2829
Seed 2 | Episode 273 | Reward -59.00 | Epsilon 0.2816
Seed 2 | Episode 274 | Reward 42.00 | Epsilon 0.2811
Seed 2 | Episode 275 | Reward 31.00 | Epsilon 0.2805
Seed 2 | Episode 276 | Reward 49.00 | Epsilon 0.2801
Seed 2 | Episode 277 | Reward 36.00 | Epsilon 0.2795
Seed 2 | Episode 278 | Reward 43.00 | Epsilon 0.2790
Seed 2 | Episode 279 | Reward 51.00 | Epsilon 0.2786
Seed 2 | Episode 280 | Reward 61.00 | Epsilon 0.2783
Seed 2 | Episode 281 | Reward 45.00 | Epsilon 0.2778
Seed 2 | Episode 282 | Reward 52.00 | Epsilon 0.2774
Seed 2 | Episode 283 | Reward 53.00 | Epsilon 0.2770
Seed 2 | Episode 284 | Reward 35.00 | Epsilon 0.2765
Seed 2 | Episode 285 | Reward 43.00 | Epsilon 0.2760
Seed 2 | Episode 286 | Reward 40.00 | Epsilon 0.2755
Seed 2 | Episode 287 | Reward 20.00 | Epsilon 0.2748
Seed 2 | Episode 288 | Reward -27.00 | Epsilon 0.2738
Seed 2 | Episode 289 | Reward 55.00 | Epsilon 0.2734
Seed 2 | Episode 290 | Reward 38.00 | Epsilon 0.2729
Seed 2 | Episode 291 | Reward 43.00 | Epsilon 0.2724
Seed 2 | Episode 292 | Reward 45.00 | Epsilon 0.2719
Seed 2 | Episode 293 | Reward 58.00 | Epsilon 0.2716
Seed 2 | Episode 294 | Reward 45.00 | Epsilon 0.2711
Seed 2 | Episode 295 | Reward 33.00 | Epsilon 0.2706
Seed 2 | Episode 296 | Reward 47.00 | Epsilon 0.2701
Seed 2 | Episode 297 | Reward 49.00 | Epsilon 0.2697
Seed 2 | Episode 298 | Reward 41.00 | Epsilon 0.2692
Seed 2 | Episode 299 | Reward 34.00 | Epsilon 0.2687
Seed 2 | Episode 300 | Reward 42.00 | Epsilon 0.2682
Seed 2 | Episode 301 | Reward 16.00 | Epsilon 0.2675
Seed 2 | Episode 302 | Reward 50.00 | Epsilon 0.2671
Seed 2 | Episode 303 | Reward 46.00 | Epsilon 0.2667
Seed 2 | Episode 304 | Reward 42.00 | Epsilon 0.2662
Seed 2 | Episode 305 | Reward 59.00 | Epsilon 0.2659
Seed 2 | Episode 306 | Reward 59.00 | Epsilon 0.2655
Seed 2 | Episode 307 | Reward 49.00 | Epsilon 0.2651
Seed 2 | Episode 308 | Reward 25.00 | Epsilon 0.2645
Seed 2 | Episode 309 | Reward 47.00 | Epsilon 0.2641
Seed 2 | Episode 310 | Reward 45.00 | Epsilon 0.2636
Seed 2 | Episode 311 | Reward 45.00 | Epsilon 0.2632
Seed 2 | Episode 312 | Reward 32.00 | Epsilon 0.2627
Seed 2 | Episode 313 | Reward 40.00 | Epsilon 0.2622
Seed 2 | Episode 314 | Reward 41.00 | Epsilon 0.2617
Seed 2 | Episode 315 | Reward 50.00 | Epsilon 0.2613
Seed 2 | Episode 316 | Reward 46.00 | Epsilon 0.2609
Seed 2 | Episode 317 | Reward 44.00 | Epsilon 0.2604
Seed 2 | Episode 318 | Reward 37.00 | Epsilon 0.2599
Seed 2 | Episode 319 | Reward 50.00 | Epsilon 0.2595
Seed 2 | Episode 320 | Reward 44.00 | Epsilon 0.2591
Seed 2 | Episode 321 | Reward 45.00 | Epsilon 0.2587
Seed 2 | Episode 322 | Reward 37.00 | Epsilon 0.2582
Seed 2 | Episode 323 | Reward 48.00 | Epsilon 0.2577
Seed 2 | Episode 324 | Reward 61.00 | Epsilon 0.2574
Seed 2 | Episode 325 | Reward 57.00 | Epsilon 0.2571
Seed 2 | Episode 326 | Reward 57.00 | Epsilon 0.2568
Seed 2 | Episode 327 | Reward 51.00 | Epsilon 0.2564
Seed 2 | Episode 328 | Reward 47.00 | Epsilon 0.2560
Seed 2 | Episode 329 | Reward 41.00 | Epsilon 0.2555
Seed 2 | Episode 330 | Reward 42.00 | Epsilon 0.2550
Seed 2 | Episode 331 | Reward 43.00 | Epsilon 0.2546
Seed 2 | Episode 332 | Reward 52.00 | Epsilon 0.2542
Seed 2 | Episode 333 | Reward 52.00 | Epsilon 0.2539
Seed 2 | Episode 334 | Reward 53.00 | Epsilon 0.2535
Seed 2 | Episode 335 | Reward 45.00 | Epsilon 0.2531
Seed 2 | Episode 336 | Reward 57.00 | Epsilon 0.2527
Seed 2 | Episode 337 | Reward 48.00 | Epsilon 0.2523
Seed 2 | Episode 338 | Reward 21.00 | Epsilon 0.2517
Seed 2 | Episode 339 | Reward 43.00 | Epsilon 0.2513
Seed 2 | Episode 340 | Reward 39.00 | Epsilon 0.2508
Seed 2 | Episode 341 | Reward 30.00 | Epsilon 0.2503
Seed 2 | Episode 342 | Reward 28.00 | Epsilon 0.2497
Seed 2 | Episode 343 | Reward 49.00 | Epsilon 0.2493
Seed 2 | Episode 344 | Reward 40.00 | Epsilon 0.2489
Seed 2 | Episode 345 | Reward 41.00 | Epsilon 0.2484
Seed 2 | Episode 346 | Reward 42.00 | Epsilon 0.2480
Seed 2 | Episode 347 | Reward 56.00 | Epsilon 0.2477
Seed 2 | Episode 348 | Reward 57.00 | Epsilon 0.2473
Seed 2 | Episode 349 | Reward 40.00 | Epsilon 0.2469
Seed 2 | Episode 350 | Reward 40.00 | Epsilon 0.2464
Seed 2 | Episode 351 | Reward 43.00 | Epsilon 0.2460
Seed 2 | Episode 352 | Reward 58.00 | Epsilon 0.2457
Seed 2 | Episode 353 | Reward 39.00 | Epsilon 0.2452
Seed 2 | Episode 354 | Reward 47.00 | Epsilon 0.2448
Seed 2 | Episode 355 | Reward 52.00 | Epsilon 0.2445
Seed 2 | Episode 356 | Reward 56.00 | Epsilon 0.2442
Seed 2 | Episode 357 | Reward 53.00 | Epsilon 0.2438
Seed 2 | Episode 358 | Reward 60.00 | Epsilon 0.2435
Seed 2 | Episode 359 | Reward 53.00 | Epsilon 0.2432
Seed 2 | Episode 360 | Reward 42.00 | Epsilon 0.2427
Seed 2 | Episode 361 | Reward 52.00 | Epsilon 0.2424
Seed 2 | Episode 362 | Reward 46.00 | Epsilon 0.2420
Seed 2 | Episode 363 | Reward 41.00 | Epsilon 0.2415
Seed 2 | Episode 364 | Reward 59.00 | Epsilon 0.2412
Seed 2 | Episode 365 | Reward 57.00 | Epsilon 0.2409
Seed 2 | Episode 366 | Reward 54.00 | Epsilon 0.2406
Seed 2 | Episode 367 | Reward 43.00 | Epsilon 0.2402
Seed 2 | Episode 368 | Reward 49.00 | Epsilon 0.2398
Seed 2 | Episode 369 | Reward 44.00 | Epsilon 0.2394
Seed 2 | Episode 370 | Reward 58.00 | Epsilon 0.2391
Seed 2 | Episode 371 | Reward 40.00 | Epsilon 0.2386
Seed 2 | Episode 372 | Reward 52.00 | Epsilon 0.2383
Seed 2 | Episode 373 | Reward 58.00 | Epsilon 0.2380
Seed 2 | Episode 374 | Reward 43.00 | Epsilon 0.2375
Seed 2 | Episode 375 | Reward 47.00 | Epsilon 0.2372
Seed 2 | Episode 376 | Reward 42.00 | Epsilon 0.2367
Seed 2 | Episode 377 | Reward 58.00 | Epsilon 0.2364
Seed 2 | Episode 378 | Reward 48.00 | Epsilon 0.2361
Seed 2 | Episode 379 | Reward 42.00 | Epsilon 0.2356
Seed 2 | Episode 380 | Reward -5.00 | Epsilon 0.2349
Seed 2 | Episode 381 | Reward 36.00 | Epsilon 0.2344
Seed 2 | Episode 382 | Reward 52.00 | Epsilon 0.2341
Seed 2 | Episode 383 | Reward 49.00 | Epsilon 0.2337
Seed 2 | Episode 384 | Reward 31.00 | Epsilon 0.2332
Seed 2 | Episode 385 | Reward 32.00 | Epsilon 0.2328
Seed 2 | Episode 386 | Reward 53.00 | Epsilon 0.2324
Seed 2 | Episode 387 | Reward 46.00 | Epsilon 0.2320
Seed 2 | Episode 388 | Reward 58.00 | Epsilon 0.2317
Seed 2 | Episode 389 | Reward 41.00 | Epsilon 0.2313
Seed 2 | Episode 390 | Reward 52.00 | Epsilon 0.2310
Seed 2 | Episode 391 | Reward 31.00 | Epsilon 0.2305
Seed 2 | Episode 392 | Reward 38.00 | Epsilon 0.2301
Seed 2 | Episode 393 | Reward 42.00 | Epsilon 0.2297
Seed 2 | Episode 394 | Reward 41.00 | Epsilon 0.2292
Seed 2 | Episode 395 | Reward 33.00 | Epsilon 0.2288
Seed 2 | Episode 396 | Reward 45.00 | Epsilon 0.2284
Seed 2 | Episode 397 | Reward 57.00 | Epsilon 0.2281
Seed 2 | Episode 398 | Reward 58.00 | Epsilon 0.2278
Seed 2 | Episode 399 | Reward 51.00 | Epsilon 0.2275
Seed 2 | Episode 400 | Reward 57.00 | Epsilon 0.2272
Seed 2 | Episode 401 | Reward 63.00 | Epsilon 0.2269
Seed 2 | Episode 402 | Reward 40.00 | Epsilon 0.2265
Seed 2 | Episode 403 | Reward 39.00 | Epsilon 0.2261
Seed 2 | Episode 404 | Reward 38.00 | Epsilon 0.2256
Seed 2 | Episode 405 | Reward 47.00 | Epsilon 0.2253
Seed 2 | Episode 406 | Reward 45.00 | Epsilon 0.2249
Seed 2 | Episode 407 | Reward 48.00 | Epsilon 0.2245
Seed 2 | Episode 408 | Reward 39.00 | Epsilon 0.2241
Seed 2 | Episode 409 | Reward 51.00 | Epsilon 0.2238
Seed 2 | Episode 410 | Reward 52.00 | Epsilon 0.2235
Seed 2 | Episode 411 | Reward 34.00 | Epsilon 0.2230
Seed 2 | Episode 412 | Reward 54.00 | Epsilon 0.2227
Seed 2 | Episode 413 | Reward 49.00 | Epsilon 0.2223
Seed 2 | Episode 414 | Reward 45.00 | Epsilon 0.2220
Seed 2 | Episode 415 | Reward 46.00 | Epsilon 0.2216
Seed 2 | Episode 416 | Reward 50.00 | Epsilon 0.2213
Seed 2 | Episode 417 | Reward -21.00 | Epsilon 0.2205
Seed 2 | Episode 418 | Reward 42.00 | Epsilon 0.2201
Seed 2 | Episode 419 | Reward 38.00 | Epsilon 0.2197
Seed 2 | Episode 420 | Reward 44.00 | Epsilon 0.2193
Seed 2 | Episode 421 | Reward 51.00 | Epsilon 0.2189
Seed 2 | Episode 422 | Reward 48.00 | Epsilon 0.2186
Seed 2 | Episode 423 | Reward 61.00 | Epsilon 0.2183
Seed 2 | Episode 424 | Reward 50.00 | Epsilon 0.2180
Seed 2 | Episode 425 | Reward 51.00 | Epsilon 0.2177
Seed 2 | Episode 426 | Reward 61.00 | Epsilon 0.2174
Seed 2 | Episode 427 | Reward 29.00 | Epsilon 0.2169
Seed 2 | Episode 428 | Reward 53.00 | Epsilon 0.2166
Seed 2 | Episode 429 | Reward 40.00 | Epsilon 0.2162
Seed 2 | Episode 430 | Reward 36.00 | Epsilon 0.2158
Seed 2 | Episode 431 | Reward 33.00 | Epsilon 0.2154
Seed 2 | Episode 432 | Reward 40.00 | Epsilon 0.2150
Seed 2 | Episode 433 | Reward 51.00 | Epsilon 0.2147
Seed 2 | Episode 434 | Reward 59.00 | Epsilon 0.2144
Seed 2 | Episode 435 | Reward 54.00 | Epsilon 0.2141
Seed 2 | Episode 436 | Reward 55.00 | Epsilon 0.2138
Seed 2 | Episode 437 | Reward 48.00 | Epsilon 0.2135
Seed 2 | Episode 438 | Reward 60.00 | Epsilon 0.2132
Seed 2 | Episode 439 | Reward 53.00 | Epsilon 0.2129
Seed 2 | Episode 440 | Reward 50.00 | Epsilon 0.2126
Seed 2 | Episode 441 | Reward 47.00 | Epsilon 0.2122
Seed 2 | Episode 442 | Reward 45.00 | Epsilon 0.2119
Seed 2 | Episode 443 | Reward 46.00 | Epsilon 0.2115
Seed 2 | Episode 444 | Reward 47.00 | Epsilon 0.2112
Seed 2 | Episode 445 | Reward 47.00 | Epsilon 0.2108
Seed 2 | Episode 446 | Reward 32.00 | Epsilon 0.2104
Seed 2 | Episode 447 | Reward 49.00 | Epsilon 0.2101
Seed 2 | Episode 448 | Reward 38.00 | Epsilon 0.2097
Seed 2 | Episode 449 | Reward 28.00 | Epsilon 0.2092
Seed 2 | Episode 450 | Reward 44.00 | Epsilon 0.2088
Seed 2 | Episode 451 | Reward 40.00 | Epsilon 0.2085
Seed 2 | Episode 452 | Reward 51.00 | Epsilon 0.2082
Seed 2 | Episode 453 | Reward 47.00 | Epsilon 0.2078
Seed 2 | Episode 454 | Reward 49.00 | Epsilon 0.2075
Seed 2 | Episode 455 | Reward 32.00 | Epsilon 0.2071
Seed 2 | Episode 456 | Reward 61.00 | Epsilon 0.2068
Seed 2 | Episode 457 | Reward 30.00 | Epsilon 0.2064
Seed 2 | Episode 458 | Reward 53.00 | Epsilon 0.2061
Seed 2 | Episode 459 | Reward 48.00 | Epsilon 0.2058
Seed 2 | Episode 460 | Reward 30.00 | Epsilon 0.2053
Seed 2 | Episode 461 | Reward 49.00 | Epsilon 0.2050
Seed 2 | Episode 462 | Reward 39.00 | Epsilon 0.2046
Seed 2 | Episode 463 | Reward 42.00 | Epsilon 0.2043
Seed 2 | Episode 464 | Reward 38.00 | Epsilon 0.2039
Seed 2 | Episode 465 | Reward 52.00 | Epsilon 0.2036
Seed 2 | Episode 466 | Reward 49.00 | Epsilon 0.2032
Seed 2 | Episode 467 | Reward 48.00 | Epsilon 0.2029
Seed 2 | Episode 468 | Reward 55.00 | Epsilon 0.2026
Seed 2 | Episode 469 | Reward 40.00 | Epsilon 0.2023
Seed 2 | Episode 470 | Reward 29.00 | Epsilon 0.2018
Seed 2 | Episode 471 | Reward 46.00 | Epsilon 0.2015
Seed 2 | Episode 472 | Reward 46.00 | Epsilon 0.2012
Seed 2 | Episode 473 | Reward 48.00 | Epsilon 0.2009
Seed 2 | Episode 474 | Reward 53.00 | Epsilon 0.2006
Seed 2 | Episode 475 | Reward 46.00 | Epsilon 0.2002
Seed 2 | Episode 476 | Reward 39.00 | Epsilon 0.1999
Seed 2 | Episode 477 | Reward 44.00 | Epsilon 0.1995
Seed 2 | Episode 478 | Reward 37.00 | Epsilon 0.1991
Seed 2 | Episode 479 | Reward 50.00 | Epsilon 0.1988
Seed 2 | Episode 480 | Reward 34.00 | Epsilon 0.1984
Seed 2 | Episode 481 | Reward 36.00 | Epsilon 0.1980
Seed 2 | Episode 482 | Reward 47.00 | Epsilon 0.1977
Seed 2 | Episode 483 | Reward 52.00 | Epsilon 0.1974
Seed 2 | Episode 484 | Reward 56.00 | Epsilon 0.1972
Seed 2 | Episode 485 | Reward 43.00 | Epsilon 0.1968
Seed 2 | Episode 486 | Reward 32.00 | Epsilon 0.1964
Seed 2 | Episode 487 | Reward 46.00 | Epsilon 0.1961
Seed 2 | Episode 488 | Reward 53.00 | Epsilon 0.1958
Seed 2 | Episode 489 | Reward 41.00 | Epsilon 0.1955
Seed 2 | Episode 490 | Reward 49.00 | Epsilon 0.1952
Seed 2 | Episode 491 | Reward 43.00 | Epsilon 0.1948
Seed 2 | Episode 492 | Reward 38.00 | Epsilon 0.1945
Seed 2 | Episode 493 | Reward 55.00 | Epsilon 0.1942
Seed 2 | Episode 494 | Reward 52.00 | Epsilon 0.1939
Seed 2 | Episode 495 | Reward 43.00 | Epsilon 0.1936
Seed 2 | Episode 496 | Reward 37.00 | Epsilon 0.1932
Seed 2 | Episode 497 | Reward 56.00 | Epsilon 0.1929
Seed 2 | Episode 498 | Reward 37.00 | Epsilon 0.1926
Seed 2 | Episode 499 | Reward 56.00 | Epsilon 0.1923
Seed 2 | Episode 500 | Reward 48.00 | Epsilon 0.1920
Seed 2 | Episode 501 | Reward 31.00 | Epsilon 0.1916
Seed 2 | Episode 502 | Reward 49.00 | Epsilon 0.1913
Seed 2 | Episode 503 | Reward 44.00 | Epsilon 0.1910
Seed 2 | Episode 504 | Reward 41.00 | Epsilon 0.1906
Seed 2 | Episode 505 | Reward 46.00 | Epsilon 0.1903
Seed 2 | Episode 506 | Reward 50.00 | Epsilon 0.1900
Seed 2 | Episode 507 | Reward 58.00 | Epsilon 0.1898
Seed 2 | Episode 508 | Reward 42.00 | Epsilon 0.1894
Seed 2 | Episode 509 | Reward 41.00 | Epsilon 0.1891
Seed 2 | Episode 510 | Reward 47.00 | Epsilon 0.1888
Seed 2 | Episode 511 | Reward 50.00 | Epsilon 0.1885
Seed 2 | Episode 512 | Reward 57.00 | Epsilon 0.1883
Seed 2 | Episode 513 | Reward 28.00 | Epsilon 0.1878
Seed 2 | Episode 514 | Reward 61.00 | Epsilon 0.1876
Seed 2 | Episode 515 | Reward 46.00 | Epsilon 0.1873
Seed 2 | Episode 516 | Reward 63.00 | Epsilon 0.1871
Seed 2 | Episode 517 | Reward 53.00 | Epsilon 0.1868
Seed 2 | Episode 518 | Reward 49.00 | Epsilon 0.1865
Seed 2 | Episode 519 | Reward 44.00 | Epsilon 0.1862
Seed 2 | Episode 520 | Reward 53.00 | Epsilon 0.1859
Seed 2 | Episode 521 | Reward 49.00 | Epsilon 0.1857
Seed 2 | Episode 522 | Reward 55.00 | Epsilon 0.1854
Seed 2 | Episode 523 | Reward 43.00 | Epsilon 0.1851
Seed 2 | Episode 524 | Reward 39.00 | Epsilon 0.1847
Seed 2 | Episode 525 | Reward 48.00 | Epsilon 0.1844
Seed 2 | Episode 526 | Reward 39.00 | Epsilon 0.1841
Seed 2 | Episode 527 | Reward 45.00 | Epsilon 0.1838
Seed 2 | Episode 528 | Reward 44.00 | Epsilon 0.1835
Seed 2 | Episode 529 | Reward 52.00 | Epsilon 0.1832
Seed 2 | Episode 530 | Reward 56.00 | Epsilon 0.1830
Seed 2 | Episode 531 | Reward 47.00 | Epsilon 0.1827
Seed 2 | Episode 532 | Reward 38.00 | Epsilon 0.1823
Seed 2 | Episode 533 | Reward 57.00 | Epsilon 0.1821
Seed 2 | Episode 534 | Reward 31.00 | Epsilon 0.1817
Seed 2 | Episode 535 | Reward 61.00 | Epsilon 0.1815
Seed 2 | Episode 536 | Reward 47.00 | Epsilon 0.1812
Seed 2 | Episode 537 | Reward 44.00 | Epsilon 0.1809
Seed 2 | Episode 538 | Reward 52.00 | Epsilon 0.1806
Seed 2 | Episode 539 | Reward 58.00 | Epsilon 0.1804
Seed 2 | Episode 540 | Reward 22.00 | Epsilon 0.1799
Seed 2 | Episode 541 | Reward 47.00 | Epsilon 0.1797
Seed 2 | Episode 542 | Reward 41.00 | Epsilon 0.1793
Seed 2 | Episode 543 | Reward 38.00 | Epsilon 0.1790
Seed 2 | Episode 544 | Reward 39.00 | Epsilon 0.1787
Seed 2 | Episode 545 | Reward 53.00 | Epsilon 0.1784
Seed 2 | Episode 546 | Reward 33.00 | Epsilon 0.1780
Seed 2 | Episode 547 | Reward 51.00 | Epsilon 0.1778
Seed 2 | Episode 548 | Reward 48.00 | Epsilon 0.1775
Seed 2 | Episode 549 | Reward 45.00 | Epsilon 0.1772
Seed 2 | Episode 550 | Reward 54.00 | Epsilon 0.1769
Seed 2 | Episode 551 | Reward 47.00 | Epsilon 0.1767
Seed 2 | Episode 552 | Reward 48.00 | Epsilon 0.1764
Seed 2 | Episode 553 | Reward 55.00 | Epsilon 0.1761
Seed 2 | Episode 554 | Reward 57.00 | Epsilon 0.1759
Seed 2 | Episode 555 | Reward 54.00 | Epsilon 0.1757
Seed 2 | Episode 556 | Reward 60.00 | Epsilon 0.1754
Seed 2 | Episode 557 | Reward 61.00 | Epsilon 0.1752
Seed 2 | Episode 558 | Reward 47.00 | Epsilon 0.1749
Seed 2 | Episode 559 | Reward 48.00 | Epsilon 0.1747
Seed 2 | Episode 560 | Reward 36.00 | Epsilon 0.1743
Seed 2 | Episode 561 | Reward 58.00 | Epsilon 0.1741
Seed 2 | Episode 562 | Reward 46.00 | Epsilon 0.1738
Seed 2 | Episode 563 | Reward 50.00 | Epsilon 0.1735
Seed 2 | Episode 564 | Reward 54.00 | Epsilon 0.1733
Seed 2 | Episode 565 | Reward 48.00 | Epsilon 0.1730
Seed 2 | Episode 566 | Reward 44.00 | Epsilon 0.1727
Seed 2 | Episode 567 | Reward 50.00 | Epsilon 0.1725
Seed 2 | Episode 568 | Reward 60.00 | Epsilon 0.1723
Seed 2 | Episode 569 | Reward 47.00 | Epsilon 0.1720
Seed 2 | Episode 570 | Reward 57.00 | Epsilon 0.1717
Seed 2 | Episode 571 | Reward 43.00 | Epsilon 0.1715
Seed 2 | Episode 572 | Reward 51.00 | Epsilon 0.1712
Seed 2 | Episode 573 | Reward 53.00 | Epsilon 0.1709
Seed 2 | Episode 574 | Reward 47.00 | Epsilon 0.1707
Seed 2 | Episode 575 | Reward 39.00 | Epsilon 0.1704
Seed 2 | Episode 576 | Reward 42.00 | Epsilon 0.1701
Seed 2 | Episode 577 | Reward 37.00 | Epsilon 0.1697
Seed 2 | Episode 578 | Reward 35.00 | Epsilon 0.1694
Seed 2 | Episode 579 | Reward 51.00 | Epsilon 0.1691
Seed 2 | Episode 580 | Reward 43.00 | Epsilon 0.1688
Seed 2 | Episode 581 | Reward 50.00 | Epsilon 0.1686
Seed 2 | Episode 582 | Reward 52.00 | Epsilon 0.1683
Seed 2 | Episode 583 | Reward 54.00 | Epsilon 0.1681
Seed 2 | Episode 584 | Reward 33.00 | Epsilon 0.1678
Seed 2 | Episode 585 | Reward 49.00 | Epsilon 0.1675
Seed 2 | Episode 586 | Reward 58.00 | Epsilon 0.1673
Seed 2 | Episode 587 | Reward 50.00 | Epsilon 0.1670
Seed 2 | Episode 588 | Reward 41.00 | Epsilon 0.1667
Seed 2 | Episode 589 | Reward 55.00 | Epsilon 0.1665
Seed 2 | Episode 590 | Reward 57.00 | Epsilon 0.1663
Seed 2 | Episode 591 | Reward 59.00 | Epsilon 0.1661
Seed 2 | Episode 592 | Reward 45.00 | Epsilon 0.1658
Seed 2 | Episode 593 | Reward 50.00 | Epsilon 0.1655
Seed 2 | Episode 594 | Reward 49.00 | Epsilon 0.1653
Seed 2 | Episode 595 | Reward 39.00 | Epsilon 0.1650
Seed 2 | Episode 596 | Reward 33.00 | Epsilon 0.1646
Seed 2 | Episode 597 | Reward 52.00 | Epsilon 0.1644
Seed 2 | Episode 598 | Reward 51.00 | Epsilon 0.1641
Seed 2 | Episode 599 | Reward 51.00 | Epsilon 0.1639
Seed 2 | Episode 600 | Reward 40.00 | Epsilon 0.1636
Seed 2 | Episode 601 | Reward 55.00 | Epsilon 0.1634
Seed 2 | Episode 602 | Reward 46.00 | Epsilon 0.1631
Seed 2 | Episode 603 | Reward 38.00 | Epsilon 0.1628
Seed 2 | Episode 604 | Reward 48.00 | Epsilon 0.1625
Seed 2 | Episode 605 | Reward 41.00 | Epsilon 0.1622
Seed 2 | Episode 606 | Reward 41.00 | Epsilon 0.1620
Seed 2 | Episode 607 | Reward 39.00 | Epsilon 0.1617
Seed 2 | Episode 608 | Reward 56.00 | Epsilon 0.1614
Seed 2 | Episode 609 | Reward 44.00 | Epsilon 0.1612
Seed 2 | Episode 610 | Reward 55.00 | Epsilon 0.1609
Seed 2 | Episode 611 | Reward 59.00 | Epsilon 0.1607
Seed 2 | Episode 612 | Reward 41.00 | Epsilon 0.1604
Seed 2 | Episode 613 | Reward 39.00 | Epsilon 0.1601
Seed 2 | Episode 614 | Reward 43.00 | Epsilon 0.1599
Seed 2 | Episode 615 | Reward 62.00 | Epsilon 0.1597
Seed 2 | Episode 616 | Reward 58.00 | Epsilon 0.1595
Seed 2 | Episode 617 | Reward 54.00 | Epsilon 0.1592
Seed 2 | Episode 618 | Reward 40.00 | Epsilon 0.1590
Seed 2 | Episode 619 | Reward 46.00 | Epsilon 0.1587
Seed 2 | Episode 620 | Reward 53.00 | Epsilon 0.1585
Seed 2 | Episode 621 | Reward 56.00 | Epsilon 0.1583
Seed 2 | Episode 622 | Reward 28.00 | Epsilon 0.1579
Seed 2 | Episode 623 | Reward 41.00 | Epsilon 0.1576
Seed 2 | Episode 624 | Reward 55.00 | Epsilon 0.1574
Seed 2 | Episode 625 | Reward 51.00 | Epsilon 0.1572
Seed 2 | Episode 626 | Reward 54.00 | Epsilon 0.1569
Seed 2 | Episode 627 | Reward 56.00 | Epsilon 0.1567
Seed 2 | Episode 628 | Reward 52.00 | Epsilon 0.1565
Seed 2 | Episode 629 | Reward 55.00 | Epsilon 0.1563
Seed 2 | Episode 630 | Reward 48.00 | Epsilon 0.1560
Seed 2 | Episode 631 | Reward 49.00 | Epsilon 0.1558
Seed 2 | Episode 632 | Reward 48.00 | Epsilon 0.1556
Seed 2 | Episode 633 | Reward 58.00 | Epsilon 0.1554
Seed 2 | Episode 634 | Reward 44.00 | Epsilon 0.1551
Seed 2 | Episode 635 | Reward 63.00 | Epsilon 0.1549
Seed 2 | Episode 636 | Reward 47.00 | Epsilon 0.1547
Seed 2 | Episode 637 | Reward 51.00 | Epsilon 0.1544
Seed 2 | Episode 638 | Reward 57.00 | Epsilon 0.1542
Seed 2 | Episode 639 | Reward 55.00 | Epsilon 0.1540
Seed 2 | Episode 640 | Reward 52.00 | Epsilon 0.1538
Seed 2 | Episode 641 | Reward 30.00 | Epsilon 0.1535
Seed 2 | Episode 642 | Reward 57.00 | Epsilon 0.1533
Seed 2 | Episode 643 | Reward 57.00 | Epsilon 0.1531
Seed 2 | Episode 644 | Reward 45.00 | Epsilon 0.1528
Seed 2 | Episode 645 | Reward 55.00 | Epsilon 0.1526
Seed 2 | Episode 646 | Reward 39.00 | Epsilon 0.1523
Seed 2 | Episode 647 | Reward 56.00 | Epsilon 0.1521
Seed 2 | Episode 648 | Reward 60.00 | Epsilon 0.1519
Seed 2 | Episode 649 | Reward 50.00 | Epsilon 0.1517
Seed 2 | Episode 650 | Reward 58.00 | Epsilon 0.1515
Seed 2 | Episode 651 | Reward 55.00 | Epsilon 0.1513
Seed 2 | Episode 652 | Reward 49.00 | Epsilon 0.1510
Seed 2 | Episode 653 | Reward 32.00 | Epsilon 0.1507
Seed 2 | Episode 654 | Reward 53.00 | Epsilon 0.1505
Seed 2 | Episode 655 | Reward 58.00 | Epsilon 0.1503
Seed 2 | Episode 656 | Reward 59.00 | Epsilon 0.1501
Seed 2 | Episode 657 | Reward 47.00 | Epsilon 0.1499
Seed 2 | Episode 658 | Reward 41.00 | Epsilon 0.1496
Seed 2 | Episode 659 | Reward 58.00 | Epsilon 0.1494
Seed 2 | Episode 660 | Reward 52.00 | Epsilon 0.1492
Seed 2 | Episode 661 | Reward 60.00 | Epsilon 0.1490
Seed 2 | Episode 662 | Reward 59.00 | Epsilon 0.1488
Seed 2 | Episode 663 | Reward 51.00 | Epsilon 0.1486
Seed 2 | Episode 664 | Reward 56.00 | Epsilon 0.1484
Seed 2 | Episode 665 | Reward 39.00 | Epsilon 0.1481
Seed 2 | Episode 666 | Reward 37.00 | Epsilon 0.1478
Seed 2 | Episode 667 | Reward 38.00 | Epsilon 0.1476
Seed 2 | Episode 668 | Reward 51.00 | Epsilon 0.1473
Seed 2 | Episode 669 | Reward 39.00 | Epsilon 0.1471
Seed 2 | Episode 670 | Reward 56.00 | Epsilon 0.1469
Seed 2 | Episode 671 | Reward 57.00 | Epsilon 0.1467
Seed 2 | Episode 672 | Reward 37.00 | Epsilon 0.1464
Seed 2 | Episode 673 | Reward 60.00 | Epsilon 0.1462
Seed 2 | Episode 674 | Reward 60.00 | Epsilon 0.1460
Seed 2 | Episode 675 | Reward 35.00 | Epsilon 0.1457
Seed 2 | Episode 676 | Reward 41.00 | Epsilon 0.1455
Seed 2 | Episode 677 | Reward 49.00 | Epsilon 0.1453
Seed 2 | Episode 678 | Reward 60.00 | Epsilon 0.1451
Seed 2 | Episode 679 | Reward 46.00 | Epsilon 0.1448
Seed 2 | Episode 680 | Reward 60.00 | Epsilon 0.1447
Seed 2 | Episode 681 | Reward 46.00 | Epsilon 0.1444
Seed 2 | Episode 682 | Reward 61.00 | Epsilon 0.1443
Seed 2 | Episode 683 | Reward 51.00 | Epsilon 0.1440
Seed 2 | Episode 684 | Reward 43.00 | Epsilon 0.1438
Seed 2 | Episode 685 | Reward 51.00 | Epsilon 0.1436
Seed 2 | Episode 686 | Reward 50.00 | Epsilon 0.1433
Seed 2 | Episode 687 | Reward 51.00 | Epsilon 0.1431
Seed 2 | Episode 688 | Reward 46.00 | Epsilon 0.1429
Seed 2 | Episode 689 | Reward 65.00 | Epsilon 0.1427
Seed 2 | Episode 690 | Reward 30.00 | Epsilon 0.1424
Seed 2 | Episode 691 | Reward 58.00 | Epsilon 0.1423
Seed 2 | Episode 692 | Reward 59.00 | Epsilon 0.1421
Seed 2 | Episode 693 | Reward 40.00 | Epsilon 0.1418
Seed 2 | Episode 694 | Reward 62.00 | Epsilon 0.1417
Seed 2 | Episode 695 | Reward 57.00 | Epsilon 0.1415
Seed 2 | Episode 696 | Reward 50.00 | Epsilon 0.1412
Seed 2 | Episode 697 | Reward 36.00 | Epsilon 0.1410
Seed 2 | Episode 698 | Reward 41.00 | Epsilon 0.1407
Seed 2 | Episode 699 | Reward 48.00 | Epsilon 0.1405
Seed 2 | Episode 700 | Reward 41.00 | Epsilon 0.1402
Seed 2 | Episode 701 | Reward 49.00 | Epsilon 0.1400
Seed 2 | Episode 702 | Reward 61.00 | Epsilon 0.1399
Seed 2 | Episode 703 | Reward 41.00 | Epsilon 0.1396
Seed 2 | Episode 704 | Reward 49.00 | Epsilon 0.1394
Seed 2 | Episode 705 | Reward 38.00 | Epsilon 0.1391
Seed 2 | Episode 706 | Reward 49.00 | Epsilon 0.1389
Seed 2 | Episode 707 | Reward 41.00 | Epsilon 0.1387
Seed 2 | Episode 708 | Reward 45.00 | Epsilon 0.1384
Seed 2 | Episode 709 | Reward 57.00 | Epsilon 0.1382
Seed 2 | Episode 710 | Reward 62.00 | Epsilon 0.1381
Seed 2 | Episode 711 | Reward 39.00 | Epsilon 0.1378
Seed 2 | Episode 712 | Reward 58.00 | Epsilon 0.1376
Seed 2 | Episode 713 | Reward 61.00 | Epsilon 0.1375
Seed 2 | Episode 714 | Reward 28.00 | Epsilon 0.1372
Seed 2 | Episode 715 | Reward 42.00 | Epsilon 0.1369
Seed 2 | Episode 716 | Reward 65.00 | Epsilon 0.1368
Seed 2 | Episode 717 | Reward 61.00 | Epsilon 0.1366
Seed 2 | Episode 718 | Reward 43.00 | Epsilon 0.1364
Seed 2 | Episode 719 | Reward 49.00 | Epsilon 0.1362
Seed 2 | Episode 720 | Reward 42.00 | Epsilon 0.1359
Seed 2 | Episode 721 | Reward 54.00 | Epsilon 0.1357
Seed 2 | Episode 722 | Reward 48.00 | Epsilon 0.1355
Seed 2 | Episode 723 | Reward 46.00 | Epsilon 0.1353
Seed 2 | Episode 724 | Reward 55.00 | Epsilon 0.1351
Seed 2 | Episode 725 | Reward 50.00 | Epsilon 0.1349
Seed 2 | Episode 726 | Reward 59.00 | Epsilon 0.1347
Seed 2 | Episode 727 | Reward 52.00 | Epsilon 0.1345
Seed 2 | Episode 728 | Reward 48.00 | Epsilon 0.1343
Seed 2 | Episode 729 | Reward 58.00 | Epsilon 0.1342
Seed 2 | Episode 730 | Reward 63.00 | Epsilon 0.1340
Seed 2 | Episode 731 | Reward 55.00 | Epsilon 0.1338
Seed 2 | Episode 732 | Reward 57.00 | Epsilon 0.1336
Seed 2 | Episode 733 | Reward 44.00 | Epsilon 0.1334
Seed 2 | Episode 734 | Reward 41.00 | Epsilon 0.1332
Seed 2 | Episode 735 | Reward 50.00 | Epsilon 0.1330
Seed 2 | Episode 736 | Reward 42.00 | Epsilon 0.1327
Seed 2 | Episode 737 | Reward 42.00 | Epsilon 0.1325
Seed 2 | Episode 738 | Reward 50.00 | Epsilon 0.1323
Seed 2 | Episode 739 | Reward 53.00 | Epsilon 0.1321
Seed 2 | Episode 740 | Reward 42.00 | Epsilon 0.1319
Seed 2 | Episode 741 | Reward 42.00 | Epsilon 0.1316
Seed 2 | Episode 742 | Reward 57.00 | Epsilon 0.1315
Seed 2 | Episode 743 | Reward 46.00 | Epsilon 0.1313
Seed 2 | Episode 744 | Reward 58.00 | Epsilon 0.1311
Seed 2 | Episode 745 | Reward 49.00 | Epsilon 0.1309
Seed 2 | Episode 746 | Reward 44.00 | Epsilon 0.1307
Seed 2 | Episode 747 | Reward 42.00 | Epsilon 0.1304
Seed 2 | Episode 748 | Reward 57.00 | Epsilon 0.1303
Seed 2 | Episode 749 | Reward 59.00 | Epsilon 0.1301
Seed 2 | Episode 750 | Reward 61.00 | Epsilon 0.1299
Seed 2 | Episode 751 | Reward 63.00 | Epsilon 0.1298
Seed 2 | Episode 752 | Reward 45.00 | Epsilon 0.1296
Seed 2 | Episode 753 | Reward 38.00 | Epsilon 0.1293
Seed 2 | Episode 754 | Reward 51.00 | Epsilon 0.1291
Seed 2 | Episode 755 | Reward 56.00 | Epsilon 0.1290
Seed 2 | Episode 756 | Reward 53.00 | Epsilon 0.1288
Seed 2 | Episode 757 | Reward 45.00 | Epsilon 0.1286
Seed 2 | Episode 758 | Reward 59.00 | Epsilon 0.1284
Seed 2 | Episode 759 | Reward 53.00 | Epsilon 0.1282
Seed 2 | Episode 760 | Reward 54.00 | Epsilon 0.1280
Seed 2 | Episode 761 | Reward 55.00 | Epsilon 0.1278
Seed 2 | Episode 762 | Reward 41.00 | Epsilon 0.1276
Seed 2 | Episode 763 | Reward 54.00 | Epsilon 0.1274
Seed 2 | Episode 764 | Reward 56.00 | Epsilon 0.1273
Seed 2 | Episode 765 | Reward 52.00 | Epsilon 0.1271
Seed 2 | Episode 766 | Reward 54.00 | Epsilon 0.1269
Seed 2 | Episode 767 | Reward 43.00 | Epsilon 0.1267
Seed 2 | Episode 768 | Reward 55.00 | Epsilon 0.1265
Seed 2 | Episode 769 | Reward 58.00 | Epsilon 0.1263
Seed 2 | Episode 770 | Reward 61.00 | Epsilon 0.1262
Seed 2 | Episode 771 | Reward 53.00 | Epsilon 0.1260
Seed 2 | Episode 772 | Reward 52.00 | Epsilon 0.1258
Seed 2 | Episode 773 | Reward 50.00 | Epsilon 0.1256
Seed 2 | Episode 774 | Reward 54.00 | Epsilon 0.1255
Seed 2 | Episode 775 | Reward 53.00 | Epsilon 0.1253
Seed 2 | Episode 776 | Reward 60.00 | Epsilon 0.1251
Seed 2 | Episode 777 | Reward 57.00 | Epsilon 0.1250
Seed 2 | Episode 778 | Reward 48.00 | Epsilon 0.1248
Seed 2 | Episode 779 | Reward 58.00 | Epsilon 0.1246
Seed 2 | Episode 780 | Reward 48.00 | Epsilon 0.1244
Seed 2 | Episode 781 | Reward 60.00 | Epsilon 0.1242
Seed 2 | Episode 782 | Reward 35.00 | Epsilon 0.1240
Seed 2 | Episode 783 | Reward 52.00 | Epsilon 0.1238
Seed 2 | Episode 784 | Reward 59.00 | Epsilon 0.1237
Seed 2 | Episode 785 | Reward 61.00 | Epsilon 0.1235
Seed 2 | Episode 786 | Reward 54.00 | Epsilon 0.1233
Seed 2 | Episode 787 | Reward 57.00 | Epsilon 0.1232
Seed 2 | Episode 788 | Reward 49.00 | Epsilon 0.1230
Seed 2 | Episode 789 | Reward 35.00 | Epsilon 0.1227
Seed 2 | Episode 790 | Reward 47.00 | Epsilon 0.1225
Seed 2 | Episode 791 | Reward 47.00 | Epsilon 0.1223
Seed 2 | Episode 792 | Reward 62.00 | Epsilon 0.1222
Seed 2 | Episode 793 | Reward 55.00 | Epsilon 0.1220
Seed 2 | Episode 794 | Reward 43.00 | Epsilon 0.1218
Seed 2 | Episode 795 | Reward 40.00 | Epsilon 0.1216
Seed 2 | Episode 796 | Reward 50.00 | Epsilon 0.1214
Seed 2 | Episode 797 | Reward 46.00 | Epsilon 0.1212
Seed 2 | Episode 798 | Reward 49.00 | Epsilon 0.1210
Seed 2 | Episode 799 | Reward 32.00 | Epsilon 0.1208
Seed 2 | Episode 800 | Reward 50.00 | Epsilon 0.1206
Seed 2 | Episode 801 | Reward 44.00 | Epsilon 0.1204
Seed 2 | Episode 802 | Reward 49.00 | Epsilon 0.1202
Seed 2 | Episode 803 | Reward 59.00 | Epsilon 0.1200
Seed 2 | Episode 804 | Reward 57.00 | Epsilon 0.1199
Seed 2 | Episode 805 | Reward 46.00 | Epsilon 0.1197
Seed 2 | Episode 806 | Reward 43.00 | Epsilon 0.1195
Seed 2 | Episode 807 | Reward 45.00 | Epsilon 0.1193
Seed 2 | Episode 808 | Reward 54.00 | Epsilon 0.1191
Seed 2 | Episode 809 | Reward 48.00 | Epsilon 0.1189
Seed 2 | Episode 810 | Reward 58.00 | Epsilon 0.1188
Seed 2 | Episode 811 | Reward 50.00 | Epsilon 0.1186
Seed 2 | Episode 812 | Reward 45.00 | Epsilon 0.1184
Seed 2 | Episode 813 | Reward 60.00 | Epsilon 0.1182
Seed 2 | Episode 814 | Reward 63.00 | Epsilon 0.1181
Seed 2 | Episode 815 | Reward 58.00 | Epsilon 0.1180
Seed 2 | Episode 816 | Reward 44.00 | Epsilon 0.1178
Seed 2 | Episode 817 | Reward 64.00 | Epsilon 0.1176
Seed 2 | Episode 818 | Reward 44.00 | Epsilon 0.1174
Seed 2 | Episode 819 | Reward 50.00 | Epsilon 0.1172
Seed 2 | Episode 820 | Reward 50.00 | Epsilon 0.1171
Seed 2 | Episode 821 | Reward 52.00 | Epsilon 0.1169
Seed 2 | Episode 822 | Reward 48.00 | Epsilon 0.1167
Seed 2 | Episode 823 | Reward 52.00 | Epsilon 0.1165
Seed 2 | Episode 824 | Reward 58.00 | Epsilon 0.1164
Seed 2 | Episode 825 | Reward 59.00 | Epsilon 0.1162
Seed 2 | Episode 826 | Reward 56.00 | Epsilon 0.1161
Seed 2 | Episode 827 | Reward 52.00 | Epsilon 0.1159
Seed 2 | Episode 828 | Reward 54.00 | Epsilon 0.1157
Seed 2 | Episode 829 | Reward 48.00 | Epsilon 0.1156
Seed 2 | Episode 830 | Reward 52.00 | Epsilon 0.1154
Seed 2 | Episode 831 | Reward 57.00 | Epsilon 0.1152
Seed 2 | Episode 832 | Reward 47.00 | Epsilon 0.1151
Seed 2 | Episode 833 | Reward 58.00 | Epsilon 0.1149
Seed 2 | Episode 834 | Reward 50.00 | Epsilon 0.1147
Seed 2 | Episode 835 | Reward 55.00 | Epsilon 0.1146
Seed 2 | Episode 836 | Reward 46.00 | Epsilon 0.1144
Seed 2 | Episode 837 | Reward 51.00 | Epsilon 0.1142
Seed 2 | Episode 838 | Reward 55.00 | Epsilon 0.1141
Seed 2 | Episode 839 | Reward 55.00 | Epsilon 0.1139
Seed 2 | Episode 840 | Reward 65.00 | Epsilon 0.1138
Seed 2 | Episode 841 | Reward 37.00 | Epsilon 0.1136
Seed 2 | Episode 842 | Reward 59.00 | Epsilon 0.1134
Seed 2 | Episode 843 | Reward 53.00 | Epsilon 0.1132
Seed 2 | Episode 844 | Reward 52.00 | Epsilon 0.1131
Seed 2 | Episode 845 | Reward 39.00 | Epsilon 0.1129
Seed 2 | Episode 846 | Reward 56.00 | Epsilon 0.1127
Seed 2 | Episode 847 | Reward 62.00 | Epsilon 0.1126
Seed 2 | Episode 848 | Reward 41.00 | Epsilon 0.1124
Seed 2 | Episode 849 | Reward 37.00 | Epsilon 0.1122
Seed 2 | Episode 850 | Reward 60.00 | Epsilon 0.1120
Seed 2 | Episode 851 | Reward 42.00 | Epsilon 0.1118
Seed 2 | Episode 852 | Reward 52.00 | Epsilon 0.1117
Seed 2 | Episode 853 | Reward 48.00 | Epsilon 0.1115
Seed 2 | Episode 854 | Reward 46.00 | Epsilon 0.1113
Seed 2 | Episode 855 | Reward 60.00 | Epsilon 0.1112
Seed 2 | Episode 856 | Reward 54.00 | Epsilon 0.1110
Seed 2 | Episode 857 | Reward 48.00 | Epsilon 0.1108
Seed 2 | Episode 858 | Reward 49.00 | Epsilon 0.1107
Seed 2 | Episode 859 | Reward 51.00 | Epsilon 0.1105
Seed 2 | Episode 860 | Reward 48.00 | Epsilon 0.1103
Seed 2 | Episode 861 | Reward 58.00 | Epsilon 0.1102
Seed 2 | Episode 862 | Reward 58.00 | Epsilon 0.1100
Seed 2 | Episode 863 | Reward 47.00 | Epsilon 0.1099
Seed 2 | Episode 864 | Reward 52.00 | Epsilon 0.1097
Seed 2 | Episode 865 | Reward 2.00 | Epsilon 0.1094
Seed 2 | Episode 866 | Reward 41.00 | Epsilon 0.1092
Seed 2 | Episode 867 | Reward 57.00 | Epsilon 0.1090
Seed 2 | Episode 868 | Reward 41.00 | Epsilon 0.1088
Seed 2 | Episode 869 | Reward 41.00 | Epsilon 0.1086
Seed 2 | Episode 870 | Reward 40.00 | Epsilon 0.1084
Seed 2 | Episode 871 | Reward 43.00 | Epsilon 0.1083
Seed 2 | Episode 872 | Reward 52.00 | Epsilon 0.1081
Seed 2 | Episode 873 | Reward 62.00 | Epsilon 0.1080
Seed 2 | Episode 874 | Reward 42.00 | Epsilon 0.1078
Seed 2 | Episode 875 | Reward 50.00 | Epsilon 0.1076
Seed 2 | Episode 876 | Reward 58.00 | Epsilon 0.1075
Seed 2 | Episode 877 | Reward 34.00 | Epsilon 0.1073
Seed 2 | Episode 878 | Reward 53.00 | Epsilon 0.1071
Seed 2 | Episode 879 | Reward 53.00 | Epsilon 0.1070
Seed 2 | Episode 880 | Reward 43.00 | Epsilon 0.1068
Seed 2 | Episode 881 | Reward 40.00 | Epsilon 0.1066
Seed 2 | Episode 882 | Reward 44.00 | Epsilon 0.1064
Seed 2 | Episode 883 | Reward 46.00 | Epsilon 0.1062
Seed 2 | Episode 884 | Reward 42.00 | Epsilon 0.1060
Seed 2 | Episode 885 | Reward 41.00 | Epsilon 0.1058
Seed 2 | Episode 886 | Reward 41.00 | Epsilon 0.1056
Seed 2 | Episode 887 | Reward 55.00 | Epsilon 0.1055
Seed 2 | Episode 888 | Reward 35.00 | Epsilon 0.1053
Seed 2 | Episode 889 | Reward 49.00 | Epsilon 0.1051
Seed 2 | Episode 890 | Reward 44.00 | Epsilon 0.1049
Seed 2 | Episode 891 | Reward 44.00 | Epsilon 0.1048
Seed 2 | Episode 892 | Reward 54.00 | Epsilon 0.1046
Seed 2 | Episode 893 | Reward 43.00 | Epsilon 0.1044
Seed 2 | Episode 894 | Reward 59.00 | Epsilon 0.1043
Seed 2 | Episode 895 | Reward 33.00 | Epsilon 0.1041
Seed 2 | Episode 896 | Reward 51.00 | Epsilon 0.1039
Seed 2 | Episode 897 | Reward 54.00 | Epsilon 0.1038
Seed 2 | Episode 898 | Reward 52.00 | Epsilon 0.1036
Seed 2 | Episode 899 | Reward 61.00 | Epsilon 0.1035
Seed 2 | Episode 900 | Reward 55.00 | Epsilon 0.1034
Seed 2 | Episode 901 | Reward 45.00 | Epsilon 0.1032
Seed 2 | Episode 902 | Reward 40.00 | Epsilon 0.1030
Seed 2 | Episode 903 | Reward 45.00 | Epsilon 0.1028
Seed 2 | Episode 904 | Reward 33.00 | Epsilon 0.1026
Seed 2 | Episode 905 | Reward 43.00 | Epsilon 0.1024
Seed 2 | Episode 906 | Reward 39.00 | Epsilon 0.1023
Seed 2 | Episode 907 | Reward 45.00 | Epsilon 0.1021
Seed 2 | Episode 908 | Reward 55.00 | Epsilon 0.1019
Seed 2 | Episode 909 | Reward 48.00 | Epsilon 0.1018
Seed 2 | Episode 910 | Reward 41.00 | Epsilon 0.1016
Seed 2 | Episode 911 | Reward 50.00 | Epsilon 0.1014
Seed 2 | Episode 912 | Reward 40.00 | Epsilon 0.1013
Seed 2 | Episode 913 | Reward 59.00 | Epsilon 0.1011
Seed 2 | Episode 914 | Reward 38.00 | Epsilon 0.1009
Seed 2 | Episode 915 | Reward 40.00 | Epsilon 0.1008
Seed 2 | Episode 916 | Reward 44.00 | Epsilon 0.1006
Seed 2 | Episode 917 | Reward 34.00 | Epsilon 0.1004
Seed 2 | Episode 918 | Reward 63.00 | Epsilon 0.1003
Seed 2 | Episode 919 | Reward 59.00 | Epsilon 0.1001
Seed 2 | Episode 920 | Reward 65.00 | Epsilon 0.1000
Seed 2 | Episode 921 | Reward 33.00 | Epsilon 0.0998
Seed 2 | Episode 922 | Reward 58.00 | Epsilon 0.0997
Seed 2 | Episode 923 | Reward 38.00 | Epsilon 0.0995
Seed 2 | Episode 924 | Reward 50.00 | Epsilon 0.0994
Seed 2 | Episode 925 | Reward 55.00 | Epsilon 0.0992
Seed 2 | Episode 926 | Reward 53.00 | Epsilon 0.0991
Seed 2 | Episode 927 | Reward 44.00 | Epsilon 0.0989
Seed 2 | Episode 928 | Reward 41.00 | Epsilon 0.0987
Seed 2 | Episode 929 | Reward 34.00 | Epsilon 0.0985
Seed 2 | Episode 930 | Reward 56.00 | Epsilon 0.0984
Seed 2 | Episode 931 | Reward 65.00 | Epsilon 0.0983
Seed 2 | Episode 932 | Reward 44.00 | Epsilon 0.0981
Seed 2 | Episode 933 | Reward 44.00 | Epsilon 0.0980
Seed 2 | Episode 934 | Reward 42.00 | Epsilon 0.0978
Seed 2 | Episode 935 | Reward 34.00 | Epsilon 0.0976
Seed 2 | Episode 936 | Reward 54.00 | Epsilon 0.0975
Seed 2 | Episode 937 | Reward 56.00 | Epsilon 0.0973
Seed 2 | Episode 938 | Reward 43.00 | Epsilon 0.0972
Seed 2 | Episode 939 | Reward 52.00 | Epsilon 0.0970
Seed 2 | Episode 940 | Reward 56.00 | Epsilon 0.0969
Seed 2 | Episode 941 | Reward 50.00 | Epsilon 0.0967
Seed 2 | Episode 942 | Reward 61.00 | Epsilon 0.0966
Seed 2 | Episode 943 | Reward 38.00 | Epsilon 0.0964
Seed 2 | Episode 944 | Reward 52.00 | Epsilon 0.0963
Seed 2 | Episode 945 | Reward 60.00 | Epsilon 0.0962
Seed 2 | Episode 946 | Reward 41.00 | Epsilon 0.0960
Seed 2 | Episode 947 | Reward 48.00 | Epsilon 0.0958
Seed 2 | Episode 948 | Reward 35.00 | Epsilon 0.0957
Seed 2 | Episode 949 | Reward 49.00 | Epsilon 0.0955
Seed 2 | Episode 950 | Reward 29.00 | Epsilon 0.0953
Seed 2 | Episode 951 | Reward 53.00 | Epsilon 0.0952
Seed 2 | Episode 952 | Reward 49.00 | Epsilon 0.0950
Seed 2 | Episode 953 | Reward 41.00 | Epsilon 0.0948
Seed 2 | Episode 954 | Reward 56.00 | Epsilon 0.0947
Seed 2 | Episode 955 | Reward 58.00 | Epsilon 0.0946
Seed 2 | Episode 956 | Reward 57.00 | Epsilon 0.0945
Seed 2 | Episode 957 | Reward 56.00 | Epsilon 0.0943
Seed 2 | Episode 958 | Reward 55.00 | Epsilon 0.0942
Seed 2 | Episode 959 | Reward 47.00 | Epsilon 0.0941
Seed 2 | Episode 960 | Reward 56.00 | Epsilon 0.0939
Seed 2 | Episode 961 | Reward 51.00 | Epsilon 0.0938
Seed 2 | Episode 962 | Reward 45.00 | Epsilon 0.0936
Seed 2 | Episode 963 | Reward 49.00 | Epsilon 0.0935
Seed 2 | Episode 964 | Reward 43.00 | Epsilon 0.0933
Seed 2 | Episode 965 | Reward 59.00 | Epsilon 0.0932
Seed 2 | Episode 966 | Reward 51.00 | Epsilon 0.0931
Seed 2 | Episode 967 | Reward 44.00 | Epsilon 0.0929
Seed 2 | Episode 968 | Reward 45.00 | Epsilon 0.0928
Seed 2 | Episode 969 | Reward 50.00 | Epsilon 0.0926
Seed 2 | Episode 970 | Reward 44.00 | Epsilon 0.0925
Seed 2 | Episode 971 | Reward 55.00 | Epsilon 0.0923
Seed 2 | Episode 972 | Reward 50.00 | Epsilon 0.0922
Seed 2 | Episode 973 | Reward 51.00 | Epsilon 0.0920
Seed 2 | Episode 974 | Reward 55.00 | Epsilon 0.0919
Seed 2 | Episode 975 | Reward 54.00 | Epsilon 0.0918
Seed 2 | Episode 976 | Reward 59.00 | Epsilon 0.0917
Seed 2 | Episode 977 | Reward 56.00 | Epsilon 0.0916
Seed 2 | Episode 978 | Reward 62.00 | Epsilon 0.0914
Seed 2 | Episode 979 | Reward 45.00 | Epsilon 0.0913
Seed 2 | Episode 980 | Reward 50.00 | Epsilon 0.0912
Seed 2 | Episode 981 | Reward 49.00 | Epsilon 0.0910
Seed 2 | Episode 982 | Reward 50.00 | Epsilon 0.0909
Seed 2 | Episode 983 | Reward 47.00 | Epsilon 0.0907
Seed 2 | Episode 984 | Reward 56.00 | Epsilon 0.0906
Seed 2 | Episode 985 | Reward 56.00 | Epsilon 0.0905
Seed 2 | Episode 986 | Reward 54.00 | Epsilon 0.0904
Seed 2 | Episode 987 | Reward 60.00 | Epsilon 0.0902
Seed 2 | Episode 988 | Reward 47.00 | Epsilon 0.0901
Seed 2 | Episode 989 | Reward 62.00 | Epsilon 0.0900
Seed 2 | Episode 990 | Reward 49.00 | Epsilon 0.0898
Seed 2 | Episode 991 | Reward 40.00 | Epsilon 0.0897
Seed 2 | Episode 992 | Reward 43.00 | Epsilon 0.0895
Seed 2 | Episode 993 | Reward 48.00 | Epsilon 0.0894
Seed 2 | Episode 994 | Reward 63.00 | Epsilon 0.0893
Seed 2 | Episode 995 | Reward 60.00 | Epsilon 0.0892
Seed 2 | Episode 996 | Reward 46.00 | Epsilon 0.0890
Seed 2 | Episode 997 | Reward 59.00 | Epsilon 0.0889
Seed 2 | Episode 998 | Reward 52.00 | Epsilon 0.0888
Seed 2 | Episode 999 | Reward 63.00 | Epsilon 0.0887
Finished seed 2
