starting job
Sun Dec  7 20:04:43 2025       
+-----------------------------------------------------------------------------------------+
| NVIDIA-SMI 580.65.06              Driver Version: 580.65.06      CUDA Version: 13.0     |
+-----------------------------------------+------------------------+----------------------+
| GPU  Name                 Persistence-M | Bus-Id          Disp.A | Volatile Uncorr. ECC |
| Fan  Temp   Perf          Pwr:Usage/Cap |           Memory-Usage | GPU-Util  Compute M. |
|                                         |                        |               MIG M. |
|=========================================+========================+======================|
|   0  NVIDIA H100 80GB HBM3          On  |   00000000:46:00.0 Off |                   On |
| N/A   36C    P0            348W /  700W |   35754MiB /  81559MiB |     N/A      Default |
|                                         |                        |              Enabled |
+-----------------------------------------+------------------------+----------------------+

+-----------------------------------------------------------------------------------------+
| MIG devices:                                                                            |
+------------------+----------------------------------+-----------+-----------------------+
| GPU  GI  CI  MIG |              Shared Memory-Usage |        Vol|        Shared         |
|      ID  ID  Dev |                Shared BAR1-Usage | SM     Unc| CE ENC  DEC  OFA  JPG |
|                  |                                  |        ECC|                       |
|==================+==================================+===========+=======================|
|  0    9   0   0  |              15MiB /  9984MiB    | 16      0 |  1   0    1    0    1 |
|                  |               0MiB /  6185MiB    |           |                       |
+------------------+----------------------------------+-----------+-----------------------+

+-----------------------------------------------------------------------------------------+
| Processes:                                                                              |
|  GPU   GI   CI              PID   Type   Process name                        GPU Memory |
|        ID   ID                                                               Usage      |
|=========================================================================================|
|  No running processes found                                                             |
+-----------------------------------------------------------------------------------------+
Running seed 12
Gym has been unmaintained since 2022 and does not support NumPy 2.0 amongst other critical functionality.
Please upgrade to Gymnasium, the maintained drop-in replacement of Gym, or contact the authors of your software and request that they upgrade.
Users of this version of Gym should be able to simply replace 'import gym' with 'import gymnasium as gym' in the vast majority of cases.
See the migration guide at https://gymnasium.farama.org/introduction/migration_guide/ for additional information.
Seed 12 | Episode 0 | Reward -300.00 | Epsilon 0.9987
Seed 12 | Episode 1 | Reward -300.00 | Epsilon 0.9897
Seed 12 | Episode 2 | Reward -300.00 | Epsilon 0.9808
Seed 12 | Episode 3 | Reward -300.00 | Epsilon 0.9720
Seed 12 | Episode 4 | Reward -300.00 | Epsilon 0.9633
Seed 12 | Episode 5 | Reward -300.00 | Epsilon 0.9547
Seed 12 | Episode 6 | Reward -300.00 | Epsilon 0.9462
Seed 12 | Episode 7 | Reward -300.00 | Epsilon 0.9377
Seed 12 | Episode 8 | Reward -300.00 | Epsilon 0.9293
Seed 12 | Episode 9 | Reward -300.00 | Epsilon 0.9209
Seed 12 | Episode 10 | Reward -300.00 | Epsilon 0.9127
Seed 12 | Episode 11 | Reward -300.00 | Epsilon 0.9045
Seed 12 | Episode 12 | Reward -300.00 | Epsilon 0.8964
Seed 12 | Episode 13 | Reward -300.00 | Epsilon 0.8884
Seed 12 | Episode 14 | Reward -300.00 | Epsilon 0.8804
Seed 12 | Episode 15 | Reward -300.00 | Epsilon 0.8725
Seed 12 | Episode 16 | Reward -1.00 | Epsilon 0.8699
Seed 12 | Episode 17 | Reward -300.00 | Epsilon 0.8621
Seed 12 | Episode 18 | Reward -300.00 | Epsilon 0.8544
Seed 12 | Episode 19 | Reward -300.00 | Epsilon 0.8467
Seed 12 | Episode 20 | Reward -300.00 | Epsilon 0.8391
Seed 12 | Episode 21 | Reward -300.00 | Epsilon 0.8316
Seed 12 | Episode 22 | Reward -300.00 | Epsilon 0.8241
Seed 12 | Episode 23 | Reward -300.00 | Epsilon 0.8168
Seed 12 | Episode 24 | Reward -300.00 | Epsilon 0.8094
Seed 12 | Episode 25 | Reward -300.00 | Epsilon 0.8022
Seed 12 | Episode 26 | Reward -300.00 | Epsilon 0.7950
Seed 12 | Episode 27 | Reward -300.00 | Epsilon 0.7879
Seed 12 | Episode 28 | Reward -300.00 | Epsilon 0.7808
Seed 12 | Episode 29 | Reward -300.00 | Epsilon 0.7738
Seed 12 | Episode 30 | Reward -300.00 | Epsilon 0.7669
Seed 12 | Episode 31 | Reward -300.00 | Epsilon 0.7600
Seed 12 | Episode 32 | Reward -300.00 | Epsilon 0.7532
Seed 12 | Episode 33 | Reward -300.00 | Epsilon 0.7465
Seed 12 | Episode 34 | Reward -300.00 | Epsilon 0.7398
Seed 12 | Episode 35 | Reward -300.00 | Epsilon 0.7331
Seed 12 | Episode 36 | Reward -300.00 | Epsilon 0.7266
Seed 12 | Episode 37 | Reward -300.00 | Epsilon 0.7201
Seed 12 | Episode 38 | Reward -300.00 | Epsilon 0.7136
Seed 12 | Episode 39 | Reward -300.00 | Epsilon 0.7072
Seed 12 | Episode 40 | Reward -300.00 | Epsilon 0.7009
Seed 12 | Episode 41 | Reward -300.00 | Epsilon 0.6946
Seed 12 | Episode 42 | Reward -300.00 | Epsilon 0.6884
Seed 12 | Episode 43 | Reward -300.00 | Epsilon 0.6822
Seed 12 | Episode 44 | Reward -300.00 | Epsilon 0.6761
Seed 12 | Episode 45 | Reward -300.00 | Epsilon 0.6700
Seed 12 | Episode 46 | Reward -300.00 | Epsilon 0.6640
Seed 12 | Episode 47 | Reward -300.00 | Epsilon 0.6581
Seed 12 | Episode 48 | Reward -300.00 | Epsilon 0.6522
Seed 12 | Episode 49 | Reward -300.00 | Epsilon 0.6463
Seed 12 | Episode 50 | Reward -300.00 | Epsilon 0.6406
Seed 12 | Episode 51 | Reward -300.00 | Epsilon 0.6348
Seed 12 | Episode 52 | Reward -300.00 | Epsilon 0.6291
Seed 12 | Episode 53 | Reward -300.00 | Epsilon 0.6235
Seed 12 | Episode 54 | Reward -300.00 | Epsilon 0.6179
Seed 12 | Episode 55 | Reward -300.00 | Epsilon 0.6124
Seed 12 | Episode 56 | Reward -300.00 | Epsilon 0.6069
Seed 12 | Episode 57 | Reward -300.00 | Epsilon 0.6014
Seed 12 | Episode 58 | Reward -300.00 | Epsilon 0.5961
Seed 12 | Episode 59 | Reward -300.00 | Epsilon 0.5907
Seed 12 | Episode 60 | Reward -300.00 | Epsilon 0.5854
Seed 12 | Episode 61 | Reward -300.00 | Epsilon 0.5802
Seed 12 | Episode 62 | Reward -300.00 | Epsilon 0.5750
Seed 12 | Episode 63 | Reward -300.00 | Epsilon 0.5698
Seed 12 | Episode 64 | Reward -300.00 | Epsilon 0.5647
Seed 12 | Episode 65 | Reward -300.00 | Epsilon 0.5597
Seed 12 | Episode 66 | Reward -300.00 | Epsilon 0.5546
Seed 12 | Episode 67 | Reward -300.00 | Epsilon 0.5497
Seed 12 | Episode 68 | Reward -300.00 | Epsilon 0.5448
Seed 12 | Episode 69 | Reward -300.00 | Epsilon 0.5399
Seed 12 | Episode 70 | Reward -300.00 | Epsilon 0.5350
Seed 12 | Episode 71 | Reward -300.00 | Epsilon 0.5302
Seed 12 | Episode 72 | Reward -300.00 | Epsilon 0.5255
Seed 12 | Episode 73 | Reward -300.00 | Epsilon 0.5208
Seed 12 | Episode 74 | Reward -300.00 | Epsilon 0.5161
Seed 12 | Episode 75 | Reward -300.00 | Epsilon 0.5115
Seed 12 | Episode 76 | Reward -300.00 | Epsilon 0.5069
Seed 12 | Episode 77 | Reward -300.00 | Epsilon 0.5024
Seed 12 | Episode 78 | Reward -157.00 | Epsilon 0.4985
Seed 12 | Episode 79 | Reward -300.00 | Epsilon 0.4940
Seed 12 | Episode 80 | Reward -300.00 | Epsilon 0.4896
Seed 12 | Episode 81 | Reward -300.00 | Epsilon 0.4852
Seed 12 | Episode 82 | Reward -300.00 | Epsilon 0.4809
Seed 12 | Episode 83 | Reward -300.00 | Epsilon 0.4766
Seed 12 | Episode 84 | Reward 55.00 | Epsilon 0.4759
Seed 12 | Episode 85 | Reward -300.00 | Epsilon 0.4716
Seed 12 | Episode 86 | Reward -300.00 | Epsilon 0.4674
Seed 12 | Episode 87 | Reward -300.00 | Epsilon 0.4632
Seed 12 | Episode 88 | Reward -300.00 | Epsilon 0.4591
Seed 12 | Episode 89 | Reward -300.00 | Epsilon 0.4550
Seed 12 | Episode 90 | Reward -300.00 | Epsilon 0.4509
Seed 12 | Episode 91 | Reward -300.00 | Epsilon 0.4468
Seed 12 | Episode 92 | Reward -300.00 | Epsilon 0.4428
Seed 12 | Episode 93 | Reward -300.00 | Epsilon 0.4389
Seed 12 | Episode 94 | Reward -32.00 | Epsilon 0.4371
Seed 12 | Episode 95 | Reward 47.00 | Epsilon 0.4364
Seed 12 | Episode 96 | Reward -73.00 | Epsilon 0.4341
Seed 12 | Episode 97 | Reward 31.00 | Epsilon 0.4332
Seed 12 | Episode 98 | Reward 45.00 | Epsilon 0.4325
Seed 12 | Episode 99 | Reward -93.00 | Epsilon 0.4300
Seed 12 | Episode 100 | Reward -300.00 | Epsilon 0.4261
Seed 12 | Episode 101 | Reward -193.00 | Epsilon 0.4224
Seed 12 | Episode 102 | Reward -7.00 | Epsilon 0.4210
Seed 12 | Episode 103 | Reward -119.00 | Epsilon 0.4183
Seed 12 | Episode 104 | Reward -23.00 | Epsilon 0.4167
Seed 12 | Episode 105 | Reward -175.00 | Epsilon 0.4133
Seed 12 | Episode 106 | Reward -300.00 | Epsilon 0.4096
Seed 12 | Episode 107 | Reward -38.00 | Epsilon 0.4079
Seed 12 | Episode 108 | Reward -300.00 | Epsilon 0.4042
Seed 12 | Episode 109 | Reward -300.00 | Epsilon 0.4006
Seed 12 | Episode 110 | Reward -300.00 | Epsilon 0.3970
Seed 12 | Episode 111 | Reward 41.00 | Epsilon 0.3963
Seed 12 | Episode 112 | Reward 2.00 | Epsilon 0.3951
Seed 12 | Episode 113 | Reward -300.00 | Epsilon 0.3916
Seed 12 | Episode 114 | Reward -1.00 | Epsilon 0.3904
Seed 12 | Episode 115 | Reward 39.00 | Epsilon 0.3897
Seed 12 | Episode 116 | Reward 29.00 | Epsilon 0.3888
Seed 12 | Episode 117 | Reward -69.00 | Epsilon 0.3868
Seed 12 | Episode 118 | Reward -25.00 | Epsilon 0.3854
Seed 12 | Episode 119 | Reward 8.00 | Epsilon 0.3843
Seed 12 | Episode 120 | Reward -300.00 | Epsilon 0.3809
Seed 12 | Episode 121 | Reward -300.00 | Epsilon 0.3774
Seed 12 | Episode 122 | Reward -55.00 | Epsilon 0.3757
Seed 12 | Episode 123 | Reward -165.00 | Epsilon 0.3727
Seed 12 | Episode 124 | Reward -55.00 | Epsilon 0.3710
Seed 12 | Episode 125 | Reward -300.00 | Epsilon 0.3676
Seed 12 | Episode 126 | Reward -300.00 | Epsilon 0.3643
Seed 12 | Episode 127 | Reward -61.00 | Epsilon 0.3626
Seed 12 | Episode 128 | Reward 39.00 | Epsilon 0.3619
Seed 12 | Episode 129 | Reward -190.00 | Epsilon 0.3588
Seed 12 | Episode 130 | Reward -27.00 | Epsilon 0.3574
Seed 12 | Episode 131 | Reward 35.00 | Epsilon 0.3567
Seed 12 | Episode 132 | Reward -37.00 | Epsilon 0.3552
Seed 12 | Episode 133 | Reward -300.00 | Epsilon 0.3520
Seed 12 | Episode 134 | Reward 3.00 | Epsilon 0.3510
Seed 12 | Episode 135 | Reward -5.00 | Epsilon 0.3499
Seed 12 | Episode 136 | Reward 24.00 | Epsilon 0.3491
Seed 12 | Episode 137 | Reward 39.00 | Epsilon 0.3484
Seed 12 | Episode 138 | Reward -300.00 | Epsilon 0.3453
Seed 12 | Episode 139 | Reward 50.00 | Epsilon 0.3448
Seed 12 | Episode 140 | Reward -132.00 | Epsilon 0.3424
Seed 12 | Episode 141 | Reward -70.00 | Epsilon 0.3406
Seed 12 | Episode 142 | Reward -185.00 | Epsilon 0.3377
Seed 12 | Episode 143 | Reward -300.00 | Epsilon 0.3347
Seed 12 | Episode 144 | Reward -300.00 | Epsilon 0.3317
Seed 12 | Episode 145 | Reward 60.00 | Epsilon 0.3313
Seed 12 | Episode 146 | Reward 48.00 | Epsilon 0.3307
Seed 12 | Episode 147 | Reward 43.00 | Epsilon 0.3302
Seed 12 | Episode 148 | Reward 60.00 | Epsilon 0.3298
Seed 12 | Episode 149 | Reward -300.00 | Epsilon 0.3268
Seed 12 | Episode 150 | Reward 26.00 | Epsilon 0.3261
Seed 12 | Episode 151 | Reward -300.00 | Epsilon 0.3232
Seed 12 | Episode 152 | Reward -126.00 | Epsilon 0.3210
Seed 12 | Episode 153 | Reward -83.00 | Epsilon 0.3192
Seed 12 | Episode 154 | Reward -196.00 | Epsilon 0.3164
Seed 12 | Episode 155 | Reward -5.00 | Epsilon 0.3154
Seed 12 | Episode 156 | Reward -72.00 | Epsilon 0.3137
Seed 12 | Episode 157 | Reward -300.00 | Epsilon 0.3109
Seed 12 | Episode 158 | Reward 60.00 | Epsilon 0.3105
Seed 12 | Episode 159 | Reward 46.00 | Epsilon 0.3100
Seed 12 | Episode 160 | Reward 42.00 | Epsilon 0.3095
Seed 12 | Episode 161 | Reward -70.00 | Epsilon 0.3079
Seed 12 | Episode 162 | Reward -7.00 | Epsilon 0.3069
Seed 12 | Episode 163 | Reward -13.00 | Epsilon 0.3058
Seed 12 | Episode 164 | Reward -13.00 | Epsilon 0.3048
Seed 12 | Episode 165 | Reward 49.00 | Epsilon 0.3043
Seed 12 | Episode 166 | Reward -300.00 | Epsilon 0.3016
Seed 12 | Episode 167 | Reward 57.00 | Epsilon 0.3012
Seed 12 | Episode 168 | Reward 37.00 | Epsilon 0.3006
Seed 12 | Episode 169 | Reward 52.00 | Epsilon 0.3002
Seed 12 | Episode 170 | Reward 30.00 | Epsilon 0.2995
Seed 12 | Episode 171 | Reward 56.00 | Epsilon 0.2991
Seed 12 | Episode 172 | Reward 38.00 | Epsilon 0.2986
Seed 12 | Episode 173 | Reward 1.00 | Epsilon 0.2977
Seed 12 | Episode 174 | Reward 55.00 | Epsilon 0.2973
Seed 12 | Episode 175 | Reward -33.00 | Epsilon 0.2961
Seed 12 | Episode 176 | Reward 52.00 | Epsilon 0.2956
Seed 12 | Episode 177 | Reward 55.00 | Epsilon 0.2952
Seed 12 | Episode 178 | Reward 42.00 | Epsilon 0.2947
Seed 12 | Episode 179 | Reward -7.00 | Epsilon 0.2938
Seed 12 | Episode 180 | Reward 56.00 | Epsilon 0.2934
Seed 12 | Episode 181 | Reward 35.00 | Epsilon 0.2928
Seed 12 | Episode 182 | Reward 33.00 | Epsilon 0.2922
Seed 12 | Episode 183 | Reward 56.00 | Epsilon 0.2918
Seed 12 | Episode 184 | Reward 46.00 | Epsilon 0.2913
Seed 12 | Episode 185 | Reward 61.00 | Epsilon 0.2910
Seed 12 | Episode 186 | Reward 49.00 | Epsilon 0.2905
Seed 12 | Episode 187 | Reward 46.00 | Epsilon 0.2900
Seed 12 | Episode 188 | Reward -2.00 | Epsilon 0.2891
Seed 12 | Episode 189 | Reward 47.00 | Epsilon 0.2887
Seed 12 | Episode 190 | Reward 55.00 | Epsilon 0.2883
Seed 12 | Episode 191 | Reward 48.00 | Epsilon 0.2878
Seed 12 | Episode 192 | Reward 53.00 | Epsilon 0.2874
Seed 12 | Episode 193 | Reward -5.00 | Epsilon 0.2865
Seed 12 | Episode 194 | Reward 55.00 | Epsilon 0.2861
Seed 12 | Episode 195 | Reward 62.00 | Epsilon 0.2857
Seed 12 | Episode 196 | Reward 48.00 | Epsilon 0.2853
Seed 12 | Episode 197 | Reward 53.00 | Epsilon 0.2849
Seed 12 | Episode 198 | Reward 56.00 | Epsilon 0.2845
Seed 12 | Episode 199 | Reward 51.00 | Epsilon 0.2841
Seed 12 | Episode 200 | Reward -300.00 | Epsilon 0.2815
Seed 12 | Episode 201 | Reward 47.00 | Epsilon 0.2811
Seed 12 | Episode 202 | Reward 53.00 | Epsilon 0.2807
Seed 12 | Episode 203 | Reward 56.00 | Epsilon 0.2803
Seed 12 | Episode 204 | Reward 38.00 | Epsilon 0.2798
Seed 12 | Episode 205 | Reward 54.00 | Epsilon 0.2794
Seed 12 | Episode 206 | Reward 58.00 | Epsilon 0.2790
Seed 12 | Episode 207 | Reward 49.00 | Epsilon 0.2786
Seed 12 | Episode 208 | Reward 53.00 | Epsilon 0.2782
Seed 12 | Episode 209 | Reward 22.00 | Epsilon 0.2775
Seed 12 | Episode 210 | Reward 53.00 | Epsilon 0.2771
Seed 12 | Episode 211 | Reward 56.00 | Epsilon 0.2767
Seed 12 | Episode 212 | Reward 42.00 | Epsilon 0.2762
Seed 12 | Episode 213 | Reward 15.00 | Epsilon 0.2755
Seed 12 | Episode 214 | Reward 45.00 | Epsilon 0.2751
Seed 12 | Episode 215 | Reward 39.00 | Epsilon 0.2746
Seed 12 | Episode 216 | Reward 44.00 | Epsilon 0.2741
Seed 12 | Episode 217 | Reward 28.00 | Epsilon 0.2735
Seed 12 | Episode 218 | Reward 55.00 | Epsilon 0.2731
Seed 12 | Episode 219 | Reward 27.00 | Epsilon 0.2725
Seed 12 | Episode 220 | Reward 51.00 | Epsilon 0.2721
Seed 12 | Episode 221 | Reward -55.00 | Epsilon 0.2708
Seed 12 | Episode 222 | Reward 37.00 | Epsilon 0.2703
Seed 12 | Episode 223 | Reward 48.00 | Epsilon 0.2699
Seed 12 | Episode 224 | Reward 47.00 | Epsilon 0.2694
Seed 12 | Episode 225 | Reward 44.00 | Epsilon 0.2690
Seed 12 | Episode 226 | Reward -92.00 | Epsilon 0.2674
Seed 12 | Episode 227 | Reward -39.00 | Epsilon 0.2663
Seed 12 | Episode 228 | Reward -116.00 | Epsilon 0.2646
Seed 12 | Episode 229 | Reward -300.00 | Epsilon 0.2622
Seed 12 | Episode 230 | Reward -300.00 | Epsilon 0.2599
Seed 12 | Episode 231 | Reward -300.00 | Epsilon 0.2575
Seed 12 | Episode 232 | Reward 45.00 | Epsilon 0.2571
Seed 12 | Episode 233 | Reward -300.00 | Epsilon 0.2548
Seed 12 | Episode 234 | Reward -39.00 | Epsilon 0.2537
Seed 12 | Episode 235 | Reward 48.00 | Epsilon 0.2533
Seed 12 | Episode 236 | Reward -43.00 | Epsilon 0.2522
Seed 12 | Episode 237 | Reward 40.00 | Epsilon 0.2518
Seed 12 | Episode 238 | Reward 8.00 | Epsilon 0.2511
Seed 12 | Episode 239 | Reward 52.00 | Epsilon 0.2507
Seed 12 | Episode 240 | Reward -156.00 | Epsilon 0.2488
Seed 12 | Episode 241 | Reward 44.00 | Epsilon 0.2484
Seed 12 | Episode 242 | Reward 42.00 | Epsilon 0.2479
Seed 12 | Episode 243 | Reward -11.00 | Epsilon 0.2471
Seed 12 | Episode 244 | Reward -82.00 | Epsilon 0.2457
Seed 12 | Episode 245 | Reward 39.00 | Epsilon 0.2453
Seed 12 | Episode 246 | Reward 51.00 | Epsilon 0.2449
Seed 12 | Episode 247 | Reward 54.00 | Epsilon 0.2446
Seed 12 | Episode 248 | Reward 0.00 | Epsilon 0.2438
Seed 12 | Episode 249 | Reward 40.00 | Epsilon 0.2434
Seed 12 | Episode 250 | Reward 34.00 | Epsilon 0.2429
Seed 12 | Episode 251 | Reward 49.00 | Epsilon 0.2425
Seed 12 | Episode 252 | Reward 58.00 | Epsilon 0.2422
Seed 12 | Episode 253 | Reward 36.00 | Epsilon 0.2417
Seed 12 | Episode 254 | Reward 43.00 | Epsilon 0.2413
Seed 12 | Episode 255 | Reward 49.00 | Epsilon 0.2409
Seed 12 | Episode 256 | Reward 55.00 | Epsilon 0.2406
Seed 12 | Episode 257 | Reward 46.00 | Epsilon 0.2402
Seed 12 | Episode 258 | Reward 43.00 | Epsilon 0.2398
Seed 12 | Episode 259 | Reward 28.00 | Epsilon 0.2393
Seed 12 | Episode 260 | Reward 53.00 | Epsilon 0.2389
Seed 12 | Episode 261 | Reward 43.00 | Epsilon 0.2385
Seed 12 | Episode 262 | Reward 53.00 | Epsilon 0.2382
Seed 12 | Episode 263 | Reward 60.00 | Epsilon 0.2379
Seed 12 | Episode 264 | Reward 48.00 | Epsilon 0.2375
Seed 12 | Episode 265 | Reward 22.00 | Epsilon 0.2369
Seed 12 | Episode 266 | Reward 36.00 | Epsilon 0.2365
Seed 12 | Episode 267 | Reward 47.00 | Epsilon 0.2361
Seed 12 | Episode 268 | Reward 44.00 | Epsilon 0.2357
Seed 12 | Episode 269 | Reward 56.00 | Epsilon 0.2354
Seed 12 | Episode 270 | Reward 58.00 | Epsilon 0.2351
Seed 12 | Episode 271 | Reward 40.00 | Epsilon 0.2346
Seed 12 | Episode 272 | Reward 47.00 | Epsilon 0.2342
Seed 12 | Episode 273 | Reward 54.00 | Epsilon 0.2339
Seed 12 | Episode 274 | Reward 42.00 | Epsilon 0.2335
Seed 12 | Episode 275 | Reward 51.00 | Epsilon 0.2332
Seed 12 | Episode 276 | Reward 55.00 | Epsilon 0.2328
Seed 12 | Episode 277 | Reward 45.00 | Epsilon 0.2324
Seed 12 | Episode 278 | Reward 51.00 | Epsilon 0.2321
Seed 12 | Episode 279 | Reward 59.00 | Epsilon 0.2318
Seed 12 | Episode 280 | Reward 55.00 | Epsilon 0.2315
Seed 12 | Episode 281 | Reward 51.00 | Epsilon 0.2311
Seed 12 | Episode 282 | Reward 61.00 | Epsilon 0.2309
Seed 12 | Episode 283 | Reward 37.00 | Epsilon 0.2304
Seed 12 | Episode 284 | Reward 46.00 | Epsilon 0.2300
Seed 12 | Episode 285 | Reward 55.00 | Epsilon 0.2297
Seed 12 | Episode 286 | Reward 39.00 | Epsilon 0.2293
Seed 12 | Episode 287 | Reward 59.00 | Epsilon 0.2290
Seed 12 | Episode 288 | Reward 36.00 | Epsilon 0.2286
Seed 12 | Episode 289 | Reward 62.00 | Epsilon 0.2283
Seed 12 | Episode 290 | Reward 47.00 | Epsilon 0.2279
Seed 12 | Episode 291 | Reward 57.00 | Epsilon 0.2276
Seed 12 | Episode 292 | Reward 29.00 | Epsilon 0.2271
Seed 12 | Episode 293 | Reward 58.00 | Epsilon 0.2268
Seed 12 | Episode 294 | Reward 45.00 | Epsilon 0.2264
Seed 12 | Episode 295 | Reward 38.00 | Epsilon 0.2260
Seed 12 | Episode 296 | Reward 40.00 | Epsilon 0.2256
Seed 12 | Episode 297 | Reward 43.00 | Epsilon 0.2252
Seed 12 | Episode 298 | Reward 49.00 | Epsilon 0.2249
Seed 12 | Episode 299 | Reward 48.00 | Epsilon 0.2245
Seed 12 | Episode 300 | Reward 54.00 | Epsilon 0.2242
Seed 12 | Episode 301 | Reward 28.00 | Epsilon 0.2237
Seed 12 | Episode 302 | Reward 43.00 | Epsilon 0.2233
Seed 12 | Episode 303 | Reward 53.00 | Epsilon 0.2230
Seed 12 | Episode 304 | Reward 57.00 | Epsilon 0.2227
Seed 12 | Episode 305 | Reward 40.00 | Epsilon 0.2223
Seed 12 | Episode 306 | Reward 37.00 | Epsilon 0.2219
Seed 12 | Episode 307 | Reward 40.00 | Epsilon 0.2215
Seed 12 | Episode 308 | Reward 52.00 | Epsilon 0.2211
Seed 12 | Episode 309 | Reward 44.00 | Epsilon 0.2208
Seed 12 | Episode 310 | Reward 42.00 | Epsilon 0.2204
Seed 12 | Episode 311 | Reward 38.00 | Epsilon 0.2199
Seed 12 | Episode 312 | Reward 47.00 | Epsilon 0.2196
Seed 12 | Episode 313 | Reward 57.00 | Epsilon 0.2193
Seed 12 | Episode 314 | Reward 41.00 | Epsilon 0.2189
Seed 12 | Episode 315 | Reward 50.00 | Epsilon 0.2186
Seed 12 | Episode 316 | Reward 51.00 | Epsilon 0.2182
Seed 12 | Episode 317 | Reward 45.00 | Epsilon 0.2179
Seed 12 | Episode 318 | Reward 52.00 | Epsilon 0.2176
Seed 12 | Episode 319 | Reward 49.00 | Epsilon 0.2172
Seed 12 | Episode 320 | Reward 47.00 | Epsilon 0.2169
Seed 12 | Episode 321 | Reward 53.00 | Epsilon 0.2166
Seed 12 | Episode 322 | Reward 59.00 | Epsilon 0.2163
Seed 12 | Episode 323 | Reward 43.00 | Epsilon 0.2159
Seed 12 | Episode 324 | Reward 56.00 | Epsilon 0.2156
Seed 12 | Episode 325 | Reward 44.00 | Epsilon 0.2152
Seed 12 | Episode 326 | Reward 45.00 | Epsilon 0.2149
Seed 12 | Episode 327 | Reward 62.00 | Epsilon 0.2146
Seed 12 | Episode 328 | Reward 45.00 | Epsilon 0.2143
Seed 12 | Episode 329 | Reward 45.00 | Epsilon 0.2139
Seed 12 | Episode 330 | Reward 48.00 | Epsilon 0.2136
Seed 12 | Episode 331 | Reward 59.00 | Epsilon 0.2133
Seed 12 | Episode 332 | Reward 62.00 | Epsilon 0.2131
Seed 12 | Episode 333 | Reward 51.00 | Epsilon 0.2127
Seed 12 | Episode 334 | Reward 54.00 | Epsilon 0.2124
Seed 12 | Episode 335 | Reward 57.00 | Epsilon 0.2122
Seed 12 | Episode 336 | Reward 44.00 | Epsilon 0.2118
Seed 12 | Episode 337 | Reward 43.00 | Epsilon 0.2114
Seed 12 | Episode 338 | Reward 48.00 | Epsilon 0.2111
Seed 12 | Episode 339 | Reward 55.00 | Epsilon 0.2108
Seed 12 | Episode 340 | Reward 53.00 | Epsilon 0.2105
Seed 12 | Episode 341 | Reward 51.00 | Epsilon 0.2102
Seed 12 | Episode 342 | Reward 60.00 | Epsilon 0.2099
Seed 12 | Episode 343 | Reward 40.00 | Epsilon 0.2095
Seed 12 | Episode 344 | Reward 43.00 | Epsilon 0.2092
Seed 12 | Episode 345 | Reward 39.00 | Epsilon 0.2088
Seed 12 | Episode 346 | Reward 52.00 | Epsilon 0.2085
Seed 12 | Episode 347 | Reward 51.00 | Epsilon 0.2082
Seed 12 | Episode 348 | Reward 56.00 | Epsilon 0.2079
Seed 12 | Episode 349 | Reward 42.00 | Epsilon 0.2075
Seed 12 | Episode 350 | Reward 62.00 | Epsilon 0.2073
Seed 12 | Episode 351 | Reward 57.00 | Epsilon 0.2070
Seed 12 | Episode 352 | Reward 44.00 | Epsilon 0.2066
Seed 12 | Episode 353 | Reward 48.00 | Epsilon 0.2063
Seed 12 | Episode 354 | Reward 51.00 | Epsilon 0.2060
Seed 12 | Episode 355 | Reward 32.00 | Epsilon 0.2056
Seed 12 | Episode 356 | Reward 57.00 | Epsilon 0.2053
Seed 12 | Episode 357 | Reward 53.00 | Epsilon 0.2050
Seed 12 | Episode 358 | Reward 40.00 | Epsilon 0.2046
Seed 12 | Episode 359 | Reward 55.00 | Epsilon 0.2044
Seed 12 | Episode 360 | Reward 42.00 | Epsilon 0.2040
Seed 12 | Episode 361 | Reward 45.00 | Epsilon 0.2037
Seed 12 | Episode 362 | Reward 63.00 | Epsilon 0.2034
Seed 12 | Episode 363 | Reward 46.00 | Epsilon 0.2031
Seed 12 | Episode 364 | Reward 30.00 | Epsilon 0.2027
Seed 12 | Episode 365 | Reward 45.00 | Epsilon 0.2023
Seed 12 | Episode 366 | Reward 57.00 | Epsilon 0.2021
Seed 12 | Episode 367 | Reward 43.00 | Epsilon 0.2017
Seed 12 | Episode 368 | Reward 29.00 | Epsilon 0.2013
Seed 12 | Episode 369 | Reward 38.00 | Epsilon 0.2009
Seed 12 | Episode 370 | Reward 49.00 | Epsilon 0.2006
Seed 12 | Episode 371 | Reward 50.00 | Epsilon 0.2003
Seed 12 | Episode 372 | Reward 46.00 | Epsilon 0.1999
Seed 12 | Episode 373 | Reward 46.00 | Epsilon 0.1996
Seed 12 | Episode 374 | Reward 51.00 | Epsilon 0.1993
Seed 12 | Episode 375 | Reward 53.00 | Epsilon 0.1990
Seed 12 | Episode 376 | Reward 56.00 | Epsilon 0.1988
Seed 12 | Episode 377 | Reward 54.00 | Epsilon 0.1985
Seed 12 | Episode 378 | Reward 45.00 | Epsilon 0.1981
Seed 12 | Episode 379 | Reward 52.00 | Epsilon 0.1978
Seed 12 | Episode 380 | Reward 31.00 | Epsilon 0.1974
Seed 12 | Episode 381 | Reward 56.00 | Epsilon 0.1972
Seed 12 | Episode 382 | Reward 41.00 | Epsilon 0.1968
Seed 12 | Episode 383 | Reward 38.00 | Epsilon 0.1964
Seed 12 | Episode 384 | Reward 47.00 | Epsilon 0.1961
Seed 12 | Episode 385 | Reward 48.00 | Epsilon 0.1958
Seed 12 | Episode 386 | Reward 49.00 | Epsilon 0.1955
Seed 12 | Episode 387 | Reward 44.00 | Epsilon 0.1952
Seed 12 | Episode 388 | Reward 45.00 | Epsilon 0.1948
Seed 12 | Episode 389 | Reward 43.00 | Epsilon 0.1945
Seed 12 | Episode 390 | Reward 54.00 | Epsilon 0.1942
Seed 12 | Episode 391 | Reward 48.00 | Epsilon 0.1939
Seed 12 | Episode 392 | Reward 59.00 | Epsilon 0.1937
Seed 12 | Episode 393 | Reward 33.00 | Epsilon 0.1933
Seed 12 | Episode 394 | Reward 56.00 | Epsilon 0.1930
Seed 12 | Episode 395 | Reward 46.00 | Epsilon 0.1927
Seed 12 | Episode 396 | Reward 44.00 | Epsilon 0.1924
Seed 12 | Episode 397 | Reward 50.00 | Epsilon 0.1921
Seed 12 | Episode 398 | Reward 59.00 | Epsilon 0.1918
Seed 12 | Episode 399 | Reward 47.00 | Epsilon 0.1915
Seed 12 | Episode 400 | Reward 51.00 | Epsilon 0.1912
Seed 12 | Episode 401 | Reward 56.00 | Epsilon 0.1910
Seed 12 | Episode 402 | Reward 58.00 | Epsilon 0.1907
Seed 12 | Episode 403 | Reward 56.00 | Epsilon 0.1905
Seed 12 | Episode 404 | Reward 47.00 | Epsilon 0.1902
Seed 12 | Episode 405 | Reward 57.00 | Epsilon 0.1899
Seed 12 | Episode 406 | Reward 63.00 | Epsilon 0.1897
Seed 12 | Episode 407 | Reward 44.00 | Epsilon 0.1894
Seed 12 | Episode 408 | Reward 50.00 | Epsilon 0.1891
Seed 12 | Episode 409 | Reward 56.00 | Epsilon 0.1888
Seed 12 | Episode 410 | Reward 59.00 | Epsilon 0.1886
Seed 12 | Episode 411 | Reward 44.00 | Epsilon 0.1883
Seed 12 | Episode 412 | Reward 53.00 | Epsilon 0.1880
Seed 12 | Episode 413 | Reward 49.00 | Epsilon 0.1877
Seed 12 | Episode 414 | Reward 44.00 | Epsilon 0.1874
Seed 12 | Episode 415 | Reward 55.00 | Epsilon 0.1871
Seed 12 | Episode 416 | Reward 56.00 | Epsilon 0.1869
Seed 12 | Episode 417 | Reward 44.00 | Epsilon 0.1866
Seed 12 | Episode 418 | Reward 47.00 | Epsilon 0.1863
Seed 12 | Episode 419 | Reward 50.00 | Epsilon 0.1860
Seed 12 | Episode 420 | Reward 55.00 | Epsilon 0.1857
Seed 12 | Episode 421 | Reward 59.00 | Epsilon 0.1855
Seed 12 | Episode 422 | Reward 56.00 | Epsilon 0.1852
Seed 12 | Episode 423 | Reward 61.00 | Epsilon 0.1850
Seed 12 | Episode 424 | Reward 58.00 | Epsilon 0.1848
Seed 12 | Episode 425 | Reward 55.00 | Epsilon 0.1845
Seed 12 | Episode 426 | Reward 51.00 | Epsilon 0.1842
Seed 12 | Episode 427 | Reward 47.00 | Epsilon 0.1839
Seed 12 | Episode 428 | Reward 47.00 | Epsilon 0.1836
Seed 12 | Episode 429 | Reward 48.00 | Epsilon 0.1834
Seed 12 | Episode 430 | Reward 60.00 | Epsilon 0.1831
Seed 12 | Episode 431 | Reward 56.00 | Epsilon 0.1829
Seed 12 | Episode 432 | Reward 59.00 | Epsilon 0.1826
Seed 12 | Episode 433 | Reward 51.00 | Epsilon 0.1824
Seed 12 | Episode 434 | Reward 47.00 | Epsilon 0.1821
Seed 12 | Episode 435 | Reward 58.00 | Epsilon 0.1818
Seed 12 | Episode 436 | Reward 46.00 | Epsilon 0.1815
Seed 12 | Episode 437 | Reward 50.00 | Epsilon 0.1813
Seed 12 | Episode 438 | Reward 46.00 | Epsilon 0.1810
Seed 12 | Episode 439 | Reward 45.00 | Epsilon 0.1807
Seed 12 | Episode 440 | Reward 42.00 | Epsilon 0.1803
Seed 12 | Episode 441 | Reward 37.00 | Epsilon 0.1800
Seed 12 | Episode 442 | Reward 44.00 | Epsilon 0.1797
Seed 12 | Episode 443 | Reward 60.00 | Epsilon 0.1795
Seed 12 | Episode 444 | Reward 64.00 | Epsilon 0.1793
Seed 12 | Episode 445 | Reward 46.00 | Epsilon 0.1790
Seed 12 | Episode 446 | Reward 63.00 | Epsilon 0.1788
Seed 12 | Episode 447 | Reward 50.00 | Epsilon 0.1785
Seed 12 | Episode 448 | Reward 47.00 | Epsilon 0.1782
Seed 12 | Episode 449 | Reward 53.00 | Epsilon 0.1780
Seed 12 | Episode 450 | Reward 54.00 | Epsilon 0.1777
Seed 12 | Episode 451 | Reward 44.00 | Epsilon 0.1774
Seed 12 | Episode 452 | Reward 46.00 | Epsilon 0.1771
Seed 12 | Episode 453 | Reward 59.00 | Epsilon 0.1769
Seed 12 | Episode 454 | Reward 41.00 | Epsilon 0.1766
Seed 12 | Episode 455 | Reward 45.00 | Epsilon 0.1763
Seed 12 | Episode 456 | Reward 43.00 | Epsilon 0.1760
Seed 12 | Episode 457 | Reward 56.00 | Epsilon 0.1757
Seed 12 | Episode 458 | Reward 44.00 | Epsilon 0.1754
Seed 12 | Episode 459 | Reward 46.00 | Epsilon 0.1751
Seed 12 | Episode 460 | Reward 38.00 | Epsilon 0.1748
Seed 12 | Episode 461 | Reward 47.00 | Epsilon 0.1745
Seed 12 | Episode 462 | Reward 60.00 | Epsilon 0.1743
Seed 12 | Episode 463 | Reward 57.00 | Epsilon 0.1741
Seed 12 | Episode 464 | Reward 43.00 | Epsilon 0.1738
Seed 12 | Episode 465 | Reward 48.00 | Epsilon 0.1735
Seed 12 | Episode 466 | Reward 56.00 | Epsilon 0.1733
Seed 12 | Episode 467 | Reward 49.00 | Epsilon 0.1730
Seed 12 | Episode 468 | Reward 55.00 | Epsilon 0.1728
Seed 12 | Episode 469 | Reward 48.00 | Epsilon 0.1725
Seed 12 | Episode 470 | Reward 62.00 | Epsilon 0.1723
Seed 12 | Episode 471 | Reward 41.00 | Epsilon 0.1720
Seed 12 | Episode 472 | Reward 59.00 | Epsilon 0.1718
Seed 12 | Episode 473 | Reward 62.00 | Epsilon 0.1716
Seed 12 | Episode 474 | Reward 53.00 | Epsilon 0.1713
Seed 12 | Episode 475 | Reward 36.00 | Epsilon 0.1710
Seed 12 | Episode 476 | Reward 54.00 | Epsilon 0.1707
Seed 12 | Episode 477 | Reward 53.00 | Epsilon 0.1705
Seed 12 | Episode 478 | Reward 35.00 | Epsilon 0.1701
Seed 12 | Episode 479 | Reward 58.00 | Epsilon 0.1699
Seed 12 | Episode 480 | Reward 49.00 | Epsilon 0.1697
Seed 12 | Episode 481 | Reward 62.00 | Epsilon 0.1695
Seed 12 | Episode 482 | Reward 51.00 | Epsilon 0.1692
Seed 12 | Episode 483 | Reward 51.00 | Epsilon 0.1690
Seed 12 | Episode 484 | Reward 57.00 | Epsilon 0.1687
Seed 12 | Episode 485 | Reward 51.00 | Epsilon 0.1685
Seed 12 | Episode 486 | Reward 54.00 | Epsilon 0.1682
Seed 12 | Episode 487 | Reward 57.00 | Epsilon 0.1680
Seed 12 | Episode 488 | Reward 48.00 | Epsilon 0.1678
Seed 12 | Episode 489 | Reward 47.00 | Epsilon 0.1675
Seed 12 | Episode 490 | Reward 52.00 | Epsilon 0.1672
Seed 12 | Episode 491 | Reward 31.00 | Epsilon 0.1669
Seed 12 | Episode 492 | Reward 61.00 | Epsilon 0.1667
Seed 12 | Episode 493 | Reward 50.00 | Epsilon 0.1664
Seed 12 | Episode 494 | Reward 56.00 | Epsilon 0.1662
Seed 12 | Episode 495 | Reward 44.00 | Epsilon 0.1659
Seed 12 | Episode 496 | Reward 48.00 | Epsilon 0.1657
Seed 12 | Episode 497 | Reward 51.00 | Epsilon 0.1654
Seed 12 | Episode 498 | Reward 55.00 | Epsilon 0.1652
Seed 12 | Episode 499 | Reward 50.00 | Epsilon 0.1649
Seed 12 | Episode 500 | Reward 42.00 | Epsilon 0.1646
Seed 12 | Episode 501 | Reward 46.00 | Epsilon 0.1644
Seed 12 | Episode 502 | Reward 40.00 | Epsilon 0.1641
Seed 12 | Episode 503 | Reward 56.00 | Epsilon 0.1638
Seed 12 | Episode 504 | Reward 45.00 | Epsilon 0.1636
Seed 12 | Episode 505 | Reward 51.00 | Epsilon 0.1633
Seed 12 | Episode 506 | Reward 66.00 | Epsilon 0.1632
Seed 12 | Episode 507 | Reward 45.00 | Epsilon 0.1629
Seed 12 | Episode 508 | Reward 54.00 | Epsilon 0.1627
Seed 12 | Episode 509 | Reward 50.00 | Epsilon 0.1624
Seed 12 | Episode 510 | Reward 48.00 | Epsilon 0.1621
Seed 12 | Episode 511 | Reward 60.00 | Epsilon 0.1619
Seed 12 | Episode 512 | Reward 48.00 | Epsilon 0.1617
Seed 12 | Episode 513 | Reward 60.00 | Epsilon 0.1615
Seed 12 | Episode 514 | Reward 52.00 | Epsilon 0.1613
Seed 12 | Episode 515 | Reward -14.00 | Epsilon 0.1607
Seed 12 | Episode 516 | Reward 50.00 | Epsilon 0.1605
Seed 12 | Episode 517 | Reward 54.00 | Epsilon 0.1602
Seed 12 | Episode 518 | Reward 45.00 | Epsilon 0.1600
Seed 12 | Episode 519 | Reward 53.00 | Epsilon 0.1597
Seed 12 | Episode 520 | Reward 49.00 | Epsilon 0.1595
Seed 12 | Episode 521 | Reward 46.00 | Epsilon 0.1592
Seed 12 | Episode 522 | Reward 50.00 | Epsilon 0.1590
Seed 12 | Episode 523 | Reward 48.00 | Epsilon 0.1587
Seed 12 | Episode 524 | Reward 47.00 | Epsilon 0.1585
Seed 12 | Episode 525 | Reward 63.00 | Epsilon 0.1583
Seed 12 | Episode 526 | Reward 62.00 | Epsilon 0.1581
Seed 12 | Episode 527 | Reward 48.00 | Epsilon 0.1578
Seed 12 | Episode 528 | Reward 59.00 | Epsilon 0.1576
Seed 12 | Episode 529 | Reward 44.00 | Epsilon 0.1574
Seed 12 | Episode 530 | Reward 50.00 | Epsilon 0.1571
Seed 12 | Episode 531 | Reward 43.00 | Epsilon 0.1569
Seed 12 | Episode 532 | Reward 46.00 | Epsilon 0.1566
Seed 12 | Episode 533 | Reward 47.00 | Epsilon 0.1564
Seed 12 | Episode 534 | Reward 54.00 | Epsilon 0.1561
Seed 12 | Episode 535 | Reward 44.00 | Epsilon 0.1559
Seed 12 | Episode 536 | Reward 56.00 | Epsilon 0.1557
Seed 12 | Episode 537 | Reward 53.00 | Epsilon 0.1554
Seed 12 | Episode 538 | Reward 44.00 | Epsilon 0.1552
Seed 12 | Episode 539 | Reward 53.00 | Epsilon 0.1549
Seed 12 | Episode 540 | Reward 58.00 | Epsilon 0.1547
Seed 12 | Episode 541 | Reward 49.00 | Epsilon 0.1545
Seed 12 | Episode 542 | Reward 36.00 | Epsilon 0.1542
Seed 12 | Episode 543 | Reward 44.00 | Epsilon 0.1539
Seed 12 | Episode 544 | Reward 36.00 | Epsilon 0.1536
Seed 12 | Episode 545 | Reward 56.00 | Epsilon 0.1534
Seed 12 | Episode 546 | Reward 51.00 | Epsilon 0.1532
Seed 12 | Episode 547 | Reward 58.00 | Epsilon 0.1530
Seed 12 | Episode 548 | Reward 44.00 | Epsilon 0.1527
Seed 12 | Episode 549 | Reward 43.00 | Epsilon 0.1525
Seed 12 | Episode 550 | Reward 59.00 | Epsilon 0.1523
Seed 12 | Episode 551 | Reward 43.00 | Epsilon 0.1520
Seed 12 | Episode 552 | Reward 52.00 | Epsilon 0.1518
Seed 12 | Episode 553 | Reward 56.00 | Epsilon 0.1516
Seed 12 | Episode 554 | Reward 50.00 | Epsilon 0.1514
Seed 12 | Episode 555 | Reward 43.00 | Epsilon 0.1511
Seed 12 | Episode 556 | Reward 55.00 | Epsilon 0.1509
Seed 12 | Episode 557 | Reward 45.00 | Epsilon 0.1506
Seed 12 | Episode 558 | Reward 44.00 | Epsilon 0.1504
Seed 12 | Episode 559 | Reward 55.00 | Epsilon 0.1502
Seed 12 | Episode 560 | Reward 61.00 | Epsilon 0.1500
Seed 12 | Episode 561 | Reward 45.00 | Epsilon 0.1497
Seed 12 | Episode 562 | Reward 64.00 | Epsilon 0.1496
Seed 12 | Episode 563 | Reward 46.00 | Epsilon 0.1493
Seed 12 | Episode 564 | Reward 50.00 | Epsilon 0.1491
Seed 12 | Episode 565 | Reward 58.00 | Epsilon 0.1489
Seed 12 | Episode 566 | Reward 38.00 | Epsilon 0.1486
Seed 12 | Episode 567 | Reward 48.00 | Epsilon 0.1484
Seed 12 | Episode 568 | Reward 55.00 | Epsilon 0.1482
Seed 12 | Episode 569 | Reward 35.00 | Epsilon 0.1479
Seed 12 | Episode 570 | Reward 36.00 | Epsilon 0.1476
Seed 12 | Episode 571 | Reward 51.00 | Epsilon 0.1474
Seed 12 | Episode 572 | Reward 51.00 | Epsilon 0.1472
Seed 12 | Episode 573 | Reward 65.00 | Epsilon 0.1470
Seed 12 | Episode 574 | Reward 58.00 | Epsilon 0.1468
Seed 12 | Episode 575 | Reward 61.00 | Epsilon 0.1466
Seed 12 | Episode 576 | Reward 45.00 | Epsilon 0.1464
Seed 12 | Episode 577 | Reward 63.00 | Epsilon 0.1462
Seed 12 | Episode 578 | Reward 50.00 | Epsilon 0.1460
Seed 12 | Episode 579 | Reward 40.00 | Epsilon 0.1457
Seed 12 | Episode 580 | Reward 49.00 | Epsilon 0.1455
Seed 12 | Episode 581 | Reward 49.00 | Epsilon 0.1453
Seed 12 | Episode 582 | Reward 50.00 | Epsilon 0.1451
Seed 12 | Episode 583 | Reward 60.00 | Epsilon 0.1449
Seed 12 | Episode 584 | Reward 59.00 | Epsilon 0.1447
Seed 12 | Episode 585 | Reward 48.00 | Epsilon 0.1445
Seed 12 | Episode 586 | Reward 41.00 | Epsilon 0.1442
Seed 12 | Episode 587 | Reward 45.00 | Epsilon 0.1440
Seed 12 | Episode 588 | Reward 53.00 | Epsilon 0.1438
Seed 12 | Episode 589 | Reward 43.00 | Epsilon 0.1435
Seed 12 | Episode 590 | Reward 56.00 | Epsilon 0.1433
Seed 12 | Episode 591 | Reward 58.00 | Epsilon 0.1431
Seed 12 | Episode 592 | Reward 65.00 | Epsilon 0.1430
Seed 12 | Episode 593 | Reward 47.00 | Epsilon 0.1427
Seed 12 | Episode 594 | Reward 38.00 | Epsilon 0.1425
Seed 12 | Episode 595 | Reward 65.00 | Epsilon 0.1423
Seed 12 | Episode 596 | Reward 54.00 | Epsilon 0.1421
Seed 12 | Episode 597 | Reward 46.00 | Epsilon 0.1419
Seed 12 | Episode 598 | Reward 53.00 | Epsilon 0.1417
Seed 12 | Episode 599 | Reward 62.00 | Epsilon 0.1415
Seed 12 | Episode 600 | Reward 45.00 | Epsilon 0.1413
Seed 12 | Episode 601 | Reward 52.00 | Epsilon 0.1411
Seed 12 | Episode 602 | Reward 57.00 | Epsilon 0.1409
Seed 12 | Episode 603 | Reward 58.00 | Epsilon 0.1407
Seed 12 | Episode 604 | Reward 64.00 | Epsilon 0.1405
Seed 12 | Episode 605 | Reward 50.00 | Epsilon 0.1403
Seed 12 | Episode 606 | Reward 52.00 | Epsilon 0.1401
Seed 12 | Episode 607 | Reward 54.00 | Epsilon 0.1399
Seed 12 | Episode 608 | Reward 28.00 | Epsilon 0.1396
Seed 12 | Episode 609 | Reward 48.00 | Epsilon 0.1394
Seed 12 | Episode 610 | Reward 39.00 | Epsilon 0.1391
Seed 12 | Episode 611 | Reward 51.00 | Epsilon 0.1389
Seed 12 | Episode 612 | Reward 45.00 | Epsilon 0.1387
Seed 12 | Episode 613 | Reward 43.00 | Epsilon 0.1385
Seed 12 | Episode 614 | Reward 50.00 | Epsilon 0.1382
Seed 12 | Episode 615 | Reward 58.00 | Epsilon 0.1381
Seed 12 | Episode 616 | Reward 47.00 | Epsilon 0.1378
Seed 12 | Episode 617 | Reward 48.00 | Epsilon 0.1376
Seed 12 | Episode 618 | Reward 58.00 | Epsilon 0.1374
Seed 12 | Episode 619 | Reward 51.00 | Epsilon 0.1372
Seed 12 | Episode 620 | Reward 54.00 | Epsilon 0.1370
Seed 12 | Episode 621 | Reward 49.00 | Epsilon 0.1368
Seed 12 | Episode 622 | Reward 60.00 | Epsilon 0.1367
Seed 12 | Episode 623 | Reward 40.00 | Epsilon 0.1364
Seed 12 | Episode 624 | Reward 41.00 | Epsilon 0.1362
Seed 12 | Episode 625 | Reward 50.00 | Epsilon 0.1360
Seed 12 | Episode 626 | Reward 39.00 | Epsilon 0.1357
Seed 12 | Episode 627 | Reward 40.00 | Epsilon 0.1355
Seed 12 | Episode 628 | Reward 61.00 | Epsilon 0.1353
Seed 12 | Episode 629 | Reward 54.00 | Epsilon 0.1351
Seed 12 | Episode 630 | Reward 51.00 | Epsilon 0.1349
Seed 12 | Episode 631 | Reward 52.00 | Epsilon 0.1347
Seed 12 | Episode 632 | Reward 53.00 | Epsilon 0.1345
Seed 12 | Episode 633 | Reward 43.00 | Epsilon 0.1343
Seed 12 | Episode 634 | Reward 52.00 | Epsilon 0.1341
Seed 12 | Episode 635 | Reward 57.00 | Epsilon 0.1339
Seed 12 | Episode 636 | Reward 52.00 | Epsilon 0.1337
Seed 12 | Episode 637 | Reward 62.00 | Epsilon 0.1336
Seed 12 | Episode 638 | Reward 50.00 | Epsilon 0.1333
Seed 12 | Episode 639 | Reward 64.00 | Epsilon 0.1332
Seed 12 | Episode 640 | Reward 33.00 | Epsilon 0.1329
Seed 12 | Episode 641 | Reward 30.00 | Epsilon 0.1326
Seed 12 | Episode 642 | Reward 55.00 | Epsilon 0.1325
Seed 12 | Episode 643 | Reward 52.00 | Epsilon 0.1323
Seed 12 | Episode 644 | Reward 44.00 | Epsilon 0.1320
Seed 12 | Episode 645 | Reward 47.00 | Epsilon 0.1318
Seed 12 | Episode 646 | Reward 56.00 | Epsilon 0.1316
Seed 12 | Episode 647 | Reward 43.00 | Epsilon 0.1314
Seed 12 | Episode 648 | Reward 60.00 | Epsilon 0.1313
Seed 12 | Episode 649 | Reward 42.00 | Epsilon 0.1310
Seed 12 | Episode 650 | Reward 47.00 | Epsilon 0.1308
Seed 12 | Episode 651 | Reward 44.00 | Epsilon 0.1306
Seed 12 | Episode 652 | Reward 45.00 | Epsilon 0.1304
Seed 12 | Episode 653 | Reward 62.00 | Epsilon 0.1302
Seed 12 | Episode 654 | Reward 46.00 | Epsilon 0.1300
Seed 12 | Episode 655 | Reward 38.00 | Epsilon 0.1298
Seed 12 | Episode 656 | Reward 54.00 | Epsilon 0.1296
Seed 12 | Episode 657 | Reward 59.00 | Epsilon 0.1294
Seed 12 | Episode 658 | Reward 47.00 | Epsilon 0.1292
Seed 12 | Episode 659 | Reward 46.00 | Epsilon 0.1290
Seed 12 | Episode 660 | Reward 48.00 | Epsilon 0.1288
Seed 12 | Episode 661 | Reward 64.00 | Epsilon 0.1286
Seed 12 | Episode 662 | Reward 64.00 | Epsilon 0.1285
Seed 12 | Episode 663 | Reward 58.00 | Epsilon 0.1283
Seed 12 | Episode 664 | Reward 60.00 | Epsilon 0.1282
Seed 12 | Episode 665 | Reward 56.00 | Epsilon 0.1280
Seed 12 | Episode 666 | Reward 52.00 | Epsilon 0.1278
Seed 12 | Episode 667 | Reward 65.00 | Epsilon 0.1277
Seed 12 | Episode 668 | Reward 52.00 | Epsilon 0.1275
Seed 12 | Episode 669 | Reward 49.00 | Epsilon 0.1273
Seed 12 | Episode 670 | Reward 44.00 | Epsilon 0.1271
Seed 12 | Episode 671 | Reward 48.00 | Epsilon 0.1269
Seed 12 | Episode 672 | Reward 45.00 | Epsilon 0.1267
Seed 12 | Episode 673 | Reward 45.00 | Epsilon 0.1264
Seed 12 | Episode 674 | Reward 64.00 | Epsilon 0.1263
Seed 12 | Episode 675 | Reward 54.00 | Epsilon 0.1261
Seed 12 | Episode 676 | Reward 35.00 | Epsilon 0.1259
Seed 12 | Episode 677 | Reward 41.00 | Epsilon 0.1257
Seed 12 | Episode 678 | Reward 61.00 | Epsilon 0.1255
Seed 12 | Episode 679 | Reward 49.00 | Epsilon 0.1253
Seed 12 | Episode 680 | Reward 45.00 | Epsilon 0.1251
Seed 12 | Episode 681 | Reward 47.00 | Epsilon 0.1249
Seed 12 | Episode 682 | Reward 59.00 | Epsilon 0.1247
Seed 12 | Episode 683 | Reward 47.00 | Epsilon 0.1245
Seed 12 | Episode 684 | Reward 53.00 | Epsilon 0.1244
Seed 12 | Episode 685 | Reward 52.00 | Epsilon 0.1242
Seed 12 | Episode 686 | Reward 46.00 | Epsilon 0.1240
Seed 12 | Episode 687 | Reward 53.00 | Epsilon 0.1238
Seed 12 | Episode 688 | Reward 53.00 | Epsilon 0.1236
Seed 12 | Episode 689 | Reward 57.00 | Epsilon 0.1234
Seed 12 | Episode 690 | Reward 56.00 | Epsilon 0.1233
Seed 12 | Episode 691 | Reward 58.00 | Epsilon 0.1231
Seed 12 | Episode 692 | Reward 49.00 | Epsilon 0.1229
Seed 12 | Episode 693 | Reward 51.00 | Epsilon 0.1227
Seed 12 | Episode 694 | Reward 53.00 | Epsilon 0.1226
Seed 12 | Episode 695 | Reward 49.00 | Epsilon 0.1224
Seed 12 | Episode 696 | Reward 46.00 | Epsilon 0.1222
Seed 12 | Episode 697 | Reward 52.00 | Epsilon 0.1220
Seed 12 | Episode 698 | Reward 62.00 | Epsilon 0.1219
Seed 12 | Episode 699 | Reward 62.00 | Epsilon 0.1217
Seed 12 | Episode 700 | Reward 57.00 | Epsilon 0.1216
Seed 12 | Episode 701 | Reward 47.00 | Epsilon 0.1214
Seed 12 | Episode 702 | Reward 63.00 | Epsilon 0.1212
Seed 12 | Episode 703 | Reward 62.00 | Epsilon 0.1211
Seed 12 | Episode 704 | Reward 48.00 | Epsilon 0.1209
Seed 12 | Episode 705 | Reward 62.00 | Epsilon 0.1207
Seed 12 | Episode 706 | Reward 64.00 | Epsilon 0.1206
Seed 12 | Episode 707 | Reward 48.00 | Epsilon 0.1204
Seed 12 | Episode 708 | Reward 47.00 | Epsilon 0.1202
Seed 12 | Episode 709 | Reward 47.00 | Epsilon 0.1200
Seed 12 | Episode 710 | Reward 61.00 | Epsilon 0.1199
Seed 12 | Episode 711 | Reward 53.00 | Epsilon 0.1197
Seed 12 | Episode 712 | Reward 52.00 | Epsilon 0.1195
Seed 12 | Episode 713 | Reward 56.00 | Epsilon 0.1194
Seed 12 | Episode 714 | Reward 47.00 | Epsilon 0.1192
Seed 12 | Episode 715 | Reward 60.00 | Epsilon 0.1190
Seed 12 | Episode 716 | Reward 60.00 | Epsilon 0.1189
Seed 12 | Episode 717 | Reward 54.00 | Epsilon 0.1187
Seed 12 | Episode 718 | Reward 51.00 | Epsilon 0.1185
Seed 12 | Episode 719 | Reward 58.00 | Epsilon 0.1184
Seed 12 | Episode 720 | Reward 53.00 | Epsilon 0.1182
Seed 12 | Episode 721 | Reward 53.00 | Epsilon 0.1180
Seed 12 | Episode 722 | Reward 53.00 | Epsilon 0.1179
Seed 12 | Episode 723 | Reward 53.00 | Epsilon 0.1177
Seed 12 | Episode 724 | Reward 46.00 | Epsilon 0.1175
Seed 12 | Episode 725 | Reward 61.00 | Epsilon 0.1174
Seed 12 | Episode 726 | Reward 64.00 | Epsilon 0.1172
Seed 12 | Episode 727 | Reward 51.00 | Epsilon 0.1171
Seed 12 | Episode 728 | Reward 59.00 | Epsilon 0.1169
Seed 12 | Episode 729 | Reward 55.00 | Epsilon 0.1168
Seed 12 | Episode 730 | Reward 49.00 | Epsilon 0.1166
Seed 12 | Episode 731 | Reward 40.00 | Epsilon 0.1164
Seed 12 | Episode 732 | Reward 60.00 | Epsilon 0.1162
Seed 12 | Episode 733 | Reward 47.00 | Epsilon 0.1160
Seed 12 | Episode 734 | Reward 56.00 | Epsilon 0.1159
Seed 12 | Episode 735 | Reward 56.00 | Epsilon 0.1157
Seed 12 | Episode 736 | Reward 58.00 | Epsilon 0.1156
Seed 12 | Episode 737 | Reward 51.00 | Epsilon 0.1154
Seed 12 | Episode 738 | Reward 58.00 | Epsilon 0.1152
Seed 12 | Episode 739 | Reward 42.00 | Epsilon 0.1150
Seed 12 | Episode 740 | Reward 52.00 | Epsilon 0.1149
Seed 12 | Episode 741 | Reward 52.00 | Epsilon 0.1147
Seed 12 | Episode 742 | Reward 60.00 | Epsilon 0.1146
Seed 12 | Episode 743 | Reward 50.00 | Epsilon 0.1144
Seed 12 | Episode 744 | Reward 63.00 | Epsilon 0.1143
Seed 12 | Episode 745 | Reward 56.00 | Epsilon 0.1141
Seed 12 | Episode 746 | Reward 36.00 | Epsilon 0.1139
Seed 12 | Episode 747 | Reward 36.00 | Epsilon 0.1137
Seed 12 | Episode 748 | Reward 52.00 | Epsilon 0.1135
Seed 12 | Episode 749 | Reward 62.00 | Epsilon 0.1134
Seed 12 | Episode 750 | Reward 53.00 | Epsilon 0.1132
Seed 12 | Episode 751 | Reward 60.00 | Epsilon 0.1131
Seed 12 | Episode 752 | Reward 53.00 | Epsilon 0.1129
Seed 12 | Episode 753 | Reward 53.00 | Epsilon 0.1127
Seed 12 | Episode 754 | Reward 57.00 | Epsilon 0.1126
Seed 12 | Episode 755 | Reward 52.00 | Epsilon 0.1124
Seed 12 | Episode 756 | Reward 60.00 | Epsilon 0.1123
Seed 12 | Episode 757 | Reward 55.00 | Epsilon 0.1121
Seed 12 | Episode 758 | Reward 61.00 | Epsilon 0.1120
Seed 12 | Episode 759 | Reward 44.00 | Epsilon 0.1118
Seed 12 | Episode 760 | Reward 47.00 | Epsilon 0.1116
Seed 12 | Episode 761 | Reward 63.00 | Epsilon 0.1115
Seed 12 | Episode 762 | Reward 59.00 | Epsilon 0.1114
Seed 12 | Episode 763 | Reward 46.00 | Epsilon 0.1112
Seed 12 | Episode 764 | Reward 51.00 | Epsilon 0.1110
Seed 12 | Episode 765 | Reward 58.00 | Epsilon 0.1109
Seed 12 | Episode 766 | Reward 49.00 | Epsilon 0.1107
Seed 12 | Episode 767 | Reward 54.00 | Epsilon 0.1105
Seed 12 | Episode 768 | Reward 49.00 | Epsilon 0.1104
Seed 12 | Episode 769 | Reward 61.00 | Epsilon 0.1102
Seed 12 | Episode 770 | Reward 46.00 | Epsilon 0.1100
Seed 12 | Episode 771 | Reward 59.00 | Epsilon 0.1099
Seed 12 | Episode 772 | Reward 43.00 | Epsilon 0.1097
Seed 12 | Episode 773 | Reward 51.00 | Epsilon 0.1096
Seed 12 | Episode 774 | Reward 38.00 | Epsilon 0.1093
Seed 12 | Episode 775 | Reward 49.00 | Epsilon 0.1092
Seed 12 | Episode 776 | Reward 49.00 | Epsilon 0.1090
Seed 12 | Episode 777 | Reward 23.00 | Epsilon 0.1087
Seed 12 | Episode 778 | Reward 48.00 | Epsilon 0.1086
Seed 12 | Episode 779 | Reward 57.00 | Epsilon 0.1084
Seed 12 | Episode 780 | Reward 56.00 | Epsilon 0.1083
Seed 12 | Episode 781 | Reward 50.00 | Epsilon 0.1081
Seed 12 | Episode 782 | Reward 41.00 | Epsilon 0.1079
Seed 12 | Episode 783 | Reward 47.00 | Epsilon 0.1078
Seed 12 | Episode 784 | Reward 58.00 | Epsilon 0.1076
Seed 12 | Episode 785 | Reward 62.00 | Epsilon 0.1075
Seed 12 | Episode 786 | Reward 57.00 | Epsilon 0.1073
Seed 12 | Episode 787 | Reward 49.00 | Epsilon 0.1072
Seed 12 | Episode 788 | Reward 54.00 | Epsilon 0.1070
Seed 12 | Episode 789 | Reward 52.00 | Epsilon 0.1069
Seed 12 | Episode 790 | Reward 53.00 | Epsilon 0.1067
Seed 12 | Episode 791 | Reward 51.00 | Epsilon 0.1066
Seed 12 | Episode 792 | Reward 59.00 | Epsilon 0.1064
Seed 12 | Episode 793 | Reward 44.00 | Epsilon 0.1062
Seed 12 | Episode 794 | Reward 63.00 | Epsilon 0.1061
Seed 12 | Episode 795 | Reward 62.00 | Epsilon 0.1060
Seed 12 | Episode 796 | Reward 52.00 | Epsilon 0.1058
Seed 12 | Episode 797 | Reward 53.00 | Epsilon 0.1057
Seed 12 | Episode 798 | Reward 49.00 | Epsilon 0.1055
Seed 12 | Episode 799 | Reward 32.00 | Epsilon 0.1053
Seed 12 | Episode 800 | Reward 55.00 | Epsilon 0.1052
Seed 12 | Episode 801 | Reward 50.00 | Epsilon 0.1050
Seed 12 | Episode 802 | Reward 63.00 | Epsilon 0.1049
Seed 12 | Episode 803 | Reward 56.00 | Epsilon 0.1047
Seed 12 | Episode 804 | Reward 53.00 | Epsilon 0.1046
Seed 12 | Episode 805 | Reward 55.00 | Epsilon 0.1044
Seed 12 | Episode 806 | Reward 60.00 | Epsilon 0.1043
Seed 12 | Episode 807 | Reward 42.00 | Epsilon 0.1041
Seed 12 | Episode 808 | Reward 52.00 | Epsilon 0.1040
Seed 12 | Episode 809 | Reward 53.00 | Epsilon 0.1038
Seed 12 | Episode 810 | Reward 46.00 | Epsilon 0.1037
Seed 12 | Episode 811 | Reward 55.00 | Epsilon 0.1035
Seed 12 | Episode 812 | Reward 53.00 | Epsilon 0.1034
Seed 12 | Episode 813 | Reward 59.00 | Epsilon 0.1032
Seed 12 | Episode 814 | Reward 59.00 | Epsilon 0.1031
Seed 12 | Episode 815 | Reward 59.00 | Epsilon 0.1030
Seed 12 | Episode 816 | Reward 54.00 | Epsilon 0.1028
Seed 12 | Episode 817 | Reward 57.00 | Epsilon 0.1027
Seed 12 | Episode 818 | Reward 51.00 | Epsilon 0.1025
Seed 12 | Episode 819 | Reward 53.00 | Epsilon 0.1024
Seed 12 | Episode 820 | Reward 55.00 | Epsilon 0.1023
Seed 12 | Episode 821 | Reward 56.00 | Epsilon 0.1021
Seed 12 | Episode 822 | Reward 49.00 | Epsilon 0.1020
Seed 12 | Episode 823 | Reward 55.00 | Epsilon 0.1018
Seed 12 | Episode 824 | Reward 59.00 | Epsilon 0.1017
Seed 12 | Episode 825 | Reward 62.00 | Epsilon 0.1016
Seed 12 | Episode 826 | Reward 47.00 | Epsilon 0.1014
Seed 12 | Episode 827 | Reward 48.00 | Epsilon 0.1012
Seed 12 | Episode 828 | Reward 52.00 | Epsilon 0.1011
Seed 12 | Episode 829 | Reward 61.00 | Epsilon 0.1010
Seed 12 | Episode 830 | Reward 51.00 | Epsilon 0.1008
Seed 12 | Episode 831 | Reward 48.00 | Epsilon 0.1007
Seed 12 | Episode 832 | Reward 46.00 | Epsilon 0.1005
Seed 12 | Episode 833 | Reward 53.00 | Epsilon 0.1003
Seed 12 | Episode 834 | Reward 45.00 | Epsilon 0.1002
Seed 12 | Episode 835 | Reward 46.00 | Epsilon 0.1000
Seed 12 | Episode 836 | Reward 59.00 | Epsilon 0.0999
Seed 12 | Episode 837 | Reward 50.00 | Epsilon 0.0997
Seed 12 | Episode 838 | Reward 54.00 | Epsilon 0.0996
Seed 12 | Episode 839 | Reward 53.00 | Epsilon 0.0995
Seed 12 | Episode 840 | Reward 37.00 | Epsilon 0.0993
Seed 12 | Episode 841 | Reward 58.00 | Epsilon 0.0991
Seed 12 | Episode 842 | Reward 65.00 | Epsilon 0.0990
Seed 12 | Episode 843 | Reward 48.00 | Epsilon 0.0989
Seed 12 | Episode 844 | Reward 55.00 | Epsilon 0.0987
Seed 12 | Episode 845 | Reward 49.00 | Epsilon 0.0986
Seed 12 | Episode 846 | Reward 49.00 | Epsilon 0.0984
Seed 12 | Episode 847 | Reward 54.00 | Epsilon 0.0983
Seed 12 | Episode 848 | Reward 48.00 | Epsilon 0.0981
Seed 12 | Episode 849 | Reward 45.00 | Epsilon 0.0980
Seed 12 | Episode 850 | Reward 53.00 | Epsilon 0.0978
Seed 12 | Episode 851 | Reward 61.00 | Epsilon 0.0977
Seed 12 | Episode 852 | Reward 50.00 | Epsilon 0.0976
Seed 12 | Episode 853 | Reward 57.00 | Epsilon 0.0974
Seed 12 | Episode 854 | Reward 41.00 | Epsilon 0.0973
Seed 12 | Episode 855 | Reward 52.00 | Epsilon 0.0971
Seed 12 | Episode 856 | Reward 42.00 | Epsilon 0.0969
Seed 12 | Episode 857 | Reward 53.00 | Epsilon 0.0968
Seed 12 | Episode 858 | Reward 43.00 | Epsilon 0.0966
Seed 12 | Episode 859 | Reward 52.00 | Epsilon 0.0965
Seed 12 | Episode 860 | Reward 55.00 | Epsilon 0.0964
Seed 12 | Episode 861 | Reward 48.00 | Epsilon 0.0962
Seed 12 | Episode 862 | Reward 50.00 | Epsilon 0.0961
Seed 12 | Episode 863 | Reward 59.00 | Epsilon 0.0959
Seed 12 | Episode 864 | Reward 51.00 | Epsilon 0.0958
Seed 12 | Episode 865 | Reward 49.00 | Epsilon 0.0956
Seed 12 | Episode 866 | Reward 42.00 | Epsilon 0.0955
Seed 12 | Episode 867 | Reward 57.00 | Epsilon 0.0953
Seed 12 | Episode 868 | Reward 48.00 | Epsilon 0.0952
Seed 12 | Episode 869 | Reward 58.00 | Epsilon 0.0951
Seed 12 | Episode 870 | Reward 53.00 | Epsilon 0.0949
Seed 12 | Episode 871 | Reward 48.00 | Epsilon 0.0948
Seed 12 | Episode 872 | Reward 58.00 | Epsilon 0.0947
Seed 12 | Episode 873 | Reward 61.00 | Epsilon 0.0945
Seed 12 | Episode 874 | Reward 58.00 | Epsilon 0.0944
Seed 12 | Episode 875 | Reward 47.00 | Epsilon 0.0943
Seed 12 | Episode 876 | Reward 40.00 | Epsilon 0.0941
Seed 12 | Episode 877 | Reward 50.00 | Epsilon 0.0940
Seed 12 | Episode 878 | Reward 52.00 | Epsilon 0.0938
Seed 12 | Episode 879 | Reward 53.00 | Epsilon 0.0937
Seed 12 | Episode 880 | Reward 51.00 | Epsilon 0.0935
Seed 12 | Episode 881 | Reward 43.00 | Epsilon 0.0934
Seed 12 | Episode 882 | Reward 38.00 | Epsilon 0.0932
Seed 12 | Episode 883 | Reward 62.00 | Epsilon 0.0931
Seed 12 | Episode 884 | Reward 43.00 | Epsilon 0.0929
Seed 12 | Episode 885 | Reward 36.00 | Epsilon 0.0928
Seed 12 | Episode 886 | Reward 19.00 | Epsilon 0.0925
Seed 12 | Episode 887 | Reward 51.00 | Epsilon 0.0924
Seed 12 | Episode 888 | Reward 46.00 | Epsilon 0.0922
Seed 12 | Episode 889 | Reward 48.00 | Epsilon 0.0921
Seed 12 | Episode 890 | Reward 61.00 | Epsilon 0.0920
Seed 12 | Episode 891 | Reward 59.00 | Epsilon 0.0919
Seed 12 | Episode 892 | Reward 60.00 | Epsilon 0.0917
Seed 12 | Episode 893 | Reward 46.00 | Epsilon 0.0916
Seed 12 | Episode 894 | Reward 57.00 | Epsilon 0.0915
Seed 12 | Episode 895 | Reward 53.00 | Epsilon 0.0913
Seed 12 | Episode 896 | Reward 59.00 | Epsilon 0.0912
Seed 12 | Episode 897 | Reward 47.00 | Epsilon 0.0911
Seed 12 | Episode 898 | Reward 57.00 | Epsilon 0.0910
Seed 12 | Episode 899 | Reward 61.00 | Epsilon 0.0909
Seed 12 | Episode 900 | Reward 49.00 | Epsilon 0.0907
Seed 12 | Episode 901 | Reward 40.00 | Epsilon 0.0905
Seed 12 | Episode 902 | Reward 51.00 | Epsilon 0.0904
Seed 12 | Episode 903 | Reward 62.00 | Epsilon 0.0903
Seed 12 | Episode 904 | Reward 44.00 | Epsilon 0.0902
Seed 12 | Episode 905 | Reward 50.00 | Epsilon 0.0900
Seed 12 | Episode 906 | Reward 51.00 | Epsilon 0.0899
Seed 12 | Episode 907 | Reward 54.00 | Epsilon 0.0898
Seed 12 | Episode 908 | Reward 45.00 | Epsilon 0.0896
Seed 12 | Episode 909 | Reward 59.00 | Epsilon 0.0895
Seed 12 | Episode 910 | Reward 61.00 | Epsilon 0.0894
Seed 12 | Episode 911 | Reward 57.00 | Epsilon 0.0893
Seed 12 | Episode 912 | Reward 53.00 | Epsilon 0.0891
Seed 12 | Episode 913 | Reward 41.00 | Epsilon 0.0890
Seed 12 | Episode 914 | Reward 62.00 | Epsilon 0.0889
Seed 12 | Episode 915 | Reward 38.00 | Epsilon 0.0887
Seed 12 | Episode 916 | Reward 56.00 | Epsilon 0.0886
Seed 12 | Episode 917 | Reward 51.00 | Epsilon 0.0884
Seed 12 | Episode 918 | Reward 56.00 | Epsilon 0.0883
Seed 12 | Episode 919 | Reward 39.00 | Epsilon 0.0882
Seed 12 | Episode 920 | Reward 59.00 | Epsilon 0.0881
Seed 12 | Episode 921 | Reward 39.00 | Epsilon 0.0879
Seed 12 | Episode 922 | Reward 55.00 | Epsilon 0.0878
Seed 12 | Episode 923 | Reward 56.00 | Epsilon 0.0877
Seed 12 | Episode 924 | Reward 42.00 | Epsilon 0.0875
Seed 12 | Episode 925 | Reward 42.00 | Epsilon 0.0873
Seed 12 | Episode 926 | Reward -77.00 | Epsilon 0.0869
Seed 12 | Episode 927 | Reward 48.00 | Epsilon 0.0867
Seed 12 | Episode 928 | Reward 51.00 | Epsilon 0.0866
Seed 12 | Episode 929 | Reward 62.00 | Epsilon 0.0865
Seed 12 | Episode 930 | Reward 59.00 | Epsilon 0.0864
Seed 12 | Episode 931 | Reward 49.00 | Epsilon 0.0863
Seed 12 | Episode 932 | Reward 54.00 | Epsilon 0.0861
Seed 12 | Episode 933 | Reward 49.00 | Epsilon 0.0860
Seed 12 | Episode 934 | Reward 49.00 | Epsilon 0.0859
Seed 12 | Episode 935 | Reward 47.00 | Epsilon 0.0857
Seed 12 | Episode 936 | Reward 57.00 | Epsilon 0.0856
Seed 12 | Episode 937 | Reward 62.00 | Epsilon 0.0855
Seed 12 | Episode 938 | Reward 66.00 | Epsilon 0.0854
Seed 12 | Episode 939 | Reward 54.00 | Epsilon 0.0853
Seed 12 | Episode 940 | Reward 21.00 | Epsilon 0.0851
Seed 12 | Episode 941 | Reward 61.00 | Epsilon 0.0850
Seed 12 | Episode 942 | Reward 49.00 | Epsilon 0.0849
Seed 12 | Episode 943 | Reward 47.00 | Epsilon 0.0847
Seed 12 | Episode 944 | Reward 59.00 | Epsilon 0.0846
Seed 12 | Episode 945 | Reward 64.00 | Epsilon 0.0845
Seed 12 | Episode 946 | Reward 46.00 | Epsilon 0.0844
Seed 12 | Episode 947 | Reward 60.00 | Epsilon 0.0843
Seed 12 | Episode 948 | Reward 51.00 | Epsilon 0.0842
Seed 12 | Episode 949 | Reward 59.00 | Epsilon 0.0841
Seed 12 | Episode 950 | Reward 45.00 | Epsilon 0.0839
Seed 12 | Episode 951 | Reward 35.00 | Epsilon 0.0838
Seed 12 | Episode 952 | Reward 53.00 | Epsilon 0.0836
Seed 12 | Episode 953 | Reward 64.00 | Epsilon 0.0835
Seed 12 | Episode 954 | Reward 53.00 | Epsilon 0.0834
Seed 12 | Episode 955 | Reward 56.00 | Epsilon 0.0833
Seed 12 | Episode 956 | Reward 58.00 | Epsilon 0.0832
Seed 12 | Episode 957 | Reward 44.00 | Epsilon 0.0831
Seed 12 | Episode 958 | Reward 56.00 | Epsilon 0.0829
Seed 12 | Episode 959 | Reward 56.00 | Epsilon 0.0828
Seed 12 | Episode 960 | Reward 57.00 | Epsilon 0.0827
Seed 12 | Episode 961 | Reward 38.00 | Epsilon 0.0826
Seed 12 | Episode 962 | Reward 58.00 | Epsilon 0.0825
Seed 12 | Episode 963 | Reward 56.00 | Epsilon 0.0823
Seed 12 | Episode 964 | Reward 46.00 | Epsilon 0.0822
Seed 12 | Episode 965 | Reward 48.00 | Epsilon 0.0821
Seed 12 | Episode 966 | Reward 57.00 | Epsilon 0.0820
Seed 12 | Episode 967 | Reward 47.00 | Epsilon 0.0818
Seed 12 | Episode 968 | Reward 62.00 | Epsilon 0.0817
Seed 12 | Episode 969 | Reward 60.00 | Epsilon 0.0816
Seed 12 | Episode 970 | Reward 57.00 | Epsilon 0.0815
Seed 12 | Episode 971 | Reward 63.00 | Epsilon 0.0814
Seed 12 | Episode 972 | Reward 57.00 | Epsilon 0.0813
Seed 12 | Episode 973 | Reward 64.00 | Epsilon 0.0812
Seed 12 | Episode 974 | Reward 51.00 | Epsilon 0.0811
Seed 12 | Episode 975 | Reward 57.00 | Epsilon 0.0810
Seed 12 | Episode 976 | Reward 59.00 | Epsilon 0.0809
Seed 12 | Episode 977 | Reward 56.00 | Epsilon 0.0808
Seed 12 | Episode 978 | Reward 35.00 | Epsilon 0.0806
Seed 12 | Episode 979 | Reward 55.00 | Epsilon 0.0805
Seed 12 | Episode 980 | Reward 64.00 | Epsilon 0.0804
Seed 12 | Episode 981 | Reward 53.00 | Epsilon 0.0803
Seed 12 | Episode 982 | Reward 42.00 | Epsilon 0.0802
Seed 12 | Episode 983 | Reward 59.00 | Epsilon 0.0801
Seed 12 | Episode 984 | Reward 61.00 | Epsilon 0.0800
Seed 12 | Episode 985 | Reward 57.00 | Epsilon 0.0799
Seed 12 | Episode 986 | Reward 37.00 | Epsilon 0.0797
Seed 12 | Episode 987 | Reward 49.00 | Epsilon 0.0796
Seed 12 | Episode 988 | Reward 52.00 | Epsilon 0.0795
Seed 12 | Episode 989 | Reward 51.00 | Epsilon 0.0794
Seed 12 | Episode 990 | Reward 44.00 | Epsilon 0.0792
Seed 12 | Episode 991 | Reward 50.00 | Epsilon 0.0791
Seed 12 | Episode 992 | Reward 46.00 | Epsilon 0.0790
Seed 12 | Episode 993 | Reward 54.00 | Epsilon 0.0789
Seed 12 | Episode 994 | Reward 60.00 | Epsilon 0.0788
Seed 12 | Episode 995 | Reward 49.00 | Epsilon 0.0787
Seed 12 | Episode 996 | Reward 58.00 | Epsilon 0.0786
Seed 12 | Episode 997 | Reward 52.00 | Epsilon 0.0784
Seed 12 | Episode 998 | Reward 54.00 | Epsilon 0.0783
Seed 12 | Episode 999 | Reward 56.00 | Epsilon 0.0782
Finished seed 12
