starting job
Sun Dec  7 20:04:44 2025       
+-----------------------------------------------------------------------------------------+
| NVIDIA-SMI 580.65.06              Driver Version: 580.65.06      CUDA Version: 13.0     |
+-----------------------------------------+------------------------+----------------------+
| GPU  Name                 Persistence-M | Bus-Id          Disp.A | Volatile Uncorr. ECC |
| Fan  Temp   Perf          Pwr:Usage/Cap |           Memory-Usage | GPU-Util  Compute M. |
|                                         |                        |               MIG M. |
|=========================================+========================+======================|
|   0  NVIDIA H100 80GB HBM3          On  |   00000000:4C:00.0 Off |                   On |
| N/A   34C    P0            350W /  700W |   21810MiB /  81559MiB |     N/A      Default |
|                                         |                        |              Enabled |
+-----------------------------------------+------------------------+----------------------+

+-----------------------------------------------------------------------------------------+
| MIG devices:                                                                            |
+------------------+----------------------------------+-----------+-----------------------+
| GPU  GI  CI  MIG |              Shared Memory-Usage |        Vol|        Shared         |
|      ID  ID  Dev |                Shared BAR1-Usage | SM     Unc| CE ENC  DEC  OFA  JPG |
|                  |                                  |        ECC|                       |
|==================+==================================+===========+=======================|
|  0   10   0   0  |              15MiB /  9984MiB    | 16      0 |  1   0    1    0    1 |
|                  |               0MiB /  6185MiB    |           |                       |
+------------------+----------------------------------+-----------+-----------------------+

+-----------------------------------------------------------------------------------------+
| Processes:                                                                              |
|  GPU   GI   CI              PID   Type   Process name                        GPU Memory |
|        ID   ID                                                               Usage      |
|=========================================================================================|
|  No running processes found                                                             |
+-----------------------------------------------------------------------------------------+
Running seed 11
Gym has been unmaintained since 2022 and does not support NumPy 2.0 amongst other critical functionality.
Please upgrade to Gymnasium, the maintained drop-in replacement of Gym, or contact the authors of your software and request that they upgrade.
Users of this version of Gym should be able to simply replace 'import gym' with 'import gymnasium as gym' in the vast majority of cases.
See the migration guide at https://gymnasium.farama.org/introduction/migration_guide/ for additional information.
Seed 11 | Episode 0 | Reward -300.00 | Epsilon 0.9987
Seed 11 | Episode 1 | Reward -300.00 | Epsilon 0.9897
Seed 11 | Episode 2 | Reward -300.00 | Epsilon 0.9808
Seed 11 | Episode 3 | Reward -300.00 | Epsilon 0.9720
Seed 11 | Episode 4 | Reward -300.00 | Epsilon 0.9633
Seed 11 | Episode 5 | Reward -300.00 | Epsilon 0.9547
Seed 11 | Episode 6 | Reward -300.00 | Epsilon 0.9462
Seed 11 | Episode 7 | Reward -300.00 | Epsilon 0.9377
Seed 11 | Episode 8 | Reward -300.00 | Epsilon 0.9293
Seed 11 | Episode 9 | Reward 58.00 | Epsilon 0.9281
Seed 11 | Episode 10 | Reward -300.00 | Epsilon 0.9198
Seed 11 | Episode 11 | Reward -300.00 | Epsilon 0.9115
Seed 11 | Episode 12 | Reward -300.00 | Epsilon 0.9034
Seed 11 | Episode 13 | Reward -300.00 | Epsilon 0.8953
Seed 11 | Episode 14 | Reward -300.00 | Epsilon 0.8872
Seed 11 | Episode 15 | Reward -300.00 | Epsilon 0.8793
Seed 11 | Episode 16 | Reward -300.00 | Epsilon 0.8714
Seed 11 | Episode 17 | Reward -300.00 | Epsilon 0.8636
Seed 11 | Episode 18 | Reward -300.00 | Epsilon 0.8559
Seed 11 | Episode 19 | Reward -300.00 | Epsilon 0.8482
Seed 11 | Episode 20 | Reward -300.00 | Epsilon 0.8406
Seed 11 | Episode 21 | Reward -300.00 | Epsilon 0.8331
Seed 11 | Episode 22 | Reward -300.00 | Epsilon 0.8256
Seed 11 | Episode 23 | Reward -300.00 | Epsilon 0.8182
Seed 11 | Episode 24 | Reward -300.00 | Epsilon 0.8109
Seed 11 | Episode 25 | Reward -300.00 | Epsilon 0.8036
Seed 11 | Episode 26 | Reward -300.00 | Epsilon 0.7964
Seed 11 | Episode 27 | Reward -300.00 | Epsilon 0.7893
Seed 11 | Episode 28 | Reward -300.00 | Epsilon 0.7822
Seed 11 | Episode 29 | Reward -300.00 | Epsilon 0.7752
Seed 11 | Episode 30 | Reward -300.00 | Epsilon 0.7682
Seed 11 | Episode 31 | Reward -300.00 | Epsilon 0.7614
Seed 11 | Episode 32 | Reward -300.00 | Epsilon 0.7545
Seed 11 | Episode 33 | Reward -300.00 | Epsilon 0.7478
Seed 11 | Episode 34 | Reward -300.00 | Epsilon 0.7411
Seed 11 | Episode 35 | Reward -300.00 | Epsilon 0.7344
Seed 11 | Episode 36 | Reward -300.00 | Epsilon 0.7279
Seed 11 | Episode 37 | Reward -300.00 | Epsilon 0.7213
Seed 11 | Episode 38 | Reward -300.00 | Epsilon 0.7149
Seed 11 | Episode 39 | Reward -300.00 | Epsilon 0.7085
Seed 11 | Episode 40 | Reward -300.00 | Epsilon 0.7021
Seed 11 | Episode 41 | Reward -300.00 | Epsilon 0.6958
Seed 11 | Episode 42 | Reward -300.00 | Epsilon 0.6896
Seed 11 | Episode 43 | Reward -300.00 | Epsilon 0.6834
Seed 11 | Episode 44 | Reward -300.00 | Epsilon 0.6773
Seed 11 | Episode 45 | Reward -300.00 | Epsilon 0.6712
Seed 11 | Episode 46 | Reward -300.00 | Epsilon 0.6652
Seed 11 | Episode 47 | Reward -300.00 | Epsilon 0.6593
Seed 11 | Episode 48 | Reward -300.00 | Epsilon 0.6533
Seed 11 | Episode 49 | Reward -122.00 | Epsilon 0.6490
Seed 11 | Episode 50 | Reward -300.00 | Epsilon 0.6432
Seed 11 | Episode 51 | Reward -300.00 | Epsilon 0.6374
Seed 11 | Episode 52 | Reward -300.00 | Epsilon 0.6317
Seed 11 | Episode 53 | Reward -300.00 | Epsilon 0.6260
Seed 11 | Episode 54 | Reward -300.00 | Epsilon 0.6204
Seed 11 | Episode 55 | Reward -300.00 | Epsilon 0.6149
Seed 11 | Episode 56 | Reward -300.00 | Epsilon 0.6094
Seed 11 | Episode 57 | Reward -300.00 | Epsilon 0.6039
Seed 11 | Episode 58 | Reward -300.00 | Epsilon 0.5985
Seed 11 | Episode 59 | Reward -300.00 | Epsilon 0.5931
Seed 11 | Episode 60 | Reward -300.00 | Epsilon 0.5878
Seed 11 | Episode 61 | Reward -300.00 | Epsilon 0.5826
Seed 11 | Episode 62 | Reward -46.00 | Epsilon 0.5800
Seed 11 | Episode 63 | Reward -300.00 | Epsilon 0.5748
Seed 11 | Episode 64 | Reward -300.00 | Epsilon 0.5696
Seed 11 | Episode 65 | Reward -300.00 | Epsilon 0.5645
Seed 11 | Episode 66 | Reward -300.00 | Epsilon 0.5595
Seed 11 | Episode 67 | Reward -300.00 | Epsilon 0.5545
Seed 11 | Episode 68 | Reward 45.00 | Epsilon 0.5535
Seed 11 | Episode 69 | Reward -54.00 | Epsilon 0.5510
Seed 11 | Episode 70 | Reward -300.00 | Epsilon 0.5460
Seed 11 | Episode 71 | Reward -300.00 | Epsilon 0.5411
Seed 11 | Episode 72 | Reward -300.00 | Epsilon 0.5363
Seed 11 | Episode 73 | Reward -300.00 | Epsilon 0.5315
Seed 11 | Episode 74 | Reward -300.00 | Epsilon 0.5267
Seed 11 | Episode 75 | Reward 47.00 | Epsilon 0.5259
Seed 11 | Episode 76 | Reward -300.00 | Epsilon 0.5212
Seed 11 | Episode 77 | Reward -300.00 | Epsilon 0.5165
Seed 11 | Episode 78 | Reward -153.00 | Epsilon 0.5126
Seed 11 | Episode 79 | Reward -300.00 | Epsilon 0.5080
Seed 11 | Episode 80 | Reward -191.00 | Epsilon 0.5035
Seed 11 | Episode 81 | Reward -300.00 | Epsilon 0.4990
Seed 11 | Episode 82 | Reward -184.00 | Epsilon 0.4948
Seed 11 | Episode 83 | Reward -79.00 | Epsilon 0.4921
Seed 11 | Episode 84 | Reward -80.00 | Epsilon 0.4895
Seed 11 | Episode 85 | Reward -101.00 | Epsilon 0.4865
Seed 11 | Episode 86 | Reward -300.00 | Epsilon 0.4821
Seed 11 | Episode 87 | Reward -199.00 | Epsilon 0.4778
Seed 11 | Episode 88 | Reward -172.00 | Epsilon 0.4739
Seed 11 | Episode 89 | Reward -300.00 | Epsilon 0.4697
Seed 11 | Episode 90 | Reward -300.00 | Epsilon 0.4655
Seed 11 | Episode 91 | Reward -30.00 | Epsilon 0.4636
Seed 11 | Episode 92 | Reward -300.00 | Epsilon 0.4595
Seed 11 | Episode 93 | Reward -300.00 | Epsilon 0.4554
Seed 11 | Episode 94 | Reward -300.00 | Epsilon 0.4513
Seed 11 | Episode 95 | Reward -300.00 | Epsilon 0.4472
Seed 11 | Episode 96 | Reward 28.00 | Epsilon 0.4463
Seed 11 | Episode 97 | Reward 45.00 | Epsilon 0.4455
Seed 11 | Episode 98 | Reward 51.00 | Epsilon 0.4449
Seed 11 | Episode 99 | Reward -300.00 | Epsilon 0.4409
Seed 11 | Episode 100 | Reward -4.00 | Epsilon 0.4395
Seed 11 | Episode 101 | Reward -116.00 | Epsilon 0.4366
Seed 11 | Episode 102 | Reward 35.00 | Epsilon 0.4358
Seed 11 | Episode 103 | Reward -122.00 | Epsilon 0.4329
Seed 11 | Episode 104 | Reward -300.00 | Epsilon 0.4290
Seed 11 | Episode 105 | Reward -300.00 | Epsilon 0.4251
Seed 11 | Episode 106 | Reward -300.00 | Epsilon 0.4213
Seed 11 | Episode 107 | Reward -300.00 | Epsilon 0.4176
Seed 11 | Episode 108 | Reward 57.00 | Epsilon 0.4170
Seed 11 | Episode 109 | Reward -196.00 | Epsilon 0.4133
Seed 11 | Episode 110 | Reward 41.00 | Epsilon 0.4126
Seed 11 | Episode 111 | Reward -300.00 | Epsilon 0.4089
Seed 11 | Episode 112 | Reward -190.00 | Epsilon 0.4053
Seed 11 | Episode 113 | Reward -174.00 | Epsilon 0.4020
Seed 11 | Episode 114 | Reward -3.00 | Epsilon 0.4007
Seed 11 | Episode 115 | Reward -44.00 | Epsilon 0.3990
Seed 11 | Episode 116 | Reward -300.00 | Epsilon 0.3954
Seed 11 | Episode 117 | Reward -22.00 | Epsilon 0.3940
Seed 11 | Episode 118 | Reward -300.00 | Epsilon 0.3904
Seed 11 | Episode 119 | Reward -126.00 | Epsilon 0.3878
Seed 11 | Episode 120 | Reward -300.00 | Epsilon 0.3843
Seed 11 | Episode 121 | Reward 23.00 | Epsilon 0.3834
Seed 11 | Episode 122 | Reward -300.00 | Epsilon 0.3800
Seed 11 | Episode 123 | Reward -300.00 | Epsilon 0.3766
Seed 11 | Episode 124 | Reward 58.00 | Epsilon 0.3761
Seed 11 | Episode 125 | Reward 43.00 | Epsilon 0.3754
Seed 11 | Episode 126 | Reward -300.00 | Epsilon 0.3721
Seed 11 | Episode 127 | Reward -139.00 | Epsilon 0.3694
Seed 11 | Episode 128 | Reward -300.00 | Epsilon 0.3661
Seed 11 | Episode 129 | Reward 59.00 | Epsilon 0.3656
Seed 11 | Episode 130 | Reward -55.00 | Epsilon 0.3639
Seed 11 | Episode 131 | Reward -160.00 | Epsilon 0.3611
Seed 11 | Episode 132 | Reward -11.00 | Epsilon 0.3599
Seed 11 | Episode 133 | Reward -300.00 | Epsilon 0.3566
Seed 11 | Episode 134 | Reward -8.00 | Epsilon 0.3555
Seed 11 | Episode 135 | Reward -300.00 | Epsilon 0.3523
Seed 11 | Episode 136 | Reward -149.00 | Epsilon 0.3497
Seed 11 | Episode 137 | Reward -300.00 | Epsilon 0.3465
Seed 11 | Episode 138 | Reward -195.00 | Epsilon 0.3435
Seed 11 | Episode 139 | Reward -121.00 | Epsilon 0.3412
Seed 11 | Episode 140 | Reward -109.00 | Epsilon 0.3390
Seed 11 | Episode 141 | Reward 38.00 | Epsilon 0.3384
Seed 11 | Episode 142 | Reward -103.00 | Epsilon 0.3363
Seed 11 | Episode 143 | Reward -88.00 | Epsilon 0.3344
Seed 11 | Episode 144 | Reward -113.00 | Epsilon 0.3323
Seed 11 | Episode 145 | Reward 51.00 | Epsilon 0.3318
Seed 11 | Episode 146 | Reward 27.00 | Epsilon 0.3311
Seed 11 | Episode 147 | Reward -10.00 | Epsilon 0.3300
Seed 11 | Episode 148 | Reward -7.00 | Epsilon 0.3289
Seed 11 | Episode 149 | Reward -25.00 | Epsilon 0.3277
Seed 11 | Episode 150 | Reward -8.00 | Epsilon 0.3266
Seed 11 | Episode 151 | Reward -300.00 | Epsilon 0.3237
Seed 11 | Episode 152 | Reward -158.00 | Epsilon 0.3211
Seed 11 | Episode 153 | Reward -6.00 | Epsilon 0.3201
Seed 11 | Episode 154 | Reward -59.00 | Epsilon 0.3186
Seed 11 | Episode 155 | Reward -300.00 | Epsilon 0.3157
Seed 11 | Episode 156 | Reward -12.00 | Epsilon 0.3147
Seed 11 | Episode 157 | Reward 40.00 | Epsilon 0.3141
Seed 11 | Episode 158 | Reward -21.00 | Epsilon 0.3129
Seed 11 | Episode 159 | Reward -107.00 | Epsilon 0.3110
Seed 11 | Episode 160 | Reward 37.00 | Epsilon 0.3104
Seed 11 | Episode 161 | Reward 51.00 | Epsilon 0.3099
Seed 11 | Episode 162 | Reward -36.00 | Epsilon 0.3087
Seed 11 | Episode 163 | Reward -43.00 | Epsilon 0.3073
Seed 11 | Episode 164 | Reward -300.00 | Epsilon 0.3046
Seed 11 | Episode 165 | Reward 50.00 | Epsilon 0.3041
Seed 11 | Episode 166 | Reward -300.00 | Epsilon 0.3014
Seed 11 | Episode 167 | Reward 46.00 | Epsilon 0.3009
Seed 11 | Episode 168 | Reward 59.00 | Epsilon 0.3005
Seed 11 | Episode 169 | Reward 53.00 | Epsilon 0.3001
Seed 11 | Episode 170 | Reward 53.00 | Epsilon 0.2996
Seed 11 | Episode 171 | Reward 54.00 | Epsilon 0.2992
Seed 11 | Episode 172 | Reward -18.00 | Epsilon 0.2982
Seed 11 | Episode 173 | Reward -30.00 | Epsilon 0.2970
Seed 11 | Episode 174 | Reward 1.00 | Epsilon 0.2961
Seed 11 | Episode 175 | Reward 7.00 | Epsilon 0.2953
Seed 11 | Episode 176 | Reward 52.00 | Epsilon 0.2948
Seed 11 | Episode 177 | Reward -37.00 | Epsilon 0.2936
Seed 11 | Episode 178 | Reward 7.00 | Epsilon 0.2928
Seed 11 | Episode 179 | Reward 46.00 | Epsilon 0.2923
Seed 11 | Episode 180 | Reward 59.00 | Epsilon 0.2919
Seed 11 | Episode 181 | Reward 58.00 | Epsilon 0.2916
Seed 11 | Episode 182 | Reward 53.00 | Epsilon 0.2911
Seed 11 | Episode 183 | Reward 50.00 | Epsilon 0.2907
Seed 11 | Episode 184 | Reward 54.00 | Epsilon 0.2903
Seed 11 | Episode 185 | Reward 43.00 | Epsilon 0.2898
Seed 11 | Episode 186 | Reward 42.00 | Epsilon 0.2893
Seed 11 | Episode 187 | Reward 46.00 | Epsilon 0.2888
Seed 11 | Episode 188 | Reward 53.00 | Epsilon 0.2884
Seed 11 | Episode 189 | Reward 48.00 | Epsilon 0.2879
Seed 11 | Episode 190 | Reward 45.00 | Epsilon 0.2874
Seed 11 | Episode 191 | Reward 44.00 | Epsilon 0.2869
Seed 11 | Episode 192 | Reward 55.00 | Epsilon 0.2865
Seed 11 | Episode 193 | Reward 37.00 | Epsilon 0.2860
Seed 11 | Episode 194 | Reward 36.00 | Epsilon 0.2854
Seed 11 | Episode 195 | Reward 44.00 | Epsilon 0.2850
Seed 11 | Episode 196 | Reward 34.00 | Epsilon 0.2844
Seed 11 | Episode 197 | Reward 44.00 | Epsilon 0.2839
Seed 11 | Episode 198 | Reward -106.00 | Epsilon 0.2821
Seed 11 | Episode 199 | Reward 44.00 | Epsilon 0.2817
Seed 11 | Episode 200 | Reward 42.00 | Epsilon 0.2812
Seed 11 | Episode 201 | Reward 59.00 | Epsilon 0.2808
Seed 11 | Episode 202 | Reward 41.00 | Epsilon 0.2803
Seed 11 | Episode 203 | Reward 56.00 | Epsilon 0.2799
Seed 11 | Episode 204 | Reward 55.00 | Epsilon 0.2795
Seed 11 | Episode 205 | Reward 50.00 | Epsilon 0.2791
Seed 11 | Episode 206 | Reward 56.00 | Epsilon 0.2787
Seed 11 | Episode 207 | Reward 33.00 | Epsilon 0.2782
Seed 11 | Episode 208 | Reward 49.00 | Epsilon 0.2777
Seed 11 | Episode 209 | Reward 59.00 | Epsilon 0.2774
Seed 11 | Episode 210 | Reward 48.00 | Epsilon 0.2769
Seed 11 | Episode 211 | Reward 48.00 | Epsilon 0.2765
Seed 11 | Episode 212 | Reward 37.00 | Epsilon 0.2760
Seed 11 | Episode 213 | Reward -18.00 | Epsilon 0.2750
Seed 11 | Episode 214 | Reward 36.00 | Epsilon 0.2744
Seed 11 | Episode 215 | Reward 55.00 | Epsilon 0.2741
Seed 11 | Episode 216 | Reward 29.00 | Epsilon 0.2735
Seed 11 | Episode 217 | Reward 37.00 | Epsilon 0.2730
Seed 11 | Episode 218 | Reward 35.00 | Epsilon 0.2724
Seed 11 | Episode 219 | Reward 50.00 | Epsilon 0.2720
Seed 11 | Episode 220 | Reward 42.00 | Epsilon 0.2715
Seed 11 | Episode 221 | Reward 54.00 | Epsilon 0.2711
Seed 11 | Episode 222 | Reward 33.00 | Epsilon 0.2706
Seed 11 | Episode 223 | Reward 56.00 | Epsilon 0.2702
Seed 11 | Episode 224 | Reward 44.00 | Epsilon 0.2698
Seed 11 | Episode 225 | Reward 45.00 | Epsilon 0.2693
Seed 11 | Episode 226 | Reward -68.00 | Epsilon 0.2679
Seed 11 | Episode 227 | Reward 54.00 | Epsilon 0.2676
Seed 11 | Episode 228 | Reward -11.00 | Epsilon 0.2667
Seed 11 | Episode 229 | Reward 45.00 | Epsilon 0.2662
Seed 11 | Episode 230 | Reward 57.00 | Epsilon 0.2659
Seed 11 | Episode 231 | Reward -23.00 | Epsilon 0.2649
Seed 11 | Episode 232 | Reward 54.00 | Epsilon 0.2645
Seed 11 | Episode 233 | Reward 36.00 | Epsilon 0.2640
Seed 11 | Episode 234 | Reward -149.00 | Epsilon 0.2620
Seed 11 | Episode 235 | Reward -36.00 | Epsilon 0.2609
Seed 11 | Episode 236 | Reward 55.00 | Epsilon 0.2606
Seed 11 | Episode 237 | Reward 41.00 | Epsilon 0.2601
Seed 11 | Episode 238 | Reward 46.00 | Epsilon 0.2597
Seed 11 | Episode 239 | Reward 53.00 | Epsilon 0.2593
Seed 11 | Episode 240 | Reward 45.00 | Epsilon 0.2589
Seed 11 | Episode 241 | Reward 53.00 | Epsilon 0.2585
Seed 11 | Episode 242 | Reward -14.00 | Epsilon 0.2576
Seed 11 | Episode 243 | Reward 46.00 | Epsilon 0.2572
Seed 11 | Episode 244 | Reward 42.00 | Epsilon 0.2567
Seed 11 | Episode 245 | Reward 50.00 | Epsilon 0.2563
Seed 11 | Episode 246 | Reward 41.00 | Epsilon 0.2559
Seed 11 | Episode 247 | Reward 43.00 | Epsilon 0.2554
Seed 11 | Episode 248 | Reward 58.00 | Epsilon 0.2551
Seed 11 | Episode 249 | Reward 54.00 | Epsilon 0.2547
Seed 11 | Episode 250 | Reward 50.00 | Epsilon 0.2544
Seed 11 | Episode 251 | Reward 31.00 | Epsilon 0.2538
Seed 11 | Episode 252 | Reward 50.00 | Epsilon 0.2534
Seed 11 | Episode 253 | Reward 42.00 | Epsilon 0.2530
Seed 11 | Episode 254 | Reward 45.00 | Epsilon 0.2526
Seed 11 | Episode 255 | Reward -27.00 | Epsilon 0.2516
Seed 11 | Episode 256 | Reward 43.00 | Epsilon 0.2512
Seed 11 | Episode 257 | Reward 54.00 | Epsilon 0.2508
Seed 11 | Episode 258 | Reward 55.00 | Epsilon 0.2505
Seed 11 | Episode 259 | Reward 56.00 | Epsilon 0.2501
Seed 11 | Episode 260 | Reward 58.00 | Epsilon 0.2498
Seed 11 | Episode 261 | Reward 47.00 | Epsilon 0.2494
Seed 11 | Episode 262 | Reward 35.00 | Epsilon 0.2489
Seed 11 | Episode 263 | Reward 54.00 | Epsilon 0.2486
Seed 11 | Episode 264 | Reward 59.00 | Epsilon 0.2482
Seed 11 | Episode 265 | Reward 55.00 | Epsilon 0.2479
Seed 11 | Episode 266 | Reward 62.00 | Epsilon 0.2476
Seed 11 | Episode 267 | Reward 59.00 | Epsilon 0.2473
Seed 11 | Episode 268 | Reward 43.00 | Epsilon 0.2469
Seed 11 | Episode 269 | Reward 40.00 | Epsilon 0.2464
Seed 11 | Episode 270 | Reward 41.00 | Epsilon 0.2460
Seed 11 | Episode 271 | Reward 50.00 | Epsilon 0.2456
Seed 11 | Episode 272 | Reward 59.00 | Epsilon 0.2453
Seed 11 | Episode 273 | Reward 45.00 | Epsilon 0.2449
Seed 11 | Episode 274 | Reward 60.00 | Epsilon 0.2446
Seed 11 | Episode 275 | Reward 45.00 | Epsilon 0.2442
Seed 11 | Episode 276 | Reward 53.00 | Epsilon 0.2438
Seed 11 | Episode 277 | Reward 51.00 | Epsilon 0.2434
Seed 11 | Episode 278 | Reward 46.00 | Epsilon 0.2430
Seed 11 | Episode 279 | Reward 58.00 | Epsilon 0.2427
Seed 11 | Episode 280 | Reward 45.00 | Epsilon 0.2423
Seed 11 | Episode 281 | Reward 44.00 | Epsilon 0.2419
Seed 11 | Episode 282 | Reward 49.00 | Epsilon 0.2415
Seed 11 | Episode 283 | Reward 56.00 | Epsilon 0.2412
Seed 11 | Episode 284 | Reward 41.00 | Epsilon 0.2408
Seed 11 | Episode 285 | Reward 48.00 | Epsilon 0.2404
Seed 11 | Episode 286 | Reward 49.00 | Epsilon 0.2400
Seed 11 | Episode 287 | Reward 49.00 | Epsilon 0.2396
Seed 11 | Episode 288 | Reward 49.00 | Epsilon 0.2393
Seed 11 | Episode 289 | Reward 44.00 | Epsilon 0.2389
Seed 11 | Episode 290 | Reward 44.00 | Epsilon 0.2384
Seed 11 | Episode 291 | Reward 56.00 | Epsilon 0.2381
Seed 11 | Episode 292 | Reward 49.00 | Epsilon 0.2378
Seed 11 | Episode 293 | Reward 51.00 | Epsilon 0.2374
Seed 11 | Episode 294 | Reward 53.00 | Epsilon 0.2371
Seed 11 | Episode 295 | Reward 46.00 | Epsilon 0.2367
Seed 11 | Episode 296 | Reward 59.00 | Epsilon 0.2364
Seed 11 | Episode 297 | Reward 41.00 | Epsilon 0.2359
Seed 11 | Episode 298 | Reward 39.00 | Epsilon 0.2355
Seed 11 | Episode 299 | Reward 42.00 | Epsilon 0.2351
Seed 11 | Episode 300 | Reward 58.00 | Epsilon 0.2348
Seed 11 | Episode 301 | Reward 42.00 | Epsilon 0.2344
Seed 11 | Episode 302 | Reward 44.00 | Epsilon 0.2340
Seed 11 | Episode 303 | Reward 23.00 | Epsilon 0.2334
Seed 11 | Episode 304 | Reward 55.00 | Epsilon 0.2331
Seed 11 | Episode 305 | Reward 54.00 | Epsilon 0.2328
Seed 11 | Episode 306 | Reward 51.00 | Epsilon 0.2324
Seed 11 | Episode 307 | Reward 42.00 | Epsilon 0.2320
Seed 11 | Episode 308 | Reward 39.00 | Epsilon 0.2316
Seed 11 | Episode 309 | Reward 52.00 | Epsilon 0.2312
Seed 11 | Episode 310 | Reward 48.00 | Epsilon 0.2309
Seed 11 | Episode 311 | Reward 60.00 | Epsilon 0.2306
Seed 11 | Episode 312 | Reward 45.00 | Epsilon 0.2302
Seed 11 | Episode 313 | Reward 42.00 | Epsilon 0.2298
Seed 11 | Episode 314 | Reward 45.00 | Epsilon 0.2294
Seed 11 | Episode 315 | Reward 44.00 | Epsilon 0.2290
Seed 11 | Episode 316 | Reward 56.00 | Epsilon 0.2287
Seed 11 | Episode 317 | Reward 51.00 | Epsilon 0.2284
Seed 11 | Episode 318 | Reward 49.00 | Epsilon 0.2280
Seed 11 | Episode 319 | Reward 48.00 | Epsilon 0.2276
Seed 11 | Episode 320 | Reward 42.00 | Epsilon 0.2272
Seed 11 | Episode 321 | Reward 54.00 | Epsilon 0.2269
Seed 11 | Episode 322 | Reward -6.00 | Epsilon 0.2262
Seed 11 | Episode 323 | Reward 54.00 | Epsilon 0.2259
Seed 11 | Episode 324 | Reward 43.00 | Epsilon 0.2255
Seed 11 | Episode 325 | Reward 37.00 | Epsilon 0.2251
Seed 11 | Episode 326 | Reward 61.00 | Epsilon 0.2248
Seed 11 | Episode 327 | Reward 31.00 | Epsilon 0.2243
Seed 11 | Episode 328 | Reward 39.00 | Epsilon 0.2239
Seed 11 | Episode 329 | Reward 50.00 | Epsilon 0.2236
Seed 11 | Episode 330 | Reward 52.00 | Epsilon 0.2232
Seed 11 | Episode 331 | Reward 55.00 | Epsilon 0.2229
Seed 11 | Episode 332 | Reward 36.00 | Epsilon 0.2225
Seed 11 | Episode 333 | Reward 49.00 | Epsilon 0.2221
Seed 11 | Episode 334 | Reward 54.00 | Epsilon 0.2218
Seed 11 | Episode 335 | Reward 36.00 | Epsilon 0.2214
Seed 11 | Episode 336 | Reward -17.00 | Epsilon 0.2206
Seed 11 | Episode 337 | Reward 50.00 | Epsilon 0.2203
Seed 11 | Episode 338 | Reward 48.00 | Epsilon 0.2199
Seed 11 | Episode 339 | Reward 54.00 | Epsilon 0.2196
Seed 11 | Episode 340 | Reward 37.00 | Epsilon 0.2192
Seed 11 | Episode 341 | Reward 37.00 | Epsilon 0.2188
Seed 11 | Episode 342 | Reward 39.00 | Epsilon 0.2184
Seed 11 | Episode 343 | Reward 32.00 | Epsilon 0.2179
Seed 11 | Episode 344 | Reward 47.00 | Epsilon 0.2176
Seed 11 | Episode 345 | Reward 39.00 | Epsilon 0.2172
Seed 11 | Episode 346 | Reward 50.00 | Epsilon 0.2168
Seed 11 | Episode 347 | Reward 57.00 | Epsilon 0.2165
Seed 11 | Episode 348 | Reward -27.00 | Epsilon 0.2157
Seed 11 | Episode 349 | Reward 41.00 | Epsilon 0.2153
Seed 11 | Episode 350 | Reward 35.00 | Epsilon 0.2149
Seed 11 | Episode 351 | Reward 34.00 | Epsilon 0.2145
Seed 11 | Episode 352 | Reward 58.00 | Epsilon 0.2142
Seed 11 | Episode 353 | Reward 55.00 | Epsilon 0.2139
Seed 11 | Episode 354 | Reward 39.00 | Epsilon 0.2135
Seed 11 | Episode 355 | Reward 48.00 | Epsilon 0.2132
Seed 11 | Episode 356 | Reward 44.00 | Epsilon 0.2128
Seed 11 | Episode 357 | Reward 55.00 | Epsilon 0.2125
Seed 11 | Episode 358 | Reward 37.00 | Epsilon 0.2121
Seed 11 | Episode 359 | Reward 33.00 | Epsilon 0.2117
Seed 11 | Episode 360 | Reward 57.00 | Epsilon 0.2114
Seed 11 | Episode 361 | Reward 45.00 | Epsilon 0.2110
Seed 11 | Episode 362 | Reward 42.00 | Epsilon 0.2106
Seed 11 | Episode 363 | Reward 44.00 | Epsilon 0.2103
Seed 11 | Episode 364 | Reward 44.00 | Epsilon 0.2099
Seed 11 | Episode 365 | Reward 57.00 | Epsilon 0.2097
Seed 11 | Episode 366 | Reward 41.00 | Epsilon 0.2093
Seed 11 | Episode 367 | Reward 51.00 | Epsilon 0.2090
Seed 11 | Episode 368 | Reward 37.00 | Epsilon 0.2086
Seed 11 | Episode 369 | Reward 32.00 | Epsilon 0.2081
Seed 11 | Episode 370 | Reward 40.00 | Epsilon 0.2077
Seed 11 | Episode 371 | Reward 53.00 | Epsilon 0.2075
Seed 11 | Episode 372 | Reward 41.00 | Epsilon 0.2071
Seed 11 | Episode 373 | Reward 53.00 | Epsilon 0.2068
Seed 11 | Episode 374 | Reward 55.00 | Epsilon 0.2065
Seed 11 | Episode 375 | Reward 59.00 | Epsilon 0.2062
Seed 11 | Episode 376 | Reward 48.00 | Epsilon 0.2059
Seed 11 | Episode 377 | Reward 54.00 | Epsilon 0.2056
Seed 11 | Episode 378 | Reward 32.00 | Epsilon 0.2052
Seed 11 | Episode 379 | Reward 61.00 | Epsilon 0.2049
Seed 11 | Episode 380 | Reward 50.00 | Epsilon 0.2046
Seed 11 | Episode 381 | Reward 45.00 | Epsilon 0.2043
Seed 11 | Episode 382 | Reward 47.00 | Epsilon 0.2040
Seed 11 | Episode 383 | Reward 43.00 | Epsilon 0.2036
Seed 11 | Episode 384 | Reward 46.00 | Epsilon 0.2033
Seed 11 | Episode 385 | Reward 43.00 | Epsilon 0.2029
Seed 11 | Episode 386 | Reward 41.00 | Epsilon 0.2025
Seed 11 | Episode 387 | Reward 49.00 | Epsilon 0.2022
Seed 11 | Episode 388 | Reward 45.00 | Epsilon 0.2019
Seed 11 | Episode 389 | Reward 35.00 | Epsilon 0.2015
Seed 11 | Episode 390 | Reward 22.00 | Epsilon 0.2010
Seed 11 | Episode 391 | Reward 46.00 | Epsilon 0.2007
Seed 11 | Episode 392 | Reward 42.00 | Epsilon 0.2003
Seed 11 | Episode 393 | Reward 37.00 | Epsilon 0.1999
Seed 11 | Episode 394 | Reward 54.00 | Epsilon 0.1997
Seed 11 | Episode 395 | Reward 23.00 | Epsilon 0.1992
Seed 11 | Episode 396 | Reward 62.00 | Epsilon 0.1990
Seed 11 | Episode 397 | Reward 51.00 | Epsilon 0.1987
Seed 11 | Episode 398 | Reward 32.00 | Epsilon 0.1983
Seed 11 | Episode 399 | Reward 40.00 | Epsilon 0.1979
Seed 11 | Episode 400 | Reward 41.00 | Epsilon 0.1975
Seed 11 | Episode 401 | Reward 38.00 | Epsilon 0.1972
Seed 11 | Episode 402 | Reward 62.00 | Epsilon 0.1969
Seed 11 | Episode 403 | Reward 50.00 | Epsilon 0.1966
Seed 11 | Episode 404 | Reward 48.00 | Epsilon 0.1963
Seed 11 | Episode 405 | Reward 46.00 | Epsilon 0.1960
Seed 11 | Episode 406 | Reward 40.00 | Epsilon 0.1956
Seed 11 | Episode 407 | Reward 58.00 | Epsilon 0.1954
Seed 11 | Episode 408 | Reward 51.00 | Epsilon 0.1951
Seed 11 | Episode 409 | Reward 39.00 | Epsilon 0.1947
Seed 11 | Episode 410 | Reward 53.00 | Epsilon 0.1945
Seed 11 | Episode 411 | Reward 36.00 | Epsilon 0.1941
Seed 11 | Episode 412 | Reward 51.00 | Epsilon 0.1938
Seed 11 | Episode 413 | Reward 45.00 | Epsilon 0.1935
Seed 11 | Episode 414 | Reward 46.00 | Epsilon 0.1931
Seed 11 | Episode 415 | Reward 49.00 | Epsilon 0.1928
Seed 11 | Episode 416 | Reward 48.00 | Epsilon 0.1925
Seed 11 | Episode 417 | Reward 53.00 | Epsilon 0.1923
Seed 11 | Episode 418 | Reward 39.00 | Epsilon 0.1919
Seed 11 | Episode 419 | Reward 41.00 | Epsilon 0.1916
Seed 11 | Episode 420 | Reward 58.00 | Epsilon 0.1913
Seed 11 | Episode 421 | Reward 47.00 | Epsilon 0.1910
Seed 11 | Episode 422 | Reward 53.00 | Epsilon 0.1907
Seed 11 | Episode 423 | Reward 41.00 | Epsilon 0.1904
Seed 11 | Episode 424 | Reward 58.00 | Epsilon 0.1901
Seed 11 | Episode 425 | Reward 41.00 | Epsilon 0.1898
Seed 11 | Episode 426 | Reward 52.00 | Epsilon 0.1895
Seed 11 | Episode 427 | Reward 52.00 | Epsilon 0.1892
Seed 11 | Episode 428 | Reward 46.00 | Epsilon 0.1889
Seed 11 | Episode 429 | Reward 60.00 | Epsilon 0.1887
Seed 11 | Episode 430 | Reward 57.00 | Epsilon 0.1884
Seed 11 | Episode 431 | Reward 47.00 | Epsilon 0.1881
Seed 11 | Episode 432 | Reward 57.00 | Epsilon 0.1879
Seed 11 | Episode 433 | Reward 55.00 | Epsilon 0.1876
Seed 11 | Episode 434 | Reward 56.00 | Epsilon 0.1874
Seed 11 | Episode 435 | Reward 53.00 | Epsilon 0.1871
Seed 11 | Episode 436 | Reward 54.00 | Epsilon 0.1868
Seed 11 | Episode 437 | Reward 31.00 | Epsilon 0.1864
Seed 11 | Episode 438 | Reward 65.00 | Epsilon 0.1862
Seed 11 | Episode 439 | Reward 57.00 | Epsilon 0.1860
Seed 11 | Episode 440 | Reward 43.00 | Epsilon 0.1857
Seed 11 | Episode 441 | Reward 53.00 | Epsilon 0.1854
Seed 11 | Episode 442 | Reward 61.00 | Epsilon 0.1852
Seed 11 | Episode 443 | Reward 57.00 | Epsilon 0.1849
Seed 11 | Episode 444 | Reward 47.00 | Epsilon 0.1846
Seed 11 | Episode 445 | Reward 45.00 | Epsilon 0.1843
Seed 11 | Episode 446 | Reward 47.00 | Epsilon 0.1840
Seed 11 | Episode 447 | Reward 48.00 | Epsilon 0.1837
Seed 11 | Episode 448 | Reward 59.00 | Epsilon 0.1835
Seed 11 | Episode 449 | Reward 63.00 | Epsilon 0.1833
Seed 11 | Episode 450 | Reward 57.00 | Epsilon 0.1831
Seed 11 | Episode 451 | Reward 36.00 | Epsilon 0.1827
Seed 11 | Episode 452 | Reward 54.00 | Epsilon 0.1824
Seed 11 | Episode 453 | Reward 38.00 | Epsilon 0.1821
Seed 11 | Episode 454 | Reward 50.00 | Epsilon 0.1818
Seed 11 | Episode 455 | Reward 59.00 | Epsilon 0.1816
Seed 11 | Episode 456 | Reward 44.00 | Epsilon 0.1813
Seed 11 | Episode 457 | Reward 45.00 | Epsilon 0.1810
Seed 11 | Episode 458 | Reward 48.00 | Epsilon 0.1807
Seed 11 | Episode 459 | Reward 49.00 | Epsilon 0.1804
Seed 11 | Episode 460 | Reward 50.00 | Epsilon 0.1801
Seed 11 | Episode 461 | Reward 60.00 | Epsilon 0.1799
Seed 11 | Episode 462 | Reward 63.00 | Epsilon 0.1797
Seed 11 | Episode 463 | Reward 53.00 | Epsilon 0.1795
Seed 11 | Episode 464 | Reward 61.00 | Epsilon 0.1792
Seed 11 | Episode 465 | Reward 50.00 | Epsilon 0.1790
Seed 11 | Episode 466 | Reward 61.00 | Epsilon 0.1787
Seed 11 | Episode 467 | Reward 50.00 | Epsilon 0.1785
Seed 11 | Episode 468 | Reward 54.00 | Epsilon 0.1782
Seed 11 | Episode 469 | Reward 39.00 | Epsilon 0.1779
Seed 11 | Episode 470 | Reward 52.00 | Epsilon 0.1776
Seed 11 | Episode 471 | Reward 63.00 | Epsilon 0.1774
Seed 11 | Episode 472 | Reward 48.00 | Epsilon 0.1771
Seed 11 | Episode 473 | Reward 46.00 | Epsilon 0.1769
Seed 11 | Episode 474 | Reward 43.00 | Epsilon 0.1765
Seed 11 | Episode 475 | Reward 41.00 | Epsilon 0.1762
Seed 11 | Episode 476 | Reward 43.00 | Epsilon 0.1759
Seed 11 | Episode 477 | Reward 55.00 | Epsilon 0.1757
Seed 11 | Episode 478 | Reward 36.00 | Epsilon 0.1753
Seed 11 | Episode 479 | Reward 53.00 | Epsilon 0.1751
Seed 11 | Episode 480 | Reward 35.00 | Epsilon 0.1747
Seed 11 | Episode 481 | Reward 55.00 | Epsilon 0.1745
Seed 11 | Episode 482 | Reward 50.00 | Epsilon 0.1742
Seed 11 | Episode 483 | Reward 50.00 | Epsilon 0.1740
Seed 11 | Episode 484 | Reward 54.00 | Epsilon 0.1737
Seed 11 | Episode 485 | Reward 48.00 | Epsilon 0.1734
Seed 11 | Episode 486 | Reward 50.00 | Epsilon 0.1732
Seed 11 | Episode 487 | Reward 56.00 | Epsilon 0.1729
Seed 11 | Episode 488 | Reward 51.00 | Epsilon 0.1727
Seed 11 | Episode 489 | Reward 38.00 | Epsilon 0.1724
Seed 11 | Episode 490 | Reward 44.00 | Epsilon 0.1721
Seed 11 | Episode 491 | Reward 48.00 | Epsilon 0.1718
Seed 11 | Episode 492 | Reward 41.00 | Epsilon 0.1715
Seed 11 | Episode 493 | Reward 45.00 | Epsilon 0.1712
Seed 11 | Episode 494 | Reward 42.00 | Epsilon 0.1709
Seed 11 | Episode 495 | Reward 57.00 | Epsilon 0.1707
Seed 11 | Episode 496 | Reward 57.00 | Epsilon 0.1704
Seed 11 | Episode 497 | Reward 62.00 | Epsilon 0.1702
Seed 11 | Episode 498 | Reward 44.00 | Epsilon 0.1700
Seed 11 | Episode 499 | Reward 35.00 | Epsilon 0.1696
Seed 11 | Episode 500 | Reward 43.00 | Epsilon 0.1693
Seed 11 | Episode 501 | Reward 53.00 | Epsilon 0.1691
Seed 11 | Episode 502 | Reward 62.00 | Epsilon 0.1689
Seed 11 | Episode 503 | Reward 53.00 | Epsilon 0.1686
Seed 11 | Episode 504 | Reward 45.00 | Epsilon 0.1684
Seed 11 | Episode 505 | Reward 61.00 | Epsilon 0.1682
Seed 11 | Episode 506 | Reward 48.00 | Epsilon 0.1679
Seed 11 | Episode 507 | Reward 59.00 | Epsilon 0.1677
Seed 11 | Episode 508 | Reward 55.00 | Epsilon 0.1674
Seed 11 | Episode 509 | Reward 60.00 | Epsilon 0.1672
Seed 11 | Episode 510 | Reward 53.00 | Epsilon 0.1670
Seed 11 | Episode 511 | Reward 52.00 | Epsilon 0.1667
Seed 11 | Episode 512 | Reward 51.00 | Epsilon 0.1665
Seed 11 | Episode 513 | Reward 44.00 | Epsilon 0.1662
Seed 11 | Episode 514 | Reward 48.00 | Epsilon 0.1660
Seed 11 | Episode 515 | Reward 42.00 | Epsilon 0.1657
Seed 11 | Episode 516 | Reward 57.00 | Epsilon 0.1654
Seed 11 | Episode 517 | Reward 59.00 | Epsilon 0.1652
Seed 11 | Episode 518 | Reward 62.00 | Epsilon 0.1650
Seed 11 | Episode 519 | Reward 61.00 | Epsilon 0.1648
Seed 11 | Episode 520 | Reward 41.00 | Epsilon 0.1645
Seed 11 | Episode 521 | Reward 46.00 | Epsilon 0.1643
Seed 11 | Episode 522 | Reward 45.00 | Epsilon 0.1640
Seed 11 | Episode 523 | Reward 49.00 | Epsilon 0.1637
Seed 11 | Episode 524 | Reward 52.00 | Epsilon 0.1635
Seed 11 | Episode 525 | Reward 47.00 | Epsilon 0.1632
Seed 11 | Episode 526 | Reward 53.00 | Epsilon 0.1630
Seed 11 | Episode 527 | Reward 45.00 | Epsilon 0.1627
Seed 11 | Episode 528 | Reward 42.00 | Epsilon 0.1624
Seed 11 | Episode 529 | Reward 60.00 | Epsilon 0.1622
Seed 11 | Episode 530 | Reward 61.00 | Epsilon 0.1620
Seed 11 | Episode 531 | Reward 55.00 | Epsilon 0.1618
Seed 11 | Episode 532 | Reward 55.00 | Epsilon 0.1616
Seed 11 | Episode 533 | Reward 61.00 | Epsilon 0.1614
Seed 11 | Episode 534 | Reward 51.00 | Epsilon 0.1612
Seed 11 | Episode 535 | Reward 53.00 | Epsilon 0.1609
Seed 11 | Episode 536 | Reward 56.00 | Epsilon 0.1607
Seed 11 | Episode 537 | Reward 41.00 | Epsilon 0.1604
Seed 11 | Episode 538 | Reward 55.00 | Epsilon 0.1602
Seed 11 | Episode 539 | Reward 50.00 | Epsilon 0.1600
Seed 11 | Episode 540 | Reward 51.00 | Epsilon 0.1597
Seed 11 | Episode 541 | Reward 41.00 | Epsilon 0.1594
Seed 11 | Episode 542 | Reward 56.00 | Epsilon 0.1592
Seed 11 | Episode 543 | Reward 41.00 | Epsilon 0.1589
Seed 11 | Episode 544 | Reward 55.00 | Epsilon 0.1587
Seed 11 | Episode 545 | Reward 39.00 | Epsilon 0.1584
Seed 11 | Episode 546 | Reward 58.00 | Epsilon 0.1582
Seed 11 | Episode 547 | Reward 38.00 | Epsilon 0.1579
Seed 11 | Episode 548 | Reward 46.00 | Epsilon 0.1577
Seed 11 | Episode 549 | Reward 51.00 | Epsilon 0.1574
Seed 11 | Episode 550 | Reward 51.00 | Epsilon 0.1572
Seed 11 | Episode 551 | Reward 47.00 | Epsilon 0.1569
Seed 11 | Episode 552 | Reward 47.00 | Epsilon 0.1567
Seed 11 | Episode 553 | Reward 56.00 | Epsilon 0.1565
Seed 11 | Episode 554 | Reward 45.00 | Epsilon 0.1562
Seed 11 | Episode 555 | Reward 44.00 | Epsilon 0.1559
Seed 11 | Episode 556 | Reward 37.00 | Epsilon 0.1556
Seed 11 | Episode 557 | Reward 42.00 | Epsilon 0.1554
Seed 11 | Episode 558 | Reward 48.00 | Epsilon 0.1551
Seed 11 | Episode 559 | Reward 51.00 | Epsilon 0.1549
Seed 11 | Episode 560 | Reward 49.00 | Epsilon 0.1546
Seed 11 | Episode 561 | Reward 48.00 | Epsilon 0.1544
Seed 11 | Episode 562 | Reward 51.00 | Epsilon 0.1542
Seed 11 | Episode 563 | Reward 58.00 | Epsilon 0.1540
Seed 11 | Episode 564 | Reward 44.00 | Epsilon 0.1537
Seed 11 | Episode 565 | Reward 40.00 | Epsilon 0.1534
Seed 11 | Episode 566 | Reward 55.00 | Epsilon 0.1532
Seed 11 | Episode 567 | Reward 46.00 | Epsilon 0.1530
Seed 11 | Episode 568 | Reward 30.00 | Epsilon 0.1526
Seed 11 | Episode 569 | Reward 50.00 | Epsilon 0.1524
Seed 11 | Episode 570 | Reward 46.00 | Epsilon 0.1521
Seed 11 | Episode 571 | Reward 49.00 | Epsilon 0.1519
Seed 11 | Episode 572 | Reward 53.00 | Epsilon 0.1517
Seed 11 | Episode 573 | Reward 41.00 | Epsilon 0.1514
Seed 11 | Episode 574 | Reward 50.00 | Epsilon 0.1512
Seed 11 | Episode 575 | Reward 46.00 | Epsilon 0.1509
Seed 11 | Episode 576 | Reward 57.00 | Epsilon 0.1507
Seed 11 | Episode 577 | Reward 56.00 | Epsilon 0.1505
Seed 11 | Episode 578 | Reward 38.00 | Epsilon 0.1502
Seed 11 | Episode 579 | Reward 54.00 | Epsilon 0.1500
Seed 11 | Episode 580 | Reward 45.00 | Epsilon 0.1498
Seed 11 | Episode 581 | Reward 41.00 | Epsilon 0.1495
Seed 11 | Episode 582 | Reward 58.00 | Epsilon 0.1493
Seed 11 | Episode 583 | Reward 65.00 | Epsilon 0.1492
Seed 11 | Episode 584 | Reward 53.00 | Epsilon 0.1489
Seed 11 | Episode 585 | Reward 44.00 | Epsilon 0.1487
Seed 11 | Episode 586 | Reward 60.00 | Epsilon 0.1485
Seed 11 | Episode 587 | Reward 58.00 | Epsilon 0.1483
Seed 11 | Episode 588 | Reward 47.00 | Epsilon 0.1481
Seed 11 | Episode 589 | Reward 44.00 | Epsilon 0.1478
Seed 11 | Episode 590 | Reward 56.00 | Epsilon 0.1476
Seed 11 | Episode 591 | Reward 37.00 | Epsilon 0.1473
Seed 11 | Episode 592 | Reward 65.00 | Epsilon 0.1472
Seed 11 | Episode 593 | Reward 45.00 | Epsilon 0.1469
Seed 11 | Episode 594 | Reward 60.00 | Epsilon 0.1468
Seed 11 | Episode 595 | Reward 52.00 | Epsilon 0.1465
Seed 11 | Episode 596 | Reward 52.00 | Epsilon 0.1463
Seed 11 | Episode 597 | Reward 41.00 | Epsilon 0.1461
Seed 11 | Episode 598 | Reward 56.00 | Epsilon 0.1459
Seed 11 | Episode 599 | Reward 47.00 | Epsilon 0.1456
Seed 11 | Episode 600 | Reward 56.00 | Epsilon 0.1454
Seed 11 | Episode 601 | Reward 51.00 | Epsilon 0.1452
Seed 11 | Episode 602 | Reward 54.00 | Epsilon 0.1450
Seed 11 | Episode 603 | Reward 60.00 | Epsilon 0.1448
Seed 11 | Episode 604 | Reward 55.00 | Epsilon 0.1446
Seed 11 | Episode 605 | Reward 38.00 | Epsilon 0.1444
Seed 11 | Episode 606 | Reward 46.00 | Epsilon 0.1441
Seed 11 | Episode 607 | Reward 59.00 | Epsilon 0.1439
Seed 11 | Episode 608 | Reward 38.00 | Epsilon 0.1437
Seed 11 | Episode 609 | Reward 58.00 | Epsilon 0.1435
Seed 11 | Episode 610 | Reward 46.00 | Epsilon 0.1432
Seed 11 | Episode 611 | Reward 63.00 | Epsilon 0.1431
Seed 11 | Episode 612 | Reward 46.00 | Epsilon 0.1428
Seed 11 | Episode 613 | Reward 56.00 | Epsilon 0.1427
Seed 11 | Episode 614 | Reward 36.00 | Epsilon 0.1424
Seed 11 | Episode 615 | Reward 49.00 | Epsilon 0.1422
Seed 11 | Episode 616 | Reward 53.00 | Epsilon 0.1419
Seed 11 | Episode 617 | Reward 57.00 | Epsilon 0.1418
Seed 11 | Episode 618 | Reward 26.00 | Epsilon 0.1414
Seed 11 | Episode 619 | Reward 47.00 | Epsilon 0.1412
Seed 11 | Episode 620 | Reward 57.00 | Epsilon 0.1410
Seed 11 | Episode 621 | Reward 60.00 | Epsilon 0.1409
Seed 11 | Episode 622 | Reward 47.00 | Epsilon 0.1406
Seed 11 | Episode 623 | Reward 56.00 | Epsilon 0.1404
Seed 11 | Episode 624 | Reward 36.00 | Epsilon 0.1402
Seed 11 | Episode 625 | Reward 39.00 | Epsilon 0.1399
Seed 11 | Episode 626 | Reward 46.00 | Epsilon 0.1397
Seed 11 | Episode 627 | Reward 56.00 | Epsilon 0.1395
Seed 11 | Episode 628 | Reward 59.00 | Epsilon 0.1393
Seed 11 | Episode 629 | Reward 51.00 | Epsilon 0.1391
Seed 11 | Episode 630 | Reward 43.00 | Epsilon 0.1389
Seed 11 | Episode 631 | Reward 44.00 | Epsilon 0.1386
Seed 11 | Episode 632 | Reward 51.00 | Epsilon 0.1384
Seed 11 | Episode 633 | Reward 56.00 | Epsilon 0.1382
Seed 11 | Episode 634 | Reward 61.00 | Epsilon 0.1381
Seed 11 | Episode 635 | Reward 37.00 | Epsilon 0.1378
Seed 11 | Episode 636 | Reward 48.00 | Epsilon 0.1376
Seed 11 | Episode 637 | Reward 46.00 | Epsilon 0.1373
Seed 11 | Episode 638 | Reward 60.00 | Epsilon 0.1372
Seed 11 | Episode 639 | Reward 44.00 | Epsilon 0.1369
Seed 11 | Episode 640 | Reward 43.00 | Epsilon 0.1367
Seed 11 | Episode 641 | Reward 44.00 | Epsilon 0.1365
Seed 11 | Episode 642 | Reward 42.00 | Epsilon 0.1362
Seed 11 | Episode 643 | Reward 49.00 | Epsilon 0.1360
Seed 11 | Episode 644 | Reward 44.00 | Epsilon 0.1358
Seed 11 | Episode 645 | Reward 42.00 | Epsilon 0.1355
Seed 11 | Episode 646 | Reward 55.00 | Epsilon 0.1354
Seed 11 | Episode 647 | Reward 59.00 | Epsilon 0.1352
Seed 11 | Episode 648 | Reward 55.00 | Epsilon 0.1350
Seed 11 | Episode 649 | Reward 54.00 | Epsilon 0.1348
Seed 11 | Episode 650 | Reward 45.00 | Epsilon 0.1346
Seed 11 | Episode 651 | Reward 48.00 | Epsilon 0.1344
Seed 11 | Episode 652 | Reward 44.00 | Epsilon 0.1341
Seed 11 | Episode 653 | Reward 63.00 | Epsilon 0.1340
Seed 11 | Episode 654 | Reward 25.00 | Epsilon 0.1337
Seed 11 | Episode 655 | Reward 43.00 | Epsilon 0.1335
Seed 11 | Episode 656 | Reward 50.00 | Epsilon 0.1332
Seed 11 | Episode 657 | Reward 36.00 | Epsilon 0.1330
Seed 11 | Episode 658 | Reward 36.00 | Epsilon 0.1327
Seed 11 | Episode 659 | Reward 57.00 | Epsilon 0.1326
Seed 11 | Episode 660 | Reward 46.00 | Epsilon 0.1323
Seed 11 | Episode 661 | Reward 52.00 | Epsilon 0.1321
Seed 11 | Episode 662 | Reward 44.00 | Epsilon 0.1319
Seed 11 | Episode 663 | Reward 53.00 | Epsilon 0.1317
Seed 11 | Episode 664 | Reward 43.00 | Epsilon 0.1315
Seed 11 | Episode 665 | Reward 55.00 | Epsilon 0.1313
Seed 11 | Episode 666 | Reward 53.00 | Epsilon 0.1311
Seed 11 | Episode 667 | Reward 61.00 | Epsilon 0.1310
Seed 11 | Episode 668 | Reward 53.00 | Epsilon 0.1308
Seed 11 | Episode 669 | Reward 52.00 | Epsilon 0.1306
Seed 11 | Episode 670 | Reward 55.00 | Epsilon 0.1304
Seed 11 | Episode 671 | Reward 55.00 | Epsilon 0.1302
Seed 11 | Episode 672 | Reward 57.00 | Epsilon 0.1301
Seed 11 | Episode 673 | Reward 55.00 | Epsilon 0.1299
Seed 11 | Episode 674 | Reward 57.00 | Epsilon 0.1297
Seed 11 | Episode 675 | Reward 52.00 | Epsilon 0.1295
Seed 11 | Episode 676 | Reward 59.00 | Epsilon 0.1294
Seed 11 | Episode 677 | Reward 54.00 | Epsilon 0.1292
Seed 11 | Episode 678 | Reward 41.00 | Epsilon 0.1289
Seed 11 | Episode 679 | Reward 47.00 | Epsilon 0.1287
Seed 11 | Episode 680 | Reward 56.00 | Epsilon 0.1286
Seed 11 | Episode 681 | Reward 51.00 | Epsilon 0.1284
Seed 11 | Episode 682 | Reward 42.00 | Epsilon 0.1281
Seed 11 | Episode 683 | Reward 43.00 | Epsilon 0.1279
Seed 11 | Episode 684 | Reward 45.00 | Epsilon 0.1277
Seed 11 | Episode 685 | Reward 50.00 | Epsilon 0.1275
Seed 11 | Episode 686 | Reward 41.00 | Epsilon 0.1273
Seed 11 | Episode 687 | Reward 59.00 | Epsilon 0.1271
Seed 11 | Episode 688 | Reward 55.00 | Epsilon 0.1269
Seed 11 | Episode 689 | Reward 48.00 | Epsilon 0.1267
Seed 11 | Episode 690 | Reward 54.00 | Epsilon 0.1266
Seed 11 | Episode 691 | Reward 53.00 | Epsilon 0.1264
Seed 11 | Episode 692 | Reward 56.00 | Epsilon 0.1262
Seed 11 | Episode 693 | Reward 56.00 | Epsilon 0.1260
Seed 11 | Episode 694 | Reward 54.00 | Epsilon 0.1259
Seed 11 | Episode 695 | Reward 65.00 | Epsilon 0.1257
Seed 11 | Episode 696 | Reward 54.00 | Epsilon 0.1255
Seed 11 | Episode 697 | Reward 50.00 | Epsilon 0.1254
Seed 11 | Episode 698 | Reward 43.00 | Epsilon 0.1251
Seed 11 | Episode 699 | Reward 59.00 | Epsilon 0.1250
Seed 11 | Episode 700 | Reward 47.00 | Epsilon 0.1248
Seed 11 | Episode 701 | Reward 47.00 | Epsilon 0.1246
Seed 11 | Episode 702 | Reward 54.00 | Epsilon 0.1244
Seed 11 | Episode 703 | Reward 48.00 | Epsilon 0.1242
Seed 11 | Episode 704 | Reward 60.00 | Epsilon 0.1240
Seed 11 | Episode 705 | Reward 64.00 | Epsilon 0.1239
Seed 11 | Episode 706 | Reward 52.00 | Epsilon 0.1237
Seed 11 | Episode 707 | Reward 46.00 | Epsilon 0.1235
Seed 11 | Episode 708 | Reward 48.00 | Epsilon 0.1233
Seed 11 | Episode 709 | Reward 48.00 | Epsilon 0.1231
Seed 11 | Episode 710 | Reward 55.00 | Epsilon 0.1230
Seed 11 | Episode 711 | Reward 64.00 | Epsilon 0.1228
Seed 11 | Episode 712 | Reward 52.00 | Epsilon 0.1226
Seed 11 | Episode 713 | Reward 53.00 | Epsilon 0.1225
Seed 11 | Episode 714 | Reward 62.00 | Epsilon 0.1223
Seed 11 | Episode 715 | Reward 50.00 | Epsilon 0.1221
Seed 11 | Episode 716 | Reward 35.00 | Epsilon 0.1219
Seed 11 | Episode 717 | Reward 59.00 | Epsilon 0.1217
Seed 11 | Episode 718 | Reward 58.00 | Epsilon 0.1216
Seed 11 | Episode 719 | Reward 49.00 | Epsilon 0.1214
Seed 11 | Episode 720 | Reward 48.00 | Epsilon 0.1212
Seed 11 | Episode 721 | Reward 46.00 | Epsilon 0.1210
Seed 11 | Episode 722 | Reward 44.00 | Epsilon 0.1208
Seed 11 | Episode 723 | Reward 62.00 | Epsilon 0.1207
Seed 11 | Episode 724 | Reward 40.00 | Epsilon 0.1204
Seed 11 | Episode 725 | Reward 57.00 | Epsilon 0.1203
Seed 11 | Episode 726 | Reward 56.00 | Epsilon 0.1201
Seed 11 | Episode 727 | Reward 57.00 | Epsilon 0.1200
Seed 11 | Episode 728 | Reward 59.00 | Epsilon 0.1198
Seed 11 | Episode 729 | Reward 49.00 | Epsilon 0.1196
Seed 11 | Episode 730 | Reward 42.00 | Epsilon 0.1194
Seed 11 | Episode 731 | Reward 43.00 | Epsilon 0.1192
Seed 11 | Episode 732 | Reward 30.00 | Epsilon 0.1189
Seed 11 | Episode 733 | Reward 54.00 | Epsilon 0.1188
Seed 11 | Episode 734 | Reward 50.00 | Epsilon 0.1186
Seed 11 | Episode 735 | Reward 54.00 | Epsilon 0.1184
Seed 11 | Episode 736 | Reward 35.00 | Epsilon 0.1182
Seed 11 | Episode 737 | Reward 49.00 | Epsilon 0.1180
Seed 11 | Episode 738 | Reward 50.00 | Epsilon 0.1178
Seed 11 | Episode 739 | Reward 53.00 | Epsilon 0.1177
Seed 11 | Episode 740 | Reward 40.00 | Epsilon 0.1174
Seed 11 | Episode 741 | Reward 45.00 | Epsilon 0.1172
Seed 11 | Episode 742 | Reward 47.00 | Epsilon 0.1171
Seed 11 | Episode 743 | Reward 54.00 | Epsilon 0.1169
Seed 11 | Episode 744 | Reward 56.00 | Epsilon 0.1167
Seed 11 | Episode 745 | Reward 51.00 | Epsilon 0.1166
Seed 11 | Episode 746 | Reward 57.00 | Epsilon 0.1164
Seed 11 | Episode 747 | Reward 56.00 | Epsilon 0.1162
Seed 11 | Episode 748 | Reward 49.00 | Epsilon 0.1161
Seed 11 | Episode 749 | Reward 61.00 | Epsilon 0.1159
Seed 11 | Episode 750 | Reward 53.00 | Epsilon 0.1158
Seed 11 | Episode 751 | Reward 53.00 | Epsilon 0.1156
Seed 11 | Episode 752 | Reward 35.00 | Epsilon 0.1154
Seed 11 | Episode 753 | Reward 42.00 | Epsilon 0.1152
Seed 11 | Episode 754 | Reward 52.00 | Epsilon 0.1150
Seed 11 | Episode 755 | Reward 59.00 | Epsilon 0.1148
Seed 11 | Episode 756 | Reward 59.00 | Epsilon 0.1147
Seed 11 | Episode 757 | Reward 42.00 | Epsilon 0.1145
Seed 11 | Episode 758 | Reward 50.00 | Epsilon 0.1143
Seed 11 | Episode 759 | Reward 47.00 | Epsilon 0.1141
Seed 11 | Episode 760 | Reward 44.00 | Epsilon 0.1139
Seed 11 | Episode 761 | Reward 57.00 | Epsilon 0.1138
Seed 11 | Episode 762 | Reward 56.00 | Epsilon 0.1136
Seed 11 | Episode 763 | Reward 55.00 | Epsilon 0.1135
Seed 11 | Episode 764 | Reward 45.00 | Epsilon 0.1133
Seed 11 | Episode 765 | Reward 52.00 | Epsilon 0.1131
Seed 11 | Episode 766 | Reward 33.00 | Epsilon 0.1129
Seed 11 | Episode 767 | Reward 63.00 | Epsilon 0.1128
Seed 11 | Episode 768 | Reward 35.00 | Epsilon 0.1125
Seed 11 | Episode 769 | Reward 52.00 | Epsilon 0.1124
Seed 11 | Episode 770 | Reward 48.00 | Epsilon 0.1122
Seed 11 | Episode 771 | Reward 48.00 | Epsilon 0.1120
Seed 11 | Episode 772 | Reward 51.00 | Epsilon 0.1119
Seed 11 | Episode 773 | Reward 52.00 | Epsilon 0.1117
Seed 11 | Episode 774 | Reward 47.00 | Epsilon 0.1115
Seed 11 | Episode 775 | Reward 39.00 | Epsilon 0.1113
Seed 11 | Episode 776 | Reward 58.00 | Epsilon 0.1112
Seed 11 | Episode 777 | Reward 51.00 | Epsilon 0.1110
Seed 11 | Episode 778 | Reward 60.00 | Epsilon 0.1109
Seed 11 | Episode 779 | Reward 46.00 | Epsilon 0.1107
Seed 11 | Episode 780 | Reward 42.00 | Epsilon 0.1105
Seed 11 | Episode 781 | Reward 58.00 | Epsilon 0.1103
Seed 11 | Episode 782 | Reward 52.00 | Epsilon 0.1102
Seed 11 | Episode 783 | Reward 48.00 | Epsilon 0.1100
Seed 11 | Episode 784 | Reward 47.00 | Epsilon 0.1098
Seed 11 | Episode 785 | Reward 53.00 | Epsilon 0.1097
Seed 11 | Episode 786 | Reward 56.00 | Epsilon 0.1095
Seed 11 | Episode 787 | Reward 41.00 | Epsilon 0.1093
Seed 11 | Episode 788 | Reward 50.00 | Epsilon 0.1092
Seed 11 | Episode 789 | Reward 52.00 | Epsilon 0.1090
Seed 11 | Episode 790 | Reward 56.00 | Epsilon 0.1088
Seed 11 | Episode 791 | Reward 55.00 | Epsilon 0.1087
Seed 11 | Episode 792 | Reward 55.00 | Epsilon 0.1085
Seed 11 | Episode 793 | Reward 62.00 | Epsilon 0.1084
Seed 11 | Episode 794 | Reward 56.00 | Epsilon 0.1083
Seed 11 | Episode 795 | Reward 53.00 | Epsilon 0.1081
Seed 11 | Episode 796 | Reward 47.00 | Epsilon 0.1079
Seed 11 | Episode 797 | Reward 55.00 | Epsilon 0.1078
Seed 11 | Episode 798 | Reward 59.00 | Epsilon 0.1077
Seed 11 | Episode 799 | Reward 52.00 | Epsilon 0.1075
Seed 11 | Episode 800 | Reward 53.00 | Epsilon 0.1073
Seed 11 | Episode 801 | Reward 57.00 | Epsilon 0.1072
Seed 11 | Episode 802 | Reward 61.00 | Epsilon 0.1071
Seed 11 | Episode 803 | Reward 59.00 | Epsilon 0.1069
Seed 11 | Episode 804 | Reward 55.00 | Epsilon 0.1068
Seed 11 | Episode 805 | Reward 52.00 | Epsilon 0.1066
Seed 11 | Episode 806 | Reward 55.00 | Epsilon 0.1065
Seed 11 | Episode 807 | Reward 55.00 | Epsilon 0.1063
Seed 11 | Episode 808 | Reward 57.00 | Epsilon 0.1062
Seed 11 | Episode 809 | Reward 47.00 | Epsilon 0.1060
Seed 11 | Episode 810 | Reward 54.00 | Epsilon 0.1059
Seed 11 | Episode 811 | Reward 61.00 | Epsilon 0.1058
Seed 11 | Episode 812 | Reward 49.00 | Epsilon 0.1056
Seed 11 | Episode 813 | Reward 49.00 | Epsilon 0.1054
Seed 11 | Episode 814 | Reward 39.00 | Epsilon 0.1052
Seed 11 | Episode 815 | Reward 54.00 | Epsilon 0.1051
Seed 11 | Episode 816 | Reward 53.00 | Epsilon 0.1049
Seed 11 | Episode 817 | Reward 50.00 | Epsilon 0.1048
Seed 11 | Episode 818 | Reward 50.00 | Epsilon 0.1046
Seed 11 | Episode 819 | Reward 48.00 | Epsilon 0.1044
Seed 11 | Episode 820 | Reward 47.00 | Epsilon 0.1043
Seed 11 | Episode 821 | Reward 49.00 | Epsilon 0.1041
Seed 11 | Episode 822 | Reward 53.00 | Epsilon 0.1040
Seed 11 | Episode 823 | Reward 50.00 | Epsilon 0.1038
Seed 11 | Episode 824 | Reward 41.00 | Epsilon 0.1036
Seed 11 | Episode 825 | Reward 54.00 | Epsilon 0.1035
Seed 11 | Episode 826 | Reward 46.00 | Epsilon 0.1033
Seed 11 | Episode 827 | Reward 53.00 | Epsilon 0.1031
Seed 11 | Episode 828 | Reward 45.00 | Epsilon 0.1030
Seed 11 | Episode 829 | Reward 48.00 | Epsilon 0.1028
Seed 11 | Episode 830 | Reward 46.00 | Epsilon 0.1026
Seed 11 | Episode 831 | Reward 57.00 | Epsilon 0.1025
Seed 11 | Episode 832 | Reward 54.00 | Epsilon 0.1024
Seed 11 | Episode 833 | Reward 46.00 | Epsilon 0.1022
Seed 11 | Episode 834 | Reward 60.00 | Epsilon 0.1021
Seed 11 | Episode 835 | Reward 62.00 | Epsilon 0.1019
Seed 11 | Episode 836 | Reward 45.00 | Epsilon 0.1018
Seed 11 | Episode 837 | Reward 49.00 | Epsilon 0.1016
Seed 11 | Episode 838 | Reward 52.00 | Epsilon 0.1015
Seed 11 | Episode 839 | Reward 54.00 | Epsilon 0.1013
Seed 11 | Episode 840 | Reward 46.00 | Epsilon 0.1012
Seed 11 | Episode 841 | Reward 52.00 | Epsilon 0.1010
Seed 11 | Episode 842 | Reward 61.00 | Epsilon 0.1009
Seed 11 | Episode 843 | Reward 56.00 | Epsilon 0.1008
Seed 11 | Episode 844 | Reward 59.00 | Epsilon 0.1006
Seed 11 | Episode 845 | Reward 59.00 | Epsilon 0.1005
Seed 11 | Episode 846 | Reward 59.00 | Epsilon 0.1004
Seed 11 | Episode 847 | Reward 51.00 | Epsilon 0.1002
Seed 11 | Episode 848 | Reward 39.00 | Epsilon 0.1000
Seed 11 | Episode 849 | Reward 60.00 | Epsilon 0.0999
Seed 11 | Episode 850 | Reward 51.00 | Epsilon 0.0998
Seed 11 | Episode 851 | Reward 34.00 | Epsilon 0.0996
Seed 11 | Episode 852 | Reward 53.00 | Epsilon 0.0994
Seed 11 | Episode 853 | Reward 51.00 | Epsilon 0.0993
Seed 11 | Episode 854 | Reward 62.00 | Epsilon 0.0992
Seed 11 | Episode 855 | Reward 45.00 | Epsilon 0.0990
Seed 11 | Episode 856 | Reward 49.00 | Epsilon 0.0988
Seed 11 | Episode 857 | Reward 48.00 | Epsilon 0.0987
Seed 11 | Episode 858 | Reward 47.00 | Epsilon 0.0985
Seed 11 | Episode 859 | Reward 46.00 | Epsilon 0.0984
Seed 11 | Episode 860 | Reward 32.00 | Epsilon 0.0982
Seed 11 | Episode 861 | Reward 43.00 | Epsilon 0.0980
Seed 11 | Episode 862 | Reward 63.00 | Epsilon 0.0979
Seed 11 | Episode 863 | Reward 58.00 | Epsilon 0.0977
Seed 11 | Episode 864 | Reward 52.00 | Epsilon 0.0976
Seed 11 | Episode 865 | Reward 56.00 | Epsilon 0.0975
Seed 11 | Episode 866 | Reward 61.00 | Epsilon 0.0973
Seed 11 | Episode 867 | Reward 44.00 | Epsilon 0.0972
Seed 11 | Episode 868 | Reward 58.00 | Epsilon 0.0971
Seed 11 | Episode 869 | Reward 49.00 | Epsilon 0.0969
Seed 11 | Episode 870 | Reward 59.00 | Epsilon 0.0968
Seed 11 | Episode 871 | Reward 60.00 | Epsilon 0.0967
Seed 11 | Episode 872 | Reward 49.00 | Epsilon 0.0965
Seed 11 | Episode 873 | Reward 56.00 | Epsilon 0.0964
Seed 11 | Episode 874 | Reward 65.00 | Epsilon 0.0963
Seed 11 | Episode 875 | Reward 55.00 | Epsilon 0.0961
Seed 11 | Episode 876 | Reward 49.00 | Epsilon 0.0960
Seed 11 | Episode 877 | Reward 56.00 | Epsilon 0.0959
Seed 11 | Episode 878 | Reward 48.00 | Epsilon 0.0957
Seed 11 | Episode 879 | Reward 56.00 | Epsilon 0.0956
Seed 11 | Episode 880 | Reward 63.00 | Epsilon 0.0955
Seed 11 | Episode 881 | Reward 52.00 | Epsilon 0.0953
Seed 11 | Episode 882 | Reward 56.00 | Epsilon 0.0952
Seed 11 | Episode 883 | Reward 62.00 | Epsilon 0.0951
Seed 11 | Episode 884 | Reward 59.00 | Epsilon 0.0950
Seed 11 | Episode 885 | Reward 56.00 | Epsilon 0.0949
Seed 11 | Episode 886 | Reward 53.00 | Epsilon 0.0947
Seed 11 | Episode 887 | Reward 36.00 | Epsilon 0.0945
Seed 11 | Episode 888 | Reward 59.00 | Epsilon 0.0944
Seed 11 | Episode 889 | Reward 57.00 | Epsilon 0.0943
Seed 11 | Episode 890 | Reward 48.00 | Epsilon 0.0941
Seed 11 | Episode 891 | Reward 52.00 | Epsilon 0.0940
Seed 11 | Episode 892 | Reward 60.00 | Epsilon 0.0939
Seed 11 | Episode 893 | Reward 38.00 | Epsilon 0.0937
Seed 11 | Episode 894 | Reward 58.00 | Epsilon 0.0936
Seed 11 | Episode 895 | Reward 51.00 | Epsilon 0.0934
Seed 11 | Episode 896 | Reward 47.00 | Epsilon 0.0933
Seed 11 | Episode 897 | Reward 42.00 | Epsilon 0.0931
Seed 11 | Episode 898 | Reward 51.00 | Epsilon 0.0930
Seed 11 | Episode 899 | Reward 58.00 | Epsilon 0.0929
Seed 11 | Episode 900 | Reward 53.00 | Epsilon 0.0927
Seed 11 | Episode 901 | Reward 42.00 | Epsilon 0.0926
Seed 11 | Episode 902 | Reward 46.00 | Epsilon 0.0924
Seed 11 | Episode 903 | Reward 48.00 | Epsilon 0.0923
Seed 11 | Episode 904 | Reward 41.00 | Epsilon 0.0921
Seed 11 | Episode 905 | Reward 59.00 | Epsilon 0.0920
Seed 11 | Episode 906 | Reward 45.00 | Epsilon 0.0918
Seed 11 | Episode 907 | Reward 62.00 | Epsilon 0.0917
Seed 11 | Episode 908 | Reward 57.00 | Epsilon 0.0916
Seed 11 | Episode 909 | Reward 55.00 | Epsilon 0.0915
Seed 11 | Episode 910 | Reward 54.00 | Epsilon 0.0914
Seed 11 | Episode 911 | Reward 52.00 | Epsilon 0.0912
Seed 11 | Episode 912 | Reward 45.00 | Epsilon 0.0911
Seed 11 | Episode 913 | Reward 61.00 | Epsilon 0.0910
Seed 11 | Episode 914 | Reward 40.00 | Epsilon 0.0908
Seed 11 | Episode 915 | Reward 65.00 | Epsilon 0.0907
Seed 11 | Episode 916 | Reward 57.00 | Epsilon 0.0906
Seed 11 | Episode 917 | Reward 59.00 | Epsilon 0.0905
Seed 11 | Episode 918 | Reward 49.00 | Epsilon 0.0903
Seed 11 | Episode 919 | Reward 62.00 | Epsilon 0.0902
Seed 11 | Episode 920 | Reward 55.00 | Epsilon 0.0901
Seed 11 | Episode 921 | Reward 33.00 | Epsilon 0.0899
Seed 11 | Episode 922 | Reward 40.00 | Epsilon 0.0897
Seed 11 | Episode 923 | Reward 46.00 | Epsilon 0.0896
Seed 11 | Episode 924 | Reward 55.00 | Epsilon 0.0895
Seed 11 | Episode 925 | Reward 57.00 | Epsilon 0.0893
Seed 11 | Episode 926 | Reward 58.00 | Epsilon 0.0892
Seed 11 | Episode 927 | Reward 54.00 | Epsilon 0.0891
Seed 11 | Episode 928 | Reward 49.00 | Epsilon 0.0890
Seed 11 | Episode 929 | Reward 46.00 | Epsilon 0.0888
Seed 11 | Episode 930 | Reward 45.00 | Epsilon 0.0887
Seed 11 | Episode 931 | Reward 52.00 | Epsilon 0.0885
Seed 11 | Episode 932 | Reward 58.00 | Epsilon 0.0884
Seed 11 | Episode 933 | Reward 46.00 | Epsilon 0.0883
Seed 11 | Episode 934 | Reward 61.00 | Epsilon 0.0882
Seed 11 | Episode 935 | Reward 49.00 | Epsilon 0.0880
Seed 11 | Episode 936 | Reward 57.00 | Epsilon 0.0879
Seed 11 | Episode 937 | Reward 63.00 | Epsilon 0.0878
Seed 11 | Episode 938 | Reward 52.00 | Epsilon 0.0877
Seed 11 | Episode 939 | Reward 48.00 | Epsilon 0.0876
Seed 11 | Episode 940 | Reward 42.00 | Epsilon 0.0874
Seed 11 | Episode 941 | Reward 46.00 | Epsilon 0.0873
Seed 11 | Episode 942 | Reward 41.00 | Epsilon 0.0871
Seed 11 | Episode 943 | Reward 46.00 | Epsilon 0.0870
Seed 11 | Episode 944 | Reward 52.00 | Epsilon 0.0868
Seed 11 | Episode 945 | Reward 39.00 | Epsilon 0.0867
Seed 11 | Episode 946 | Reward 48.00 | Epsilon 0.0865
Seed 11 | Episode 947 | Reward 56.00 | Epsilon 0.0864
Seed 11 | Episode 948 | Reward 55.00 | Epsilon 0.0863
Seed 11 | Episode 949 | Reward 53.00 | Epsilon 0.0862
Seed 11 | Episode 950 | Reward 60.00 | Epsilon 0.0861
Seed 11 | Episode 951 | Reward 52.00 | Epsilon 0.0859
Seed 11 | Episode 952 | Reward 61.00 | Epsilon 0.0858
Seed 11 | Episode 953 | Reward 48.00 | Epsilon 0.0857
Seed 11 | Episode 954 | Reward 46.00 | Epsilon 0.0856
Seed 11 | Episode 955 | Reward 46.00 | Epsilon 0.0854
Seed 11 | Episode 956 | Reward 65.00 | Epsilon 0.0853
Seed 11 | Episode 957 | Reward 53.00 | Epsilon 0.0852
Seed 11 | Episode 958 | Reward 61.00 | Epsilon 0.0851
Seed 11 | Episode 959 | Reward 61.00 | Epsilon 0.0850
Seed 11 | Episode 960 | Reward 61.00 | Epsilon 0.0849
Seed 11 | Episode 961 | Reward 56.00 | Epsilon 0.0848
Seed 11 | Episode 962 | Reward 54.00 | Epsilon 0.0847
Seed 11 | Episode 963 | Reward 56.00 | Epsilon 0.0845
Seed 11 | Episode 964 | Reward 64.00 | Epsilon 0.0845
Seed 11 | Episode 965 | Reward 49.00 | Epsilon 0.0843
Seed 11 | Episode 966 | Reward 51.00 | Epsilon 0.0842
Seed 11 | Episode 967 | Reward 58.00 | Epsilon 0.0841
Seed 11 | Episode 968 | Reward 40.00 | Epsilon 0.0839
Seed 11 | Episode 969 | Reward 63.00 | Epsilon 0.0838
Seed 11 | Episode 970 | Reward 55.00 | Epsilon 0.0837
Seed 11 | Episode 971 | Reward 41.00 | Epsilon 0.0836
Seed 11 | Episode 972 | Reward 57.00 | Epsilon 0.0835
Seed 11 | Episode 973 | Reward 30.00 | Epsilon 0.0833
Seed 11 | Episode 974 | Reward 61.00 | Epsilon 0.0832
Seed 11 | Episode 975 | Reward 55.00 | Epsilon 0.0831
Seed 11 | Episode 976 | Reward 59.00 | Epsilon 0.0830
Seed 11 | Episode 977 | Reward 57.00 | Epsilon 0.0829
Seed 11 | Episode 978 | Reward 56.00 | Epsilon 0.0827
Seed 11 | Episode 979 | Reward 58.00 | Epsilon 0.0826
Seed 11 | Episode 980 | Reward 49.00 | Epsilon 0.0825
Seed 11 | Episode 981 | Reward 38.00 | Epsilon 0.0823
Seed 11 | Episode 982 | Reward 49.00 | Epsilon 0.0822
Seed 11 | Episode 983 | Reward 59.00 | Epsilon 0.0821
Seed 11 | Episode 984 | Reward 48.00 | Epsilon 0.0820
Seed 11 | Episode 985 | Reward 56.00 | Epsilon 0.0819
Seed 11 | Episode 986 | Reward 64.00 | Epsilon 0.0818
Seed 11 | Episode 987 | Reward 50.00 | Epsilon 0.0817
Seed 11 | Episode 988 | Reward 60.00 | Epsilon 0.0816
Seed 11 | Episode 989 | Reward 53.00 | Epsilon 0.0814
Seed 11 | Episode 990 | Reward 57.00 | Epsilon 0.0813
Seed 11 | Episode 991 | Reward 50.00 | Epsilon 0.0812
Seed 11 | Episode 992 | Reward 58.00 | Epsilon 0.0811
Seed 11 | Episode 993 | Reward 55.00 | Epsilon 0.0810
Seed 11 | Episode 994 | Reward 52.00 | Epsilon 0.0809
Seed 11 | Episode 995 | Reward 31.00 | Epsilon 0.0807
Seed 11 | Episode 996 | Reward 57.00 | Epsilon 0.0806
Seed 11 | Episode 997 | Reward 62.00 | Epsilon 0.0805
Seed 11 | Episode 998 | Reward 59.00 | Epsilon 0.0804
Seed 11 | Episode 999 | Reward 47.00 | Epsilon 0.0803
Finished seed 11
