starting job
Sun Dec  7 19:44:34 2025       
+-----------------------------------------------------------------------------------------+
| NVIDIA-SMI 580.65.06              Driver Version: 580.65.06      CUDA Version: 13.0     |
+-----------------------------------------+------------------------+----------------------+
| GPU  Name                 Persistence-M | Bus-Id          Disp.A | Volatile Uncorr. ECC |
| Fan  Temp   Perf          Pwr:Usage/Cap |           Memory-Usage | GPU-Util  Compute M. |
|                                         |                        |               MIG M. |
|=========================================+========================+======================|
|   0  NVIDIA H100 80GB HBM3          On  |   00000000:46:00.0 Off |                   On |
| N/A   37C    P0            342W /  700W |   21506MiB /  81559MiB |     N/A      Default |
|                                         |                        |              Enabled |
+-----------------------------------------+------------------------+----------------------+

+-----------------------------------------------------------------------------------------+
| MIG devices:                                                                            |
+------------------+----------------------------------+-----------+-----------------------+
| GPU  GI  CI  MIG |              Shared Memory-Usage |        Vol|        Shared         |
|      ID  ID  Dev |                Shared BAR1-Usage | SM     Unc| CE ENC  DEC  OFA  JPG |
|                  |                                  |        ECC|                       |
|==================+==================================+===========+=======================|
|  0   14   0   0  |              15MiB /  9984MiB    | 16      0 |  1   0    1    0    1 |
|                  |               0MiB /  6185MiB    |           |                       |
+------------------+----------------------------------+-----------+-----------------------+

+-----------------------------------------------------------------------------------------+
| Processes:                                                                              |
|  GPU   GI   CI              PID   Type   Process name                        GPU Memory |
|        ID   ID                                                               Usage      |
|=========================================================================================|
|  No running processes found                                                             |
+-----------------------------------------------------------------------------------------+
Running seed 4
Gym has been unmaintained since 2022 and does not support NumPy 2.0 amongst other critical functionality.
Please upgrade to Gymnasium, the maintained drop-in replacement of Gym, or contact the authors of your software and request that they upgrade.
Users of this version of Gym should be able to simply replace 'import gym' with 'import gymnasium as gym' in the vast majority of cases.
See the migration guide at https://gymnasium.farama.org/introduction/migration_guide/ for additional information.
Seed 4 | Episode 0 | Reward -300.00 | Epsilon 0.9987
Seed 4 | Episode 1 | Reward -300.00 | Epsilon 0.9897
Seed 4 | Episode 2 | Reward -300.00 | Epsilon 0.9808
Seed 4 | Episode 3 | Reward -300.00 | Epsilon 0.9720
Seed 4 | Episode 4 | Reward -300.00 | Epsilon 0.9633
Seed 4 | Episode 5 | Reward -300.00 | Epsilon 0.9547
Seed 4 | Episode 6 | Reward -300.00 | Epsilon 0.9462
Seed 4 | Episode 7 | Reward -300.00 | Epsilon 0.9377
Seed 4 | Episode 8 | Reward -300.00 | Epsilon 0.9293
Seed 4 | Episode 9 | Reward -300.00 | Epsilon 0.9209
Seed 4 | Episode 10 | Reward -300.00 | Epsilon 0.9127
Seed 4 | Episode 11 | Reward -300.00 | Epsilon 0.9045
Seed 4 | Episode 12 | Reward -300.00 | Epsilon 0.8964
Seed 4 | Episode 13 | Reward -300.00 | Epsilon 0.8884
Seed 4 | Episode 14 | Reward -300.00 | Epsilon 0.8804
Seed 4 | Episode 15 | Reward -300.00 | Epsilon 0.8725
Seed 4 | Episode 16 | Reward -300.00 | Epsilon 0.8647
Seed 4 | Episode 17 | Reward -300.00 | Epsilon 0.8570
Seed 4 | Episode 18 | Reward -300.00 | Epsilon 0.8493
Seed 4 | Episode 19 | Reward -300.00 | Epsilon 0.8417
Seed 4 | Episode 20 | Reward -300.00 | Epsilon 0.8341
Seed 4 | Episode 21 | Reward -300.00 | Epsilon 0.8267
Seed 4 | Episode 22 | Reward -300.00 | Epsilon 0.8193
Seed 4 | Episode 23 | Reward -300.00 | Epsilon 0.8119
Seed 4 | Episode 24 | Reward -300.00 | Epsilon 0.8046
Seed 4 | Episode 25 | Reward -300.00 | Epsilon 0.7974
Seed 4 | Episode 26 | Reward -300.00 | Epsilon 0.7903
Seed 4 | Episode 27 | Reward -144.00 | Epsilon 0.7845
Seed 4 | Episode 28 | Reward -300.00 | Epsilon 0.7775
Seed 4 | Episode 29 | Reward -300.00 | Epsilon 0.7705
Seed 4 | Episode 30 | Reward -300.00 | Epsilon 0.7636
Seed 4 | Episode 31 | Reward -300.00 | Epsilon 0.7568
Seed 4 | Episode 32 | Reward -300.00 | Epsilon 0.7500
Seed 4 | Episode 33 | Reward -300.00 | Epsilon 0.7433
Seed 4 | Episode 34 | Reward -300.00 | Epsilon 0.7366
Seed 4 | Episode 35 | Reward -300.00 | Epsilon 0.7300
Seed 4 | Episode 36 | Reward -300.00 | Epsilon 0.7235
Seed 4 | Episode 37 | Reward -300.00 | Epsilon 0.7170
Seed 4 | Episode 38 | Reward -300.00 | Epsilon 0.7106
Seed 4 | Episode 39 | Reward -300.00 | Epsilon 0.7042
Seed 4 | Episode 40 | Reward -300.00 | Epsilon 0.6979
Seed 4 | Episode 41 | Reward -300.00 | Epsilon 0.6916
Seed 4 | Episode 42 | Reward -300.00 | Epsilon 0.6854
Seed 4 | Episode 43 | Reward -300.00 | Epsilon 0.6793
Seed 4 | Episode 44 | Reward -300.00 | Epsilon 0.6732
Seed 4 | Episode 45 | Reward -300.00 | Epsilon 0.6672
Seed 4 | Episode 46 | Reward -300.00 | Epsilon 0.6612
Seed 4 | Episode 47 | Reward -300.00 | Epsilon 0.6553
Seed 4 | Episode 48 | Reward -300.00 | Epsilon 0.6494
Seed 4 | Episode 49 | Reward -300.00 | Epsilon 0.6436
Seed 4 | Episode 50 | Reward -300.00 | Epsilon 0.6378
Seed 4 | Episode 51 | Reward -300.00 | Epsilon 0.6321
Seed 4 | Episode 52 | Reward -300.00 | Epsilon 0.6264
Seed 4 | Episode 53 | Reward -300.00 | Epsilon 0.6208
Seed 4 | Episode 54 | Reward -300.00 | Epsilon 0.6153
Seed 4 | Episode 55 | Reward -300.00 | Epsilon 0.6097
Seed 4 | Episode 56 | Reward -300.00 | Epsilon 0.6043
Seed 4 | Episode 57 | Reward -300.00 | Epsilon 0.5989
Seed 4 | Episode 58 | Reward -300.00 | Epsilon 0.5935
Seed 4 | Episode 59 | Reward -300.00 | Epsilon 0.5882
Seed 4 | Episode 60 | Reward -300.00 | Epsilon 0.5829
Seed 4 | Episode 61 | Reward -300.00 | Epsilon 0.5777
Seed 4 | Episode 62 | Reward -300.00 | Epsilon 0.5725
Seed 4 | Episode 63 | Reward -300.00 | Epsilon 0.5674
Seed 4 | Episode 64 | Reward -300.00 | Epsilon 0.5623
Seed 4 | Episode 65 | Reward -300.00 | Epsilon 0.5573
Seed 4 | Episode 66 | Reward -300.00 | Epsilon 0.5523
Seed 4 | Episode 67 | Reward -300.00 | Epsilon 0.5473
Seed 4 | Episode 68 | Reward -300.00 | Epsilon 0.5424
Seed 4 | Episode 69 | Reward -300.00 | Epsilon 0.5376
Seed 4 | Episode 70 | Reward -300.00 | Epsilon 0.5327
Seed 4 | Episode 71 | Reward -300.00 | Epsilon 0.5280
Seed 4 | Episode 72 | Reward -300.00 | Epsilon 0.5232
Seed 4 | Episode 73 | Reward -300.00 | Epsilon 0.5186
Seed 4 | Episode 74 | Reward -300.00 | Epsilon 0.5139
Seed 4 | Episode 75 | Reward -300.00 | Epsilon 0.5093
Seed 4 | Episode 76 | Reward -300.00 | Epsilon 0.5047
Seed 4 | Episode 77 | Reward -300.00 | Epsilon 0.5002
Seed 4 | Episode 78 | Reward -300.00 | Epsilon 0.4957
Seed 4 | Episode 79 | Reward -300.00 | Epsilon 0.4913
Seed 4 | Episode 80 | Reward -300.00 | Epsilon 0.4869
Seed 4 | Episode 81 | Reward -300.00 | Epsilon 0.4825
Seed 4 | Episode 82 | Reward -300.00 | Epsilon 0.4782
Seed 4 | Episode 83 | Reward -300.00 | Epsilon 0.4739
Seed 4 | Episode 84 | Reward -300.00 | Epsilon 0.4697
Seed 4 | Episode 85 | Reward -300.00 | Epsilon 0.4655
Seed 4 | Episode 86 | Reward -300.00 | Epsilon 0.4613
Seed 4 | Episode 87 | Reward -300.00 | Epsilon 0.4572
Seed 4 | Episode 88 | Reward -300.00 | Epsilon 0.4531
Seed 4 | Episode 89 | Reward -300.00 | Epsilon 0.4490
Seed 4 | Episode 90 | Reward -300.00 | Epsilon 0.4450
Seed 4 | Episode 91 | Reward -300.00 | Epsilon 0.4410
Seed 4 | Episode 92 | Reward -300.00 | Epsilon 0.4370
Seed 4 | Episode 93 | Reward -300.00 | Epsilon 0.4331
Seed 4 | Episode 94 | Reward -300.00 | Epsilon 0.4293
Seed 4 | Episode 95 | Reward -300.00 | Epsilon 0.4254
Seed 4 | Episode 96 | Reward -300.00 | Epsilon 0.4216
Seed 4 | Episode 97 | Reward -300.00 | Epsilon 0.4178
Seed 4 | Episode 98 | Reward -300.00 | Epsilon 0.4141
Seed 4 | Episode 99 | Reward -300.00 | Epsilon 0.4104
Seed 4 | Episode 100 | Reward -300.00 | Epsilon 0.4067
Seed 4 | Episode 101 | Reward -300.00 | Epsilon 0.4030
Seed 4 | Episode 102 | Reward -300.00 | Epsilon 0.3994
Seed 4 | Episode 103 | Reward -300.00 | Epsilon 0.3959
Seed 4 | Episode 104 | Reward -300.00 | Epsilon 0.3923
Seed 4 | Episode 105 | Reward -300.00 | Epsilon 0.3888
Seed 4 | Episode 106 | Reward -300.00 | Epsilon 0.3853
Seed 4 | Episode 107 | Reward -300.00 | Epsilon 0.3819
Seed 4 | Episode 108 | Reward -300.00 | Epsilon 0.3784
Seed 4 | Episode 109 | Reward -300.00 | Epsilon 0.3750
Seed 4 | Episode 110 | Reward -300.00 | Epsilon 0.3717
Seed 4 | Episode 111 | Reward -300.00 | Epsilon 0.3684
Seed 4 | Episode 112 | Reward -300.00 | Epsilon 0.3651
Seed 4 | Episode 113 | Reward -300.00 | Epsilon 0.3618
Seed 4 | Episode 114 | Reward -300.00 | Epsilon 0.3585
Seed 4 | Episode 115 | Reward -300.00 | Epsilon 0.3553
Seed 4 | Episode 116 | Reward -300.00 | Epsilon 0.3521
Seed 4 | Episode 117 | Reward -300.00 | Epsilon 0.3490
Seed 4 | Episode 118 | Reward -300.00 | Epsilon 0.3459
Seed 4 | Episode 119 | Reward -300.00 | Epsilon 0.3428
Seed 4 | Episode 120 | Reward -300.00 | Epsilon 0.3397
Seed 4 | Episode 121 | Reward -300.00 | Epsilon 0.3366
Seed 4 | Episode 122 | Reward -300.00 | Epsilon 0.3336
Seed 4 | Episode 123 | Reward -300.00 | Epsilon 0.3306
Seed 4 | Episode 124 | Reward -300.00 | Epsilon 0.3277
Seed 4 | Episode 125 | Reward -300.00 | Epsilon 0.3247
Seed 4 | Episode 126 | Reward -300.00 | Epsilon 0.3218
Seed 4 | Episode 127 | Reward -300.00 | Epsilon 0.3190
Seed 4 | Episode 128 | Reward -300.00 | Epsilon 0.3161
Seed 4 | Episode 129 | Reward -300.00 | Epsilon 0.3133
Seed 4 | Episode 130 | Reward -300.00 | Epsilon 0.3105
Seed 4 | Episode 131 | Reward -300.00 | Epsilon 0.3077
Seed 4 | Episode 132 | Reward -300.00 | Epsilon 0.3049
Seed 4 | Episode 133 | Reward -300.00 | Epsilon 0.3022
Seed 4 | Episode 134 | Reward -300.00 | Epsilon 0.2995
Seed 4 | Episode 135 | Reward -300.00 | Epsilon 0.2968
Seed 4 | Episode 136 | Reward -300.00 | Epsilon 0.2941
Seed 4 | Episode 137 | Reward -300.00 | Epsilon 0.2915
Seed 4 | Episode 138 | Reward -300.00 | Epsilon 0.2889
Seed 4 | Episode 139 | Reward -300.00 | Epsilon 0.2863
Seed 4 | Episode 140 | Reward -300.00 | Epsilon 0.2837
Seed 4 | Episode 141 | Reward -300.00 | Epsilon 0.2812
Seed 4 | Episode 142 | Reward -300.00 | Epsilon 0.2787
Seed 4 | Episode 143 | Reward -300.00 | Epsilon 0.2762
Seed 4 | Episode 144 | Reward -300.00 | Epsilon 0.2737
Seed 4 | Episode 145 | Reward -300.00 | Epsilon 0.2712
Seed 4 | Episode 146 | Reward -300.00 | Epsilon 0.2688
Seed 4 | Episode 147 | Reward -300.00 | Epsilon 0.2664
Seed 4 | Episode 148 | Reward -300.00 | Epsilon 0.2640
Seed 4 | Episode 149 | Reward -300.00 | Epsilon 0.2617
Seed 4 | Episode 150 | Reward -300.00 | Epsilon 0.2593
Seed 4 | Episode 151 | Reward -300.00 | Epsilon 0.2570
Seed 4 | Episode 152 | Reward -300.00 | Epsilon 0.2547
Seed 4 | Episode 153 | Reward -300.00 | Epsilon 0.2524
Seed 4 | Episode 154 | Reward -300.00 | Epsilon 0.2501
Seed 4 | Episode 155 | Reward -300.00 | Epsilon 0.2479
Seed 4 | Episode 156 | Reward -300.00 | Epsilon 0.2457
Seed 4 | Episode 157 | Reward -300.00 | Epsilon 0.2435
Seed 4 | Episode 158 | Reward -300.00 | Epsilon 0.2413
Seed 4 | Episode 159 | Reward -300.00 | Epsilon 0.2391
Seed 4 | Episode 160 | Reward -300.00 | Epsilon 0.2370
Seed 4 | Episode 161 | Reward -300.00 | Epsilon 0.2349
Seed 4 | Episode 162 | Reward -300.00 | Epsilon 0.2328
Seed 4 | Episode 163 | Reward -300.00 | Epsilon 0.2307
Seed 4 | Episode 164 | Reward -300.00 | Epsilon 0.2286
Seed 4 | Episode 165 | Reward -300.00 | Epsilon 0.2266
Seed 4 | Episode 166 | Reward -300.00 | Epsilon 0.2245
Seed 4 | Episode 167 | Reward -300.00 | Epsilon 0.2225
Seed 4 | Episode 168 | Reward -300.00 | Epsilon 0.2205
Seed 4 | Episode 169 | Reward -300.00 | Epsilon 0.2186
Seed 4 | Episode 170 | Reward -300.00 | Epsilon 0.2166
Seed 4 | Episode 171 | Reward -300.00 | Epsilon 0.2147
Seed 4 | Episode 172 | Reward -300.00 | Epsilon 0.2127
Seed 4 | Episode 173 | Reward -300.00 | Epsilon 0.2108
Seed 4 | Episode 174 | Reward -300.00 | Epsilon 0.2089
Seed 4 | Episode 175 | Reward -300.00 | Epsilon 0.2071
Seed 4 | Episode 176 | Reward -300.00 | Epsilon 0.2052
Seed 4 | Episode 177 | Reward -300.00 | Epsilon 0.2034
Seed 4 | Episode 178 | Reward -300.00 | Epsilon 0.2015
Seed 4 | Episode 179 | Reward -300.00 | Epsilon 0.1997
Seed 4 | Episode 180 | Reward -300.00 | Epsilon 0.1980
Seed 4 | Episode 181 | Reward -300.00 | Epsilon 0.1962
Seed 4 | Episode 182 | Reward -300.00 | Epsilon 0.1944
Seed 4 | Episode 183 | Reward -300.00 | Epsilon 0.1927
Seed 4 | Episode 184 | Reward -300.00 | Epsilon 0.1910
Seed 4 | Episode 185 | Reward -300.00 | Epsilon 0.1892
Seed 4 | Episode 186 | Reward -300.00 | Epsilon 0.1875
Seed 4 | Episode 187 | Reward -300.00 | Epsilon 0.1859
Seed 4 | Episode 188 | Reward -300.00 | Epsilon 0.1842
Seed 4 | Episode 189 | Reward -300.00 | Epsilon 0.1826
Seed 4 | Episode 190 | Reward -300.00 | Epsilon 0.1809
Seed 4 | Episode 191 | Reward -300.00 | Epsilon 0.1793
Seed 4 | Episode 192 | Reward -300.00 | Epsilon 0.1777
Seed 4 | Episode 193 | Reward -300.00 | Epsilon 0.1761
Seed 4 | Episode 194 | Reward -300.00 | Epsilon 0.1745
Seed 4 | Episode 195 | Reward -300.00 | Epsilon 0.1730
Seed 4 | Episode 196 | Reward -300.00 | Epsilon 0.1714
Seed 4 | Episode 197 | Reward -300.00 | Epsilon 0.1699
Seed 4 | Episode 198 | Reward -300.00 | Epsilon 0.1683
Seed 4 | Episode 199 | Reward -300.00 | Epsilon 0.1668
Seed 4 | Episode 200 | Reward -300.00 | Epsilon 0.1653
Seed 4 | Episode 201 | Reward -300.00 | Epsilon 0.1639
Seed 4 | Episode 202 | Reward -300.00 | Epsilon 0.1624
Seed 4 | Episode 203 | Reward -300.00 | Epsilon 0.1609
Seed 4 | Episode 204 | Reward -300.00 | Epsilon 0.1595
Seed 4 | Episode 205 | Reward -300.00 | Epsilon 0.1581
Seed 4 | Episode 206 | Reward -300.00 | Epsilon 0.1567
Seed 4 | Episode 207 | Reward -300.00 | Epsilon 0.1552
Seed 4 | Episode 208 | Reward -300.00 | Epsilon 0.1539
Seed 4 | Episode 209 | Reward -300.00 | Epsilon 0.1525
Seed 4 | Episode 210 | Reward -300.00 | Epsilon 0.1511
Seed 4 | Episode 211 | Reward -300.00 | Epsilon 0.1498
Seed 4 | Episode 212 | Reward -300.00 | Epsilon 0.1484
Seed 4 | Episode 213 | Reward -300.00 | Epsilon 0.1471
Seed 4 | Episode 214 | Reward -300.00 | Epsilon 0.1458
Seed 4 | Episode 215 | Reward -300.00 | Epsilon 0.1445
Seed 4 | Episode 216 | Reward -300.00 | Epsilon 0.1432
Seed 4 | Episode 217 | Reward -300.00 | Epsilon 0.1419
Seed 4 | Episode 218 | Reward -300.00 | Epsilon 0.1406
Seed 4 | Episode 219 | Reward -300.00 | Epsilon 0.1394
Seed 4 | Episode 220 | Reward -300.00 | Epsilon 0.1381
Seed 4 | Episode 221 | Reward -300.00 | Epsilon 0.1369
Seed 4 | Episode 222 | Reward -300.00 | Epsilon 0.1356
Seed 4 | Episode 223 | Reward -300.00 | Epsilon 0.1344
Seed 4 | Episode 224 | Reward -300.00 | Epsilon 0.1332
Seed 4 | Episode 225 | Reward -300.00 | Epsilon 0.1320
Seed 4 | Episode 226 | Reward -300.00 | Epsilon 0.1308
Seed 4 | Episode 227 | Reward -300.00 | Epsilon 0.1297
Seed 4 | Episode 228 | Reward -300.00 | Epsilon 0.1285
Seed 4 | Episode 229 | Reward -300.00 | Epsilon 0.1274
Seed 4 | Episode 230 | Reward -300.00 | Epsilon 0.1262
Seed 4 | Episode 231 | Reward -300.00 | Epsilon 0.1251
Seed 4 | Episode 232 | Reward -300.00 | Epsilon 0.1240
Seed 4 | Episode 233 | Reward -300.00 | Epsilon 0.1229
Seed 4 | Episode 234 | Reward -300.00 | Epsilon 0.1218
Seed 4 | Episode 235 | Reward -300.00 | Epsilon 0.1207
Seed 4 | Episode 236 | Reward -300.00 | Epsilon 0.1196
Seed 4 | Episode 237 | Reward -300.00 | Epsilon 0.1185
Seed 4 | Episode 238 | Reward -300.00 | Epsilon 0.1175
Seed 4 | Episode 239 | Reward -300.00 | Epsilon 0.1164
Seed 4 | Episode 240 | Reward -300.00 | Epsilon 0.1154
Seed 4 | Episode 241 | Reward -300.00 | Epsilon 0.1143
Seed 4 | Episode 242 | Reward -300.00 | Epsilon 0.1133
Seed 4 | Episode 243 | Reward -300.00 | Epsilon 0.1123
Seed 4 | Episode 244 | Reward -300.00 | Epsilon 0.1113
Seed 4 | Episode 245 | Reward -300.00 | Epsilon 0.1103
Seed 4 | Episode 246 | Reward -300.00 | Epsilon 0.1093
Seed 4 | Episode 247 | Reward -300.00 | Epsilon 0.1083
Seed 4 | Episode 248 | Reward -300.00 | Epsilon 0.1073
Seed 4 | Episode 249 | Reward -300.00 | Epsilon 0.1064
Seed 4 | Episode 250 | Reward -300.00 | Epsilon 0.1054
Seed 4 | Episode 251 | Reward -300.00 | Epsilon 0.1045
Seed 4 | Episode 252 | Reward -300.00 | Epsilon 0.1035
Seed 4 | Episode 253 | Reward -300.00 | Epsilon 0.1026
Seed 4 | Episode 254 | Reward -300.00 | Epsilon 0.1017
Seed 4 | Episode 255 | Reward -300.00 | Epsilon 0.1008
Seed 4 | Episode 256 | Reward -300.00 | Epsilon 0.0999
Seed 4 | Episode 257 | Reward -300.00 | Epsilon 0.0990
Seed 4 | Episode 258 | Reward -300.00 | Epsilon 0.0981
Seed 4 | Episode 259 | Reward -300.00 | Epsilon 0.0972
Seed 4 | Episode 260 | Reward -300.00 | Epsilon 0.0964
Seed 4 | Episode 261 | Reward -300.00 | Epsilon 0.0955
Seed 4 | Episode 262 | Reward -300.00 | Epsilon 0.0946
Seed 4 | Episode 263 | Reward -300.00 | Epsilon 0.0938
Seed 4 | Episode 264 | Reward -300.00 | Epsilon 0.0929
Seed 4 | Episode 265 | Reward -300.00 | Epsilon 0.0921
Seed 4 | Episode 266 | Reward -300.00 | Epsilon 0.0913
Seed 4 | Episode 267 | Reward -300.00 | Epsilon 0.0905
Seed 4 | Episode 268 | Reward -300.00 | Epsilon 0.0897
Seed 4 | Episode 269 | Reward -300.00 | Epsilon 0.0889
Seed 4 | Episode 270 | Reward -300.00 | Epsilon 0.0881
Seed 4 | Episode 271 | Reward -300.00 | Epsilon 0.0873
Seed 4 | Episode 272 | Reward -300.00 | Epsilon 0.0865
Seed 4 | Episode 273 | Reward -300.00 | Epsilon 0.0857
Seed 4 | Episode 274 | Reward -300.00 | Epsilon 0.0849
Seed 4 | Episode 275 | Reward -300.00 | Epsilon 0.0842
Seed 4 | Episode 276 | Reward -300.00 | Epsilon 0.0834
Seed 4 | Episode 277 | Reward -300.00 | Epsilon 0.0827
Seed 4 | Episode 278 | Reward -300.00 | Epsilon 0.0819
Seed 4 | Episode 279 | Reward -300.00 | Epsilon 0.0812
Seed 4 | Episode 280 | Reward -300.00 | Epsilon 0.0805
Seed 4 | Episode 281 | Reward -300.00 | Epsilon 0.0798
Seed 4 | Episode 282 | Reward -300.00 | Epsilon 0.0790
Seed 4 | Episode 283 | Reward -300.00 | Epsilon 0.0783
Seed 4 | Episode 284 | Reward -300.00 | Epsilon 0.0776
Seed 4 | Episode 285 | Reward -300.00 | Epsilon 0.0769
Seed 4 | Episode 286 | Reward -300.00 | Epsilon 0.0762
Seed 4 | Episode 287 | Reward -300.00 | Epsilon 0.0756
Seed 4 | Episode 288 | Reward -300.00 | Epsilon 0.0749
Seed 4 | Episode 289 | Reward -300.00 | Epsilon 0.0742
Seed 4 | Episode 290 | Reward -300.00 | Epsilon 0.0736
Seed 4 | Episode 291 | Reward -300.00 | Epsilon 0.0729
Seed 4 | Episode 292 | Reward -300.00 | Epsilon 0.0722
Seed 4 | Episode 293 | Reward -300.00 | Epsilon 0.0716
Seed 4 | Episode 294 | Reward -300.00 | Epsilon 0.0710
Seed 4 | Episode 295 | Reward -300.00 | Epsilon 0.0703
Seed 4 | Episode 296 | Reward -300.00 | Epsilon 0.0697
Seed 4 | Episode 297 | Reward -300.00 | Epsilon 0.0691
Seed 4 | Episode 298 | Reward -300.00 | Epsilon 0.0684
Seed 4 | Episode 299 | Reward -300.00 | Epsilon 0.0678
Seed 4 | Episode 300 | Reward -300.00 | Epsilon 0.0672
Seed 4 | Episode 301 | Reward -300.00 | Epsilon 0.0666
Seed 4 | Episode 302 | Reward -300.00 | Epsilon 0.0660
Seed 4 | Episode 303 | Reward -300.00 | Epsilon 0.0654
Seed 4 | Episode 304 | Reward -300.00 | Epsilon 0.0648
Seed 4 | Episode 305 | Reward -300.00 | Epsilon 0.0643
Seed 4 | Episode 306 | Reward -300.00 | Epsilon 0.0637
Seed 4 | Episode 307 | Reward -300.00 | Epsilon 0.0631
Seed 4 | Episode 308 | Reward -300.00 | Epsilon 0.0626
Seed 4 | Episode 309 | Reward -300.00 | Epsilon 0.0620
Seed 4 | Episode 310 | Reward -300.00 | Epsilon 0.0614
Seed 4 | Episode 311 | Reward -300.00 | Epsilon 0.0609
Seed 4 | Episode 312 | Reward -300.00 | Epsilon 0.0603
Seed 4 | Episode 313 | Reward -300.00 | Epsilon 0.0598
Seed 4 | Episode 314 | Reward -300.00 | Epsilon 0.0593
Seed 4 | Episode 315 | Reward -300.00 | Epsilon 0.0587
Seed 4 | Episode 316 | Reward 49.00 | Epsilon 0.0586
Seed 4 | Episode 317 | Reward -300.00 | Epsilon 0.0581
Seed 4 | Episode 318 | Reward -300.00 | Epsilon 0.0576
Seed 4 | Episode 319 | Reward -300.00 | Epsilon 0.0571
Seed 4 | Episode 320 | Reward -300.00 | Epsilon 0.0566
Seed 4 | Episode 321 | Reward -300.00 | Epsilon 0.0561
Seed 4 | Episode 322 | Reward -300.00 | Epsilon 0.0556
Seed 4 | Episode 323 | Reward -300.00 | Epsilon 0.0551
Seed 4 | Episode 324 | Reward -300.00 | Epsilon 0.0546
Seed 4 | Episode 325 | Reward -300.00 | Epsilon 0.0541
Seed 4 | Episode 326 | Reward -300.00 | Epsilon 0.0536
Seed 4 | Episode 327 | Reward -300.00 | Epsilon 0.0531
Seed 4 | Episode 328 | Reward -300.00 | Epsilon 0.0526
Seed 4 | Episode 329 | Reward -300.00 | Epsilon 0.0522
Seed 4 | Episode 330 | Reward -300.00 | Epsilon 0.0517
Seed 4 | Episode 331 | Reward -300.00 | Epsilon 0.0512
Seed 4 | Episode 332 | Reward -300.00 | Epsilon 0.0508
Seed 4 | Episode 333 | Reward -300.00 | Epsilon 0.0503
Seed 4 | Episode 334 | Reward -300.00 | Epsilon 0.0499
Seed 4 | Episode 335 | Reward -300.00 | Epsilon 0.0494
Seed 4 | Episode 336 | Reward -300.00 | Epsilon 0.0490
Seed 4 | Episode 337 | Reward -300.00 | Epsilon 0.0485
Seed 4 | Episode 338 | Reward -300.00 | Epsilon 0.0481
Seed 4 | Episode 339 | Reward -300.00 | Epsilon 0.0477
Seed 4 | Episode 340 | Reward -300.00 | Epsilon 0.0472
Seed 4 | Episode 341 | Reward -300.00 | Epsilon 0.0468
Seed 4 | Episode 342 | Reward -300.00 | Epsilon 0.0464
Seed 4 | Episode 343 | Reward -300.00 | Epsilon 0.0460
Seed 4 | Episode 344 | Reward -300.00 | Epsilon 0.0456
Seed 4 | Episode 345 | Reward -300.00 | Epsilon 0.0452
Seed 4 | Episode 346 | Reward -300.00 | Epsilon 0.0448
Seed 4 | Episode 347 | Reward -300.00 | Epsilon 0.0444
Seed 4 | Episode 348 | Reward -300.00 | Epsilon 0.0440
Seed 4 | Episode 349 | Reward -300.00 | Epsilon 0.0436
Seed 4 | Episode 350 | Reward -300.00 | Epsilon 0.0432
Seed 4 | Episode 351 | Reward -300.00 | Epsilon 0.0428
Seed 4 | Episode 352 | Reward -300.00 | Epsilon 0.0424
Seed 4 | Episode 353 | Reward -300.00 | Epsilon 0.0420
Seed 4 | Episode 354 | Reward -300.00 | Epsilon 0.0417
Seed 4 | Episode 355 | Reward -300.00 | Epsilon 0.0413
Seed 4 | Episode 356 | Reward -300.00 | Epsilon 0.0409
Seed 4 | Episode 357 | Reward -300.00 | Epsilon 0.0405
Seed 4 | Episode 358 | Reward -300.00 | Epsilon 0.0402
Seed 4 | Episode 359 | Reward -300.00 | Epsilon 0.0398
Seed 4 | Episode 360 | Reward -300.00 | Epsilon 0.0395
Seed 4 | Episode 361 | Reward -300.00 | Epsilon 0.0391
Seed 4 | Episode 362 | Reward -300.00 | Epsilon 0.0388
Seed 4 | Episode 363 | Reward -300.00 | Epsilon 0.0384
Seed 4 | Episode 364 | Reward -300.00 | Epsilon 0.0381
Seed 4 | Episode 365 | Reward -300.00 | Epsilon 0.0377
Seed 4 | Episode 366 | Reward -300.00 | Epsilon 0.0374
Seed 4 | Episode 367 | Reward -300.00 | Epsilon 0.0371
Seed 4 | Episode 368 | Reward -300.00 | Epsilon 0.0367
Seed 4 | Episode 369 | Reward -300.00 | Epsilon 0.0364
Seed 4 | Episode 370 | Reward -300.00 | Epsilon 0.0361
Seed 4 | Episode 371 | Reward -300.00 | Epsilon 0.0357
Seed 4 | Episode 372 | Reward -300.00 | Epsilon 0.0354
Seed 4 | Episode 373 | Reward -300.00 | Epsilon 0.0351
Seed 4 | Episode 374 | Reward -300.00 | Epsilon 0.0348
Seed 4 | Episode 375 | Reward -300.00 | Epsilon 0.0345
Seed 4 | Episode 376 | Reward -300.00 | Epsilon 0.0342
Seed 4 | Episode 377 | Reward -300.00 | Epsilon 0.0339
Seed 4 | Episode 378 | Reward -300.00 | Epsilon 0.0336
Seed 4 | Episode 379 | Reward -300.00 | Epsilon 0.0333
Seed 4 | Episode 380 | Reward -300.00 | Epsilon 0.0330
Seed 4 | Episode 381 | Reward -300.00 | Epsilon 0.0327
Seed 4 | Episode 382 | Reward -300.00 | Epsilon 0.0324
Seed 4 | Episode 383 | Reward -300.00 | Epsilon 0.0321
Seed 4 | Episode 384 | Reward -300.00 | Epsilon 0.0318
Seed 4 | Episode 385 | Reward -300.00 | Epsilon 0.0315
Seed 4 | Episode 386 | Reward -300.00 | Epsilon 0.0312
Seed 4 | Episode 387 | Reward -300.00 | Epsilon 0.0310
Seed 4 | Episode 388 | Reward -300.00 | Epsilon 0.0307
Seed 4 | Episode 389 | Reward -300.00 | Epsilon 0.0304
Seed 4 | Episode 390 | Reward -300.00 | Epsilon 0.0301
Seed 4 | Episode 391 | Reward -300.00 | Epsilon 0.0299
Seed 4 | Episode 392 | Reward -300.00 | Epsilon 0.0296
Seed 4 | Episode 393 | Reward -300.00 | Epsilon 0.0293
Seed 4 | Episode 394 | Reward -300.00 | Epsilon 0.0291
Seed 4 | Episode 395 | Reward -300.00 | Epsilon 0.0288
Seed 4 | Episode 396 | Reward -300.00 | Epsilon 0.0285
Seed 4 | Episode 397 | Reward -300.00 | Epsilon 0.0283
Seed 4 | Episode 398 | Reward -300.00 | Epsilon 0.0280
Seed 4 | Episode 399 | Reward -300.00 | Epsilon 0.0278
Seed 4 | Episode 400 | Reward -300.00 | Epsilon 0.0275
Seed 4 | Episode 401 | Reward -300.00 | Epsilon 0.0273
Seed 4 | Episode 402 | Reward -300.00 | Epsilon 0.0270
Seed 4 | Episode 403 | Reward -300.00 | Epsilon 0.0268
Seed 4 | Episode 404 | Reward -300.00 | Epsilon 0.0266
Seed 4 | Episode 405 | Reward -300.00 | Epsilon 0.0263
Seed 4 | Episode 406 | Reward -300.00 | Epsilon 0.0261
Seed 4 | Episode 407 | Reward -300.00 | Epsilon 0.0259
Seed 4 | Episode 408 | Reward -300.00 | Epsilon 0.0256
Seed 4 | Episode 409 | Reward -300.00 | Epsilon 0.0254
Seed 4 | Episode 410 | Reward -300.00 | Epsilon 0.0252
Seed 4 | Episode 411 | Reward -300.00 | Epsilon 0.0249
Seed 4 | Episode 412 | Reward -300.00 | Epsilon 0.0247
Seed 4 | Episode 413 | Reward -300.00 | Epsilon 0.0245
Seed 4 | Episode 414 | Reward -300.00 | Epsilon 0.0243
Seed 4 | Episode 415 | Reward -300.00 | Epsilon 0.0241
Seed 4 | Episode 416 | Reward -300.00 | Epsilon 0.0238
Seed 4 | Episode 417 | Reward -300.00 | Epsilon 0.0236
Seed 4 | Episode 418 | Reward -300.00 | Epsilon 0.0234
Seed 4 | Episode 419 | Reward -300.00 | Epsilon 0.0232
Seed 4 | Episode 420 | Reward -300.00 | Epsilon 0.0230
Seed 4 | Episode 421 | Reward -300.00 | Epsilon 0.0228
Seed 4 | Episode 422 | Reward -300.00 | Epsilon 0.0226
Seed 4 | Episode 423 | Reward -300.00 | Epsilon 0.0224
Seed 4 | Episode 424 | Reward -300.00 | Epsilon 0.0222
Seed 4 | Episode 425 | Reward -300.00 | Epsilon 0.0220
Seed 4 | Episode 426 | Reward -300.00 | Epsilon 0.0218
Seed 4 | Episode 427 | Reward -300.00 | Epsilon 0.0216
Seed 4 | Episode 428 | Reward -300.00 | Epsilon 0.0214
Seed 4 | Episode 429 | Reward -300.00 | Epsilon 0.0212
Seed 4 | Episode 430 | Reward -300.00 | Epsilon 0.0210
Seed 4 | Episode 431 | Reward -300.00 | Epsilon 0.0208
Seed 4 | Episode 432 | Reward -300.00 | Epsilon 0.0206
Seed 4 | Episode 433 | Reward -300.00 | Epsilon 0.0205
Seed 4 | Episode 434 | Reward -300.00 | Epsilon 0.0203
Seed 4 | Episode 435 | Reward -300.00 | Epsilon 0.0201
Seed 4 | Episode 436 | Reward -300.00 | Epsilon 0.0199
Seed 4 | Episode 437 | Reward -300.00 | Epsilon 0.0197
Seed 4 | Episode 438 | Reward -300.00 | Epsilon 0.0196
Seed 4 | Episode 439 | Reward -300.00 | Epsilon 0.0194
Seed 4 | Episode 440 | Reward -300.00 | Epsilon 0.0192
Seed 4 | Episode 441 | Reward -300.00 | Epsilon 0.0190
Seed 4 | Episode 442 | Reward -300.00 | Epsilon 0.0189
Seed 4 | Episode 443 | Reward -300.00 | Epsilon 0.0187
Seed 4 | Episode 444 | Reward -300.00 | Epsilon 0.0185
Seed 4 | Episode 445 | Reward -300.00 | Epsilon 0.0184
Seed 4 | Episode 446 | Reward -300.00 | Epsilon 0.0182
Seed 4 | Episode 447 | Reward -300.00 | Epsilon 0.0180
Seed 4 | Episode 448 | Reward -300.00 | Epsilon 0.0179
Seed 4 | Episode 449 | Reward -300.00 | Epsilon 0.0177
Seed 4 | Episode 450 | Reward -300.00 | Epsilon 0.0176
Seed 4 | Episode 451 | Reward -300.00 | Epsilon 0.0174
Seed 4 | Episode 452 | Reward -300.00 | Epsilon 0.0172
Seed 4 | Episode 453 | Reward -300.00 | Epsilon 0.0171
Seed 4 | Episode 454 | Reward -300.00 | Epsilon 0.0169
Seed 4 | Episode 455 | Reward -300.00 | Epsilon 0.0168
Seed 4 | Episode 456 | Reward -300.00 | Epsilon 0.0166
Seed 4 | Episode 457 | Reward -300.00 | Epsilon 0.0165
Seed 4 | Episode 458 | Reward -300.00 | Epsilon 0.0163
Seed 4 | Episode 459 | Reward -300.00 | Epsilon 0.0162
Seed 4 | Episode 460 | Reward -300.00 | Epsilon 0.0160
Seed 4 | Episode 461 | Reward -300.00 | Epsilon 0.0159
Seed 4 | Episode 462 | Reward -300.00 | Epsilon 0.0158
Seed 4 | Episode 463 | Reward -300.00 | Epsilon 0.0156
Seed 4 | Episode 464 | Reward -300.00 | Epsilon 0.0155
Seed 4 | Episode 465 | Reward -300.00 | Epsilon 0.0153
Seed 4 | Episode 466 | Reward -300.00 | Epsilon 0.0152
Seed 4 | Episode 467 | Reward -300.00 | Epsilon 0.0151
Seed 4 | Episode 468 | Reward -300.00 | Epsilon 0.0149
Seed 4 | Episode 469 | Reward -300.00 | Epsilon 0.0148
Seed 4 | Episode 470 | Reward -300.00 | Epsilon 0.0147
Seed 4 | Episode 471 | Reward -300.00 | Epsilon 0.0145
Seed 4 | Episode 472 | Reward -300.00 | Epsilon 0.0144
Seed 4 | Episode 473 | Reward -300.00 | Epsilon 0.0143
Seed 4 | Episode 474 | Reward -300.00 | Epsilon 0.0141
Seed 4 | Episode 475 | Reward -300.00 | Epsilon 0.0140
Seed 4 | Episode 476 | Reward -300.00 | Epsilon 0.0139
Seed 4 | Episode 477 | Reward -300.00 | Epsilon 0.0138
Seed 4 | Episode 478 | Reward -300.00 | Epsilon 0.0136
Seed 4 | Episode 479 | Reward -300.00 | Epsilon 0.0135
Seed 4 | Episode 480 | Reward -300.00 | Epsilon 0.0134
Seed 4 | Episode 481 | Reward -300.00 | Epsilon 0.0133
Seed 4 | Episode 482 | Reward -300.00 | Epsilon 0.0132
Seed 4 | Episode 483 | Reward -300.00 | Epsilon 0.0130
Seed 4 | Episode 484 | Reward -300.00 | Epsilon 0.0129
Seed 4 | Episode 485 | Reward -300.00 | Epsilon 0.0128
Seed 4 | Episode 486 | Reward -300.00 | Epsilon 0.0127
Seed 4 | Episode 487 | Reward -300.00 | Epsilon 0.0126
Seed 4 | Episode 488 | Reward -300.00 | Epsilon 0.0125
Seed 4 | Episode 489 | Reward -300.00 | Epsilon 0.0124
Seed 4 | Episode 490 | Reward -300.00 | Epsilon 0.0122
Seed 4 | Episode 491 | Reward -300.00 | Epsilon 0.0121
Seed 4 | Episode 492 | Reward -300.00 | Epsilon 0.0120
Seed 4 | Episode 493 | Reward -300.00 | Epsilon 0.0119
Seed 4 | Episode 494 | Reward -300.00 | Epsilon 0.0118
Seed 4 | Episode 495 | Reward -300.00 | Epsilon 0.0117
Seed 4 | Episode 496 | Reward -300.00 | Epsilon 0.0116
Seed 4 | Episode 497 | Reward -300.00 | Epsilon 0.0115
Seed 4 | Episode 498 | Reward -300.00 | Epsilon 0.0114
Seed 4 | Episode 499 | Reward -300.00 | Epsilon 0.0113
Seed 4 | Episode 500 | Reward -300.00 | Epsilon 0.0112
Seed 4 | Episode 501 | Reward -300.00 | Epsilon 0.0111
Seed 4 | Episode 502 | Reward -300.00 | Epsilon 0.0110
Seed 4 | Episode 503 | Reward -300.00 | Epsilon 0.0109
Seed 4 | Episode 504 | Reward -300.00 | Epsilon 0.0108
Seed 4 | Episode 505 | Reward -300.00 | Epsilon 0.0107
Seed 4 | Episode 506 | Reward -300.00 | Epsilon 0.0106
Seed 4 | Episode 507 | Reward -300.00 | Epsilon 0.0105
Seed 4 | Episode 508 | Reward -300.00 | Epsilon 0.0104
Seed 4 | Episode 509 | Reward -300.00 | Epsilon 0.0103
Seed 4 | Episode 510 | Reward -300.00 | Epsilon 0.0102
Seed 4 | Episode 511 | Reward -300.00 | Epsilon 0.0101
Seed 4 | Episode 512 | Reward -300.00 | Epsilon 0.0100
Seed 4 | Episode 513 | Reward -300.00 | Epsilon 0.0100
Seed 4 | Episode 514 | Reward -300.00 | Epsilon 0.0100
Seed 4 | Episode 515 | Reward -300.00 | Epsilon 0.0100
Seed 4 | Episode 516 | Reward -300.00 | Epsilon 0.0100
Seed 4 | Episode 517 | Reward -300.00 | Epsilon 0.0100
Seed 4 | Episode 518 | Reward -300.00 | Epsilon 0.0100
Seed 4 | Episode 519 | Reward -300.00 | Epsilon 0.0100
Seed 4 | Episode 520 | Reward -300.00 | Epsilon 0.0100
Seed 4 | Episode 521 | Reward -300.00 | Epsilon 0.0100
Seed 4 | Episode 522 | Reward -300.00 | Epsilon 0.0100
Seed 4 | Episode 523 | Reward -300.00 | Epsilon 0.0100
Seed 4 | Episode 524 | Reward -300.00 | Epsilon 0.0100
Seed 4 | Episode 525 | Reward -300.00 | Epsilon 0.0100
Seed 4 | Episode 526 | Reward -300.00 | Epsilon 0.0100
Seed 4 | Episode 527 | Reward -300.00 | Epsilon 0.0100
Seed 4 | Episode 528 | Reward -300.00 | Epsilon 0.0100
Seed 4 | Episode 529 | Reward -300.00 | Epsilon 0.0100
Seed 4 | Episode 530 | Reward -300.00 | Epsilon 0.0100
Seed 4 | Episode 531 | Reward -300.00 | Epsilon 0.0100
Seed 4 | Episode 532 | Reward -300.00 | Epsilon 0.0100
Seed 4 | Episode 533 | Reward -300.00 | Epsilon 0.0100
Seed 4 | Episode 534 | Reward -300.00 | Epsilon 0.0100
Seed 4 | Episode 535 | Reward -300.00 | Epsilon 0.0100
Seed 4 | Episode 536 | Reward -300.00 | Epsilon 0.0100
Seed 4 | Episode 537 | Reward -300.00 | Epsilon 0.0100
Seed 4 | Episode 538 | Reward -300.00 | Epsilon 0.0100
Seed 4 | Episode 539 | Reward -300.00 | Epsilon 0.0100
Seed 4 | Episode 540 | Reward -300.00 | Epsilon 0.0100
Seed 4 | Episode 541 | Reward -300.00 | Epsilon 0.0100
Seed 4 | Episode 542 | Reward -300.00 | Epsilon 0.0100
Seed 4 | Episode 543 | Reward -300.00 | Epsilon 0.0100
Seed 4 | Episode 544 | Reward -300.00 | Epsilon 0.0100
Seed 4 | Episode 545 | Reward -300.00 | Epsilon 0.0100
Seed 4 | Episode 546 | Reward -300.00 | Epsilon 0.0100
Seed 4 | Episode 547 | Reward -300.00 | Epsilon 0.0100
Seed 4 | Episode 548 | Reward -300.00 | Epsilon 0.0100
Seed 4 | Episode 549 | Reward -300.00 | Epsilon 0.0100
Seed 4 | Episode 550 | Reward -300.00 | Epsilon 0.0100
Seed 4 | Episode 551 | Reward -300.00 | Epsilon 0.0100
Seed 4 | Episode 552 | Reward -300.00 | Epsilon 0.0100
Seed 4 | Episode 553 | Reward -300.00 | Epsilon 0.0100
Seed 4 | Episode 554 | Reward -300.00 | Epsilon 0.0100
Seed 4 | Episode 555 | Reward -300.00 | Epsilon 0.0100
Seed 4 | Episode 556 | Reward -300.00 | Epsilon 0.0100
Seed 4 | Episode 557 | Reward -300.00 | Epsilon 0.0100
Seed 4 | Episode 558 | Reward -300.00 | Epsilon 0.0100
Seed 4 | Episode 559 | Reward -300.00 | Epsilon 0.0100
Seed 4 | Episode 560 | Reward -300.00 | Epsilon 0.0100
Seed 4 | Episode 561 | Reward -300.00 | Epsilon 0.0100
Seed 4 | Episode 562 | Reward -300.00 | Epsilon 0.0100
Seed 4 | Episode 563 | Reward -300.00 | Epsilon 0.0100
Seed 4 | Episode 564 | Reward -300.00 | Epsilon 0.0100
Seed 4 | Episode 565 | Reward -300.00 | Epsilon 0.0100
Seed 4 | Episode 566 | Reward -300.00 | Epsilon 0.0100
Seed 4 | Episode 567 | Reward -300.00 | Epsilon 0.0100
Seed 4 | Episode 568 | Reward -300.00 | Epsilon 0.0100
Seed 4 | Episode 569 | Reward -300.00 | Epsilon 0.0100
Seed 4 | Episode 570 | Reward -300.00 | Epsilon 0.0100
Seed 4 | Episode 571 | Reward -300.00 | Epsilon 0.0100
Seed 4 | Episode 572 | Reward -300.00 | Epsilon 0.0100
Seed 4 | Episode 573 | Reward -300.00 | Epsilon 0.0100
Seed 4 | Episode 574 | Reward -300.00 | Epsilon 0.0100
Seed 4 | Episode 575 | Reward -300.00 | Epsilon 0.0100
Seed 4 | Episode 576 | Reward -300.00 | Epsilon 0.0100
Seed 4 | Episode 577 | Reward -300.00 | Epsilon 0.0100
Seed 4 | Episode 578 | Reward -300.00 | Epsilon 0.0100
Seed 4 | Episode 579 | Reward -300.00 | Epsilon 0.0100
Seed 4 | Episode 580 | Reward -300.00 | Epsilon 0.0100
Seed 4 | Episode 581 | Reward -300.00 | Epsilon 0.0100
Seed 4 | Episode 582 | Reward -300.00 | Epsilon 0.0100
Seed 4 | Episode 583 | Reward -300.00 | Epsilon 0.0100
Seed 4 | Episode 584 | Reward -300.00 | Epsilon 0.0100
Seed 4 | Episode 585 | Reward -300.00 | Epsilon 0.0100
Seed 4 | Episode 586 | Reward -300.00 | Epsilon 0.0100
Seed 4 | Episode 587 | Reward -300.00 | Epsilon 0.0100
Seed 4 | Episode 588 | Reward -300.00 | Epsilon 0.0100
Seed 4 | Episode 589 | Reward -300.00 | Epsilon 0.0100
Seed 4 | Episode 590 | Reward -300.00 | Epsilon 0.0100
Seed 4 | Episode 591 | Reward -300.00 | Epsilon 0.0100
Seed 4 | Episode 592 | Reward -300.00 | Epsilon 0.0100
Seed 4 | Episode 593 | Reward -300.00 | Epsilon 0.0100
Seed 4 | Episode 594 | Reward -300.00 | Epsilon 0.0100
Seed 4 | Episode 595 | Reward -300.00 | Epsilon 0.0100
Seed 4 | Episode 596 | Reward -300.00 | Epsilon 0.0100
Seed 4 | Episode 597 | Reward -300.00 | Epsilon 0.0100
Seed 4 | Episode 598 | Reward -300.00 | Epsilon 0.0100
Seed 4 | Episode 599 | Reward -300.00 | Epsilon 0.0100
Seed 4 | Episode 600 | Reward -300.00 | Epsilon 0.0100
Seed 4 | Episode 601 | Reward -300.00 | Epsilon 0.0100
Seed 4 | Episode 602 | Reward -300.00 | Epsilon 0.0100
Seed 4 | Episode 603 | Reward -300.00 | Epsilon 0.0100
Seed 4 | Episode 604 | Reward -300.00 | Epsilon 0.0100
Seed 4 | Episode 605 | Reward -300.00 | Epsilon 0.0100
Seed 4 | Episode 606 | Reward -300.00 | Epsilon 0.0100
Seed 4 | Episode 607 | Reward -300.00 | Epsilon 0.0100
Seed 4 | Episode 608 | Reward -300.00 | Epsilon 0.0100
Seed 4 | Episode 609 | Reward -300.00 | Epsilon 0.0100
Seed 4 | Episode 610 | Reward -300.00 | Epsilon 0.0100
Seed 4 | Episode 611 | Reward -300.00 | Epsilon 0.0100
Seed 4 | Episode 612 | Reward -300.00 | Epsilon 0.0100
Seed 4 | Episode 613 | Reward -300.00 | Epsilon 0.0100
Seed 4 | Episode 614 | Reward -300.00 | Epsilon 0.0100
Seed 4 | Episode 615 | Reward -300.00 | Epsilon 0.0100
Seed 4 | Episode 616 | Reward -300.00 | Epsilon 0.0100
Seed 4 | Episode 617 | Reward -300.00 | Epsilon 0.0100
Seed 4 | Episode 618 | Reward -300.00 | Epsilon 0.0100
Seed 4 | Episode 619 | Reward -300.00 | Epsilon 0.0100
Seed 4 | Episode 620 | Reward -300.00 | Epsilon 0.0100
Seed 4 | Episode 621 | Reward -300.00 | Epsilon 0.0100
Seed 4 | Episode 622 | Reward -300.00 | Epsilon 0.0100
Seed 4 | Episode 623 | Reward -300.00 | Epsilon 0.0100
Seed 4 | Episode 624 | Reward -300.00 | Epsilon 0.0100
Seed 4 | Episode 625 | Reward -300.00 | Epsilon 0.0100
Seed 4 | Episode 626 | Reward -300.00 | Epsilon 0.0100
Seed 4 | Episode 627 | Reward -300.00 | Epsilon 0.0100
Seed 4 | Episode 628 | Reward -300.00 | Epsilon 0.0100
Seed 4 | Episode 629 | Reward -300.00 | Epsilon 0.0100
Seed 4 | Episode 630 | Reward -300.00 | Epsilon 0.0100
Seed 4 | Episode 631 | Reward -300.00 | Epsilon 0.0100
Seed 4 | Episode 632 | Reward -300.00 | Epsilon 0.0100
Seed 4 | Episode 633 | Reward -300.00 | Epsilon 0.0100
Seed 4 | Episode 634 | Reward -300.00 | Epsilon 0.0100
Seed 4 | Episode 635 | Reward -300.00 | Epsilon 0.0100
Seed 4 | Episode 636 | Reward -300.00 | Epsilon 0.0100
Seed 4 | Episode 637 | Reward -300.00 | Epsilon 0.0100
Seed 4 | Episode 638 | Reward -300.00 | Epsilon 0.0100
Seed 4 | Episode 639 | Reward -300.00 | Epsilon 0.0100
Seed 4 | Episode 640 | Reward -300.00 | Epsilon 0.0100
Seed 4 | Episode 641 | Reward -300.00 | Epsilon 0.0100
Seed 4 | Episode 642 | Reward -300.00 | Epsilon 0.0100
Seed 4 | Episode 643 | Reward -300.00 | Epsilon 0.0100
Seed 4 | Episode 644 | Reward -300.00 | Epsilon 0.0100
Seed 4 | Episode 645 | Reward -300.00 | Epsilon 0.0100
Seed 4 | Episode 646 | Reward -300.00 | Epsilon 0.0100
Seed 4 | Episode 647 | Reward -300.00 | Epsilon 0.0100
Seed 4 | Episode 648 | Reward -300.00 | Epsilon 0.0100
Seed 4 | Episode 649 | Reward -300.00 | Epsilon 0.0100
Seed 4 | Episode 650 | Reward -300.00 | Epsilon 0.0100
Seed 4 | Episode 651 | Reward -300.00 | Epsilon 0.0100
Seed 4 | Episode 652 | Reward -300.00 | Epsilon 0.0100
Seed 4 | Episode 653 | Reward -300.00 | Epsilon 0.0100
Seed 4 | Episode 654 | Reward -300.00 | Epsilon 0.0100
Seed 4 | Episode 655 | Reward -300.00 | Epsilon 0.0100
Seed 4 | Episode 656 | Reward -300.00 | Epsilon 0.0100
Seed 4 | Episode 657 | Reward -300.00 | Epsilon 0.0100
Seed 4 | Episode 658 | Reward -300.00 | Epsilon 0.0100
Seed 4 | Episode 659 | Reward -300.00 | Epsilon 0.0100
Seed 4 | Episode 660 | Reward -300.00 | Epsilon 0.0100
Seed 4 | Episode 661 | Reward -300.00 | Epsilon 0.0100
Seed 4 | Episode 662 | Reward -300.00 | Epsilon 0.0100
Seed 4 | Episode 663 | Reward -300.00 | Epsilon 0.0100
Seed 4 | Episode 664 | Reward -300.00 | Epsilon 0.0100
Seed 4 | Episode 665 | Reward -300.00 | Epsilon 0.0100
Seed 4 | Episode 666 | Reward -300.00 | Epsilon 0.0100
Seed 4 | Episode 667 | Reward -300.00 | Epsilon 0.0100
Seed 4 | Episode 668 | Reward -300.00 | Epsilon 0.0100
Seed 4 | Episode 669 | Reward -300.00 | Epsilon 0.0100
Seed 4 | Episode 670 | Reward -300.00 | Epsilon 0.0100
Seed 4 | Episode 671 | Reward -300.00 | Epsilon 0.0100
Seed 4 | Episode 672 | Reward -300.00 | Epsilon 0.0100
Seed 4 | Episode 673 | Reward -300.00 | Epsilon 0.0100
Seed 4 | Episode 674 | Reward -300.00 | Epsilon 0.0100
Seed 4 | Episode 675 | Reward -300.00 | Epsilon 0.0100
Seed 4 | Episode 676 | Reward -300.00 | Epsilon 0.0100
Seed 4 | Episode 677 | Reward -300.00 | Epsilon 0.0100
Seed 4 | Episode 678 | Reward -300.00 | Epsilon 0.0100
Seed 4 | Episode 679 | Reward -300.00 | Epsilon 0.0100
Seed 4 | Episode 680 | Reward -300.00 | Epsilon 0.0100
Seed 4 | Episode 681 | Reward -300.00 | Epsilon 0.0100
Seed 4 | Episode 682 | Reward -300.00 | Epsilon 0.0100
Seed 4 | Episode 683 | Reward -300.00 | Epsilon 0.0100
Seed 4 | Episode 684 | Reward -300.00 | Epsilon 0.0100
Seed 4 | Episode 685 | Reward -300.00 | Epsilon 0.0100
Seed 4 | Episode 686 | Reward -300.00 | Epsilon 0.0100
Seed 4 | Episode 687 | Reward -300.00 | Epsilon 0.0100
Seed 4 | Episode 688 | Reward -300.00 | Epsilon 0.0100
Seed 4 | Episode 689 | Reward -300.00 | Epsilon 0.0100
Seed 4 | Episode 690 | Reward -300.00 | Epsilon 0.0100
Seed 4 | Episode 691 | Reward -300.00 | Epsilon 0.0100
Seed 4 | Episode 692 | Reward -300.00 | Epsilon 0.0100
Seed 4 | Episode 693 | Reward -300.00 | Epsilon 0.0100
Seed 4 | Episode 694 | Reward -300.00 | Epsilon 0.0100
Seed 4 | Episode 695 | Reward -300.00 | Epsilon 0.0100
Seed 4 | Episode 696 | Reward -300.00 | Epsilon 0.0100
Seed 4 | Episode 697 | Reward -300.00 | Epsilon 0.0100
Seed 4 | Episode 698 | Reward -300.00 | Epsilon 0.0100
Seed 4 | Episode 699 | Reward -300.00 | Epsilon 0.0100
Seed 4 | Episode 700 | Reward -300.00 | Epsilon 0.0100
Seed 4 | Episode 701 | Reward -300.00 | Epsilon 0.0100
Seed 4 | Episode 702 | Reward -300.00 | Epsilon 0.0100
Seed 4 | Episode 703 | Reward -300.00 | Epsilon 0.0100
Seed 4 | Episode 704 | Reward -300.00 | Epsilon 0.0100
Seed 4 | Episode 705 | Reward -300.00 | Epsilon 0.0100
Seed 4 | Episode 706 | Reward -300.00 | Epsilon 0.0100
Seed 4 | Episode 707 | Reward -300.00 | Epsilon 0.0100
Seed 4 | Episode 708 | Reward -300.00 | Epsilon 0.0100
Seed 4 | Episode 709 | Reward -300.00 | Epsilon 0.0100
Seed 4 | Episode 710 | Reward -300.00 | Epsilon 0.0100
Seed 4 | Episode 711 | Reward -300.00 | Epsilon 0.0100
Seed 4 | Episode 712 | Reward -300.00 | Epsilon 0.0100
Seed 4 | Episode 713 | Reward -300.00 | Epsilon 0.0100
Seed 4 | Episode 714 | Reward -300.00 | Epsilon 0.0100
Seed 4 | Episode 715 | Reward -300.00 | Epsilon 0.0100
Seed 4 | Episode 716 | Reward -300.00 | Epsilon 0.0100
Seed 4 | Episode 717 | Reward -300.00 | Epsilon 0.0100
Seed 4 | Episode 718 | Reward -300.00 | Epsilon 0.0100
Seed 4 | Episode 719 | Reward -300.00 | Epsilon 0.0100
Seed 4 | Episode 720 | Reward -300.00 | Epsilon 0.0100
Seed 4 | Episode 721 | Reward -300.00 | Epsilon 0.0100
Seed 4 | Episode 722 | Reward -300.00 | Epsilon 0.0100
Seed 4 | Episode 723 | Reward -300.00 | Epsilon 0.0100
Seed 4 | Episode 724 | Reward -300.00 | Epsilon 0.0100
Seed 4 | Episode 725 | Reward -300.00 | Epsilon 0.0100
Seed 4 | Episode 726 | Reward -300.00 | Epsilon 0.0100
Seed 4 | Episode 727 | Reward -300.00 | Epsilon 0.0100
Seed 4 | Episode 728 | Reward -300.00 | Epsilon 0.0100
Seed 4 | Episode 729 | Reward -300.00 | Epsilon 0.0100
Seed 4 | Episode 730 | Reward -300.00 | Epsilon 0.0100
Seed 4 | Episode 731 | Reward -300.00 | Epsilon 0.0100
Seed 4 | Episode 732 | Reward -300.00 | Epsilon 0.0100
Seed 4 | Episode 733 | Reward -300.00 | Epsilon 0.0100
Seed 4 | Episode 734 | Reward -300.00 | Epsilon 0.0100
Seed 4 | Episode 735 | Reward -300.00 | Epsilon 0.0100
Seed 4 | Episode 736 | Reward -300.00 | Epsilon 0.0100
Seed 4 | Episode 737 | Reward -300.00 | Epsilon 0.0100
Seed 4 | Episode 738 | Reward -300.00 | Epsilon 0.0100
Seed 4 | Episode 739 | Reward -300.00 | Epsilon 0.0100
Seed 4 | Episode 740 | Reward -300.00 | Epsilon 0.0100
Seed 4 | Episode 741 | Reward -300.00 | Epsilon 0.0100
Seed 4 | Episode 742 | Reward -300.00 | Epsilon 0.0100
Seed 4 | Episode 743 | Reward -300.00 | Epsilon 0.0100
Seed 4 | Episode 744 | Reward -300.00 | Epsilon 0.0100
Seed 4 | Episode 745 | Reward -300.00 | Epsilon 0.0100
Seed 4 | Episode 746 | Reward -300.00 | Epsilon 0.0100
Seed 4 | Episode 747 | Reward -300.00 | Epsilon 0.0100
Seed 4 | Episode 748 | Reward -300.00 | Epsilon 0.0100
Seed 4 | Episode 749 | Reward -300.00 | Epsilon 0.0100
Seed 4 | Episode 750 | Reward -300.00 | Epsilon 0.0100
Seed 4 | Episode 751 | Reward -300.00 | Epsilon 0.0100
Seed 4 | Episode 752 | Reward -300.00 | Epsilon 0.0100
Seed 4 | Episode 753 | Reward -300.00 | Epsilon 0.0100
Seed 4 | Episode 754 | Reward -300.00 | Epsilon 0.0100
Seed 4 | Episode 755 | Reward -300.00 | Epsilon 0.0100
Seed 4 | Episode 756 | Reward -300.00 | Epsilon 0.0100
Seed 4 | Episode 757 | Reward -300.00 | Epsilon 0.0100
Seed 4 | Episode 758 | Reward -300.00 | Epsilon 0.0100
Seed 4 | Episode 759 | Reward -300.00 | Epsilon 0.0100
Seed 4 | Episode 760 | Reward -300.00 | Epsilon 0.0100
Seed 4 | Episode 761 | Reward -300.00 | Epsilon 0.0100
Seed 4 | Episode 762 | Reward -300.00 | Epsilon 0.0100
Seed 4 | Episode 763 | Reward -300.00 | Epsilon 0.0100
Seed 4 | Episode 764 | Reward -300.00 | Epsilon 0.0100
Seed 4 | Episode 765 | Reward -300.00 | Epsilon 0.0100
Seed 4 | Episode 766 | Reward -300.00 | Epsilon 0.0100
Seed 4 | Episode 767 | Reward -300.00 | Epsilon 0.0100
Seed 4 | Episode 768 | Reward -300.00 | Epsilon 0.0100
Seed 4 | Episode 769 | Reward -300.00 | Epsilon 0.0100
Seed 4 | Episode 770 | Reward -300.00 | Epsilon 0.0100
Seed 4 | Episode 771 | Reward -300.00 | Epsilon 0.0100
Seed 4 | Episode 772 | Reward -300.00 | Epsilon 0.0100
Seed 4 | Episode 773 | Reward -300.00 | Epsilon 0.0100
Seed 4 | Episode 774 | Reward -300.00 | Epsilon 0.0100
Seed 4 | Episode 775 | Reward -300.00 | Epsilon 0.0100
Seed 4 | Episode 776 | Reward -300.00 | Epsilon 0.0100
Seed 4 | Episode 777 | Reward -300.00 | Epsilon 0.0100
Seed 4 | Episode 778 | Reward -300.00 | Epsilon 0.0100
Seed 4 | Episode 779 | Reward -300.00 | Epsilon 0.0100
Seed 4 | Episode 780 | Reward -300.00 | Epsilon 0.0100
Seed 4 | Episode 781 | Reward -300.00 | Epsilon 0.0100
Seed 4 | Episode 782 | Reward -300.00 | Epsilon 0.0100
Seed 4 | Episode 783 | Reward -300.00 | Epsilon 0.0100
Seed 4 | Episode 784 | Reward -300.00 | Epsilon 0.0100
Seed 4 | Episode 785 | Reward -300.00 | Epsilon 0.0100
Seed 4 | Episode 786 | Reward -300.00 | Epsilon 0.0100
Seed 4 | Episode 787 | Reward -300.00 | Epsilon 0.0100
Seed 4 | Episode 788 | Reward -300.00 | Epsilon 0.0100
Seed 4 | Episode 789 | Reward -300.00 | Epsilon 0.0100
Seed 4 | Episode 790 | Reward -300.00 | Epsilon 0.0100
Seed 4 | Episode 791 | Reward -300.00 | Epsilon 0.0100
Seed 4 | Episode 792 | Reward -300.00 | Epsilon 0.0100
Seed 4 | Episode 793 | Reward -300.00 | Epsilon 0.0100
Seed 4 | Episode 794 | Reward -300.00 | Epsilon 0.0100
Seed 4 | Episode 795 | Reward -300.00 | Epsilon 0.0100
Seed 4 | Episode 796 | Reward -300.00 | Epsilon 0.0100
Seed 4 | Episode 797 | Reward -300.00 | Epsilon 0.0100
Seed 4 | Episode 798 | Reward -300.00 | Epsilon 0.0100
Seed 4 | Episode 799 | Reward -300.00 | Epsilon 0.0100
Seed 4 | Episode 800 | Reward -300.00 | Epsilon 0.0100
Seed 4 | Episode 801 | Reward -300.00 | Epsilon 0.0100
Seed 4 | Episode 802 | Reward -300.00 | Epsilon 0.0100
Seed 4 | Episode 803 | Reward -300.00 | Epsilon 0.0100
Seed 4 | Episode 804 | Reward -300.00 | Epsilon 0.0100
Seed 4 | Episode 805 | Reward -300.00 | Epsilon 0.0100
Seed 4 | Episode 806 | Reward -300.00 | Epsilon 0.0100
Seed 4 | Episode 807 | Reward -300.00 | Epsilon 0.0100
Seed 4 | Episode 808 | Reward -300.00 | Epsilon 0.0100
Seed 4 | Episode 809 | Reward -300.00 | Epsilon 0.0100
Seed 4 | Episode 810 | Reward -300.00 | Epsilon 0.0100
Seed 4 | Episode 811 | Reward -300.00 | Epsilon 0.0100
Seed 4 | Episode 812 | Reward -300.00 | Epsilon 0.0100
Seed 4 | Episode 813 | Reward -300.00 | Epsilon 0.0100
Seed 4 | Episode 814 | Reward -300.00 | Epsilon 0.0100
Seed 4 | Episode 815 | Reward -300.00 | Epsilon 0.0100
Seed 4 | Episode 816 | Reward -300.00 | Epsilon 0.0100
Seed 4 | Episode 817 | Reward -300.00 | Epsilon 0.0100
Seed 4 | Episode 818 | Reward -300.00 | Epsilon 0.0100
Seed 4 | Episode 819 | Reward -300.00 | Epsilon 0.0100
Seed 4 | Episode 820 | Reward -300.00 | Epsilon 0.0100
Seed 4 | Episode 821 | Reward -300.00 | Epsilon 0.0100
Seed 4 | Episode 822 | Reward -300.00 | Epsilon 0.0100
Seed 4 | Episode 823 | Reward -300.00 | Epsilon 0.0100
Seed 4 | Episode 824 | Reward -300.00 | Epsilon 0.0100
Seed 4 | Episode 825 | Reward -300.00 | Epsilon 0.0100
Seed 4 | Episode 826 | Reward -300.00 | Epsilon 0.0100
Seed 4 | Episode 827 | Reward -300.00 | Epsilon 0.0100
Seed 4 | Episode 828 | Reward -300.00 | Epsilon 0.0100
Seed 4 | Episode 829 | Reward -300.00 | Epsilon 0.0100
Seed 4 | Episode 830 | Reward -300.00 | Epsilon 0.0100
Seed 4 | Episode 831 | Reward -300.00 | Epsilon 0.0100
Seed 4 | Episode 832 | Reward -300.00 | Epsilon 0.0100
Seed 4 | Episode 833 | Reward -300.00 | Epsilon 0.0100
Seed 4 | Episode 834 | Reward -300.00 | Epsilon 0.0100
Seed 4 | Episode 835 | Reward -300.00 | Epsilon 0.0100
Seed 4 | Episode 836 | Reward -300.00 | Epsilon 0.0100
Seed 4 | Episode 837 | Reward -300.00 | Epsilon 0.0100
Seed 4 | Episode 838 | Reward -300.00 | Epsilon 0.0100
Seed 4 | Episode 839 | Reward -300.00 | Epsilon 0.0100
Seed 4 | Episode 840 | Reward -300.00 | Epsilon 0.0100
Seed 4 | Episode 841 | Reward -300.00 | Epsilon 0.0100
Seed 4 | Episode 842 | Reward -300.00 | Epsilon 0.0100
Seed 4 | Episode 843 | Reward -300.00 | Epsilon 0.0100
Seed 4 | Episode 844 | Reward -300.00 | Epsilon 0.0100
Seed 4 | Episode 845 | Reward -300.00 | Epsilon 0.0100
Seed 4 | Episode 846 | Reward -300.00 | Epsilon 0.0100
Seed 4 | Episode 847 | Reward -300.00 | Epsilon 0.0100
Seed 4 | Episode 848 | Reward -300.00 | Epsilon 0.0100
Seed 4 | Episode 849 | Reward -300.00 | Epsilon 0.0100
Seed 4 | Episode 850 | Reward -300.00 | Epsilon 0.0100
Seed 4 | Episode 851 | Reward -300.00 | Epsilon 0.0100
Seed 4 | Episode 852 | Reward -300.00 | Epsilon 0.0100
Seed 4 | Episode 853 | Reward -300.00 | Epsilon 0.0100
Seed 4 | Episode 854 | Reward -300.00 | Epsilon 0.0100
Seed 4 | Episode 855 | Reward -300.00 | Epsilon 0.0100
Seed 4 | Episode 856 | Reward -300.00 | Epsilon 0.0100
Seed 4 | Episode 857 | Reward -300.00 | Epsilon 0.0100
Seed 4 | Episode 858 | Reward -300.00 | Epsilon 0.0100
Seed 4 | Episode 859 | Reward -300.00 | Epsilon 0.0100
Seed 4 | Episode 860 | Reward -300.00 | Epsilon 0.0100
Seed 4 | Episode 861 | Reward -300.00 | Epsilon 0.0100
Seed 4 | Episode 862 | Reward -300.00 | Epsilon 0.0100
Seed 4 | Episode 863 | Reward -300.00 | Epsilon 0.0100
Seed 4 | Episode 864 | Reward -300.00 | Epsilon 0.0100
Seed 4 | Episode 865 | Reward -300.00 | Epsilon 0.0100
Seed 4 | Episode 866 | Reward -300.00 | Epsilon 0.0100
Seed 4 | Episode 867 | Reward -300.00 | Epsilon 0.0100
Seed 4 | Episode 868 | Reward -300.00 | Epsilon 0.0100
Seed 4 | Episode 869 | Reward -300.00 | Epsilon 0.0100
Seed 4 | Episode 870 | Reward -300.00 | Epsilon 0.0100
Seed 4 | Episode 871 | Reward -300.00 | Epsilon 0.0100
Seed 4 | Episode 872 | Reward -300.00 | Epsilon 0.0100
Seed 4 | Episode 873 | Reward -300.00 | Epsilon 0.0100
Seed 4 | Episode 874 | Reward -300.00 | Epsilon 0.0100
Seed 4 | Episode 875 | Reward -300.00 | Epsilon 0.0100
Seed 4 | Episode 876 | Reward -300.00 | Epsilon 0.0100
Seed 4 | Episode 877 | Reward -300.00 | Epsilon 0.0100
Seed 4 | Episode 878 | Reward -300.00 | Epsilon 0.0100
Seed 4 | Episode 879 | Reward -300.00 | Epsilon 0.0100
Seed 4 | Episode 880 | Reward -300.00 | Epsilon 0.0100
Seed 4 | Episode 881 | Reward -300.00 | Epsilon 0.0100
Seed 4 | Episode 882 | Reward -300.00 | Epsilon 0.0100
Seed 4 | Episode 883 | Reward -300.00 | Epsilon 0.0100
Seed 4 | Episode 884 | Reward -300.00 | Epsilon 0.0100
Seed 4 | Episode 885 | Reward -300.00 | Epsilon 0.0100
Seed 4 | Episode 886 | Reward -300.00 | Epsilon 0.0100
Seed 4 | Episode 887 | Reward -300.00 | Epsilon 0.0100
Seed 4 | Episode 888 | Reward -300.00 | Epsilon 0.0100
Seed 4 | Episode 889 | Reward -300.00 | Epsilon 0.0100
Seed 4 | Episode 890 | Reward -300.00 | Epsilon 0.0100
Seed 4 | Episode 891 | Reward -300.00 | Epsilon 0.0100
Seed 4 | Episode 892 | Reward -300.00 | Epsilon 0.0100
Seed 4 | Episode 893 | Reward -300.00 | Epsilon 0.0100
Seed 4 | Episode 894 | Reward -300.00 | Epsilon 0.0100
Seed 4 | Episode 895 | Reward -300.00 | Epsilon 0.0100
Seed 4 | Episode 896 | Reward -300.00 | Epsilon 0.0100
Seed 4 | Episode 897 | Reward -300.00 | Epsilon 0.0100
Seed 4 | Episode 898 | Reward -300.00 | Epsilon 0.0100
Seed 4 | Episode 899 | Reward -300.00 | Epsilon 0.0100
Seed 4 | Episode 900 | Reward -300.00 | Epsilon 0.0100
Seed 4 | Episode 901 | Reward -300.00 | Epsilon 0.0100
Seed 4 | Episode 902 | Reward -300.00 | Epsilon 0.0100
Seed 4 | Episode 903 | Reward -300.00 | Epsilon 0.0100
Seed 4 | Episode 904 | Reward -300.00 | Epsilon 0.0100
Seed 4 | Episode 905 | Reward -300.00 | Epsilon 0.0100
Seed 4 | Episode 906 | Reward -300.00 | Epsilon 0.0100
Seed 4 | Episode 907 | Reward -300.00 | Epsilon 0.0100
Seed 4 | Episode 908 | Reward -300.00 | Epsilon 0.0100
Seed 4 | Episode 909 | Reward -300.00 | Epsilon 0.0100
Seed 4 | Episode 910 | Reward -300.00 | Epsilon 0.0100
Seed 4 | Episode 911 | Reward -300.00 | Epsilon 0.0100
Seed 4 | Episode 912 | Reward -300.00 | Epsilon 0.0100
Seed 4 | Episode 913 | Reward -300.00 | Epsilon 0.0100
Seed 4 | Episode 914 | Reward -300.00 | Epsilon 0.0100
Seed 4 | Episode 915 | Reward -300.00 | Epsilon 0.0100
Seed 4 | Episode 916 | Reward -300.00 | Epsilon 0.0100
Seed 4 | Episode 917 | Reward -300.00 | Epsilon 0.0100
Seed 4 | Episode 918 | Reward -300.00 | Epsilon 0.0100
Seed 4 | Episode 919 | Reward -300.00 | Epsilon 0.0100
Seed 4 | Episode 920 | Reward -300.00 | Epsilon 0.0100
Seed 4 | Episode 921 | Reward -300.00 | Epsilon 0.0100
Seed 4 | Episode 922 | Reward -300.00 | Epsilon 0.0100
Seed 4 | Episode 923 | Reward -300.00 | Epsilon 0.0100
Seed 4 | Episode 924 | Reward -300.00 | Epsilon 0.0100
Seed 4 | Episode 925 | Reward -300.00 | Epsilon 0.0100
Seed 4 | Episode 926 | Reward -300.00 | Epsilon 0.0100
Seed 4 | Episode 927 | Reward -300.00 | Epsilon 0.0100
Seed 4 | Episode 928 | Reward -300.00 | Epsilon 0.0100
Seed 4 | Episode 929 | Reward -300.00 | Epsilon 0.0100
Seed 4 | Episode 930 | Reward -300.00 | Epsilon 0.0100
Seed 4 | Episode 931 | Reward -300.00 | Epsilon 0.0100
Seed 4 | Episode 932 | Reward -300.00 | Epsilon 0.0100
Seed 4 | Episode 933 | Reward -300.00 | Epsilon 0.0100
Seed 4 | Episode 934 | Reward -300.00 | Epsilon 0.0100
Seed 4 | Episode 935 | Reward -300.00 | Epsilon 0.0100
Seed 4 | Episode 936 | Reward -300.00 | Epsilon 0.0100
Seed 4 | Episode 937 | Reward -300.00 | Epsilon 0.0100
Seed 4 | Episode 938 | Reward -300.00 | Epsilon 0.0100
Seed 4 | Episode 939 | Reward -300.00 | Epsilon 0.0100
Seed 4 | Episode 940 | Reward -300.00 | Epsilon 0.0100
Seed 4 | Episode 941 | Reward -300.00 | Epsilon 0.0100
Seed 4 | Episode 942 | Reward -300.00 | Epsilon 0.0100
Seed 4 | Episode 943 | Reward -300.00 | Epsilon 0.0100
Seed 4 | Episode 944 | Reward -300.00 | Epsilon 0.0100
Seed 4 | Episode 945 | Reward -300.00 | Epsilon 0.0100
Seed 4 | Episode 946 | Reward -300.00 | Epsilon 0.0100
Seed 4 | Episode 947 | Reward -300.00 | Epsilon 0.0100
Seed 4 | Episode 948 | Reward -300.00 | Epsilon 0.0100
Seed 4 | Episode 949 | Reward -300.00 | Epsilon 0.0100
Seed 4 | Episode 950 | Reward -300.00 | Epsilon 0.0100
Seed 4 | Episode 951 | Reward -300.00 | Epsilon 0.0100
Seed 4 | Episode 952 | Reward -300.00 | Epsilon 0.0100
Seed 4 | Episode 953 | Reward -300.00 | Epsilon 0.0100
Seed 4 | Episode 954 | Reward -300.00 | Epsilon 0.0100
Seed 4 | Episode 955 | Reward -300.00 | Epsilon 0.0100
Seed 4 | Episode 956 | Reward -300.00 | Epsilon 0.0100
Seed 4 | Episode 957 | Reward -300.00 | Epsilon 0.0100
Seed 4 | Episode 958 | Reward -300.00 | Epsilon 0.0100
Seed 4 | Episode 959 | Reward -300.00 | Epsilon 0.0100
Seed 4 | Episode 960 | Reward -300.00 | Epsilon 0.0100
Seed 4 | Episode 961 | Reward -300.00 | Epsilon 0.0100
Seed 4 | Episode 962 | Reward -300.00 | Epsilon 0.0100
Seed 4 | Episode 963 | Reward -300.00 | Epsilon 0.0100
Seed 4 | Episode 964 | Reward -300.00 | Epsilon 0.0100
Seed 4 | Episode 965 | Reward -300.00 | Epsilon 0.0100
Seed 4 | Episode 966 | Reward -300.00 | Epsilon 0.0100
Seed 4 | Episode 967 | Reward -300.00 | Epsilon 0.0100
Seed 4 | Episode 968 | Reward -300.00 | Epsilon 0.0100
Seed 4 | Episode 969 | Reward -300.00 | Epsilon 0.0100
Seed 4 | Episode 970 | Reward -300.00 | Epsilon 0.0100
Seed 4 | Episode 971 | Reward -300.00 | Epsilon 0.0100
Seed 4 | Episode 972 | Reward -300.00 | Epsilon 0.0100
Seed 4 | Episode 973 | Reward -300.00 | Epsilon 0.0100
Seed 4 | Episode 974 | Reward -300.00 | Epsilon 0.0100
Seed 4 | Episode 975 | Reward -300.00 | Epsilon 0.0100
Seed 4 | Episode 976 | Reward -300.00 | Epsilon 0.0100
Seed 4 | Episode 977 | Reward -300.00 | Epsilon 0.0100
Seed 4 | Episode 978 | Reward -300.00 | Epsilon 0.0100
Seed 4 | Episode 979 | Reward -300.00 | Epsilon 0.0100
Seed 4 | Episode 980 | Reward -300.00 | Epsilon 0.0100
Seed 4 | Episode 981 | Reward -300.00 | Epsilon 0.0100
Seed 4 | Episode 982 | Reward -300.00 | Epsilon 0.0100
Seed 4 | Episode 983 | Reward -300.00 | Epsilon 0.0100
Seed 4 | Episode 984 | Reward -300.00 | Epsilon 0.0100
Seed 4 | Episode 985 | Reward -300.00 | Epsilon 0.0100
Seed 4 | Episode 986 | Reward -300.00 | Epsilon 0.0100
Seed 4 | Episode 987 | Reward -300.00 | Epsilon 0.0100
Seed 4 | Episode 988 | Reward -300.00 | Epsilon 0.0100
Seed 4 | Episode 989 | Reward -300.00 | Epsilon 0.0100
Seed 4 | Episode 990 | Reward -300.00 | Epsilon 0.0100
Seed 4 | Episode 991 | Reward -300.00 | Epsilon 0.0100
Seed 4 | Episode 992 | Reward -300.00 | Epsilon 0.0100
Seed 4 | Episode 993 | Reward -300.00 | Epsilon 0.0100
Seed 4 | Episode 994 | Reward -300.00 | Epsilon 0.0100
Seed 4 | Episode 995 | Reward -300.00 | Epsilon 0.0100
Seed 4 | Episode 996 | Reward -300.00 | Epsilon 0.0100
Seed 4 | Episode 997 | Reward -300.00 | Epsilon 0.0100
Seed 4 | Episode 998 | Reward -300.00 | Epsilon 0.0100
Seed 4 | Episode 999 | Reward -300.00 | Epsilon 0.0100
Finished seed 4
