starting job
Sun Dec  7 19:44:34 2025       
+-----------------------------------------------------------------------------------------+
| NVIDIA-SMI 580.65.06              Driver Version: 580.65.06      CUDA Version: 13.0     |
+-----------------------------------------+------------------------+----------------------+
| GPU  Name                 Persistence-M | Bus-Id          Disp.A | Volatile Uncorr. ECC |
| Fan  Temp   Perf          Pwr:Usage/Cap |           Memory-Usage | GPU-Util  Compute M. |
|                                         |                        |               MIG M. |
|=========================================+========================+======================|
|   0  NVIDIA H100 80GB HBM3          On  |   00000000:06:00.0 Off |                   On |
| N/A   24C    P0             68W /  700W |     167MiB /  81559MiB |     N/A      Default |
|                                         |                        |              Enabled |
+-----------------------------------------+------------------------+----------------------+

+-----------------------------------------------------------------------------------------+
| MIG devices:                                                                            |
+------------------+----------------------------------+-----------+-----------------------+
| GPU  GI  CI  MIG |              Shared Memory-Usage |        Vol|        Shared         |
|      ID  ID  Dev |                Shared BAR1-Usage | SM     Unc| CE ENC  DEC  OFA  JPG |
|                  |                                  |        ECC|                       |
|==================+==================================+===========+=======================|
|  0    9   0   0  |              15MiB /  9984MiB    | 16      0 |  1   0    1    0    1 |
|                  |               0MiB /  6185MiB    |           |                       |
+------------------+----------------------------------+-----------+-----------------------+

+-----------------------------------------------------------------------------------------+
| Processes:                                                                              |
|  GPU   GI   CI              PID   Type   Process name                        GPU Memory |
|        ID   ID                                                               Usage      |
|=========================================================================================|
|  No running processes found                                                             |
+-----------------------------------------------------------------------------------------+
Running seed 6
Gym has been unmaintained since 2022 and does not support NumPy 2.0 amongst other critical functionality.
Please upgrade to Gymnasium, the maintained drop-in replacement of Gym, or contact the authors of your software and request that they upgrade.
Users of this version of Gym should be able to simply replace 'import gym' with 'import gymnasium as gym' in the vast majority of cases.
See the migration guide at https://gymnasium.farama.org/introduction/migration_guide/ for additional information.
Seed 6 | Episode 0 | Reward -300.00 | Epsilon 0.9987
Seed 6 | Episode 1 | Reward -300.00 | Epsilon 0.9897
Seed 6 | Episode 2 | Reward 53.00 | Epsilon 0.9883
Seed 6 | Episode 3 | Reward -300.00 | Epsilon 0.9794
Seed 6 | Episode 4 | Reward -300.00 | Epsilon 0.9706
Seed 6 | Episode 5 | Reward -300.00 | Epsilon 0.9620
Seed 6 | Episode 6 | Reward -300.00 | Epsilon 0.9533
Seed 6 | Episode 7 | Reward -300.00 | Epsilon 0.9448
Seed 6 | Episode 8 | Reward -300.00 | Epsilon 0.9363
Seed 6 | Episode 9 | Reward -300.00 | Epsilon 0.9279
Seed 6 | Episode 10 | Reward -300.00 | Epsilon 0.9196
Seed 6 | Episode 11 | Reward -300.00 | Epsilon 0.9114
Seed 6 | Episode 12 | Reward -300.00 | Epsilon 0.9032
Seed 6 | Episode 13 | Reward -300.00 | Epsilon 0.8951
Seed 6 | Episode 14 | Reward -300.00 | Epsilon 0.8871
Seed 6 | Episode 15 | Reward -300.00 | Epsilon 0.8792
Seed 6 | Episode 16 | Reward -300.00 | Epsilon 0.8713
Seed 6 | Episode 17 | Reward -300.00 | Epsilon 0.8635
Seed 6 | Episode 18 | Reward -300.00 | Epsilon 0.8557
Seed 6 | Episode 19 | Reward -300.00 | Epsilon 0.8481
Seed 6 | Episode 20 | Reward -300.00 | Epsilon 0.8405
Seed 6 | Episode 21 | Reward -300.00 | Epsilon 0.8329
Seed 6 | Episode 22 | Reward -300.00 | Epsilon 0.8255
Seed 6 | Episode 23 | Reward -300.00 | Epsilon 0.8181
Seed 6 | Episode 24 | Reward -300.00 | Epsilon 0.8108
Seed 6 | Episode 25 | Reward -300.00 | Epsilon 0.8035
Seed 6 | Episode 26 | Reward -300.00 | Epsilon 0.7963
Seed 6 | Episode 27 | Reward -300.00 | Epsilon 0.7892
Seed 6 | Episode 28 | Reward -300.00 | Epsilon 0.7821
Seed 6 | Episode 29 | Reward -300.00 | Epsilon 0.7751
Seed 6 | Episode 30 | Reward -300.00 | Epsilon 0.7681
Seed 6 | Episode 31 | Reward -300.00 | Epsilon 0.7612
Seed 6 | Episode 32 | Reward -300.00 | Epsilon 0.7544
Seed 6 | Episode 33 | Reward -300.00 | Epsilon 0.7477
Seed 6 | Episode 34 | Reward -300.00 | Epsilon 0.7410
Seed 6 | Episode 35 | Reward -300.00 | Epsilon 0.7343
Seed 6 | Episode 36 | Reward -300.00 | Epsilon 0.7278
Seed 6 | Episode 37 | Reward -300.00 | Epsilon 0.7212
Seed 6 | Episode 38 | Reward -300.00 | Epsilon 0.7148
Seed 6 | Episode 39 | Reward -300.00 | Epsilon 0.7084
Seed 6 | Episode 40 | Reward -300.00 | Epsilon 0.7020
Seed 6 | Episode 41 | Reward -300.00 | Epsilon 0.6957
Seed 6 | Episode 42 | Reward -300.00 | Epsilon 0.6895
Seed 6 | Episode 43 | Reward -300.00 | Epsilon 0.6833
Seed 6 | Episode 44 | Reward -300.00 | Epsilon 0.6772
Seed 6 | Episode 45 | Reward -300.00 | Epsilon 0.6711
Seed 6 | Episode 46 | Reward -300.00 | Epsilon 0.6651
Seed 6 | Episode 47 | Reward -300.00 | Epsilon 0.6592
Seed 6 | Episode 48 | Reward -300.00 | Epsilon 0.6532
Seed 6 | Episode 49 | Reward -300.00 | Epsilon 0.6474
Seed 6 | Episode 50 | Reward -300.00 | Epsilon 0.6416
Seed 6 | Episode 51 | Reward -300.00 | Epsilon 0.6358
Seed 6 | Episode 52 | Reward -300.00 | Epsilon 0.6302
Seed 6 | Episode 53 | Reward -300.00 | Epsilon 0.6245
Seed 6 | Episode 54 | Reward -300.00 | Epsilon 0.6189
Seed 6 | Episode 55 | Reward -300.00 | Epsilon 0.6134
Seed 6 | Episode 56 | Reward -300.00 | Epsilon 0.6079
Seed 6 | Episode 57 | Reward -300.00 | Epsilon 0.6024
Seed 6 | Episode 58 | Reward -300.00 | Epsilon 0.5970
Seed 6 | Episode 59 | Reward -300.00 | Epsilon 0.5917
Seed 6 | Episode 60 | Reward -300.00 | Epsilon 0.5864
Seed 6 | Episode 61 | Reward -300.00 | Epsilon 0.5811
Seed 6 | Episode 62 | Reward -300.00 | Epsilon 0.5759
Seed 6 | Episode 63 | Reward -300.00 | Epsilon 0.5708
Seed 6 | Episode 64 | Reward -300.00 | Epsilon 0.5656
Seed 6 | Episode 65 | Reward -300.00 | Epsilon 0.5606
Seed 6 | Episode 66 | Reward -300.00 | Epsilon 0.5555
Seed 6 | Episode 67 | Reward -300.00 | Epsilon 0.5506
Seed 6 | Episode 68 | Reward -300.00 | Epsilon 0.5456
Seed 6 | Episode 69 | Reward -300.00 | Epsilon 0.5407
Seed 6 | Episode 70 | Reward -300.00 | Epsilon 0.5359
Seed 6 | Episode 71 | Reward -300.00 | Epsilon 0.5311
Seed 6 | Episode 72 | Reward -300.00 | Epsilon 0.5263
Seed 6 | Episode 73 | Reward -300.00 | Epsilon 0.5216
Seed 6 | Episode 74 | Reward -300.00 | Epsilon 0.5170
Seed 6 | Episode 75 | Reward -300.00 | Epsilon 0.5123
Seed 6 | Episode 76 | Reward -300.00 | Epsilon 0.5077
Seed 6 | Episode 77 | Reward -300.00 | Epsilon 0.5032
Seed 6 | Episode 78 | Reward -300.00 | Epsilon 0.4987
Seed 6 | Episode 79 | Reward -300.00 | Epsilon 0.4942
Seed 6 | Episode 80 | Reward -300.00 | Epsilon 0.4898
Seed 6 | Episode 81 | Reward -300.00 | Epsilon 0.4854
Seed 6 | Episode 82 | Reward -300.00 | Epsilon 0.4810
Seed 6 | Episode 83 | Reward -300.00 | Epsilon 0.4767
Seed 6 | Episode 84 | Reward -300.00 | Epsilon 0.4725
Seed 6 | Episode 85 | Reward -300.00 | Epsilon 0.4682
Seed 6 | Episode 86 | Reward -300.00 | Epsilon 0.4640
Seed 6 | Episode 87 | Reward -300.00 | Epsilon 0.4599
Seed 6 | Episode 88 | Reward -300.00 | Epsilon 0.4558
Seed 6 | Episode 89 | Reward -300.00 | Epsilon 0.4517
Seed 6 | Episode 90 | Reward -300.00 | Epsilon 0.4476
Seed 6 | Episode 91 | Reward -300.00 | Epsilon 0.4436
Seed 6 | Episode 92 | Reward -300.00 | Epsilon 0.4396
Seed 6 | Episode 93 | Reward -300.00 | Epsilon 0.4357
Seed 6 | Episode 94 | Reward -300.00 | Epsilon 0.4318
Seed 6 | Episode 95 | Reward -300.00 | Epsilon 0.4279
Seed 6 | Episode 96 | Reward -300.00 | Epsilon 0.4241
Seed 6 | Episode 97 | Reward -300.00 | Epsilon 0.4203
Seed 6 | Episode 98 | Reward -300.00 | Epsilon 0.4165
Seed 6 | Episode 99 | Reward -300.00 | Epsilon 0.4128
Seed 6 | Episode 100 | Reward -300.00 | Epsilon 0.4091
Seed 6 | Episode 101 | Reward -300.00 | Epsilon 0.4054
Seed 6 | Episode 102 | Reward -300.00 | Epsilon 0.4018
Seed 6 | Episode 103 | Reward -300.00 | Epsilon 0.3982
Seed 6 | Episode 104 | Reward -300.00 | Epsilon 0.3946
Seed 6 | Episode 105 | Reward -300.00 | Epsilon 0.3911
Seed 6 | Episode 106 | Reward -300.00 | Epsilon 0.3876
Seed 6 | Episode 107 | Reward -300.00 | Epsilon 0.3841
Seed 6 | Episode 108 | Reward -300.00 | Epsilon 0.3807
Seed 6 | Episode 109 | Reward -300.00 | Epsilon 0.3773
Seed 6 | Episode 110 | Reward -300.00 | Epsilon 0.3739
Seed 6 | Episode 111 | Reward -300.00 | Epsilon 0.3705
Seed 6 | Episode 112 | Reward -300.00 | Epsilon 0.3672
Seed 6 | Episode 113 | Reward -300.00 | Epsilon 0.3639
Seed 6 | Episode 114 | Reward -300.00 | Epsilon 0.3607
Seed 6 | Episode 115 | Reward -300.00 | Epsilon 0.3574
Seed 6 | Episode 116 | Reward -300.00 | Epsilon 0.3542
Seed 6 | Episode 117 | Reward -300.00 | Epsilon 0.3511
Seed 6 | Episode 118 | Reward -300.00 | Epsilon 0.3479
Seed 6 | Episode 119 | Reward -300.00 | Epsilon 0.3448
Seed 6 | Episode 120 | Reward -300.00 | Epsilon 0.3417
Seed 6 | Episode 121 | Reward -300.00 | Epsilon 0.3386
Seed 6 | Episode 122 | Reward -300.00 | Epsilon 0.3356
Seed 6 | Episode 123 | Reward -300.00 | Epsilon 0.3326
Seed 6 | Episode 124 | Reward -300.00 | Epsilon 0.3296
Seed 6 | Episode 125 | Reward -300.00 | Epsilon 0.3267
Seed 6 | Episode 126 | Reward -300.00 | Epsilon 0.3237
Seed 6 | Episode 127 | Reward -300.00 | Epsilon 0.3208
Seed 6 | Episode 128 | Reward -300.00 | Epsilon 0.3180
Seed 6 | Episode 129 | Reward -300.00 | Epsilon 0.3151
Seed 6 | Episode 130 | Reward -300.00 | Epsilon 0.3123
Seed 6 | Episode 131 | Reward -300.00 | Epsilon 0.3095
Seed 6 | Episode 132 | Reward -300.00 | Epsilon 0.3067
Seed 6 | Episode 133 | Reward -300.00 | Epsilon 0.3040
Seed 6 | Episode 134 | Reward -300.00 | Epsilon 0.3013
Seed 6 | Episode 135 | Reward -300.00 | Epsilon 0.2986
Seed 6 | Episode 136 | Reward -300.00 | Epsilon 0.2959
Seed 6 | Episode 137 | Reward -300.00 | Epsilon 0.2932
Seed 6 | Episode 138 | Reward -300.00 | Epsilon 0.2906
Seed 6 | Episode 139 | Reward -300.00 | Epsilon 0.2880
Seed 6 | Episode 140 | Reward -300.00 | Epsilon 0.2854
Seed 6 | Episode 141 | Reward -300.00 | Epsilon 0.2829
Seed 6 | Episode 142 | Reward -300.00 | Epsilon 0.2803
Seed 6 | Episode 143 | Reward -300.00 | Epsilon 0.2778
Seed 6 | Episode 144 | Reward -300.00 | Epsilon 0.2753
Seed 6 | Episode 145 | Reward -300.00 | Epsilon 0.2729
Seed 6 | Episode 146 | Reward -300.00 | Epsilon 0.2704
Seed 6 | Episode 147 | Reward -300.00 | Epsilon 0.2680
Seed 6 | Episode 148 | Reward -300.00 | Epsilon 0.2656
Seed 6 | Episode 149 | Reward -300.00 | Epsilon 0.2632
Seed 6 | Episode 150 | Reward -300.00 | Epsilon 0.2608
Seed 6 | Episode 151 | Reward -300.00 | Epsilon 0.2585
Seed 6 | Episode 152 | Reward -300.00 | Epsilon 0.2562
Seed 6 | Episode 153 | Reward -300.00 | Epsilon 0.2539
Seed 6 | Episode 154 | Reward -300.00 | Epsilon 0.2516
Seed 6 | Episode 155 | Reward -300.00 | Epsilon 0.2494
Seed 6 | Episode 156 | Reward -300.00 | Epsilon 0.2471
Seed 6 | Episode 157 | Reward -300.00 | Epsilon 0.2449
Seed 6 | Episode 158 | Reward -300.00 | Epsilon 0.2427
Seed 6 | Episode 159 | Reward -300.00 | Epsilon 0.2406
Seed 6 | Episode 160 | Reward -300.00 | Epsilon 0.2384
Seed 6 | Episode 161 | Reward -300.00 | Epsilon 0.2363
Seed 6 | Episode 162 | Reward -300.00 | Epsilon 0.2341
Seed 6 | Episode 163 | Reward -300.00 | Epsilon 0.2320
Seed 6 | Episode 164 | Reward -300.00 | Epsilon 0.2300
Seed 6 | Episode 165 | Reward -300.00 | Epsilon 0.2279
Seed 6 | Episode 166 | Reward -300.00 | Epsilon 0.2259
Seed 6 | Episode 167 | Reward -300.00 | Epsilon 0.2238
Seed 6 | Episode 168 | Reward -300.00 | Epsilon 0.2218
Seed 6 | Episode 169 | Reward -300.00 | Epsilon 0.2198
Seed 6 | Episode 170 | Reward -300.00 | Epsilon 0.2179
Seed 6 | Episode 171 | Reward -300.00 | Epsilon 0.2159
Seed 6 | Episode 172 | Reward -300.00 | Epsilon 0.2140
Seed 6 | Episode 173 | Reward -300.00 | Epsilon 0.2121
Seed 6 | Episode 174 | Reward -300.00 | Epsilon 0.2102
Seed 6 | Episode 175 | Reward -300.00 | Epsilon 0.2083
Seed 6 | Episode 176 | Reward -300.00 | Epsilon 0.2064
Seed 6 | Episode 177 | Reward -300.00 | Epsilon 0.2046
Seed 6 | Episode 178 | Reward -300.00 | Epsilon 0.2027
Seed 6 | Episode 179 | Reward -300.00 | Epsilon 0.2009
Seed 6 | Episode 180 | Reward -300.00 | Epsilon 0.1991
Seed 6 | Episode 181 | Reward -300.00 | Epsilon 0.1973
Seed 6 | Episode 182 | Reward -300.00 | Epsilon 0.1956
Seed 6 | Episode 183 | Reward -300.00 | Epsilon 0.1938
Seed 6 | Episode 184 | Reward -300.00 | Epsilon 0.1921
Seed 6 | Episode 185 | Reward -300.00 | Epsilon 0.1904
Seed 6 | Episode 186 | Reward -300.00 | Epsilon 0.1887
Seed 6 | Episode 187 | Reward -300.00 | Epsilon 0.1870
Seed 6 | Episode 188 | Reward -300.00 | Epsilon 0.1853
Seed 6 | Episode 189 | Reward -300.00 | Epsilon 0.1836
Seed 6 | Episode 190 | Reward -300.00 | Epsilon 0.1820
Seed 6 | Episode 191 | Reward -300.00 | Epsilon 0.1804
Seed 6 | Episode 192 | Reward -300.00 | Epsilon 0.1787
Seed 6 | Episode 193 | Reward -300.00 | Epsilon 0.1771
Seed 6 | Episode 194 | Reward -300.00 | Epsilon 0.1756
Seed 6 | Episode 195 | Reward -300.00 | Epsilon 0.1740
Seed 6 | Episode 196 | Reward -300.00 | Epsilon 0.1724
Seed 6 | Episode 197 | Reward -300.00 | Epsilon 0.1709
Seed 6 | Episode 198 | Reward -300.00 | Epsilon 0.1693
Seed 6 | Episode 199 | Reward -300.00 | Epsilon 0.1678
Seed 6 | Episode 200 | Reward -300.00 | Epsilon 0.1663
Seed 6 | Episode 201 | Reward -300.00 | Epsilon 0.1648
Seed 6 | Episode 202 | Reward -300.00 | Epsilon 0.1634
Seed 6 | Episode 203 | Reward -300.00 | Epsilon 0.1619
Seed 6 | Episode 204 | Reward -300.00 | Epsilon 0.1604
Seed 6 | Episode 205 | Reward -300.00 | Epsilon 0.1590
Seed 6 | Episode 206 | Reward -300.00 | Epsilon 0.1576
Seed 6 | Episode 207 | Reward -300.00 | Epsilon 0.1562
Seed 6 | Episode 208 | Reward -300.00 | Epsilon 0.1548
Seed 6 | Episode 209 | Reward -300.00 | Epsilon 0.1534
Seed 6 | Episode 210 | Reward -300.00 | Epsilon 0.1520
Seed 6 | Episode 211 | Reward -300.00 | Epsilon 0.1506
Seed 6 | Episode 212 | Reward -300.00 | Epsilon 0.1493
Seed 6 | Episode 213 | Reward -300.00 | Epsilon 0.1480
Seed 6 | Episode 214 | Reward -300.00 | Epsilon 0.1466
Seed 6 | Episode 215 | Reward -300.00 | Epsilon 0.1453
Seed 6 | Episode 216 | Reward -300.00 | Epsilon 0.1440
Seed 6 | Episode 217 | Reward -300.00 | Epsilon 0.1427
Seed 6 | Episode 218 | Reward -300.00 | Epsilon 0.1414
Seed 6 | Episode 219 | Reward -300.00 | Epsilon 0.1402
Seed 6 | Episode 220 | Reward -300.00 | Epsilon 0.1389
Seed 6 | Episode 221 | Reward -300.00 | Epsilon 0.1377
Seed 6 | Episode 222 | Reward -300.00 | Epsilon 0.1364
Seed 6 | Episode 223 | Reward -300.00 | Epsilon 0.1352
Seed 6 | Episode 224 | Reward -300.00 | Epsilon 0.1340
Seed 6 | Episode 225 | Reward -300.00 | Epsilon 0.1328
Seed 6 | Episode 226 | Reward -300.00 | Epsilon 0.1316
Seed 6 | Episode 227 | Reward -300.00 | Epsilon 0.1304
Seed 6 | Episode 228 | Reward -300.00 | Epsilon 0.1293
Seed 6 | Episode 229 | Reward -300.00 | Epsilon 0.1281
Seed 6 | Episode 230 | Reward -300.00 | Epsilon 0.1270
Seed 6 | Episode 231 | Reward -300.00 | Epsilon 0.1258
Seed 6 | Episode 232 | Reward -300.00 | Epsilon 0.1247
Seed 6 | Episode 233 | Reward -300.00 | Epsilon 0.1236
Seed 6 | Episode 234 | Reward -300.00 | Epsilon 0.1225
Seed 6 | Episode 235 | Reward -300.00 | Epsilon 0.1214
Seed 6 | Episode 236 | Reward -300.00 | Epsilon 0.1203
Seed 6 | Episode 237 | Reward -300.00 | Epsilon 0.1192
Seed 6 | Episode 238 | Reward -300.00 | Epsilon 0.1181
Seed 6 | Episode 239 | Reward -300.00 | Epsilon 0.1171
Seed 6 | Episode 240 | Reward -300.00 | Epsilon 0.1160
Seed 6 | Episode 241 | Reward -300.00 | Epsilon 0.1150
Seed 6 | Episode 242 | Reward -300.00 | Epsilon 0.1140
Seed 6 | Episode 243 | Reward -300.00 | Epsilon 0.1129
Seed 6 | Episode 244 | Reward -300.00 | Epsilon 0.1119
Seed 6 | Episode 245 | Reward -300.00 | Epsilon 0.1109
Seed 6 | Episode 246 | Reward -300.00 | Epsilon 0.1099
Seed 6 | Episode 247 | Reward -300.00 | Epsilon 0.1090
Seed 6 | Episode 248 | Reward -300.00 | Epsilon 0.1080
Seed 6 | Episode 249 | Reward -300.00 | Epsilon 0.1070
Seed 6 | Episode 250 | Reward -300.00 | Epsilon 0.1061
Seed 6 | Episode 251 | Reward -300.00 | Epsilon 0.1051
Seed 6 | Episode 252 | Reward -300.00 | Epsilon 0.1042
Seed 6 | Episode 253 | Reward -300.00 | Epsilon 0.1032
Seed 6 | Episode 254 | Reward -300.00 | Epsilon 0.1023
Seed 6 | Episode 255 | Reward -300.00 | Epsilon 0.1014
Seed 6 | Episode 256 | Reward -300.00 | Epsilon 0.1005
Seed 6 | Episode 257 | Reward -300.00 | Epsilon 0.0996
Seed 6 | Episode 258 | Reward -300.00 | Epsilon 0.0987
Seed 6 | Episode 259 | Reward -300.00 | Epsilon 0.0978
Seed 6 | Episode 260 | Reward -300.00 | Epsilon 0.0969
Seed 6 | Episode 261 | Reward -300.00 | Epsilon 0.0961
Seed 6 | Episode 262 | Reward -300.00 | Epsilon 0.0952
Seed 6 | Episode 263 | Reward -300.00 | Epsilon 0.0943
Seed 6 | Episode 264 | Reward -300.00 | Epsilon 0.0935
Seed 6 | Episode 265 | Reward -300.00 | Epsilon 0.0927
Seed 6 | Episode 266 | Reward -300.00 | Epsilon 0.0918
Seed 6 | Episode 267 | Reward -300.00 | Epsilon 0.0910
Seed 6 | Episode 268 | Reward -300.00 | Epsilon 0.0902
Seed 6 | Episode 269 | Reward -300.00 | Epsilon 0.0894
Seed 6 | Episode 270 | Reward -300.00 | Epsilon 0.0886
Seed 6 | Episode 271 | Reward -300.00 | Epsilon 0.0878
Seed 6 | Episode 272 | Reward -300.00 | Epsilon 0.0870
Seed 6 | Episode 273 | Reward -300.00 | Epsilon 0.0862
Seed 6 | Episode 274 | Reward -300.00 | Epsilon 0.0854
Seed 6 | Episode 275 | Reward -300.00 | Epsilon 0.0847
Seed 6 | Episode 276 | Reward -300.00 | Epsilon 0.0839
Seed 6 | Episode 277 | Reward -300.00 | Epsilon 0.0832
Seed 6 | Episode 278 | Reward -300.00 | Epsilon 0.0824
Seed 6 | Episode 279 | Reward -300.00 | Epsilon 0.0817
Seed 6 | Episode 280 | Reward -300.00 | Epsilon 0.0810
Seed 6 | Episode 281 | Reward -300.00 | Epsilon 0.0802
Seed 6 | Episode 282 | Reward -300.00 | Epsilon 0.0795
Seed 6 | Episode 283 | Reward -300.00 | Epsilon 0.0788
Seed 6 | Episode 284 | Reward -16.00 | Epsilon 0.0785
Seed 6 | Episode 285 | Reward -300.00 | Epsilon 0.0778
Seed 6 | Episode 286 | Reward -300.00 | Epsilon 0.0771
Seed 6 | Episode 287 | Reward -300.00 | Epsilon 0.0764
Seed 6 | Episode 288 | Reward -300.00 | Epsilon 0.0757
Seed 6 | Episode 289 | Reward -300.00 | Epsilon 0.0751
Seed 6 | Episode 290 | Reward -300.00 | Epsilon 0.0744
Seed 6 | Episode 291 | Reward -300.00 | Epsilon 0.0737
Seed 6 | Episode 292 | Reward -300.00 | Epsilon 0.0731
Seed 6 | Episode 293 | Reward -300.00 | Epsilon 0.0724
Seed 6 | Episode 294 | Reward -300.00 | Epsilon 0.0718
Seed 6 | Episode 295 | Reward -300.00 | Epsilon 0.0711
Seed 6 | Episode 296 | Reward -300.00 | Epsilon 0.0705
Seed 6 | Episode 297 | Reward -300.00 | Epsilon 0.0699
Seed 6 | Episode 298 | Reward -300.00 | Epsilon 0.0692
Seed 6 | Episode 299 | Reward -300.00 | Epsilon 0.0686
Seed 6 | Episode 300 | Reward -300.00 | Epsilon 0.0680
Seed 6 | Episode 301 | Reward -300.00 | Epsilon 0.0674
Seed 6 | Episode 302 | Reward -300.00 | Epsilon 0.0668
Seed 6 | Episode 303 | Reward -300.00 | Epsilon 0.0662
Seed 6 | Episode 304 | Reward -300.00 | Epsilon 0.0656
Seed 6 | Episode 305 | Reward -300.00 | Epsilon 0.0650
Seed 6 | Episode 306 | Reward -300.00 | Epsilon 0.0644
Seed 6 | Episode 307 | Reward -300.00 | Epsilon 0.0638
Seed 6 | Episode 308 | Reward -300.00 | Epsilon 0.0633
Seed 6 | Episode 309 | Reward -300.00 | Epsilon 0.0627
Seed 6 | Episode 310 | Reward -300.00 | Epsilon 0.0621
Seed 6 | Episode 311 | Reward -300.00 | Epsilon 0.0616
Seed 6 | Episode 312 | Reward -300.00 | Epsilon 0.0610
Seed 6 | Episode 313 | Reward -300.00 | Epsilon 0.0605
Seed 6 | Episode 314 | Reward -300.00 | Epsilon 0.0599
Seed 6 | Episode 315 | Reward -300.00 | Epsilon 0.0594
Seed 6 | Episode 316 | Reward -300.00 | Epsilon 0.0589
Seed 6 | Episode 317 | Reward -300.00 | Epsilon 0.0583
Seed 6 | Episode 318 | Reward -300.00 | Epsilon 0.0578
Seed 6 | Episode 319 | Reward -300.00 | Epsilon 0.0573
Seed 6 | Episode 320 | Reward -300.00 | Epsilon 0.0568
Seed 6 | Episode 321 | Reward -300.00 | Epsilon 0.0563
Seed 6 | Episode 322 | Reward -300.00 | Epsilon 0.0558
Seed 6 | Episode 323 | Reward -300.00 | Epsilon 0.0553
Seed 6 | Episode 324 | Reward -300.00 | Epsilon 0.0548
Seed 6 | Episode 325 | Reward -300.00 | Epsilon 0.0543
Seed 6 | Episode 326 | Reward -300.00 | Epsilon 0.0538
Seed 6 | Episode 327 | Reward -300.00 | Epsilon 0.0533
Seed 6 | Episode 328 | Reward -300.00 | Epsilon 0.0528
Seed 6 | Episode 329 | Reward -300.00 | Epsilon 0.0524
Seed 6 | Episode 330 | Reward -300.00 | Epsilon 0.0519
Seed 6 | Episode 331 | Reward -300.00 | Epsilon 0.0514
Seed 6 | Episode 332 | Reward -300.00 | Epsilon 0.0510
Seed 6 | Episode 333 | Reward -300.00 | Epsilon 0.0505
Seed 6 | Episode 334 | Reward -300.00 | Epsilon 0.0501
Seed 6 | Episode 335 | Reward -300.00 | Epsilon 0.0496
Seed 6 | Episode 336 | Reward -300.00 | Epsilon 0.0492
Seed 6 | Episode 337 | Reward -300.00 | Epsilon 0.0487
Seed 6 | Episode 338 | Reward -300.00 | Epsilon 0.0483
Seed 6 | Episode 339 | Reward -300.00 | Epsilon 0.0479
Seed 6 | Episode 340 | Reward -300.00 | Epsilon 0.0474
Seed 6 | Episode 341 | Reward -300.00 | Epsilon 0.0470
Seed 6 | Episode 342 | Reward -300.00 | Epsilon 0.0466
Seed 6 | Episode 343 | Reward -300.00 | Epsilon 0.0462
Seed 6 | Episode 344 | Reward -300.00 | Epsilon 0.0458
Seed 6 | Episode 345 | Reward -300.00 | Epsilon 0.0453
Seed 6 | Episode 346 | Reward -300.00 | Epsilon 0.0449
Seed 6 | Episode 347 | Reward -300.00 | Epsilon 0.0445
Seed 6 | Episode 348 | Reward -300.00 | Epsilon 0.0441
Seed 6 | Episode 349 | Reward -300.00 | Epsilon 0.0437
Seed 6 | Episode 350 | Reward -300.00 | Epsilon 0.0434
Seed 6 | Episode 351 | Reward -300.00 | Epsilon 0.0430
Seed 6 | Episode 352 | Reward -300.00 | Epsilon 0.0426
Seed 6 | Episode 353 | Reward -300.00 | Epsilon 0.0422
Seed 6 | Episode 354 | Reward -300.00 | Epsilon 0.0418
Seed 6 | Episode 355 | Reward -300.00 | Epsilon 0.0414
Seed 6 | Episode 356 | Reward -300.00 | Epsilon 0.0411
Seed 6 | Episode 357 | Reward -300.00 | Epsilon 0.0407
Seed 6 | Episode 358 | Reward -300.00 | Epsilon 0.0403
Seed 6 | Episode 359 | Reward -300.00 | Epsilon 0.0400
Seed 6 | Episode 360 | Reward -300.00 | Epsilon 0.0396
Seed 6 | Episode 361 | Reward -300.00 | Epsilon 0.0393
Seed 6 | Episode 362 | Reward -300.00 | Epsilon 0.0389
Seed 6 | Episode 363 | Reward -300.00 | Epsilon 0.0386
Seed 6 | Episode 364 | Reward -300.00 | Epsilon 0.0382
Seed 6 | Episode 365 | Reward -300.00 | Epsilon 0.0379
Seed 6 | Episode 366 | Reward -300.00 | Epsilon 0.0375
Seed 6 | Episode 367 | Reward -300.00 | Epsilon 0.0372
Seed 6 | Episode 368 | Reward -300.00 | Epsilon 0.0369
Seed 6 | Episode 369 | Reward -300.00 | Epsilon 0.0365
Seed 6 | Episode 370 | Reward -300.00 | Epsilon 0.0362
Seed 6 | Episode 371 | Reward -300.00 | Epsilon 0.0359
Seed 6 | Episode 372 | Reward -300.00 | Epsilon 0.0356
Seed 6 | Episode 373 | Reward -300.00 | Epsilon 0.0352
Seed 6 | Episode 374 | Reward -300.00 | Epsilon 0.0349
Seed 6 | Episode 375 | Reward -300.00 | Epsilon 0.0346
Seed 6 | Episode 376 | Reward -300.00 | Epsilon 0.0343
Seed 6 | Episode 377 | Reward -300.00 | Epsilon 0.0340
Seed 6 | Episode 378 | Reward -300.00 | Epsilon 0.0337
Seed 6 | Episode 379 | Reward -300.00 | Epsilon 0.0334
Seed 6 | Episode 380 | Reward -300.00 | Epsilon 0.0331
Seed 6 | Episode 381 | Reward -300.00 | Epsilon 0.0328
Seed 6 | Episode 382 | Reward -300.00 | Epsilon 0.0325
Seed 6 | Episode 383 | Reward -300.00 | Epsilon 0.0322
Seed 6 | Episode 384 | Reward -300.00 | Epsilon 0.0319
Seed 6 | Episode 385 | Reward -300.00 | Epsilon 0.0316
Seed 6 | Episode 386 | Reward -300.00 | Epsilon 0.0314
Seed 6 | Episode 387 | Reward -300.00 | Epsilon 0.0311
Seed 6 | Episode 388 | Reward -300.00 | Epsilon 0.0308
Seed 6 | Episode 389 | Reward -300.00 | Epsilon 0.0305
Seed 6 | Episode 390 | Reward -300.00 | Epsilon 0.0302
Seed 6 | Episode 391 | Reward -300.00 | Epsilon 0.0300
Seed 6 | Episode 392 | Reward -300.00 | Epsilon 0.0297
Seed 6 | Episode 393 | Reward -300.00 | Epsilon 0.0294
Seed 6 | Episode 394 | Reward -300.00 | Epsilon 0.0292
Seed 6 | Episode 395 | Reward -300.00 | Epsilon 0.0289
Seed 6 | Episode 396 | Reward -300.00 | Epsilon 0.0287
Seed 6 | Episode 397 | Reward -300.00 | Epsilon 0.0284
Seed 6 | Episode 398 | Reward -300.00 | Epsilon 0.0281
Seed 6 | Episode 399 | Reward -300.00 | Epsilon 0.0279
Seed 6 | Episode 400 | Reward -300.00 | Epsilon 0.0276
Seed 6 | Episode 401 | Reward -300.00 | Epsilon 0.0274
Seed 6 | Episode 402 | Reward -300.00 | Epsilon 0.0272
Seed 6 | Episode 403 | Reward -300.00 | Epsilon 0.0269
Seed 6 | Episode 404 | Reward -300.00 | Epsilon 0.0267
Seed 6 | Episode 405 | Reward -300.00 | Epsilon 0.0264
Seed 6 | Episode 406 | Reward -300.00 | Epsilon 0.0262
Seed 6 | Episode 407 | Reward -300.00 | Epsilon 0.0260
Seed 6 | Episode 408 | Reward -300.00 | Epsilon 0.0257
Seed 6 | Episode 409 | Reward -300.00 | Epsilon 0.0255
Seed 6 | Episode 410 | Reward -300.00 | Epsilon 0.0253
Seed 6 | Episode 411 | Reward -300.00 | Epsilon 0.0250
Seed 6 | Episode 412 | Reward -300.00 | Epsilon 0.0248
Seed 6 | Episode 413 | Reward -300.00 | Epsilon 0.0246
Seed 6 | Episode 414 | Reward -300.00 | Epsilon 0.0244
Seed 6 | Episode 415 | Reward -300.00 | Epsilon 0.0242
Seed 6 | Episode 416 | Reward -300.00 | Epsilon 0.0239
Seed 6 | Episode 417 | Reward -300.00 | Epsilon 0.0237
Seed 6 | Episode 418 | Reward -300.00 | Epsilon 0.0235
Seed 6 | Episode 419 | Reward -300.00 | Epsilon 0.0233
Seed 6 | Episode 420 | Reward -300.00 | Epsilon 0.0231
Seed 6 | Episode 421 | Reward -300.00 | Epsilon 0.0229
Seed 6 | Episode 422 | Reward -300.00 | Epsilon 0.0227
Seed 6 | Episode 423 | Reward -300.00 | Epsilon 0.0225
Seed 6 | Episode 424 | Reward -300.00 | Epsilon 0.0223
Seed 6 | Episode 425 | Reward -300.00 | Epsilon 0.0221
Seed 6 | Episode 426 | Reward -300.00 | Epsilon 0.0219
Seed 6 | Episode 427 | Reward -300.00 | Epsilon 0.0217
Seed 6 | Episode 428 | Reward -300.00 | Epsilon 0.0215
Seed 6 | Episode 429 | Reward -300.00 | Epsilon 0.0213
Seed 6 | Episode 430 | Reward -300.00 | Epsilon 0.0211
Seed 6 | Episode 431 | Reward -300.00 | Epsilon 0.0209
Seed 6 | Episode 432 | Reward -300.00 | Epsilon 0.0207
Seed 6 | Episode 433 | Reward -300.00 | Epsilon 0.0205
Seed 6 | Episode 434 | Reward -300.00 | Epsilon 0.0204
Seed 6 | Episode 435 | Reward -300.00 | Epsilon 0.0202
Seed 6 | Episode 436 | Reward -300.00 | Epsilon 0.0200
Seed 6 | Episode 437 | Reward -300.00 | Epsilon 0.0198
Seed 6 | Episode 438 | Reward -300.00 | Epsilon 0.0196
Seed 6 | Episode 439 | Reward -300.00 | Epsilon 0.0195
Seed 6 | Episode 440 | Reward -300.00 | Epsilon 0.0193
Seed 6 | Episode 441 | Reward -300.00 | Epsilon 0.0191
Seed 6 | Episode 442 | Reward -300.00 | Epsilon 0.0189
Seed 6 | Episode 443 | Reward -300.00 | Epsilon 0.0188
Seed 6 | Episode 444 | Reward -300.00 | Epsilon 0.0186
Seed 6 | Episode 445 | Reward -300.00 | Epsilon 0.0184
Seed 6 | Episode 446 | Reward -300.00 | Epsilon 0.0183
Seed 6 | Episode 447 | Reward -300.00 | Epsilon 0.0181
Seed 6 | Episode 448 | Reward -300.00 | Epsilon 0.0179
Seed 6 | Episode 449 | Reward -300.00 | Epsilon 0.0178
Seed 6 | Episode 450 | Reward -300.00 | Epsilon 0.0176
Seed 6 | Episode 451 | Reward -300.00 | Epsilon 0.0175
Seed 6 | Episode 452 | Reward -300.00 | Epsilon 0.0173
Seed 6 | Episode 453 | Reward -300.00 | Epsilon 0.0172
Seed 6 | Episode 454 | Reward -300.00 | Epsilon 0.0170
Seed 6 | Episode 455 | Reward -300.00 | Epsilon 0.0169
Seed 6 | Episode 456 | Reward -300.00 | Epsilon 0.0167
Seed 6 | Episode 457 | Reward -300.00 | Epsilon 0.0166
Seed 6 | Episode 458 | Reward -300.00 | Epsilon 0.0164
Seed 6 | Episode 459 | Reward -300.00 | Epsilon 0.0163
Seed 6 | Episode 460 | Reward -300.00 | Epsilon 0.0161
Seed 6 | Episode 461 | Reward -300.00 | Epsilon 0.0160
Seed 6 | Episode 462 | Reward -300.00 | Epsilon 0.0158
Seed 6 | Episode 463 | Reward -300.00 | Epsilon 0.0157
Seed 6 | Episode 464 | Reward -300.00 | Epsilon 0.0155
Seed 6 | Episode 465 | Reward -300.00 | Epsilon 0.0154
Seed 6 | Episode 466 | Reward -300.00 | Epsilon 0.0153
Seed 6 | Episode 467 | Reward -300.00 | Epsilon 0.0151
Seed 6 | Episode 468 | Reward -300.00 | Epsilon 0.0150
Seed 6 | Episode 469 | Reward -300.00 | Epsilon 0.0149
Seed 6 | Episode 470 | Reward -300.00 | Epsilon 0.0147
Seed 6 | Episode 471 | Reward -300.00 | Epsilon 0.0146
Seed 6 | Episode 472 | Reward -300.00 | Epsilon 0.0145
Seed 6 | Episode 473 | Reward -300.00 | Epsilon 0.0143
Seed 6 | Episode 474 | Reward -300.00 | Epsilon 0.0142
Seed 6 | Episode 475 | Reward -300.00 | Epsilon 0.0141
Seed 6 | Episode 476 | Reward -300.00 | Epsilon 0.0139
Seed 6 | Episode 477 | Reward -300.00 | Epsilon 0.0138
Seed 6 | Episode 478 | Reward -300.00 | Epsilon 0.0137
Seed 6 | Episode 479 | Reward -300.00 | Epsilon 0.0136
Seed 6 | Episode 480 | Reward -300.00 | Epsilon 0.0135
Seed 6 | Episode 481 | Reward -300.00 | Epsilon 0.0133
Seed 6 | Episode 482 | Reward -300.00 | Epsilon 0.0132
Seed 6 | Episode 483 | Reward -300.00 | Epsilon 0.0131
Seed 6 | Episode 484 | Reward -300.00 | Epsilon 0.0130
Seed 6 | Episode 485 | Reward -300.00 | Epsilon 0.0129
Seed 6 | Episode 486 | Reward -300.00 | Epsilon 0.0127
Seed 6 | Episode 487 | Reward -300.00 | Epsilon 0.0126
Seed 6 | Episode 488 | Reward -300.00 | Epsilon 0.0125
Seed 6 | Episode 489 | Reward -300.00 | Epsilon 0.0124
Seed 6 | Episode 490 | Reward -300.00 | Epsilon 0.0123
Seed 6 | Episode 491 | Reward -300.00 | Epsilon 0.0122
Seed 6 | Episode 492 | Reward -300.00 | Epsilon 0.0121
Seed 6 | Episode 493 | Reward -300.00 | Epsilon 0.0120
Seed 6 | Episode 494 | Reward -300.00 | Epsilon 0.0119
Seed 6 | Episode 495 | Reward -300.00 | Epsilon 0.0118
Seed 6 | Episode 496 | Reward -300.00 | Epsilon 0.0117
Seed 6 | Episode 497 | Reward -300.00 | Epsilon 0.0115
Seed 6 | Episode 498 | Reward -300.00 | Epsilon 0.0114
Seed 6 | Episode 499 | Reward -300.00 | Epsilon 0.0113
Seed 6 | Episode 500 | Reward -300.00 | Epsilon 0.0112
Seed 6 | Episode 501 | Reward -300.00 | Epsilon 0.0111
Seed 6 | Episode 502 | Reward -300.00 | Epsilon 0.0110
Seed 6 | Episode 503 | Reward -300.00 | Epsilon 0.0109
Seed 6 | Episode 504 | Reward -300.00 | Epsilon 0.0108
Seed 6 | Episode 505 | Reward -300.00 | Epsilon 0.0107
Seed 6 | Episode 506 | Reward -300.00 | Epsilon 0.0106
Seed 6 | Episode 507 | Reward -300.00 | Epsilon 0.0106
Seed 6 | Episode 508 | Reward -300.00 | Epsilon 0.0105
Seed 6 | Episode 509 | Reward -300.00 | Epsilon 0.0104
Seed 6 | Episode 510 | Reward -300.00 | Epsilon 0.0103
Seed 6 | Episode 511 | Reward -300.00 | Epsilon 0.0102
Seed 6 | Episode 512 | Reward -300.00 | Epsilon 0.0101
Seed 6 | Episode 513 | Reward -300.00 | Epsilon 0.0100
Seed 6 | Episode 514 | Reward -300.00 | Epsilon 0.0100
Seed 6 | Episode 515 | Reward -300.00 | Epsilon 0.0100
Seed 6 | Episode 516 | Reward -300.00 | Epsilon 0.0100
Seed 6 | Episode 517 | Reward -300.00 | Epsilon 0.0100
Seed 6 | Episode 518 | Reward -300.00 | Epsilon 0.0100
Seed 6 | Episode 519 | Reward -300.00 | Epsilon 0.0100
Seed 6 | Episode 520 | Reward -300.00 | Epsilon 0.0100
Seed 6 | Episode 521 | Reward -300.00 | Epsilon 0.0100
Seed 6 | Episode 522 | Reward -300.00 | Epsilon 0.0100
Seed 6 | Episode 523 | Reward -300.00 | Epsilon 0.0100
Seed 6 | Episode 524 | Reward -300.00 | Epsilon 0.0100
Seed 6 | Episode 525 | Reward -300.00 | Epsilon 0.0100
Seed 6 | Episode 526 | Reward -300.00 | Epsilon 0.0100
Seed 6 | Episode 527 | Reward -300.00 | Epsilon 0.0100
Seed 6 | Episode 528 | Reward -300.00 | Epsilon 0.0100
Seed 6 | Episode 529 | Reward -300.00 | Epsilon 0.0100
Seed 6 | Episode 530 | Reward -300.00 | Epsilon 0.0100
Seed 6 | Episode 531 | Reward -300.00 | Epsilon 0.0100
Seed 6 | Episode 532 | Reward -300.00 | Epsilon 0.0100
Seed 6 | Episode 533 | Reward -300.00 | Epsilon 0.0100
Seed 6 | Episode 534 | Reward -300.00 | Epsilon 0.0100
Seed 6 | Episode 535 | Reward -300.00 | Epsilon 0.0100
Seed 6 | Episode 536 | Reward -300.00 | Epsilon 0.0100
Seed 6 | Episode 537 | Reward -300.00 | Epsilon 0.0100
Seed 6 | Episode 538 | Reward -300.00 | Epsilon 0.0100
Seed 6 | Episode 539 | Reward -300.00 | Epsilon 0.0100
Seed 6 | Episode 540 | Reward -300.00 | Epsilon 0.0100
Seed 6 | Episode 541 | Reward -300.00 | Epsilon 0.0100
Seed 6 | Episode 542 | Reward -300.00 | Epsilon 0.0100
Seed 6 | Episode 543 | Reward -300.00 | Epsilon 0.0100
Seed 6 | Episode 544 | Reward -300.00 | Epsilon 0.0100
Seed 6 | Episode 545 | Reward -300.00 | Epsilon 0.0100
Seed 6 | Episode 546 | Reward -300.00 | Epsilon 0.0100
Seed 6 | Episode 547 | Reward -300.00 | Epsilon 0.0100
Seed 6 | Episode 548 | Reward -300.00 | Epsilon 0.0100
Seed 6 | Episode 549 | Reward -300.00 | Epsilon 0.0100
Seed 6 | Episode 550 | Reward -300.00 | Epsilon 0.0100
Seed 6 | Episode 551 | Reward -300.00 | Epsilon 0.0100
Seed 6 | Episode 552 | Reward -300.00 | Epsilon 0.0100
Seed 6 | Episode 553 | Reward -300.00 | Epsilon 0.0100
Seed 6 | Episode 554 | Reward -300.00 | Epsilon 0.0100
Seed 6 | Episode 555 | Reward -300.00 | Epsilon 0.0100
Seed 6 | Episode 556 | Reward -300.00 | Epsilon 0.0100
Seed 6 | Episode 557 | Reward -300.00 | Epsilon 0.0100
Seed 6 | Episode 558 | Reward -300.00 | Epsilon 0.0100
Seed 6 | Episode 559 | Reward -300.00 | Epsilon 0.0100
Seed 6 | Episode 560 | Reward -300.00 | Epsilon 0.0100
Seed 6 | Episode 561 | Reward -300.00 | Epsilon 0.0100
Seed 6 | Episode 562 | Reward -300.00 | Epsilon 0.0100
Seed 6 | Episode 563 | Reward -300.00 | Epsilon 0.0100
Seed 6 | Episode 564 | Reward -300.00 | Epsilon 0.0100
Seed 6 | Episode 565 | Reward -300.00 | Epsilon 0.0100
Seed 6 | Episode 566 | Reward -300.00 | Epsilon 0.0100
Seed 6 | Episode 567 | Reward -300.00 | Epsilon 0.0100
Seed 6 | Episode 568 | Reward -300.00 | Epsilon 0.0100
Seed 6 | Episode 569 | Reward -300.00 | Epsilon 0.0100
Seed 6 | Episode 570 | Reward -300.00 | Epsilon 0.0100
Seed 6 | Episode 571 | Reward -300.00 | Epsilon 0.0100
Seed 6 | Episode 572 | Reward -300.00 | Epsilon 0.0100
Seed 6 | Episode 573 | Reward -300.00 | Epsilon 0.0100
Seed 6 | Episode 574 | Reward -300.00 | Epsilon 0.0100
Seed 6 | Episode 575 | Reward -300.00 | Epsilon 0.0100
Seed 6 | Episode 576 | Reward -300.00 | Epsilon 0.0100
Seed 6 | Episode 577 | Reward -300.00 | Epsilon 0.0100
Seed 6 | Episode 578 | Reward -300.00 | Epsilon 0.0100
Seed 6 | Episode 579 | Reward -300.00 | Epsilon 0.0100
Seed 6 | Episode 580 | Reward -300.00 | Epsilon 0.0100
Seed 6 | Episode 581 | Reward -300.00 | Epsilon 0.0100
Seed 6 | Episode 582 | Reward -300.00 | Epsilon 0.0100
Seed 6 | Episode 583 | Reward -300.00 | Epsilon 0.0100
Seed 6 | Episode 584 | Reward -300.00 | Epsilon 0.0100
Seed 6 | Episode 585 | Reward -300.00 | Epsilon 0.0100
Seed 6 | Episode 586 | Reward -300.00 | Epsilon 0.0100
Seed 6 | Episode 587 | Reward -300.00 | Epsilon 0.0100
Seed 6 | Episode 588 | Reward -300.00 | Epsilon 0.0100
Seed 6 | Episode 589 | Reward -300.00 | Epsilon 0.0100
Seed 6 | Episode 590 | Reward -300.00 | Epsilon 0.0100
Seed 6 | Episode 591 | Reward -300.00 | Epsilon 0.0100
Seed 6 | Episode 592 | Reward -300.00 | Epsilon 0.0100
Seed 6 | Episode 593 | Reward -300.00 | Epsilon 0.0100
Seed 6 | Episode 594 | Reward -300.00 | Epsilon 0.0100
Seed 6 | Episode 595 | Reward -300.00 | Epsilon 0.0100
Seed 6 | Episode 596 | Reward -300.00 | Epsilon 0.0100
Seed 6 | Episode 597 | Reward -300.00 | Epsilon 0.0100
Seed 6 | Episode 598 | Reward -300.00 | Epsilon 0.0100
Seed 6 | Episode 599 | Reward -300.00 | Epsilon 0.0100
Seed 6 | Episode 600 | Reward -300.00 | Epsilon 0.0100
Seed 6 | Episode 601 | Reward -300.00 | Epsilon 0.0100
Seed 6 | Episode 602 | Reward -300.00 | Epsilon 0.0100
Seed 6 | Episode 603 | Reward -300.00 | Epsilon 0.0100
Seed 6 | Episode 604 | Reward -300.00 | Epsilon 0.0100
Seed 6 | Episode 605 | Reward -300.00 | Epsilon 0.0100
Seed 6 | Episode 606 | Reward -300.00 | Epsilon 0.0100
Seed 6 | Episode 607 | Reward -300.00 | Epsilon 0.0100
Seed 6 | Episode 608 | Reward -300.00 | Epsilon 0.0100
Seed 6 | Episode 609 | Reward -300.00 | Epsilon 0.0100
Seed 6 | Episode 610 | Reward -300.00 | Epsilon 0.0100
Seed 6 | Episode 611 | Reward -300.00 | Epsilon 0.0100
Seed 6 | Episode 612 | Reward -300.00 | Epsilon 0.0100
Seed 6 | Episode 613 | Reward -300.00 | Epsilon 0.0100
Seed 6 | Episode 614 | Reward -300.00 | Epsilon 0.0100
Seed 6 | Episode 615 | Reward -300.00 | Epsilon 0.0100
Seed 6 | Episode 616 | Reward -300.00 | Epsilon 0.0100
Seed 6 | Episode 617 | Reward -300.00 | Epsilon 0.0100
Seed 6 | Episode 618 | Reward -300.00 | Epsilon 0.0100
Seed 6 | Episode 619 | Reward -300.00 | Epsilon 0.0100
Seed 6 | Episode 620 | Reward -300.00 | Epsilon 0.0100
Seed 6 | Episode 621 | Reward -300.00 | Epsilon 0.0100
Seed 6 | Episode 622 | Reward -300.00 | Epsilon 0.0100
Seed 6 | Episode 623 | Reward -300.00 | Epsilon 0.0100
Seed 6 | Episode 624 | Reward -300.00 | Epsilon 0.0100
Seed 6 | Episode 625 | Reward -300.00 | Epsilon 0.0100
Seed 6 | Episode 626 | Reward -300.00 | Epsilon 0.0100
Seed 6 | Episode 627 | Reward -300.00 | Epsilon 0.0100
Seed 6 | Episode 628 | Reward -300.00 | Epsilon 0.0100
Seed 6 | Episode 629 | Reward -300.00 | Epsilon 0.0100
Seed 6 | Episode 630 | Reward -300.00 | Epsilon 0.0100
Seed 6 | Episode 631 | Reward -300.00 | Epsilon 0.0100
Seed 6 | Episode 632 | Reward -300.00 | Epsilon 0.0100
Seed 6 | Episode 633 | Reward -300.00 | Epsilon 0.0100
Seed 6 | Episode 634 | Reward -300.00 | Epsilon 0.0100
Seed 6 | Episode 635 | Reward -300.00 | Epsilon 0.0100
Seed 6 | Episode 636 | Reward -300.00 | Epsilon 0.0100
Seed 6 | Episode 637 | Reward -300.00 | Epsilon 0.0100
Seed 6 | Episode 638 | Reward -300.00 | Epsilon 0.0100
Seed 6 | Episode 639 | Reward -300.00 | Epsilon 0.0100
Seed 6 | Episode 640 | Reward -300.00 | Epsilon 0.0100
Seed 6 | Episode 641 | Reward -300.00 | Epsilon 0.0100
Seed 6 | Episode 642 | Reward -300.00 | Epsilon 0.0100
Seed 6 | Episode 643 | Reward -300.00 | Epsilon 0.0100
Seed 6 | Episode 644 | Reward -300.00 | Epsilon 0.0100
Seed 6 | Episode 645 | Reward -300.00 | Epsilon 0.0100
Seed 6 | Episode 646 | Reward -300.00 | Epsilon 0.0100
Seed 6 | Episode 647 | Reward -300.00 | Epsilon 0.0100
Seed 6 | Episode 648 | Reward -300.00 | Epsilon 0.0100
Seed 6 | Episode 649 | Reward -300.00 | Epsilon 0.0100
Seed 6 | Episode 650 | Reward -300.00 | Epsilon 0.0100
Seed 6 | Episode 651 | Reward -300.00 | Epsilon 0.0100
Seed 6 | Episode 652 | Reward -300.00 | Epsilon 0.0100
Seed 6 | Episode 653 | Reward -300.00 | Epsilon 0.0100
Seed 6 | Episode 654 | Reward -300.00 | Epsilon 0.0100
Seed 6 | Episode 655 | Reward -300.00 | Epsilon 0.0100
Seed 6 | Episode 656 | Reward -300.00 | Epsilon 0.0100
Seed 6 | Episode 657 | Reward -300.00 | Epsilon 0.0100
Seed 6 | Episode 658 | Reward -300.00 | Epsilon 0.0100
Seed 6 | Episode 659 | Reward -300.00 | Epsilon 0.0100
Seed 6 | Episode 660 | Reward -300.00 | Epsilon 0.0100
Seed 6 | Episode 661 | Reward -300.00 | Epsilon 0.0100
Seed 6 | Episode 662 | Reward -300.00 | Epsilon 0.0100
Seed 6 | Episode 663 | Reward -300.00 | Epsilon 0.0100
Seed 6 | Episode 664 | Reward -300.00 | Epsilon 0.0100
Seed 6 | Episode 665 | Reward -300.00 | Epsilon 0.0100
Seed 6 | Episode 666 | Reward -300.00 | Epsilon 0.0100
Seed 6 | Episode 667 | Reward -300.00 | Epsilon 0.0100
Seed 6 | Episode 668 | Reward -300.00 | Epsilon 0.0100
Seed 6 | Episode 669 | Reward -300.00 | Epsilon 0.0100
Seed 6 | Episode 670 | Reward -300.00 | Epsilon 0.0100
Seed 6 | Episode 671 | Reward -300.00 | Epsilon 0.0100
Seed 6 | Episode 672 | Reward -300.00 | Epsilon 0.0100
Seed 6 | Episode 673 | Reward -300.00 | Epsilon 0.0100
Seed 6 | Episode 674 | Reward -300.00 | Epsilon 0.0100
Seed 6 | Episode 675 | Reward -300.00 | Epsilon 0.0100
Seed 6 | Episode 676 | Reward -300.00 | Epsilon 0.0100
Seed 6 | Episode 677 | Reward -300.00 | Epsilon 0.0100
Seed 6 | Episode 678 | Reward -300.00 | Epsilon 0.0100
Seed 6 | Episode 679 | Reward -300.00 | Epsilon 0.0100
Seed 6 | Episode 680 | Reward -300.00 | Epsilon 0.0100
Seed 6 | Episode 681 | Reward -300.00 | Epsilon 0.0100
Seed 6 | Episode 682 | Reward -300.00 | Epsilon 0.0100
Seed 6 | Episode 683 | Reward -300.00 | Epsilon 0.0100
Seed 6 | Episode 684 | Reward -300.00 | Epsilon 0.0100
Seed 6 | Episode 685 | Reward -300.00 | Epsilon 0.0100
Seed 6 | Episode 686 | Reward -300.00 | Epsilon 0.0100
Seed 6 | Episode 687 | Reward -300.00 | Epsilon 0.0100
Seed 6 | Episode 688 | Reward -300.00 | Epsilon 0.0100
Seed 6 | Episode 689 | Reward -300.00 | Epsilon 0.0100
Seed 6 | Episode 690 | Reward -300.00 | Epsilon 0.0100
Seed 6 | Episode 691 | Reward -300.00 | Epsilon 0.0100
Seed 6 | Episode 692 | Reward -300.00 | Epsilon 0.0100
Seed 6 | Episode 693 | Reward -300.00 | Epsilon 0.0100
Seed 6 | Episode 694 | Reward -300.00 | Epsilon 0.0100
Seed 6 | Episode 695 | Reward -300.00 | Epsilon 0.0100
Seed 6 | Episode 696 | Reward -300.00 | Epsilon 0.0100
Seed 6 | Episode 697 | Reward -300.00 | Epsilon 0.0100
Seed 6 | Episode 698 | Reward -300.00 | Epsilon 0.0100
Seed 6 | Episode 699 | Reward -300.00 | Epsilon 0.0100
Seed 6 | Episode 700 | Reward -300.00 | Epsilon 0.0100
Seed 6 | Episode 701 | Reward -300.00 | Epsilon 0.0100
Seed 6 | Episode 702 | Reward -300.00 | Epsilon 0.0100
Seed 6 | Episode 703 | Reward -300.00 | Epsilon 0.0100
Seed 6 | Episode 704 | Reward -300.00 | Epsilon 0.0100
Seed 6 | Episode 705 | Reward -300.00 | Epsilon 0.0100
Seed 6 | Episode 706 | Reward -300.00 | Epsilon 0.0100
Seed 6 | Episode 707 | Reward -300.00 | Epsilon 0.0100
Seed 6 | Episode 708 | Reward -300.00 | Epsilon 0.0100
Seed 6 | Episode 709 | Reward -300.00 | Epsilon 0.0100
Seed 6 | Episode 710 | Reward -300.00 | Epsilon 0.0100
Seed 6 | Episode 711 | Reward -300.00 | Epsilon 0.0100
Seed 6 | Episode 712 | Reward -300.00 | Epsilon 0.0100
Seed 6 | Episode 713 | Reward -300.00 | Epsilon 0.0100
Seed 6 | Episode 714 | Reward -300.00 | Epsilon 0.0100
Seed 6 | Episode 715 | Reward -300.00 | Epsilon 0.0100
Seed 6 | Episode 716 | Reward -300.00 | Epsilon 0.0100
Seed 6 | Episode 717 | Reward -300.00 | Epsilon 0.0100
Seed 6 | Episode 718 | Reward -300.00 | Epsilon 0.0100
Seed 6 | Episode 719 | Reward -10.00 | Epsilon 0.0100
Seed 6 | Episode 720 | Reward -300.00 | Epsilon 0.0100
Seed 6 | Episode 721 | Reward -300.00 | Epsilon 0.0100
Seed 6 | Episode 722 | Reward -300.00 | Epsilon 0.0100
Seed 6 | Episode 723 | Reward -300.00 | Epsilon 0.0100
Seed 6 | Episode 724 | Reward -300.00 | Epsilon 0.0100
Seed 6 | Episode 725 | Reward -300.00 | Epsilon 0.0100
Seed 6 | Episode 726 | Reward -300.00 | Epsilon 0.0100
Seed 6 | Episode 727 | Reward -300.00 | Epsilon 0.0100
Seed 6 | Episode 728 | Reward -300.00 | Epsilon 0.0100
Seed 6 | Episode 729 | Reward -300.00 | Epsilon 0.0100
Seed 6 | Episode 730 | Reward -300.00 | Epsilon 0.0100
Seed 6 | Episode 731 | Reward -300.00 | Epsilon 0.0100
Seed 6 | Episode 732 | Reward -300.00 | Epsilon 0.0100
Seed 6 | Episode 733 | Reward -300.00 | Epsilon 0.0100
Seed 6 | Episode 734 | Reward -300.00 | Epsilon 0.0100
Seed 6 | Episode 735 | Reward -300.00 | Epsilon 0.0100
Seed 6 | Episode 736 | Reward -300.00 | Epsilon 0.0100
Seed 6 | Episode 737 | Reward -300.00 | Epsilon 0.0100
Seed 6 | Episode 738 | Reward -300.00 | Epsilon 0.0100
Seed 6 | Episode 739 | Reward -300.00 | Epsilon 0.0100
Seed 6 | Episode 740 | Reward -300.00 | Epsilon 0.0100
Seed 6 | Episode 741 | Reward -300.00 | Epsilon 0.0100
Seed 6 | Episode 742 | Reward -300.00 | Epsilon 0.0100
Seed 6 | Episode 743 | Reward -300.00 | Epsilon 0.0100
Seed 6 | Episode 744 | Reward -300.00 | Epsilon 0.0100
Seed 6 | Episode 745 | Reward -300.00 | Epsilon 0.0100
Seed 6 | Episode 746 | Reward -300.00 | Epsilon 0.0100
Seed 6 | Episode 747 | Reward -300.00 | Epsilon 0.0100
Seed 6 | Episode 748 | Reward -300.00 | Epsilon 0.0100
Seed 6 | Episode 749 | Reward -300.00 | Epsilon 0.0100
Seed 6 | Episode 750 | Reward -300.00 | Epsilon 0.0100
Seed 6 | Episode 751 | Reward -300.00 | Epsilon 0.0100
Seed 6 | Episode 752 | Reward -300.00 | Epsilon 0.0100
Seed 6 | Episode 753 | Reward -300.00 | Epsilon 0.0100
Seed 6 | Episode 754 | Reward -300.00 | Epsilon 0.0100
Seed 6 | Episode 755 | Reward -300.00 | Epsilon 0.0100
Seed 6 | Episode 756 | Reward -300.00 | Epsilon 0.0100
Seed 6 | Episode 757 | Reward -300.00 | Epsilon 0.0100
Seed 6 | Episode 758 | Reward -300.00 | Epsilon 0.0100
Seed 6 | Episode 759 | Reward -300.00 | Epsilon 0.0100
Seed 6 | Episode 760 | Reward -300.00 | Epsilon 0.0100
Seed 6 | Episode 761 | Reward -300.00 | Epsilon 0.0100
Seed 6 | Episode 762 | Reward -300.00 | Epsilon 0.0100
Seed 6 | Episode 763 | Reward -300.00 | Epsilon 0.0100
Seed 6 | Episode 764 | Reward -300.00 | Epsilon 0.0100
Seed 6 | Episode 765 | Reward -300.00 | Epsilon 0.0100
Seed 6 | Episode 766 | Reward -300.00 | Epsilon 0.0100
Seed 6 | Episode 767 | Reward -300.00 | Epsilon 0.0100
Seed 6 | Episode 768 | Reward -300.00 | Epsilon 0.0100
Seed 6 | Episode 769 | Reward -300.00 | Epsilon 0.0100
Seed 6 | Episode 770 | Reward -300.00 | Epsilon 0.0100
Seed 6 | Episode 771 | Reward -300.00 | Epsilon 0.0100
Seed 6 | Episode 772 | Reward -300.00 | Epsilon 0.0100
Seed 6 | Episode 773 | Reward -300.00 | Epsilon 0.0100
Seed 6 | Episode 774 | Reward -300.00 | Epsilon 0.0100
Seed 6 | Episode 775 | Reward -300.00 | Epsilon 0.0100
Seed 6 | Episode 776 | Reward -300.00 | Epsilon 0.0100
Seed 6 | Episode 777 | Reward -300.00 | Epsilon 0.0100
Seed 6 | Episode 778 | Reward -300.00 | Epsilon 0.0100
Seed 6 | Episode 779 | Reward -300.00 | Epsilon 0.0100
Seed 6 | Episode 780 | Reward -300.00 | Epsilon 0.0100
Seed 6 | Episode 781 | Reward -300.00 | Epsilon 0.0100
Seed 6 | Episode 782 | Reward -300.00 | Epsilon 0.0100
Seed 6 | Episode 783 | Reward -300.00 | Epsilon 0.0100
Seed 6 | Episode 784 | Reward -300.00 | Epsilon 0.0100
Seed 6 | Episode 785 | Reward -300.00 | Epsilon 0.0100
Seed 6 | Episode 786 | Reward -300.00 | Epsilon 0.0100
Seed 6 | Episode 787 | Reward -300.00 | Epsilon 0.0100
Seed 6 | Episode 788 | Reward -300.00 | Epsilon 0.0100
Seed 6 | Episode 789 | Reward -300.00 | Epsilon 0.0100
Seed 6 | Episode 790 | Reward -300.00 | Epsilon 0.0100
Seed 6 | Episode 791 | Reward -300.00 | Epsilon 0.0100
Seed 6 | Episode 792 | Reward -300.00 | Epsilon 0.0100
Seed 6 | Episode 793 | Reward -300.00 | Epsilon 0.0100
Seed 6 | Episode 794 | Reward -300.00 | Epsilon 0.0100
Seed 6 | Episode 795 | Reward -300.00 | Epsilon 0.0100
Seed 6 | Episode 796 | Reward -300.00 | Epsilon 0.0100
Seed 6 | Episode 797 | Reward -300.00 | Epsilon 0.0100
Seed 6 | Episode 798 | Reward -300.00 | Epsilon 0.0100
Seed 6 | Episode 799 | Reward -300.00 | Epsilon 0.0100
Seed 6 | Episode 800 | Reward -300.00 | Epsilon 0.0100
Seed 6 | Episode 801 | Reward -300.00 | Epsilon 0.0100
Seed 6 | Episode 802 | Reward -300.00 | Epsilon 0.0100
Seed 6 | Episode 803 | Reward -300.00 | Epsilon 0.0100
Seed 6 | Episode 804 | Reward -300.00 | Epsilon 0.0100
Seed 6 | Episode 805 | Reward -300.00 | Epsilon 0.0100
Seed 6 | Episode 806 | Reward -300.00 | Epsilon 0.0100
Seed 6 | Episode 807 | Reward -300.00 | Epsilon 0.0100
Seed 6 | Episode 808 | Reward -300.00 | Epsilon 0.0100
Seed 6 | Episode 809 | Reward -300.00 | Epsilon 0.0100
Seed 6 | Episode 810 | Reward -300.00 | Epsilon 0.0100
Seed 6 | Episode 811 | Reward -300.00 | Epsilon 0.0100
Seed 6 | Episode 812 | Reward -300.00 | Epsilon 0.0100
Seed 6 | Episode 813 | Reward -300.00 | Epsilon 0.0100
Seed 6 | Episode 814 | Reward -300.00 | Epsilon 0.0100
Seed 6 | Episode 815 | Reward -300.00 | Epsilon 0.0100
Seed 6 | Episode 816 | Reward -300.00 | Epsilon 0.0100
Seed 6 | Episode 817 | Reward -300.00 | Epsilon 0.0100
Seed 6 | Episode 818 | Reward -300.00 | Epsilon 0.0100
Seed 6 | Episode 819 | Reward -300.00 | Epsilon 0.0100
Seed 6 | Episode 820 | Reward -300.00 | Epsilon 0.0100
Seed 6 | Episode 821 | Reward -300.00 | Epsilon 0.0100
Seed 6 | Episode 822 | Reward -300.00 | Epsilon 0.0100
Seed 6 | Episode 823 | Reward -300.00 | Epsilon 0.0100
Seed 6 | Episode 824 | Reward -300.00 | Epsilon 0.0100
Seed 6 | Episode 825 | Reward -300.00 | Epsilon 0.0100
Seed 6 | Episode 826 | Reward -300.00 | Epsilon 0.0100
Seed 6 | Episode 827 | Reward -300.00 | Epsilon 0.0100
Seed 6 | Episode 828 | Reward -300.00 | Epsilon 0.0100
Seed 6 | Episode 829 | Reward -300.00 | Epsilon 0.0100
Seed 6 | Episode 830 | Reward -300.00 | Epsilon 0.0100
Seed 6 | Episode 831 | Reward -300.00 | Epsilon 0.0100
Seed 6 | Episode 832 | Reward -300.00 | Epsilon 0.0100
Seed 6 | Episode 833 | Reward -300.00 | Epsilon 0.0100
Seed 6 | Episode 834 | Reward -300.00 | Epsilon 0.0100
Seed 6 | Episode 835 | Reward -300.00 | Epsilon 0.0100
Seed 6 | Episode 836 | Reward -300.00 | Epsilon 0.0100
Seed 6 | Episode 837 | Reward -300.00 | Epsilon 0.0100
Seed 6 | Episode 838 | Reward -300.00 | Epsilon 0.0100
Seed 6 | Episode 839 | Reward -300.00 | Epsilon 0.0100
Seed 6 | Episode 840 | Reward -300.00 | Epsilon 0.0100
Seed 6 | Episode 841 | Reward -300.00 | Epsilon 0.0100
Seed 6 | Episode 842 | Reward -300.00 | Epsilon 0.0100
Seed 6 | Episode 843 | Reward -300.00 | Epsilon 0.0100
Seed 6 | Episode 844 | Reward -300.00 | Epsilon 0.0100
Seed 6 | Episode 845 | Reward -300.00 | Epsilon 0.0100
Seed 6 | Episode 846 | Reward -300.00 | Epsilon 0.0100
Seed 6 | Episode 847 | Reward -300.00 | Epsilon 0.0100
Seed 6 | Episode 848 | Reward -300.00 | Epsilon 0.0100
Seed 6 | Episode 849 | Reward -300.00 | Epsilon 0.0100
Seed 6 | Episode 850 | Reward -300.00 | Epsilon 0.0100
Seed 6 | Episode 851 | Reward -300.00 | Epsilon 0.0100
Seed 6 | Episode 852 | Reward -300.00 | Epsilon 0.0100
Seed 6 | Episode 853 | Reward -300.00 | Epsilon 0.0100
Seed 6 | Episode 854 | Reward -300.00 | Epsilon 0.0100
Seed 6 | Episode 855 | Reward -300.00 | Epsilon 0.0100
Seed 6 | Episode 856 | Reward -300.00 | Epsilon 0.0100
Seed 6 | Episode 857 | Reward -300.00 | Epsilon 0.0100
Seed 6 | Episode 858 | Reward -300.00 | Epsilon 0.0100
Seed 6 | Episode 859 | Reward -300.00 | Epsilon 0.0100
Seed 6 | Episode 860 | Reward -300.00 | Epsilon 0.0100
Seed 6 | Episode 861 | Reward -300.00 | Epsilon 0.0100
Seed 6 | Episode 862 | Reward -300.00 | Epsilon 0.0100
Seed 6 | Episode 863 | Reward -300.00 | Epsilon 0.0100
Seed 6 | Episode 864 | Reward -300.00 | Epsilon 0.0100
Seed 6 | Episode 865 | Reward -300.00 | Epsilon 0.0100
Seed 6 | Episode 866 | Reward -300.00 | Epsilon 0.0100
Seed 6 | Episode 867 | Reward -300.00 | Epsilon 0.0100
Seed 6 | Episode 868 | Reward -300.00 | Epsilon 0.0100
Seed 6 | Episode 869 | Reward -300.00 | Epsilon 0.0100
Seed 6 | Episode 870 | Reward -300.00 | Epsilon 0.0100
Seed 6 | Episode 871 | Reward -300.00 | Epsilon 0.0100
Seed 6 | Episode 872 | Reward -300.00 | Epsilon 0.0100
Seed 6 | Episode 873 | Reward -300.00 | Epsilon 0.0100
Seed 6 | Episode 874 | Reward -300.00 | Epsilon 0.0100
Seed 6 | Episode 875 | Reward -300.00 | Epsilon 0.0100
Seed 6 | Episode 876 | Reward -300.00 | Epsilon 0.0100
Seed 6 | Episode 877 | Reward -300.00 | Epsilon 0.0100
Seed 6 | Episode 878 | Reward -300.00 | Epsilon 0.0100
Seed 6 | Episode 879 | Reward -300.00 | Epsilon 0.0100
Seed 6 | Episode 880 | Reward -300.00 | Epsilon 0.0100
Seed 6 | Episode 881 | Reward -300.00 | Epsilon 0.0100
Seed 6 | Episode 882 | Reward -300.00 | Epsilon 0.0100
Seed 6 | Episode 883 | Reward -300.00 | Epsilon 0.0100
Seed 6 | Episode 884 | Reward -300.00 | Epsilon 0.0100
Seed 6 | Episode 885 | Reward -300.00 | Epsilon 0.0100
Seed 6 | Episode 886 | Reward -300.00 | Epsilon 0.0100
Seed 6 | Episode 887 | Reward -300.00 | Epsilon 0.0100
Seed 6 | Episode 888 | Reward -300.00 | Epsilon 0.0100
Seed 6 | Episode 889 | Reward -300.00 | Epsilon 0.0100
Seed 6 | Episode 890 | Reward -300.00 | Epsilon 0.0100
Seed 6 | Episode 891 | Reward -300.00 | Epsilon 0.0100
Seed 6 | Episode 892 | Reward -300.00 | Epsilon 0.0100
Seed 6 | Episode 893 | Reward -300.00 | Epsilon 0.0100
Seed 6 | Episode 894 | Reward -300.00 | Epsilon 0.0100
Seed 6 | Episode 895 | Reward -300.00 | Epsilon 0.0100
Seed 6 | Episode 896 | Reward -300.00 | Epsilon 0.0100
Seed 6 | Episode 897 | Reward -300.00 | Epsilon 0.0100
Seed 6 | Episode 898 | Reward -300.00 | Epsilon 0.0100
Seed 6 | Episode 899 | Reward -300.00 | Epsilon 0.0100
Seed 6 | Episode 900 | Reward -300.00 | Epsilon 0.0100
Seed 6 | Episode 901 | Reward -300.00 | Epsilon 0.0100
Seed 6 | Episode 902 | Reward -300.00 | Epsilon 0.0100
Seed 6 | Episode 903 | Reward -125.00 | Epsilon 0.0100
Seed 6 | Episode 904 | Reward -300.00 | Epsilon 0.0100
Seed 6 | Episode 905 | Reward -300.00 | Epsilon 0.0100
Seed 6 | Episode 906 | Reward -300.00 | Epsilon 0.0100
Seed 6 | Episode 907 | Reward -300.00 | Epsilon 0.0100
Seed 6 | Episode 908 | Reward -300.00 | Epsilon 0.0100
Seed 6 | Episode 909 | Reward -300.00 | Epsilon 0.0100
Seed 6 | Episode 910 | Reward -300.00 | Epsilon 0.0100
Seed 6 | Episode 911 | Reward -300.00 | Epsilon 0.0100
Seed 6 | Episode 912 | Reward -300.00 | Epsilon 0.0100
Seed 6 | Episode 913 | Reward -300.00 | Epsilon 0.0100
Seed 6 | Episode 914 | Reward -300.00 | Epsilon 0.0100
Seed 6 | Episode 915 | Reward -300.00 | Epsilon 0.0100
Seed 6 | Episode 916 | Reward -300.00 | Epsilon 0.0100
Seed 6 | Episode 917 | Reward -300.00 | Epsilon 0.0100
Seed 6 | Episode 918 | Reward -300.00 | Epsilon 0.0100
Seed 6 | Episode 919 | Reward -300.00 | Epsilon 0.0100
Seed 6 | Episode 920 | Reward -300.00 | Epsilon 0.0100
Seed 6 | Episode 921 | Reward -300.00 | Epsilon 0.0100
Seed 6 | Episode 922 | Reward -300.00 | Epsilon 0.0100
Seed 6 | Episode 923 | Reward -300.00 | Epsilon 0.0100
Seed 6 | Episode 924 | Reward -300.00 | Epsilon 0.0100
Seed 6 | Episode 925 | Reward -300.00 | Epsilon 0.0100
Seed 6 | Episode 926 | Reward -300.00 | Epsilon 0.0100
Seed 6 | Episode 927 | Reward -300.00 | Epsilon 0.0100
Seed 6 | Episode 928 | Reward -300.00 | Epsilon 0.0100
Seed 6 | Episode 929 | Reward -300.00 | Epsilon 0.0100
Seed 6 | Episode 930 | Reward -300.00 | Epsilon 0.0100
Seed 6 | Episode 931 | Reward -300.00 | Epsilon 0.0100
Seed 6 | Episode 932 | Reward -300.00 | Epsilon 0.0100
Seed 6 | Episode 933 | Reward -300.00 | Epsilon 0.0100
Seed 6 | Episode 934 | Reward -300.00 | Epsilon 0.0100
Seed 6 | Episode 935 | Reward -300.00 | Epsilon 0.0100
Seed 6 | Episode 936 | Reward -300.00 | Epsilon 0.0100
Seed 6 | Episode 937 | Reward -300.00 | Epsilon 0.0100
Seed 6 | Episode 938 | Reward -300.00 | Epsilon 0.0100
Seed 6 | Episode 939 | Reward -300.00 | Epsilon 0.0100
Seed 6 | Episode 940 | Reward -300.00 | Epsilon 0.0100
Seed 6 | Episode 941 | Reward -300.00 | Epsilon 0.0100
Seed 6 | Episode 942 | Reward -300.00 | Epsilon 0.0100
Seed 6 | Episode 943 | Reward -300.00 | Epsilon 0.0100
Seed 6 | Episode 944 | Reward -300.00 | Epsilon 0.0100
Seed 6 | Episode 945 | Reward -26.00 | Epsilon 0.0100
Seed 6 | Episode 946 | Reward -300.00 | Epsilon 0.0100
Seed 6 | Episode 947 | Reward -300.00 | Epsilon 0.0100
Seed 6 | Episode 948 | Reward -300.00 | Epsilon 0.0100
Seed 6 | Episode 949 | Reward -300.00 | Epsilon 0.0100
Seed 6 | Episode 950 | Reward -300.00 | Epsilon 0.0100
Seed 6 | Episode 951 | Reward -300.00 | Epsilon 0.0100
Seed 6 | Episode 952 | Reward -300.00 | Epsilon 0.0100
Seed 6 | Episode 953 | Reward -300.00 | Epsilon 0.0100
Seed 6 | Episode 954 | Reward -300.00 | Epsilon 0.0100
Seed 6 | Episode 955 | Reward -300.00 | Epsilon 0.0100
Seed 6 | Episode 956 | Reward -300.00 | Epsilon 0.0100
Seed 6 | Episode 957 | Reward -300.00 | Epsilon 0.0100
Seed 6 | Episode 958 | Reward -300.00 | Epsilon 0.0100
Seed 6 | Episode 959 | Reward -300.00 | Epsilon 0.0100
Seed 6 | Episode 960 | Reward -300.00 | Epsilon 0.0100
Seed 6 | Episode 961 | Reward -300.00 | Epsilon 0.0100
Seed 6 | Episode 962 | Reward -300.00 | Epsilon 0.0100
Seed 6 | Episode 963 | Reward -300.00 | Epsilon 0.0100
Seed 6 | Episode 964 | Reward -300.00 | Epsilon 0.0100
Seed 6 | Episode 965 | Reward -300.00 | Epsilon 0.0100
Seed 6 | Episode 966 | Reward -300.00 | Epsilon 0.0100
Seed 6 | Episode 967 | Reward -300.00 | Epsilon 0.0100
Seed 6 | Episode 968 | Reward -300.00 | Epsilon 0.0100
Seed 6 | Episode 969 | Reward -300.00 | Epsilon 0.0100
Seed 6 | Episode 970 | Reward -300.00 | Epsilon 0.0100
Seed 6 | Episode 971 | Reward -300.00 | Epsilon 0.0100
Seed 6 | Episode 972 | Reward -300.00 | Epsilon 0.0100
Seed 6 | Episode 973 | Reward -300.00 | Epsilon 0.0100
Seed 6 | Episode 974 | Reward -300.00 | Epsilon 0.0100
Seed 6 | Episode 975 | Reward -300.00 | Epsilon 0.0100
Seed 6 | Episode 976 | Reward -300.00 | Epsilon 0.0100
Seed 6 | Episode 977 | Reward -300.00 | Epsilon 0.0100
Seed 6 | Episode 978 | Reward -300.00 | Epsilon 0.0100
Seed 6 | Episode 979 | Reward -300.00 | Epsilon 0.0100
Seed 6 | Episode 980 | Reward -300.00 | Epsilon 0.0100
Seed 6 | Episode 981 | Reward -300.00 | Epsilon 0.0100
Seed 6 | Episode 982 | Reward -300.00 | Epsilon 0.0100
Seed 6 | Episode 983 | Reward -300.00 | Epsilon 0.0100
Seed 6 | Episode 984 | Reward -300.00 | Epsilon 0.0100
Seed 6 | Episode 985 | Reward -300.00 | Epsilon 0.0100
Seed 6 | Episode 986 | Reward -300.00 | Epsilon 0.0100
Seed 6 | Episode 987 | Reward -300.00 | Epsilon 0.0100
Seed 6 | Episode 988 | Reward -300.00 | Epsilon 0.0100
Seed 6 | Episode 989 | Reward -300.00 | Epsilon 0.0100
Seed 6 | Episode 990 | Reward -300.00 | Epsilon 0.0100
Seed 6 | Episode 991 | Reward -300.00 | Epsilon 0.0100
Seed 6 | Episode 992 | Reward -300.00 | Epsilon 0.0100
Seed 6 | Episode 993 | Reward -300.00 | Epsilon 0.0100
Seed 6 | Episode 994 | Reward -300.00 | Epsilon 0.0100
Seed 6 | Episode 995 | Reward -300.00 | Epsilon 0.0100
Seed 6 | Episode 996 | Reward -300.00 | Epsilon 0.0100
Seed 6 | Episode 997 | Reward -300.00 | Epsilon 0.0100
Seed 6 | Episode 998 | Reward -300.00 | Epsilon 0.0100
Seed 6 | Episode 999 | Reward -300.00 | Epsilon 0.0100
Finished seed 6
