starting job
Sun Dec  7 19:38:00 2025       
+-----------------------------------------------------------------------------------------+
| NVIDIA-SMI 580.65.06              Driver Version: 580.65.06      CUDA Version: 13.0     |
+-----------------------------------------+------------------------+----------------------+
| GPU  Name                 Persistence-M | Bus-Id          Disp.A | Volatile Uncorr. ECC |
| Fan  Temp   Perf          Pwr:Usage/Cap |           Memory-Usage | GPU-Util  Compute M. |
|                                         |                        |               MIG M. |
|=========================================+========================+======================|
|   0  NVIDIA H100 80GB HBM3          On  |   00000000:4C:00.0 Off |                   On |
| N/A   40C    P0            445W /  700W |   36270MiB /  81559MiB |     N/A      Default |
|                                         |                        |              Enabled |
+-----------------------------------------+------------------------+----------------------+

+-----------------------------------------------------------------------------------------+
| MIG devices:                                                                            |
+------------------+----------------------------------+-----------+-----------------------+
| GPU  GI  CI  MIG |              Shared Memory-Usage |        Vol|        Shared         |
|      ID  ID  Dev |                Shared BAR1-Usage | SM     Unc| CE ENC  DEC  OFA  JPG |
|                  |                                  |        ECC|                       |
|==================+==================================+===========+=======================|
|  0    9   0   0  |              15MiB /  9984MiB    | 16      0 |  1   0    1    0    1 |
|                  |               0MiB /  6185MiB    |           |                       |
+------------------+----------------------------------+-----------+-----------------------+

+-----------------------------------------------------------------------------------------+
| Processes:                                                                              |
|  GPU   GI   CI              PID   Type   Process name                        GPU Memory |
|        ID   ID                                                               Usage      |
|=========================================================================================|
|  No running processes found                                                             |
+-----------------------------------------------------------------------------------------+
Running seed 1
Gym has been unmaintained since 2022 and does not support NumPy 2.0 amongst other critical functionality.
Please upgrade to Gymnasium, the maintained drop-in replacement of Gym, or contact the authors of your software and request that they upgrade.
Users of this version of Gym should be able to simply replace 'import gym' with 'import gymnasium as gym' in the vast majority of cases.
See the migration guide at https://gymnasium.farama.org/introduction/migration_guide/ for additional information.
Seed 1 | Episode 0 | Reward -300.00 | Epsilon 0.9987
Seed 1 | Episode 1 | Reward -300.00 | Epsilon 0.9897
Seed 1 | Episode 2 | Reward -300.00 | Epsilon 0.9808
Seed 1 | Episode 3 | Reward -300.00 | Epsilon 0.9720
Seed 1 | Episode 4 | Reward -300.00 | Epsilon 0.9633
Seed 1 | Episode 5 | Reward -300.00 | Epsilon 0.9547
Seed 1 | Episode 6 | Reward -300.00 | Epsilon 0.9462
Seed 1 | Episode 7 | Reward -300.00 | Epsilon 0.9377
Seed 1 | Episode 8 | Reward -300.00 | Epsilon 0.9293
Seed 1 | Episode 9 | Reward -300.00 | Epsilon 0.9209
Seed 1 | Episode 10 | Reward -300.00 | Epsilon 0.9127
Seed 1 | Episode 11 | Reward -300.00 | Epsilon 0.9045
Seed 1 | Episode 12 | Reward -34.00 | Epsilon 0.9009
Seed 1 | Episode 13 | Reward -300.00 | Epsilon 0.8928
Seed 1 | Episode 14 | Reward -300.00 | Epsilon 0.8848
Seed 1 | Episode 15 | Reward -300.00 | Epsilon 0.8769
Seed 1 | Episode 16 | Reward -300.00 | Epsilon 0.8690
Seed 1 | Episode 17 | Reward -300.00 | Epsilon 0.8612
Seed 1 | Episode 18 | Reward -300.00 | Epsilon 0.8535
Seed 1 | Episode 19 | Reward -300.00 | Epsilon 0.8459
Seed 1 | Episode 20 | Reward -300.00 | Epsilon 0.8383
Seed 1 | Episode 21 | Reward -300.00 | Epsilon 0.8308
Seed 1 | Episode 22 | Reward -300.00 | Epsilon 0.8233
Seed 1 | Episode 23 | Reward -300.00 | Epsilon 0.8159
Seed 1 | Episode 24 | Reward -300.00 | Epsilon 0.8086
Seed 1 | Episode 25 | Reward -300.00 | Epsilon 0.8014
Seed 1 | Episode 26 | Reward -300.00 | Epsilon 0.7942
Seed 1 | Episode 27 | Reward -300.00 | Epsilon 0.7871
Seed 1 | Episode 28 | Reward -300.00 | Epsilon 0.7800
Seed 1 | Episode 29 | Reward 48.00 | Epsilon 0.7788
Seed 1 | Episode 30 | Reward -300.00 | Epsilon 0.7718
Seed 1 | Episode 31 | Reward -300.00 | Epsilon 0.7649
Seed 1 | Episode 32 | Reward -300.00 | Epsilon 0.7581
Seed 1 | Episode 33 | Reward -300.00 | Epsilon 0.7513
Seed 1 | Episode 34 | Reward -300.00 | Epsilon 0.7445
Seed 1 | Episode 35 | Reward -300.00 | Epsilon 0.7379
Seed 1 | Episode 36 | Reward -300.00 | Epsilon 0.7313
Seed 1 | Episode 37 | Reward -300.00 | Epsilon 0.7247
Seed 1 | Episode 38 | Reward -300.00 | Epsilon 0.7182
Seed 1 | Episode 39 | Reward -300.00 | Epsilon 0.7118
Seed 1 | Episode 40 | Reward -300.00 | Epsilon 0.7054
Seed 1 | Episode 41 | Reward -300.00 | Epsilon 0.6991
Seed 1 | Episode 42 | Reward -300.00 | Epsilon 0.6928
Seed 1 | Episode 43 | Reward -300.00 | Epsilon 0.6866
Seed 1 | Episode 44 | Reward -300.00 | Epsilon 0.6805
Seed 1 | Episode 45 | Reward -300.00 | Epsilon 0.6744
Seed 1 | Episode 46 | Reward -300.00 | Epsilon 0.6683
Seed 1 | Episode 47 | Reward -300.00 | Epsilon 0.6623
Seed 1 | Episode 48 | Reward -300.00 | Epsilon 0.6564
Seed 1 | Episode 49 | Reward -300.00 | Epsilon 0.6505
Seed 1 | Episode 50 | Reward -300.00 | Epsilon 0.6447
Seed 1 | Episode 51 | Reward -300.00 | Epsilon 0.6389
Seed 1 | Episode 52 | Reward -300.00 | Epsilon 0.6332
Seed 1 | Episode 53 | Reward -300.00 | Epsilon 0.6275
Seed 1 | Episode 54 | Reward -300.00 | Epsilon 0.6219
Seed 1 | Episode 55 | Reward -300.00 | Epsilon 0.6163
Seed 1 | Episode 56 | Reward -300.00 | Epsilon 0.6108
Seed 1 | Episode 57 | Reward -300.00 | Epsilon 0.6053
Seed 1 | Episode 58 | Reward -300.00 | Epsilon 0.5999
Seed 1 | Episode 59 | Reward -300.00 | Epsilon 0.5945
Seed 1 | Episode 60 | Reward -300.00 | Epsilon 0.5892
Seed 1 | Episode 61 | Reward -300.00 | Epsilon 0.5839
Seed 1 | Episode 62 | Reward -300.00 | Epsilon 0.5787
Seed 1 | Episode 63 | Reward -300.00 | Epsilon 0.5735
Seed 1 | Episode 64 | Reward -300.00 | Epsilon 0.5684
Seed 1 | Episode 65 | Reward -300.00 | Epsilon 0.5633
Seed 1 | Episode 66 | Reward -300.00 | Epsilon 0.5582
Seed 1 | Episode 67 | Reward -300.00 | Epsilon 0.5532
Seed 1 | Episode 68 | Reward -300.00 | Epsilon 0.5483
Seed 1 | Episode 69 | Reward -300.00 | Epsilon 0.5434
Seed 1 | Episode 70 | Reward -300.00 | Epsilon 0.5385
Seed 1 | Episode 71 | Reward -300.00 | Epsilon 0.5337
Seed 1 | Episode 72 | Reward -300.00 | Epsilon 0.5289
Seed 1 | Episode 73 | Reward -300.00 | Epsilon 0.5241
Seed 1 | Episode 74 | Reward -300.00 | Epsilon 0.5194
Seed 1 | Episode 75 | Reward -300.00 | Epsilon 0.5148
Seed 1 | Episode 76 | Reward -300.00 | Epsilon 0.5102
Seed 1 | Episode 77 | Reward -300.00 | Epsilon 0.5056
Seed 1 | Episode 78 | Reward -300.00 | Epsilon 0.5011
Seed 1 | Episode 79 | Reward -300.00 | Epsilon 0.4966
Seed 1 | Episode 80 | Reward -300.00 | Epsilon 0.4921
Seed 1 | Episode 81 | Reward -300.00 | Epsilon 0.4877
Seed 1 | Episode 82 | Reward -300.00 | Epsilon 0.4834
Seed 1 | Episode 83 | Reward -300.00 | Epsilon 0.4790
Seed 1 | Episode 84 | Reward -300.00 | Epsilon 0.4747
Seed 1 | Episode 85 | Reward -300.00 | Epsilon 0.4705
Seed 1 | Episode 86 | Reward -300.00 | Epsilon 0.4663
Seed 1 | Episode 87 | Reward -300.00 | Epsilon 0.4621
Seed 1 | Episode 88 | Reward -300.00 | Epsilon 0.4579
Seed 1 | Episode 89 | Reward -300.00 | Epsilon 0.4538
Seed 1 | Episode 90 | Reward -300.00 | Epsilon 0.4498
Seed 1 | Episode 91 | Reward -300.00 | Epsilon 0.4457
Seed 1 | Episode 92 | Reward -300.00 | Epsilon 0.4418
Seed 1 | Episode 93 | Reward -300.00 | Epsilon 0.4378
Seed 1 | Episode 94 | Reward -300.00 | Epsilon 0.4339
Seed 1 | Episode 95 | Reward -300.00 | Epsilon 0.4300
Seed 1 | Episode 96 | Reward -300.00 | Epsilon 0.4261
Seed 1 | Episode 97 | Reward -300.00 | Epsilon 0.4223
Seed 1 | Episode 98 | Reward 30.00 | Epsilon 0.4214
Seed 1 | Episode 99 | Reward -300.00 | Epsilon 0.4176
Seed 1 | Episode 100 | Reward -300.00 | Epsilon 0.4139
Seed 1 | Episode 101 | Reward -300.00 | Epsilon 0.4102
Seed 1 | Episode 102 | Reward -300.00 | Epsilon 0.4065
Seed 1 | Episode 103 | Reward -300.00 | Epsilon 0.4029
Seed 1 | Episode 104 | Reward -300.00 | Epsilon 0.3993
Seed 1 | Episode 105 | Reward -300.00 | Epsilon 0.3957
Seed 1 | Episode 106 | Reward -300.00 | Epsilon 0.3921
Seed 1 | Episode 107 | Reward -300.00 | Epsilon 0.3886
Seed 1 | Episode 108 | Reward -300.00 | Epsilon 0.3851
Seed 1 | Episode 109 | Reward -300.00 | Epsilon 0.3817
Seed 1 | Episode 110 | Reward -300.00 | Epsilon 0.3783
Seed 1 | Episode 111 | Reward -300.00 | Epsilon 0.3749
Seed 1 | Episode 112 | Reward -300.00 | Epsilon 0.3715
Seed 1 | Episode 113 | Reward -300.00 | Epsilon 0.3682
Seed 1 | Episode 114 | Reward -300.00 | Epsilon 0.3649
Seed 1 | Episode 115 | Reward -300.00 | Epsilon 0.3616
Seed 1 | Episode 116 | Reward -300.00 | Epsilon 0.3584
Seed 1 | Episode 117 | Reward -300.00 | Epsilon 0.3552
Seed 1 | Episode 118 | Reward -300.00 | Epsilon 0.3520
Seed 1 | Episode 119 | Reward -300.00 | Epsilon 0.3488
Seed 1 | Episode 120 | Reward -300.00 | Epsilon 0.3457
Seed 1 | Episode 121 | Reward 50.00 | Epsilon 0.3452
Seed 1 | Episode 122 | Reward -300.00 | Epsilon 0.3421
Seed 1 | Episode 123 | Reward -300.00 | Epsilon 0.3390
Seed 1 | Episode 124 | Reward -300.00 | Epsilon 0.3360
Seed 1 | Episode 125 | Reward -300.00 | Epsilon 0.3330
Seed 1 | Episode 126 | Reward -300.00 | Epsilon 0.3300
Seed 1 | Episode 127 | Reward -300.00 | Epsilon 0.3270
Seed 1 | Episode 128 | Reward -300.00 | Epsilon 0.3241
Seed 1 | Episode 129 | Reward -300.00 | Epsilon 0.3212
Seed 1 | Episode 130 | Reward -300.00 | Epsilon 0.3183
Seed 1 | Episode 131 | Reward -300.00 | Epsilon 0.3155
Seed 1 | Episode 132 | Reward -300.00 | Epsilon 0.3127
Seed 1 | Episode 133 | Reward -300.00 | Epsilon 0.3098
Seed 1 | Episode 134 | Reward 45.00 | Epsilon 0.3093
Seed 1 | Episode 135 | Reward -300.00 | Epsilon 0.3066
Seed 1 | Episode 136 | Reward 43.00 | Epsilon 0.3060
Seed 1 | Episode 137 | Reward -300.00 | Epsilon 0.3033
Seed 1 | Episode 138 | Reward -300.00 | Epsilon 0.3006
Seed 1 | Episode 139 | Reward -300.00 | Epsilon 0.2979
Seed 1 | Episode 140 | Reward -300.00 | Epsilon 0.2952
Seed 1 | Episode 141 | Reward -300.00 | Epsilon 0.2926
Seed 1 | Episode 142 | Reward -300.00 | Epsilon 0.2899
Seed 1 | Episode 143 | Reward -300.00 | Epsilon 0.2873
Seed 1 | Episode 144 | Reward -300.00 | Epsilon 0.2848
Seed 1 | Episode 145 | Reward -149.00 | Epsilon 0.2826
Seed 1 | Episode 146 | Reward -300.00 | Epsilon 0.2801
Seed 1 | Episode 147 | Reward -300.00 | Epsilon 0.2776
Seed 1 | Episode 148 | Reward -300.00 | Epsilon 0.2751
Seed 1 | Episode 149 | Reward -162.00 | Epsilon 0.2729
Seed 1 | Episode 150 | Reward -300.00 | Epsilon 0.2705
Seed 1 | Episode 151 | Reward -300.00 | Epsilon 0.2681
Seed 1 | Episode 152 | Reward -57.00 | Epsilon 0.2668
Seed 1 | Episode 153 | Reward -182.00 | Epsilon 0.2646
Seed 1 | Episode 154 | Reward -159.00 | Epsilon 0.2625
Seed 1 | Episode 155 | Reward -300.00 | Epsilon 0.2601
Seed 1 | Episode 156 | Reward -67.00 | Epsilon 0.2588
Seed 1 | Episode 157 | Reward 40.00 | Epsilon 0.2584
Seed 1 | Episode 158 | Reward -40.00 | Epsilon 0.2573
Seed 1 | Episode 159 | Reward -300.00 | Epsilon 0.2550
Seed 1 | Episode 160 | Reward -7.00 | Epsilon 0.2541
Seed 1 | Episode 161 | Reward 34.00 | Epsilon 0.2536
Seed 1 | Episode 162 | Reward -300.00 | Epsilon 0.2514
Seed 1 | Episode 163 | Reward -300.00 | Epsilon 0.2491
Seed 1 | Episode 164 | Reward 57.00 | Epsilon 0.2488
Seed 1 | Episode 165 | Reward 44.00 | Epsilon 0.2484
Seed 1 | Episode 166 | Reward -124.00 | Epsilon 0.2467
Seed 1 | Episode 167 | Reward -300.00 | Epsilon 0.2445
Seed 1 | Episode 168 | Reward 33.00 | Epsilon 0.2440
Seed 1 | Episode 169 | Reward -300.00 | Epsilon 0.2418
Seed 1 | Episode 170 | Reward -31.00 | Epsilon 0.2408
Seed 1 | Episode 171 | Reward -70.00 | Epsilon 0.2396
Seed 1 | Episode 172 | Reward -300.00 | Epsilon 0.2375
Seed 1 | Episode 173 | Reward 47.00 | Epsilon 0.2371
Seed 1 | Episode 174 | Reward 50.00 | Epsilon 0.2367
Seed 1 | Episode 175 | Reward -300.00 | Epsilon 0.2346
Seed 1 | Episode 176 | Reward 43.00 | Epsilon 0.2342
Seed 1 | Episode 177 | Reward -48.00 | Epsilon 0.2331
Seed 1 | Episode 178 | Reward -300.00 | Epsilon 0.2310
Seed 1 | Episode 179 | Reward 55.00 | Epsilon 0.2307
Seed 1 | Episode 180 | Reward -300.00 | Epsilon 0.2287
Seed 1 | Episode 181 | Reward 35.00 | Epsilon 0.2282
Seed 1 | Episode 182 | Reward -300.00 | Epsilon 0.2262
Seed 1 | Episode 183 | Reward -300.00 | Epsilon 0.2241
Seed 1 | Episode 184 | Reward -157.00 | Epsilon 0.2224
Seed 1 | Episode 185 | Reward -107.00 | Epsilon 0.2210
Seed 1 | Episode 186 | Reward 60.00 | Epsilon 0.2208
Seed 1 | Episode 187 | Reward 15.00 | Epsilon 0.2202
Seed 1 | Episode 188 | Reward 35.00 | Epsilon 0.2198
Seed 1 | Episode 189 | Reward 59.00 | Epsilon 0.2195
Seed 1 | Episode 190 | Reward -300.00 | Epsilon 0.2175
Seed 1 | Episode 191 | Reward -143.00 | Epsilon 0.2159
Seed 1 | Episode 192 | Reward 46.00 | Epsilon 0.2156
Seed 1 | Episode 193 | Reward -13.00 | Epsilon 0.2148
Seed 1 | Episode 194 | Reward 44.00 | Epsilon 0.2145
Seed 1 | Episode 195 | Reward -85.00 | Epsilon 0.2133
Seed 1 | Episode 196 | Reward -300.00 | Epsilon 0.2114
Seed 1 | Episode 197 | Reward 44.00 | Epsilon 0.2110
Seed 1 | Episode 198 | Reward -41.00 | Epsilon 0.2101
Seed 1 | Episode 199 | Reward 54.00 | Epsilon 0.2098
Seed 1 | Episode 200 | Reward 55.00 | Epsilon 0.2095
Seed 1 | Episode 201 | Reward -49.00 | Epsilon 0.2086
Seed 1 | Episode 202 | Reward -56.00 | Epsilon 0.2076
Seed 1 | Episode 203 | Reward -300.00 | Epsilon 0.2057
Seed 1 | Episode 204 | Reward 55.00 | Epsilon 0.2054
Seed 1 | Episode 205 | Reward -17.00 | Epsilon 0.2047
Seed 1 | Episode 206 | Reward -107.00 | Epsilon 0.2035
Seed 1 | Episode 207 | Reward -300.00 | Epsilon 0.2016
Seed 1 | Episode 208 | Reward 62.00 | Epsilon 0.2014
Seed 1 | Episode 209 | Reward 60.00 | Epsilon 0.2011
Seed 1 | Episode 210 | Reward -166.00 | Epsilon 0.1995
Seed 1 | Episode 211 | Reward 54.00 | Epsilon 0.1993
Seed 1 | Episode 212 | Reward -300.00 | Epsilon 0.1975
Seed 1 | Episode 213 | Reward 58.00 | Epsilon 0.1972
Seed 1 | Episode 214 | Reward 53.00 | Epsilon 0.1969
Seed 1 | Episode 215 | Reward 54.00 | Epsilon 0.1967
Seed 1 | Episode 216 | Reward 56.00 | Epsilon 0.1964
Seed 1 | Episode 217 | Reward 53.00 | Epsilon 0.1961
Seed 1 | Episode 218 | Reward -137.00 | Epsilon 0.1947
Seed 1 | Episode 219 | Reward 59.00 | Epsilon 0.1945
Seed 1 | Episode 220 | Reward 53.00 | Epsilon 0.1942
Seed 1 | Episode 221 | Reward -300.00 | Epsilon 0.1924
Seed 1 | Episode 222 | Reward 45.00 | Epsilon 0.1921
Seed 1 | Episode 223 | Reward -300.00 | Epsilon 0.1904
Seed 1 | Episode 224 | Reward 18.00 | Epsilon 0.1899
Seed 1 | Episode 225 | Reward -300.00 | Epsilon 0.1882
Seed 1 | Episode 226 | Reward 52.00 | Epsilon 0.1880
Seed 1 | Episode 227 | Reward 33.00 | Epsilon 0.1876
Seed 1 | Episode 228 | Reward 56.00 | Epsilon 0.1873
Seed 1 | Episode 229 | Reward -66.00 | Epsilon 0.1864
Seed 1 | Episode 230 | Reward 52.00 | Epsilon 0.1861
Seed 1 | Episode 231 | Reward -48.00 | Epsilon 0.1853
Seed 1 | Episode 232 | Reward 53.00 | Epsilon 0.1850
Seed 1 | Episode 233 | Reward -115.00 | Epsilon 0.1838
Seed 1 | Episode 234 | Reward 55.00 | Epsilon 0.1836
Seed 1 | Episode 235 | Reward 42.00 | Epsilon 0.1832
Seed 1 | Episode 236 | Reward 44.00 | Epsilon 0.1829
Seed 1 | Episode 237 | Reward -118.00 | Epsilon 0.1817
Seed 1 | Episode 238 | Reward -40.00 | Epsilon 0.1810
Seed 1 | Episode 239 | Reward 59.00 | Epsilon 0.1807
Seed 1 | Episode 240 | Reward -137.00 | Epsilon 0.1794
Seed 1 | Episode 241 | Reward 49.00 | Epsilon 0.1792
Seed 1 | Episode 242 | Reward -79.00 | Epsilon 0.1782
Seed 1 | Episode 243 | Reward 59.00 | Epsilon 0.1780
Seed 1 | Episode 244 | Reward 41.00 | Epsilon 0.1777
Seed 1 | Episode 245 | Reward -300.00 | Epsilon 0.1761
Seed 1 | Episode 246 | Reward -300.00 | Epsilon 0.1745
Seed 1 | Episode 247 | Reward 22.00 | Epsilon 0.1741
Seed 1 | Episode 248 | Reward 37.00 | Epsilon 0.1737
Seed 1 | Episode 249 | Reward 34.00 | Epsilon 0.1734
Seed 1 | Episode 250 | Reward 58.00 | Epsilon 0.1732
Seed 1 | Episode 251 | Reward 44.00 | Epsilon 0.1729
Seed 1 | Episode 252 | Reward -300.00 | Epsilon 0.1713
Seed 1 | Episode 253 | Reward -34.00 | Epsilon 0.1706
Seed 1 | Episode 254 | Reward 49.00 | Epsilon 0.1704
Seed 1 | Episode 255 | Reward 38.00 | Epsilon 0.1700
Seed 1 | Episode 256 | Reward -300.00 | Epsilon 0.1685
Seed 1 | Episode 257 | Reward 60.00 | Epsilon 0.1683
Seed 1 | Episode 258 | Reward -59.00 | Epsilon 0.1675
Seed 1 | Episode 259 | Reward 52.00 | Epsilon 0.1673
Seed 1 | Episode 260 | Reward 47.00 | Epsilon 0.1670
Seed 1 | Episode 261 | Reward 45.00 | Epsilon 0.1667
Seed 1 | Episode 262 | Reward 40.00 | Epsilon 0.1664
Seed 1 | Episode 263 | Reward -55.00 | Epsilon 0.1656
Seed 1 | Episode 264 | Reward 57.00 | Epsilon 0.1654
Seed 1 | Episode 265 | Reward -40.00 | Epsilon 0.1647
Seed 1 | Episode 266 | Reward -300.00 | Epsilon 0.1632
Seed 1 | Episode 267 | Reward 33.00 | Epsilon 0.1629
Seed 1 | Episode 268 | Reward -79.00 | Epsilon 0.1620
Seed 1 | Episode 269 | Reward -165.00 | Epsilon 0.1607
Seed 1 | Episode 270 | Reward 60.00 | Epsilon 0.1605
Seed 1 | Episode 271 | Reward 20.00 | Epsilon 0.1601
Seed 1 | Episode 272 | Reward 54.00 | Epsilon 0.1599
Seed 1 | Episode 273 | Reward 51.00 | Epsilon 0.1597
Seed 1 | Episode 274 | Reward -300.00 | Epsilon 0.1583
Seed 1 | Episode 275 | Reward 48.00 | Epsilon 0.1580
Seed 1 | Episode 276 | Reward 49.00 | Epsilon 0.1578
Seed 1 | Episode 277 | Reward 56.00 | Epsilon 0.1575
Seed 1 | Episode 278 | Reward -51.00 | Epsilon 0.1568
Seed 1 | Episode 279 | Reward 61.00 | Epsilon 0.1566
Seed 1 | Episode 280 | Reward -300.00 | Epsilon 0.1552
Seed 1 | Episode 281 | Reward 30.00 | Epsilon 0.1549
Seed 1 | Episode 282 | Reward 50.00 | Epsilon 0.1547
Seed 1 | Episode 283 | Reward 44.00 | Epsilon 0.1544
Seed 1 | Episode 284 | Reward -91.00 | Epsilon 0.1535
Seed 1 | Episode 285 | Reward -15.00 | Epsilon 0.1530
Seed 1 | Episode 286 | Reward 60.00 | Epsilon 0.1528
Seed 1 | Episode 287 | Reward 46.00 | Epsilon 0.1525
Seed 1 | Episode 288 | Reward 51.00 | Epsilon 0.1523
Seed 1 | Episode 289 | Reward -33.00 | Epsilon 0.1517
Seed 1 | Episode 290 | Reward -67.00 | Epsilon 0.1509
Seed 1 | Episode 291 | Reward 53.00 | Epsilon 0.1507
Seed 1 | Episode 292 | Reward 52.00 | Epsilon 0.1505
Seed 1 | Episode 293 | Reward 52.00 | Epsilon 0.1503
Seed 1 | Episode 294 | Reward 42.00 | Epsilon 0.1500
Seed 1 | Episode 295 | Reward 59.00 | Epsilon 0.1498
Seed 1 | Episode 296 | Reward 50.00 | Epsilon 0.1496
Seed 1 | Episode 297 | Reward 55.00 | Epsilon 0.1494
Seed 1 | Episode 298 | Reward 51.00 | Epsilon 0.1492
Seed 1 | Episode 299 | Reward 51.00 | Epsilon 0.1489
Seed 1 | Episode 300 | Reward 51.00 | Epsilon 0.1487
Seed 1 | Episode 301 | Reward 57.00 | Epsilon 0.1485
Seed 1 | Episode 302 | Reward 48.00 | Epsilon 0.1483
Seed 1 | Episode 303 | Reward 53.00 | Epsilon 0.1481
Seed 1 | Episode 304 | Reward 3.00 | Epsilon 0.1476
Seed 1 | Episode 305 | Reward 57.00 | Epsilon 0.1474
Seed 1 | Episode 306 | Reward 47.00 | Epsilon 0.1472
Seed 1 | Episode 307 | Reward 54.00 | Epsilon 0.1470
Seed 1 | Episode 308 | Reward 43.00 | Epsilon 0.1467
Seed 1 | Episode 309 | Reward 61.00 | Epsilon 0.1466
Seed 1 | Episode 310 | Reward 36.00 | Epsilon 0.1463
Seed 1 | Episode 311 | Reward -41.00 | Epsilon 0.1457
Seed 1 | Episode 312 | Reward 49.00 | Epsilon 0.1454
Seed 1 | Episode 313 | Reward 48.00 | Epsilon 0.1452
Seed 1 | Episode 314 | Reward 44.00 | Epsilon 0.1450
Seed 1 | Episode 315 | Reward 48.00 | Epsilon 0.1447
Seed 1 | Episode 316 | Reward -31.00 | Epsilon 0.1442
Seed 1 | Episode 317 | Reward 41.00 | Epsilon 0.1439
Seed 1 | Episode 318 | Reward 36.00 | Epsilon 0.1436
Seed 1 | Episode 319 | Reward 44.00 | Epsilon 0.1434
Seed 1 | Episode 320 | Reward 58.00 | Epsilon 0.1432
Seed 1 | Episode 321 | Reward 40.00 | Epsilon 0.1429
Seed 1 | Episode 322 | Reward 54.00 | Epsilon 0.1427
Seed 1 | Episode 323 | Reward 41.00 | Epsilon 0.1425
Seed 1 | Episode 324 | Reward 32.00 | Epsilon 0.1422
Seed 1 | Episode 325 | Reward 45.00 | Epsilon 0.1419
Seed 1 | Episode 326 | Reward 43.00 | Epsilon 0.1417
Seed 1 | Episode 327 | Reward 43.00 | Epsilon 0.1414
Seed 1 | Episode 328 | Reward 28.00 | Epsilon 0.1411
Seed 1 | Episode 329 | Reward 38.00 | Epsilon 0.1409
Seed 1 | Episode 330 | Reward 53.00 | Epsilon 0.1407
Seed 1 | Episode 331 | Reward 33.00 | Epsilon 0.1404
Seed 1 | Episode 332 | Reward 52.00 | Epsilon 0.1402
Seed 1 | Episode 333 | Reward 39.00 | Epsilon 0.1399
Seed 1 | Episode 334 | Reward 44.00 | Epsilon 0.1397
Seed 1 | Episode 335 | Reward 57.00 | Epsilon 0.1395
Seed 1 | Episode 336 | Reward 1.00 | Epsilon 0.1391
Seed 1 | Episode 337 | Reward 34.00 | Epsilon 0.1388
Seed 1 | Episode 338 | Reward 43.00 | Epsilon 0.1385
Seed 1 | Episode 339 | Reward 50.00 | Epsilon 0.1383
Seed 1 | Episode 340 | Reward 53.00 | Epsilon 0.1381
Seed 1 | Episode 341 | Reward 33.00 | Epsilon 0.1378
Seed 1 | Episode 342 | Reward 39.00 | Epsilon 0.1376
Seed 1 | Episode 343 | Reward 50.00 | Epsilon 0.1374
Seed 1 | Episode 344 | Reward 37.00 | Epsilon 0.1371
Seed 1 | Episode 345 | Reward 26.00 | Epsilon 0.1368
Seed 1 | Episode 346 | Reward 45.00 | Epsilon 0.1366
Seed 1 | Episode 347 | Reward -7.00 | Epsilon 0.1361
Seed 1 | Episode 348 | Reward 53.00 | Epsilon 0.1359
Seed 1 | Episode 349 | Reward 51.00 | Epsilon 0.1357
Seed 1 | Episode 350 | Reward 61.00 | Epsilon 0.1356
Seed 1 | Episode 351 | Reward 37.00 | Epsilon 0.1353
Seed 1 | Episode 352 | Reward 50.00 | Epsilon 0.1351
Seed 1 | Episode 353 | Reward 37.00 | Epsilon 0.1349
Seed 1 | Episode 354 | Reward -95.00 | Epsilon 0.1341
Seed 1 | Episode 355 | Reward 33.00 | Epsilon 0.1338
Seed 1 | Episode 356 | Reward 47.00 | Epsilon 0.1336
Seed 1 | Episode 357 | Reward 51.00 | Epsilon 0.1334
Seed 1 | Episode 358 | Reward 54.00 | Epsilon 0.1332
Seed 1 | Episode 359 | Reward 56.00 | Epsilon 0.1330
Seed 1 | Episode 360 | Reward 41.00 | Epsilon 0.1328
Seed 1 | Episode 361 | Reward -1.00 | Epsilon 0.1324
Seed 1 | Episode 362 | Reward 48.00 | Epsilon 0.1321
Seed 1 | Episode 363 | Reward 43.00 | Epsilon 0.1319
Seed 1 | Episode 364 | Reward 48.00 | Epsilon 0.1317
Seed 1 | Episode 365 | Reward 39.00 | Epsilon 0.1315
Seed 1 | Episode 366 | Reward 32.00 | Epsilon 0.1312
Seed 1 | Episode 367 | Reward 52.00 | Epsilon 0.1310
Seed 1 | Episode 368 | Reward 39.00 | Epsilon 0.1308
Seed 1 | Episode 369 | Reward 50.00 | Epsilon 0.1306
Seed 1 | Episode 370 | Reward 55.00 | Epsilon 0.1304
Seed 1 | Episode 371 | Reward 50.00 | Epsilon 0.1302
Seed 1 | Episode 372 | Reward 45.00 | Epsilon 0.1300
Seed 1 | Episode 373 | Reward 58.00 | Epsilon 0.1298
Seed 1 | Episode 374 | Reward 42.00 | Epsilon 0.1296
Seed 1 | Episode 375 | Reward -3.00 | Epsilon 0.1292
Seed 1 | Episode 376 | Reward 44.00 | Epsilon 0.1289
Seed 1 | Episode 377 | Reward 49.00 | Epsilon 0.1287
Seed 1 | Episode 378 | Reward 39.00 | Epsilon 0.1285
Seed 1 | Episode 379 | Reward 53.00 | Epsilon 0.1283
Seed 1 | Episode 380 | Reward 46.00 | Epsilon 0.1281
Seed 1 | Episode 381 | Reward 5.00 | Epsilon 0.1277
Seed 1 | Episode 382 | Reward 48.00 | Epsilon 0.1275
Seed 1 | Episode 383 | Reward 37.00 | Epsilon 0.1273
Seed 1 | Episode 384 | Reward 58.00 | Epsilon 0.1271
Seed 1 | Episode 385 | Reward 58.00 | Epsilon 0.1270
Seed 1 | Episode 386 | Reward 62.00 | Epsilon 0.1268
Seed 1 | Episode 387 | Reward 55.00 | Epsilon 0.1266
Seed 1 | Episode 388 | Reward 51.00 | Epsilon 0.1264
Seed 1 | Episode 389 | Reward 41.00 | Epsilon 0.1262
Seed 1 | Episode 390 | Reward 46.00 | Epsilon 0.1260
Seed 1 | Episode 391 | Reward 50.00 | Epsilon 0.1258
Seed 1 | Episode 392 | Reward 57.00 | Epsilon 0.1256
Seed 1 | Episode 393 | Reward 49.00 | Epsilon 0.1255
Seed 1 | Episode 394 | Reward 47.00 | Epsilon 0.1253
Seed 1 | Episode 395 | Reward 48.00 | Epsilon 0.1251
Seed 1 | Episode 396 | Reward -6.00 | Epsilon 0.1247
Seed 1 | Episode 397 | Reward 55.00 | Epsilon 0.1245
Seed 1 | Episode 398 | Reward 46.00 | Epsilon 0.1243
Seed 1 | Episode 399 | Reward 50.00 | Epsilon 0.1241
Seed 1 | Episode 400 | Reward 45.00 | Epsilon 0.1239
Seed 1 | Episode 401 | Reward 51.00 | Epsilon 0.1237
Seed 1 | Episode 402 | Reward 41.00 | Epsilon 0.1235
Seed 1 | Episode 403 | Reward 44.00 | Epsilon 0.1233
Seed 1 | Episode 404 | Reward 45.00 | Epsilon 0.1230
Seed 1 | Episode 405 | Reward 27.00 | Epsilon 0.1228
Seed 1 | Episode 406 | Reward 38.00 | Epsilon 0.1225
Seed 1 | Episode 407 | Reward 39.00 | Epsilon 0.1223
Seed 1 | Episode 408 | Reward 37.00 | Epsilon 0.1221
Seed 1 | Episode 409 | Reward 42.00 | Epsilon 0.1219
Seed 1 | Episode 410 | Reward 49.00 | Epsilon 0.1217
Seed 1 | Episode 411 | Reward 30.00 | Epsilon 0.1214
Seed 1 | Episode 412 | Reward 43.00 | Epsilon 0.1212
Seed 1 | Episode 413 | Reward 50.00 | Epsilon 0.1210
Seed 1 | Episode 414 | Reward 41.00 | Epsilon 0.1208
Seed 1 | Episode 415 | Reward 55.00 | Epsilon 0.1206
Seed 1 | Episode 416 | Reward 48.00 | Epsilon 0.1204
Seed 1 | Episode 417 | Reward 55.00 | Epsilon 0.1203
Seed 1 | Episode 418 | Reward 52.00 | Epsilon 0.1201
Seed 1 | Episode 419 | Reward 53.00 | Epsilon 0.1199
Seed 1 | Episode 420 | Reward 62.00 | Epsilon 0.1198
Seed 1 | Episode 421 | Reward 45.00 | Epsilon 0.1196
Seed 1 | Episode 422 | Reward 1.00 | Epsilon 0.1192
Seed 1 | Episode 423 | Reward 58.00 | Epsilon 0.1191
Seed 1 | Episode 424 | Reward 53.00 | Epsilon 0.1189
Seed 1 | Episode 425 | Reward 36.00 | Epsilon 0.1187
Seed 1 | Episode 426 | Reward 62.00 | Epsilon 0.1185
Seed 1 | Episode 427 | Reward 47.00 | Epsilon 0.1183
Seed 1 | Episode 428 | Reward 52.00 | Epsilon 0.1182
Seed 1 | Episode 429 | Reward 48.00 | Epsilon 0.1180
Seed 1 | Episode 430 | Reward 43.00 | Epsilon 0.1178
Seed 1 | Episode 431 | Reward 49.00 | Epsilon 0.1176
Seed 1 | Episode 432 | Reward 45.00 | Epsilon 0.1174
Seed 1 | Episode 433 | Reward 56.00 | Epsilon 0.1172
Seed 1 | Episode 434 | Reward 58.00 | Epsilon 0.1171
Seed 1 | Episode 435 | Reward 54.00 | Epsilon 0.1169
Seed 1 | Episode 436 | Reward 36.00 | Epsilon 0.1167
Seed 1 | Episode 437 | Reward 48.00 | Epsilon 0.1165
Seed 1 | Episode 438 | Reward 40.00 | Epsilon 0.1163
Seed 1 | Episode 439 | Reward 41.00 | Epsilon 0.1161
Seed 1 | Episode 440 | Reward 41.00 | Epsilon 0.1159
Seed 1 | Episode 441 | Reward 55.00 | Epsilon 0.1157
Seed 1 | Episode 442 | Reward 50.00 | Epsilon 0.1155
Seed 1 | Episode 443 | Reward 54.00 | Epsilon 0.1154
Seed 1 | Episode 444 | Reward -23.00 | Epsilon 0.1149
Seed 1 | Episode 445 | Reward 51.00 | Epsilon 0.1148
Seed 1 | Episode 446 | Reward 41.00 | Epsilon 0.1146
Seed 1 | Episode 447 | Reward 56.00 | Epsilon 0.1144
Seed 1 | Episode 448 | Reward 59.00 | Epsilon 0.1143
Seed 1 | Episode 449 | Reward 50.00 | Epsilon 0.1141
Seed 1 | Episode 450 | Reward 52.00 | Epsilon 0.1139
Seed 1 | Episode 451 | Reward 35.00 | Epsilon 0.1137
Seed 1 | Episode 452 | Reward 42.00 | Epsilon 0.1135
Seed 1 | Episode 453 | Reward 58.00 | Epsilon 0.1134
Seed 1 | Episode 454 | Reward 40.00 | Epsilon 0.1131
Seed 1 | Episode 455 | Reward 47.00 | Epsilon 0.1130
Seed 1 | Episode 456 | Reward 50.00 | Epsilon 0.1128
Seed 1 | Episode 457 | Reward 51.00 | Epsilon 0.1126
Seed 1 | Episode 458 | Reward 57.00 | Epsilon 0.1125
Seed 1 | Episode 459 | Reward 40.00 | Epsilon 0.1123
Seed 1 | Episode 460 | Reward 62.00 | Epsilon 0.1121
Seed 1 | Episode 461 | Reward 47.00 | Epsilon 0.1120
Seed 1 | Episode 462 | Reward 61.00 | Epsilon 0.1118
Seed 1 | Episode 463 | Reward 51.00 | Epsilon 0.1117
Seed 1 | Episode 464 | Reward -12.00 | Epsilon 0.1113
Seed 1 | Episode 465 | Reward 55.00 | Epsilon 0.1111
Seed 1 | Episode 466 | Reward 51.00 | Epsilon 0.1110
Seed 1 | Episode 467 | Reward 52.00 | Epsilon 0.1108
Seed 1 | Episode 468 | Reward 48.00 | Epsilon 0.1106
Seed 1 | Episode 469 | Reward 55.00 | Epsilon 0.1105
Seed 1 | Episode 470 | Reward 33.00 | Epsilon 0.1102
Seed 1 | Episode 471 | Reward 64.00 | Epsilon 0.1101
Seed 1 | Episode 472 | Reward 60.00 | Epsilon 0.1100
Seed 1 | Episode 473 | Reward 46.00 | Epsilon 0.1098
Seed 1 | Episode 474 | Reward 49.00 | Epsilon 0.1096
Seed 1 | Episode 475 | Reward 47.00 | Epsilon 0.1095
Seed 1 | Episode 476 | Reward 45.00 | Epsilon 0.1093
Seed 1 | Episode 477 | Reward -51.00 | Epsilon 0.1088
Seed 1 | Episode 478 | Reward 58.00 | Epsilon 0.1086
Seed 1 | Episode 479 | Reward 37.00 | Epsilon 0.1084
Seed 1 | Episode 480 | Reward 47.00 | Epsilon 0.1082
Seed 1 | Episode 481 | Reward 15.00 | Epsilon 0.1080
Seed 1 | Episode 482 | Reward 52.00 | Epsilon 0.1078
Seed 1 | Episode 483 | Reward 60.00 | Epsilon 0.1077
Seed 1 | Episode 484 | Reward 48.00 | Epsilon 0.1075
Seed 1 | Episode 485 | Reward -2.00 | Epsilon 0.1072
Seed 1 | Episode 486 | Reward 55.00 | Epsilon 0.1070
Seed 1 | Episode 487 | Reward 56.00 | Epsilon 0.1069
Seed 1 | Episode 488 | Reward 14.00 | Epsilon 0.1066
Seed 1 | Episode 489 | Reward 0.00 | Epsilon 0.1063
Seed 1 | Episode 490 | Reward 31.00 | Epsilon 0.1061
Seed 1 | Episode 491 | Reward 47.00 | Epsilon 0.1059
Seed 1 | Episode 492 | Reward 60.00 | Epsilon 0.1058
Seed 1 | Episode 493 | Reward 58.00 | Epsilon 0.1056
Seed 1 | Episode 494 | Reward 59.00 | Epsilon 0.1055
Seed 1 | Episode 495 | Reward 62.00 | Epsilon 0.1054
Seed 1 | Episode 496 | Reward 58.00 | Epsilon 0.1052
Seed 1 | Episode 497 | Reward 50.00 | Epsilon 0.1051
Seed 1 | Episode 498 | Reward 50.00 | Epsilon 0.1049
Seed 1 | Episode 499 | Reward 30.00 | Epsilon 0.1047
Seed 1 | Episode 500 | Reward 47.00 | Epsilon 0.1045
Seed 1 | Episode 501 | Reward 42.00 | Epsilon 0.1043
Seed 1 | Episode 502 | Reward 52.00 | Epsilon 0.1042
Seed 1 | Episode 503 | Reward 41.00 | Epsilon 0.1040
Seed 1 | Episode 504 | Reward 49.00 | Epsilon 0.1038
Seed 1 | Episode 505 | Reward 46.00 | Epsilon 0.1037
Seed 1 | Episode 506 | Reward 52.00 | Epsilon 0.1035
Seed 1 | Episode 507 | Reward 21.00 | Epsilon 0.1033
Seed 1 | Episode 508 | Reward 46.00 | Epsilon 0.1031
Seed 1 | Episode 509 | Reward -26.00 | Epsilon 0.1027
Seed 1 | Episode 510 | Reward 52.00 | Epsilon 0.1025
Seed 1 | Episode 511 | Reward 56.00 | Epsilon 0.1024
Seed 1 | Episode 512 | Reward -12.00 | Epsilon 0.1021
Seed 1 | Episode 513 | Reward 47.00 | Epsilon 0.1019
Seed 1 | Episode 514 | Reward 56.00 | Epsilon 0.1018
Seed 1 | Episode 515 | Reward 48.00 | Epsilon 0.1016
Seed 1 | Episode 516 | Reward 43.00 | Epsilon 0.1014
Seed 1 | Episode 517 | Reward 50.00 | Epsilon 0.1013
Seed 1 | Episode 518 | Reward 51.00 | Epsilon 0.1011
Seed 1 | Episode 519 | Reward 42.00 | Epsilon 0.1009
Seed 1 | Episode 520 | Reward 61.00 | Epsilon 0.1008
Seed 1 | Episode 521 | Reward 39.00 | Epsilon 0.1006
Seed 1 | Episode 522 | Reward 48.00 | Epsilon 0.1005
Seed 1 | Episode 523 | Reward 47.00 | Epsilon 0.1003
Seed 1 | Episode 524 | Reward 49.00 | Epsilon 0.1001
Seed 1 | Episode 525 | Reward 39.00 | Epsilon 0.1000
Seed 1 | Episode 526 | Reward 56.00 | Epsilon 0.0998
Seed 1 | Episode 527 | Reward 28.00 | Epsilon 0.0996
Seed 1 | Episode 528 | Reward -54.00 | Epsilon 0.0991
Seed 1 | Episode 529 | Reward 48.00 | Epsilon 0.0990
Seed 1 | Episode 530 | Reward 57.00 | Epsilon 0.0989
Seed 1 | Episode 531 | Reward 37.00 | Epsilon 0.0987
Seed 1 | Episode 532 | Reward 46.00 | Epsilon 0.0985
Seed 1 | Episode 533 | Reward 38.00 | Epsilon 0.0983
Seed 1 | Episode 534 | Reward 52.00 | Epsilon 0.0982
Seed 1 | Episode 535 | Reward 43.00 | Epsilon 0.0980
Seed 1 | Episode 536 | Reward 51.00 | Epsilon 0.0979
Seed 1 | Episode 537 | Reward 47.00 | Epsilon 0.0977
Seed 1 | Episode 538 | Reward 49.00 | Epsilon 0.0975
Seed 1 | Episode 539 | Reward 42.00 | Epsilon 0.0974
Seed 1 | Episode 540 | Reward 52.00 | Epsilon 0.0972
Seed 1 | Episode 541 | Reward 58.00 | Epsilon 0.0971
Seed 1 | Episode 542 | Reward 48.00 | Epsilon 0.0969
Seed 1 | Episode 543 | Reward 57.00 | Epsilon 0.0968
Seed 1 | Episode 544 | Reward 39.00 | Epsilon 0.0966
Seed 1 | Episode 545 | Reward 59.00 | Epsilon 0.0965
Seed 1 | Episode 546 | Reward -30.00 | Epsilon 0.0961
Seed 1 | Episode 547 | Reward 58.00 | Epsilon 0.0960
Seed 1 | Episode 548 | Reward 51.00 | Epsilon 0.0959
Seed 1 | Episode 549 | Reward 49.00 | Epsilon 0.0957
Seed 1 | Episode 550 | Reward 41.00 | Epsilon 0.0956
Seed 1 | Episode 551 | Reward 50.00 | Epsilon 0.0954
Seed 1 | Episode 552 | Reward 37.00 | Epsilon 0.0952
Seed 1 | Episode 553 | Reward 45.00 | Epsilon 0.0951
Seed 1 | Episode 554 | Reward 43.00 | Epsilon 0.0949
Seed 1 | Episode 555 | Reward 52.00 | Epsilon 0.0948
Seed 1 | Episode 556 | Reward 52.00 | Epsilon 0.0946
Seed 1 | Episode 557 | Reward 55.00 | Epsilon 0.0945
Seed 1 | Episode 558 | Reward 60.00 | Epsilon 0.0944
Seed 1 | Episode 559 | Reward 45.00 | Epsilon 0.0942
Seed 1 | Episode 560 | Reward 61.00 | Epsilon 0.0941
Seed 1 | Episode 561 | Reward 57.00 | Epsilon 0.0940
Seed 1 | Episode 562 | Reward 47.00 | Epsilon 0.0938
Seed 1 | Episode 563 | Reward 44.00 | Epsilon 0.0937
Seed 1 | Episode 564 | Reward 54.00 | Epsilon 0.0935
Seed 1 | Episode 565 | Reward 56.00 | Epsilon 0.0934
Seed 1 | Episode 566 | Reward 39.00 | Epsilon 0.0932
Seed 1 | Episode 567 | Reward 57.00 | Epsilon 0.0931
Seed 1 | Episode 568 | Reward 51.00 | Epsilon 0.0930
Seed 1 | Episode 569 | Reward 56.00 | Epsilon 0.0928
Seed 1 | Episode 570 | Reward 42.00 | Epsilon 0.0927
Seed 1 | Episode 571 | Reward 44.00 | Epsilon 0.0925
Seed 1 | Episode 572 | Reward 49.00 | Epsilon 0.0924
Seed 1 | Episode 573 | Reward 58.00 | Epsilon 0.0923
Seed 1 | Episode 574 | Reward 58.00 | Epsilon 0.0921
Seed 1 | Episode 575 | Reward 50.00 | Epsilon 0.0920
Seed 1 | Episode 576 | Reward 59.00 | Epsilon 0.0919
Seed 1 | Episode 577 | Reward 52.00 | Epsilon 0.0917
Seed 1 | Episode 578 | Reward 56.00 | Epsilon 0.0916
Seed 1 | Episode 579 | Reward 60.00 | Epsilon 0.0915
Seed 1 | Episode 580 | Reward 59.00 | Epsilon 0.0914
Seed 1 | Episode 581 | Reward 56.00 | Epsilon 0.0913
Seed 1 | Episode 582 | Reward -121.00 | Epsilon 0.0907
Seed 1 | Episode 583 | Reward 47.00 | Epsilon 0.0905
Seed 1 | Episode 584 | Reward 48.00 | Epsilon 0.0904
Seed 1 | Episode 585 | Reward 44.00 | Epsilon 0.0902
Seed 1 | Episode 586 | Reward -71.00 | Epsilon 0.0898
Seed 1 | Episode 587 | Reward 66.00 | Epsilon 0.0897
Seed 1 | Episode 588 | Reward 46.00 | Epsilon 0.0895
Seed 1 | Episode 589 | Reward 41.00 | Epsilon 0.0894
Seed 1 | Episode 590 | Reward 59.00 | Epsilon 0.0892
Seed 1 | Episode 591 | Reward -84.00 | Epsilon 0.0887
Seed 1 | Episode 592 | Reward 64.00 | Epsilon 0.0886
Seed 1 | Episode 593 | Reward 50.00 | Epsilon 0.0885
Seed 1 | Episode 594 | Reward -38.00 | Epsilon 0.0881
Seed 1 | Episode 595 | Reward 48.00 | Epsilon 0.0880
Seed 1 | Episode 596 | Reward 52.00 | Epsilon 0.0879
Seed 1 | Episode 597 | Reward 54.00 | Epsilon 0.0878
Seed 1 | Episode 598 | Reward 62.00 | Epsilon 0.0876
Seed 1 | Episode 599 | Reward 51.00 | Epsilon 0.0875
Seed 1 | Episode 600 | Reward 52.00 | Epsilon 0.0874
Seed 1 | Episode 601 | Reward 32.00 | Epsilon 0.0872
Seed 1 | Episode 602 | Reward 63.00 | Epsilon 0.0871
Seed 1 | Episode 603 | Reward 62.00 | Epsilon 0.0870
Seed 1 | Episode 604 | Reward 58.00 | Epsilon 0.0869
Seed 1 | Episode 605 | Reward 49.00 | Epsilon 0.0868
Seed 1 | Episode 606 | Reward 55.00 | Epsilon 0.0866
Seed 1 | Episode 607 | Reward 61.00 | Epsilon 0.0865
Seed 1 | Episode 608 | Reward 48.00 | Epsilon 0.0864
Seed 1 | Episode 609 | Reward 64.00 | Epsilon 0.0863
Seed 1 | Episode 610 | Reward 5.00 | Epsilon 0.0861
Seed 1 | Episode 611 | Reward -19.00 | Epsilon 0.0857
Seed 1 | Episode 612 | Reward 61.00 | Epsilon 0.0856
Seed 1 | Episode 613 | Reward 58.00 | Epsilon 0.0855
Seed 1 | Episode 614 | Reward 49.00 | Epsilon 0.0854
Seed 1 | Episode 615 | Reward 48.00 | Epsilon 0.0853
Seed 1 | Episode 616 | Reward 56.00 | Epsilon 0.0851
Seed 1 | Episode 617 | Reward 46.00 | Epsilon 0.0850
Seed 1 | Episode 618 | Reward 60.00 | Epsilon 0.0849
Seed 1 | Episode 619 | Reward 57.00 | Epsilon 0.0848
Seed 1 | Episode 620 | Reward 52.00 | Epsilon 0.0847
Seed 1 | Episode 621 | Reward 58.00 | Epsilon 0.0846
Seed 1 | Episode 622 | Reward 55.00 | Epsilon 0.0844
Seed 1 | Episode 623 | Reward 63.00 | Epsilon 0.0843
Seed 1 | Episode 624 | Reward -11.00 | Epsilon 0.0841
Seed 1 | Episode 625 | Reward 41.00 | Epsilon 0.0839
Seed 1 | Episode 626 | Reward 45.00 | Epsilon 0.0838
Seed 1 | Episode 627 | Reward 53.00 | Epsilon 0.0836
Seed 1 | Episode 628 | Reward 43.00 | Epsilon 0.0835
Seed 1 | Episode 629 | Reward 48.00 | Epsilon 0.0834
Seed 1 | Episode 630 | Reward 49.00 | Epsilon 0.0832
Seed 1 | Episode 631 | Reward 47.00 | Epsilon 0.0831
Seed 1 | Episode 632 | Reward 47.00 | Epsilon 0.0830
Seed 1 | Episode 633 | Reward 56.00 | Epsilon 0.0829
Seed 1 | Episode 634 | Reward 42.00 | Epsilon 0.0827
Seed 1 | Episode 635 | Reward 55.00 | Epsilon 0.0826
Seed 1 | Episode 636 | Reward 57.00 | Epsilon 0.0825
Seed 1 | Episode 637 | Reward 54.00 | Epsilon 0.0824
Seed 1 | Episode 638 | Reward 44.00 | Epsilon 0.0822
Seed 1 | Episode 639 | Reward 55.00 | Epsilon 0.0821
Seed 1 | Episode 640 | Reward 52.00 | Epsilon 0.0820
Seed 1 | Episode 641 | Reward 57.00 | Epsilon 0.0819
Seed 1 | Episode 642 | Reward 57.00 | Epsilon 0.0818
Seed 1 | Episode 643 | Reward -17.00 | Epsilon 0.0815
Seed 1 | Episode 644 | Reward 52.00 | Epsilon 0.0814
Seed 1 | Episode 645 | Reward 45.00 | Epsilon 0.0812
Seed 1 | Episode 646 | Reward 55.00 | Epsilon 0.0811
Seed 1 | Episode 647 | Reward 56.00 | Epsilon 0.0810
Seed 1 | Episode 648 | Reward 49.00 | Epsilon 0.0809
Seed 1 | Episode 649 | Reward 47.00 | Epsilon 0.0808
Seed 1 | Episode 650 | Reward 60.00 | Epsilon 0.0807
Seed 1 | Episode 651 | Reward -52.00 | Epsilon 0.0803
Seed 1 | Episode 652 | Reward 47.00 | Epsilon 0.0802
Seed 1 | Episode 653 | Reward 53.00 | Epsilon 0.0800
Seed 1 | Episode 654 | Reward 41.00 | Epsilon 0.0799
Seed 1 | Episode 655 | Reward -47.00 | Epsilon 0.0795
Seed 1 | Episode 656 | Reward 60.00 | Epsilon 0.0794
Seed 1 | Episode 657 | Reward 48.00 | Epsilon 0.0793
Seed 1 | Episode 658 | Reward 43.00 | Epsilon 0.0792
Seed 1 | Episode 659 | Reward 49.00 | Epsilon 0.0791
Seed 1 | Episode 660 | Reward 57.00 | Epsilon 0.0790
Seed 1 | Episode 661 | Reward 50.00 | Epsilon 0.0788
Seed 1 | Episode 662 | Reward 50.00 | Epsilon 0.0787
Seed 1 | Episode 663 | Reward 41.00 | Epsilon 0.0786
Seed 1 | Episode 664 | Reward 53.00 | Epsilon 0.0785
Seed 1 | Episode 665 | Reward 57.00 | Epsilon 0.0784
Seed 1 | Episode 666 | Reward 61.00 | Epsilon 0.0783
Seed 1 | Episode 667 | Reward 44.00 | Epsilon 0.0781
Seed 1 | Episode 668 | Reward -5.00 | Epsilon 0.0779
Seed 1 | Episode 669 | Reward 57.00 | Epsilon 0.0778
Seed 1 | Episode 670 | Reward 50.00 | Epsilon 0.0777
Seed 1 | Episode 671 | Reward 63.00 | Epsilon 0.0776
Seed 1 | Episode 672 | Reward 60.00 | Epsilon 0.0775
Seed 1 | Episode 673 | Reward -11.00 | Epsilon 0.0772
Seed 1 | Episode 674 | Reward 47.00 | Epsilon 0.0771
Seed 1 | Episode 675 | Reward 7.00 | Epsilon 0.0769
Seed 1 | Episode 676 | Reward 65.00 | Epsilon 0.0768
Seed 1 | Episode 677 | Reward -18.00 | Epsilon 0.0765
Seed 1 | Episode 678 | Reward 61.00 | Epsilon 0.0764
Seed 1 | Episode 679 | Reward 45.00 | Epsilon 0.0763
Seed 1 | Episode 680 | Reward 63.00 | Epsilon 0.0762
Seed 1 | Episode 681 | Reward 61.00 | Epsilon 0.0761
Seed 1 | Episode 682 | Reward -1.00 | Epsilon 0.0759
Seed 1 | Episode 683 | Reward 54.00 | Epsilon 0.0758
Seed 1 | Episode 684 | Reward 38.00 | Epsilon 0.0756
Seed 1 | Episode 685 | Reward 47.00 | Epsilon 0.0755
Seed 1 | Episode 686 | Reward 58.00 | Epsilon 0.0754
Seed 1 | Episode 687 | Reward 53.00 | Epsilon 0.0753
Seed 1 | Episode 688 | Reward 30.00 | Epsilon 0.0751
Seed 1 | Episode 689 | Reward 52.00 | Epsilon 0.0750
Seed 1 | Episode 690 | Reward 42.00 | Epsilon 0.0749
Seed 1 | Episode 691 | Reward 58.00 | Epsilon 0.0748
Seed 1 | Episode 692 | Reward -29.00 | Epsilon 0.0745
Seed 1 | Episode 693 | Reward 5.00 | Epsilon 0.0743
Seed 1 | Episode 694 | Reward 59.00 | Epsilon 0.0742
Seed 1 | Episode 695 | Reward 13.00 | Epsilon 0.0740
Seed 1 | Episode 696 | Reward 50.00 | Epsilon 0.0739
Seed 1 | Episode 697 | Reward 46.00 | Epsilon 0.0738
Seed 1 | Episode 698 | Reward 46.00 | Epsilon 0.0737
Seed 1 | Episode 699 | Reward 61.00 | Epsilon 0.0736
Seed 1 | Episode 700 | Reward 47.00 | Epsilon 0.0735
Seed 1 | Episode 701 | Reward 49.00 | Epsilon 0.0733
Seed 1 | Episode 702 | Reward 53.00 | Epsilon 0.0732
Seed 1 | Episode 703 | Reward 48.00 | Epsilon 0.0731
Seed 1 | Episode 704 | Reward 51.00 | Epsilon 0.0730
Seed 1 | Episode 705 | Reward 8.00 | Epsilon 0.0728
Seed 1 | Episode 706 | Reward 58.00 | Epsilon 0.0727
Seed 1 | Episode 707 | Reward 59.00 | Epsilon 0.0726
Seed 1 | Episode 708 | Reward 53.00 | Epsilon 0.0725
Seed 1 | Episode 709 | Reward 52.00 | Epsilon 0.0724
Seed 1 | Episode 710 | Reward 53.00 | Epsilon 0.0723
Seed 1 | Episode 711 | Reward 56.00 | Epsilon 0.0722
Seed 1 | Episode 712 | Reward 56.00 | Epsilon 0.0721
Seed 1 | Episode 713 | Reward 60.00 | Epsilon 0.0720
Seed 1 | Episode 714 | Reward 57.00 | Epsilon 0.0719
Seed 1 | Episode 715 | Reward 50.00 | Epsilon 0.0718
Seed 1 | Episode 716 | Reward 50.00 | Epsilon 0.0717
Seed 1 | Episode 717 | Reward 65.00 | Epsilon 0.0716
Seed 1 | Episode 718 | Reward 59.00 | Epsilon 0.0715
Seed 1 | Episode 719 | Reward 60.00 | Epsilon 0.0714
Seed 1 | Episode 720 | Reward 50.00 | Epsilon 0.0713
Seed 1 | Episode 721 | Reward 59.00 | Epsilon 0.0712
Seed 1 | Episode 722 | Reward 16.00 | Epsilon 0.0711
Seed 1 | Episode 723 | Reward 1.00 | Epsilon 0.0709
Seed 1 | Episode 724 | Reward 49.00 | Epsilon 0.0707
Seed 1 | Episode 725 | Reward 64.00 | Epsilon 0.0707
Seed 1 | Episode 726 | Reward 51.00 | Epsilon 0.0706
Seed 1 | Episode 727 | Reward 58.00 | Epsilon 0.0705
Seed 1 | Episode 728 | Reward 60.00 | Epsilon 0.0704
Seed 1 | Episode 729 | Reward 49.00 | Epsilon 0.0703
Seed 1 | Episode 730 | Reward -11.00 | Epsilon 0.0700
Seed 1 | Episode 731 | Reward 48.00 | Epsilon 0.0699
Seed 1 | Episode 732 | Reward 46.00 | Epsilon 0.0698
Seed 1 | Episode 733 | Reward 0.00 | Epsilon 0.0696
Seed 1 | Episode 734 | Reward 44.00 | Epsilon 0.0695
Seed 1 | Episode 735 | Reward 54.00 | Epsilon 0.0694
Seed 1 | Episode 736 | Reward 49.00 | Epsilon 0.0693
Seed 1 | Episode 737 | Reward 37.00 | Epsilon 0.0691
Seed 1 | Episode 738 | Reward 55.00 | Epsilon 0.0690
Seed 1 | Episode 739 | Reward 58.00 | Epsilon 0.0690
Seed 1 | Episode 740 | Reward 57.00 | Epsilon 0.0689
Seed 1 | Episode 741 | Reward 48.00 | Epsilon 0.0688
Seed 1 | Episode 742 | Reward 49.00 | Epsilon 0.0686
Seed 1 | Episode 743 | Reward 56.00 | Epsilon 0.0686
Seed 1 | Episode 744 | Reward 47.00 | Epsilon 0.0684
Seed 1 | Episode 745 | Reward 53.00 | Epsilon 0.0683
Seed 1 | Episode 746 | Reward 62.00 | Epsilon 0.0683
Seed 1 | Episode 747 | Reward 30.00 | Epsilon 0.0681
Seed 1 | Episode 748 | Reward 54.00 | Epsilon 0.0680
Seed 1 | Episode 749 | Reward 52.00 | Epsilon 0.0679
Seed 1 | Episode 750 | Reward 62.00 | Epsilon 0.0678
Seed 1 | Episode 751 | Reward -4.00 | Epsilon 0.0676
Seed 1 | Episode 752 | Reward 60.00 | Epsilon 0.0675
Seed 1 | Episode 753 | Reward 61.00 | Epsilon 0.0675
Seed 1 | Episode 754 | Reward 45.00 | Epsilon 0.0674
Seed 1 | Episode 755 | Reward 47.00 | Epsilon 0.0672
Seed 1 | Episode 756 | Reward 52.00 | Epsilon 0.0671
Seed 1 | Episode 757 | Reward 58.00 | Epsilon 0.0671
Seed 1 | Episode 758 | Reward 43.00 | Epsilon 0.0669
Seed 1 | Episode 759 | Reward -21.00 | Epsilon 0.0667
Seed 1 | Episode 760 | Reward 49.00 | Epsilon 0.0666
Seed 1 | Episode 761 | Reward -11.00 | Epsilon 0.0664
Seed 1 | Episode 762 | Reward 51.00 | Epsilon 0.0663
Seed 1 | Episode 763 | Reward 51.00 | Epsilon 0.0662
Seed 1 | Episode 764 | Reward 59.00 | Epsilon 0.0661
Seed 1 | Episode 765 | Reward 53.00 | Epsilon 0.0660
Seed 1 | Episode 766 | Reward 45.00 | Epsilon 0.0659
Seed 1 | Episode 767 | Reward 58.00 | Epsilon 0.0658
Seed 1 | Episode 768 | Reward 52.00 | Epsilon 0.0657
Seed 1 | Episode 769 | Reward 62.00 | Epsilon 0.0656
Seed 1 | Episode 770 | Reward 39.00 | Epsilon 0.0655
Seed 1 | Episode 771 | Reward 50.00 | Epsilon 0.0654
Seed 1 | Episode 772 | Reward 38.00 | Epsilon 0.0653
Seed 1 | Episode 773 | Reward 51.00 | Epsilon 0.0652
Seed 1 | Episode 774 | Reward 39.00 | Epsilon 0.0651
Seed 1 | Episode 775 | Reward -1.00 | Epsilon 0.0649
Seed 1 | Episode 776 | Reward 51.00 | Epsilon 0.0648
Seed 1 | Episode 777 | Reward 50.00 | Epsilon 0.0647
Seed 1 | Episode 778 | Reward 53.00 | Epsilon 0.0646
Seed 1 | Episode 779 | Reward 47.00 | Epsilon 0.0645
Seed 1 | Episode 780 | Reward 36.00 | Epsilon 0.0643
Seed 1 | Episode 781 | Reward 61.00 | Epsilon 0.0643
Seed 1 | Episode 782 | Reward 54.00 | Epsilon 0.0642
Seed 1 | Episode 783 | Reward 51.00 | Epsilon 0.0641
Seed 1 | Episode 784 | Reward -13.00 | Epsilon 0.0639
Seed 1 | Episode 785 | Reward 47.00 | Epsilon 0.0638
Seed 1 | Episode 786 | Reward 56.00 | Epsilon 0.0637
Seed 1 | Episode 787 | Reward 2.00 | Epsilon 0.0635
Seed 1 | Episode 788 | Reward 55.00 | Epsilon 0.0634
Seed 1 | Episode 789 | Reward 57.00 | Epsilon 0.0633
Seed 1 | Episode 790 | Reward 42.00 | Epsilon 0.0632
Seed 1 | Episode 791 | Reward 44.00 | Epsilon 0.0631
Seed 1 | Episode 792 | Reward -3.00 | Epsilon 0.0629
Seed 1 | Episode 793 | Reward 45.00 | Epsilon 0.0628
Seed 1 | Episode 794 | Reward 54.00 | Epsilon 0.0627
Seed 1 | Episode 795 | Reward 0.00 | Epsilon 0.0625
Seed 1 | Episode 796 | Reward 41.00 | Epsilon 0.0624
Seed 1 | Episode 797 | Reward 53.00 | Epsilon 0.0623
Seed 1 | Episode 798 | Reward 52.00 | Epsilon 0.0622
Seed 1 | Episode 799 | Reward 35.00 | Epsilon 0.0621
Seed 1 | Episode 800 | Reward 53.00 | Epsilon 0.0620
Seed 1 | Episode 801 | Reward 60.00 | Epsilon 0.0619
Seed 1 | Episode 802 | Reward 61.00 | Epsilon 0.0619
Seed 1 | Episode 803 | Reward 36.00 | Epsilon 0.0617
Seed 1 | Episode 804 | Reward -19.00 | Epsilon 0.0615
Seed 1 | Episode 805 | Reward 52.00 | Epsilon 0.0614
Seed 1 | Episode 806 | Reward 46.00 | Epsilon 0.0613
Seed 1 | Episode 807 | Reward 57.00 | Epsilon 0.0612
Seed 1 | Episode 808 | Reward 55.00 | Epsilon 0.0612
Seed 1 | Episode 809 | Reward 59.00 | Epsilon 0.0611
Seed 1 | Episode 810 | Reward -15.00 | Epsilon 0.0609
Seed 1 | Episode 811 | Reward 61.00 | Epsilon 0.0608
Seed 1 | Episode 812 | Reward 44.00 | Epsilon 0.0607
Seed 1 | Episode 813 | Reward 57.00 | Epsilon 0.0606
Seed 1 | Episode 814 | Reward 48.00 | Epsilon 0.0605
Seed 1 | Episode 815 | Reward 63.00 | Epsilon 0.0604
Seed 1 | Episode 816 | Reward 54.00 | Epsilon 0.0604
Seed 1 | Episode 817 | Reward 54.00 | Epsilon 0.0603
Seed 1 | Episode 818 | Reward 63.00 | Epsilon 0.0602
Seed 1 | Episode 819 | Reward 58.00 | Epsilon 0.0601
Seed 1 | Episode 820 | Reward 43.00 | Epsilon 0.0600
Seed 1 | Episode 821 | Reward 48.00 | Epsilon 0.0599
Seed 1 | Episode 822 | Reward 47.00 | Epsilon 0.0598
Seed 1 | Episode 823 | Reward 47.00 | Epsilon 0.0597
Seed 1 | Episode 824 | Reward -1.00 | Epsilon 0.0595
Seed 1 | Episode 825 | Reward 59.00 | Epsilon 0.0595
Seed 1 | Episode 826 | Reward 1.00 | Epsilon 0.0593
Seed 1 | Episode 827 | Reward 55.00 | Epsilon 0.0592
Seed 1 | Episode 828 | Reward -7.00 | Epsilon 0.0590
Seed 1 | Episode 829 | Reward 58.00 | Epsilon 0.0589
Seed 1 | Episode 830 | Reward 51.00 | Epsilon 0.0589
Seed 1 | Episode 831 | Reward 37.00 | Epsilon 0.0587
Seed 1 | Episode 832 | Reward 43.00 | Epsilon 0.0586
Seed 1 | Episode 833 | Reward 10.00 | Epsilon 0.0585
Seed 1 | Episode 834 | Reward 46.00 | Epsilon 0.0584
Seed 1 | Episode 835 | Reward 27.00 | Epsilon 0.0583
Seed 1 | Episode 836 | Reward 49.00 | Epsilon 0.0582
Seed 1 | Episode 837 | Reward 37.00 | Epsilon 0.0581
Seed 1 | Episode 838 | Reward 61.00 | Epsilon 0.0580
Seed 1 | Episode 839 | Reward 48.00 | Epsilon 0.0579
Seed 1 | Episode 840 | Reward 50.00 | Epsilon 0.0578
Seed 1 | Episode 841 | Reward 65.00 | Epsilon 0.0577
Seed 1 | Episode 842 | Reward 53.00 | Epsilon 0.0577
Seed 1 | Episode 843 | Reward -30.00 | Epsilon 0.0574
Seed 1 | Episode 844 | Reward 56.00 | Epsilon 0.0574
Seed 1 | Episode 845 | Reward -6.00 | Epsilon 0.0572
Seed 1 | Episode 846 | Reward 62.00 | Epsilon 0.0571
Seed 1 | Episode 847 | Reward 51.00 | Epsilon 0.0570
Seed 1 | Episode 848 | Reward 44.00 | Epsilon 0.0569
Seed 1 | Episode 849 | Reward 55.00 | Epsilon 0.0568
Seed 1 | Episode 850 | Reward 45.00 | Epsilon 0.0567
Seed 1 | Episode 851 | Reward 50.00 | Epsilon 0.0567
Seed 1 | Episode 852 | Reward 55.00 | Epsilon 0.0566
Seed 1 | Episode 853 | Reward 46.00 | Epsilon 0.0565
Seed 1 | Episode 854 | Reward 42.00 | Epsilon 0.0564
Seed 1 | Episode 855 | Reward 58.00 | Epsilon 0.0563
Seed 1 | Episode 856 | Reward 49.00 | Epsilon 0.0562
Seed 1 | Episode 857 | Reward 53.00 | Epsilon 0.0561
Seed 1 | Episode 858 | Reward 59.00 | Epsilon 0.0561
Seed 1 | Episode 859 | Reward 52.00 | Epsilon 0.0560
Seed 1 | Episode 860 | Reward 63.00 | Epsilon 0.0559
Seed 1 | Episode 861 | Reward 44.00 | Epsilon 0.0558
Seed 1 | Episode 862 | Reward 49.00 | Epsilon 0.0557
Seed 1 | Episode 863 | Reward 51.00 | Epsilon 0.0557
Seed 1 | Episode 864 | Reward 54.00 | Epsilon 0.0556
Seed 1 | Episode 865 | Reward 55.00 | Epsilon 0.0555
Seed 1 | Episode 866 | Reward 65.00 | Epsilon 0.0555
Seed 1 | Episode 867 | Reward 54.00 | Epsilon 0.0554
Seed 1 | Episode 868 | Reward 60.00 | Epsilon 0.0553
Seed 1 | Episode 869 | Reward 46.00 | Epsilon 0.0552
Seed 1 | Episode 870 | Reward 50.00 | Epsilon 0.0551
Seed 1 | Episode 871 | Reward 61.00 | Epsilon 0.0551
Seed 1 | Episode 872 | Reward 44.00 | Epsilon 0.0550
Seed 1 | Episode 873 | Reward 64.00 | Epsilon 0.0549
Seed 1 | Episode 874 | Reward 57.00 | Epsilon 0.0548
Seed 1 | Episode 875 | Reward 54.00 | Epsilon 0.0548
Seed 1 | Episode 876 | Reward 61.00 | Epsilon 0.0547
Seed 1 | Episode 877 | Reward 47.00 | Epsilon 0.0546
Seed 1 | Episode 878 | Reward 61.00 | Epsilon 0.0545
Seed 1 | Episode 879 | Reward 42.00 | Epsilon 0.0544
Seed 1 | Episode 880 | Reward -71.00 | Epsilon 0.0542
Seed 1 | Episode 881 | Reward 58.00 | Epsilon 0.0541
Seed 1 | Episode 882 | Reward 57.00 | Epsilon 0.0540
Seed 1 | Episode 883 | Reward 53.00 | Epsilon 0.0539
Seed 1 | Episode 884 | Reward 59.00 | Epsilon 0.0539
Seed 1 | Episode 885 | Reward 58.00 | Epsilon 0.0538
Seed 1 | Episode 886 | Reward 59.00 | Epsilon 0.0537
Seed 1 | Episode 887 | Reward 61.00 | Epsilon 0.0537
Seed 1 | Episode 888 | Reward 61.00 | Epsilon 0.0536
Seed 1 | Episode 889 | Reward 41.00 | Epsilon 0.0535
Seed 1 | Episode 890 | Reward 51.00 | Epsilon 0.0534
Seed 1 | Episode 891 | Reward 55.00 | Epsilon 0.0534
Seed 1 | Episode 892 | Reward 57.00 | Epsilon 0.0533
Seed 1 | Episode 893 | Reward 40.00 | Epsilon 0.0532
Seed 1 | Episode 894 | Reward 35.00 | Epsilon 0.0531
Seed 1 | Episode 895 | Reward 53.00 | Epsilon 0.0530
Seed 1 | Episode 896 | Reward 61.00 | Epsilon 0.0529
Seed 1 | Episode 897 | Reward 41.00 | Epsilon 0.0529
Seed 1 | Episode 898 | Reward 57.00 | Epsilon 0.0528
Seed 1 | Episode 899 | Reward 54.00 | Epsilon 0.0527
Seed 1 | Episode 900 | Reward 61.00 | Epsilon 0.0526
Seed 1 | Episode 901 | Reward 45.00 | Epsilon 0.0526
Seed 1 | Episode 902 | Reward 53.00 | Epsilon 0.0525
Seed 1 | Episode 903 | Reward 49.00 | Epsilon 0.0524
Seed 1 | Episode 904 | Reward 54.00 | Epsilon 0.0523
Seed 1 | Episode 905 | Reward 37.00 | Epsilon 0.0522
Seed 1 | Episode 906 | Reward 58.00 | Epsilon 0.0522
Seed 1 | Episode 907 | Reward 50.00 | Epsilon 0.0521
Seed 1 | Episode 908 | Reward 59.00 | Epsilon 0.0520
Seed 1 | Episode 909 | Reward 39.00 | Epsilon 0.0519
Seed 1 | Episode 910 | Reward 51.00 | Epsilon 0.0518
Seed 1 | Episode 911 | Reward 25.00 | Epsilon 0.0517
Seed 1 | Episode 912 | Reward 60.00 | Epsilon 0.0517
Seed 1 | Episode 913 | Reward 49.00 | Epsilon 0.0516
Seed 1 | Episode 914 | Reward 36.00 | Epsilon 0.0515
Seed 1 | Episode 915 | Reward 51.00 | Epsilon 0.0514
Seed 1 | Episode 916 | Reward 49.00 | Epsilon 0.0513
Seed 1 | Episode 917 | Reward 53.00 | Epsilon 0.0512
Seed 1 | Episode 918 | Reward 46.00 | Epsilon 0.0512
Seed 1 | Episode 919 | Reward 46.00 | Epsilon 0.0511
Seed 1 | Episode 920 | Reward 57.00 | Epsilon 0.0510
Seed 1 | Episode 921 | Reward 42.00 | Epsilon 0.0509
Seed 1 | Episode 922 | Reward 51.00 | Epsilon 0.0508
Seed 1 | Episode 923 | Reward 55.00 | Epsilon 0.0508
Seed 1 | Episode 924 | Reward 43.00 | Epsilon 0.0507
Seed 1 | Episode 925 | Reward 61.00 | Epsilon 0.0506
Seed 1 | Episode 926 | Reward 54.00 | Epsilon 0.0505
Seed 1 | Episode 927 | Reward 51.00 | Epsilon 0.0505
Seed 1 | Episode 928 | Reward 40.00 | Epsilon 0.0504
Seed 1 | Episode 929 | Reward 61.00 | Epsilon 0.0503
Seed 1 | Episode 930 | Reward 56.00 | Epsilon 0.0503
Seed 1 | Episode 931 | Reward 65.00 | Epsilon 0.0502
Seed 1 | Episode 932 | Reward 50.00 | Epsilon 0.0501
Seed 1 | Episode 933 | Reward 52.00 | Epsilon 0.0500
Seed 1 | Episode 934 | Reward 62.00 | Epsilon 0.0500
Seed 1 | Episode 935 | Reward 63.00 | Epsilon 0.0499
Seed 1 | Episode 936 | Reward 60.00 | Epsilon 0.0499
Seed 1 | Episode 937 | Reward 35.00 | Epsilon 0.0498
Seed 1 | Episode 938 | Reward 46.00 | Epsilon 0.0497
Seed 1 | Episode 939 | Reward 52.00 | Epsilon 0.0496
Seed 1 | Episode 940 | Reward 50.00 | Epsilon 0.0495
Seed 1 | Episode 941 | Reward 51.00 | Epsilon 0.0495
Seed 1 | Episode 942 | Reward 1.00 | Epsilon 0.0493
Seed 1 | Episode 943 | Reward 43.00 | Epsilon 0.0492
Seed 1 | Episode 944 | Reward 48.00 | Epsilon 0.0492
Seed 1 | Episode 945 | Reward 63.00 | Epsilon 0.0491
Seed 1 | Episode 946 | Reward 45.00 | Epsilon 0.0490
Seed 1 | Episode 947 | Reward 57.00 | Epsilon 0.0490
Seed 1 | Episode 948 | Reward 57.00 | Epsilon 0.0489
Seed 1 | Episode 949 | Reward 56.00 | Epsilon 0.0488
Seed 1 | Episode 950 | Reward 56.00 | Epsilon 0.0488
Seed 1 | Episode 951 | Reward 48.00 | Epsilon 0.0487
Seed 1 | Episode 952 | Reward 52.00 | Epsilon 0.0486
Seed 1 | Episode 953 | Reward 47.00 | Epsilon 0.0485
Seed 1 | Episode 954 | Reward 52.00 | Epsilon 0.0485
Seed 1 | Episode 955 | Reward 34.00 | Epsilon 0.0484
Seed 1 | Episode 956 | Reward 47.00 | Epsilon 0.0483
Seed 1 | Episode 957 | Reward 54.00 | Epsilon 0.0482
Seed 1 | Episode 958 | Reward 50.00 | Epsilon 0.0481
Seed 1 | Episode 959 | Reward 63.00 | Epsilon 0.0481
Seed 1 | Episode 960 | Reward 44.00 | Epsilon 0.0480
Seed 1 | Episode 961 | Reward 59.00 | Epsilon 0.0479
Seed 1 | Episode 962 | Reward 50.00 | Epsilon 0.0479
Seed 1 | Episode 963 | Reward 15.00 | Epsilon 0.0477
Seed 1 | Episode 964 | Reward 50.00 | Epsilon 0.0477
Seed 1 | Episode 965 | Reward 60.00 | Epsilon 0.0476
Seed 1 | Episode 966 | Reward 50.00 | Epsilon 0.0475
Seed 1 | Episode 967 | Reward 47.00 | Epsilon 0.0475
Seed 1 | Episode 968 | Reward 23.00 | Epsilon 0.0474
Seed 1 | Episode 969 | Reward 55.00 | Epsilon 0.0473
Seed 1 | Episode 970 | Reward 56.00 | Epsilon 0.0472
Seed 1 | Episode 971 | Reward 46.00 | Epsilon 0.0471
Seed 1 | Episode 972 | Reward 42.00 | Epsilon 0.0471
Seed 1 | Episode 973 | Reward 58.00 | Epsilon 0.0470
Seed 1 | Episode 974 | Reward 58.00 | Epsilon 0.0469
Seed 1 | Episode 975 | Reward 48.00 | Epsilon 0.0469
Seed 1 | Episode 976 | Reward 54.00 | Epsilon 0.0468
Seed 1 | Episode 977 | Reward 55.00 | Epsilon 0.0467
Seed 1 | Episode 978 | Reward 43.00 | Epsilon 0.0467
Seed 1 | Episode 979 | Reward 46.00 | Epsilon 0.0466
Seed 1 | Episode 980 | Reward 37.00 | Epsilon 0.0465
Seed 1 | Episode 981 | Reward 58.00 | Epsilon 0.0464
Seed 1 | Episode 982 | Reward 51.00 | Epsilon 0.0464
Seed 1 | Episode 983 | Reward 66.00 | Epsilon 0.0463
Seed 1 | Episode 984 | Reward 49.00 | Epsilon 0.0462
Seed 1 | Episode 985 | Reward 58.00 | Epsilon 0.0462
Seed 1 | Episode 986 | Reward 55.00 | Epsilon 0.0461
Seed 1 | Episode 987 | Reward 54.00 | Epsilon 0.0461
Seed 1 | Episode 988 | Reward 51.00 | Epsilon 0.0460
Seed 1 | Episode 989 | Reward 55.00 | Epsilon 0.0459
Seed 1 | Episode 990 | Reward 52.00 | Epsilon 0.0459
Seed 1 | Episode 991 | Reward 64.00 | Epsilon 0.0458
Seed 1 | Episode 992 | Reward 55.00 | Epsilon 0.0457
Seed 1 | Episode 993 | Reward 56.00 | Epsilon 0.0457
Seed 1 | Episode 994 | Reward 54.00 | Epsilon 0.0456
Seed 1 | Episode 995 | Reward 61.00 | Epsilon 0.0456
Seed 1 | Episode 996 | Reward 51.00 | Epsilon 0.0455
Seed 1 | Episode 997 | Reward 58.00 | Epsilon 0.0454
Seed 1 | Episode 998 | Reward 43.00 | Epsilon 0.0453
Seed 1 | Episode 999 | Reward 3.00 | Epsilon 0.0452
Finished seed 1
