starting job
Sun Dec  7 19:38:00 2025       
+-----------------------------------------------------------------------------------------+
| NVIDIA-SMI 580.65.06              Driver Version: 580.65.06      CUDA Version: 13.0     |
+-----------------------------------------+------------------------+----------------------+
| GPU  Name                 Persistence-M | Bus-Id          Disp.A | Volatile Uncorr. ECC |
| Fan  Temp   Perf          Pwr:Usage/Cap |           Memory-Usage | GPU-Util  Compute M. |
|                                         |                        |               MIG M. |
|=========================================+========================+======================|
|   0  NVIDIA H100 80GB HBM3          On  |   00000000:0C:00.0 Off |                   On |
| N/A   40C    P0            443W /  700W |   34700MiB /  81559MiB |     N/A      Default |
|                                         |                        |              Enabled |
+-----------------------------------------+------------------------+----------------------+

+-----------------------------------------------------------------------------------------+
| MIG devices:                                                                            |
+------------------+----------------------------------+-----------+-----------------------+
| GPU  GI  CI  MIG |              Shared Memory-Usage |        Vol|        Shared         |
|      ID  ID  Dev |                Shared BAR1-Usage | SM     Unc| CE ENC  DEC  OFA  JPG |
|                  |                                  |        ECC|                       |
|==================+==================================+===========+=======================|
|  0   10   0   0  |              15MiB /  9984MiB    | 16      0 |  1   0    1    0    1 |
|                  |               0MiB /  6185MiB    |           |                       |
+------------------+----------------------------------+-----------+-----------------------+

+-----------------------------------------------------------------------------------------+
| Processes:                                                                              |
|  GPU   GI   CI              PID   Type   Process name                        GPU Memory |
|        ID   ID                                                               Usage      |
|=========================================================================================|
|  No running processes found                                                             |
+-----------------------------------------------------------------------------------------+
Running seed 2
Gym has been unmaintained since 2022 and does not support NumPy 2.0 amongst other critical functionality.
Please upgrade to Gymnasium, the maintained drop-in replacement of Gym, or contact the authors of your software and request that they upgrade.
Users of this version of Gym should be able to simply replace 'import gym' with 'import gymnasium as gym' in the vast majority of cases.
See the migration guide at https://gymnasium.farama.org/introduction/migration_guide/ for additional information.
Seed 2 | Episode 0 | Reward -300.00 | Epsilon 0.9987
Seed 2 | Episode 1 | Reward -300.00 | Epsilon 0.9897
Seed 2 | Episode 2 | Reward -300.00 | Epsilon 0.9808
Seed 2 | Episode 3 | Reward -300.00 | Epsilon 0.9720
Seed 2 | Episode 4 | Reward -300.00 | Epsilon 0.9633
Seed 2 | Episode 5 | Reward -300.00 | Epsilon 0.9547
Seed 2 | Episode 6 | Reward -300.00 | Epsilon 0.9462
Seed 2 | Episode 7 | Reward -300.00 | Epsilon 0.9377
Seed 2 | Episode 8 | Reward -300.00 | Epsilon 0.9293
Seed 2 | Episode 9 | Reward -300.00 | Epsilon 0.9209
Seed 2 | Episode 10 | Reward -300.00 | Epsilon 0.9127
Seed 2 | Episode 11 | Reward -300.00 | Epsilon 0.9045
Seed 2 | Episode 12 | Reward -300.00 | Epsilon 0.8964
Seed 2 | Episode 13 | Reward -300.00 | Epsilon 0.8884
Seed 2 | Episode 14 | Reward -300.00 | Epsilon 0.8804
Seed 2 | Episode 15 | Reward -300.00 | Epsilon 0.8725
Seed 2 | Episode 16 | Reward -300.00 | Epsilon 0.8647
Seed 2 | Episode 17 | Reward -300.00 | Epsilon 0.8570
Seed 2 | Episode 18 | Reward -300.00 | Epsilon 0.8493
Seed 2 | Episode 19 | Reward -300.00 | Epsilon 0.8417
Seed 2 | Episode 20 | Reward -300.00 | Epsilon 0.8341
Seed 2 | Episode 21 | Reward -300.00 | Epsilon 0.8267
Seed 2 | Episode 22 | Reward -300.00 | Epsilon 0.8193
Seed 2 | Episode 23 | Reward -300.00 | Epsilon 0.8119
Seed 2 | Episode 24 | Reward -300.00 | Epsilon 0.8046
Seed 2 | Episode 25 | Reward -300.00 | Epsilon 0.7974
Seed 2 | Episode 26 | Reward -300.00 | Epsilon 0.7903
Seed 2 | Episode 27 | Reward -300.00 | Epsilon 0.7832
Seed 2 | Episode 28 | Reward -300.00 | Epsilon 0.7762
Seed 2 | Episode 29 | Reward -300.00 | Epsilon 0.7692
Seed 2 | Episode 30 | Reward -300.00 | Epsilon 0.7623
Seed 2 | Episode 31 | Reward -300.00 | Epsilon 0.7555
Seed 2 | Episode 32 | Reward -300.00 | Epsilon 0.7487
Seed 2 | Episode 33 | Reward -300.00 | Epsilon 0.7420
Seed 2 | Episode 34 | Reward -300.00 | Epsilon 0.7354
Seed 2 | Episode 35 | Reward -300.00 | Epsilon 0.7288
Seed 2 | Episode 36 | Reward -300.00 | Epsilon 0.7223
Seed 2 | Episode 37 | Reward -300.00 | Epsilon 0.7158
Seed 2 | Episode 38 | Reward -300.00 | Epsilon 0.7094
Seed 2 | Episode 39 | Reward -300.00 | Epsilon 0.7030
Seed 2 | Episode 40 | Reward -300.00 | Epsilon 0.6967
Seed 2 | Episode 41 | Reward -300.00 | Epsilon 0.6905
Seed 2 | Episode 42 | Reward -300.00 | Epsilon 0.6843
Seed 2 | Episode 43 | Reward -300.00 | Epsilon 0.6782
Seed 2 | Episode 44 | Reward -300.00 | Epsilon 0.6721
Seed 2 | Episode 45 | Reward -300.00 | Epsilon 0.6661
Seed 2 | Episode 46 | Reward -300.00 | Epsilon 0.6601
Seed 2 | Episode 47 | Reward -300.00 | Epsilon 0.6542
Seed 2 | Episode 48 | Reward -300.00 | Epsilon 0.6483
Seed 2 | Episode 49 | Reward -300.00 | Epsilon 0.6425
Seed 2 | Episode 50 | Reward -300.00 | Epsilon 0.6368
Seed 2 | Episode 51 | Reward -300.00 | Epsilon 0.6311
Seed 2 | Episode 52 | Reward -300.00 | Epsilon 0.6254
Seed 2 | Episode 53 | Reward -300.00 | Epsilon 0.6198
Seed 2 | Episode 54 | Reward -300.00 | Epsilon 0.6142
Seed 2 | Episode 55 | Reward -300.00 | Epsilon 0.6087
Seed 2 | Episode 56 | Reward -300.00 | Epsilon 0.6033
Seed 2 | Episode 57 | Reward -300.00 | Epsilon 0.5979
Seed 2 | Episode 58 | Reward -300.00 | Epsilon 0.5925
Seed 2 | Episode 59 | Reward -300.00 | Epsilon 0.5872
Seed 2 | Episode 60 | Reward -300.00 | Epsilon 0.5820
Seed 2 | Episode 61 | Reward -300.00 | Epsilon 0.5767
Seed 2 | Episode 62 | Reward -300.00 | Epsilon 0.5716
Seed 2 | Episode 63 | Reward -300.00 | Epsilon 0.5665
Seed 2 | Episode 64 | Reward -300.00 | Epsilon 0.5614
Seed 2 | Episode 65 | Reward -300.00 | Epsilon 0.5563
Seed 2 | Episode 66 | Reward -300.00 | Epsilon 0.5514
Seed 2 | Episode 67 | Reward -300.00 | Epsilon 0.5464
Seed 2 | Episode 68 | Reward -300.00 | Epsilon 0.5415
Seed 2 | Episode 69 | Reward -300.00 | Epsilon 0.5367
Seed 2 | Episode 70 | Reward -300.00 | Epsilon 0.5319
Seed 2 | Episode 71 | Reward -300.00 | Epsilon 0.5271
Seed 2 | Episode 72 | Reward -300.00 | Epsilon 0.5224
Seed 2 | Episode 73 | Reward -300.00 | Epsilon 0.5177
Seed 2 | Episode 74 | Reward -300.00 | Epsilon 0.5131
Seed 2 | Episode 75 | Reward -300.00 | Epsilon 0.5085
Seed 2 | Episode 76 | Reward -300.00 | Epsilon 0.5039
Seed 2 | Episode 77 | Reward -300.00 | Epsilon 0.4994
Seed 2 | Episode 78 | Reward -300.00 | Epsilon 0.4949
Seed 2 | Episode 79 | Reward -300.00 | Epsilon 0.4905
Seed 2 | Episode 80 | Reward -300.00 | Epsilon 0.4861
Seed 2 | Episode 81 | Reward -300.00 | Epsilon 0.4817
Seed 2 | Episode 82 | Reward -300.00 | Epsilon 0.4774
Seed 2 | Episode 83 | Reward -300.00 | Epsilon 0.4731
Seed 2 | Episode 84 | Reward -300.00 | Epsilon 0.4689
Seed 2 | Episode 85 | Reward -300.00 | Epsilon 0.4647
Seed 2 | Episode 86 | Reward -300.00 | Epsilon 0.4605
Seed 2 | Episode 87 | Reward -300.00 | Epsilon 0.4564
Seed 2 | Episode 88 | Reward -300.00 | Epsilon 0.4523
Seed 2 | Episode 89 | Reward -300.00 | Epsilon 0.4483
Seed 2 | Episode 90 | Reward -300.00 | Epsilon 0.4443
Seed 2 | Episode 91 | Reward -300.00 | Epsilon 0.4403
Seed 2 | Episode 92 | Reward -300.00 | Epsilon 0.4363
Seed 2 | Episode 93 | Reward -300.00 | Epsilon 0.4324
Seed 2 | Episode 94 | Reward -20.00 | Epsilon 0.4309
Seed 2 | Episode 95 | Reward -300.00 | Epsilon 0.4270
Seed 2 | Episode 96 | Reward -300.00 | Epsilon 0.4232
Seed 2 | Episode 97 | Reward -300.00 | Epsilon 0.4194
Seed 2 | Episode 98 | Reward -300.00 | Epsilon 0.4156
Seed 2 | Episode 99 | Reward -300.00 | Epsilon 0.4119
Seed 2 | Episode 100 | Reward -300.00 | Epsilon 0.4082
Seed 2 | Episode 101 | Reward -300.00 | Epsilon 0.4045
Seed 2 | Episode 102 | Reward -300.00 | Epsilon 0.4009
Seed 2 | Episode 103 | Reward -300.00 | Epsilon 0.3973
Seed 2 | Episode 104 | Reward -300.00 | Epsilon 0.3938
Seed 2 | Episode 105 | Reward -300.00 | Epsilon 0.3902
Seed 2 | Episode 106 | Reward -300.00 | Epsilon 0.3867
Seed 2 | Episode 107 | Reward -300.00 | Epsilon 0.3833
Seed 2 | Episode 108 | Reward -300.00 | Epsilon 0.3798
Seed 2 | Episode 109 | Reward -300.00 | Epsilon 0.3764
Seed 2 | Episode 110 | Reward -300.00 | Epsilon 0.3731
Seed 2 | Episode 111 | Reward -300.00 | Epsilon 0.3697
Seed 2 | Episode 112 | Reward -300.00 | Epsilon 0.3664
Seed 2 | Episode 113 | Reward -300.00 | Epsilon 0.3631
Seed 2 | Episode 114 | Reward -300.00 | Epsilon 0.3599
Seed 2 | Episode 115 | Reward -300.00 | Epsilon 0.3567
Seed 2 | Episode 116 | Reward -300.00 | Epsilon 0.3535
Seed 2 | Episode 117 | Reward -300.00 | Epsilon 0.3503
Seed 2 | Episode 118 | Reward -300.00 | Epsilon 0.3472
Seed 2 | Episode 119 | Reward -300.00 | Epsilon 0.3440
Seed 2 | Episode 120 | Reward -300.00 | Epsilon 0.3410
Seed 2 | Episode 121 | Reward -300.00 | Epsilon 0.3379
Seed 2 | Episode 122 | Reward -300.00 | Epsilon 0.3349
Seed 2 | Episode 123 | Reward -300.00 | Epsilon 0.3319
Seed 2 | Episode 124 | Reward -300.00 | Epsilon 0.3289
Seed 2 | Episode 125 | Reward -300.00 | Epsilon 0.3260
Seed 2 | Episode 126 | Reward -300.00 | Epsilon 0.3230
Seed 2 | Episode 127 | Reward -300.00 | Epsilon 0.3201
Seed 2 | Episode 128 | Reward -300.00 | Epsilon 0.3173
Seed 2 | Episode 129 | Reward -300.00 | Epsilon 0.3144
Seed 2 | Episode 130 | Reward -300.00 | Epsilon 0.3116
Seed 2 | Episode 131 | Reward -300.00 | Epsilon 0.3088
Seed 2 | Episode 132 | Reward -300.00 | Epsilon 0.3061
Seed 2 | Episode 133 | Reward -138.00 | Epsilon 0.3039
Seed 2 | Episode 134 | Reward -300.00 | Epsilon 0.3011
Seed 2 | Episode 135 | Reward -300.00 | Epsilon 0.2984
Seed 2 | Episode 136 | Reward -300.00 | Epsilon 0.2958
Seed 2 | Episode 137 | Reward -300.00 | Epsilon 0.2931
Seed 2 | Episode 138 | Reward -300.00 | Epsilon 0.2905
Seed 2 | Episode 139 | Reward -300.00 | Epsilon 0.2879
Seed 2 | Episode 140 | Reward -300.00 | Epsilon 0.2853
Seed 2 | Episode 141 | Reward -300.00 | Epsilon 0.2828
Seed 2 | Episode 142 | Reward -300.00 | Epsilon 0.2802
Seed 2 | Episode 143 | Reward -300.00 | Epsilon 0.2777
Seed 2 | Episode 144 | Reward -300.00 | Epsilon 0.2752
Seed 2 | Episode 145 | Reward -300.00 | Epsilon 0.2728
Seed 2 | Episode 146 | Reward -300.00 | Epsilon 0.2703
Seed 2 | Episode 147 | Reward -300.00 | Epsilon 0.2679
Seed 2 | Episode 148 | Reward -300.00 | Epsilon 0.2655
Seed 2 | Episode 149 | Reward -300.00 | Epsilon 0.2631
Seed 2 | Episode 150 | Reward -300.00 | Epsilon 0.2608
Seed 2 | Episode 151 | Reward -300.00 | Epsilon 0.2584
Seed 2 | Episode 152 | Reward -300.00 | Epsilon 0.2561
Seed 2 | Episode 153 | Reward -300.00 | Epsilon 0.2538
Seed 2 | Episode 154 | Reward -300.00 | Epsilon 0.2515
Seed 2 | Episode 155 | Reward -300.00 | Epsilon 0.2493
Seed 2 | Episode 156 | Reward -300.00 | Epsilon 0.2470
Seed 2 | Episode 157 | Reward -300.00 | Epsilon 0.2448
Seed 2 | Episode 158 | Reward -300.00 | Epsilon 0.2426
Seed 2 | Episode 159 | Reward -300.00 | Epsilon 0.2405
Seed 2 | Episode 160 | Reward -300.00 | Epsilon 0.2383
Seed 2 | Episode 161 | Reward -300.00 | Epsilon 0.2362
Seed 2 | Episode 162 | Reward -300.00 | Epsilon 0.2341
Seed 2 | Episode 163 | Reward -300.00 | Epsilon 0.2320
Seed 2 | Episode 164 | Reward -300.00 | Epsilon 0.2299
Seed 2 | Episode 165 | Reward -300.00 | Epsilon 0.2278
Seed 2 | Episode 166 | Reward -300.00 | Epsilon 0.2258
Seed 2 | Episode 167 | Reward -300.00 | Epsilon 0.2238
Seed 2 | Episode 168 | Reward -300.00 | Epsilon 0.2218
Seed 2 | Episode 169 | Reward -300.00 | Epsilon 0.2198
Seed 2 | Episode 170 | Reward -300.00 | Epsilon 0.2178
Seed 2 | Episode 171 | Reward -300.00 | Epsilon 0.2158
Seed 2 | Episode 172 | Reward -300.00 | Epsilon 0.2139
Seed 2 | Episode 173 | Reward -300.00 | Epsilon 0.2120
Seed 2 | Episode 174 | Reward -300.00 | Epsilon 0.2101
Seed 2 | Episode 175 | Reward -300.00 | Epsilon 0.2082
Seed 2 | Episode 176 | Reward -300.00 | Epsilon 0.2064
Seed 2 | Episode 177 | Reward -300.00 | Epsilon 0.2045
Seed 2 | Episode 178 | Reward -300.00 | Epsilon 0.2027
Seed 2 | Episode 179 | Reward -300.00 | Epsilon 0.2009
Seed 2 | Episode 180 | Reward -300.00 | Epsilon 0.1991
Seed 2 | Episode 181 | Reward -300.00 | Epsilon 0.1973
Seed 2 | Episode 182 | Reward -300.00 | Epsilon 0.1955
Seed 2 | Episode 183 | Reward -300.00 | Epsilon 0.1938
Seed 2 | Episode 184 | Reward -300.00 | Epsilon 0.1920
Seed 2 | Episode 185 | Reward -300.00 | Epsilon 0.1903
Seed 2 | Episode 186 | Reward -300.00 | Epsilon 0.1886
Seed 2 | Episode 187 | Reward -300.00 | Epsilon 0.1869
Seed 2 | Episode 188 | Reward -300.00 | Epsilon 0.1852
Seed 2 | Episode 189 | Reward -300.00 | Epsilon 0.1836
Seed 2 | Episode 190 | Reward -300.00 | Epsilon 0.1819
Seed 2 | Episode 191 | Reward -300.00 | Epsilon 0.1803
Seed 2 | Episode 192 | Reward -300.00 | Epsilon 0.1787
Seed 2 | Episode 193 | Reward -300.00 | Epsilon 0.1771
Seed 2 | Episode 194 | Reward -300.00 | Epsilon 0.1755
Seed 2 | Episode 195 | Reward -300.00 | Epsilon 0.1739
Seed 2 | Episode 196 | Reward -300.00 | Epsilon 0.1724
Seed 2 | Episode 197 | Reward -300.00 | Epsilon 0.1708
Seed 2 | Episode 198 | Reward -300.00 | Epsilon 0.1693
Seed 2 | Episode 199 | Reward -300.00 | Epsilon 0.1678
Seed 2 | Episode 200 | Reward -300.00 | Epsilon 0.1663
Seed 2 | Episode 201 | Reward -300.00 | Epsilon 0.1648
Seed 2 | Episode 202 | Reward -300.00 | Epsilon 0.1633
Seed 2 | Episode 203 | Reward -300.00 | Epsilon 0.1618
Seed 2 | Episode 204 | Reward -300.00 | Epsilon 0.1604
Seed 2 | Episode 205 | Reward -300.00 | Epsilon 0.1589
Seed 2 | Episode 206 | Reward -300.00 | Epsilon 0.1575
Seed 2 | Episode 207 | Reward -300.00 | Epsilon 0.1561
Seed 2 | Episode 208 | Reward -300.00 | Epsilon 0.1547
Seed 2 | Episode 209 | Reward -300.00 | Epsilon 0.1533
Seed 2 | Episode 210 | Reward -300.00 | Epsilon 0.1520
Seed 2 | Episode 211 | Reward -300.00 | Epsilon 0.1506
Seed 2 | Episode 212 | Reward -300.00 | Epsilon 0.1492
Seed 2 | Episode 213 | Reward -300.00 | Epsilon 0.1479
Seed 2 | Episode 214 | Reward -300.00 | Epsilon 0.1466
Seed 2 | Episode 215 | Reward -300.00 | Epsilon 0.1453
Seed 2 | Episode 216 | Reward -300.00 | Epsilon 0.1440
Seed 2 | Episode 217 | Reward -300.00 | Epsilon 0.1427
Seed 2 | Episode 218 | Reward -300.00 | Epsilon 0.1414
Seed 2 | Episode 219 | Reward -300.00 | Epsilon 0.1401
Seed 2 | Episode 220 | Reward -300.00 | Epsilon 0.1389
Seed 2 | Episode 221 | Reward -300.00 | Epsilon 0.1376
Seed 2 | Episode 222 | Reward -300.00 | Epsilon 0.1364
Seed 2 | Episode 223 | Reward -300.00 | Epsilon 0.1352
Seed 2 | Episode 224 | Reward -300.00 | Epsilon 0.1340
Seed 2 | Episode 225 | Reward -300.00 | Epsilon 0.1328
Seed 2 | Episode 226 | Reward -300.00 | Epsilon 0.1316
Seed 2 | Episode 227 | Reward -300.00 | Epsilon 0.1304
Seed 2 | Episode 228 | Reward -300.00 | Epsilon 0.1292
Seed 2 | Episode 229 | Reward -300.00 | Epsilon 0.1281
Seed 2 | Episode 230 | Reward -300.00 | Epsilon 0.1269
Seed 2 | Episode 231 | Reward -300.00 | Epsilon 0.1258
Seed 2 | Episode 232 | Reward -300.00 | Epsilon 0.1247
Seed 2 | Episode 233 | Reward -300.00 | Epsilon 0.1235
Seed 2 | Episode 234 | Reward -300.00 | Epsilon 0.1224
Seed 2 | Episode 235 | Reward -300.00 | Epsilon 0.1213
Seed 2 | Episode 236 | Reward -300.00 | Epsilon 0.1203
Seed 2 | Episode 237 | Reward -300.00 | Epsilon 0.1192
Seed 2 | Episode 238 | Reward -300.00 | Epsilon 0.1181
Seed 2 | Episode 239 | Reward -300.00 | Epsilon 0.1170
Seed 2 | Episode 240 | Reward -300.00 | Epsilon 0.1160
Seed 2 | Episode 241 | Reward -300.00 | Epsilon 0.1150
Seed 2 | Episode 242 | Reward -300.00 | Epsilon 0.1139
Seed 2 | Episode 243 | Reward -300.00 | Epsilon 0.1129
Seed 2 | Episode 244 | Reward -300.00 | Epsilon 0.1119
Seed 2 | Episode 245 | Reward -300.00 | Epsilon 0.1109
Seed 2 | Episode 246 | Reward -300.00 | Epsilon 0.1099
Seed 2 | Episode 247 | Reward -300.00 | Epsilon 0.1089
Seed 2 | Episode 248 | Reward -300.00 | Epsilon 0.1079
Seed 2 | Episode 249 | Reward -300.00 | Epsilon 0.1070
Seed 2 | Episode 250 | Reward -300.00 | Epsilon 0.1060
Seed 2 | Episode 251 | Reward -300.00 | Epsilon 0.1051
Seed 2 | Episode 252 | Reward -300.00 | Epsilon 0.1041
Seed 2 | Episode 253 | Reward 53.00 | Epsilon 0.1040
Seed 2 | Episode 254 | Reward -300.00 | Epsilon 0.1030
Seed 2 | Episode 255 | Reward -300.00 | Epsilon 0.1021
Seed 2 | Episode 256 | Reward -300.00 | Epsilon 0.1012
Seed 2 | Episode 257 | Reward -300.00 | Epsilon 0.1003
Seed 2 | Episode 258 | Reward -137.00 | Epsilon 0.0996
Seed 2 | Episode 259 | Reward -300.00 | Epsilon 0.0987
Seed 2 | Episode 260 | Reward -300.00 | Epsilon 0.0978
Seed 2 | Episode 261 | Reward -300.00 | Epsilon 0.0969
Seed 2 | Episode 262 | Reward -300.00 | Epsilon 0.0961
Seed 2 | Episode 263 | Reward -300.00 | Epsilon 0.0952
Seed 2 | Episode 264 | Reward -300.00 | Epsilon 0.0943
Seed 2 | Episode 265 | Reward -300.00 | Epsilon 0.0935
Seed 2 | Episode 266 | Reward -300.00 | Epsilon 0.0927
Seed 2 | Episode 267 | Reward -300.00 | Epsilon 0.0918
Seed 2 | Episode 268 | Reward -300.00 | Epsilon 0.0910
Seed 2 | Episode 269 | Reward -300.00 | Epsilon 0.0902
Seed 2 | Episode 270 | Reward -300.00 | Epsilon 0.0894
Seed 2 | Episode 271 | Reward -300.00 | Epsilon 0.0886
Seed 2 | Episode 272 | Reward -300.00 | Epsilon 0.0878
Seed 2 | Episode 273 | Reward -300.00 | Epsilon 0.0870
Seed 2 | Episode 274 | Reward -300.00 | Epsilon 0.0862
Seed 2 | Episode 275 | Reward -300.00 | Epsilon 0.0855
Seed 2 | Episode 276 | Reward -300.00 | Epsilon 0.0847
Seed 2 | Episode 277 | Reward -300.00 | Epsilon 0.0839
Seed 2 | Episode 278 | Reward -300.00 | Epsilon 0.0832
Seed 2 | Episode 279 | Reward -300.00 | Epsilon 0.0824
Seed 2 | Episode 280 | Reward -300.00 | Epsilon 0.0817
Seed 2 | Episode 281 | Reward -300.00 | Epsilon 0.0810
Seed 2 | Episode 282 | Reward -300.00 | Epsilon 0.0802
Seed 2 | Episode 283 | Reward -300.00 | Epsilon 0.0795
Seed 2 | Episode 284 | Reward -300.00 | Epsilon 0.0788
Seed 2 | Episode 285 | Reward -300.00 | Epsilon 0.0781
Seed 2 | Episode 286 | Reward -300.00 | Epsilon 0.0774
Seed 2 | Episode 287 | Reward -300.00 | Epsilon 0.0767
Seed 2 | Episode 288 | Reward -300.00 | Epsilon 0.0760
Seed 2 | Episode 289 | Reward -300.00 | Epsilon 0.0753
Seed 2 | Episode 290 | Reward -300.00 | Epsilon 0.0747
Seed 2 | Episode 291 | Reward -300.00 | Epsilon 0.0740
Seed 2 | Episode 292 | Reward -300.00 | Epsilon 0.0733
Seed 2 | Episode 293 | Reward -300.00 | Epsilon 0.0727
Seed 2 | Episode 294 | Reward -300.00 | Epsilon 0.0720
Seed 2 | Episode 295 | Reward -300.00 | Epsilon 0.0714
Seed 2 | Episode 296 | Reward -300.00 | Epsilon 0.0707
Seed 2 | Episode 297 | Reward -300.00 | Epsilon 0.0701
Seed 2 | Episode 298 | Reward -300.00 | Epsilon 0.0695
Seed 2 | Episode 299 | Reward -300.00 | Epsilon 0.0689
Seed 2 | Episode 300 | Reward -300.00 | Epsilon 0.0682
Seed 2 | Episode 301 | Reward -300.00 | Epsilon 0.0676
Seed 2 | Episode 302 | Reward -300.00 | Epsilon 0.0670
Seed 2 | Episode 303 | Reward -300.00 | Epsilon 0.0664
Seed 2 | Episode 304 | Reward -300.00 | Epsilon 0.0658
Seed 2 | Episode 305 | Reward -300.00 | Epsilon 0.0652
Seed 2 | Episode 306 | Reward -300.00 | Epsilon 0.0646
Seed 2 | Episode 307 | Reward -300.00 | Epsilon 0.0641
Seed 2 | Episode 308 | Reward -300.00 | Epsilon 0.0635
Seed 2 | Episode 309 | Reward -300.00 | Epsilon 0.0629
Seed 2 | Episode 310 | Reward -300.00 | Epsilon 0.0624
Seed 2 | Episode 311 | Reward -300.00 | Epsilon 0.0618
Seed 2 | Episode 312 | Reward -300.00 | Epsilon 0.0613
Seed 2 | Episode 313 | Reward -300.00 | Epsilon 0.0607
Seed 2 | Episode 314 | Reward -300.00 | Epsilon 0.0602
Seed 2 | Episode 315 | Reward -300.00 | Epsilon 0.0596
Seed 2 | Episode 316 | Reward -300.00 | Epsilon 0.0591
Seed 2 | Episode 317 | Reward -300.00 | Epsilon 0.0586
Seed 2 | Episode 318 | Reward -300.00 | Epsilon 0.0580
Seed 2 | Episode 319 | Reward -300.00 | Epsilon 0.0575
Seed 2 | Episode 320 | Reward -300.00 | Epsilon 0.0570
Seed 2 | Episode 321 | Reward -300.00 | Epsilon 0.0565
Seed 2 | Episode 322 | Reward -300.00 | Epsilon 0.0560
Seed 2 | Episode 323 | Reward -300.00 | Epsilon 0.0555
Seed 2 | Episode 324 | Reward -300.00 | Epsilon 0.0550
Seed 2 | Episode 325 | Reward -300.00 | Epsilon 0.0545
Seed 2 | Episode 326 | Reward -300.00 | Epsilon 0.0540
Seed 2 | Episode 327 | Reward -300.00 | Epsilon 0.0535
Seed 2 | Episode 328 | Reward -300.00 | Epsilon 0.0530
Seed 2 | Episode 329 | Reward -300.00 | Epsilon 0.0526
Seed 2 | Episode 330 | Reward -300.00 | Epsilon 0.0521
Seed 2 | Episode 331 | Reward 54.00 | Epsilon 0.0520
Seed 2 | Episode 332 | Reward -300.00 | Epsilon 0.0516
Seed 2 | Episode 333 | Reward -300.00 | Epsilon 0.0511
Seed 2 | Episode 334 | Reward -300.00 | Epsilon 0.0506
Seed 2 | Episode 335 | Reward -300.00 | Epsilon 0.0502
Seed 2 | Episode 336 | Reward -300.00 | Epsilon 0.0497
Seed 2 | Episode 337 | Reward -300.00 | Epsilon 0.0493
Seed 2 | Episode 338 | Reward -300.00 | Epsilon 0.0488
Seed 2 | Episode 339 | Reward -300.00 | Epsilon 0.0484
Seed 2 | Episode 340 | Reward -300.00 | Epsilon 0.0480
Seed 2 | Episode 341 | Reward -300.00 | Epsilon 0.0475
Seed 2 | Episode 342 | Reward -300.00 | Epsilon 0.0471
Seed 2 | Episode 343 | Reward -139.00 | Epsilon 0.0468
Seed 2 | Episode 344 | Reward -300.00 | Epsilon 0.0464
Seed 2 | Episode 345 | Reward -300.00 | Epsilon 0.0459
Seed 2 | Episode 346 | Reward 56.00 | Epsilon 0.0459
Seed 2 | Episode 347 | Reward -174.00 | Epsilon 0.0455
Seed 2 | Episode 348 | Reward -300.00 | Epsilon 0.0451
Seed 2 | Episode 349 | Reward -300.00 | Epsilon 0.0447
Seed 2 | Episode 350 | Reward -198.00 | Epsilon 0.0443
Seed 2 | Episode 351 | Reward -300.00 | Epsilon 0.0439
Seed 2 | Episode 352 | Reward -149.00 | Epsilon 0.0436
Seed 2 | Episode 353 | Reward -300.00 | Epsilon 0.0432
Seed 2 | Episode 354 | Reward 10.00 | Epsilon 0.0431
Seed 2 | Episode 355 | Reward 39.00 | Epsilon 0.0430
Seed 2 | Episode 356 | Reward 56.00 | Epsilon 0.0429
Seed 2 | Episode 357 | Reward -300.00 | Epsilon 0.0425
Seed 2 | Episode 358 | Reward -300.00 | Epsilon 0.0422
Seed 2 | Episode 359 | Reward -300.00 | Epsilon 0.0418
Seed 2 | Episode 360 | Reward -300.00 | Epsilon 0.0414
Seed 2 | Episode 361 | Reward 7.00 | Epsilon 0.0413
Seed 2 | Episode 362 | Reward -10.00 | Epsilon 0.0411
Seed 2 | Episode 363 | Reward 0.00 | Epsilon 0.0410
Seed 2 | Episode 364 | Reward 44.00 | Epsilon 0.0410
Seed 2 | Episode 365 | Reward -300.00 | Epsilon 0.0406
Seed 2 | Episode 366 | Reward -300.00 | Epsilon 0.0402
Seed 2 | Episode 367 | Reward -48.00 | Epsilon 0.0400
Seed 2 | Episode 368 | Reward -300.00 | Epsilon 0.0397
Seed 2 | Episode 369 | Reward -74.00 | Epsilon 0.0395
Seed 2 | Episode 370 | Reward -134.00 | Epsilon 0.0392
Seed 2 | Episode 371 | Reward -300.00 | Epsilon 0.0388
Seed 2 | Episode 372 | Reward -170.00 | Epsilon 0.0385
Seed 2 | Episode 373 | Reward -300.00 | Epsilon 0.0382
Seed 2 | Episode 374 | Reward -35.00 | Epsilon 0.0380
Seed 2 | Episode 375 | Reward -300.00 | Epsilon 0.0377
Seed 2 | Episode 376 | Reward -77.00 | Epsilon 0.0375
Seed 2 | Episode 377 | Reward 61.00 | Epsilon 0.0374
Seed 2 | Episode 378 | Reward -300.00 | Epsilon 0.0371
Seed 2 | Episode 379 | Reward -300.00 | Epsilon 0.0368
Seed 2 | Episode 380 | Reward -300.00 | Epsilon 0.0365
Seed 2 | Episode 381 | Reward -300.00 | Epsilon 0.0361
Seed 2 | Episode 382 | Reward -23.00 | Epsilon 0.0360
Seed 2 | Episode 383 | Reward -300.00 | Epsilon 0.0357
Seed 2 | Episode 384 | Reward -300.00 | Epsilon 0.0353
Seed 2 | Episode 385 | Reward -195.00 | Epsilon 0.0350
Seed 2 | Episode 386 | Reward -300.00 | Epsilon 0.0347
Seed 2 | Episode 387 | Reward -300.00 | Epsilon 0.0344
Seed 2 | Episode 388 | Reward -300.00 | Epsilon 0.0341
Seed 2 | Episode 389 | Reward -56.00 | Epsilon 0.0339
Seed 2 | Episode 390 | Reward -191.00 | Epsilon 0.0336
Seed 2 | Episode 391 | Reward -300.00 | Epsilon 0.0333
Seed 2 | Episode 392 | Reward 51.00 | Epsilon 0.0333
Seed 2 | Episode 393 | Reward -300.00 | Epsilon 0.0330
Seed 2 | Episode 394 | Reward -300.00 | Epsilon 0.0327
Seed 2 | Episode 395 | Reward -300.00 | Epsilon 0.0324
Seed 2 | Episode 396 | Reward -300.00 | Epsilon 0.0321
Seed 2 | Episode 397 | Reward -300.00 | Epsilon 0.0318
Seed 2 | Episode 398 | Reward -300.00 | Epsilon 0.0315
Seed 2 | Episode 399 | Reward 54.00 | Epsilon 0.0315
Seed 2 | Episode 400 | Reward -300.00 | Epsilon 0.0312
Seed 2 | Episode 401 | Reward -131.00 | Epsilon 0.0310
Seed 2 | Episode 402 | Reward -300.00 | Epsilon 0.0307
Seed 2 | Episode 403 | Reward -300.00 | Epsilon 0.0304
Seed 2 | Episode 404 | Reward -300.00 | Epsilon 0.0302
Seed 2 | Episode 405 | Reward 40.00 | Epsilon 0.0301
Seed 2 | Episode 406 | Reward -300.00 | Epsilon 0.0298
Seed 2 | Episode 407 | Reward -112.00 | Epsilon 0.0297
Seed 2 | Episode 408 | Reward -300.00 | Epsilon 0.0294
Seed 2 | Episode 409 | Reward 54.00 | Epsilon 0.0294
Seed 2 | Episode 410 | Reward -300.00 | Epsilon 0.0291
Seed 2 | Episode 411 | Reward -140.00 | Epsilon 0.0289
Seed 2 | Episode 412 | Reward 5.00 | Epsilon 0.0288
Seed 2 | Episode 413 | Reward 52.00 | Epsilon 0.0288
Seed 2 | Episode 414 | Reward 63.00 | Epsilon 0.0287
Seed 2 | Episode 415 | Reward 41.00 | Epsilon 0.0287
Seed 2 | Episode 416 | Reward 22.00 | Epsilon 0.0286
Seed 2 | Episode 417 | Reward 44.00 | Epsilon 0.0286
Seed 2 | Episode 418 | Reward 35.00 | Epsilon 0.0285
Seed 2 | Episode 419 | Reward -64.00 | Epsilon 0.0284
Seed 2 | Episode 420 | Reward 52.00 | Epsilon 0.0283
Seed 2 | Episode 421 | Reward 47.00 | Epsilon 0.0283
Seed 2 | Episode 422 | Reward 59.00 | Epsilon 0.0282
Seed 2 | Episode 423 | Reward 33.00 | Epsilon 0.0282
Seed 2 | Episode 424 | Reward -16.00 | Epsilon 0.0281
Seed 2 | Episode 425 | Reward -112.00 | Epsilon 0.0279
Seed 2 | Episode 426 | Reward -5.00 | Epsilon 0.0278
Seed 2 | Episode 427 | Reward 50.00 | Epsilon 0.0278
Seed 2 | Episode 428 | Reward 48.00 | Epsilon 0.0277
Seed 2 | Episode 429 | Reward 51.00 | Epsilon 0.0277
Seed 2 | Episode 430 | Reward -25.00 | Epsilon 0.0276
Seed 2 | Episode 431 | Reward -55.00 | Epsilon 0.0274
Seed 2 | Episode 432 | Reward 55.00 | Epsilon 0.0274
Seed 2 | Episode 433 | Reward -70.00 | Epsilon 0.0273
Seed 2 | Episode 434 | Reward 27.00 | Epsilon 0.0272
Seed 2 | Episode 435 | Reward 58.00 | Epsilon 0.0272
Seed 2 | Episode 436 | Reward 32.00 | Epsilon 0.0271
Seed 2 | Episode 437 | Reward -146.00 | Epsilon 0.0269
Seed 2 | Episode 438 | Reward -22.00 | Epsilon 0.0268
Seed 2 | Episode 439 | Reward -63.00 | Epsilon 0.0267
Seed 2 | Episode 440 | Reward 57.00 | Epsilon 0.0267
Seed 2 | Episode 441 | Reward -300.00 | Epsilon 0.0264
Seed 2 | Episode 442 | Reward 43.00 | Epsilon 0.0264
Seed 2 | Episode 443 | Reward -30.00 | Epsilon 0.0263
Seed 2 | Episode 444 | Reward -2.00 | Epsilon 0.0262
Seed 2 | Episode 445 | Reward 35.00 | Epsilon 0.0261
Seed 2 | Episode 446 | Reward 44.00 | Epsilon 0.0261
Seed 2 | Episode 447 | Reward 37.00 | Epsilon 0.0260
Seed 2 | Episode 448 | Reward 49.00 | Epsilon 0.0260
Seed 2 | Episode 449 | Reward 59.00 | Epsilon 0.0260
Seed 2 | Episode 450 | Reward 47.00 | Epsilon 0.0259
Seed 2 | Episode 451 | Reward 43.00 | Epsilon 0.0259
Seed 2 | Episode 452 | Reward -141.00 | Epsilon 0.0257
Seed 2 | Episode 453 | Reward 59.00 | Epsilon 0.0257
Seed 2 | Episode 454 | Reward 38.00 | Epsilon 0.0256
Seed 2 | Episode 455 | Reward 55.00 | Epsilon 0.0256
Seed 2 | Episode 456 | Reward 40.00 | Epsilon 0.0255
Seed 2 | Episode 457 | Reward -15.00 | Epsilon 0.0254
Seed 2 | Episode 458 | Reward 42.00 | Epsilon 0.0254
Seed 2 | Episode 459 | Reward 50.00 | Epsilon 0.0254
Seed 2 | Episode 460 | Reward 54.00 | Epsilon 0.0253
Seed 2 | Episode 461 | Reward 39.00 | Epsilon 0.0253
Seed 2 | Episode 462 | Reward 47.00 | Epsilon 0.0252
Seed 2 | Episode 463 | Reward -56.00 | Epsilon 0.0251
Seed 2 | Episode 464 | Reward 55.00 | Epsilon 0.0251
Seed 2 | Episode 465 | Reward -134.00 | Epsilon 0.0249
Seed 2 | Episode 466 | Reward 35.00 | Epsilon 0.0249
Seed 2 | Episode 467 | Reward 61.00 | Epsilon 0.0248
Seed 2 | Episode 468 | Reward -33.00 | Epsilon 0.0247
Seed 2 | Episode 469 | Reward 47.00 | Epsilon 0.0247
Seed 2 | Episode 470 | Reward 44.00 | Epsilon 0.0246
Seed 2 | Episode 471 | Reward 11.00 | Epsilon 0.0246
Seed 2 | Episode 472 | Reward 32.00 | Epsilon 0.0245
Seed 2 | Episode 473 | Reward 20.00 | Epsilon 0.0245
Seed 2 | Episode 474 | Reward 51.00 | Epsilon 0.0244
Seed 2 | Episode 475 | Reward 52.00 | Epsilon 0.0244
Seed 2 | Episode 476 | Reward 24.00 | Epsilon 0.0243
Seed 2 | Episode 477 | Reward 56.00 | Epsilon 0.0243
Seed 2 | Episode 478 | Reward 25.00 | Epsilon 0.0242
Seed 2 | Episode 479 | Reward 32.00 | Epsilon 0.0242
Seed 2 | Episode 480 | Reward 57.00 | Epsilon 0.0242
Seed 2 | Episode 481 | Reward 41.00 | Epsilon 0.0241
Seed 2 | Episode 482 | Reward 60.00 | Epsilon 0.0241
Seed 2 | Episode 483 | Reward 37.00 | Epsilon 0.0240
Seed 2 | Episode 484 | Reward 30.00 | Epsilon 0.0240
Seed 2 | Episode 485 | Reward 58.00 | Epsilon 0.0240
Seed 2 | Episode 486 | Reward 50.00 | Epsilon 0.0239
Seed 2 | Episode 487 | Reward 61.00 | Epsilon 0.0239
Seed 2 | Episode 488 | Reward 58.00 | Epsilon 0.0239
Seed 2 | Episode 489 | Reward 42.00 | Epsilon 0.0238
Seed 2 | Episode 490 | Reward 44.00 | Epsilon 0.0238
Seed 2 | Episode 491 | Reward 59.00 | Epsilon 0.0238
Seed 2 | Episode 492 | Reward 43.00 | Epsilon 0.0237
Seed 2 | Episode 493 | Reward 36.00 | Epsilon 0.0237
Seed 2 | Episode 494 | Reward 58.00 | Epsilon 0.0236
Seed 2 | Episode 495 | Reward 57.00 | Epsilon 0.0236
Seed 2 | Episode 496 | Reward 41.00 | Epsilon 0.0236
Seed 2 | Episode 497 | Reward 44.00 | Epsilon 0.0235
Seed 2 | Episode 498 | Reward 59.00 | Epsilon 0.0235
Seed 2 | Episode 499 | Reward 52.00 | Epsilon 0.0235
Seed 2 | Episode 500 | Reward 55.00 | Epsilon 0.0234
Seed 2 | Episode 501 | Reward 37.00 | Epsilon 0.0234
Seed 2 | Episode 502 | Reward 49.00 | Epsilon 0.0233
Seed 2 | Episode 503 | Reward 31.00 | Epsilon 0.0233
Seed 2 | Episode 504 | Reward 54.00 | Epsilon 0.0233
Seed 2 | Episode 505 | Reward 59.00 | Epsilon 0.0232
Seed 2 | Episode 506 | Reward 51.00 | Epsilon 0.0232
Seed 2 | Episode 507 | Reward 62.00 | Epsilon 0.0232
Seed 2 | Episode 508 | Reward 61.00 | Epsilon 0.0231
Seed 2 | Episode 509 | Reward 54.00 | Epsilon 0.0231
Seed 2 | Episode 510 | Reward 50.00 | Epsilon 0.0231
Seed 2 | Episode 511 | Reward 31.00 | Epsilon 0.0230
Seed 2 | Episode 512 | Reward 42.00 | Epsilon 0.0230
Seed 2 | Episode 513 | Reward 55.00 | Epsilon 0.0230
Seed 2 | Episode 514 | Reward 43.00 | Epsilon 0.0229
Seed 2 | Episode 515 | Reward 51.00 | Epsilon 0.0229
Seed 2 | Episode 516 | Reward 54.00 | Epsilon 0.0228
Seed 2 | Episode 517 | Reward 43.00 | Epsilon 0.0228
Seed 2 | Episode 518 | Reward 32.00 | Epsilon 0.0228
Seed 2 | Episode 519 | Reward 48.00 | Epsilon 0.0227
Seed 2 | Episode 520 | Reward 55.00 | Epsilon 0.0227
Seed 2 | Episode 521 | Reward 56.00 | Epsilon 0.0227
Seed 2 | Episode 522 | Reward 39.00 | Epsilon 0.0226
Seed 2 | Episode 523 | Reward 58.00 | Epsilon 0.0226
Seed 2 | Episode 524 | Reward 29.00 | Epsilon 0.0225
Seed 2 | Episode 525 | Reward 57.00 | Epsilon 0.0225
Seed 2 | Episode 526 | Reward 42.00 | Epsilon 0.0225
Seed 2 | Episode 527 | Reward -68.00 | Epsilon 0.0224
Seed 2 | Episode 528 | Reward 12.00 | Epsilon 0.0223
Seed 2 | Episode 529 | Reward 44.00 | Epsilon 0.0223
Seed 2 | Episode 530 | Reward 64.00 | Epsilon 0.0222
Seed 2 | Episode 531 | Reward 59.00 | Epsilon 0.0222
Seed 2 | Episode 532 | Reward -10.00 | Epsilon 0.0221
Seed 2 | Episode 533 | Reward 47.00 | Epsilon 0.0221
Seed 2 | Episode 534 | Reward -3.00 | Epsilon 0.0220
Seed 2 | Episode 535 | Reward -63.00 | Epsilon 0.0219
Seed 2 | Episode 536 | Reward 60.00 | Epsilon 0.0219
Seed 2 | Episode 537 | Reward 52.00 | Epsilon 0.0219
Seed 2 | Episode 538 | Reward 55.00 | Epsilon 0.0218
Seed 2 | Episode 539 | Reward 51.00 | Epsilon 0.0218
Seed 2 | Episode 540 | Reward -21.00 | Epsilon 0.0217
Seed 2 | Episode 541 | Reward 7.00 | Epsilon 0.0217
Seed 2 | Episode 542 | Reward 46.00 | Epsilon 0.0216
Seed 2 | Episode 543 | Reward -100.00 | Epsilon 0.0215
Seed 2 | Episode 544 | Reward 48.00 | Epsilon 0.0215
Seed 2 | Episode 545 | Reward -5.00 | Epsilon 0.0214
Seed 2 | Episode 546 | Reward 59.00 | Epsilon 0.0214
Seed 2 | Episode 547 | Reward 65.00 | Epsilon 0.0213
Seed 2 | Episode 548 | Reward 42.00 | Epsilon 0.0213
Seed 2 | Episode 549 | Reward 36.00 | Epsilon 0.0213
Seed 2 | Episode 550 | Reward 42.00 | Epsilon 0.0212
Seed 2 | Episode 551 | Reward 63.00 | Epsilon 0.0212
Seed 2 | Episode 552 | Reward 47.00 | Epsilon 0.0212
Seed 2 | Episode 553 | Reward 35.00 | Epsilon 0.0211
Seed 2 | Episode 554 | Reward 55.00 | Epsilon 0.0211
Seed 2 | Episode 555 | Reward -57.00 | Epsilon 0.0210
Seed 2 | Episode 556 | Reward 59.00 | Epsilon 0.0210
Seed 2 | Episode 557 | Reward 59.00 | Epsilon 0.0209
Seed 2 | Episode 558 | Reward 50.00 | Epsilon 0.0209
Seed 2 | Episode 559 | Reward 63.00 | Epsilon 0.0209
Seed 2 | Episode 560 | Reward 38.00 | Epsilon 0.0208
Seed 2 | Episode 561 | Reward 49.00 | Epsilon 0.0208
Seed 2 | Episode 562 | Reward -20.00 | Epsilon 0.0207
Seed 2 | Episode 563 | Reward 49.00 | Epsilon 0.0207
Seed 2 | Episode 564 | Reward 48.00 | Epsilon 0.0207
Seed 2 | Episode 565 | Reward 33.00 | Epsilon 0.0206
Seed 2 | Episode 566 | Reward 59.00 | Epsilon 0.0206
Seed 2 | Episode 567 | Reward 36.00 | Epsilon 0.0206
Seed 2 | Episode 568 | Reward 62.00 | Epsilon 0.0205
Seed 2 | Episode 569 | Reward 8.00 | Epsilon 0.0205
Seed 2 | Episode 570 | Reward 27.00 | Epsilon 0.0204
Seed 2 | Episode 571 | Reward 21.00 | Epsilon 0.0204
Seed 2 | Episode 572 | Reward -13.00 | Epsilon 0.0203
Seed 2 | Episode 573 | Reward 14.00 | Epsilon 0.0203
Seed 2 | Episode 574 | Reward 46.00 | Epsilon 0.0202
Seed 2 | Episode 575 | Reward 49.00 | Epsilon 0.0202
Seed 2 | Episode 576 | Reward 59.00 | Epsilon 0.0202
Seed 2 | Episode 577 | Reward 54.00 | Epsilon 0.0201
Seed 2 | Episode 578 | Reward 63.00 | Epsilon 0.0201
Seed 2 | Episode 579 | Reward 48.00 | Epsilon 0.0201
Seed 2 | Episode 580 | Reward 56.00 | Epsilon 0.0201
Seed 2 | Episode 581 | Reward 56.00 | Epsilon 0.0200
Seed 2 | Episode 582 | Reward 40.00 | Epsilon 0.0200
Seed 2 | Episode 583 | Reward 62.00 | Epsilon 0.0200
Seed 2 | Episode 584 | Reward 58.00 | Epsilon 0.0200
Seed 2 | Episode 585 | Reward 61.00 | Epsilon 0.0199
Seed 2 | Episode 586 | Reward 30.00 | Epsilon 0.0199
Seed 2 | Episode 587 | Reward 35.00 | Epsilon 0.0198
Seed 2 | Episode 588 | Reward 50.00 | Epsilon 0.0198
Seed 2 | Episode 589 | Reward 60.00 | Epsilon 0.0198
Seed 2 | Episode 590 | Reward -73.00 | Epsilon 0.0197
Seed 2 | Episode 591 | Reward 61.00 | Epsilon 0.0197
Seed 2 | Episode 592 | Reward 47.00 | Epsilon 0.0196
Seed 2 | Episode 593 | Reward 61.00 | Epsilon 0.0196
Seed 2 | Episode 594 | Reward 29.00 | Epsilon 0.0196
Seed 2 | Episode 595 | Reward 53.00 | Epsilon 0.0195
Seed 2 | Episode 596 | Reward 64.00 | Epsilon 0.0195
Seed 2 | Episode 597 | Reward 52.00 | Epsilon 0.0195
Seed 2 | Episode 598 | Reward 54.00 | Epsilon 0.0195
Seed 2 | Episode 599 | Reward 56.00 | Epsilon 0.0194
Seed 2 | Episode 600 | Reward 49.00 | Epsilon 0.0194
Seed 2 | Episode 601 | Reward 49.00 | Epsilon 0.0194
Seed 2 | Episode 602 | Reward 30.00 | Epsilon 0.0193
Seed 2 | Episode 603 | Reward 56.00 | Epsilon 0.0193
Seed 2 | Episode 604 | Reward 52.00 | Epsilon 0.0193
Seed 2 | Episode 605 | Reward 50.00 | Epsilon 0.0193
Seed 2 | Episode 606 | Reward 59.00 | Epsilon 0.0192
Seed 2 | Episode 607 | Reward 57.00 | Epsilon 0.0192
Seed 2 | Episode 608 | Reward 48.00 | Epsilon 0.0192
Seed 2 | Episode 609 | Reward 51.00 | Epsilon 0.0191
Seed 2 | Episode 610 | Reward 47.00 | Epsilon 0.0191
Seed 2 | Episode 611 | Reward 51.00 | Epsilon 0.0191
Seed 2 | Episode 612 | Reward 60.00 | Epsilon 0.0191
Seed 2 | Episode 613 | Reward 51.00 | Epsilon 0.0190
Seed 2 | Episode 614 | Reward 25.00 | Epsilon 0.0190
Seed 2 | Episode 615 | Reward 34.00 | Epsilon 0.0189
Seed 2 | Episode 616 | Reward 45.00 | Epsilon 0.0189
Seed 2 | Episode 617 | Reward 48.00 | Epsilon 0.0189
Seed 2 | Episode 618 | Reward 59.00 | Epsilon 0.0189
Seed 2 | Episode 619 | Reward 55.00 | Epsilon 0.0188
Seed 2 | Episode 620 | Reward 61.00 | Epsilon 0.0188
Seed 2 | Episode 621 | Reward 53.00 | Epsilon 0.0188
Seed 2 | Episode 622 | Reward 60.00 | Epsilon 0.0188
Seed 2 | Episode 623 | Reward -2.00 | Epsilon 0.0187
Seed 2 | Episode 624 | Reward 57.00 | Epsilon 0.0187
Seed 2 | Episode 625 | Reward 48.00 | Epsilon 0.0187
Seed 2 | Episode 626 | Reward 49.00 | Epsilon 0.0186
Seed 2 | Episode 627 | Reward 49.00 | Epsilon 0.0186
Seed 2 | Episode 628 | Reward 58.00 | Epsilon 0.0186
Seed 2 | Episode 629 | Reward 47.00 | Epsilon 0.0185
Seed 2 | Episode 630 | Reward 54.00 | Epsilon 0.0185
Seed 2 | Episode 631 | Reward 47.00 | Epsilon 0.0185
Seed 2 | Episode 632 | Reward 48.00 | Epsilon 0.0185
Seed 2 | Episode 633 | Reward 49.00 | Epsilon 0.0184
Seed 2 | Episode 634 | Reward 38.00 | Epsilon 0.0184
Seed 2 | Episode 635 | Reward 49.00 | Epsilon 0.0184
Seed 2 | Episode 636 | Reward 48.00 | Epsilon 0.0183
Seed 2 | Episode 637 | Reward 41.00 | Epsilon 0.0183
Seed 2 | Episode 638 | Reward 61.00 | Epsilon 0.0183
Seed 2 | Episode 639 | Reward 59.00 | Epsilon 0.0183
Seed 2 | Episode 640 | Reward 65.00 | Epsilon 0.0182
Seed 2 | Episode 641 | Reward 47.00 | Epsilon 0.0182
Seed 2 | Episode 642 | Reward 51.00 | Epsilon 0.0182
Seed 2 | Episode 643 | Reward 54.00 | Epsilon 0.0182
Seed 2 | Episode 644 | Reward 39.00 | Epsilon 0.0181
Seed 2 | Episode 645 | Reward 43.00 | Epsilon 0.0181
Seed 2 | Episode 646 | Reward 45.00 | Epsilon 0.0181
Seed 2 | Episode 647 | Reward 51.00 | Epsilon 0.0180
Seed 2 | Episode 648 | Reward 50.00 | Epsilon 0.0180
Seed 2 | Episode 649 | Reward 45.00 | Epsilon 0.0180
Seed 2 | Episode 650 | Reward 51.00 | Epsilon 0.0179
Seed 2 | Episode 651 | Reward 58.00 | Epsilon 0.0179
Seed 2 | Episode 652 | Reward 53.00 | Epsilon 0.0179
Seed 2 | Episode 653 | Reward 39.00 | Epsilon 0.0179
Seed 2 | Episode 654 | Reward 62.00 | Epsilon 0.0178
Seed 2 | Episode 655 | Reward 52.00 | Epsilon 0.0178
Seed 2 | Episode 656 | Reward 53.00 | Epsilon 0.0178
Seed 2 | Episode 657 | Reward 51.00 | Epsilon 0.0178
Seed 2 | Episode 658 | Reward 48.00 | Epsilon 0.0177
Seed 2 | Episode 659 | Reward 60.00 | Epsilon 0.0177
Seed 2 | Episode 660 | Reward 43.00 | Epsilon 0.0177
Seed 2 | Episode 661 | Reward 50.00 | Epsilon 0.0177
Seed 2 | Episode 662 | Reward 47.00 | Epsilon 0.0176
Seed 2 | Episode 663 | Reward 59.00 | Epsilon 0.0176
Seed 2 | Episode 664 | Reward 47.00 | Epsilon 0.0176
Seed 2 | Episode 665 | Reward 61.00 | Epsilon 0.0176
Seed 2 | Episode 666 | Reward 44.00 | Epsilon 0.0175
Seed 2 | Episode 667 | Reward 51.00 | Epsilon 0.0175
Seed 2 | Episode 668 | Reward 58.00 | Epsilon 0.0175
Seed 2 | Episode 669 | Reward 51.00 | Epsilon 0.0175
Seed 2 | Episode 670 | Reward 47.00 | Epsilon 0.0174
Seed 2 | Episode 671 | Reward 63.00 | Epsilon 0.0174
Seed 2 | Episode 672 | Reward 53.00 | Epsilon 0.0174
Seed 2 | Episode 673 | Reward 57.00 | Epsilon 0.0174
Seed 2 | Episode 674 | Reward 58.00 | Epsilon 0.0173
Seed 2 | Episode 675 | Reward 66.00 | Epsilon 0.0173
Seed 2 | Episode 676 | Reward 62.00 | Epsilon 0.0173
Seed 2 | Episode 677 | Reward 48.00 | Epsilon 0.0173
Seed 2 | Episode 678 | Reward 61.00 | Epsilon 0.0172
Seed 2 | Episode 679 | Reward 47.00 | Epsilon 0.0172
Seed 2 | Episode 680 | Reward 54.00 | Epsilon 0.0172
Seed 2 | Episode 681 | Reward 48.00 | Epsilon 0.0172
Seed 2 | Episode 682 | Reward 57.00 | Epsilon 0.0171
Seed 2 | Episode 683 | Reward 51.00 | Epsilon 0.0171
Seed 2 | Episode 684 | Reward 51.00 | Epsilon 0.0171
Seed 2 | Episode 685 | Reward 47.00 | Epsilon 0.0171
Seed 2 | Episode 686 | Reward 60.00 | Epsilon 0.0170
Seed 2 | Episode 687 | Reward 53.00 | Epsilon 0.0170
Seed 2 | Episode 688 | Reward 41.00 | Epsilon 0.0170
Seed 2 | Episode 689 | Reward 60.00 | Epsilon 0.0170
Seed 2 | Episode 690 | Reward 61.00 | Epsilon 0.0169
Seed 2 | Episode 691 | Reward 53.00 | Epsilon 0.0169
Seed 2 | Episode 692 | Reward 56.00 | Epsilon 0.0169
Seed 2 | Episode 693 | Reward 58.00 | Epsilon 0.0169
Seed 2 | Episode 694 | Reward 34.00 | Epsilon 0.0168
Seed 2 | Episode 695 | Reward 58.00 | Epsilon 0.0168
Seed 2 | Episode 696 | Reward 46.00 | Epsilon 0.0168
Seed 2 | Episode 697 | Reward 41.00 | Epsilon 0.0168
Seed 2 | Episode 698 | Reward 50.00 | Epsilon 0.0167
Seed 2 | Episode 699 | Reward 22.00 | Epsilon 0.0167
Seed 2 | Episode 700 | Reward 45.00 | Epsilon 0.0167
Seed 2 | Episode 701 | Reward 39.00 | Epsilon 0.0166
Seed 2 | Episode 702 | Reward 42.00 | Epsilon 0.0166
Seed 2 | Episode 703 | Reward 58.00 | Epsilon 0.0166
Seed 2 | Episode 704 | Reward 55.00 | Epsilon 0.0166
Seed 2 | Episode 705 | Reward 40.00 | Epsilon 0.0165
Seed 2 | Episode 706 | Reward 49.00 | Epsilon 0.0165
Seed 2 | Episode 707 | Reward 55.00 | Epsilon 0.0165
Seed 2 | Episode 708 | Reward 47.00 | Epsilon 0.0165
Seed 2 | Episode 709 | Reward 51.00 | Epsilon 0.0164
Seed 2 | Episode 710 | Reward 58.00 | Epsilon 0.0164
Seed 2 | Episode 711 | Reward 50.00 | Epsilon 0.0164
Seed 2 | Episode 712 | Reward 58.00 | Epsilon 0.0164
Seed 2 | Episode 713 | Reward 62.00 | Epsilon 0.0164
Seed 2 | Episode 714 | Reward 61.00 | Epsilon 0.0163
Seed 2 | Episode 715 | Reward 46.00 | Epsilon 0.0163
Seed 2 | Episode 716 | Reward 52.00 | Epsilon 0.0163
Seed 2 | Episode 717 | Reward 55.00 | Epsilon 0.0163
Seed 2 | Episode 718 | Reward 58.00 | Epsilon 0.0162
Seed 2 | Episode 719 | Reward 64.00 | Epsilon 0.0162
Seed 2 | Episode 720 | Reward 43.00 | Epsilon 0.0162
Seed 2 | Episode 721 | Reward 47.00 | Epsilon 0.0162
Seed 2 | Episode 722 | Reward 44.00 | Epsilon 0.0161
Seed 2 | Episode 723 | Reward 47.00 | Epsilon 0.0161
Seed 2 | Episode 724 | Reward 64.00 | Epsilon 0.0161
Seed 2 | Episode 725 | Reward 51.00 | Epsilon 0.0161
Seed 2 | Episode 726 | Reward 62.00 | Epsilon 0.0160
Seed 2 | Episode 727 | Reward 53.00 | Epsilon 0.0160
Seed 2 | Episode 728 | Reward 60.00 | Epsilon 0.0160
Seed 2 | Episode 729 | Reward 42.00 | Epsilon 0.0160
Seed 2 | Episode 730 | Reward 52.00 | Epsilon 0.0160
Seed 2 | Episode 731 | Reward 44.00 | Epsilon 0.0159
Seed 2 | Episode 732 | Reward 51.00 | Epsilon 0.0159
Seed 2 | Episode 733 | Reward 47.00 | Epsilon 0.0159
Seed 2 | Episode 734 | Reward 41.00 | Epsilon 0.0158
Seed 2 | Episode 735 | Reward 57.00 | Epsilon 0.0158
Seed 2 | Episode 736 | Reward 54.00 | Epsilon 0.0158
Seed 2 | Episode 737 | Reward 59.00 | Epsilon 0.0158
Seed 2 | Episode 738 | Reward 54.00 | Epsilon 0.0158
Seed 2 | Episode 739 | Reward 63.00 | Epsilon 0.0157
Seed 2 | Episode 740 | Reward 59.00 | Epsilon 0.0157
Seed 2 | Episode 741 | Reward 61.00 | Epsilon 0.0157
Seed 2 | Episode 742 | Reward 46.00 | Epsilon 0.0157
Seed 2 | Episode 743 | Reward 57.00 | Epsilon 0.0157
Seed 2 | Episode 744 | Reward 59.00 | Epsilon 0.0156
Seed 2 | Episode 745 | Reward 52.00 | Epsilon 0.0156
Seed 2 | Episode 746 | Reward 58.00 | Epsilon 0.0156
Seed 2 | Episode 747 | Reward 48.00 | Epsilon 0.0156
Seed 2 | Episode 748 | Reward 52.00 | Epsilon 0.0156
Seed 2 | Episode 749 | Reward 60.00 | Epsilon 0.0155
Seed 2 | Episode 750 | Reward 53.00 | Epsilon 0.0155
Seed 2 | Episode 751 | Reward 44.00 | Epsilon 0.0155
Seed 2 | Episode 752 | Reward 62.00 | Epsilon 0.0155
Seed 2 | Episode 753 | Reward 55.00 | Epsilon 0.0154
Seed 2 | Episode 754 | Reward 35.00 | Epsilon 0.0154
Seed 2 | Episode 755 | Reward 40.00 | Epsilon 0.0154
Seed 2 | Episode 756 | Reward 58.00 | Epsilon 0.0154
Seed 2 | Episode 757 | Reward 48.00 | Epsilon 0.0153
Seed 2 | Episode 758 | Reward 55.00 | Epsilon 0.0153
Seed 2 | Episode 759 | Reward 51.00 | Epsilon 0.0153
Seed 2 | Episode 760 | Reward 54.00 | Epsilon 0.0153
Seed 2 | Episode 761 | Reward 52.00 | Epsilon 0.0153
Seed 2 | Episode 762 | Reward 48.00 | Epsilon 0.0152
Seed 2 | Episode 763 | Reward 52.00 | Epsilon 0.0152
Seed 2 | Episode 764 | Reward 47.00 | Epsilon 0.0152
Seed 2 | Episode 765 | Reward 53.00 | Epsilon 0.0152
Seed 2 | Episode 766 | Reward 65.00 | Epsilon 0.0151
Seed 2 | Episode 767 | Reward 60.00 | Epsilon 0.0151
Seed 2 | Episode 768 | Reward 51.00 | Epsilon 0.0151
Seed 2 | Episode 769 | Reward 55.00 | Epsilon 0.0151
Seed 2 | Episode 770 | Reward 51.00 | Epsilon 0.0151
Seed 2 | Episode 771 | Reward 52.00 | Epsilon 0.0150
Seed 2 | Episode 772 | Reward 46.00 | Epsilon 0.0150
Seed 2 | Episode 773 | Reward 50.00 | Epsilon 0.0150
Seed 2 | Episode 774 | Reward 41.00 | Epsilon 0.0150
Seed 2 | Episode 775 | Reward 47.00 | Epsilon 0.0149
Seed 2 | Episode 776 | Reward 54.00 | Epsilon 0.0149
Seed 2 | Episode 777 | Reward 48.00 | Epsilon 0.0149
Seed 2 | Episode 778 | Reward 48.00 | Epsilon 0.0149
Seed 2 | Episode 779 | Reward 54.00 | Epsilon 0.0148
Seed 2 | Episode 780 | Reward 54.00 | Epsilon 0.0148
Seed 2 | Episode 781 | Reward 62.00 | Epsilon 0.0148
Seed 2 | Episode 782 | Reward 64.00 | Epsilon 0.0148
Seed 2 | Episode 783 | Reward 39.00 | Epsilon 0.0148
Seed 2 | Episode 784 | Reward 48.00 | Epsilon 0.0147
Seed 2 | Episode 785 | Reward 57.00 | Epsilon 0.0147
Seed 2 | Episode 786 | Reward 46.00 | Epsilon 0.0147
Seed 2 | Episode 787 | Reward 61.00 | Epsilon 0.0147
Seed 2 | Episode 788 | Reward 62.00 | Epsilon 0.0147
Seed 2 | Episode 789 | Reward 55.00 | Epsilon 0.0146
Seed 2 | Episode 790 | Reward 61.00 | Epsilon 0.0146
Seed 2 | Episode 791 | Reward 61.00 | Epsilon 0.0146
Seed 2 | Episode 792 | Reward 57.00 | Epsilon 0.0146
Seed 2 | Episode 793 | Reward 42.00 | Epsilon 0.0146
Seed 2 | Episode 794 | Reward 56.00 | Epsilon 0.0145
Seed 2 | Episode 795 | Reward 64.00 | Epsilon 0.0145
Seed 2 | Episode 796 | Reward 60.00 | Epsilon 0.0145
Seed 2 | Episode 797 | Reward 44.00 | Epsilon 0.0145
Seed 2 | Episode 798 | Reward 62.00 | Epsilon 0.0145
Seed 2 | Episode 799 | Reward 62.00 | Epsilon 0.0145
Seed 2 | Episode 800 | Reward 53.00 | Epsilon 0.0144
Seed 2 | Episode 801 | Reward 47.00 | Epsilon 0.0144
Seed 2 | Episode 802 | Reward 37.00 | Epsilon 0.0144
Seed 2 | Episode 803 | Reward 50.00 | Epsilon 0.0144
Seed 2 | Episode 804 | Reward 60.00 | Epsilon 0.0143
Seed 2 | Episode 805 | Reward 56.00 | Epsilon 0.0143
Seed 2 | Episode 806 | Reward 48.00 | Epsilon 0.0143
Seed 2 | Episode 807 | Reward 58.00 | Epsilon 0.0143
Seed 2 | Episode 808 | Reward 48.00 | Epsilon 0.0143
Seed 2 | Episode 809 | Reward 42.00 | Epsilon 0.0142
Seed 2 | Episode 810 | Reward 44.00 | Epsilon 0.0142
Seed 2 | Episode 811 | Reward 43.00 | Epsilon 0.0142
Seed 2 | Episode 812 | Reward 46.00 | Epsilon 0.0142
Seed 2 | Episode 813 | Reward 62.00 | Epsilon 0.0141
Seed 2 | Episode 814 | Reward 42.00 | Epsilon 0.0141
Seed 2 | Episode 815 | Reward 48.00 | Epsilon 0.0141
Seed 2 | Episode 816 | Reward 40.00 | Epsilon 0.0141
Seed 2 | Episode 817 | Reward 53.00 | Epsilon 0.0140
Seed 2 | Episode 818 | Reward 46.00 | Epsilon 0.0140
Seed 2 | Episode 819 | Reward 40.00 | Epsilon 0.0140
Seed 2 | Episode 820 | Reward 60.00 | Epsilon 0.0140
Seed 2 | Episode 821 | Reward 47.00 | Epsilon 0.0140
Seed 2 | Episode 822 | Reward 52.00 | Epsilon 0.0139
Seed 2 | Episode 823 | Reward 48.00 | Epsilon 0.0139
Seed 2 | Episode 824 | Reward 49.00 | Epsilon 0.0139
Seed 2 | Episode 825 | Reward 43.00 | Epsilon 0.0139
Seed 2 | Episode 826 | Reward 37.00 | Epsilon 0.0138
Seed 2 | Episode 827 | Reward 54.00 | Epsilon 0.0138
Seed 2 | Episode 828 | Reward 43.00 | Epsilon 0.0138
Seed 2 | Episode 829 | Reward 48.00 | Epsilon 0.0138
Seed 2 | Episode 830 | Reward 49.00 | Epsilon 0.0138
Seed 2 | Episode 831 | Reward 53.00 | Epsilon 0.0137
Seed 2 | Episode 832 | Reward 55.00 | Epsilon 0.0137
Seed 2 | Episode 833 | Reward 55.00 | Epsilon 0.0137
Seed 2 | Episode 834 | Reward 35.00 | Epsilon 0.0137
Seed 2 | Episode 835 | Reward 56.00 | Epsilon 0.0137
Seed 2 | Episode 836 | Reward 58.00 | Epsilon 0.0136
Seed 2 | Episode 837 | Reward 46.00 | Epsilon 0.0136
Seed 2 | Episode 838 | Reward 60.00 | Epsilon 0.0136
Seed 2 | Episode 839 | Reward 59.00 | Epsilon 0.0136
Seed 2 | Episode 840 | Reward 59.00 | Epsilon 0.0136
Seed 2 | Episode 841 | Reward 48.00 | Epsilon 0.0135
Seed 2 | Episode 842 | Reward 51.00 | Epsilon 0.0135
Seed 2 | Episode 843 | Reward 30.00 | Epsilon 0.0135
Seed 2 | Episode 844 | Reward 40.00 | Epsilon 0.0135
Seed 2 | Episode 845 | Reward 36.00 | Epsilon 0.0134
Seed 2 | Episode 846 | Reward 54.00 | Epsilon 0.0134
Seed 2 | Episode 847 | Reward 55.00 | Epsilon 0.0134
Seed 2 | Episode 848 | Reward 53.00 | Epsilon 0.0134
Seed 2 | Episode 849 | Reward 43.00 | Epsilon 0.0134
Seed 2 | Episode 850 | Reward 36.00 | Epsilon 0.0133
Seed 2 | Episode 851 | Reward 56.00 | Epsilon 0.0133
Seed 2 | Episode 852 | Reward 47.00 | Epsilon 0.0133
Seed 2 | Episode 853 | Reward 38.00 | Epsilon 0.0133
Seed 2 | Episode 854 | Reward 55.00 | Epsilon 0.0133
Seed 2 | Episode 855 | Reward 51.00 | Epsilon 0.0132
Seed 2 | Episode 856 | Reward 59.00 | Epsilon 0.0132
Seed 2 | Episode 857 | Reward 55.00 | Epsilon 0.0132
Seed 2 | Episode 858 | Reward 37.00 | Epsilon 0.0132
Seed 2 | Episode 859 | Reward 37.00 | Epsilon 0.0131
Seed 2 | Episode 860 | Reward 65.00 | Epsilon 0.0131
Seed 2 | Episode 861 | Reward 51.00 | Epsilon 0.0131
Seed 2 | Episode 862 | Reward 61.00 | Epsilon 0.0131
Seed 2 | Episode 863 | Reward 45.00 | Epsilon 0.0131
Seed 2 | Episode 864 | Reward 28.00 | Epsilon 0.0130
Seed 2 | Episode 865 | Reward 61.00 | Epsilon 0.0130
Seed 2 | Episode 866 | Reward 56.00 | Epsilon 0.0130
Seed 2 | Episode 867 | Reward 55.00 | Epsilon 0.0130
Seed 2 | Episode 868 | Reward 58.00 | Epsilon 0.0130
Seed 2 | Episode 869 | Reward 62.00 | Epsilon 0.0130
Seed 2 | Episode 870 | Reward 47.00 | Epsilon 0.0129
Seed 2 | Episode 871 | Reward 64.00 | Epsilon 0.0129
Seed 2 | Episode 872 | Reward 23.00 | Epsilon 0.0129
Seed 2 | Episode 873 | Reward 62.00 | Epsilon 0.0129
Seed 2 | Episode 874 | Reward 51.00 | Epsilon 0.0129
Seed 2 | Episode 875 | Reward 51.00 | Epsilon 0.0128
Seed 2 | Episode 876 | Reward 42.00 | Epsilon 0.0128
Seed 2 | Episode 877 | Reward 39.00 | Epsilon 0.0128
Seed 2 | Episode 878 | Reward 60.00 | Epsilon 0.0128
Seed 2 | Episode 879 | Reward 29.00 | Epsilon 0.0128
Seed 2 | Episode 880 | Reward 49.00 | Epsilon 0.0127
Seed 2 | Episode 881 | Reward 46.00 | Epsilon 0.0127
Seed 2 | Episode 882 | Reward 51.00 | Epsilon 0.0127
Seed 2 | Episode 883 | Reward 64.00 | Epsilon 0.0127
Seed 2 | Episode 884 | Reward 53.00 | Epsilon 0.0127
Seed 2 | Episode 885 | Reward 36.00 | Epsilon 0.0126
Seed 2 | Episode 886 | Reward 52.00 | Epsilon 0.0126
Seed 2 | Episode 887 | Reward 38.00 | Epsilon 0.0126
Seed 2 | Episode 888 | Reward 38.00 | Epsilon 0.0126
Seed 2 | Episode 889 | Reward 61.00 | Epsilon 0.0126
Seed 2 | Episode 890 | Reward 47.00 | Epsilon 0.0125
Seed 2 | Episode 891 | Reward 44.00 | Epsilon 0.0125
Seed 2 | Episode 892 | Reward 37.00 | Epsilon 0.0125
Seed 2 | Episode 893 | Reward 48.00 | Epsilon 0.0125
Seed 2 | Episode 894 | Reward 63.00 | Epsilon 0.0125
Seed 2 | Episode 895 | Reward 63.00 | Epsilon 0.0124
Seed 2 | Episode 896 | Reward 51.00 | Epsilon 0.0124
Seed 2 | Episode 897 | Reward 30.00 | Epsilon 0.0124
Seed 2 | Episode 898 | Reward 31.00 | Epsilon 0.0124
Seed 2 | Episode 899 | Reward 53.00 | Epsilon 0.0124
Seed 2 | Episode 900 | Reward 47.00 | Epsilon 0.0123
Seed 2 | Episode 901 | Reward 42.00 | Epsilon 0.0123
Seed 2 | Episode 902 | Reward 35.00 | Epsilon 0.0123
Seed 2 | Episode 903 | Reward 35.00 | Epsilon 0.0123
Seed 2 | Episode 904 | Reward 43.00 | Epsilon 0.0122
Seed 2 | Episode 905 | Reward 59.00 | Epsilon 0.0122
Seed 2 | Episode 906 | Reward 47.00 | Epsilon 0.0122
Seed 2 | Episode 907 | Reward 48.00 | Epsilon 0.0122
Seed 2 | Episode 908 | Reward 47.00 | Epsilon 0.0122
Seed 2 | Episode 909 | Reward 33.00 | Epsilon 0.0121
Seed 2 | Episode 910 | Reward 60.00 | Epsilon 0.0121
Seed 2 | Episode 911 | Reward 54.00 | Epsilon 0.0121
Seed 2 | Episode 912 | Reward 36.00 | Epsilon 0.0121
Seed 2 | Episode 913 | Reward 50.00 | Epsilon 0.0121
Seed 2 | Episode 914 | Reward 37.00 | Epsilon 0.0120
Seed 2 | Episode 915 | Reward 29.00 | Epsilon 0.0120
Seed 2 | Episode 916 | Reward 25.00 | Epsilon 0.0120
Seed 2 | Episode 917 | Reward 34.00 | Epsilon 0.0120
Seed 2 | Episode 918 | Reward 31.00 | Epsilon 0.0119
Seed 2 | Episode 919 | Reward 39.00 | Epsilon 0.0119
Seed 2 | Episode 920 | Reward 65.00 | Epsilon 0.0119
Seed 2 | Episode 921 | Reward 45.00 | Epsilon 0.0119
Seed 2 | Episode 922 | Reward 63.00 | Epsilon 0.0119
Seed 2 | Episode 923 | Reward 62.00 | Epsilon 0.0119
Seed 2 | Episode 924 | Reward 37.00 | Epsilon 0.0118
Seed 2 | Episode 925 | Reward 58.00 | Epsilon 0.0118
Seed 2 | Episode 926 | Reward 38.00 | Epsilon 0.0118
Seed 2 | Episode 927 | Reward 38.00 | Epsilon 0.0118
Seed 2 | Episode 928 | Reward 62.00 | Epsilon 0.0118
Seed 2 | Episode 929 | Reward 36.00 | Epsilon 0.0117
Seed 2 | Episode 930 | Reward 38.00 | Epsilon 0.0117
Seed 2 | Episode 931 | Reward 58.00 | Epsilon 0.0117
Seed 2 | Episode 932 | Reward 36.00 | Epsilon 0.0117
Seed 2 | Episode 933 | Reward 60.00 | Epsilon 0.0117
Seed 2 | Episode 934 | Reward 62.00 | Epsilon 0.0117
Seed 2 | Episode 935 | Reward 47.00 | Epsilon 0.0116
Seed 2 | Episode 936 | Reward 55.00 | Epsilon 0.0116
Seed 2 | Episode 937 | Reward 58.00 | Epsilon 0.0116
Seed 2 | Episode 938 | Reward 48.00 | Epsilon 0.0116
Seed 2 | Episode 939 | Reward 17.00 | Epsilon 0.0116
Seed 2 | Episode 940 | Reward 59.00 | Epsilon 0.0115
Seed 2 | Episode 941 | Reward 48.00 | Epsilon 0.0115
Seed 2 | Episode 942 | Reward 26.00 | Epsilon 0.0115
Seed 2 | Episode 943 | Reward 57.00 | Epsilon 0.0115
Seed 2 | Episode 944 | Reward 65.00 | Epsilon 0.0115
Seed 2 | Episode 945 | Reward 56.00 | Epsilon 0.0115
Seed 2 | Episode 946 | Reward 47.00 | Epsilon 0.0114
Seed 2 | Episode 947 | Reward 53.00 | Epsilon 0.0114
Seed 2 | Episode 948 | Reward 58.00 | Epsilon 0.0114
Seed 2 | Episode 949 | Reward 59.00 | Epsilon 0.0114
Seed 2 | Episode 950 | Reward 56.00 | Epsilon 0.0114
Seed 2 | Episode 951 | Reward 36.00 | Epsilon 0.0114
Seed 2 | Episode 952 | Reward 29.00 | Epsilon 0.0113
Seed 2 | Episode 953 | Reward 35.00 | Epsilon 0.0113
Seed 2 | Episode 954 | Reward 35.00 | Epsilon 0.0113
Seed 2 | Episode 955 | Reward 56.00 | Epsilon 0.0113
Seed 2 | Episode 956 | Reward 58.00 | Epsilon 0.0113
Seed 2 | Episode 957 | Reward 49.00 | Epsilon 0.0112
Seed 2 | Episode 958 | Reward 52.00 | Epsilon 0.0112
Seed 2 | Episode 959 | Reward 27.00 | Epsilon 0.0112
Seed 2 | Episode 960 | Reward 55.00 | Epsilon 0.0112
Seed 2 | Episode 961 | Reward 52.00 | Epsilon 0.0112
Seed 2 | Episode 962 | Reward 38.00 | Epsilon 0.0111
Seed 2 | Episode 963 | Reward 48.00 | Epsilon 0.0111
Seed 2 | Episode 964 | Reward 55.00 | Epsilon 0.0111
Seed 2 | Episode 965 | Reward 51.00 | Epsilon 0.0111
Seed 2 | Episode 966 | Reward -5.00 | Epsilon 0.0111
Seed 2 | Episode 967 | Reward 10.00 | Epsilon 0.0110
Seed 2 | Episode 968 | Reward 53.00 | Epsilon 0.0110
Seed 2 | Episode 969 | Reward 53.00 | Epsilon 0.0110
Seed 2 | Episode 970 | Reward 40.00 | Epsilon 0.0110
Seed 2 | Episode 971 | Reward 35.00 | Epsilon 0.0110
Seed 2 | Episode 972 | Reward 51.00 | Epsilon 0.0109
Seed 2 | Episode 973 | Reward 40.00 | Epsilon 0.0109
Seed 2 | Episode 974 | Reward 54.00 | Epsilon 0.0109
Seed 2 | Episode 975 | Reward -12.00 | Epsilon 0.0109
Seed 2 | Episode 976 | Reward 33.00 | Epsilon 0.0108
Seed 2 | Episode 977 | Reward 47.00 | Epsilon 0.0108
Seed 2 | Episode 978 | Reward -4.00 | Epsilon 0.0108
Seed 2 | Episode 979 | Reward 3.00 | Epsilon 0.0108
Seed 2 | Episode 980 | Reward 60.00 | Epsilon 0.0107
Seed 2 | Episode 981 | Reward 38.00 | Epsilon 0.0107
Seed 2 | Episode 982 | Reward 57.00 | Epsilon 0.0107
Seed 2 | Episode 983 | Reward 23.00 | Epsilon 0.0107
Seed 2 | Episode 984 | Reward -4.00 | Epsilon 0.0107
Seed 2 | Episode 985 | Reward 54.00 | Epsilon 0.0106
Seed 2 | Episode 986 | Reward 21.00 | Epsilon 0.0106
Seed 2 | Episode 987 | Reward 38.00 | Epsilon 0.0106
Seed 2 | Episode 988 | Reward 49.00 | Epsilon 0.0106
Seed 2 | Episode 989 | Reward 39.00 | Epsilon 0.0106
Seed 2 | Episode 990 | Reward 43.00 | Epsilon 0.0105
Seed 2 | Episode 991 | Reward 15.00 | Epsilon 0.0105
Seed 2 | Episode 992 | Reward -57.00 | Epsilon 0.0105
Seed 2 | Episode 993 | Reward 58.00 | Epsilon 0.0104
Seed 2 | Episode 994 | Reward 6.00 | Epsilon 0.0104
Seed 2 | Episode 995 | Reward 61.00 | Epsilon 0.0104
Seed 2 | Episode 996 | Reward 51.00 | Epsilon 0.0104
Seed 2 | Episode 997 | Reward 59.00 | Epsilon 0.0104
Seed 2 | Episode 998 | Reward 49.00 | Epsilon 0.0104
Seed 2 | Episode 999 | Reward 41.00 | Epsilon 0.0103
Finished seed 2
