starting job
Sun Dec  7 19:54:41 2025       
+-----------------------------------------------------------------------------------------+
| NVIDIA-SMI 580.65.06              Driver Version: 580.65.06      CUDA Version: 13.0     |
+-----------------------------------------+------------------------+----------------------+
| GPU  Name                 Persistence-M | Bus-Id          Disp.A | Volatile Uncorr. ECC |
| Fan  Temp   Perf          Pwr:Usage/Cap |           Memory-Usage | GPU-Util  Compute M. |
|                                         |                        |               MIG M. |
|=========================================+========================+======================|
|   0  NVIDIA H100 80GB HBM3          On  |   00000000:4C:00.0 Off |                   On |
| N/A   38C    P0            391W /  700W |   27080MiB /  81559MiB |     N/A      Default |
|                                         |                        |              Enabled |
+-----------------------------------------+------------------------+----------------------+

+-----------------------------------------------------------------------------------------+
| MIG devices:                                                                            |
+------------------+----------------------------------+-----------+-----------------------+
| GPU  GI  CI  MIG |              Shared Memory-Usage |        Vol|        Shared         |
|      ID  ID  Dev |                Shared BAR1-Usage | SM     Unc| CE ENC  DEC  OFA  JPG |
|                  |                                  |        ECC|                       |
|==================+==================================+===========+=======================|
|  0   10   0   0  |              15MiB /  9984MiB    | 16      0 |  1   0    1    0    1 |
|                  |               0MiB /  6185MiB    |           |                       |
+------------------+----------------------------------+-----------+-----------------------+

+-----------------------------------------------------------------------------------------+
| Processes:                                                                              |
|  GPU   GI   CI              PID   Type   Process name                        GPU Memory |
|        ID   ID                                                               Usage      |
|=========================================================================================|
|  No running processes found                                                             |
+-----------------------------------------------------------------------------------------+
Running seed 19
Gym has been unmaintained since 2022 and does not support NumPy 2.0 amongst other critical functionality.
Please upgrade to Gymnasium, the maintained drop-in replacement of Gym, or contact the authors of your software and request that they upgrade.
Users of this version of Gym should be able to simply replace 'import gym' with 'import gymnasium as gym' in the vast majority of cases.
See the migration guide at https://gymnasium.farama.org/introduction/migration_guide/ for additional information.
Seed 19 | Episode 0 | Reward -300.00 | Epsilon 0.9987
Seed 19 | Episode 1 | Reward -300.00 | Epsilon 0.9897
Seed 19 | Episode 2 | Reward -300.00 | Epsilon 0.9808
Seed 19 | Episode 3 | Reward -300.00 | Epsilon 0.9720
Seed 19 | Episode 4 | Reward -300.00 | Epsilon 0.9633
Seed 19 | Episode 5 | Reward -300.00 | Epsilon 0.9547
Seed 19 | Episode 6 | Reward -300.00 | Epsilon 0.9462
Seed 19 | Episode 7 | Reward -300.00 | Epsilon 0.9377
Seed 19 | Episode 8 | Reward -300.00 | Epsilon 0.9293
Seed 19 | Episode 9 | Reward -300.00 | Epsilon 0.9209
Seed 19 | Episode 10 | Reward -300.00 | Epsilon 0.9127
Seed 19 | Episode 11 | Reward -300.00 | Epsilon 0.9045
Seed 19 | Episode 12 | Reward -300.00 | Epsilon 0.8964
Seed 19 | Episode 13 | Reward -78.00 | Epsilon 0.8916
Seed 19 | Episode 14 | Reward -300.00 | Epsilon 0.8836
Seed 19 | Episode 15 | Reward -300.00 | Epsilon 0.8757
Seed 19 | Episode 16 | Reward -300.00 | Epsilon 0.8679
Seed 19 | Episode 17 | Reward -300.00 | Epsilon 0.8601
Seed 19 | Episode 18 | Reward -300.00 | Epsilon 0.8524
Seed 19 | Episode 19 | Reward -300.00 | Epsilon 0.8447
Seed 19 | Episode 20 | Reward -300.00 | Epsilon 0.8372
Seed 19 | Episode 21 | Reward -300.00 | Epsilon 0.8297
Seed 19 | Episode 22 | Reward -300.00 | Epsilon 0.8222
Seed 19 | Episode 23 | Reward -300.00 | Epsilon 0.8149
Seed 19 | Episode 24 | Reward -300.00 | Epsilon 0.8076
Seed 19 | Episode 25 | Reward -300.00 | Epsilon 0.8003
Seed 19 | Episode 26 | Reward -300.00 | Epsilon 0.7932
Seed 19 | Episode 27 | Reward -300.00 | Epsilon 0.7861
Seed 19 | Episode 28 | Reward -300.00 | Epsilon 0.7790
Seed 19 | Episode 29 | Reward -300.00 | Epsilon 0.7720
Seed 19 | Episode 30 | Reward -300.00 | Epsilon 0.7651
Seed 19 | Episode 31 | Reward -300.00 | Epsilon 0.7583
Seed 19 | Episode 32 | Reward -300.00 | Epsilon 0.7515
Seed 19 | Episode 33 | Reward -300.00 | Epsilon 0.7447
Seed 19 | Episode 34 | Reward -300.00 | Epsilon 0.7381
Seed 19 | Episode 35 | Reward -300.00 | Epsilon 0.7315
Seed 19 | Episode 36 | Reward -300.00 | Epsilon 0.7249
Seed 19 | Episode 37 | Reward -300.00 | Epsilon 0.7184
Seed 19 | Episode 38 | Reward -300.00 | Epsilon 0.7120
Seed 19 | Episode 39 | Reward -300.00 | Epsilon 0.7056
Seed 19 | Episode 40 | Reward -300.00 | Epsilon 0.6993
Seed 19 | Episode 41 | Reward -300.00 | Epsilon 0.6930
Seed 19 | Episode 42 | Reward -300.00 | Epsilon 0.6868
Seed 19 | Episode 43 | Reward -300.00 | Epsilon 0.6806
Seed 19 | Episode 44 | Reward -300.00 | Epsilon 0.6745
Seed 19 | Episode 45 | Reward -300.00 | Epsilon 0.6685
Seed 19 | Episode 46 | Reward -300.00 | Epsilon 0.6625
Seed 19 | Episode 47 | Reward -300.00 | Epsilon 0.6566
Seed 19 | Episode 48 | Reward -300.00 | Epsilon 0.6507
Seed 19 | Episode 49 | Reward -300.00 | Epsilon 0.6449
Seed 19 | Episode 50 | Reward -300.00 | Epsilon 0.6391
Seed 19 | Episode 51 | Reward -300.00 | Epsilon 0.6334
Seed 19 | Episode 52 | Reward -300.00 | Epsilon 0.6277
Seed 19 | Episode 53 | Reward -300.00 | Epsilon 0.6221
Seed 19 | Episode 54 | Reward -300.00 | Epsilon 0.6165
Seed 19 | Episode 55 | Reward -300.00 | Epsilon 0.6110
Seed 19 | Episode 56 | Reward -300.00 | Epsilon 0.6055
Seed 19 | Episode 57 | Reward -300.00 | Epsilon 0.6001
Seed 19 | Episode 58 | Reward -300.00 | Epsilon 0.5947
Seed 19 | Episode 59 | Reward -300.00 | Epsilon 0.5894
Seed 19 | Episode 60 | Reward -300.00 | Epsilon 0.5841
Seed 19 | Episode 61 | Reward -300.00 | Epsilon 0.5788
Seed 19 | Episode 62 | Reward -300.00 | Epsilon 0.5737
Seed 19 | Episode 63 | Reward -300.00 | Epsilon 0.5685
Seed 19 | Episode 64 | Reward -176.00 | Epsilon 0.5638
Seed 19 | Episode 65 | Reward -300.00 | Epsilon 0.5588
Seed 19 | Episode 66 | Reward -300.00 | Epsilon 0.5538
Seed 19 | Episode 67 | Reward -300.00 | Epsilon 0.5488
Seed 19 | Episode 68 | Reward -300.00 | Epsilon 0.5439
Seed 19 | Episode 69 | Reward -300.00 | Epsilon 0.5390
Seed 19 | Episode 70 | Reward -300.00 | Epsilon 0.5342
Seed 19 | Episode 71 | Reward -29.00 | Epsilon 0.5321
Seed 19 | Episode 72 | Reward -300.00 | Epsilon 0.5273
Seed 19 | Episode 73 | Reward -13.00 | Epsilon 0.5255
Seed 19 | Episode 74 | Reward -300.00 | Epsilon 0.5208
Seed 19 | Episode 75 | Reward -300.00 | Epsilon 0.5161
Seed 19 | Episode 76 | Reward -300.00 | Epsilon 0.5115
Seed 19 | Episode 77 | Reward -34.00 | Epsilon 0.5095
Seed 19 | Episode 78 | Reward -300.00 | Epsilon 0.5049
Seed 19 | Episode 79 | Reward -300.00 | Epsilon 0.5004
Seed 19 | Episode 80 | Reward -300.00 | Epsilon 0.4959
Seed 19 | Episode 81 | Reward -91.00 | Epsilon 0.4930
Seed 19 | Episode 82 | Reward -300.00 | Epsilon 0.4886
Seed 19 | Episode 83 | Reward -300.00 | Epsilon 0.4842
Seed 19 | Episode 84 | Reward -300.00 | Epsilon 0.4799
Seed 19 | Episode 85 | Reward -300.00 | Epsilon 0.4756
Seed 19 | Episode 86 | Reward 45.00 | Epsilon 0.4748
Seed 19 | Episode 87 | Reward -300.00 | Epsilon 0.4706
Seed 19 | Episode 88 | Reward -300.00 | Epsilon 0.4663
Seed 19 | Episode 89 | Reward -13.00 | Epsilon 0.4647
Seed 19 | Episode 90 | Reward -300.00 | Epsilon 0.4606
Seed 19 | Episode 91 | Reward -300.00 | Epsilon 0.4565
Seed 19 | Episode 92 | Reward -300.00 | Epsilon 0.4524
Seed 19 | Episode 93 | Reward -108.00 | Epsilon 0.4495
Seed 19 | Episode 94 | Reward -300.00 | Epsilon 0.4455
Seed 19 | Episode 95 | Reward -300.00 | Epsilon 0.4415
Seed 19 | Episode 96 | Reward 58.00 | Epsilon 0.4409
Seed 19 | Episode 97 | Reward -161.00 | Epsilon 0.4375
Seed 19 | Episode 98 | Reward -1.00 | Epsilon 0.4362
Seed 19 | Episode 99 | Reward -300.00 | Epsilon 0.4322
Seed 19 | Episode 100 | Reward -300.00 | Epsilon 0.4284
Seed 19 | Episode 101 | Reward -300.00 | Epsilon 0.4245
Seed 19 | Episode 102 | Reward -300.00 | Epsilon 0.4207
Seed 19 | Episode 103 | Reward -71.00 | Epsilon 0.4186
Seed 19 | Episode 104 | Reward 42.00 | Epsilon 0.4178
Seed 19 | Episode 105 | Reward 2.00 | Epsilon 0.4166
Seed 19 | Episode 106 | Reward -300.00 | Epsilon 0.4129
Seed 19 | Episode 107 | Reward 47.00 | Epsilon 0.4122
Seed 19 | Episode 108 | Reward 38.00 | Epsilon 0.4114
Seed 19 | Episode 109 | Reward 45.00 | Epsilon 0.4107
Seed 19 | Episode 110 | Reward -12.00 | Epsilon 0.4093
Seed 19 | Episode 111 | Reward -149.00 | Epsilon 0.4063
Seed 19 | Episode 112 | Reward -300.00 | Epsilon 0.4026
Seed 19 | Episode 113 | Reward -300.00 | Epsilon 0.3990
Seed 19 | Episode 114 | Reward -56.00 | Epsilon 0.3971
Seed 19 | Episode 115 | Reward -29.00 | Epsilon 0.3956
Seed 19 | Episode 116 | Reward -300.00 | Epsilon 0.3921
Seed 19 | Episode 117 | Reward 28.00 | Epsilon 0.3912
Seed 19 | Episode 118 | Reward 36.00 | Epsilon 0.3904
Seed 19 | Episode 119 | Reward 51.00 | Epsilon 0.3899
Seed 19 | Episode 120 | Reward -49.00 | Epsilon 0.3881
Seed 19 | Episode 121 | Reward -85.00 | Epsilon 0.3859
Seed 19 | Episode 122 | Reward 49.00 | Epsilon 0.3853
Seed 19 | Episode 123 | Reward -300.00 | Epsilon 0.3819
Seed 19 | Episode 124 | Reward -17.00 | Epsilon 0.3805
Seed 19 | Episode 125 | Reward -25.00 | Epsilon 0.3791
Seed 19 | Episode 126 | Reward -6.00 | Epsilon 0.3779
Seed 19 | Episode 127 | Reward -109.00 | Epsilon 0.3755
Seed 19 | Episode 128 | Reward -113.00 | Epsilon 0.3731
Seed 19 | Episode 129 | Reward 43.00 | Epsilon 0.3725
Seed 19 | Episode 130 | Reward -133.00 | Epsilon 0.3699
Seed 19 | Episode 131 | Reward 37.00 | Epsilon 0.3691
Seed 19 | Episode 132 | Reward 31.00 | Epsilon 0.3684
Seed 19 | Episode 133 | Reward -300.00 | Epsilon 0.3651
Seed 19 | Episode 134 | Reward -300.00 | Epsilon 0.3618
Seed 19 | Episode 135 | Reward -137.00 | Epsilon 0.3592
Seed 19 | Episode 136 | Reward 42.00 | Epsilon 0.3586
Seed 19 | Episode 137 | Reward 47.00 | Epsilon 0.3580
Seed 19 | Episode 138 | Reward -40.00 | Epsilon 0.3565
Seed 19 | Episode 139 | Reward 40.00 | Epsilon 0.3559
Seed 19 | Episode 140 | Reward 58.00 | Epsilon 0.3554
Seed 19 | Episode 141 | Reward 57.00 | Epsilon 0.3549
Seed 19 | Episode 142 | Reward 40.00 | Epsilon 0.3543
Seed 19 | Episode 143 | Reward -146.00 | Epsilon 0.3517
Seed 19 | Episode 144 | Reward -31.00 | Epsilon 0.3503
Seed 19 | Episode 145 | Reward 38.00 | Epsilon 0.3496
Seed 19 | Episode 146 | Reward -25.00 | Epsilon 0.3483
Seed 19 | Episode 147 | Reward 31.00 | Epsilon 0.3476
Seed 19 | Episode 148 | Reward 47.00 | Epsilon 0.3470
Seed 19 | Episode 149 | Reward 41.00 | Epsilon 0.3464
Seed 19 | Episode 150 | Reward 44.00 | Epsilon 0.3458
Seed 19 | Episode 151 | Reward 57.00 | Epsilon 0.3453
Seed 19 | Episode 152 | Reward 51.00 | Epsilon 0.3448
Seed 19 | Episode 153 | Reward 38.00 | Epsilon 0.3442
Seed 19 | Episode 154 | Reward 52.00 | Epsilon 0.3436
Seed 19 | Episode 155 | Reward 53.00 | Epsilon 0.3432
Seed 19 | Episode 156 | Reward 47.00 | Epsilon 0.3426
Seed 19 | Episode 157 | Reward 40.00 | Epsilon 0.3420
Seed 19 | Episode 158 | Reward 38.00 | Epsilon 0.3413
Seed 19 | Episode 159 | Reward 44.00 | Epsilon 0.3407
Seed 19 | Episode 160 | Reward 58.00 | Epsilon 0.3403
Seed 19 | Episode 161 | Reward 43.00 | Epsilon 0.3397
Seed 19 | Episode 162 | Reward 56.00 | Epsilon 0.3393
Seed 19 | Episode 163 | Reward -17.00 | Epsilon 0.3381
Seed 19 | Episode 164 | Reward 33.00 | Epsilon 0.3374
Seed 19 | Episode 165 | Reward 21.00 | Epsilon 0.3366
Seed 19 | Episode 166 | Reward 37.00 | Epsilon 0.3359
Seed 19 | Episode 167 | Reward -90.00 | Epsilon 0.3340
Seed 19 | Episode 168 | Reward 37.00 | Epsilon 0.3334
Seed 19 | Episode 169 | Reward 20.00 | Epsilon 0.3325
Seed 19 | Episode 170 | Reward 39.00 | Epsilon 0.3319
Seed 19 | Episode 171 | Reward -300.00 | Epsilon 0.3290
Seed 19 | Episode 172 | Reward 49.00 | Epsilon 0.3284
Seed 19 | Episode 173 | Reward 44.00 | Epsilon 0.3279
Seed 19 | Episode 174 | Reward 53.00 | Epsilon 0.3274
Seed 19 | Episode 175 | Reward 58.00 | Epsilon 0.3270
Seed 19 | Episode 176 | Reward 44.00 | Epsilon 0.3264
Seed 19 | Episode 177 | Reward 43.00 | Epsilon 0.3259
Seed 19 | Episode 178 | Reward 36.00 | Epsilon 0.3252
Seed 19 | Episode 179 | Reward 49.00 | Epsilon 0.3247
Seed 19 | Episode 180 | Reward 57.00 | Epsilon 0.3243
Seed 19 | Episode 181 | Reward 45.00 | Epsilon 0.3237
Seed 19 | Episode 182 | Reward 54.00 | Epsilon 0.3233
Seed 19 | Episode 183 | Reward 39.00 | Epsilon 0.3227
Seed 19 | Episode 184 | Reward 36.00 | Epsilon 0.3221
Seed 19 | Episode 185 | Reward 56.00 | Epsilon 0.3216
Seed 19 | Episode 186 | Reward 42.00 | Epsilon 0.3211
Seed 19 | Episode 187 | Reward 38.00 | Epsilon 0.3204
Seed 19 | Episode 188 | Reward 51.00 | Epsilon 0.3200
Seed 19 | Episode 189 | Reward -42.00 | Epsilon 0.3186
Seed 19 | Episode 190 | Reward 54.00 | Epsilon 0.3181
Seed 19 | Episode 191 | Reward 39.00 | Epsilon 0.3176
Seed 19 | Episode 192 | Reward -184.00 | Epsilon 0.3149
Seed 19 | Episode 193 | Reward 49.00 | Epsilon 0.3144
Seed 19 | Episode 194 | Reward 48.00 | Epsilon 0.3139
Seed 19 | Episode 195 | Reward -44.00 | Epsilon 0.3125
Seed 19 | Episode 196 | Reward 51.00 | Epsilon 0.3120
Seed 19 | Episode 197 | Reward 46.00 | Epsilon 0.3115
Seed 19 | Episode 198 | Reward 57.00 | Epsilon 0.3111
Seed 19 | Episode 199 | Reward 47.00 | Epsilon 0.3106
Seed 19 | Episode 200 | Reward 50.00 | Epsilon 0.3101
Seed 19 | Episode 201 | Reward -46.00 | Epsilon 0.3088
Seed 19 | Episode 202 | Reward 45.00 | Epsilon 0.3082
Seed 19 | Episode 203 | Reward 41.00 | Epsilon 0.3077
Seed 19 | Episode 204 | Reward 47.00 | Epsilon 0.3072
Seed 19 | Episode 205 | Reward 19.00 | Epsilon 0.3064
Seed 19 | Episode 206 | Reward 46.00 | Epsilon 0.3059
Seed 19 | Episode 207 | Reward 53.00 | Epsilon 0.3055
Seed 19 | Episode 208 | Reward -110.00 | Epsilon 0.3036
Seed 19 | Episode 209 | Reward 52.00 | Epsilon 0.3031
Seed 19 | Episode 210 | Reward 42.00 | Epsilon 0.3026
Seed 19 | Episode 211 | Reward 54.00 | Epsilon 0.3022
Seed 19 | Episode 212 | Reward 42.00 | Epsilon 0.3016
Seed 19 | Episode 213 | Reward 25.00 | Epsilon 0.3009
Seed 19 | Episode 214 | Reward -9.00 | Epsilon 0.2999
Seed 19 | Episode 215 | Reward 45.00 | Epsilon 0.2994
Seed 19 | Episode 216 | Reward 58.00 | Epsilon 0.2991
Seed 19 | Episode 217 | Reward 42.00 | Epsilon 0.2985
Seed 19 | Episode 218 | Reward -64.00 | Epsilon 0.2971
Seed 19 | Episode 219 | Reward 56.00 | Epsilon 0.2967
Seed 19 | Episode 220 | Reward 37.00 | Epsilon 0.2961
Seed 19 | Episode 221 | Reward 46.00 | Epsilon 0.2956
Seed 19 | Episode 222 | Reward 32.00 | Epsilon 0.2950
Seed 19 | Episode 223 | Reward -105.00 | Epsilon 0.2932
Seed 19 | Episode 224 | Reward 44.00 | Epsilon 0.2927
Seed 19 | Episode 225 | Reward 42.00 | Epsilon 0.2921
Seed 19 | Episode 226 | Reward 55.00 | Epsilon 0.2917
Seed 19 | Episode 227 | Reward -1.00 | Epsilon 0.2909
Seed 19 | Episode 228 | Reward 32.00 | Epsilon 0.2903
Seed 19 | Episode 229 | Reward 46.00 | Epsilon 0.2898
Seed 19 | Episode 230 | Reward 39.00 | Epsilon 0.2892
Seed 19 | Episode 231 | Reward 40.00 | Epsilon 0.2887
Seed 19 | Episode 232 | Reward 42.00 | Epsilon 0.2882
Seed 19 | Episode 233 | Reward 52.00 | Epsilon 0.2878
Seed 19 | Episode 234 | Reward 52.00 | Epsilon 0.2873
Seed 19 | Episode 235 | Reward 58.00 | Epsilon 0.2870
Seed 19 | Episode 236 | Reward -300.00 | Epsilon 0.2844
Seed 19 | Episode 237 | Reward 46.00 | Epsilon 0.2839
Seed 19 | Episode 238 | Reward 60.00 | Epsilon 0.2836
Seed 19 | Episode 239 | Reward 34.00 | Epsilon 0.2830
Seed 19 | Episode 240 | Reward 52.00 | Epsilon 0.2826
Seed 19 | Episode 241 | Reward -138.00 | Epsilon 0.2806
Seed 19 | Episode 242 | Reward 53.00 | Epsilon 0.2802
Seed 19 | Episode 243 | Reward -300.00 | Epsilon 0.2777
Seed 19 | Episode 244 | Reward 60.00 | Epsilon 0.2773
Seed 19 | Episode 245 | Reward 38.00 | Epsilon 0.2768
Seed 19 | Episode 246 | Reward -18.00 | Epsilon 0.2758
Seed 19 | Episode 247 | Reward 37.00 | Epsilon 0.2753
Seed 19 | Episode 248 | Reward 48.00 | Epsilon 0.2749
Seed 19 | Episode 249 | Reward -16.00 | Epsilon 0.2739
Seed 19 | Episode 250 | Reward 57.00 | Epsilon 0.2735
Seed 19 | Episode 251 | Reward -35.00 | Epsilon 0.2724
Seed 19 | Episode 252 | Reward 53.00 | Epsilon 0.2720
Seed 19 | Episode 253 | Reward -156.00 | Epsilon 0.2699
Seed 19 | Episode 254 | Reward -65.00 | Epsilon 0.2686
Seed 19 | Episode 255 | Reward 50.00 | Epsilon 0.2682
Seed 19 | Episode 256 | Reward 2.00 | Epsilon 0.2674
Seed 19 | Episode 257 | Reward 56.00 | Epsilon 0.2670
Seed 19 | Episode 258 | Reward -27.00 | Epsilon 0.2660
Seed 19 | Episode 259 | Reward -54.00 | Epsilon 0.2648
Seed 19 | Episode 260 | Reward 52.00 | Epsilon 0.2644
Seed 19 | Episode 261 | Reward 62.00 | Epsilon 0.2641
Seed 19 | Episode 262 | Reward 54.00 | Epsilon 0.2637
Seed 19 | Episode 263 | Reward 48.00 | Epsilon 0.2633
Seed 19 | Episode 264 | Reward 46.00 | Epsilon 0.2628
Seed 19 | Episode 265 | Reward 36.00 | Epsilon 0.2623
Seed 19 | Episode 266 | Reward 47.00 | Epsilon 0.2619
Seed 19 | Episode 267 | Reward 58.00 | Epsilon 0.2616
Seed 19 | Episode 268 | Reward 54.00 | Epsilon 0.2612
Seed 19 | Episode 269 | Reward 44.00 | Epsilon 0.2608
Seed 19 | Episode 270 | Reward 52.00 | Epsilon 0.2604
Seed 19 | Episode 271 | Reward 49.00 | Epsilon 0.2600
Seed 19 | Episode 272 | Reward 31.00 | Epsilon 0.2594
Seed 19 | Episode 273 | Reward 47.00 | Epsilon 0.2590
Seed 19 | Episode 274 | Reward 48.00 | Epsilon 0.2586
Seed 19 | Episode 275 | Reward 45.00 | Epsilon 0.2582
Seed 19 | Episode 276 | Reward 54.00 | Epsilon 0.2578
Seed 19 | Episode 277 | Reward 49.00 | Epsilon 0.2574
Seed 19 | Episode 278 | Reward 40.00 | Epsilon 0.2569
Seed 19 | Episode 279 | Reward -80.00 | Epsilon 0.2555
Seed 19 | Episode 280 | Reward 63.00 | Epsilon 0.2552
Seed 19 | Episode 281 | Reward 32.00 | Epsilon 0.2547
Seed 19 | Episode 282 | Reward -138.00 | Epsilon 0.2529
Seed 19 | Episode 283 | Reward 43.00 | Epsilon 0.2525
Seed 19 | Episode 284 | Reward 48.00 | Epsilon 0.2520
Seed 19 | Episode 285 | Reward 47.00 | Epsilon 0.2516
Seed 19 | Episode 286 | Reward 38.00 | Epsilon 0.2512
Seed 19 | Episode 287 | Reward 55.00 | Epsilon 0.2508
Seed 19 | Episode 288 | Reward 53.00 | Epsilon 0.2505
Seed 19 | Episode 289 | Reward 52.00 | Epsilon 0.2501
Seed 19 | Episode 290 | Reward 48.00 | Epsilon 0.2497
Seed 19 | Episode 291 | Reward 40.00 | Epsilon 0.2492
Seed 19 | Episode 292 | Reward 60.00 | Epsilon 0.2489
Seed 19 | Episode 293 | Reward 40.00 | Epsilon 0.2485
Seed 19 | Episode 294 | Reward 51.00 | Epsilon 0.2481
Seed 19 | Episode 295 | Reward 48.00 | Epsilon 0.2477
Seed 19 | Episode 296 | Reward 13.00 | Epsilon 0.2471
Seed 19 | Episode 297 | Reward 58.00 | Epsilon 0.2467
Seed 19 | Episode 298 | Reward 59.00 | Epsilon 0.2464
Seed 19 | Episode 299 | Reward 41.00 | Epsilon 0.2460
Seed 19 | Episode 300 | Reward 29.00 | Epsilon 0.2455
Seed 19 | Episode 301 | Reward 62.00 | Epsilon 0.2452
Seed 19 | Episode 302 | Reward 45.00 | Epsilon 0.2448
Seed 19 | Episode 303 | Reward 49.00 | Epsilon 0.2444
Seed 19 | Episode 304 | Reward 44.00 | Epsilon 0.2440
Seed 19 | Episode 305 | Reward 54.00 | Epsilon 0.2436
Seed 19 | Episode 306 | Reward -10.00 | Epsilon 0.2428
Seed 19 | Episode 307 | Reward 13.00 | Epsilon 0.2422
Seed 19 | Episode 308 | Reward 47.00 | Epsilon 0.2418
Seed 19 | Episode 309 | Reward 44.00 | Epsilon 0.2414
Seed 19 | Episode 310 | Reward 50.00 | Epsilon 0.2410
Seed 19 | Episode 311 | Reward 50.00 | Epsilon 0.2406
Seed 19 | Episode 312 | Reward 30.00 | Epsilon 0.2401
Seed 19 | Episode 313 | Reward 59.00 | Epsilon 0.2398
Seed 19 | Episode 314 | Reward 41.00 | Epsilon 0.2394
Seed 19 | Episode 315 | Reward 41.00 | Epsilon 0.2389
Seed 19 | Episode 316 | Reward -3.00 | Epsilon 0.2382
Seed 19 | Episode 317 | Reward 46.00 | Epsilon 0.2378
Seed 19 | Episode 318 | Reward 50.00 | Epsilon 0.2374
Seed 19 | Episode 319 | Reward 55.00 | Epsilon 0.2371
Seed 19 | Episode 320 | Reward 52.00 | Epsilon 0.2368
Seed 19 | Episode 321 | Reward 48.00 | Epsilon 0.2364
Seed 19 | Episode 322 | Reward 63.00 | Epsilon 0.2361
Seed 19 | Episode 323 | Reward 37.00 | Epsilon 0.2357
Seed 19 | Episode 324 | Reward -47.00 | Epsilon 0.2346
Seed 19 | Episode 325 | Reward 39.00 | Epsilon 0.2342
Seed 19 | Episode 326 | Reward 57.00 | Epsilon 0.2339
Seed 19 | Episode 327 | Reward 58.00 | Epsilon 0.2336
Seed 19 | Episode 328 | Reward -89.00 | Epsilon 0.2322
Seed 19 | Episode 329 | Reward 59.00 | Epsilon 0.2320
Seed 19 | Episode 330 | Reward 45.00 | Epsilon 0.2316
Seed 19 | Episode 331 | Reward 23.00 | Epsilon 0.2310
Seed 19 | Episode 332 | Reward -39.00 | Epsilon 0.2301
Seed 19 | Episode 333 | Reward -195.00 | Epsilon 0.2280
Seed 19 | Episode 334 | Reward 37.00 | Epsilon 0.2276
Seed 19 | Episode 335 | Reward -61.00 | Epsilon 0.2265
Seed 19 | Episode 336 | Reward 62.00 | Epsilon 0.2262
Seed 19 | Episode 337 | Reward 58.00 | Epsilon 0.2259
Seed 19 | Episode 338 | Reward 19.00 | Epsilon 0.2254
Seed 19 | Episode 339 | Reward 51.00 | Epsilon 0.2250
Seed 19 | Episode 340 | Reward 57.00 | Epsilon 0.2247
Seed 19 | Episode 341 | Reward 40.00 | Epsilon 0.2243
Seed 19 | Episode 342 | Reward 51.00 | Epsilon 0.2240
Seed 19 | Episode 343 | Reward 48.00 | Epsilon 0.2236
Seed 19 | Episode 344 | Reward 0.00 | Epsilon 0.2230
Seed 19 | Episode 345 | Reward 43.00 | Epsilon 0.2226
Seed 19 | Episode 346 | Reward 49.00 | Epsilon 0.2222
Seed 19 | Episode 347 | Reward 44.00 | Epsilon 0.2218
Seed 19 | Episode 348 | Reward 43.00 | Epsilon 0.2215
Seed 19 | Episode 349 | Reward 27.00 | Epsilon 0.2210
Seed 19 | Episode 350 | Reward 50.00 | Epsilon 0.2206
Seed 19 | Episode 351 | Reward 37.00 | Epsilon 0.2202
Seed 19 | Episode 352 | Reward 18.00 | Epsilon 0.2197
Seed 19 | Episode 353 | Reward 55.00 | Epsilon 0.2194
Seed 19 | Episode 354 | Reward 41.00 | Epsilon 0.2190
Seed 19 | Episode 355 | Reward 35.00 | Epsilon 0.2185
Seed 19 | Episode 356 | Reward 58.00 | Epsilon 0.2182
Seed 19 | Episode 357 | Reward 47.00 | Epsilon 0.2179
Seed 19 | Episode 358 | Reward 49.00 | Epsilon 0.2176
Seed 19 | Episode 359 | Reward 55.00 | Epsilon 0.2173
Seed 19 | Episode 360 | Reward 40.00 | Epsilon 0.2169
Seed 19 | Episode 361 | Reward 51.00 | Epsilon 0.2165
Seed 19 | Episode 362 | Reward 39.00 | Epsilon 0.2161
Seed 19 | Episode 363 | Reward 39.00 | Epsilon 0.2157
Seed 19 | Episode 364 | Reward 33.00 | Epsilon 0.2153
Seed 19 | Episode 365 | Reward 48.00 | Epsilon 0.2149
Seed 19 | Episode 366 | Reward -37.00 | Epsilon 0.2141
Seed 19 | Episode 367 | Reward 25.00 | Epsilon 0.2136
Seed 19 | Episode 368 | Reward 44.00 | Epsilon 0.2132
Seed 19 | Episode 369 | Reward 36.00 | Epsilon 0.2128
Seed 19 | Episode 370 | Reward 6.00 | Epsilon 0.2122
Seed 19 | Episode 371 | Reward -67.00 | Epsilon 0.2111
Seed 19 | Episode 372 | Reward 58.00 | Epsilon 0.2108
Seed 19 | Episode 373 | Reward 40.00 | Epsilon 0.2105
Seed 19 | Episode 374 | Reward 35.00 | Epsilon 0.2100
Seed 19 | Episode 375 | Reward 44.00 | Epsilon 0.2097
Seed 19 | Episode 376 | Reward 40.00 | Epsilon 0.2093
Seed 19 | Episode 377 | Reward -62.00 | Epsilon 0.2083
Seed 19 | Episode 378 | Reward 45.00 | Epsilon 0.2079
Seed 19 | Episode 379 | Reward 41.00 | Epsilon 0.2076
Seed 19 | Episode 380 | Reward 36.00 | Epsilon 0.2072
Seed 19 | Episode 381 | Reward 42.00 | Epsilon 0.2068
Seed 19 | Episode 382 | Reward 13.00 | Epsilon 0.2062
Seed 19 | Episode 383 | Reward 61.00 | Epsilon 0.2060
Seed 19 | Episode 384 | Reward 56.00 | Epsilon 0.2057
Seed 19 | Episode 385 | Reward 46.00 | Epsilon 0.2054
Seed 19 | Episode 386 | Reward 61.00 | Epsilon 0.2051
Seed 19 | Episode 387 | Reward 49.00 | Epsilon 0.2048
Seed 19 | Episode 388 | Reward 53.00 | Epsilon 0.2045
Seed 19 | Episode 389 | Reward 30.00 | Epsilon 0.2041
Seed 19 | Episode 390 | Reward 59.00 | Epsilon 0.2038
Seed 19 | Episode 391 | Reward 46.00 | Epsilon 0.2035
Seed 19 | Episode 392 | Reward 36.00 | Epsilon 0.2031
Seed 19 | Episode 393 | Reward 37.00 | Epsilon 0.2027
Seed 19 | Episode 394 | Reward -29.00 | Epsilon 0.2019
Seed 19 | Episode 395 | Reward 56.00 | Epsilon 0.2016
Seed 19 | Episode 396 | Reward 32.00 | Epsilon 0.2012
Seed 19 | Episode 397 | Reward 38.00 | Epsilon 0.2008
Seed 19 | Episode 398 | Reward 54.00 | Epsilon 0.2006
Seed 19 | Episode 399 | Reward 54.00 | Epsilon 0.2003
Seed 19 | Episode 400 | Reward 34.00 | Epsilon 0.1999
Seed 19 | Episode 401 | Reward 55.00 | Epsilon 0.1996
Seed 19 | Episode 402 | Reward 42.00 | Epsilon 0.1992
Seed 19 | Episode 403 | Reward -174.00 | Epsilon 0.1976
Seed 19 | Episode 404 | Reward 51.00 | Epsilon 0.1973
Seed 19 | Episode 405 | Reward 48.00 | Epsilon 0.1970
Seed 19 | Episode 406 | Reward -5.00 | Epsilon 0.1964
Seed 19 | Episode 407 | Reward 64.00 | Epsilon 0.1962
Seed 19 | Episode 408 | Reward 56.00 | Epsilon 0.1959
Seed 19 | Episode 409 | Reward 6.00 | Epsilon 0.1953
Seed 19 | Episode 410 | Reward 48.00 | Epsilon 0.1950
Seed 19 | Episode 411 | Reward 59.00 | Epsilon 0.1948
Seed 19 | Episode 412 | Reward 48.00 | Epsilon 0.1945
Seed 19 | Episode 413 | Reward 43.00 | Epsilon 0.1941
Seed 19 | Episode 414 | Reward 59.00 | Epsilon 0.1939
Seed 19 | Episode 415 | Reward 50.00 | Epsilon 0.1936
Seed 19 | Episode 416 | Reward -26.00 | Epsilon 0.1929
Seed 19 | Episode 417 | Reward 56.00 | Epsilon 0.1926
Seed 19 | Episode 418 | Reward 58.00 | Epsilon 0.1923
Seed 19 | Episode 419 | Reward 47.00 | Epsilon 0.1920
Seed 19 | Episode 420 | Reward 48.00 | Epsilon 0.1917
Seed 19 | Episode 421 | Reward 59.00 | Epsilon 0.1915
Seed 19 | Episode 422 | Reward 40.00 | Epsilon 0.1911
Seed 19 | Episode 423 | Reward 32.00 | Epsilon 0.1907
Seed 19 | Episode 424 | Reward 60.00 | Epsilon 0.1905
Seed 19 | Episode 425 | Reward 50.00 | Epsilon 0.1902
Seed 19 | Episode 426 | Reward 55.00 | Epsilon 0.1900
Seed 19 | Episode 427 | Reward 39.00 | Epsilon 0.1896
Seed 19 | Episode 428 | Reward 41.00 | Epsilon 0.1893
Seed 19 | Episode 429 | Reward 36.00 | Epsilon 0.1889
Seed 19 | Episode 430 | Reward -83.00 | Epsilon 0.1879
Seed 19 | Episode 431 | Reward 55.00 | Epsilon 0.1876
Seed 19 | Episode 432 | Reward 55.00 | Epsilon 0.1873
Seed 19 | Episode 433 | Reward 48.00 | Epsilon 0.1870
Seed 19 | Episode 434 | Reward 41.00 | Epsilon 0.1867
Seed 19 | Episode 435 | Reward 59.00 | Epsilon 0.1865
Seed 19 | Episode 436 | Reward 54.00 | Epsilon 0.1862
Seed 19 | Episode 437 | Reward -2.00 | Epsilon 0.1856
Seed 19 | Episode 438 | Reward 46.00 | Epsilon 0.1853
Seed 19 | Episode 439 | Reward 54.00 | Epsilon 0.1851
Seed 19 | Episode 440 | Reward -33.00 | Epsilon 0.1843
Seed 19 | Episode 441 | Reward 51.00 | Epsilon 0.1840
Seed 19 | Episode 442 | Reward 46.00 | Epsilon 0.1837
Seed 19 | Episode 443 | Reward 55.00 | Epsilon 0.1835
Seed 19 | Episode 444 | Reward 63.00 | Epsilon 0.1833
Seed 19 | Episode 445 | Reward 28.00 | Epsilon 0.1829
Seed 19 | Episode 446 | Reward 52.00 | Epsilon 0.1826
Seed 19 | Episode 447 | Reward 37.00 | Epsilon 0.1823
Seed 19 | Episode 448 | Reward 46.00 | Epsilon 0.1820
Seed 19 | Episode 449 | Reward 48.00 | Epsilon 0.1817
Seed 19 | Episode 450 | Reward 53.00 | Epsilon 0.1814
Seed 19 | Episode 451 | Reward 63.00 | Epsilon 0.1812
Seed 19 | Episode 452 | Reward 42.00 | Epsilon 0.1809
Seed 19 | Episode 453 | Reward 49.00 | Epsilon 0.1806
Seed 19 | Episode 454 | Reward 55.00 | Epsilon 0.1803
Seed 19 | Episode 455 | Reward 49.00 | Epsilon 0.1801
Seed 19 | Episode 456 | Reward -67.00 | Epsilon 0.1792
Seed 19 | Episode 457 | Reward 49.00 | Epsilon 0.1789
Seed 19 | Episode 458 | Reward 43.00 | Epsilon 0.1786
Seed 19 | Episode 459 | Reward 49.00 | Epsilon 0.1783
Seed 19 | Episode 460 | Reward 59.00 | Epsilon 0.1781
Seed 19 | Episode 461 | Reward 44.00 | Epsilon 0.1778
Seed 19 | Episode 462 | Reward 47.00 | Epsilon 0.1775
Seed 19 | Episode 463 | Reward 50.00 | Epsilon 0.1772
Seed 19 | Episode 464 | Reward 48.00 | Epsilon 0.1769
Seed 19 | Episode 465 | Reward 52.00 | Epsilon 0.1767
Seed 19 | Episode 466 | Reward 27.00 | Epsilon 0.1763
Seed 19 | Episode 467 | Reward -86.00 | Epsilon 0.1753
Seed 19 | Episode 468 | Reward 52.00 | Epsilon 0.1750
Seed 19 | Episode 469 | Reward 24.00 | Epsilon 0.1746
Seed 19 | Episode 470 | Reward 47.00 | Epsilon 0.1743
Seed 19 | Episode 471 | Reward 9.00 | Epsilon 0.1739
Seed 19 | Episode 472 | Reward 48.00 | Epsilon 0.1736
Seed 19 | Episode 473 | Reward 54.00 | Epsilon 0.1733
Seed 19 | Episode 474 | Reward -63.00 | Epsilon 0.1725
Seed 19 | Episode 475 | Reward 43.00 | Epsilon 0.1722
Seed 19 | Episode 476 | Reward 54.00 | Epsilon 0.1719
Seed 19 | Episode 477 | Reward 36.00 | Epsilon 0.1716
Seed 19 | Episode 478 | Reward 47.00 | Epsilon 0.1713
Seed 19 | Episode 479 | Reward 54.00 | Epsilon 0.1711
Seed 19 | Episode 480 | Reward -61.00 | Epsilon 0.1703
Seed 19 | Episode 481 | Reward -300.00 | Epsilon 0.1687
Seed 19 | Episode 482 | Reward 61.00 | Epsilon 0.1685
Seed 19 | Episode 483 | Reward 51.00 | Epsilon 0.1683
Seed 19 | Episode 484 | Reward 54.00 | Epsilon 0.1680
Seed 19 | Episode 485 | Reward 48.00 | Epsilon 0.1678
Seed 19 | Episode 486 | Reward -137.00 | Epsilon 0.1666
Seed 19 | Episode 487 | Reward 55.00 | Epsilon 0.1664
Seed 19 | Episode 488 | Reward 41.00 | Epsilon 0.1661
Seed 19 | Episode 489 | Reward 51.00 | Epsilon 0.1658
Seed 19 | Episode 490 | Reward 49.00 | Epsilon 0.1655
Seed 19 | Episode 491 | Reward -61.00 | Epsilon 0.1647
Seed 19 | Episode 492 | Reward 46.00 | Epsilon 0.1645
Seed 19 | Episode 493 | Reward 57.00 | Epsilon 0.1643
Seed 19 | Episode 494 | Reward 51.00 | Epsilon 0.1640
Seed 19 | Episode 495 | Reward 57.00 | Epsilon 0.1638
Seed 19 | Episode 496 | Reward 59.00 | Epsilon 0.1636
Seed 19 | Episode 497 | Reward 49.00 | Epsilon 0.1633
Seed 19 | Episode 498 | Reward -98.00 | Epsilon 0.1624
Seed 19 | Episode 499 | Reward 52.00 | Epsilon 0.1621
Seed 19 | Episode 500 | Reward 47.00 | Epsilon 0.1619
Seed 19 | Episode 501 | Reward 49.00 | Epsilon 0.1616
Seed 19 | Episode 502 | Reward 51.00 | Epsilon 0.1614
Seed 19 | Episode 503 | Reward 56.00 | Epsilon 0.1611
Seed 19 | Episode 504 | Reward 41.00 | Epsilon 0.1609
Seed 19 | Episode 505 | Reward -42.00 | Epsilon 0.1602
Seed 19 | Episode 506 | Reward -157.00 | Epsilon 0.1589
Seed 19 | Episode 507 | Reward -10.00 | Epsilon 0.1584
Seed 19 | Episode 508 | Reward 52.00 | Epsilon 0.1582
Seed 19 | Episode 509 | Reward 54.00 | Epsilon 0.1579
Seed 19 | Episode 510 | Reward 48.00 | Epsilon 0.1577
Seed 19 | Episode 511 | Reward 38.00 | Epsilon 0.1574
Seed 19 | Episode 512 | Reward 40.00 | Epsilon 0.1571
Seed 19 | Episode 513 | Reward 48.00 | Epsilon 0.1569
Seed 19 | Episode 514 | Reward 45.00 | Epsilon 0.1566
Seed 19 | Episode 515 | Reward 46.00 | Epsilon 0.1563
Seed 19 | Episode 516 | Reward 63.00 | Epsilon 0.1562
Seed 19 | Episode 517 | Reward 24.00 | Epsilon 0.1558
Seed 19 | Episode 518 | Reward 53.00 | Epsilon 0.1556
Seed 19 | Episode 519 | Reward 56.00 | Epsilon 0.1554
Seed 19 | Episode 520 | Reward 47.00 | Epsilon 0.1551
Seed 19 | Episode 521 | Reward 60.00 | Epsilon 0.1549
Seed 19 | Episode 522 | Reward -10.00 | Epsilon 0.1544
Seed 19 | Episode 523 | Reward 49.00 | Epsilon 0.1542
Seed 19 | Episode 524 | Reward 56.00 | Epsilon 0.1540
Seed 19 | Episode 525 | Reward 57.00 | Epsilon 0.1538
Seed 19 | Episode 526 | Reward 50.00 | Epsilon 0.1535
Seed 19 | Episode 527 | Reward 57.00 | Epsilon 0.1533
Seed 19 | Episode 528 | Reward 57.00 | Epsilon 0.1531
Seed 19 | Episode 529 | Reward 51.00 | Epsilon 0.1529
Seed 19 | Episode 530 | Reward 41.00 | Epsilon 0.1526
Seed 19 | Episode 531 | Reward 33.00 | Epsilon 0.1523
Seed 19 | Episode 532 | Reward 45.00 | Epsilon 0.1520
Seed 19 | Episode 533 | Reward -50.00 | Epsilon 0.1514
Seed 19 | Episode 534 | Reward 52.00 | Epsilon 0.1511
Seed 19 | Episode 535 | Reward 50.00 | Epsilon 0.1509
Seed 19 | Episode 536 | Reward 53.00 | Epsilon 0.1507
Seed 19 | Episode 537 | Reward 53.00 | Epsilon 0.1505
Seed 19 | Episode 538 | Reward 57.00 | Epsilon 0.1503
Seed 19 | Episode 539 | Reward 53.00 | Epsilon 0.1501
Seed 19 | Episode 540 | Reward 54.00 | Epsilon 0.1498
Seed 19 | Episode 541 | Reward 57.00 | Epsilon 0.1497
Seed 19 | Episode 542 | Reward 61.00 | Epsilon 0.1495
Seed 19 | Episode 543 | Reward 53.00 | Epsilon 0.1493
Seed 19 | Episode 544 | Reward 50.00 | Epsilon 0.1490
Seed 19 | Episode 545 | Reward -9.00 | Epsilon 0.1485
Seed 19 | Episode 546 | Reward -28.00 | Epsilon 0.1480
Seed 19 | Episode 547 | Reward 46.00 | Epsilon 0.1477
Seed 19 | Episode 548 | Reward 44.00 | Epsilon 0.1475
Seed 19 | Episode 549 | Reward 57.00 | Epsilon 0.1473
Seed 19 | Episode 550 | Reward 50.00 | Epsilon 0.1470
Seed 19 | Episode 551 | Reward 55.00 | Epsilon 0.1468
Seed 19 | Episode 552 | Reward 26.00 | Epsilon 0.1465
Seed 19 | Episode 553 | Reward 55.00 | Epsilon 0.1463
Seed 19 | Episode 554 | Reward 46.00 | Epsilon 0.1461
Seed 19 | Episode 555 | Reward -84.00 | Epsilon 0.1453
Seed 19 | Episode 556 | Reward 56.00 | Epsilon 0.1451
Seed 19 | Episode 557 | Reward 55.00 | Epsilon 0.1449
Seed 19 | Episode 558 | Reward 56.00 | Epsilon 0.1447
Seed 19 | Episode 559 | Reward 41.00 | Epsilon 0.1444
Seed 19 | Episode 560 | Reward 44.00 | Epsilon 0.1442
Seed 19 | Episode 561 | Reward 53.00 | Epsilon 0.1440
Seed 19 | Episode 562 | Reward 0.00 | Epsilon 0.1435
Seed 19 | Episode 563 | Reward 36.00 | Epsilon 0.1432
Seed 19 | Episode 564 | Reward -28.00 | Epsilon 0.1427
Seed 19 | Episode 565 | Reward 46.00 | Epsilon 0.1425
Seed 19 | Episode 566 | Reward 51.00 | Epsilon 0.1422
Seed 19 | Episode 567 | Reward -96.00 | Epsilon 0.1414
Seed 19 | Episode 568 | Reward -20.00 | Epsilon 0.1409
Seed 19 | Episode 569 | Reward 55.00 | Epsilon 0.1407
Seed 19 | Episode 570 | Reward 60.00 | Epsilon 0.1405
Seed 19 | Episode 571 | Reward 55.00 | Epsilon 0.1403
Seed 19 | Episode 572 | Reward 52.00 | Epsilon 0.1401
Seed 19 | Episode 573 | Reward 44.00 | Epsilon 0.1399
Seed 19 | Episode 574 | Reward 47.00 | Epsilon 0.1397
Seed 19 | Episode 575 | Reward 57.00 | Epsilon 0.1395
Seed 19 | Episode 576 | Reward 50.00 | Epsilon 0.1393
Seed 19 | Episode 577 | Reward 58.00 | Epsilon 0.1391
Seed 19 | Episode 578 | Reward 35.00 | Epsilon 0.1388
Seed 19 | Episode 579 | Reward 56.00 | Epsilon 0.1386
Seed 19 | Episode 580 | Reward 58.00 | Epsilon 0.1384
Seed 19 | Episode 581 | Reward 41.00 | Epsilon 0.1382
Seed 19 | Episode 582 | Reward 44.00 | Epsilon 0.1380
Seed 19 | Episode 583 | Reward -4.00 | Epsilon 0.1375
Seed 19 | Episode 584 | Reward 64.00 | Epsilon 0.1374
Seed 19 | Episode 585 | Reward -160.00 | Epsilon 0.1363
Seed 19 | Episode 586 | Reward 62.00 | Epsilon 0.1361
Seed 19 | Episode 587 | Reward 60.00 | Epsilon 0.1360
Seed 19 | Episode 588 | Reward 64.00 | Epsilon 0.1358
Seed 19 | Episode 589 | Reward 47.00 | Epsilon 0.1356
Seed 19 | Episode 590 | Reward 46.00 | Epsilon 0.1354
Seed 19 | Episode 591 | Reward 55.00 | Epsilon 0.1352
Seed 19 | Episode 592 | Reward -87.00 | Epsilon 0.1344
Seed 19 | Episode 593 | Reward 54.00 | Epsilon 0.1342
Seed 19 | Episode 594 | Reward 37.00 | Epsilon 0.1340
Seed 19 | Episode 595 | Reward 29.00 | Epsilon 0.1337
Seed 19 | Episode 596 | Reward -6.00 | Epsilon 0.1333
Seed 19 | Episode 597 | Reward 52.00 | Epsilon 0.1331
Seed 19 | Episode 598 | Reward 35.00 | Epsilon 0.1328
Seed 19 | Episode 599 | Reward 61.00 | Epsilon 0.1326
Seed 19 | Episode 600 | Reward 33.00 | Epsilon 0.1324
Seed 19 | Episode 601 | Reward 56.00 | Epsilon 0.1322
Seed 19 | Episode 602 | Reward 47.00 | Epsilon 0.1320
Seed 19 | Episode 603 | Reward 42.00 | Epsilon 0.1317
Seed 19 | Episode 604 | Reward 9.00 | Epsilon 0.1314
Seed 19 | Episode 605 | Reward 33.00 | Epsilon 0.1311
Seed 19 | Episode 606 | Reward 53.00 | Epsilon 0.1309
Seed 19 | Episode 607 | Reward 61.00 | Epsilon 0.1308
Seed 19 | Episode 608 | Reward 62.00 | Epsilon 0.1306
Seed 19 | Episode 609 | Reward 55.00 | Epsilon 0.1304
Seed 19 | Episode 610 | Reward 54.00 | Epsilon 0.1303
Seed 19 | Episode 611 | Reward 46.00 | Epsilon 0.1300
Seed 19 | Episode 612 | Reward 44.00 | Epsilon 0.1298
Seed 19 | Episode 613 | Reward 48.00 | Epsilon 0.1296
Seed 19 | Episode 614 | Reward 39.00 | Epsilon 0.1294
Seed 19 | Episode 615 | Reward 42.00 | Epsilon 0.1291
Seed 19 | Episode 616 | Reward 41.00 | Epsilon 0.1289
Seed 19 | Episode 617 | Reward 41.00 | Epsilon 0.1287
Seed 19 | Episode 618 | Reward 56.00 | Epsilon 0.1285
Seed 19 | Episode 619 | Reward 47.00 | Epsilon 0.1283
Seed 19 | Episode 620 | Reward 61.00 | Epsilon 0.1281
Seed 19 | Episode 621 | Reward -54.00 | Epsilon 0.1275
Seed 19 | Episode 622 | Reward 66.00 | Epsilon 0.1274
Seed 19 | Episode 623 | Reward 47.00 | Epsilon 0.1272
Seed 19 | Episode 624 | Reward 59.00 | Epsilon 0.1270
Seed 19 | Episode 625 | Reward 60.00 | Epsilon 0.1269
Seed 19 | Episode 626 | Reward 44.00 | Epsilon 0.1267
Seed 19 | Episode 627 | Reward 55.00 | Epsilon 0.1265
Seed 19 | Episode 628 | Reward 34.00 | Epsilon 0.1262
Seed 19 | Episode 629 | Reward 41.00 | Epsilon 0.1260
Seed 19 | Episode 630 | Reward 59.00 | Epsilon 0.1259
Seed 19 | Episode 631 | Reward 33.00 | Epsilon 0.1256
Seed 19 | Episode 632 | Reward 59.00 | Epsilon 0.1254
Seed 19 | Episode 633 | Reward 45.00 | Epsilon 0.1252
Seed 19 | Episode 634 | Reward 55.00 | Epsilon 0.1251
Seed 19 | Episode 635 | Reward 37.00 | Epsilon 0.1248
Seed 19 | Episode 636 | Reward 29.00 | Epsilon 0.1246
Seed 19 | Episode 637 | Reward 42.00 | Epsilon 0.1243
Seed 19 | Episode 638 | Reward 42.00 | Epsilon 0.1241
Seed 19 | Episode 639 | Reward 37.00 | Epsilon 0.1239
Seed 19 | Episode 640 | Reward 38.00 | Epsilon 0.1236
Seed 19 | Episode 641 | Reward 42.00 | Epsilon 0.1234
Seed 19 | Episode 642 | Reward 41.00 | Epsilon 0.1232
Seed 19 | Episode 643 | Reward 48.00 | Epsilon 0.1230
Seed 19 | Episode 644 | Reward 51.00 | Epsilon 0.1228
Seed 19 | Episode 645 | Reward 43.00 | Epsilon 0.1226
Seed 19 | Episode 646 | Reward 41.00 | Epsilon 0.1224
Seed 19 | Episode 647 | Reward 38.00 | Epsilon 0.1222
Seed 19 | Episode 648 | Reward 54.00 | Epsilon 0.1220
Seed 19 | Episode 649 | Reward 48.00 | Epsilon 0.1218
Seed 19 | Episode 650 | Reward 61.00 | Epsilon 0.1216
Seed 19 | Episode 651 | Reward 48.00 | Epsilon 0.1215
Seed 19 | Episode 652 | Reward 52.00 | Epsilon 0.1213
Seed 19 | Episode 653 | Reward 47.00 | Epsilon 0.1211
Seed 19 | Episode 654 | Reward 50.00 | Epsilon 0.1209
Seed 19 | Episode 655 | Reward 60.00 | Epsilon 0.1207
Seed 19 | Episode 656 | Reward 53.00 | Epsilon 0.1206
Seed 19 | Episode 657 | Reward 59.00 | Epsilon 0.1204
Seed 19 | Episode 658 | Reward 59.00 | Epsilon 0.1203
Seed 19 | Episode 659 | Reward 54.00 | Epsilon 0.1201
Seed 19 | Episode 660 | Reward 42.00 | Epsilon 0.1199
Seed 19 | Episode 661 | Reward 63.00 | Epsilon 0.1197
Seed 19 | Episode 662 | Reward 30.00 | Epsilon 0.1195
Seed 19 | Episode 663 | Reward 58.00 | Epsilon 0.1193
Seed 19 | Episode 664 | Reward 50.00 | Epsilon 0.1192
Seed 19 | Episode 665 | Reward 55.00 | Epsilon 0.1190
Seed 19 | Episode 666 | Reward 50.00 | Epsilon 0.1188
Seed 19 | Episode 667 | Reward -73.00 | Epsilon 0.1182
Seed 19 | Episode 668 | Reward 48.00 | Epsilon 0.1180
Seed 19 | Episode 669 | Reward 54.00 | Epsilon 0.1178
Seed 19 | Episode 670 | Reward 55.00 | Epsilon 0.1177
Seed 19 | Episode 671 | Reward -44.00 | Epsilon 0.1172
Seed 19 | Episode 672 | Reward 54.00 | Epsilon 0.1170
Seed 19 | Episode 673 | Reward 57.00 | Epsilon 0.1168
Seed 19 | Episode 674 | Reward 55.00 | Epsilon 0.1167
Seed 19 | Episode 675 | Reward 58.00 | Epsilon 0.1165
Seed 19 | Episode 676 | Reward 41.00 | Epsilon 0.1163
Seed 19 | Episode 677 | Reward 61.00 | Epsilon 0.1162
Seed 19 | Episode 678 | Reward 39.00 | Epsilon 0.1160
Seed 19 | Episode 679 | Reward 43.00 | Epsilon 0.1158
Seed 19 | Episode 680 | Reward -27.00 | Epsilon 0.1153
Seed 19 | Episode 681 | Reward 44.00 | Epsilon 0.1151
Seed 19 | Episode 682 | Reward 59.00 | Epsilon 0.1150
Seed 19 | Episode 683 | Reward 65.00 | Epsilon 0.1149
Seed 19 | Episode 684 | Reward 58.00 | Epsilon 0.1147
Seed 19 | Episode 685 | Reward 56.00 | Epsilon 0.1146
Seed 19 | Episode 686 | Reward 62.00 | Epsilon 0.1144
Seed 19 | Episode 687 | Reward 40.00 | Epsilon 0.1142
Seed 19 | Episode 688 | Reward 59.00 | Epsilon 0.1141
Seed 19 | Episode 689 | Reward 59.00 | Epsilon 0.1139
Seed 19 | Episode 690 | Reward 51.00 | Epsilon 0.1138
Seed 19 | Episode 691 | Reward 49.00 | Epsilon 0.1136
Seed 19 | Episode 692 | Reward 38.00 | Epsilon 0.1134
Seed 19 | Episode 693 | Reward 55.00 | Epsilon 0.1132
Seed 19 | Episode 694 | Reward 45.00 | Epsilon 0.1130
Seed 19 | Episode 695 | Reward 58.00 | Epsilon 0.1129
Seed 19 | Episode 696 | Reward 50.00 | Epsilon 0.1127
Seed 19 | Episode 697 | Reward 29.00 | Epsilon 0.1125
Seed 19 | Episode 698 | Reward 50.00 | Epsilon 0.1123
Seed 19 | Episode 699 | Reward 57.00 | Epsilon 0.1121
Seed 19 | Episode 700 | Reward 49.00 | Epsilon 0.1120
Seed 19 | Episode 701 | Reward 47.00 | Epsilon 0.1118
Seed 19 | Episode 702 | Reward 56.00 | Epsilon 0.1116
Seed 19 | Episode 703 | Reward 57.00 | Epsilon 0.1115
Seed 19 | Episode 704 | Reward 50.00 | Epsilon 0.1113
Seed 19 | Episode 705 | Reward 40.00 | Epsilon 0.1111
Seed 19 | Episode 706 | Reward 40.00 | Epsilon 0.1109
Seed 19 | Episode 707 | Reward 49.00 | Epsilon 0.1107
Seed 19 | Episode 708 | Reward 46.00 | Epsilon 0.1105
Seed 19 | Episode 709 | Reward 52.00 | Epsilon 0.1104
Seed 19 | Episode 710 | Reward 50.00 | Epsilon 0.1102
Seed 19 | Episode 711 | Reward 63.00 | Epsilon 0.1101
Seed 19 | Episode 712 | Reward 46.00 | Epsilon 0.1099
Seed 19 | Episode 713 | Reward 44.00 | Epsilon 0.1097
Seed 19 | Episode 714 | Reward 47.00 | Epsilon 0.1095
Seed 19 | Episode 715 | Reward 56.00 | Epsilon 0.1094
Seed 19 | Episode 716 | Reward 58.00 | Epsilon 0.1093
Seed 19 | Episode 717 | Reward 40.00 | Epsilon 0.1091
Seed 19 | Episode 718 | Reward 34.00 | Epsilon 0.1088
Seed 19 | Episode 719 | Reward 32.00 | Epsilon 0.1086
Seed 19 | Episode 720 | Reward 64.00 | Epsilon 0.1085
Seed 19 | Episode 721 | Reward 41.00 | Epsilon 0.1083
Seed 19 | Episode 722 | Reward 66.00 | Epsilon 0.1082
Seed 19 | Episode 723 | Reward 60.00 | Epsilon 0.1080
Seed 19 | Episode 724 | Reward 61.00 | Epsilon 0.1079
Seed 19 | Episode 725 | Reward 52.00 | Epsilon 0.1078
Seed 19 | Episode 726 | Reward 59.00 | Epsilon 0.1076
Seed 19 | Episode 727 | Reward 48.00 | Epsilon 0.1075
Seed 19 | Episode 728 | Reward -57.00 | Epsilon 0.1069
Seed 19 | Episode 729 | Reward 43.00 | Epsilon 0.1068
Seed 19 | Episode 730 | Reward 61.00 | Epsilon 0.1066
Seed 19 | Episode 731 | Reward 57.00 | Epsilon 0.1065
Seed 19 | Episode 732 | Reward 46.00 | Epsilon 0.1063
Seed 19 | Episode 733 | Reward -55.00 | Epsilon 0.1058
Seed 19 | Episode 734 | Reward 61.00 | Epsilon 0.1057
Seed 19 | Episode 735 | Reward 43.00 | Epsilon 0.1055
Seed 19 | Episode 736 | Reward 47.00 | Epsilon 0.1053
Seed 19 | Episode 737 | Reward 52.00 | Epsilon 0.1052
Seed 19 | Episode 738 | Reward 46.00 | Epsilon 0.1050
Seed 19 | Episode 739 | Reward 40.00 | Epsilon 0.1048
Seed 19 | Episode 740 | Reward 40.00 | Epsilon 0.1046
Seed 19 | Episode 741 | Reward 46.00 | Epsilon 0.1045
Seed 19 | Episode 742 | Reward 67.00 | Epsilon 0.1043
Seed 19 | Episode 743 | Reward 56.00 | Epsilon 0.1042
Seed 19 | Episode 744 | Reward 47.00 | Epsilon 0.1040
Seed 19 | Episode 745 | Reward 43.00 | Epsilon 0.1039
Seed 19 | Episode 746 | Reward 47.00 | Epsilon 0.1037
Seed 19 | Episode 747 | Reward 42.00 | Epsilon 0.1035
Seed 19 | Episode 748 | Reward 23.00 | Epsilon 0.1033
Seed 19 | Episode 749 | Reward 60.00 | Epsilon 0.1031
Seed 19 | Episode 750 | Reward 50.00 | Epsilon 0.1030
Seed 19 | Episode 751 | Reward 47.00 | Epsilon 0.1028
Seed 19 | Episode 752 | Reward 43.00 | Epsilon 0.1026
Seed 19 | Episode 753 | Reward 46.00 | Epsilon 0.1025
Seed 19 | Episode 754 | Reward 55.00 | Epsilon 0.1023
Seed 19 | Episode 755 | Reward 64.00 | Epsilon 0.1022
Seed 19 | Episode 756 | Reward 52.00 | Epsilon 0.1021
Seed 19 | Episode 757 | Reward 45.00 | Epsilon 0.1019
Seed 19 | Episode 758 | Reward 65.00 | Epsilon 0.1018
Seed 19 | Episode 759 | Reward -73.00 | Epsilon 0.1012
Seed 19 | Episode 760 | Reward 61.00 | Epsilon 0.1011
Seed 19 | Episode 761 | Reward 55.00 | Epsilon 0.1010
Seed 19 | Episode 762 | Reward 46.00 | Epsilon 0.1008
Seed 19 | Episode 763 | Reward 48.00 | Epsilon 0.1007
Seed 19 | Episode 764 | Reward 48.00 | Epsilon 0.1005
Seed 19 | Episode 765 | Reward 20.00 | Epsilon 0.1003
Seed 19 | Episode 766 | Reward 50.00 | Epsilon 0.1001
Seed 19 | Episode 767 | Reward 41.00 | Epsilon 0.0999
Seed 19 | Episode 768 | Reward 59.00 | Epsilon 0.0998
Seed 19 | Episode 769 | Reward 45.00 | Epsilon 0.0996
Seed 19 | Episode 770 | Reward 30.00 | Epsilon 0.0994
Seed 19 | Episode 771 | Reward 41.00 | Epsilon 0.0992
Seed 19 | Episode 772 | Reward 43.00 | Epsilon 0.0991
Seed 19 | Episode 773 | Reward 56.00 | Epsilon 0.0989
Seed 19 | Episode 774 | Reward 53.00 | Epsilon 0.0988
Seed 19 | Episode 775 | Reward 51.00 | Epsilon 0.0986
Seed 19 | Episode 776 | Reward 26.00 | Epsilon 0.0984
Seed 19 | Episode 777 | Reward 53.00 | Epsilon 0.0983
Seed 19 | Episode 778 | Reward 35.00 | Epsilon 0.0981
Seed 19 | Episode 779 | Reward 50.00 | Epsilon 0.0979
Seed 19 | Episode 780 | Reward 56.00 | Epsilon 0.0978
Seed 19 | Episode 781 | Reward 56.00 | Epsilon 0.0977
Seed 19 | Episode 782 | Reward 53.00 | Epsilon 0.0975
Seed 19 | Episode 783 | Reward 55.00 | Epsilon 0.0974
Seed 19 | Episode 784 | Reward 19.00 | Epsilon 0.0972
Seed 19 | Episode 785 | Reward 63.00 | Epsilon 0.0970
Seed 19 | Episode 786 | Reward 36.00 | Epsilon 0.0969
Seed 19 | Episode 787 | Reward 44.00 | Epsilon 0.0967
Seed 19 | Episode 788 | Reward 50.00 | Epsilon 0.0965
Seed 19 | Episode 789 | Reward 35.00 | Epsilon 0.0964
Seed 19 | Episode 790 | Reward 48.00 | Epsilon 0.0962
Seed 19 | Episode 791 | Reward 26.00 | Epsilon 0.0960
Seed 19 | Episode 792 | Reward 50.00 | Epsilon 0.0958
Seed 19 | Episode 793 | Reward 64.00 | Epsilon 0.0957
Seed 19 | Episode 794 | Reward 50.00 | Epsilon 0.0956
Seed 19 | Episode 795 | Reward 42.00 | Epsilon 0.0954
Seed 19 | Episode 796 | Reward 52.00 | Epsilon 0.0953
Seed 19 | Episode 797 | Reward 40.00 | Epsilon 0.0951
Seed 19 | Episode 798 | Reward 45.00 | Epsilon 0.0949
Seed 19 | Episode 799 | Reward 61.00 | Epsilon 0.0948
Seed 19 | Episode 800 | Reward 60.00 | Epsilon 0.0947
Seed 19 | Episode 801 | Reward 57.00 | Epsilon 0.0946
Seed 19 | Episode 802 | Reward 60.00 | Epsilon 0.0945
Seed 19 | Episode 803 | Reward 53.00 | Epsilon 0.0943
Seed 19 | Episode 804 | Reward 51.00 | Epsilon 0.0942
Seed 19 | Episode 805 | Reward 58.00 | Epsilon 0.0941
Seed 19 | Episode 806 | Reward -59.00 | Epsilon 0.0936
Seed 19 | Episode 807 | Reward 47.00 | Epsilon 0.0935
Seed 19 | Episode 808 | Reward 48.00 | Epsilon 0.0933
Seed 19 | Episode 809 | Reward 57.00 | Epsilon 0.0932
Seed 19 | Episode 810 | Reward 65.00 | Epsilon 0.0931
Seed 19 | Episode 811 | Reward 32.00 | Epsilon 0.0929
Seed 19 | Episode 812 | Reward 45.00 | Epsilon 0.0927
Seed 19 | Episode 813 | Reward 48.00 | Epsilon 0.0926
Seed 19 | Episode 814 | Reward 38.00 | Epsilon 0.0924
Seed 19 | Episode 815 | Reward 58.00 | Epsilon 0.0923
Seed 19 | Episode 816 | Reward 53.00 | Epsilon 0.0922
Seed 19 | Episode 817 | Reward 50.00 | Epsilon 0.0920
Seed 19 | Episode 818 | Reward 62.00 | Epsilon 0.0919
Seed 19 | Episode 819 | Reward 63.00 | Epsilon 0.0918
Seed 19 | Episode 820 | Reward -88.00 | Epsilon 0.0913
Seed 19 | Episode 821 | Reward 22.00 | Epsilon 0.0911
Seed 19 | Episode 822 | Reward 54.00 | Epsilon 0.0910
Seed 19 | Episode 823 | Reward 50.00 | Epsilon 0.0908
Seed 19 | Episode 824 | Reward 57.00 | Epsilon 0.0907
Seed 19 | Episode 825 | Reward 57.00 | Epsilon 0.0906
Seed 19 | Episode 826 | Reward 62.00 | Epsilon 0.0905
Seed 19 | Episode 827 | Reward 54.00 | Epsilon 0.0903
Seed 19 | Episode 828 | Reward 49.00 | Epsilon 0.0902
Seed 19 | Episode 829 | Reward 53.00 | Epsilon 0.0901
Seed 19 | Episode 830 | Reward 36.00 | Epsilon 0.0899
Seed 19 | Episode 831 | Reward 64.00 | Epsilon 0.0898
Seed 19 | Episode 832 | Reward 46.00 | Epsilon 0.0896
Seed 19 | Episode 833 | Reward 60.00 | Epsilon 0.0895
Seed 19 | Episode 834 | Reward 37.00 | Epsilon 0.0894
Seed 19 | Episode 835 | Reward -117.00 | Epsilon 0.0888
Seed 19 | Episode 836 | Reward 61.00 | Epsilon 0.0887
Seed 19 | Episode 837 | Reward -86.00 | Epsilon 0.0882
Seed 19 | Episode 838 | Reward 53.00 | Epsilon 0.0881
Seed 19 | Episode 839 | Reward 40.00 | Epsilon 0.0879
Seed 19 | Episode 840 | Reward 49.00 | Epsilon 0.0878
Seed 19 | Episode 841 | Reward 64.00 | Epsilon 0.0877
Seed 19 | Episode 842 | Reward 55.00 | Epsilon 0.0875
Seed 19 | Episode 843 | Reward 1.00 | Epsilon 0.0873
Seed 19 | Episode 844 | Reward 58.00 | Epsilon 0.0872
Seed 19 | Episode 845 | Reward -21.00 | Epsilon 0.0868
Seed 19 | Episode 846 | Reward 53.00 | Epsilon 0.0867
Seed 19 | Episode 847 | Reward 63.00 | Epsilon 0.0866
Seed 19 | Episode 848 | Reward 46.00 | Epsilon 0.0865
Seed 19 | Episode 849 | Reward -2.00 | Epsilon 0.0862
Seed 19 | Episode 850 | Reward 45.00 | Epsilon 0.0861
Seed 19 | Episode 851 | Reward 56.00 | Epsilon 0.0860
Seed 19 | Episode 852 | Reward 59.00 | Epsilon 0.0858
Seed 19 | Episode 853 | Reward 50.00 | Epsilon 0.0857
Seed 19 | Episode 854 | Reward 61.00 | Epsilon 0.0856
Seed 19 | Episode 855 | Reward 42.00 | Epsilon 0.0855
Seed 19 | Episode 856 | Reward 51.00 | Epsilon 0.0853
Seed 19 | Episode 857 | Reward 17.00 | Epsilon 0.0851
Seed 19 | Episode 858 | Reward 47.00 | Epsilon 0.0850
Seed 19 | Episode 859 | Reward 63.00 | Epsilon 0.0849
Seed 19 | Episode 860 | Reward 64.00 | Epsilon 0.0848
Seed 19 | Episode 861 | Reward 51.00 | Epsilon 0.0847
Seed 19 | Episode 862 | Reward 52.00 | Epsilon 0.0845
Seed 19 | Episode 863 | Reward -300.00 | Epsilon 0.0838
Seed 19 | Episode 864 | Reward 20.00 | Epsilon 0.0836
Seed 19 | Episode 865 | Reward 27.00 | Epsilon 0.0834
Seed 19 | Episode 866 | Reward -138.00 | Epsilon 0.0828
Seed 19 | Episode 867 | Reward 53.00 | Epsilon 0.0827
Seed 19 | Episode 868 | Reward 62.00 | Epsilon 0.0826
Seed 19 | Episode 869 | Reward -33.00 | Epsilon 0.0822
Seed 19 | Episode 870 | Reward 55.00 | Epsilon 0.0821
Seed 19 | Episode 871 | Reward -2.00 | Epsilon 0.0819
Seed 19 | Episode 872 | Reward 54.00 | Epsilon 0.0818
Seed 19 | Episode 873 | Reward 56.00 | Epsilon 0.0817
Seed 19 | Episode 874 | Reward 58.00 | Epsilon 0.0815
Seed 19 | Episode 875 | Reward 58.00 | Epsilon 0.0814
Seed 19 | Episode 876 | Reward 32.00 | Epsilon 0.0813
Seed 19 | Episode 877 | Reward 61.00 | Epsilon 0.0812
Seed 19 | Episode 878 | Reward 40.00 | Epsilon 0.0810
Seed 19 | Episode 879 | Reward 58.00 | Epsilon 0.0809
Seed 19 | Episode 880 | Reward -8.00 | Epsilon 0.0807
Seed 19 | Episode 881 | Reward 60.00 | Epsilon 0.0806
Seed 19 | Episode 882 | Reward 52.00 | Epsilon 0.0804
Seed 19 | Episode 883 | Reward 36.00 | Epsilon 0.0803
Seed 19 | Episode 884 | Reward 11.00 | Epsilon 0.0801
Seed 19 | Episode 885 | Reward 59.00 | Epsilon 0.0800
Seed 19 | Episode 886 | Reward 56.00 | Epsilon 0.0799
Seed 19 | Episode 887 | Reward 46.00 | Epsilon 0.0797
Seed 19 | Episode 888 | Reward 67.00 | Epsilon 0.0796
Seed 19 | Episode 889 | Reward 60.00 | Epsilon 0.0795
Seed 19 | Episode 890 | Reward -99.00 | Epsilon 0.0791
Seed 19 | Episode 891 | Reward 25.00 | Epsilon 0.0789
Seed 19 | Episode 892 | Reward 52.00 | Epsilon 0.0788
Seed 19 | Episode 893 | Reward 9.00 | Epsilon 0.0786
Seed 19 | Episode 894 | Reward 58.00 | Epsilon 0.0785
Seed 19 | Episode 895 | Reward 50.00 | Epsilon 0.0783
Seed 19 | Episode 896 | Reward 57.00 | Epsilon 0.0782
Seed 19 | Episode 897 | Reward 56.00 | Epsilon 0.0781
Seed 19 | Episode 898 | Reward -27.00 | Epsilon 0.0778
Seed 19 | Episode 899 | Reward 53.00 | Epsilon 0.0777
Seed 19 | Episode 900 | Reward 39.00 | Epsilon 0.0776
Seed 19 | Episode 901 | Reward 43.00 | Epsilon 0.0774
Seed 19 | Episode 902 | Reward 5.00 | Epsilon 0.0772
Seed 19 | Episode 903 | Reward 65.00 | Epsilon 0.0771
Seed 19 | Episode 904 | Reward -87.00 | Epsilon 0.0767
Seed 19 | Episode 905 | Reward 25.00 | Epsilon 0.0765
Seed 19 | Episode 906 | Reward 60.00 | Epsilon 0.0764
Seed 19 | Episode 907 | Reward 47.00 | Epsilon 0.0763
Seed 19 | Episode 908 | Reward 57.00 | Epsilon 0.0762
Seed 19 | Episode 909 | Reward 62.00 | Epsilon 0.0761
Seed 19 | Episode 910 | Reward 61.00 | Epsilon 0.0760
Seed 19 | Episode 911 | Reward 43.00 | Epsilon 0.0759
Seed 19 | Episode 912 | Reward 46.00 | Epsilon 0.0758
Seed 19 | Episode 913 | Reward 49.00 | Epsilon 0.0757
Seed 19 | Episode 914 | Reward -15.00 | Epsilon 0.0754
Seed 19 | Episode 915 | Reward 62.00 | Epsilon 0.0753
Seed 19 | Episode 916 | Reward 0.00 | Epsilon 0.0751
Seed 19 | Episode 917 | Reward 45.00 | Epsilon 0.0749
Seed 19 | Episode 918 | Reward 55.00 | Epsilon 0.0748
Seed 19 | Episode 919 | Reward 52.00 | Epsilon 0.0747
Seed 19 | Episode 920 | Reward 32.00 | Epsilon 0.0746
Seed 19 | Episode 921 | Reward 53.00 | Epsilon 0.0745
Seed 19 | Episode 922 | Reward 58.00 | Epsilon 0.0744
Seed 19 | Episode 923 | Reward 62.00 | Epsilon 0.0743
Seed 19 | Episode 924 | Reward -23.00 | Epsilon 0.0740
Seed 19 | Episode 925 | Reward 62.00 | Epsilon 0.0739
Seed 19 | Episode 926 | Reward -17.00 | Epsilon 0.0737
Seed 19 | Episode 927 | Reward -5.00 | Epsilon 0.0734
Seed 19 | Episode 928 | Reward 53.00 | Epsilon 0.0733
Seed 19 | Episode 929 | Reward 53.00 | Epsilon 0.0732
Seed 19 | Episode 930 | Reward 42.00 | Epsilon 0.0731
Seed 19 | Episode 931 | Reward 60.00 | Epsilon 0.0730
Seed 19 | Episode 932 | Reward 58.00 | Epsilon 0.0729
Seed 19 | Episode 933 | Reward 47.00 | Epsilon 0.0728
Seed 19 | Episode 934 | Reward 36.00 | Epsilon 0.0726
Seed 19 | Episode 935 | Reward 46.00 | Epsilon 0.0725
Seed 19 | Episode 936 | Reward 56.00 | Epsilon 0.0724
Seed 19 | Episode 937 | Reward 49.00 | Epsilon 0.0723
Seed 19 | Episode 938 | Reward 58.00 | Epsilon 0.0722
Seed 19 | Episode 939 | Reward 61.00 | Epsilon 0.0721
Seed 19 | Episode 940 | Reward 24.00 | Epsilon 0.0720
Seed 19 | Episode 941 | Reward 62.00 | Epsilon 0.0719
Seed 19 | Episode 942 | Reward 13.00 | Epsilon 0.0717
Seed 19 | Episode 943 | Reward 58.00 | Epsilon 0.0716
Seed 19 | Episode 944 | Reward 51.00 | Epsilon 0.0715
Seed 19 | Episode 945 | Reward 58.00 | Epsilon 0.0714
Seed 19 | Episode 946 | Reward 59.00 | Epsilon 0.0713
Seed 19 | Episode 947 | Reward 54.00 | Epsilon 0.0712
Seed 19 | Episode 948 | Reward 55.00 | Epsilon 0.0711
Seed 19 | Episode 949 | Reward 45.00 | Epsilon 0.0710
Seed 19 | Episode 950 | Reward 56.00 | Epsilon 0.0709
Seed 19 | Episode 951 | Reward 53.00 | Epsilon 0.0708
Seed 19 | Episode 952 | Reward 18.00 | Epsilon 0.0706
Seed 19 | Episode 953 | Reward -3.00 | Epsilon 0.0704
Seed 19 | Episode 954 | Reward -152.00 | Epsilon 0.0699
Seed 19 | Episode 955 | Reward 62.00 | Epsilon 0.0698
Seed 19 | Episode 956 | Reward 11.00 | Epsilon 0.0696
Seed 19 | Episode 957 | Reward 55.00 | Epsilon 0.0695
Seed 19 | Episode 958 | Reward 56.00 | Epsilon 0.0694
Seed 19 | Episode 959 | Reward 59.00 | Epsilon 0.0693
Seed 19 | Episode 960 | Reward -149.00 | Epsilon 0.0688
Seed 19 | Episode 961 | Reward 36.00 | Epsilon 0.0687
Seed 19 | Episode 962 | Reward 59.00 | Epsilon 0.0686
Seed 19 | Episode 963 | Reward 3.00 | Epsilon 0.0684
Seed 19 | Episode 964 | Reward 54.00 | Epsilon 0.0683
Seed 19 | Episode 965 | Reward -123.00 | Epsilon 0.0678
Seed 19 | Episode 966 | Reward -30.00 | Epsilon 0.0676
Seed 19 | Episode 967 | Reward 50.00 | Epsilon 0.0675
Seed 19 | Episode 968 | Reward 51.00 | Epsilon 0.0674
Seed 19 | Episode 969 | Reward 56.00 | Epsilon 0.0673
Seed 19 | Episode 970 | Reward 60.00 | Epsilon 0.0672
Seed 19 | Episode 971 | Reward 55.00 | Epsilon 0.0671
Seed 19 | Episode 972 | Reward 45.00 | Epsilon 0.0670
Seed 19 | Episode 973 | Reward -10.00 | Epsilon 0.0668
Seed 19 | Episode 974 | Reward 60.00 | Epsilon 0.0667
Seed 19 | Episode 975 | Reward 55.00 | Epsilon 0.0666
Seed 19 | Episode 976 | Reward -106.00 | Epsilon 0.0662
Seed 19 | Episode 977 | Reward -1.00 | Epsilon 0.0660
Seed 19 | Episode 978 | Reward 55.00 | Epsilon 0.0659
Seed 19 | Episode 979 | Reward 42.00 | Epsilon 0.0658
Seed 19 | Episode 980 | Reward 66.00 | Epsilon 0.0657
Seed 19 | Episode 981 | Reward -26.00 | Epsilon 0.0654
Seed 19 | Episode 982 | Reward 58.00 | Epsilon 0.0654
Seed 19 | Episode 983 | Reward 57.00 | Epsilon 0.0653
Seed 19 | Episode 984 | Reward 57.00 | Epsilon 0.0652
Seed 19 | Episode 985 | Reward 61.00 | Epsilon 0.0651
Seed 19 | Episode 986 | Reward 52.00 | Epsilon 0.0650
Seed 19 | Episode 987 | Reward 63.00 | Epsilon 0.0649
Seed 19 | Episode 988 | Reward -300.00 | Epsilon 0.0644
Seed 19 | Episode 989 | Reward 55.00 | Epsilon 0.0643
Seed 19 | Episode 990 | Reward 11.00 | Epsilon 0.0641
Seed 19 | Episode 991 | Reward -80.00 | Epsilon 0.0637
Seed 19 | Episode 992 | Reward 60.00 | Epsilon 0.0637
Seed 19 | Episode 993 | Reward 41.00 | Epsilon 0.0636
Seed 19 | Episode 994 | Reward 53.00 | Epsilon 0.0635
Seed 19 | Episode 995 | Reward 50.00 | Epsilon 0.0634
Seed 19 | Episode 996 | Reward 57.00 | Epsilon 0.0633
Seed 19 | Episode 997 | Reward 60.00 | Epsilon 0.0632
Seed 19 | Episode 998 | Reward -152.00 | Epsilon 0.0627
Seed 19 | Episode 999 | Reward 47.00 | Epsilon 0.0626
Finished seed 19
