starting job
Sun Dec  7 19:44:34 2025       
+-----------------------------------------------------------------------------------------+
| NVIDIA-SMI 580.65.06              Driver Version: 580.65.06      CUDA Version: 13.0     |
+-----------------------------------------+------------------------+----------------------+
| GPU  Name                 Persistence-M | Bus-Id          Disp.A | Volatile Uncorr. ECC |
| Fan  Temp   Perf          Pwr:Usage/Cap |           Memory-Usage | GPU-Util  Compute M. |
|                                         |                        |               MIG M. |
|=========================================+========================+======================|
|   0  NVIDIA H100 80GB HBM3          On  |   00000000:4C:00.0 Off |                   On |
| N/A   24C    P0            117W /  700W |     411MiB /  81559MiB |     N/A      Default |
|                                         |                        |              Enabled |
+-----------------------------------------+------------------------+----------------------+

+-----------------------------------------------------------------------------------------+
| MIG devices:                                                                            |
+------------------+----------------------------------+-----------+-----------------------+
| GPU  GI  CI  MIG |              Shared Memory-Usage |        Vol|        Shared         |
|      ID  ID  Dev |                Shared BAR1-Usage | SM     Unc| CE ENC  DEC  OFA  JPG |
|                  |                                  |        ECC|                       |
|==================+==================================+===========+=======================|
|  0    9   0   0  |              15MiB /  9984MiB    | 16      0 |  1   0    1    0    1 |
|                  |               0MiB /  6185MiB    |           |                       |
+------------------+----------------------------------+-----------+-----------------------+

+-----------------------------------------------------------------------------------------+
| Processes:                                                                              |
|  GPU   GI   CI              PID   Type   Process name                        GPU Memory |
|        ID   ID                                                               Usage      |
|=========================================================================================|
|  No running processes found                                                             |
+-----------------------------------------------------------------------------------------+
Running seed 8
Gym has been unmaintained since 2022 and does not support NumPy 2.0 amongst other critical functionality.
Please upgrade to Gymnasium, the maintained drop-in replacement of Gym, or contact the authors of your software and request that they upgrade.
Users of this version of Gym should be able to simply replace 'import gym' with 'import gymnasium as gym' in the vast majority of cases.
See the migration guide at https://gymnasium.farama.org/introduction/migration_guide/ for additional information.
Seed 8 | Episode 0 | Reward -300.00 | Epsilon 0.9987
Seed 8 | Episode 1 | Reward -300.00 | Epsilon 0.9897
Seed 8 | Episode 2 | Reward -300.00 | Epsilon 0.9808
Seed 8 | Episode 3 | Reward -300.00 | Epsilon 0.9720
Seed 8 | Episode 4 | Reward -300.00 | Epsilon 0.9633
Seed 8 | Episode 5 | Reward -300.00 | Epsilon 0.9547
Seed 8 | Episode 6 | Reward -300.00 | Epsilon 0.9462
Seed 8 | Episode 7 | Reward -300.00 | Epsilon 0.9377
Seed 8 | Episode 8 | Reward -300.00 | Epsilon 0.9293
Seed 8 | Episode 9 | Reward -300.00 | Epsilon 0.9209
Seed 8 | Episode 10 | Reward -300.00 | Epsilon 0.9127
Seed 8 | Episode 11 | Reward -300.00 | Epsilon 0.9045
Seed 8 | Episode 12 | Reward -300.00 | Epsilon 0.8964
Seed 8 | Episode 13 | Reward -300.00 | Epsilon 0.8884
Seed 8 | Episode 14 | Reward -300.00 | Epsilon 0.8804
Seed 8 | Episode 15 | Reward -300.00 | Epsilon 0.8725
Seed 8 | Episode 16 | Reward -300.00 | Epsilon 0.8647
Seed 8 | Episode 17 | Reward -300.00 | Epsilon 0.8570
Seed 8 | Episode 18 | Reward -300.00 | Epsilon 0.8493
Seed 8 | Episode 19 | Reward -300.00 | Epsilon 0.8417
Seed 8 | Episode 20 | Reward -300.00 | Epsilon 0.8341
Seed 8 | Episode 21 | Reward -300.00 | Epsilon 0.8267
Seed 8 | Episode 22 | Reward -300.00 | Epsilon 0.8193
Seed 8 | Episode 23 | Reward -300.00 | Epsilon 0.8119
Seed 8 | Episode 24 | Reward -300.00 | Epsilon 0.8046
Seed 8 | Episode 25 | Reward -300.00 | Epsilon 0.7974
Seed 8 | Episode 26 | Reward -300.00 | Epsilon 0.7903
Seed 8 | Episode 27 | Reward 44.00 | Epsilon 0.7889
Seed 8 | Episode 28 | Reward -300.00 | Epsilon 0.7819
Seed 8 | Episode 29 | Reward -300.00 | Epsilon 0.7749
Seed 8 | Episode 30 | Reward -300.00 | Epsilon 0.7679
Seed 8 | Episode 31 | Reward -300.00 | Epsilon 0.7610
Seed 8 | Episode 32 | Reward -300.00 | Epsilon 0.7542
Seed 8 | Episode 33 | Reward -300.00 | Epsilon 0.7475
Seed 8 | Episode 34 | Reward -300.00 | Epsilon 0.7408
Seed 8 | Episode 35 | Reward -300.00 | Epsilon 0.7341
Seed 8 | Episode 36 | Reward -300.00 | Epsilon 0.7276
Seed 8 | Episode 37 | Reward -300.00 | Epsilon 0.7210
Seed 8 | Episode 38 | Reward -300.00 | Epsilon 0.7146
Seed 8 | Episode 39 | Reward -300.00 | Epsilon 0.7082
Seed 8 | Episode 40 | Reward -300.00 | Epsilon 0.7018
Seed 8 | Episode 41 | Reward -300.00 | Epsilon 0.6955
Seed 8 | Episode 42 | Reward -300.00 | Epsilon 0.6893
Seed 8 | Episode 43 | Reward -300.00 | Epsilon 0.6831
Seed 8 | Episode 44 | Reward -300.00 | Epsilon 0.6770
Seed 8 | Episode 45 | Reward -300.00 | Epsilon 0.6709
Seed 8 | Episode 46 | Reward -300.00 | Epsilon 0.6649
Seed 8 | Episode 47 | Reward -300.00 | Epsilon 0.6590
Seed 8 | Episode 48 | Reward -300.00 | Epsilon 0.6531
Seed 8 | Episode 49 | Reward -300.00 | Epsilon 0.6472
Seed 8 | Episode 50 | Reward -300.00 | Epsilon 0.6414
Seed 8 | Episode 51 | Reward -300.00 | Epsilon 0.6357
Seed 8 | Episode 52 | Reward -300.00 | Epsilon 0.6300
Seed 8 | Episode 53 | Reward -300.00 | Epsilon 0.6243
Seed 8 | Episode 54 | Reward -300.00 | Epsilon 0.6187
Seed 8 | Episode 55 | Reward -300.00 | Epsilon 0.6132
Seed 8 | Episode 56 | Reward -300.00 | Epsilon 0.6077
Seed 8 | Episode 57 | Reward -300.00 | Epsilon 0.6023
Seed 8 | Episode 58 | Reward -300.00 | Epsilon 0.5969
Seed 8 | Episode 59 | Reward -300.00 | Epsilon 0.5915
Seed 8 | Episode 60 | Reward -300.00 | Epsilon 0.5862
Seed 8 | Episode 61 | Reward -300.00 | Epsilon 0.5810
Seed 8 | Episode 62 | Reward -300.00 | Epsilon 0.5758
Seed 8 | Episode 63 | Reward -300.00 | Epsilon 0.5706
Seed 8 | Episode 64 | Reward -300.00 | Epsilon 0.5655
Seed 8 | Episode 65 | Reward -300.00 | Epsilon 0.5604
Seed 8 | Episode 66 | Reward -300.00 | Epsilon 0.5554
Seed 8 | Episode 67 | Reward -300.00 | Epsilon 0.5504
Seed 8 | Episode 68 | Reward -300.00 | Epsilon 0.5455
Seed 8 | Episode 69 | Reward -300.00 | Epsilon 0.5406
Seed 8 | Episode 70 | Reward -300.00 | Epsilon 0.5358
Seed 8 | Episode 71 | Reward -300.00 | Epsilon 0.5310
Seed 8 | Episode 72 | Reward -300.00 | Epsilon 0.5262
Seed 8 | Episode 73 | Reward -300.00 | Epsilon 0.5215
Seed 8 | Episode 74 | Reward -300.00 | Epsilon 0.5168
Seed 8 | Episode 75 | Reward -300.00 | Epsilon 0.5122
Seed 8 | Episode 76 | Reward -300.00 | Epsilon 0.5076
Seed 8 | Episode 77 | Reward -300.00 | Epsilon 0.5030
Seed 8 | Episode 78 | Reward -300.00 | Epsilon 0.4985
Seed 8 | Episode 79 | Reward -300.00 | Epsilon 0.4941
Seed 8 | Episode 80 | Reward -300.00 | Epsilon 0.4896
Seed 8 | Episode 81 | Reward -300.00 | Epsilon 0.4853
Seed 8 | Episode 82 | Reward -300.00 | Epsilon 0.4809
Seed 8 | Episode 83 | Reward -300.00 | Epsilon 0.4766
Seed 8 | Episode 84 | Reward -300.00 | Epsilon 0.4723
Seed 8 | Episode 85 | Reward -300.00 | Epsilon 0.4681
Seed 8 | Episode 86 | Reward -300.00 | Epsilon 0.4639
Seed 8 | Episode 87 | Reward -300.00 | Epsilon 0.4598
Seed 8 | Episode 88 | Reward -300.00 | Epsilon 0.4556
Seed 8 | Episode 89 | Reward -300.00 | Epsilon 0.4515
Seed 8 | Episode 90 | Reward -300.00 | Epsilon 0.4475
Seed 8 | Episode 91 | Reward -300.00 | Epsilon 0.4435
Seed 8 | Episode 92 | Reward -300.00 | Epsilon 0.4395
Seed 8 | Episode 93 | Reward -300.00 | Epsilon 0.4356
Seed 8 | Episode 94 | Reward -300.00 | Epsilon 0.4317
Seed 8 | Episode 95 | Reward -300.00 | Epsilon 0.4278
Seed 8 | Episode 96 | Reward -300.00 | Epsilon 0.4240
Seed 8 | Episode 97 | Reward -300.00 | Epsilon 0.4202
Seed 8 | Episode 98 | Reward -300.00 | Epsilon 0.4164
Seed 8 | Episode 99 | Reward -300.00 | Epsilon 0.4127
Seed 8 | Episode 100 | Reward -300.00 | Epsilon 0.4090
Seed 8 | Episode 101 | Reward -300.00 | Epsilon 0.4053
Seed 8 | Episode 102 | Reward -300.00 | Epsilon 0.4017
Seed 8 | Episode 103 | Reward -300.00 | Epsilon 0.3981
Seed 8 | Episode 104 | Reward -300.00 | Epsilon 0.3945
Seed 8 | Episode 105 | Reward -300.00 | Epsilon 0.3910
Seed 8 | Episode 106 | Reward -300.00 | Epsilon 0.3875
Seed 8 | Episode 107 | Reward -300.00 | Epsilon 0.3840
Seed 8 | Episode 108 | Reward -300.00 | Epsilon 0.3806
Seed 8 | Episode 109 | Reward -300.00 | Epsilon 0.3772
Seed 8 | Episode 110 | Reward -300.00 | Epsilon 0.3738
Seed 8 | Episode 111 | Reward -300.00 | Epsilon 0.3704
Seed 8 | Episode 112 | Reward -300.00 | Epsilon 0.3671
Seed 8 | Episode 113 | Reward -300.00 | Epsilon 0.3638
Seed 8 | Episode 114 | Reward -300.00 | Epsilon 0.3606
Seed 8 | Episode 115 | Reward -300.00 | Epsilon 0.3573
Seed 8 | Episode 116 | Reward -300.00 | Epsilon 0.3541
Seed 8 | Episode 117 | Reward -300.00 | Epsilon 0.3510
Seed 8 | Episode 118 | Reward -300.00 | Epsilon 0.3478
Seed 8 | Episode 119 | Reward -300.00 | Epsilon 0.3447
Seed 8 | Episode 120 | Reward -300.00 | Epsilon 0.3416
Seed 8 | Episode 121 | Reward -300.00 | Epsilon 0.3386
Seed 8 | Episode 122 | Reward -300.00 | Epsilon 0.3355
Seed 8 | Episode 123 | Reward -300.00 | Epsilon 0.3325
Seed 8 | Episode 124 | Reward -300.00 | Epsilon 0.3295
Seed 8 | Episode 125 | Reward -300.00 | Epsilon 0.3266
Seed 8 | Episode 126 | Reward -300.00 | Epsilon 0.3237
Seed 8 | Episode 127 | Reward -300.00 | Epsilon 0.3208
Seed 8 | Episode 128 | Reward -300.00 | Epsilon 0.3179
Seed 8 | Episode 129 | Reward -300.00 | Epsilon 0.3150
Seed 8 | Episode 130 | Reward -300.00 | Epsilon 0.3122
Seed 8 | Episode 131 | Reward -300.00 | Epsilon 0.3094
Seed 8 | Episode 132 | Reward -300.00 | Epsilon 0.3066
Seed 8 | Episode 133 | Reward -300.00 | Epsilon 0.3039
Seed 8 | Episode 134 | Reward -300.00 | Epsilon 0.3012
Seed 8 | Episode 135 | Reward -300.00 | Epsilon 0.2985
Seed 8 | Episode 136 | Reward -300.00 | Epsilon 0.2958
Seed 8 | Episode 137 | Reward -300.00 | Epsilon 0.2931
Seed 8 | Episode 138 | Reward -300.00 | Epsilon 0.2905
Seed 8 | Episode 139 | Reward -300.00 | Epsilon 0.2879
Seed 8 | Episode 140 | Reward -300.00 | Epsilon 0.2853
Seed 8 | Episode 141 | Reward -300.00 | Epsilon 0.2828
Seed 8 | Episode 142 | Reward -300.00 | Epsilon 0.2802
Seed 8 | Episode 143 | Reward -300.00 | Epsilon 0.2777
Seed 8 | Episode 144 | Reward -300.00 | Epsilon 0.2752
Seed 8 | Episode 145 | Reward -300.00 | Epsilon 0.2728
Seed 8 | Episode 146 | Reward -300.00 | Epsilon 0.2703
Seed 8 | Episode 147 | Reward -300.00 | Epsilon 0.2679
Seed 8 | Episode 148 | Reward -300.00 | Epsilon 0.2655
Seed 8 | Episode 149 | Reward -300.00 | Epsilon 0.2631
Seed 8 | Episode 150 | Reward -300.00 | Epsilon 0.2608
Seed 8 | Episode 151 | Reward -300.00 | Epsilon 0.2584
Seed 8 | Episode 152 | Reward -300.00 | Epsilon 0.2561
Seed 8 | Episode 153 | Reward -300.00 | Epsilon 0.2538
Seed 8 | Episode 154 | Reward -300.00 | Epsilon 0.2516
Seed 8 | Episode 155 | Reward -300.00 | Epsilon 0.2493
Seed 8 | Episode 156 | Reward -300.00 | Epsilon 0.2471
Seed 8 | Episode 157 | Reward -300.00 | Epsilon 0.2449
Seed 8 | Episode 158 | Reward -300.00 | Epsilon 0.2427
Seed 8 | Episode 159 | Reward -300.00 | Epsilon 0.2405
Seed 8 | Episode 160 | Reward -300.00 | Epsilon 0.2383
Seed 8 | Episode 161 | Reward -300.00 | Epsilon 0.2362
Seed 8 | Episode 162 | Reward -300.00 | Epsilon 0.2341
Seed 8 | Episode 163 | Reward -300.00 | Epsilon 0.2320
Seed 8 | Episode 164 | Reward -300.00 | Epsilon 0.2299
Seed 8 | Episode 165 | Reward -300.00 | Epsilon 0.2278
Seed 8 | Episode 166 | Reward -300.00 | Epsilon 0.2258
Seed 8 | Episode 167 | Reward -300.00 | Epsilon 0.2238
Seed 8 | Episode 168 | Reward -300.00 | Epsilon 0.2218
Seed 8 | Episode 169 | Reward -300.00 | Epsilon 0.2198
Seed 8 | Episode 170 | Reward -300.00 | Epsilon 0.2178
Seed 8 | Episode 171 | Reward -300.00 | Epsilon 0.2159
Seed 8 | Episode 172 | Reward -300.00 | Epsilon 0.2139
Seed 8 | Episode 173 | Reward -300.00 | Epsilon 0.2120
Seed 8 | Episode 174 | Reward -300.00 | Epsilon 0.2101
Seed 8 | Episode 175 | Reward -300.00 | Epsilon 0.2082
Seed 8 | Episode 176 | Reward -300.00 | Epsilon 0.2064
Seed 8 | Episode 177 | Reward -300.00 | Epsilon 0.2045
Seed 8 | Episode 178 | Reward -300.00 | Epsilon 0.2027
Seed 8 | Episode 179 | Reward -300.00 | Epsilon 0.2009
Seed 8 | Episode 180 | Reward -300.00 | Epsilon 0.1991
Seed 8 | Episode 181 | Reward -300.00 | Epsilon 0.1973
Seed 8 | Episode 182 | Reward -300.00 | Epsilon 0.1955
Seed 8 | Episode 183 | Reward -300.00 | Epsilon 0.1938
Seed 8 | Episode 184 | Reward -300.00 | Epsilon 0.1920
Seed 8 | Episode 185 | Reward -300.00 | Epsilon 0.1903
Seed 8 | Episode 186 | Reward -300.00 | Epsilon 0.1886
Seed 8 | Episode 187 | Reward -300.00 | Epsilon 0.1869
Seed 8 | Episode 188 | Reward -300.00 | Epsilon 0.1852
Seed 8 | Episode 189 | Reward -300.00 | Epsilon 0.1836
Seed 8 | Episode 190 | Reward -300.00 | Epsilon 0.1819
Seed 8 | Episode 191 | Reward -300.00 | Epsilon 0.1803
Seed 8 | Episode 192 | Reward -300.00 | Epsilon 0.1787
Seed 8 | Episode 193 | Reward -300.00 | Epsilon 0.1771
Seed 8 | Episode 194 | Reward -300.00 | Epsilon 0.1755
Seed 8 | Episode 195 | Reward -300.00 | Epsilon 0.1739
Seed 8 | Episode 196 | Reward -300.00 | Epsilon 0.1724
Seed 8 | Episode 197 | Reward -300.00 | Epsilon 0.1708
Seed 8 | Episode 198 | Reward -300.00 | Epsilon 0.1693
Seed 8 | Episode 199 | Reward -300.00 | Epsilon 0.1678
Seed 8 | Episode 200 | Reward -300.00 | Epsilon 0.1663
Seed 8 | Episode 201 | Reward -300.00 | Epsilon 0.1648
Seed 8 | Episode 202 | Reward -300.00 | Epsilon 0.1633
Seed 8 | Episode 203 | Reward -300.00 | Epsilon 0.1618
Seed 8 | Episode 204 | Reward -300.00 | Epsilon 0.1604
Seed 8 | Episode 205 | Reward -300.00 | Epsilon 0.1590
Seed 8 | Episode 206 | Reward -300.00 | Epsilon 0.1575
Seed 8 | Episode 207 | Reward -300.00 | Epsilon 0.1561
Seed 8 | Episode 208 | Reward -300.00 | Epsilon 0.1547
Seed 8 | Episode 209 | Reward -300.00 | Epsilon 0.1533
Seed 8 | Episode 210 | Reward -300.00 | Epsilon 0.1520
Seed 8 | Episode 211 | Reward -300.00 | Epsilon 0.1506
Seed 8 | Episode 212 | Reward -300.00 | Epsilon 0.1493
Seed 8 | Episode 213 | Reward -300.00 | Epsilon 0.1479
Seed 8 | Episode 214 | Reward -300.00 | Epsilon 0.1466
Seed 8 | Episode 215 | Reward -300.00 | Epsilon 0.1453
Seed 8 | Episode 216 | Reward -300.00 | Epsilon 0.1440
Seed 8 | Episode 217 | Reward -300.00 | Epsilon 0.1427
Seed 8 | Episode 218 | Reward -300.00 | Epsilon 0.1414
Seed 8 | Episode 219 | Reward -300.00 | Epsilon 0.1401
Seed 8 | Episode 220 | Reward -300.00 | Epsilon 0.1389
Seed 8 | Episode 221 | Reward -300.00 | Epsilon 0.1376
Seed 8 | Episode 222 | Reward -300.00 | Epsilon 0.1364
Seed 8 | Episode 223 | Reward -300.00 | Epsilon 0.1352
Seed 8 | Episode 224 | Reward -300.00 | Epsilon 0.1340
Seed 8 | Episode 225 | Reward -300.00 | Epsilon 0.1328
Seed 8 | Episode 226 | Reward -300.00 | Epsilon 0.1316
Seed 8 | Episode 227 | Reward -300.00 | Epsilon 0.1304
Seed 8 | Episode 228 | Reward -300.00 | Epsilon 0.1292
Seed 8 | Episode 229 | Reward -300.00 | Epsilon 0.1281
Seed 8 | Episode 230 | Reward -300.00 | Epsilon 0.1269
Seed 8 | Episode 231 | Reward -300.00 | Epsilon 0.1258
Seed 8 | Episode 232 | Reward -300.00 | Epsilon 0.1247
Seed 8 | Episode 233 | Reward -300.00 | Epsilon 0.1236
Seed 8 | Episode 234 | Reward -300.00 | Epsilon 0.1224
Seed 8 | Episode 235 | Reward -300.00 | Epsilon 0.1213
Seed 8 | Episode 236 | Reward -300.00 | Epsilon 0.1203
Seed 8 | Episode 237 | Reward -300.00 | Epsilon 0.1192
Seed 8 | Episode 238 | Reward -300.00 | Epsilon 0.1181
Seed 8 | Episode 239 | Reward -300.00 | Epsilon 0.1171
Seed 8 | Episode 240 | Reward -300.00 | Epsilon 0.1160
Seed 8 | Episode 241 | Reward -300.00 | Epsilon 0.1150
Seed 8 | Episode 242 | Reward -300.00 | Epsilon 0.1139
Seed 8 | Episode 243 | Reward -300.00 | Epsilon 0.1129
Seed 8 | Episode 244 | Reward -300.00 | Epsilon 0.1119
Seed 8 | Episode 245 | Reward -300.00 | Epsilon 0.1109
Seed 8 | Episode 246 | Reward -300.00 | Epsilon 0.1099
Seed 8 | Episode 247 | Reward -300.00 | Epsilon 0.1089
Seed 8 | Episode 248 | Reward -300.00 | Epsilon 0.1079
Seed 8 | Episode 249 | Reward -109.00 | Epsilon 0.1073
Seed 8 | Episode 250 | Reward -300.00 | Epsilon 0.1063
Seed 8 | Episode 251 | Reward -300.00 | Epsilon 0.1054
Seed 8 | Episode 252 | Reward -300.00 | Epsilon 0.1044
Seed 8 | Episode 253 | Reward -300.00 | Epsilon 0.1035
Seed 8 | Episode 254 | Reward -300.00 | Epsilon 0.1026
Seed 8 | Episode 255 | Reward -300.00 | Epsilon 0.1016
Seed 8 | Episode 256 | Reward -300.00 | Epsilon 0.1007
Seed 8 | Episode 257 | Reward -300.00 | Epsilon 0.0998
Seed 8 | Episode 258 | Reward -300.00 | Epsilon 0.0989
Seed 8 | Episode 259 | Reward -300.00 | Epsilon 0.0980
Seed 8 | Episode 260 | Reward -300.00 | Epsilon 0.0972
Seed 8 | Episode 261 | Reward -300.00 | Epsilon 0.0963
Seed 8 | Episode 262 | Reward -300.00 | Epsilon 0.0954
Seed 8 | Episode 263 | Reward -300.00 | Epsilon 0.0946
Seed 8 | Episode 264 | Reward -300.00 | Epsilon 0.0937
Seed 8 | Episode 265 | Reward -300.00 | Epsilon 0.0929
Seed 8 | Episode 266 | Reward -300.00 | Epsilon 0.0921
Seed 8 | Episode 267 | Reward -300.00 | Epsilon 0.0912
Seed 8 | Episode 268 | Reward -300.00 | Epsilon 0.0904
Seed 8 | Episode 269 | Reward -300.00 | Epsilon 0.0896
Seed 8 | Episode 270 | Reward -300.00 | Epsilon 0.0888
Seed 8 | Episode 271 | Reward -300.00 | Epsilon 0.0880
Seed 8 | Episode 272 | Reward -300.00 | Epsilon 0.0872
Seed 8 | Episode 273 | Reward -300.00 | Epsilon 0.0864
Seed 8 | Episode 274 | Reward -300.00 | Epsilon 0.0857
Seed 8 | Episode 275 | Reward -300.00 | Epsilon 0.0849
Seed 8 | Episode 276 | Reward -300.00 | Epsilon 0.0841
Seed 8 | Episode 277 | Reward -300.00 | Epsilon 0.0834
Seed 8 | Episode 278 | Reward -300.00 | Epsilon 0.0826
Seed 8 | Episode 279 | Reward -300.00 | Epsilon 0.0819
Seed 8 | Episode 280 | Reward -300.00 | Epsilon 0.0812
Seed 8 | Episode 281 | Reward -300.00 | Epsilon 0.0804
Seed 8 | Episode 282 | Reward -300.00 | Epsilon 0.0797
Seed 8 | Episode 283 | Reward -300.00 | Epsilon 0.0790
Seed 8 | Episode 284 | Reward -300.00 | Epsilon 0.0783
Seed 8 | Episode 285 | Reward -300.00 | Epsilon 0.0776
Seed 8 | Episode 286 | Reward -300.00 | Epsilon 0.0769
Seed 8 | Episode 287 | Reward -300.00 | Epsilon 0.0762
Seed 8 | Episode 288 | Reward -300.00 | Epsilon 0.0755
Seed 8 | Episode 289 | Reward -300.00 | Epsilon 0.0748
Seed 8 | Episode 290 | Reward -300.00 | Epsilon 0.0742
Seed 8 | Episode 291 | Reward -300.00 | Epsilon 0.0735
Seed 8 | Episode 292 | Reward -300.00 | Epsilon 0.0728
Seed 8 | Episode 293 | Reward -300.00 | Epsilon 0.0722
Seed 8 | Episode 294 | Reward -300.00 | Epsilon 0.0715
Seed 8 | Episode 295 | Reward -300.00 | Epsilon 0.0709
Seed 8 | Episode 296 | Reward -300.00 | Epsilon 0.0703
Seed 8 | Episode 297 | Reward -300.00 | Epsilon 0.0696
Seed 8 | Episode 298 | Reward -300.00 | Epsilon 0.0690
Seed 8 | Episode 299 | Reward -300.00 | Epsilon 0.0684
Seed 8 | Episode 300 | Reward -300.00 | Epsilon 0.0678
Seed 8 | Episode 301 | Reward -300.00 | Epsilon 0.0672
Seed 8 | Episode 302 | Reward -300.00 | Epsilon 0.0666
Seed 8 | Episode 303 | Reward -300.00 | Epsilon 0.0660
Seed 8 | Episode 304 | Reward -300.00 | Epsilon 0.0654
Seed 8 | Episode 305 | Reward -21.00 | Epsilon 0.0652
Seed 8 | Episode 306 | Reward -300.00 | Epsilon 0.0646
Seed 8 | Episode 307 | Reward -300.00 | Epsilon 0.0640
Seed 8 | Episode 308 | Reward -300.00 | Epsilon 0.0634
Seed 8 | Episode 309 | Reward -300.00 | Epsilon 0.0628
Seed 8 | Episode 310 | Reward -300.00 | Epsilon 0.0623
Seed 8 | Episode 311 | Reward -300.00 | Epsilon 0.0617
Seed 8 | Episode 312 | Reward -300.00 | Epsilon 0.0612
Seed 8 | Episode 313 | Reward -300.00 | Epsilon 0.0606
Seed 8 | Episode 314 | Reward -300.00 | Epsilon 0.0601
Seed 8 | Episode 315 | Reward -300.00 | Epsilon 0.0595
Seed 8 | Episode 316 | Reward -300.00 | Epsilon 0.0590
Seed 8 | Episode 317 | Reward -300.00 | Epsilon 0.0585
Seed 8 | Episode 318 | Reward -300.00 | Epsilon 0.0580
Seed 8 | Episode 319 | Reward -300.00 | Epsilon 0.0574
Seed 8 | Episode 320 | Reward -300.00 | Epsilon 0.0569
Seed 8 | Episode 321 | Reward -300.00 | Epsilon 0.0564
Seed 8 | Episode 322 | Reward -300.00 | Epsilon 0.0559
Seed 8 | Episode 323 | Reward -300.00 | Epsilon 0.0554
Seed 8 | Episode 324 | Reward -300.00 | Epsilon 0.0549
Seed 8 | Episode 325 | Reward -300.00 | Epsilon 0.0544
Seed 8 | Episode 326 | Reward -300.00 | Epsilon 0.0539
Seed 8 | Episode 327 | Reward -300.00 | Epsilon 0.0534
Seed 8 | Episode 328 | Reward -300.00 | Epsilon 0.0530
Seed 8 | Episode 329 | Reward -300.00 | Epsilon 0.0525
Seed 8 | Episode 330 | Reward -300.00 | Epsilon 0.0520
Seed 8 | Episode 331 | Reward -300.00 | Epsilon 0.0516
Seed 8 | Episode 332 | Reward -300.00 | Epsilon 0.0511
Seed 8 | Episode 333 | Reward -300.00 | Epsilon 0.0506
Seed 8 | Episode 334 | Reward -300.00 | Epsilon 0.0502
Seed 8 | Episode 335 | Reward -300.00 | Epsilon 0.0497
Seed 8 | Episode 336 | Reward -300.00 | Epsilon 0.0493
Seed 8 | Episode 337 | Reward -300.00 | Epsilon 0.0488
Seed 8 | Episode 338 | Reward -300.00 | Epsilon 0.0484
Seed 8 | Episode 339 | Reward -300.00 | Epsilon 0.0480
Seed 8 | Episode 340 | Reward -300.00 | Epsilon 0.0475
Seed 8 | Episode 341 | Reward -300.00 | Epsilon 0.0471
Seed 8 | Episode 342 | Reward -300.00 | Epsilon 0.0467
Seed 8 | Episode 343 | Reward -300.00 | Epsilon 0.0463
Seed 8 | Episode 344 | Reward -300.00 | Epsilon 0.0459
Seed 8 | Episode 345 | Reward -300.00 | Epsilon 0.0455
Seed 8 | Episode 346 | Reward -300.00 | Epsilon 0.0450
Seed 8 | Episode 347 | Reward -300.00 | Epsilon 0.0446
Seed 8 | Episode 348 | Reward -300.00 | Epsilon 0.0442
Seed 8 | Episode 349 | Reward -300.00 | Epsilon 0.0438
Seed 8 | Episode 350 | Reward -300.00 | Epsilon 0.0435
Seed 8 | Episode 351 | Reward -300.00 | Epsilon 0.0431
Seed 8 | Episode 352 | Reward -300.00 | Epsilon 0.0427
Seed 8 | Episode 353 | Reward -300.00 | Epsilon 0.0423
Seed 8 | Episode 354 | Reward -300.00 | Epsilon 0.0419
Seed 8 | Episode 355 | Reward -300.00 | Epsilon 0.0415
Seed 8 | Episode 356 | Reward -300.00 | Epsilon 0.0412
Seed 8 | Episode 357 | Reward -300.00 | Epsilon 0.0408
Seed 8 | Episode 358 | Reward -300.00 | Epsilon 0.0404
Seed 8 | Episode 359 | Reward -300.00 | Epsilon 0.0401
Seed 8 | Episode 360 | Reward -300.00 | Epsilon 0.0397
Seed 8 | Episode 361 | Reward -300.00 | Epsilon 0.0394
Seed 8 | Episode 362 | Reward -300.00 | Epsilon 0.0390
Seed 8 | Episode 363 | Reward -300.00 | Epsilon 0.0387
Seed 8 | Episode 364 | Reward -300.00 | Epsilon 0.0383
Seed 8 | Episode 365 | Reward -300.00 | Epsilon 0.0380
Seed 8 | Episode 366 | Reward -300.00 | Epsilon 0.0376
Seed 8 | Episode 367 | Reward -300.00 | Epsilon 0.0373
Seed 8 | Episode 368 | Reward -300.00 | Epsilon 0.0370
Seed 8 | Episode 369 | Reward -300.00 | Epsilon 0.0366
Seed 8 | Episode 370 | Reward -300.00 | Epsilon 0.0363
Seed 8 | Episode 371 | Reward -300.00 | Epsilon 0.0360
Seed 8 | Episode 372 | Reward -300.00 | Epsilon 0.0356
Seed 8 | Episode 373 | Reward -300.00 | Epsilon 0.0353
Seed 8 | Episode 374 | Reward -300.00 | Epsilon 0.0350
Seed 8 | Episode 375 | Reward -300.00 | Epsilon 0.0347
Seed 8 | Episode 376 | Reward -300.00 | Epsilon 0.0344
Seed 8 | Episode 377 | Reward -300.00 | Epsilon 0.0341
Seed 8 | Episode 378 | Reward -300.00 | Epsilon 0.0338
Seed 8 | Episode 379 | Reward -300.00 | Epsilon 0.0335
Seed 8 | Episode 380 | Reward -300.00 | Epsilon 0.0332
Seed 8 | Episode 381 | Reward -300.00 | Epsilon 0.0329
Seed 8 | Episode 382 | Reward -300.00 | Epsilon 0.0326
Seed 8 | Episode 383 | Reward -300.00 | Epsilon 0.0323
Seed 8 | Episode 384 | Reward -300.00 | Epsilon 0.0320
Seed 8 | Episode 385 | Reward -300.00 | Epsilon 0.0317
Seed 8 | Episode 386 | Reward -300.00 | Epsilon 0.0314
Seed 8 | Episode 387 | Reward -300.00 | Epsilon 0.0311
Seed 8 | Episode 388 | Reward -300.00 | Epsilon 0.0309
Seed 8 | Episode 389 | Reward -300.00 | Epsilon 0.0306
Seed 8 | Episode 390 | Reward -300.00 | Epsilon 0.0303
Seed 8 | Episode 391 | Reward -300.00 | Epsilon 0.0300
Seed 8 | Episode 392 | Reward -300.00 | Epsilon 0.0298
Seed 8 | Episode 393 | Reward -300.00 | Epsilon 0.0295
Seed 8 | Episode 394 | Reward -300.00 | Epsilon 0.0292
Seed 8 | Episode 395 | Reward -300.00 | Epsilon 0.0290
Seed 8 | Episode 396 | Reward -300.00 | Epsilon 0.0287
Seed 8 | Episode 397 | Reward -300.00 | Epsilon 0.0285
Seed 8 | Episode 398 | Reward -300.00 | Epsilon 0.0282
Seed 8 | Episode 399 | Reward -300.00 | Epsilon 0.0280
Seed 8 | Episode 400 | Reward -300.00 | Epsilon 0.0277
Seed 8 | Episode 401 | Reward -300.00 | Epsilon 0.0275
Seed 8 | Episode 402 | Reward -300.00 | Epsilon 0.0272
Seed 8 | Episode 403 | Reward -300.00 | Epsilon 0.0270
Seed 8 | Episode 404 | Reward -300.00 | Epsilon 0.0267
Seed 8 | Episode 405 | Reward -300.00 | Epsilon 0.0265
Seed 8 | Episode 406 | Reward -300.00 | Epsilon 0.0263
Seed 8 | Episode 407 | Reward -300.00 | Epsilon 0.0260
Seed 8 | Episode 408 | Reward -300.00 | Epsilon 0.0258
Seed 8 | Episode 409 | Reward -300.00 | Epsilon 0.0256
Seed 8 | Episode 410 | Reward -300.00 | Epsilon 0.0253
Seed 8 | Episode 411 | Reward -300.00 | Epsilon 0.0251
Seed 8 | Episode 412 | Reward -300.00 | Epsilon 0.0249
Seed 8 | Episode 413 | Reward -300.00 | Epsilon 0.0246
Seed 8 | Episode 414 | Reward -300.00 | Epsilon 0.0244
Seed 8 | Episode 415 | Reward -300.00 | Epsilon 0.0242
Seed 8 | Episode 416 | Reward -300.00 | Epsilon 0.0240
Seed 8 | Episode 417 | Reward -300.00 | Epsilon 0.0238
Seed 8 | Episode 418 | Reward -300.00 | Epsilon 0.0236
Seed 8 | Episode 419 | Reward -300.00 | Epsilon 0.0234
Seed 8 | Episode 420 | Reward -300.00 | Epsilon 0.0231
Seed 8 | Episode 421 | Reward -300.00 | Epsilon 0.0229
Seed 8 | Episode 422 | Reward -300.00 | Epsilon 0.0227
Seed 8 | Episode 423 | Reward -300.00 | Epsilon 0.0225
Seed 8 | Episode 424 | Reward -300.00 | Epsilon 0.0223
Seed 8 | Episode 425 | Reward -300.00 | Epsilon 0.0221
Seed 8 | Episode 426 | Reward -300.00 | Epsilon 0.0219
Seed 8 | Episode 427 | Reward -300.00 | Epsilon 0.0217
Seed 8 | Episode 428 | Reward -300.00 | Epsilon 0.0215
Seed 8 | Episode 429 | Reward -300.00 | Epsilon 0.0213
Seed 8 | Episode 430 | Reward -300.00 | Epsilon 0.0212
Seed 8 | Episode 431 | Reward -300.00 | Epsilon 0.0210
Seed 8 | Episode 432 | Reward -300.00 | Epsilon 0.0208
Seed 8 | Episode 433 | Reward -300.00 | Epsilon 0.0206
Seed 8 | Episode 434 | Reward -300.00 | Epsilon 0.0204
Seed 8 | Episode 435 | Reward -300.00 | Epsilon 0.0202
Seed 8 | Episode 436 | Reward -300.00 | Epsilon 0.0200
Seed 8 | Episode 437 | Reward -300.00 | Epsilon 0.0199
Seed 8 | Episode 438 | Reward -300.00 | Epsilon 0.0197
Seed 8 | Episode 439 | Reward -300.00 | Epsilon 0.0195
Seed 8 | Episode 440 | Reward -300.00 | Epsilon 0.0193
Seed 8 | Episode 441 | Reward -300.00 | Epsilon 0.0192
Seed 8 | Episode 442 | Reward -300.00 | Epsilon 0.0190
Seed 8 | Episode 443 | Reward -300.00 | Epsilon 0.0188
Seed 8 | Episode 444 | Reward -300.00 | Epsilon 0.0186
Seed 8 | Episode 445 | Reward -300.00 | Epsilon 0.0185
Seed 8 | Episode 446 | Reward -300.00 | Epsilon 0.0183
Seed 8 | Episode 447 | Reward -300.00 | Epsilon 0.0182
Seed 8 | Episode 448 | Reward -300.00 | Epsilon 0.0180
Seed 8 | Episode 449 | Reward -300.00 | Epsilon 0.0178
Seed 8 | Episode 450 | Reward -300.00 | Epsilon 0.0177
Seed 8 | Episode 451 | Reward -300.00 | Epsilon 0.0175
Seed 8 | Episode 452 | Reward -300.00 | Epsilon 0.0174
Seed 8 | Episode 453 | Reward -300.00 | Epsilon 0.0172
Seed 8 | Episode 454 | Reward -300.00 | Epsilon 0.0170
Seed 8 | Episode 455 | Reward -300.00 | Epsilon 0.0169
Seed 8 | Episode 456 | Reward -300.00 | Epsilon 0.0167
Seed 8 | Episode 457 | Reward -300.00 | Epsilon 0.0166
Seed 8 | Episode 458 | Reward -300.00 | Epsilon 0.0164
Seed 8 | Episode 459 | Reward -300.00 | Epsilon 0.0163
Seed 8 | Episode 460 | Reward -300.00 | Epsilon 0.0161
Seed 8 | Episode 461 | Reward -300.00 | Epsilon 0.0160
Seed 8 | Episode 462 | Reward -300.00 | Epsilon 0.0159
Seed 8 | Episode 463 | Reward -300.00 | Epsilon 0.0157
Seed 8 | Episode 464 | Reward -300.00 | Epsilon 0.0156
Seed 8 | Episode 465 | Reward -300.00 | Epsilon 0.0154
Seed 8 | Episode 466 | Reward -300.00 | Epsilon 0.0153
Seed 8 | Episode 467 | Reward -300.00 | Epsilon 0.0152
Seed 8 | Episode 468 | Reward -300.00 | Epsilon 0.0150
Seed 8 | Episode 469 | Reward -300.00 | Epsilon 0.0149
Seed 8 | Episode 470 | Reward -300.00 | Epsilon 0.0148
Seed 8 | Episode 471 | Reward -300.00 | Epsilon 0.0146
Seed 8 | Episode 472 | Reward -300.00 | Epsilon 0.0145
Seed 8 | Episode 473 | Reward -300.00 | Epsilon 0.0144
Seed 8 | Episode 474 | Reward -300.00 | Epsilon 0.0142
Seed 8 | Episode 475 | Reward -300.00 | Epsilon 0.0141
Seed 8 | Episode 476 | Reward -300.00 | Epsilon 0.0140
Seed 8 | Episode 477 | Reward -300.00 | Epsilon 0.0139
Seed 8 | Episode 478 | Reward -300.00 | Epsilon 0.0137
Seed 8 | Episode 479 | Reward -300.00 | Epsilon 0.0136
Seed 8 | Episode 480 | Reward -300.00 | Epsilon 0.0135
Seed 8 | Episode 481 | Reward -300.00 | Epsilon 0.0134
Seed 8 | Episode 482 | Reward -300.00 | Epsilon 0.0132
Seed 8 | Episode 483 | Reward -300.00 | Epsilon 0.0131
Seed 8 | Episode 484 | Reward -300.00 | Epsilon 0.0130
Seed 8 | Episode 485 | Reward -300.00 | Epsilon 0.0129
Seed 8 | Episode 486 | Reward -300.00 | Epsilon 0.0128
Seed 8 | Episode 487 | Reward -300.00 | Epsilon 0.0127
Seed 8 | Episode 488 | Reward -300.00 | Epsilon 0.0125
Seed 8 | Episode 489 | Reward -300.00 | Epsilon 0.0124
Seed 8 | Episode 490 | Reward -300.00 | Epsilon 0.0123
Seed 8 | Episode 491 | Reward -300.00 | Epsilon 0.0122
Seed 8 | Episode 492 | Reward -300.00 | Epsilon 0.0121
Seed 8 | Episode 493 | Reward -300.00 | Epsilon 0.0120
Seed 8 | Episode 494 | Reward -300.00 | Epsilon 0.0119
Seed 8 | Episode 495 | Reward -300.00 | Epsilon 0.0118
Seed 8 | Episode 496 | Reward -300.00 | Epsilon 0.0117
Seed 8 | Episode 497 | Reward -300.00 | Epsilon 0.0116
Seed 8 | Episode 498 | Reward -300.00 | Epsilon 0.0115
Seed 8 | Episode 499 | Reward -300.00 | Epsilon 0.0114
Seed 8 | Episode 500 | Reward -300.00 | Epsilon 0.0113
Seed 8 | Episode 501 | Reward -300.00 | Epsilon 0.0112
Seed 8 | Episode 502 | Reward -300.00 | Epsilon 0.0111
Seed 8 | Episode 503 | Reward -300.00 | Epsilon 0.0110
Seed 8 | Episode 504 | Reward -300.00 | Epsilon 0.0109
Seed 8 | Episode 505 | Reward -300.00 | Epsilon 0.0108
Seed 8 | Episode 506 | Reward -300.00 | Epsilon 0.0107
Seed 8 | Episode 507 | Reward -300.00 | Epsilon 0.0106
Seed 8 | Episode 508 | Reward -300.00 | Epsilon 0.0105
Seed 8 | Episode 509 | Reward -300.00 | Epsilon 0.0104
Seed 8 | Episode 510 | Reward -300.00 | Epsilon 0.0103
Seed 8 | Episode 511 | Reward -300.00 | Epsilon 0.0102
Seed 8 | Episode 512 | Reward -300.00 | Epsilon 0.0101
Seed 8 | Episode 513 | Reward -300.00 | Epsilon 0.0100
Seed 8 | Episode 514 | Reward -300.00 | Epsilon 0.0100
Seed 8 | Episode 515 | Reward -300.00 | Epsilon 0.0100
Seed 8 | Episode 516 | Reward -300.00 | Epsilon 0.0100
Seed 8 | Episode 517 | Reward -300.00 | Epsilon 0.0100
Seed 8 | Episode 518 | Reward -300.00 | Epsilon 0.0100
Seed 8 | Episode 519 | Reward -300.00 | Epsilon 0.0100
Seed 8 | Episode 520 | Reward -300.00 | Epsilon 0.0100
Seed 8 | Episode 521 | Reward -300.00 | Epsilon 0.0100
Seed 8 | Episode 522 | Reward -300.00 | Epsilon 0.0100
Seed 8 | Episode 523 | Reward -300.00 | Epsilon 0.0100
Seed 8 | Episode 524 | Reward -300.00 | Epsilon 0.0100
Seed 8 | Episode 525 | Reward -300.00 | Epsilon 0.0100
Seed 8 | Episode 526 | Reward -300.00 | Epsilon 0.0100
Seed 8 | Episode 527 | Reward -300.00 | Epsilon 0.0100
Seed 8 | Episode 528 | Reward -300.00 | Epsilon 0.0100
Seed 8 | Episode 529 | Reward -300.00 | Epsilon 0.0100
Seed 8 | Episode 530 | Reward -300.00 | Epsilon 0.0100
Seed 8 | Episode 531 | Reward -300.00 | Epsilon 0.0100
Seed 8 | Episode 532 | Reward -300.00 | Epsilon 0.0100
Seed 8 | Episode 533 | Reward -300.00 | Epsilon 0.0100
Seed 8 | Episode 534 | Reward -300.00 | Epsilon 0.0100
Seed 8 | Episode 535 | Reward -300.00 | Epsilon 0.0100
Seed 8 | Episode 536 | Reward -300.00 | Epsilon 0.0100
Seed 8 | Episode 537 | Reward -300.00 | Epsilon 0.0100
Seed 8 | Episode 538 | Reward -300.00 | Epsilon 0.0100
Seed 8 | Episode 539 | Reward -300.00 | Epsilon 0.0100
Seed 8 | Episode 540 | Reward -300.00 | Epsilon 0.0100
Seed 8 | Episode 541 | Reward -300.00 | Epsilon 0.0100
Seed 8 | Episode 542 | Reward -300.00 | Epsilon 0.0100
Seed 8 | Episode 543 | Reward -300.00 | Epsilon 0.0100
Seed 8 | Episode 544 | Reward -300.00 | Epsilon 0.0100
Seed 8 | Episode 545 | Reward -300.00 | Epsilon 0.0100
Seed 8 | Episode 546 | Reward -300.00 | Epsilon 0.0100
Seed 8 | Episode 547 | Reward -300.00 | Epsilon 0.0100
Seed 8 | Episode 548 | Reward -300.00 | Epsilon 0.0100
Seed 8 | Episode 549 | Reward -300.00 | Epsilon 0.0100
Seed 8 | Episode 550 | Reward -300.00 | Epsilon 0.0100
Seed 8 | Episode 551 | Reward -300.00 | Epsilon 0.0100
Seed 8 | Episode 552 | Reward -300.00 | Epsilon 0.0100
Seed 8 | Episode 553 | Reward -300.00 | Epsilon 0.0100
Seed 8 | Episode 554 | Reward -300.00 | Epsilon 0.0100
Seed 8 | Episode 555 | Reward -300.00 | Epsilon 0.0100
Seed 8 | Episode 556 | Reward -300.00 | Epsilon 0.0100
Seed 8 | Episode 557 | Reward -300.00 | Epsilon 0.0100
Seed 8 | Episode 558 | Reward -300.00 | Epsilon 0.0100
Seed 8 | Episode 559 | Reward -300.00 | Epsilon 0.0100
Seed 8 | Episode 560 | Reward -300.00 | Epsilon 0.0100
Seed 8 | Episode 561 | Reward -300.00 | Epsilon 0.0100
Seed 8 | Episode 562 | Reward -300.00 | Epsilon 0.0100
Seed 8 | Episode 563 | Reward -300.00 | Epsilon 0.0100
Seed 8 | Episode 564 | Reward -300.00 | Epsilon 0.0100
Seed 8 | Episode 565 | Reward -300.00 | Epsilon 0.0100
Seed 8 | Episode 566 | Reward -300.00 | Epsilon 0.0100
Seed 8 | Episode 567 | Reward -300.00 | Epsilon 0.0100
Seed 8 | Episode 568 | Reward -300.00 | Epsilon 0.0100
Seed 8 | Episode 569 | Reward -300.00 | Epsilon 0.0100
Seed 8 | Episode 570 | Reward -300.00 | Epsilon 0.0100
Seed 8 | Episode 571 | Reward -300.00 | Epsilon 0.0100
Seed 8 | Episode 572 | Reward -300.00 | Epsilon 0.0100
Seed 8 | Episode 573 | Reward -300.00 | Epsilon 0.0100
Seed 8 | Episode 574 | Reward -300.00 | Epsilon 0.0100
Seed 8 | Episode 575 | Reward -300.00 | Epsilon 0.0100
Seed 8 | Episode 576 | Reward -300.00 | Epsilon 0.0100
Seed 8 | Episode 577 | Reward -300.00 | Epsilon 0.0100
Seed 8 | Episode 578 | Reward -300.00 | Epsilon 0.0100
Seed 8 | Episode 579 | Reward -300.00 | Epsilon 0.0100
Seed 8 | Episode 580 | Reward -300.00 | Epsilon 0.0100
Seed 8 | Episode 581 | Reward -300.00 | Epsilon 0.0100
Seed 8 | Episode 582 | Reward -300.00 | Epsilon 0.0100
Seed 8 | Episode 583 | Reward -300.00 | Epsilon 0.0100
Seed 8 | Episode 584 | Reward -300.00 | Epsilon 0.0100
Seed 8 | Episode 585 | Reward -300.00 | Epsilon 0.0100
Seed 8 | Episode 586 | Reward -300.00 | Epsilon 0.0100
Seed 8 | Episode 587 | Reward -300.00 | Epsilon 0.0100
Seed 8 | Episode 588 | Reward -300.00 | Epsilon 0.0100
Seed 8 | Episode 589 | Reward -300.00 | Epsilon 0.0100
Seed 8 | Episode 590 | Reward -300.00 | Epsilon 0.0100
Seed 8 | Episode 591 | Reward -300.00 | Epsilon 0.0100
Seed 8 | Episode 592 | Reward -300.00 | Epsilon 0.0100
Seed 8 | Episode 593 | Reward -300.00 | Epsilon 0.0100
Seed 8 | Episode 594 | Reward -300.00 | Epsilon 0.0100
Seed 8 | Episode 595 | Reward -300.00 | Epsilon 0.0100
Seed 8 | Episode 596 | Reward -300.00 | Epsilon 0.0100
Seed 8 | Episode 597 | Reward -300.00 | Epsilon 0.0100
Seed 8 | Episode 598 | Reward -300.00 | Epsilon 0.0100
Seed 8 | Episode 599 | Reward -300.00 | Epsilon 0.0100
Seed 8 | Episode 600 | Reward -300.00 | Epsilon 0.0100
Seed 8 | Episode 601 | Reward -300.00 | Epsilon 0.0100
Seed 8 | Episode 602 | Reward -300.00 | Epsilon 0.0100
Seed 8 | Episode 603 | Reward -300.00 | Epsilon 0.0100
Seed 8 | Episode 604 | Reward -300.00 | Epsilon 0.0100
Seed 8 | Episode 605 | Reward -300.00 | Epsilon 0.0100
Seed 8 | Episode 606 | Reward -300.00 | Epsilon 0.0100
Seed 8 | Episode 607 | Reward -300.00 | Epsilon 0.0100
Seed 8 | Episode 608 | Reward -300.00 | Epsilon 0.0100
Seed 8 | Episode 609 | Reward -300.00 | Epsilon 0.0100
Seed 8 | Episode 610 | Reward -300.00 | Epsilon 0.0100
Seed 8 | Episode 611 | Reward -300.00 | Epsilon 0.0100
Seed 8 | Episode 612 | Reward -300.00 | Epsilon 0.0100
Seed 8 | Episode 613 | Reward -300.00 | Epsilon 0.0100
Seed 8 | Episode 614 | Reward -300.00 | Epsilon 0.0100
Seed 8 | Episode 615 | Reward -300.00 | Epsilon 0.0100
Seed 8 | Episode 616 | Reward -300.00 | Epsilon 0.0100
Seed 8 | Episode 617 | Reward -300.00 | Epsilon 0.0100
Seed 8 | Episode 618 | Reward -300.00 | Epsilon 0.0100
Seed 8 | Episode 619 | Reward -300.00 | Epsilon 0.0100
Seed 8 | Episode 620 | Reward -300.00 | Epsilon 0.0100
Seed 8 | Episode 621 | Reward -300.00 | Epsilon 0.0100
Seed 8 | Episode 622 | Reward -300.00 | Epsilon 0.0100
Seed 8 | Episode 623 | Reward -300.00 | Epsilon 0.0100
Seed 8 | Episode 624 | Reward -300.00 | Epsilon 0.0100
Seed 8 | Episode 625 | Reward -300.00 | Epsilon 0.0100
Seed 8 | Episode 626 | Reward -300.00 | Epsilon 0.0100
Seed 8 | Episode 627 | Reward -300.00 | Epsilon 0.0100
Seed 8 | Episode 628 | Reward -300.00 | Epsilon 0.0100
Seed 8 | Episode 629 | Reward -300.00 | Epsilon 0.0100
Seed 8 | Episode 630 | Reward -300.00 | Epsilon 0.0100
Seed 8 | Episode 631 | Reward -300.00 | Epsilon 0.0100
Seed 8 | Episode 632 | Reward -300.00 | Epsilon 0.0100
Seed 8 | Episode 633 | Reward -300.00 | Epsilon 0.0100
Seed 8 | Episode 634 | Reward -300.00 | Epsilon 0.0100
Seed 8 | Episode 635 | Reward -300.00 | Epsilon 0.0100
Seed 8 | Episode 636 | Reward -300.00 | Epsilon 0.0100
Seed 8 | Episode 637 | Reward -300.00 | Epsilon 0.0100
Seed 8 | Episode 638 | Reward -300.00 | Epsilon 0.0100
Seed 8 | Episode 639 | Reward -300.00 | Epsilon 0.0100
Seed 8 | Episode 640 | Reward -300.00 | Epsilon 0.0100
Seed 8 | Episode 641 | Reward -300.00 | Epsilon 0.0100
Seed 8 | Episode 642 | Reward -300.00 | Epsilon 0.0100
Seed 8 | Episode 643 | Reward -300.00 | Epsilon 0.0100
Seed 8 | Episode 644 | Reward -300.00 | Epsilon 0.0100
Seed 8 | Episode 645 | Reward -300.00 | Epsilon 0.0100
Seed 8 | Episode 646 | Reward -300.00 | Epsilon 0.0100
Seed 8 | Episode 647 | Reward -300.00 | Epsilon 0.0100
Seed 8 | Episode 648 | Reward -300.00 | Epsilon 0.0100
Seed 8 | Episode 649 | Reward -300.00 | Epsilon 0.0100
Seed 8 | Episode 650 | Reward -300.00 | Epsilon 0.0100
Seed 8 | Episode 651 | Reward -300.00 | Epsilon 0.0100
Seed 8 | Episode 652 | Reward -300.00 | Epsilon 0.0100
Seed 8 | Episode 653 | Reward -300.00 | Epsilon 0.0100
Seed 8 | Episode 654 | Reward -300.00 | Epsilon 0.0100
Seed 8 | Episode 655 | Reward -300.00 | Epsilon 0.0100
Seed 8 | Episode 656 | Reward -300.00 | Epsilon 0.0100
Seed 8 | Episode 657 | Reward -300.00 | Epsilon 0.0100
Seed 8 | Episode 658 | Reward -300.00 | Epsilon 0.0100
Seed 8 | Episode 659 | Reward -300.00 | Epsilon 0.0100
Seed 8 | Episode 660 | Reward -300.00 | Epsilon 0.0100
Seed 8 | Episode 661 | Reward -300.00 | Epsilon 0.0100
Seed 8 | Episode 662 | Reward -300.00 | Epsilon 0.0100
Seed 8 | Episode 663 | Reward -300.00 | Epsilon 0.0100
Seed 8 | Episode 664 | Reward -300.00 | Epsilon 0.0100
Seed 8 | Episode 665 | Reward -300.00 | Epsilon 0.0100
Seed 8 | Episode 666 | Reward -300.00 | Epsilon 0.0100
Seed 8 | Episode 667 | Reward -300.00 | Epsilon 0.0100
Seed 8 | Episode 668 | Reward -300.00 | Epsilon 0.0100
Seed 8 | Episode 669 | Reward -300.00 | Epsilon 0.0100
Seed 8 | Episode 670 | Reward -300.00 | Epsilon 0.0100
Seed 8 | Episode 671 | Reward -300.00 | Epsilon 0.0100
Seed 8 | Episode 672 | Reward -300.00 | Epsilon 0.0100
Seed 8 | Episode 673 | Reward -300.00 | Epsilon 0.0100
Seed 8 | Episode 674 | Reward -300.00 | Epsilon 0.0100
Seed 8 | Episode 675 | Reward -300.00 | Epsilon 0.0100
Seed 8 | Episode 676 | Reward -300.00 | Epsilon 0.0100
Seed 8 | Episode 677 | Reward -300.00 | Epsilon 0.0100
Seed 8 | Episode 678 | Reward -300.00 | Epsilon 0.0100
Seed 8 | Episode 679 | Reward -300.00 | Epsilon 0.0100
Seed 8 | Episode 680 | Reward -300.00 | Epsilon 0.0100
Seed 8 | Episode 681 | Reward -300.00 | Epsilon 0.0100
Seed 8 | Episode 682 | Reward -300.00 | Epsilon 0.0100
Seed 8 | Episode 683 | Reward -300.00 | Epsilon 0.0100
Seed 8 | Episode 684 | Reward -300.00 | Epsilon 0.0100
Seed 8 | Episode 685 | Reward -300.00 | Epsilon 0.0100
Seed 8 | Episode 686 | Reward -300.00 | Epsilon 0.0100
Seed 8 | Episode 687 | Reward -300.00 | Epsilon 0.0100
Seed 8 | Episode 688 | Reward -300.00 | Epsilon 0.0100
Seed 8 | Episode 689 | Reward -300.00 | Epsilon 0.0100
Seed 8 | Episode 690 | Reward -300.00 | Epsilon 0.0100
Seed 8 | Episode 691 | Reward -300.00 | Epsilon 0.0100
Seed 8 | Episode 692 | Reward -300.00 | Epsilon 0.0100
Seed 8 | Episode 693 | Reward -300.00 | Epsilon 0.0100
Seed 8 | Episode 694 | Reward -300.00 | Epsilon 0.0100
Seed 8 | Episode 695 | Reward -43.00 | Epsilon 0.0100
Seed 8 | Episode 696 | Reward -300.00 | Epsilon 0.0100
Seed 8 | Episode 697 | Reward -300.00 | Epsilon 0.0100
Seed 8 | Episode 698 | Reward -300.00 | Epsilon 0.0100
Seed 8 | Episode 699 | Reward -300.00 | Epsilon 0.0100
Seed 8 | Episode 700 | Reward -300.00 | Epsilon 0.0100
Seed 8 | Episode 701 | Reward -300.00 | Epsilon 0.0100
Seed 8 | Episode 702 | Reward -300.00 | Epsilon 0.0100
Seed 8 | Episode 703 | Reward -300.00 | Epsilon 0.0100
Seed 8 | Episode 704 | Reward -300.00 | Epsilon 0.0100
Seed 8 | Episode 705 | Reward -300.00 | Epsilon 0.0100
Seed 8 | Episode 706 | Reward -300.00 | Epsilon 0.0100
Seed 8 | Episode 707 | Reward -300.00 | Epsilon 0.0100
Seed 8 | Episode 708 | Reward -300.00 | Epsilon 0.0100
Seed 8 | Episode 709 | Reward -300.00 | Epsilon 0.0100
Seed 8 | Episode 710 | Reward -300.00 | Epsilon 0.0100
Seed 8 | Episode 711 | Reward -300.00 | Epsilon 0.0100
Seed 8 | Episode 712 | Reward -300.00 | Epsilon 0.0100
Seed 8 | Episode 713 | Reward -300.00 | Epsilon 0.0100
Seed 8 | Episode 714 | Reward -300.00 | Epsilon 0.0100
Seed 8 | Episode 715 | Reward -300.00 | Epsilon 0.0100
Seed 8 | Episode 716 | Reward -300.00 | Epsilon 0.0100
Seed 8 | Episode 717 | Reward -300.00 | Epsilon 0.0100
Seed 8 | Episode 718 | Reward -300.00 | Epsilon 0.0100
Seed 8 | Episode 719 | Reward -300.00 | Epsilon 0.0100
Seed 8 | Episode 720 | Reward -300.00 | Epsilon 0.0100
Seed 8 | Episode 721 | Reward -300.00 | Epsilon 0.0100
Seed 8 | Episode 722 | Reward -300.00 | Epsilon 0.0100
Seed 8 | Episode 723 | Reward -300.00 | Epsilon 0.0100
Seed 8 | Episode 724 | Reward -300.00 | Epsilon 0.0100
Seed 8 | Episode 725 | Reward -300.00 | Epsilon 0.0100
Seed 8 | Episode 726 | Reward -300.00 | Epsilon 0.0100
Seed 8 | Episode 727 | Reward -300.00 | Epsilon 0.0100
Seed 8 | Episode 728 | Reward -300.00 | Epsilon 0.0100
Seed 8 | Episode 729 | Reward -300.00 | Epsilon 0.0100
Seed 8 | Episode 730 | Reward -300.00 | Epsilon 0.0100
Seed 8 | Episode 731 | Reward -300.00 | Epsilon 0.0100
Seed 8 | Episode 732 | Reward -300.00 | Epsilon 0.0100
Seed 8 | Episode 733 | Reward -300.00 | Epsilon 0.0100
Seed 8 | Episode 734 | Reward -300.00 | Epsilon 0.0100
Seed 8 | Episode 735 | Reward -105.00 | Epsilon 0.0100
Seed 8 | Episode 736 | Reward -300.00 | Epsilon 0.0100
Seed 8 | Episode 737 | Reward -300.00 | Epsilon 0.0100
Seed 8 | Episode 738 | Reward -300.00 | Epsilon 0.0100
Seed 8 | Episode 739 | Reward -300.00 | Epsilon 0.0100
Seed 8 | Episode 740 | Reward -300.00 | Epsilon 0.0100
Seed 8 | Episode 741 | Reward -300.00 | Epsilon 0.0100
Seed 8 | Episode 742 | Reward -300.00 | Epsilon 0.0100
Seed 8 | Episode 743 | Reward -300.00 | Epsilon 0.0100
Seed 8 | Episode 744 | Reward -300.00 | Epsilon 0.0100
Seed 8 | Episode 745 | Reward -300.00 | Epsilon 0.0100
Seed 8 | Episode 746 | Reward -300.00 | Epsilon 0.0100
Seed 8 | Episode 747 | Reward -300.00 | Epsilon 0.0100
Seed 8 | Episode 748 | Reward -300.00 | Epsilon 0.0100
Seed 8 | Episode 749 | Reward -300.00 | Epsilon 0.0100
Seed 8 | Episode 750 | Reward -300.00 | Epsilon 0.0100
Seed 8 | Episode 751 | Reward -300.00 | Epsilon 0.0100
Seed 8 | Episode 752 | Reward -300.00 | Epsilon 0.0100
Seed 8 | Episode 753 | Reward -300.00 | Epsilon 0.0100
Seed 8 | Episode 754 | Reward -300.00 | Epsilon 0.0100
Seed 8 | Episode 755 | Reward -300.00 | Epsilon 0.0100
Seed 8 | Episode 756 | Reward -300.00 | Epsilon 0.0100
Seed 8 | Episode 757 | Reward -300.00 | Epsilon 0.0100
Seed 8 | Episode 758 | Reward -300.00 | Epsilon 0.0100
Seed 8 | Episode 759 | Reward -300.00 | Epsilon 0.0100
Seed 8 | Episode 760 | Reward -300.00 | Epsilon 0.0100
Seed 8 | Episode 761 | Reward -300.00 | Epsilon 0.0100
Seed 8 | Episode 762 | Reward -300.00 | Epsilon 0.0100
Seed 8 | Episode 763 | Reward -300.00 | Epsilon 0.0100
Seed 8 | Episode 764 | Reward -300.00 | Epsilon 0.0100
Seed 8 | Episode 765 | Reward -300.00 | Epsilon 0.0100
Seed 8 | Episode 766 | Reward -300.00 | Epsilon 0.0100
Seed 8 | Episode 767 | Reward -300.00 | Epsilon 0.0100
Seed 8 | Episode 768 | Reward -300.00 | Epsilon 0.0100
Seed 8 | Episode 769 | Reward -300.00 | Epsilon 0.0100
Seed 8 | Episode 770 | Reward -300.00 | Epsilon 0.0100
Seed 8 | Episode 771 | Reward -300.00 | Epsilon 0.0100
Seed 8 | Episode 772 | Reward -300.00 | Epsilon 0.0100
Seed 8 | Episode 773 | Reward -300.00 | Epsilon 0.0100
Seed 8 | Episode 774 | Reward -300.00 | Epsilon 0.0100
Seed 8 | Episode 775 | Reward -300.00 | Epsilon 0.0100
Seed 8 | Episode 776 | Reward -300.00 | Epsilon 0.0100
Seed 8 | Episode 777 | Reward -300.00 | Epsilon 0.0100
Seed 8 | Episode 778 | Reward -300.00 | Epsilon 0.0100
Seed 8 | Episode 779 | Reward -300.00 | Epsilon 0.0100
Seed 8 | Episode 780 | Reward -300.00 | Epsilon 0.0100
Seed 8 | Episode 781 | Reward -300.00 | Epsilon 0.0100
Seed 8 | Episode 782 | Reward -300.00 | Epsilon 0.0100
Seed 8 | Episode 783 | Reward -300.00 | Epsilon 0.0100
Seed 8 | Episode 784 | Reward -300.00 | Epsilon 0.0100
Seed 8 | Episode 785 | Reward -300.00 | Epsilon 0.0100
Seed 8 | Episode 786 | Reward -89.00 | Epsilon 0.0100
Seed 8 | Episode 787 | Reward -300.00 | Epsilon 0.0100
Seed 8 | Episode 788 | Reward -300.00 | Epsilon 0.0100
Seed 8 | Episode 789 | Reward -300.00 | Epsilon 0.0100
Seed 8 | Episode 790 | Reward -300.00 | Epsilon 0.0100
Seed 8 | Episode 791 | Reward -300.00 | Epsilon 0.0100
Seed 8 | Episode 792 | Reward -300.00 | Epsilon 0.0100
Seed 8 | Episode 793 | Reward -300.00 | Epsilon 0.0100
Seed 8 | Episode 794 | Reward -300.00 | Epsilon 0.0100
Seed 8 | Episode 795 | Reward -300.00 | Epsilon 0.0100
Seed 8 | Episode 796 | Reward -300.00 | Epsilon 0.0100
Seed 8 | Episode 797 | Reward -300.00 | Epsilon 0.0100
Seed 8 | Episode 798 | Reward -300.00 | Epsilon 0.0100
Seed 8 | Episode 799 | Reward -300.00 | Epsilon 0.0100
Seed 8 | Episode 800 | Reward -300.00 | Epsilon 0.0100
Seed 8 | Episode 801 | Reward -300.00 | Epsilon 0.0100
Seed 8 | Episode 802 | Reward -300.00 | Epsilon 0.0100
Seed 8 | Episode 803 | Reward -300.00 | Epsilon 0.0100
Seed 8 | Episode 804 | Reward -300.00 | Epsilon 0.0100
Seed 8 | Episode 805 | Reward -300.00 | Epsilon 0.0100
Seed 8 | Episode 806 | Reward -300.00 | Epsilon 0.0100
Seed 8 | Episode 807 | Reward -300.00 | Epsilon 0.0100
Seed 8 | Episode 808 | Reward -300.00 | Epsilon 0.0100
Seed 8 | Episode 809 | Reward -300.00 | Epsilon 0.0100
Seed 8 | Episode 810 | Reward -300.00 | Epsilon 0.0100
Seed 8 | Episode 811 | Reward -300.00 | Epsilon 0.0100
Seed 8 | Episode 812 | Reward -300.00 | Epsilon 0.0100
Seed 8 | Episode 813 | Reward -300.00 | Epsilon 0.0100
Seed 8 | Episode 814 | Reward -300.00 | Epsilon 0.0100
Seed 8 | Episode 815 | Reward -300.00 | Epsilon 0.0100
Seed 8 | Episode 816 | Reward -300.00 | Epsilon 0.0100
Seed 8 | Episode 817 | Reward -300.00 | Epsilon 0.0100
Seed 8 | Episode 818 | Reward -300.00 | Epsilon 0.0100
Seed 8 | Episode 819 | Reward -300.00 | Epsilon 0.0100
Seed 8 | Episode 820 | Reward -300.00 | Epsilon 0.0100
Seed 8 | Episode 821 | Reward -300.00 | Epsilon 0.0100
Seed 8 | Episode 822 | Reward -300.00 | Epsilon 0.0100
Seed 8 | Episode 823 | Reward -300.00 | Epsilon 0.0100
Seed 8 | Episode 824 | Reward -300.00 | Epsilon 0.0100
Seed 8 | Episode 825 | Reward -300.00 | Epsilon 0.0100
Seed 8 | Episode 826 | Reward -300.00 | Epsilon 0.0100
Seed 8 | Episode 827 | Reward -300.00 | Epsilon 0.0100
Seed 8 | Episode 828 | Reward -300.00 | Epsilon 0.0100
Seed 8 | Episode 829 | Reward -300.00 | Epsilon 0.0100
Seed 8 | Episode 830 | Reward -300.00 | Epsilon 0.0100
Seed 8 | Episode 831 | Reward -300.00 | Epsilon 0.0100
Seed 8 | Episode 832 | Reward -300.00 | Epsilon 0.0100
Seed 8 | Episode 833 | Reward -300.00 | Epsilon 0.0100
Seed 8 | Episode 834 | Reward -300.00 | Epsilon 0.0100
Seed 8 | Episode 835 | Reward -300.00 | Epsilon 0.0100
Seed 8 | Episode 836 | Reward -300.00 | Epsilon 0.0100
Seed 8 | Episode 837 | Reward -300.00 | Epsilon 0.0100
Seed 8 | Episode 838 | Reward -300.00 | Epsilon 0.0100
Seed 8 | Episode 839 | Reward -300.00 | Epsilon 0.0100
Seed 8 | Episode 840 | Reward -300.00 | Epsilon 0.0100
Seed 8 | Episode 841 | Reward -300.00 | Epsilon 0.0100
Seed 8 | Episode 842 | Reward -300.00 | Epsilon 0.0100
Seed 8 | Episode 843 | Reward -300.00 | Epsilon 0.0100
Seed 8 | Episode 844 | Reward -300.00 | Epsilon 0.0100
Seed 8 | Episode 845 | Reward -300.00 | Epsilon 0.0100
Seed 8 | Episode 846 | Reward -300.00 | Epsilon 0.0100
Seed 8 | Episode 847 | Reward -300.00 | Epsilon 0.0100
Seed 8 | Episode 848 | Reward -300.00 | Epsilon 0.0100
Seed 8 | Episode 849 | Reward -300.00 | Epsilon 0.0100
Seed 8 | Episode 850 | Reward -300.00 | Epsilon 0.0100
Seed 8 | Episode 851 | Reward -300.00 | Epsilon 0.0100
Seed 8 | Episode 852 | Reward -300.00 | Epsilon 0.0100
Seed 8 | Episode 853 | Reward -300.00 | Epsilon 0.0100
Seed 8 | Episode 854 | Reward -300.00 | Epsilon 0.0100
Seed 8 | Episode 855 | Reward -300.00 | Epsilon 0.0100
Seed 8 | Episode 856 | Reward -300.00 | Epsilon 0.0100
Seed 8 | Episode 857 | Reward -300.00 | Epsilon 0.0100
Seed 8 | Episode 858 | Reward -300.00 | Epsilon 0.0100
Seed 8 | Episode 859 | Reward -300.00 | Epsilon 0.0100
Seed 8 | Episode 860 | Reward -300.00 | Epsilon 0.0100
Seed 8 | Episode 861 | Reward -300.00 | Epsilon 0.0100
Seed 8 | Episode 862 | Reward -300.00 | Epsilon 0.0100
Seed 8 | Episode 863 | Reward -300.00 | Epsilon 0.0100
Seed 8 | Episode 864 | Reward -300.00 | Epsilon 0.0100
Seed 8 | Episode 865 | Reward -300.00 | Epsilon 0.0100
Seed 8 | Episode 866 | Reward -300.00 | Epsilon 0.0100
Seed 8 | Episode 867 | Reward -300.00 | Epsilon 0.0100
Seed 8 | Episode 868 | Reward -300.00 | Epsilon 0.0100
Seed 8 | Episode 869 | Reward -300.00 | Epsilon 0.0100
Seed 8 | Episode 870 | Reward -300.00 | Epsilon 0.0100
Seed 8 | Episode 871 | Reward -300.00 | Epsilon 0.0100
Seed 8 | Episode 872 | Reward -300.00 | Epsilon 0.0100
Seed 8 | Episode 873 | Reward -300.00 | Epsilon 0.0100
Seed 8 | Episode 874 | Reward -300.00 | Epsilon 0.0100
Seed 8 | Episode 875 | Reward -300.00 | Epsilon 0.0100
Seed 8 | Episode 876 | Reward -300.00 | Epsilon 0.0100
Seed 8 | Episode 877 | Reward -300.00 | Epsilon 0.0100
Seed 8 | Episode 878 | Reward -300.00 | Epsilon 0.0100
Seed 8 | Episode 879 | Reward -300.00 | Epsilon 0.0100
Seed 8 | Episode 880 | Reward -300.00 | Epsilon 0.0100
Seed 8 | Episode 881 | Reward -300.00 | Epsilon 0.0100
Seed 8 | Episode 882 | Reward -300.00 | Epsilon 0.0100
Seed 8 | Episode 883 | Reward -300.00 | Epsilon 0.0100
Seed 8 | Episode 884 | Reward -300.00 | Epsilon 0.0100
Seed 8 | Episode 885 | Reward -300.00 | Epsilon 0.0100
Seed 8 | Episode 886 | Reward -300.00 | Epsilon 0.0100
Seed 8 | Episode 887 | Reward -300.00 | Epsilon 0.0100
Seed 8 | Episode 888 | Reward -300.00 | Epsilon 0.0100
Seed 8 | Episode 889 | Reward -300.00 | Epsilon 0.0100
Seed 8 | Episode 890 | Reward -300.00 | Epsilon 0.0100
Seed 8 | Episode 891 | Reward -300.00 | Epsilon 0.0100
Seed 8 | Episode 892 | Reward -300.00 | Epsilon 0.0100
Seed 8 | Episode 893 | Reward -300.00 | Epsilon 0.0100
Seed 8 | Episode 894 | Reward -300.00 | Epsilon 0.0100
Seed 8 | Episode 895 | Reward -300.00 | Epsilon 0.0100
Seed 8 | Episode 896 | Reward -300.00 | Epsilon 0.0100
Seed 8 | Episode 897 | Reward -300.00 | Epsilon 0.0100
Seed 8 | Episode 898 | Reward -300.00 | Epsilon 0.0100
Seed 8 | Episode 899 | Reward -300.00 | Epsilon 0.0100
Seed 8 | Episode 900 | Reward -300.00 | Epsilon 0.0100
Seed 8 | Episode 901 | Reward -300.00 | Epsilon 0.0100
Seed 8 | Episode 902 | Reward -300.00 | Epsilon 0.0100
Seed 8 | Episode 903 | Reward -300.00 | Epsilon 0.0100
Seed 8 | Episode 904 | Reward -300.00 | Epsilon 0.0100
Seed 8 | Episode 905 | Reward -300.00 | Epsilon 0.0100
Seed 8 | Episode 906 | Reward -300.00 | Epsilon 0.0100
Seed 8 | Episode 907 | Reward -300.00 | Epsilon 0.0100
Seed 8 | Episode 908 | Reward -300.00 | Epsilon 0.0100
Seed 8 | Episode 909 | Reward -300.00 | Epsilon 0.0100
Seed 8 | Episode 910 | Reward -300.00 | Epsilon 0.0100
Seed 8 | Episode 911 | Reward -300.00 | Epsilon 0.0100
Seed 8 | Episode 912 | Reward -300.00 | Epsilon 0.0100
Seed 8 | Episode 913 | Reward -300.00 | Epsilon 0.0100
Seed 8 | Episode 914 | Reward -300.00 | Epsilon 0.0100
Seed 8 | Episode 915 | Reward -300.00 | Epsilon 0.0100
Seed 8 | Episode 916 | Reward -300.00 | Epsilon 0.0100
Seed 8 | Episode 917 | Reward -300.00 | Epsilon 0.0100
Seed 8 | Episode 918 | Reward -300.00 | Epsilon 0.0100
Seed 8 | Episode 919 | Reward -300.00 | Epsilon 0.0100
Seed 8 | Episode 920 | Reward -300.00 | Epsilon 0.0100
Seed 8 | Episode 921 | Reward -300.00 | Epsilon 0.0100
Seed 8 | Episode 922 | Reward -300.00 | Epsilon 0.0100
Seed 8 | Episode 923 | Reward -300.00 | Epsilon 0.0100
Seed 8 | Episode 924 | Reward -300.00 | Epsilon 0.0100
Seed 8 | Episode 925 | Reward -300.00 | Epsilon 0.0100
Seed 8 | Episode 926 | Reward -300.00 | Epsilon 0.0100
Seed 8 | Episode 927 | Reward -300.00 | Epsilon 0.0100
Seed 8 | Episode 928 | Reward -300.00 | Epsilon 0.0100
Seed 8 | Episode 929 | Reward -300.00 | Epsilon 0.0100
Seed 8 | Episode 930 | Reward -300.00 | Epsilon 0.0100
Seed 8 | Episode 931 | Reward -300.00 | Epsilon 0.0100
Seed 8 | Episode 932 | Reward -300.00 | Epsilon 0.0100
Seed 8 | Episode 933 | Reward -300.00 | Epsilon 0.0100
Seed 8 | Episode 934 | Reward -300.00 | Epsilon 0.0100
Seed 8 | Episode 935 | Reward -300.00 | Epsilon 0.0100
Seed 8 | Episode 936 | Reward -300.00 | Epsilon 0.0100
Seed 8 | Episode 937 | Reward -300.00 | Epsilon 0.0100
Seed 8 | Episode 938 | Reward -300.00 | Epsilon 0.0100
Seed 8 | Episode 939 | Reward -300.00 | Epsilon 0.0100
Seed 8 | Episode 940 | Reward -300.00 | Epsilon 0.0100
Seed 8 | Episode 941 | Reward -300.00 | Epsilon 0.0100
Seed 8 | Episode 942 | Reward -300.00 | Epsilon 0.0100
Seed 8 | Episode 943 | Reward -300.00 | Epsilon 0.0100
Seed 8 | Episode 944 | Reward -300.00 | Epsilon 0.0100
Seed 8 | Episode 945 | Reward -300.00 | Epsilon 0.0100
Seed 8 | Episode 946 | Reward -300.00 | Epsilon 0.0100
Seed 8 | Episode 947 | Reward -300.00 | Epsilon 0.0100
Seed 8 | Episode 948 | Reward -300.00 | Epsilon 0.0100
Seed 8 | Episode 949 | Reward -300.00 | Epsilon 0.0100
Seed 8 | Episode 950 | Reward -300.00 | Epsilon 0.0100
Seed 8 | Episode 951 | Reward -300.00 | Epsilon 0.0100
Seed 8 | Episode 952 | Reward -300.00 | Epsilon 0.0100
Seed 8 | Episode 953 | Reward -300.00 | Epsilon 0.0100
Seed 8 | Episode 954 | Reward -300.00 | Epsilon 0.0100
Seed 8 | Episode 955 | Reward -300.00 | Epsilon 0.0100
Seed 8 | Episode 956 | Reward -300.00 | Epsilon 0.0100
Seed 8 | Episode 957 | Reward -300.00 | Epsilon 0.0100
Seed 8 | Episode 958 | Reward -300.00 | Epsilon 0.0100
Seed 8 | Episode 959 | Reward -300.00 | Epsilon 0.0100
Seed 8 | Episode 960 | Reward -300.00 | Epsilon 0.0100
Seed 8 | Episode 961 | Reward -300.00 | Epsilon 0.0100
Seed 8 | Episode 962 | Reward -300.00 | Epsilon 0.0100
Seed 8 | Episode 963 | Reward -300.00 | Epsilon 0.0100
Seed 8 | Episode 964 | Reward -300.00 | Epsilon 0.0100
Seed 8 | Episode 965 | Reward -300.00 | Epsilon 0.0100
Seed 8 | Episode 966 | Reward -300.00 | Epsilon 0.0100
Seed 8 | Episode 967 | Reward -300.00 | Epsilon 0.0100
Seed 8 | Episode 968 | Reward -300.00 | Epsilon 0.0100
Seed 8 | Episode 969 | Reward -300.00 | Epsilon 0.0100
Seed 8 | Episode 970 | Reward -300.00 | Epsilon 0.0100
Seed 8 | Episode 971 | Reward -300.00 | Epsilon 0.0100
Seed 8 | Episode 972 | Reward -300.00 | Epsilon 0.0100
Seed 8 | Episode 973 | Reward -300.00 | Epsilon 0.0100
Seed 8 | Episode 974 | Reward -300.00 | Epsilon 0.0100
Seed 8 | Episode 975 | Reward -300.00 | Epsilon 0.0100
Seed 8 | Episode 976 | Reward -300.00 | Epsilon 0.0100
Seed 8 | Episode 977 | Reward -300.00 | Epsilon 0.0100
Seed 8 | Episode 978 | Reward -300.00 | Epsilon 0.0100
Seed 8 | Episode 979 | Reward -300.00 | Epsilon 0.0100
Seed 8 | Episode 980 | Reward -300.00 | Epsilon 0.0100
Seed 8 | Episode 981 | Reward -300.00 | Epsilon 0.0100
Seed 8 | Episode 982 | Reward -300.00 | Epsilon 0.0100
Seed 8 | Episode 983 | Reward -300.00 | Epsilon 0.0100
Seed 8 | Episode 984 | Reward -300.00 | Epsilon 0.0100
Seed 8 | Episode 985 | Reward -300.00 | Epsilon 0.0100
Seed 8 | Episode 986 | Reward -300.00 | Epsilon 0.0100
Seed 8 | Episode 987 | Reward -300.00 | Epsilon 0.0100
Seed 8 | Episode 988 | Reward -300.00 | Epsilon 0.0100
Seed 8 | Episode 989 | Reward -300.00 | Epsilon 0.0100
Seed 8 | Episode 990 | Reward -300.00 | Epsilon 0.0100
Seed 8 | Episode 991 | Reward -300.00 | Epsilon 0.0100
Seed 8 | Episode 992 | Reward -300.00 | Epsilon 0.0100
Seed 8 | Episode 993 | Reward -300.00 | Epsilon 0.0100
Seed 8 | Episode 994 | Reward -300.00 | Epsilon 0.0100
Seed 8 | Episode 995 | Reward -300.00 | Epsilon 0.0100
Seed 8 | Episode 996 | Reward -300.00 | Epsilon 0.0100
Seed 8 | Episode 997 | Reward -300.00 | Epsilon 0.0100
Seed 8 | Episode 998 | Reward -300.00 | Epsilon 0.0100
Seed 8 | Episode 999 | Reward -300.00 | Epsilon 0.0100
Finished seed 8
