starting job
Sun Dec  7 19:51:22 2025       
+-----------------------------------------------------------------------------------------+
| NVIDIA-SMI 580.65.06              Driver Version: 580.65.06      CUDA Version: 13.0     |
+-----------------------------------------+------------------------+----------------------+
| GPU  Name                 Persistence-M | Bus-Id          Disp.A | Volatile Uncorr. ECC |
| Fan  Temp   Perf          Pwr:Usage/Cap |           Memory-Usage | GPU-Util  Compute M. |
|                                         |                        |               MIG M. |
|=========================================+========================+======================|
|   0  NVIDIA H100 80GB HBM3          On  |   00000000:46:00.0 Off |                   On |
| N/A   24C    P0            114W /  700W |     411MiB /  81559MiB |     N/A      Default |
|                                         |                        |              Enabled |
+-----------------------------------------+------------------------+----------------------+

+-----------------------------------------------------------------------------------------+
| MIG devices:                                                                            |
+------------------+----------------------------------+-----------+-----------------------+
| GPU  GI  CI  MIG |              Shared Memory-Usage |        Vol|        Shared         |
|      ID  ID  Dev |                Shared BAR1-Usage | SM     Unc| CE ENC  DEC  OFA  JPG |
|                  |                                  |        ECC|                       |
|==================+==================================+===========+=======================|
|  0   10   0   0  |              15MiB /  9984MiB    | 16      0 |  1   0    1    0    1 |
|                  |               0MiB /  6185MiB    |           |                       |
+------------------+----------------------------------+-----------+-----------------------+

+-----------------------------------------------------------------------------------------+
| Processes:                                                                              |
|  GPU   GI   CI              PID   Type   Process name                        GPU Memory |
|        ID   ID                                                               Usage      |
|=========================================================================================|
|  No running processes found                                                             |
+-----------------------------------------------------------------------------------------+
Running seed 15
Gym has been unmaintained since 2022 and does not support NumPy 2.0 amongst other critical functionality.
Please upgrade to Gymnasium, the maintained drop-in replacement of Gym, or contact the authors of your software and request that they upgrade.
Users of this version of Gym should be able to simply replace 'import gym' with 'import gymnasium as gym' in the vast majority of cases.
See the migration guide at https://gymnasium.farama.org/introduction/migration_guide/ for additional information.
Seed 15 | Episode 0 | Reward -300.00 | Epsilon 0.9987
Seed 15 | Episode 1 | Reward -300.00 | Epsilon 0.9897
Seed 15 | Episode 2 | Reward -300.00 | Epsilon 0.9808
Seed 15 | Episode 3 | Reward -300.00 | Epsilon 0.9720
Seed 15 | Episode 4 | Reward -300.00 | Epsilon 0.9633
Seed 15 | Episode 5 | Reward -300.00 | Epsilon 0.9547
Seed 15 | Episode 6 | Reward -300.00 | Epsilon 0.9462
Seed 15 | Episode 7 | Reward -300.00 | Epsilon 0.9377
Seed 15 | Episode 8 | Reward -300.00 | Epsilon 0.9293
Seed 15 | Episode 9 | Reward -300.00 | Epsilon 0.9209
Seed 15 | Episode 10 | Reward -300.00 | Epsilon 0.9127
Seed 15 | Episode 11 | Reward -300.00 | Epsilon 0.9045
Seed 15 | Episode 12 | Reward -300.00 | Epsilon 0.8964
Seed 15 | Episode 13 | Reward -300.00 | Epsilon 0.8884
Seed 15 | Episode 14 | Reward -300.00 | Epsilon 0.8804
Seed 15 | Episode 15 | Reward -300.00 | Epsilon 0.8725
Seed 15 | Episode 16 | Reward -300.00 | Epsilon 0.8647
Seed 15 | Episode 17 | Reward -300.00 | Epsilon 0.8570
Seed 15 | Episode 18 | Reward -300.00 | Epsilon 0.8493
Seed 15 | Episode 19 | Reward -300.00 | Epsilon 0.8417
Seed 15 | Episode 20 | Reward -300.00 | Epsilon 0.8341
Seed 15 | Episode 21 | Reward -300.00 | Epsilon 0.8267
Seed 15 | Episode 22 | Reward -300.00 | Epsilon 0.8193
Seed 15 | Episode 23 | Reward -300.00 | Epsilon 0.8119
Seed 15 | Episode 24 | Reward -300.00 | Epsilon 0.8046
Seed 15 | Episode 25 | Reward -300.00 | Epsilon 0.7974
Seed 15 | Episode 26 | Reward -300.00 | Epsilon 0.7903
Seed 15 | Episode 27 | Reward -300.00 | Epsilon 0.7832
Seed 15 | Episode 28 | Reward -300.00 | Epsilon 0.7762
Seed 15 | Episode 29 | Reward -300.00 | Epsilon 0.7692
Seed 15 | Episode 30 | Reward -300.00 | Epsilon 0.7623
Seed 15 | Episode 31 | Reward -300.00 | Epsilon 0.7555
Seed 15 | Episode 32 | Reward -300.00 | Epsilon 0.7487
Seed 15 | Episode 33 | Reward -300.00 | Epsilon 0.7420
Seed 15 | Episode 34 | Reward -300.00 | Epsilon 0.7354
Seed 15 | Episode 35 | Reward -300.00 | Epsilon 0.7288
Seed 15 | Episode 36 | Reward -300.00 | Epsilon 0.7223
Seed 15 | Episode 37 | Reward -300.00 | Epsilon 0.7158
Seed 15 | Episode 38 | Reward -300.00 | Epsilon 0.7094
Seed 15 | Episode 39 | Reward -300.00 | Epsilon 0.7030
Seed 15 | Episode 40 | Reward -300.00 | Epsilon 0.6967
Seed 15 | Episode 41 | Reward -300.00 | Epsilon 0.6905
Seed 15 | Episode 42 | Reward -300.00 | Epsilon 0.6843
Seed 15 | Episode 43 | Reward -300.00 | Epsilon 0.6782
Seed 15 | Episode 44 | Reward -300.00 | Epsilon 0.6721
Seed 15 | Episode 45 | Reward -300.00 | Epsilon 0.6661
Seed 15 | Episode 46 | Reward -300.00 | Epsilon 0.6601
Seed 15 | Episode 47 | Reward -300.00 | Epsilon 0.6542
Seed 15 | Episode 48 | Reward -300.00 | Epsilon 0.6483
Seed 15 | Episode 49 | Reward -300.00 | Epsilon 0.6425
Seed 15 | Episode 50 | Reward -300.00 | Epsilon 0.6368
Seed 15 | Episode 51 | Reward -300.00 | Epsilon 0.6311
Seed 15 | Episode 52 | Reward -300.00 | Epsilon 0.6254
Seed 15 | Episode 53 | Reward -300.00 | Epsilon 0.6198
Seed 15 | Episode 54 | Reward -300.00 | Epsilon 0.6142
Seed 15 | Episode 55 | Reward -300.00 | Epsilon 0.6087
Seed 15 | Episode 56 | Reward -300.00 | Epsilon 0.6033
Seed 15 | Episode 57 | Reward -300.00 | Epsilon 0.5979
Seed 15 | Episode 58 | Reward -300.00 | Epsilon 0.5925
Seed 15 | Episode 59 | Reward -300.00 | Epsilon 0.5872
Seed 15 | Episode 60 | Reward -300.00 | Epsilon 0.5820
Seed 15 | Episode 61 | Reward -300.00 | Epsilon 0.5767
Seed 15 | Episode 62 | Reward -300.00 | Epsilon 0.5716
Seed 15 | Episode 63 | Reward -300.00 | Epsilon 0.5665
Seed 15 | Episode 64 | Reward -300.00 | Epsilon 0.5614
Seed 15 | Episode 65 | Reward -300.00 | Epsilon 0.5563
Seed 15 | Episode 66 | Reward -300.00 | Epsilon 0.5514
Seed 15 | Episode 67 | Reward -300.00 | Epsilon 0.5464
Seed 15 | Episode 68 | Reward -300.00 | Epsilon 0.5415
Seed 15 | Episode 69 | Reward -300.00 | Epsilon 0.5367
Seed 15 | Episode 70 | Reward -300.00 | Epsilon 0.5319
Seed 15 | Episode 71 | Reward -300.00 | Epsilon 0.5271
Seed 15 | Episode 72 | Reward -300.00 | Epsilon 0.5224
Seed 15 | Episode 73 | Reward -300.00 | Epsilon 0.5177
Seed 15 | Episode 74 | Reward -300.00 | Epsilon 0.5131
Seed 15 | Episode 75 | Reward -300.00 | Epsilon 0.5085
Seed 15 | Episode 76 | Reward -300.00 | Epsilon 0.5039
Seed 15 | Episode 77 | Reward -300.00 | Epsilon 0.4994
Seed 15 | Episode 78 | Reward -300.00 | Epsilon 0.4949
Seed 15 | Episode 79 | Reward -300.00 | Epsilon 0.4905
Seed 15 | Episode 80 | Reward -300.00 | Epsilon 0.4861
Seed 15 | Episode 81 | Reward -300.00 | Epsilon 0.4817
Seed 15 | Episode 82 | Reward -300.00 | Epsilon 0.4774
Seed 15 | Episode 83 | Reward -300.00 | Epsilon 0.4731
Seed 15 | Episode 84 | Reward -300.00 | Epsilon 0.4689
Seed 15 | Episode 85 | Reward -300.00 | Epsilon 0.4647
Seed 15 | Episode 86 | Reward -300.00 | Epsilon 0.4605
Seed 15 | Episode 87 | Reward -300.00 | Epsilon 0.4564
Seed 15 | Episode 88 | Reward -300.00 | Epsilon 0.4523
Seed 15 | Episode 89 | Reward -300.00 | Epsilon 0.4483
Seed 15 | Episode 90 | Reward -300.00 | Epsilon 0.4443
Seed 15 | Episode 91 | Reward -300.00 | Epsilon 0.4403
Seed 15 | Episode 92 | Reward -300.00 | Epsilon 0.4363
Seed 15 | Episode 93 | Reward -300.00 | Epsilon 0.4324
Seed 15 | Episode 94 | Reward -300.00 | Epsilon 0.4285
Seed 15 | Episode 95 | Reward -300.00 | Epsilon 0.4247
Seed 15 | Episode 96 | Reward -125.00 | Epsilon 0.4218
Seed 15 | Episode 97 | Reward -300.00 | Epsilon 0.4181
Seed 15 | Episode 98 | Reward -300.00 | Epsilon 0.4143
Seed 15 | Episode 99 | Reward -300.00 | Epsilon 0.4106
Seed 15 | Episode 100 | Reward -300.00 | Epsilon 0.4069
Seed 15 | Episode 101 | Reward -300.00 | Epsilon 0.4033
Seed 15 | Episode 102 | Reward -300.00 | Epsilon 0.3997
Seed 15 | Episode 103 | Reward -300.00 | Epsilon 0.3961
Seed 15 | Episode 104 | Reward -300.00 | Epsilon 0.3925
Seed 15 | Episode 105 | Reward -300.00 | Epsilon 0.3890
Seed 15 | Episode 106 | Reward -300.00 | Epsilon 0.3855
Seed 15 | Episode 107 | Reward -300.00 | Epsilon 0.3821
Seed 15 | Episode 108 | Reward -300.00 | Epsilon 0.3786
Seed 15 | Episode 109 | Reward -300.00 | Epsilon 0.3753
Seed 15 | Episode 110 | Reward -300.00 | Epsilon 0.3719
Seed 15 | Episode 111 | Reward -300.00 | Epsilon 0.3686
Seed 15 | Episode 112 | Reward -300.00 | Epsilon 0.3653
Seed 15 | Episode 113 | Reward -300.00 | Epsilon 0.3620
Seed 15 | Episode 114 | Reward -300.00 | Epsilon 0.3587
Seed 15 | Episode 115 | Reward -300.00 | Epsilon 0.3555
Seed 15 | Episode 116 | Reward -300.00 | Epsilon 0.3523
Seed 15 | Episode 117 | Reward -300.00 | Epsilon 0.3492
Seed 15 | Episode 118 | Reward -300.00 | Epsilon 0.3461
Seed 15 | Episode 119 | Reward -300.00 | Epsilon 0.3430
Seed 15 | Episode 120 | Reward -300.00 | Epsilon 0.3399
Seed 15 | Episode 121 | Reward -300.00 | Epsilon 0.3368
Seed 15 | Episode 122 | Reward -300.00 | Epsilon 0.3338
Seed 15 | Episode 123 | Reward -300.00 | Epsilon 0.3308
Seed 15 | Episode 124 | Reward -300.00 | Epsilon 0.3279
Seed 15 | Episode 125 | Reward -300.00 | Epsilon 0.3249
Seed 15 | Episode 126 | Reward -300.00 | Epsilon 0.3220
Seed 15 | Episode 127 | Reward -300.00 | Epsilon 0.3191
Seed 15 | Episode 128 | Reward -300.00 | Epsilon 0.3163
Seed 15 | Episode 129 | Reward -300.00 | Epsilon 0.3134
Seed 15 | Episode 130 | Reward -300.00 | Epsilon 0.3106
Seed 15 | Episode 131 | Reward -300.00 | Epsilon 0.3078
Seed 15 | Episode 132 | Reward -300.00 | Epsilon 0.3051
Seed 15 | Episode 133 | Reward -300.00 | Epsilon 0.3024
Seed 15 | Episode 134 | Reward -300.00 | Epsilon 0.2996
Seed 15 | Episode 135 | Reward -300.00 | Epsilon 0.2970
Seed 15 | Episode 136 | Reward -300.00 | Epsilon 0.2943
Seed 15 | Episode 137 | Reward -300.00 | Epsilon 0.2917
Seed 15 | Episode 138 | Reward -300.00 | Epsilon 0.2891
Seed 15 | Episode 139 | Reward -300.00 | Epsilon 0.2865
Seed 15 | Episode 140 | Reward -300.00 | Epsilon 0.2839
Seed 15 | Episode 141 | Reward -300.00 | Epsilon 0.2814
Seed 15 | Episode 142 | Reward -300.00 | Epsilon 0.2788
Seed 15 | Episode 143 | Reward -300.00 | Epsilon 0.2763
Seed 15 | Episode 144 | Reward -300.00 | Epsilon 0.2739
Seed 15 | Episode 145 | Reward -300.00 | Epsilon 0.2714
Seed 15 | Episode 146 | Reward -300.00 | Epsilon 0.2690
Seed 15 | Episode 147 | Reward -300.00 | Epsilon 0.2666
Seed 15 | Episode 148 | Reward -300.00 | Epsilon 0.2642
Seed 15 | Episode 149 | Reward -300.00 | Epsilon 0.2618
Seed 15 | Episode 150 | Reward -300.00 | Epsilon 0.2595
Seed 15 | Episode 151 | Reward -300.00 | Epsilon 0.2571
Seed 15 | Episode 152 | Reward -300.00 | Epsilon 0.2548
Seed 15 | Episode 153 | Reward -300.00 | Epsilon 0.2525
Seed 15 | Episode 154 | Reward -300.00 | Epsilon 0.2503
Seed 15 | Episode 155 | Reward -300.00 | Epsilon 0.2480
Seed 15 | Episode 156 | Reward -300.00 | Epsilon 0.2458
Seed 15 | Episode 157 | Reward -300.00 | Epsilon 0.2436
Seed 15 | Episode 158 | Reward -300.00 | Epsilon 0.2414
Seed 15 | Episode 159 | Reward -300.00 | Epsilon 0.2393
Seed 15 | Episode 160 | Reward -300.00 | Epsilon 0.2371
Seed 15 | Episode 161 | Reward -300.00 | Epsilon 0.2350
Seed 15 | Episode 162 | Reward -300.00 | Epsilon 0.2329
Seed 15 | Episode 163 | Reward -300.00 | Epsilon 0.2308
Seed 15 | Episode 164 | Reward -300.00 | Epsilon 0.2287
Seed 15 | Episode 165 | Reward -300.00 | Epsilon 0.2267
Seed 15 | Episode 166 | Reward -300.00 | Epsilon 0.2247
Seed 15 | Episode 167 | Reward -300.00 | Epsilon 0.2227
Seed 15 | Episode 168 | Reward -300.00 | Epsilon 0.2207
Seed 15 | Episode 169 | Reward -300.00 | Epsilon 0.2187
Seed 15 | Episode 170 | Reward -300.00 | Epsilon 0.2167
Seed 15 | Episode 171 | Reward -300.00 | Epsilon 0.2148
Seed 15 | Episode 172 | Reward -300.00 | Epsilon 0.2129
Seed 15 | Episode 173 | Reward -300.00 | Epsilon 0.2109
Seed 15 | Episode 174 | Reward -300.00 | Epsilon 0.2091
Seed 15 | Episode 175 | Reward -300.00 | Epsilon 0.2072
Seed 15 | Episode 176 | Reward -300.00 | Epsilon 0.2053
Seed 15 | Episode 177 | Reward -300.00 | Epsilon 0.2035
Seed 15 | Episode 178 | Reward -300.00 | Epsilon 0.2017
Seed 15 | Episode 179 | Reward -300.00 | Epsilon 0.1999
Seed 15 | Episode 180 | Reward -300.00 | Epsilon 0.1981
Seed 15 | Episode 181 | Reward -300.00 | Epsilon 0.1963
Seed 15 | Episode 182 | Reward -300.00 | Epsilon 0.1945
Seed 15 | Episode 183 | Reward -300.00 | Epsilon 0.1928
Seed 15 | Episode 184 | Reward -300.00 | Epsilon 0.1911
Seed 15 | Episode 185 | Reward -300.00 | Epsilon 0.1894
Seed 15 | Episode 186 | Reward -300.00 | Epsilon 0.1877
Seed 15 | Episode 187 | Reward -300.00 | Epsilon 0.1860
Seed 15 | Episode 188 | Reward -300.00 | Epsilon 0.1843
Seed 15 | Episode 189 | Reward -300.00 | Epsilon 0.1827
Seed 15 | Episode 190 | Reward -300.00 | Epsilon 0.1810
Seed 15 | Episode 191 | Reward -300.00 | Epsilon 0.1794
Seed 15 | Episode 192 | Reward -300.00 | Epsilon 0.1778
Seed 15 | Episode 193 | Reward -300.00 | Epsilon 0.1762
Seed 15 | Episode 194 | Reward -300.00 | Epsilon 0.1746
Seed 15 | Episode 195 | Reward -300.00 | Epsilon 0.1731
Seed 15 | Episode 196 | Reward -300.00 | Epsilon 0.1715
Seed 15 | Episode 197 | Reward -300.00 | Epsilon 0.1700
Seed 15 | Episode 198 | Reward -300.00 | Epsilon 0.1684
Seed 15 | Episode 199 | Reward -300.00 | Epsilon 0.1669
Seed 15 | Episode 200 | Reward -300.00 | Epsilon 0.1654
Seed 15 | Episode 201 | Reward -300.00 | Epsilon 0.1640
Seed 15 | Episode 202 | Reward -300.00 | Epsilon 0.1625
Seed 15 | Episode 203 | Reward -300.00 | Epsilon 0.1610
Seed 15 | Episode 204 | Reward -300.00 | Epsilon 0.1596
Seed 15 | Episode 205 | Reward -300.00 | Epsilon 0.1582
Seed 15 | Episode 206 | Reward -300.00 | Epsilon 0.1567
Seed 15 | Episode 207 | Reward -300.00 | Epsilon 0.1553
Seed 15 | Episode 208 | Reward -300.00 | Epsilon 0.1539
Seed 15 | Episode 209 | Reward -300.00 | Epsilon 0.1526
Seed 15 | Episode 210 | Reward -300.00 | Epsilon 0.1512
Seed 15 | Episode 211 | Reward -300.00 | Epsilon 0.1498
Seed 15 | Episode 212 | Reward -300.00 | Epsilon 0.1485
Seed 15 | Episode 213 | Reward -300.00 | Epsilon 0.1472
Seed 15 | Episode 214 | Reward -300.00 | Epsilon 0.1459
Seed 15 | Episode 215 | Reward -300.00 | Epsilon 0.1445
Seed 15 | Episode 216 | Reward -300.00 | Epsilon 0.1433
Seed 15 | Episode 217 | Reward -300.00 | Epsilon 0.1420
Seed 15 | Episode 218 | Reward -300.00 | Epsilon 0.1407
Seed 15 | Episode 219 | Reward -300.00 | Epsilon 0.1394
Seed 15 | Episode 220 | Reward -300.00 | Epsilon 0.1382
Seed 15 | Episode 221 | Reward -300.00 | Epsilon 0.1369
Seed 15 | Episode 222 | Reward -300.00 | Epsilon 0.1357
Seed 15 | Episode 223 | Reward -300.00 | Epsilon 0.1345
Seed 15 | Episode 224 | Reward -300.00 | Epsilon 0.1333
Seed 15 | Episode 225 | Reward -300.00 | Epsilon 0.1321
Seed 15 | Episode 226 | Reward -300.00 | Epsilon 0.1309
Seed 15 | Episode 227 | Reward -300.00 | Epsilon 0.1297
Seed 15 | Episode 228 | Reward -300.00 | Epsilon 0.1286
Seed 15 | Episode 229 | Reward -300.00 | Epsilon 0.1274
Seed 15 | Episode 230 | Reward -300.00 | Epsilon 0.1263
Seed 15 | Episode 231 | Reward -300.00 | Epsilon 0.1252
Seed 15 | Episode 232 | Reward -300.00 | Epsilon 0.1240
Seed 15 | Episode 233 | Reward -300.00 | Epsilon 0.1229
Seed 15 | Episode 234 | Reward -300.00 | Epsilon 0.1218
Seed 15 | Episode 235 | Reward -300.00 | Epsilon 0.1207
Seed 15 | Episode 236 | Reward -300.00 | Epsilon 0.1197
Seed 15 | Episode 237 | Reward -300.00 | Epsilon 0.1186
Seed 15 | Episode 238 | Reward -300.00 | Epsilon 0.1175
Seed 15 | Episode 239 | Reward -300.00 | Epsilon 0.1165
Seed 15 | Episode 240 | Reward -300.00 | Epsilon 0.1154
Seed 15 | Episode 241 | Reward -300.00 | Epsilon 0.1144
Seed 15 | Episode 242 | Reward -300.00 | Epsilon 0.1134
Seed 15 | Episode 243 | Reward -300.00 | Epsilon 0.1123
Seed 15 | Episode 244 | Reward -300.00 | Epsilon 0.1113
Seed 15 | Episode 245 | Reward -300.00 | Epsilon 0.1103
Seed 15 | Episode 246 | Reward -300.00 | Epsilon 0.1094
Seed 15 | Episode 247 | Reward -300.00 | Epsilon 0.1084
Seed 15 | Episode 248 | Reward -300.00 | Epsilon 0.1074
Seed 15 | Episode 249 | Reward -300.00 | Epsilon 0.1064
Seed 15 | Episode 250 | Reward -300.00 | Epsilon 0.1055
Seed 15 | Episode 251 | Reward -300.00 | Epsilon 0.1045
Seed 15 | Episode 252 | Reward -300.00 | Epsilon 0.1036
Seed 15 | Episode 253 | Reward -300.00 | Epsilon 0.1027
Seed 15 | Episode 254 | Reward -300.00 | Epsilon 0.1018
Seed 15 | Episode 255 | Reward -300.00 | Epsilon 0.1008
Seed 15 | Episode 256 | Reward -300.00 | Epsilon 0.0999
Seed 15 | Episode 257 | Reward -300.00 | Epsilon 0.0990
Seed 15 | Episode 258 | Reward -300.00 | Epsilon 0.0982
Seed 15 | Episode 259 | Reward -300.00 | Epsilon 0.0973
Seed 15 | Episode 260 | Reward -300.00 | Epsilon 0.0964
Seed 15 | Episode 261 | Reward -300.00 | Epsilon 0.0955
Seed 15 | Episode 262 | Reward -300.00 | Epsilon 0.0947
Seed 15 | Episode 263 | Reward -300.00 | Epsilon 0.0938
Seed 15 | Episode 264 | Reward -300.00 | Epsilon 0.0930
Seed 15 | Episode 265 | Reward -300.00 | Epsilon 0.0922
Seed 15 | Episode 266 | Reward -300.00 | Epsilon 0.0913
Seed 15 | Episode 267 | Reward -300.00 | Epsilon 0.0905
Seed 15 | Episode 268 | Reward -300.00 | Epsilon 0.0897
Seed 15 | Episode 269 | Reward -300.00 | Epsilon 0.0889
Seed 15 | Episode 270 | Reward -300.00 | Epsilon 0.0881
Seed 15 | Episode 271 | Reward -300.00 | Epsilon 0.0873
Seed 15 | Episode 272 | Reward -300.00 | Epsilon 0.0865
Seed 15 | Episode 273 | Reward -300.00 | Epsilon 0.0858
Seed 15 | Episode 274 | Reward -300.00 | Epsilon 0.0850
Seed 15 | Episode 275 | Reward -300.00 | Epsilon 0.0842
Seed 15 | Episode 276 | Reward -300.00 | Epsilon 0.0835
Seed 15 | Episode 277 | Reward -300.00 | Epsilon 0.0827
Seed 15 | Episode 278 | Reward -300.00 | Epsilon 0.0820
Seed 15 | Episode 279 | Reward -300.00 | Epsilon 0.0813
Seed 15 | Episode 280 | Reward -300.00 | Epsilon 0.0805
Seed 15 | Episode 281 | Reward -300.00 | Epsilon 0.0798
Seed 15 | Episode 282 | Reward -300.00 | Epsilon 0.0791
Seed 15 | Episode 283 | Reward -300.00 | Epsilon 0.0784
Seed 15 | Episode 284 | Reward -300.00 | Epsilon 0.0777
Seed 15 | Episode 285 | Reward -300.00 | Epsilon 0.0770
Seed 15 | Episode 286 | Reward -300.00 | Epsilon 0.0763
Seed 15 | Episode 287 | Reward -300.00 | Epsilon 0.0756
Seed 15 | Episode 288 | Reward -300.00 | Epsilon 0.0749
Seed 15 | Episode 289 | Reward -300.00 | Epsilon 0.0743
Seed 15 | Episode 290 | Reward -300.00 | Epsilon 0.0736
Seed 15 | Episode 291 | Reward -300.00 | Epsilon 0.0729
Seed 15 | Episode 292 | Reward -300.00 | Epsilon 0.0723
Seed 15 | Episode 293 | Reward -300.00 | Epsilon 0.0716
Seed 15 | Episode 294 | Reward -300.00 | Epsilon 0.0710
Seed 15 | Episode 295 | Reward -300.00 | Epsilon 0.0704
Seed 15 | Episode 296 | Reward -300.00 | Epsilon 0.0697
Seed 15 | Episode 297 | Reward -300.00 | Epsilon 0.0691
Seed 15 | Episode 298 | Reward -300.00 | Epsilon 0.0685
Seed 15 | Episode 299 | Reward -300.00 | Epsilon 0.0679
Seed 15 | Episode 300 | Reward -300.00 | Epsilon 0.0673
Seed 15 | Episode 301 | Reward -300.00 | Epsilon 0.0667
Seed 15 | Episode 302 | Reward -300.00 | Epsilon 0.0661
Seed 15 | Episode 303 | Reward -300.00 | Epsilon 0.0655
Seed 15 | Episode 304 | Reward -300.00 | Epsilon 0.0649
Seed 15 | Episode 305 | Reward -300.00 | Epsilon 0.0643
Seed 15 | Episode 306 | Reward -300.00 | Epsilon 0.0637
Seed 15 | Episode 307 | Reward -300.00 | Epsilon 0.0632
Seed 15 | Episode 308 | Reward -300.00 | Epsilon 0.0626
Seed 15 | Episode 309 | Reward -300.00 | Epsilon 0.0620
Seed 15 | Episode 310 | Reward -300.00 | Epsilon 0.0615
Seed 15 | Episode 311 | Reward -300.00 | Epsilon 0.0609
Seed 15 | Episode 312 | Reward -300.00 | Epsilon 0.0604
Seed 15 | Episode 313 | Reward -300.00 | Epsilon 0.0598
Seed 15 | Episode 314 | Reward -300.00 | Epsilon 0.0593
Seed 15 | Episode 315 | Reward -300.00 | Epsilon 0.0588
Seed 15 | Episode 316 | Reward -300.00 | Epsilon 0.0582
Seed 15 | Episode 317 | Reward -300.00 | Epsilon 0.0577
Seed 15 | Episode 318 | Reward -300.00 | Epsilon 0.0572
Seed 15 | Episode 319 | Reward -300.00 | Epsilon 0.0567
Seed 15 | Episode 320 | Reward -300.00 | Epsilon 0.0562
Seed 15 | Episode 321 | Reward -300.00 | Epsilon 0.0557
Seed 15 | Episode 322 | Reward -300.00 | Epsilon 0.0552
Seed 15 | Episode 323 | Reward -300.00 | Epsilon 0.0547
Seed 15 | Episode 324 | Reward -300.00 | Epsilon 0.0542
Seed 15 | Episode 325 | Reward -300.00 | Epsilon 0.0537
Seed 15 | Episode 326 | Reward -300.00 | Epsilon 0.0532
Seed 15 | Episode 327 | Reward -300.00 | Epsilon 0.0528
Seed 15 | Episode 328 | Reward -300.00 | Epsilon 0.0523
Seed 15 | Episode 329 | Reward -300.00 | Epsilon 0.0518
Seed 15 | Episode 330 | Reward -300.00 | Epsilon 0.0513
Seed 15 | Episode 331 | Reward -300.00 | Epsilon 0.0509
Seed 15 | Episode 332 | Reward -300.00 | Epsilon 0.0504
Seed 15 | Episode 333 | Reward -300.00 | Epsilon 0.0500
Seed 15 | Episode 334 | Reward -300.00 | Epsilon 0.0495
Seed 15 | Episode 335 | Reward -300.00 | Epsilon 0.0491
Seed 15 | Episode 336 | Reward -300.00 | Epsilon 0.0486
Seed 15 | Episode 337 | Reward -300.00 | Epsilon 0.0482
Seed 15 | Episode 338 | Reward -300.00 | Epsilon 0.0478
Seed 15 | Episode 339 | Reward -300.00 | Epsilon 0.0474
Seed 15 | Episode 340 | Reward -300.00 | Epsilon 0.0469
Seed 15 | Episode 341 | Reward -300.00 | Epsilon 0.0465
Seed 15 | Episode 342 | Reward -300.00 | Epsilon 0.0461
Seed 15 | Episode 343 | Reward -300.00 | Epsilon 0.0457
Seed 15 | Episode 344 | Reward -300.00 | Epsilon 0.0453
Seed 15 | Episode 345 | Reward -300.00 | Epsilon 0.0449
Seed 15 | Episode 346 | Reward -300.00 | Epsilon 0.0445
Seed 15 | Episode 347 | Reward -300.00 | Epsilon 0.0441
Seed 15 | Episode 348 | Reward -300.00 | Epsilon 0.0437
Seed 15 | Episode 349 | Reward -300.00 | Epsilon 0.0433
Seed 15 | Episode 350 | Reward -300.00 | Epsilon 0.0429
Seed 15 | Episode 351 | Reward -300.00 | Epsilon 0.0425
Seed 15 | Episode 352 | Reward -300.00 | Epsilon 0.0421
Seed 15 | Episode 353 | Reward -300.00 | Epsilon 0.0417
Seed 15 | Episode 354 | Reward -300.00 | Epsilon 0.0414
Seed 15 | Episode 355 | Reward -300.00 | Epsilon 0.0410
Seed 15 | Episode 356 | Reward -300.00 | Epsilon 0.0406
Seed 15 | Episode 357 | Reward -300.00 | Epsilon 0.0403
Seed 15 | Episode 358 | Reward -300.00 | Epsilon 0.0399
Seed 15 | Episode 359 | Reward -300.00 | Epsilon 0.0396
Seed 15 | Episode 360 | Reward -300.00 | Epsilon 0.0392
Seed 15 | Episode 361 | Reward -300.00 | Epsilon 0.0388
Seed 15 | Episode 362 | Reward -300.00 | Epsilon 0.0385
Seed 15 | Episode 363 | Reward -300.00 | Epsilon 0.0382
Seed 15 | Episode 364 | Reward -300.00 | Epsilon 0.0378
Seed 15 | Episode 365 | Reward -300.00 | Epsilon 0.0375
Seed 15 | Episode 366 | Reward -300.00 | Epsilon 0.0371
Seed 15 | Episode 367 | Reward -300.00 | Epsilon 0.0368
Seed 15 | Episode 368 | Reward -300.00 | Epsilon 0.0365
Seed 15 | Episode 369 | Reward -300.00 | Epsilon 0.0361
Seed 15 | Episode 370 | Reward -300.00 | Epsilon 0.0358
Seed 15 | Episode 371 | Reward -300.00 | Epsilon 0.0355
Seed 15 | Episode 372 | Reward -300.00 | Epsilon 0.0352
Seed 15 | Episode 373 | Reward -300.00 | Epsilon 0.0349
Seed 15 | Episode 374 | Reward -300.00 | Epsilon 0.0346
Seed 15 | Episode 375 | Reward -300.00 | Epsilon 0.0342
Seed 15 | Episode 376 | Reward -300.00 | Epsilon 0.0339
Seed 15 | Episode 377 | Reward -300.00 | Epsilon 0.0336
Seed 15 | Episode 378 | Reward -300.00 | Epsilon 0.0333
Seed 15 | Episode 379 | Reward -300.00 | Epsilon 0.0330
Seed 15 | Episode 380 | Reward -300.00 | Epsilon 0.0327
Seed 15 | Episode 381 | Reward -300.00 | Epsilon 0.0324
Seed 15 | Episode 382 | Reward -300.00 | Epsilon 0.0322
Seed 15 | Episode 383 | Reward -300.00 | Epsilon 0.0319
Seed 15 | Episode 384 | Reward -300.00 | Epsilon 0.0316
Seed 15 | Episode 385 | Reward -300.00 | Epsilon 0.0313
Seed 15 | Episode 386 | Reward -300.00 | Epsilon 0.0310
Seed 15 | Episode 387 | Reward -300.00 | Epsilon 0.0307
Seed 15 | Episode 388 | Reward -300.00 | Epsilon 0.0305
Seed 15 | Episode 389 | Reward -300.00 | Epsilon 0.0302
Seed 15 | Episode 390 | Reward -300.00 | Epsilon 0.0299
Seed 15 | Episode 391 | Reward -300.00 | Epsilon 0.0297
Seed 15 | Episode 392 | Reward -300.00 | Epsilon 0.0294
Seed 15 | Episode 393 | Reward -300.00 | Epsilon 0.0291
Seed 15 | Episode 394 | Reward -300.00 | Epsilon 0.0289
Seed 15 | Episode 395 | Reward -300.00 | Epsilon 0.0286
Seed 15 | Episode 396 | Reward -300.00 | Epsilon 0.0283
Seed 15 | Episode 397 | Reward -300.00 | Epsilon 0.0281
Seed 15 | Episode 398 | Reward -300.00 | Epsilon 0.0278
Seed 15 | Episode 399 | Reward -300.00 | Epsilon 0.0276
Seed 15 | Episode 400 | Reward -300.00 | Epsilon 0.0273
Seed 15 | Episode 401 | Reward -300.00 | Epsilon 0.0271
Seed 15 | Episode 402 | Reward -300.00 | Epsilon 0.0269
Seed 15 | Episode 403 | Reward -300.00 | Epsilon 0.0266
Seed 15 | Episode 404 | Reward -300.00 | Epsilon 0.0264
Seed 15 | Episode 405 | Reward -300.00 | Epsilon 0.0261
Seed 15 | Episode 406 | Reward -300.00 | Epsilon 0.0259
Seed 15 | Episode 407 | Reward -300.00 | Epsilon 0.0257
Seed 15 | Episode 408 | Reward -300.00 | Epsilon 0.0254
Seed 15 | Episode 409 | Reward -300.00 | Epsilon 0.0252
Seed 15 | Episode 410 | Reward -300.00 | Epsilon 0.0250
Seed 15 | Episode 411 | Reward -300.00 | Epsilon 0.0248
Seed 15 | Episode 412 | Reward -300.00 | Epsilon 0.0245
Seed 15 | Episode 413 | Reward -300.00 | Epsilon 0.0243
Seed 15 | Episode 414 | Reward -300.00 | Epsilon 0.0241
Seed 15 | Episode 415 | Reward -300.00 | Epsilon 0.0239
Seed 15 | Episode 416 | Reward -300.00 | Epsilon 0.0237
Seed 15 | Episode 417 | Reward -300.00 | Epsilon 0.0235
Seed 15 | Episode 418 | Reward -300.00 | Epsilon 0.0233
Seed 15 | Episode 419 | Reward -300.00 | Epsilon 0.0230
Seed 15 | Episode 420 | Reward -300.00 | Epsilon 0.0228
Seed 15 | Episode 421 | Reward -300.00 | Epsilon 0.0226
Seed 15 | Episode 422 | Reward -300.00 | Epsilon 0.0224
Seed 15 | Episode 423 | Reward -300.00 | Epsilon 0.0222
Seed 15 | Episode 424 | Reward -300.00 | Epsilon 0.0220
Seed 15 | Episode 425 | Reward -300.00 | Epsilon 0.0218
Seed 15 | Episode 426 | Reward -300.00 | Epsilon 0.0216
Seed 15 | Episode 427 | Reward -300.00 | Epsilon 0.0214
Seed 15 | Episode 428 | Reward -300.00 | Epsilon 0.0213
Seed 15 | Episode 429 | Reward -300.00 | Epsilon 0.0211
Seed 15 | Episode 430 | Reward -300.00 | Epsilon 0.0209
Seed 15 | Episode 431 | Reward -300.00 | Epsilon 0.0207
Seed 15 | Episode 432 | Reward -300.00 | Epsilon 0.0205
Seed 15 | Episode 433 | Reward -300.00 | Epsilon 0.0203
Seed 15 | Episode 434 | Reward -300.00 | Epsilon 0.0201
Seed 15 | Episode 435 | Reward -300.00 | Epsilon 0.0200
Seed 15 | Episode 436 | Reward -300.00 | Epsilon 0.0198
Seed 15 | Episode 437 | Reward -300.00 | Epsilon 0.0196
Seed 15 | Episode 438 | Reward -300.00 | Epsilon 0.0194
Seed 15 | Episode 439 | Reward -300.00 | Epsilon 0.0193
Seed 15 | Episode 440 | Reward -300.00 | Epsilon 0.0191
Seed 15 | Episode 441 | Reward -300.00 | Epsilon 0.0189
Seed 15 | Episode 442 | Reward -300.00 | Epsilon 0.0187
Seed 15 | Episode 443 | Reward -300.00 | Epsilon 0.0186
Seed 15 | Episode 444 | Reward -300.00 | Epsilon 0.0184
Seed 15 | Episode 445 | Reward -300.00 | Epsilon 0.0182
Seed 15 | Episode 446 | Reward -300.00 | Epsilon 0.0181
Seed 15 | Episode 447 | Reward -300.00 | Epsilon 0.0179
Seed 15 | Episode 448 | Reward -300.00 | Epsilon 0.0178
Seed 15 | Episode 449 | Reward -300.00 | Epsilon 0.0176
Seed 15 | Episode 450 | Reward -300.00 | Epsilon 0.0174
Seed 15 | Episode 451 | Reward -300.00 | Epsilon 0.0173
Seed 15 | Episode 452 | Reward -300.00 | Epsilon 0.0171
Seed 15 | Episode 453 | Reward -300.00 | Epsilon 0.0170
Seed 15 | Episode 454 | Reward -300.00 | Epsilon 0.0168
Seed 15 | Episode 455 | Reward -300.00 | Epsilon 0.0167
Seed 15 | Episode 456 | Reward -300.00 | Epsilon 0.0165
Seed 15 | Episode 457 | Reward -300.00 | Epsilon 0.0164
Seed 15 | Episode 458 | Reward -300.00 | Epsilon 0.0162
Seed 15 | Episode 459 | Reward -300.00 | Epsilon 0.0161
Seed 15 | Episode 460 | Reward -300.00 | Epsilon 0.0159
Seed 15 | Episode 461 | Reward -300.00 | Epsilon 0.0158
Seed 15 | Episode 462 | Reward -300.00 | Epsilon 0.0157
Seed 15 | Episode 463 | Reward -300.00 | Epsilon 0.0155
Seed 15 | Episode 464 | Reward -300.00 | Epsilon 0.0154
Seed 15 | Episode 465 | Reward 26.00 | Epsilon 0.0153
Seed 15 | Episode 466 | Reward -300.00 | Epsilon 0.0152
Seed 15 | Episode 467 | Reward -300.00 | Epsilon 0.0151
Seed 15 | Episode 468 | Reward -300.00 | Epsilon 0.0149
Seed 15 | Episode 469 | Reward -300.00 | Epsilon 0.0148
Seed 15 | Episode 470 | Reward -300.00 | Epsilon 0.0147
Seed 15 | Episode 471 | Reward -300.00 | Epsilon 0.0145
Seed 15 | Episode 472 | Reward -300.00 | Epsilon 0.0144
Seed 15 | Episode 473 | Reward -300.00 | Epsilon 0.0143
Seed 15 | Episode 474 | Reward -300.00 | Epsilon 0.0141
Seed 15 | Episode 475 | Reward -300.00 | Epsilon 0.0140
Seed 15 | Episode 476 | Reward -300.00 | Epsilon 0.0139
Seed 15 | Episode 477 | Reward -300.00 | Epsilon 0.0138
Seed 15 | Episode 478 | Reward -300.00 | Epsilon 0.0136
Seed 15 | Episode 479 | Reward -300.00 | Epsilon 0.0135
Seed 15 | Episode 480 | Reward -300.00 | Epsilon 0.0134
Seed 15 | Episode 481 | Reward -300.00 | Epsilon 0.0133
Seed 15 | Episode 482 | Reward -300.00 | Epsilon 0.0132
Seed 15 | Episode 483 | Reward -300.00 | Epsilon 0.0130
Seed 15 | Episode 484 | Reward -300.00 | Epsilon 0.0129
Seed 15 | Episode 485 | Reward -300.00 | Epsilon 0.0128
Seed 15 | Episode 486 | Reward -300.00 | Epsilon 0.0127
Seed 15 | Episode 487 | Reward -300.00 | Epsilon 0.0126
Seed 15 | Episode 488 | Reward -300.00 | Epsilon 0.0125
Seed 15 | Episode 489 | Reward -300.00 | Epsilon 0.0124
Seed 15 | Episode 490 | Reward -300.00 | Epsilon 0.0122
Seed 15 | Episode 491 | Reward -300.00 | Epsilon 0.0121
Seed 15 | Episode 492 | Reward -300.00 | Epsilon 0.0120
Seed 15 | Episode 493 | Reward -300.00 | Epsilon 0.0119
Seed 15 | Episode 494 | Reward -300.00 | Epsilon 0.0118
Seed 15 | Episode 495 | Reward -300.00 | Epsilon 0.0117
Seed 15 | Episode 496 | Reward -300.00 | Epsilon 0.0116
Seed 15 | Episode 497 | Reward -300.00 | Epsilon 0.0115
Seed 15 | Episode 498 | Reward -300.00 | Epsilon 0.0114
Seed 15 | Episode 499 | Reward -300.00 | Epsilon 0.0113
Seed 15 | Episode 500 | Reward -300.00 | Epsilon 0.0112
Seed 15 | Episode 501 | Reward -300.00 | Epsilon 0.0111
Seed 15 | Episode 502 | Reward -300.00 | Epsilon 0.0110
Seed 15 | Episode 503 | Reward -110.00 | Epsilon 0.0109
Seed 15 | Episode 504 | Reward -300.00 | Epsilon 0.0108
Seed 15 | Episode 505 | Reward -300.00 | Epsilon 0.0107
Seed 15 | Episode 506 | Reward -300.00 | Epsilon 0.0106
Seed 15 | Episode 507 | Reward -300.00 | Epsilon 0.0105
Seed 15 | Episode 508 | Reward -300.00 | Epsilon 0.0104
Seed 15 | Episode 509 | Reward -300.00 | Epsilon 0.0103
Seed 15 | Episode 510 | Reward -300.00 | Epsilon 0.0103
Seed 15 | Episode 511 | Reward -300.00 | Epsilon 0.0102
Seed 15 | Episode 512 | Reward -300.00 | Epsilon 0.0101
Seed 15 | Episode 513 | Reward -300.00 | Epsilon 0.0100
Seed 15 | Episode 514 | Reward -300.00 | Epsilon 0.0100
Seed 15 | Episode 515 | Reward -300.00 | Epsilon 0.0100
Seed 15 | Episode 516 | Reward -300.00 | Epsilon 0.0100
Seed 15 | Episode 517 | Reward -300.00 | Epsilon 0.0100
Seed 15 | Episode 518 | Reward -300.00 | Epsilon 0.0100
Seed 15 | Episode 519 | Reward -300.00 | Epsilon 0.0100
Seed 15 | Episode 520 | Reward -300.00 | Epsilon 0.0100
Seed 15 | Episode 521 | Reward -300.00 | Epsilon 0.0100
Seed 15 | Episode 522 | Reward -300.00 | Epsilon 0.0100
Seed 15 | Episode 523 | Reward -300.00 | Epsilon 0.0100
Seed 15 | Episode 524 | Reward -300.00 | Epsilon 0.0100
Seed 15 | Episode 525 | Reward -300.00 | Epsilon 0.0100
Seed 15 | Episode 526 | Reward -300.00 | Epsilon 0.0100
Seed 15 | Episode 527 | Reward -300.00 | Epsilon 0.0100
Seed 15 | Episode 528 | Reward -300.00 | Epsilon 0.0100
Seed 15 | Episode 529 | Reward -300.00 | Epsilon 0.0100
Seed 15 | Episode 530 | Reward -300.00 | Epsilon 0.0100
Seed 15 | Episode 531 | Reward -300.00 | Epsilon 0.0100
Seed 15 | Episode 532 | Reward -300.00 | Epsilon 0.0100
Seed 15 | Episode 533 | Reward -300.00 | Epsilon 0.0100
Seed 15 | Episode 534 | Reward -300.00 | Epsilon 0.0100
Seed 15 | Episode 535 | Reward -300.00 | Epsilon 0.0100
Seed 15 | Episode 536 | Reward -300.00 | Epsilon 0.0100
Seed 15 | Episode 537 | Reward -300.00 | Epsilon 0.0100
Seed 15 | Episode 538 | Reward -300.00 | Epsilon 0.0100
Seed 15 | Episode 539 | Reward -300.00 | Epsilon 0.0100
Seed 15 | Episode 540 | Reward -300.00 | Epsilon 0.0100
Seed 15 | Episode 541 | Reward -300.00 | Epsilon 0.0100
Seed 15 | Episode 542 | Reward -300.00 | Epsilon 0.0100
Seed 15 | Episode 543 | Reward -300.00 | Epsilon 0.0100
Seed 15 | Episode 544 | Reward -300.00 | Epsilon 0.0100
Seed 15 | Episode 545 | Reward -300.00 | Epsilon 0.0100
Seed 15 | Episode 546 | Reward -300.00 | Epsilon 0.0100
Seed 15 | Episode 547 | Reward -300.00 | Epsilon 0.0100
Seed 15 | Episode 548 | Reward -129.00 | Epsilon 0.0100
Seed 15 | Episode 549 | Reward -300.00 | Epsilon 0.0100
Seed 15 | Episode 550 | Reward -300.00 | Epsilon 0.0100
Seed 15 | Episode 551 | Reward -300.00 | Epsilon 0.0100
Seed 15 | Episode 552 | Reward -300.00 | Epsilon 0.0100
Seed 15 | Episode 553 | Reward -300.00 | Epsilon 0.0100
Seed 15 | Episode 554 | Reward -300.00 | Epsilon 0.0100
Seed 15 | Episode 555 | Reward -300.00 | Epsilon 0.0100
Seed 15 | Episode 556 | Reward -300.00 | Epsilon 0.0100
Seed 15 | Episode 557 | Reward -300.00 | Epsilon 0.0100
Seed 15 | Episode 558 | Reward -300.00 | Epsilon 0.0100
Seed 15 | Episode 559 | Reward -300.00 | Epsilon 0.0100
Seed 15 | Episode 560 | Reward -23.00 | Epsilon 0.0100
Seed 15 | Episode 561 | Reward 44.00 | Epsilon 0.0100
Seed 15 | Episode 562 | Reward -300.00 | Epsilon 0.0100
Seed 15 | Episode 563 | Reward -300.00 | Epsilon 0.0100
Seed 15 | Episode 564 | Reward -300.00 | Epsilon 0.0100
Seed 15 | Episode 565 | Reward -300.00 | Epsilon 0.0100
Seed 15 | Episode 566 | Reward -300.00 | Epsilon 0.0100
Seed 15 | Episode 567 | Reward -300.00 | Epsilon 0.0100
Seed 15 | Episode 568 | Reward -300.00 | Epsilon 0.0100
Seed 15 | Episode 569 | Reward -300.00 | Epsilon 0.0100
Seed 15 | Episode 570 | Reward -300.00 | Epsilon 0.0100
Seed 15 | Episode 571 | Reward -300.00 | Epsilon 0.0100
Seed 15 | Episode 572 | Reward -300.00 | Epsilon 0.0100
Seed 15 | Episode 573 | Reward -300.00 | Epsilon 0.0100
Seed 15 | Episode 574 | Reward -300.00 | Epsilon 0.0100
Seed 15 | Episode 575 | Reward -300.00 | Epsilon 0.0100
Seed 15 | Episode 576 | Reward -300.00 | Epsilon 0.0100
Seed 15 | Episode 577 | Reward -300.00 | Epsilon 0.0100
Seed 15 | Episode 578 | Reward -300.00 | Epsilon 0.0100
Seed 15 | Episode 579 | Reward -300.00 | Epsilon 0.0100
Seed 15 | Episode 580 | Reward -300.00 | Epsilon 0.0100
Seed 15 | Episode 581 | Reward -300.00 | Epsilon 0.0100
Seed 15 | Episode 582 | Reward -300.00 | Epsilon 0.0100
Seed 15 | Episode 583 | Reward -300.00 | Epsilon 0.0100
Seed 15 | Episode 584 | Reward -300.00 | Epsilon 0.0100
Seed 15 | Episode 585 | Reward -300.00 | Epsilon 0.0100
Seed 15 | Episode 586 | Reward -300.00 | Epsilon 0.0100
Seed 15 | Episode 587 | Reward -300.00 | Epsilon 0.0100
Seed 15 | Episode 588 | Reward -300.00 | Epsilon 0.0100
Seed 15 | Episode 589 | Reward -300.00 | Epsilon 0.0100
Seed 15 | Episode 590 | Reward -300.00 | Epsilon 0.0100
Seed 15 | Episode 591 | Reward -300.00 | Epsilon 0.0100
Seed 15 | Episode 592 | Reward -300.00 | Epsilon 0.0100
Seed 15 | Episode 593 | Reward -300.00 | Epsilon 0.0100
Seed 15 | Episode 594 | Reward -300.00 | Epsilon 0.0100
Seed 15 | Episode 595 | Reward -300.00 | Epsilon 0.0100
Seed 15 | Episode 596 | Reward -300.00 | Epsilon 0.0100
Seed 15 | Episode 597 | Reward -300.00 | Epsilon 0.0100
Seed 15 | Episode 598 | Reward -300.00 | Epsilon 0.0100
Seed 15 | Episode 599 | Reward -300.00 | Epsilon 0.0100
Seed 15 | Episode 600 | Reward -300.00 | Epsilon 0.0100
Seed 15 | Episode 601 | Reward -300.00 | Epsilon 0.0100
Seed 15 | Episode 602 | Reward -300.00 | Epsilon 0.0100
Seed 15 | Episode 603 | Reward -300.00 | Epsilon 0.0100
Seed 15 | Episode 604 | Reward -300.00 | Epsilon 0.0100
Seed 15 | Episode 605 | Reward -300.00 | Epsilon 0.0100
Seed 15 | Episode 606 | Reward -300.00 | Epsilon 0.0100
Seed 15 | Episode 607 | Reward -300.00 | Epsilon 0.0100
Seed 15 | Episode 608 | Reward -300.00 | Epsilon 0.0100
Seed 15 | Episode 609 | Reward -300.00 | Epsilon 0.0100
Seed 15 | Episode 610 | Reward -300.00 | Epsilon 0.0100
Seed 15 | Episode 611 | Reward -300.00 | Epsilon 0.0100
Seed 15 | Episode 612 | Reward -300.00 | Epsilon 0.0100
Seed 15 | Episode 613 | Reward -300.00 | Epsilon 0.0100
Seed 15 | Episode 614 | Reward -300.00 | Epsilon 0.0100
Seed 15 | Episode 615 | Reward -300.00 | Epsilon 0.0100
Seed 15 | Episode 616 | Reward -300.00 | Epsilon 0.0100
Seed 15 | Episode 617 | Reward -300.00 | Epsilon 0.0100
Seed 15 | Episode 618 | Reward -300.00 | Epsilon 0.0100
Seed 15 | Episode 619 | Reward -300.00 | Epsilon 0.0100
Seed 15 | Episode 620 | Reward -300.00 | Epsilon 0.0100
Seed 15 | Episode 621 | Reward -300.00 | Epsilon 0.0100
Seed 15 | Episode 622 | Reward -300.00 | Epsilon 0.0100
Seed 15 | Episode 623 | Reward -300.00 | Epsilon 0.0100
Seed 15 | Episode 624 | Reward -300.00 | Epsilon 0.0100
Seed 15 | Episode 625 | Reward -300.00 | Epsilon 0.0100
Seed 15 | Episode 626 | Reward -300.00 | Epsilon 0.0100
Seed 15 | Episode 627 | Reward -300.00 | Epsilon 0.0100
Seed 15 | Episode 628 | Reward -300.00 | Epsilon 0.0100
Seed 15 | Episode 629 | Reward -300.00 | Epsilon 0.0100
Seed 15 | Episode 630 | Reward -300.00 | Epsilon 0.0100
Seed 15 | Episode 631 | Reward -300.00 | Epsilon 0.0100
Seed 15 | Episode 632 | Reward -300.00 | Epsilon 0.0100
Seed 15 | Episode 633 | Reward -300.00 | Epsilon 0.0100
Seed 15 | Episode 634 | Reward -300.00 | Epsilon 0.0100
Seed 15 | Episode 635 | Reward -300.00 | Epsilon 0.0100
Seed 15 | Episode 636 | Reward -300.00 | Epsilon 0.0100
Seed 15 | Episode 637 | Reward -300.00 | Epsilon 0.0100
Seed 15 | Episode 638 | Reward -300.00 | Epsilon 0.0100
Seed 15 | Episode 639 | Reward -300.00 | Epsilon 0.0100
Seed 15 | Episode 640 | Reward -300.00 | Epsilon 0.0100
Seed 15 | Episode 641 | Reward -300.00 | Epsilon 0.0100
Seed 15 | Episode 642 | Reward -300.00 | Epsilon 0.0100
Seed 15 | Episode 643 | Reward -300.00 | Epsilon 0.0100
Seed 15 | Episode 644 | Reward -300.00 | Epsilon 0.0100
Seed 15 | Episode 645 | Reward -300.00 | Epsilon 0.0100
Seed 15 | Episode 646 | Reward -300.00 | Epsilon 0.0100
Seed 15 | Episode 647 | Reward -300.00 | Epsilon 0.0100
Seed 15 | Episode 648 | Reward -300.00 | Epsilon 0.0100
Seed 15 | Episode 649 | Reward -300.00 | Epsilon 0.0100
Seed 15 | Episode 650 | Reward -300.00 | Epsilon 0.0100
Seed 15 | Episode 651 | Reward -300.00 | Epsilon 0.0100
Seed 15 | Episode 652 | Reward -300.00 | Epsilon 0.0100
Seed 15 | Episode 653 | Reward -300.00 | Epsilon 0.0100
Seed 15 | Episode 654 | Reward -300.00 | Epsilon 0.0100
Seed 15 | Episode 655 | Reward -300.00 | Epsilon 0.0100
Seed 15 | Episode 656 | Reward -300.00 | Epsilon 0.0100
Seed 15 | Episode 657 | Reward -300.00 | Epsilon 0.0100
Seed 15 | Episode 658 | Reward -300.00 | Epsilon 0.0100
Seed 15 | Episode 659 | Reward -300.00 | Epsilon 0.0100
Seed 15 | Episode 660 | Reward -300.00 | Epsilon 0.0100
Seed 15 | Episode 661 | Reward -300.00 | Epsilon 0.0100
Seed 15 | Episode 662 | Reward -300.00 | Epsilon 0.0100
Seed 15 | Episode 663 | Reward -300.00 | Epsilon 0.0100
Seed 15 | Episode 664 | Reward -300.00 | Epsilon 0.0100
Seed 15 | Episode 665 | Reward -300.00 | Epsilon 0.0100
Seed 15 | Episode 666 | Reward -300.00 | Epsilon 0.0100
Seed 15 | Episode 667 | Reward -300.00 | Epsilon 0.0100
Seed 15 | Episode 668 | Reward -300.00 | Epsilon 0.0100
Seed 15 | Episode 669 | Reward -300.00 | Epsilon 0.0100
Seed 15 | Episode 670 | Reward -300.00 | Epsilon 0.0100
Seed 15 | Episode 671 | Reward -300.00 | Epsilon 0.0100
Seed 15 | Episode 672 | Reward -300.00 | Epsilon 0.0100
Seed 15 | Episode 673 | Reward -300.00 | Epsilon 0.0100
Seed 15 | Episode 674 | Reward 8.00 | Epsilon 0.0100
Seed 15 | Episode 675 | Reward -300.00 | Epsilon 0.0100
Seed 15 | Episode 676 | Reward -300.00 | Epsilon 0.0100
Seed 15 | Episode 677 | Reward -300.00 | Epsilon 0.0100
Seed 15 | Episode 678 | Reward -300.00 | Epsilon 0.0100
Seed 15 | Episode 679 | Reward -300.00 | Epsilon 0.0100
Seed 15 | Episode 680 | Reward -300.00 | Epsilon 0.0100
Seed 15 | Episode 681 | Reward -300.00 | Epsilon 0.0100
Seed 15 | Episode 682 | Reward -300.00 | Epsilon 0.0100
Seed 15 | Episode 683 | Reward -300.00 | Epsilon 0.0100
Seed 15 | Episode 684 | Reward -300.00 | Epsilon 0.0100
Seed 15 | Episode 685 | Reward -300.00 | Epsilon 0.0100
Seed 15 | Episode 686 | Reward -300.00 | Epsilon 0.0100
Seed 15 | Episode 687 | Reward -300.00 | Epsilon 0.0100
Seed 15 | Episode 688 | Reward -300.00 | Epsilon 0.0100
Seed 15 | Episode 689 | Reward -300.00 | Epsilon 0.0100
Seed 15 | Episode 690 | Reward -300.00 | Epsilon 0.0100
Seed 15 | Episode 691 | Reward -300.00 | Epsilon 0.0100
Seed 15 | Episode 692 | Reward -300.00 | Epsilon 0.0100
Seed 15 | Episode 693 | Reward -166.00 | Epsilon 0.0100
Seed 15 | Episode 694 | Reward -300.00 | Epsilon 0.0100
Seed 15 | Episode 695 | Reward -300.00 | Epsilon 0.0100
Seed 15 | Episode 696 | Reward -300.00 | Epsilon 0.0100
Seed 15 | Episode 697 | Reward -300.00 | Epsilon 0.0100
Seed 15 | Episode 698 | Reward -300.00 | Epsilon 0.0100
Seed 15 | Episode 699 | Reward -300.00 | Epsilon 0.0100
Seed 15 | Episode 700 | Reward -300.00 | Epsilon 0.0100
Seed 15 | Episode 701 | Reward -300.00 | Epsilon 0.0100
Seed 15 | Episode 702 | Reward -300.00 | Epsilon 0.0100
Seed 15 | Episode 703 | Reward -300.00 | Epsilon 0.0100
Seed 15 | Episode 704 | Reward -300.00 | Epsilon 0.0100
Seed 15 | Episode 705 | Reward -300.00 | Epsilon 0.0100
Seed 15 | Episode 706 | Reward -300.00 | Epsilon 0.0100
Seed 15 | Episode 707 | Reward -300.00 | Epsilon 0.0100
Seed 15 | Episode 708 | Reward -300.00 | Epsilon 0.0100
Seed 15 | Episode 709 | Reward -300.00 | Epsilon 0.0100
Seed 15 | Episode 710 | Reward -300.00 | Epsilon 0.0100
Seed 15 | Episode 711 | Reward -300.00 | Epsilon 0.0100
Seed 15 | Episode 712 | Reward -300.00 | Epsilon 0.0100
Seed 15 | Episode 713 | Reward -300.00 | Epsilon 0.0100
Seed 15 | Episode 714 | Reward -300.00 | Epsilon 0.0100
Seed 15 | Episode 715 | Reward -300.00 | Epsilon 0.0100
Seed 15 | Episode 716 | Reward -300.00 | Epsilon 0.0100
Seed 15 | Episode 717 | Reward -300.00 | Epsilon 0.0100
Seed 15 | Episode 718 | Reward -300.00 | Epsilon 0.0100
Seed 15 | Episode 719 | Reward -300.00 | Epsilon 0.0100
Seed 15 | Episode 720 | Reward -300.00 | Epsilon 0.0100
Seed 15 | Episode 721 | Reward -300.00 | Epsilon 0.0100
Seed 15 | Episode 722 | Reward -300.00 | Epsilon 0.0100
Seed 15 | Episode 723 | Reward -300.00 | Epsilon 0.0100
Seed 15 | Episode 724 | Reward -300.00 | Epsilon 0.0100
Seed 15 | Episode 725 | Reward -300.00 | Epsilon 0.0100
Seed 15 | Episode 726 | Reward 56.00 | Epsilon 0.0100
Seed 15 | Episode 727 | Reward -300.00 | Epsilon 0.0100
Seed 15 | Episode 728 | Reward -300.00 | Epsilon 0.0100
Seed 15 | Episode 729 | Reward -300.00 | Epsilon 0.0100
Seed 15 | Episode 730 | Reward -300.00 | Epsilon 0.0100
Seed 15 | Episode 731 | Reward -300.00 | Epsilon 0.0100
Seed 15 | Episode 732 | Reward -300.00 | Epsilon 0.0100
Seed 15 | Episode 733 | Reward -300.00 | Epsilon 0.0100
Seed 15 | Episode 734 | Reward -300.00 | Epsilon 0.0100
Seed 15 | Episode 735 | Reward -300.00 | Epsilon 0.0100
Seed 15 | Episode 736 | Reward -300.00 | Epsilon 0.0100
Seed 15 | Episode 737 | Reward -300.00 | Epsilon 0.0100
Seed 15 | Episode 738 | Reward -300.00 | Epsilon 0.0100
Seed 15 | Episode 739 | Reward -300.00 | Epsilon 0.0100
Seed 15 | Episode 740 | Reward -300.00 | Epsilon 0.0100
Seed 15 | Episode 741 | Reward -300.00 | Epsilon 0.0100
Seed 15 | Episode 742 | Reward -300.00 | Epsilon 0.0100
Seed 15 | Episode 743 | Reward 66.00 | Epsilon 0.0100
Seed 15 | Episode 744 | Reward -300.00 | Epsilon 0.0100
Seed 15 | Episode 745 | Reward -300.00 | Epsilon 0.0100
Seed 15 | Episode 746 | Reward -300.00 | Epsilon 0.0100
Seed 15 | Episode 747 | Reward -300.00 | Epsilon 0.0100
Seed 15 | Episode 748 | Reward -57.00 | Epsilon 0.0100
Seed 15 | Episode 749 | Reward -300.00 | Epsilon 0.0100
Seed 15 | Episode 750 | Reward -300.00 | Epsilon 0.0100
Seed 15 | Episode 751 | Reward -300.00 | Epsilon 0.0100
Seed 15 | Episode 752 | Reward -300.00 | Epsilon 0.0100
Seed 15 | Episode 753 | Reward -300.00 | Epsilon 0.0100
Seed 15 | Episode 754 | Reward -300.00 | Epsilon 0.0100
Seed 15 | Episode 755 | Reward -10.00 | Epsilon 0.0100
Seed 15 | Episode 756 | Reward -300.00 | Epsilon 0.0100
Seed 15 | Episode 757 | Reward -300.00 | Epsilon 0.0100
Seed 15 | Episode 758 | Reward -300.00 | Epsilon 0.0100
Seed 15 | Episode 759 | Reward -300.00 | Epsilon 0.0100
Seed 15 | Episode 760 | Reward 66.00 | Epsilon 0.0100
Seed 15 | Episode 761 | Reward -300.00 | Epsilon 0.0100
Seed 15 | Episode 762 | Reward -300.00 | Epsilon 0.0100
Seed 15 | Episode 763 | Reward -300.00 | Epsilon 0.0100
Seed 15 | Episode 764 | Reward -300.00 | Epsilon 0.0100
Seed 15 | Episode 765 | Reward -162.00 | Epsilon 0.0100
Seed 15 | Episode 766 | Reward -300.00 | Epsilon 0.0100
Seed 15 | Episode 767 | Reward 50.00 | Epsilon 0.0100
Seed 15 | Episode 768 | Reward 44.00 | Epsilon 0.0100
Seed 15 | Episode 769 | Reward -300.00 | Epsilon 0.0100
Seed 15 | Episode 770 | Reward -19.00 | Epsilon 0.0100
Seed 15 | Episode 771 | Reward -18.00 | Epsilon 0.0100
Seed 15 | Episode 772 | Reward -300.00 | Epsilon 0.0100
Seed 15 | Episode 773 | Reward -300.00 | Epsilon 0.0100
Seed 15 | Episode 774 | Reward -300.00 | Epsilon 0.0100
Seed 15 | Episode 775 | Reward -300.00 | Epsilon 0.0100
Seed 15 | Episode 776 | Reward -300.00 | Epsilon 0.0100
Seed 15 | Episode 777 | Reward -300.00 | Epsilon 0.0100
Seed 15 | Episode 778 | Reward -300.00 | Epsilon 0.0100
Seed 15 | Episode 779 | Reward -2.00 | Epsilon 0.0100
Seed 15 | Episode 780 | Reward -115.00 | Epsilon 0.0100
Seed 15 | Episode 781 | Reward -300.00 | Epsilon 0.0100
Seed 15 | Episode 782 | Reward -300.00 | Epsilon 0.0100
Seed 15 | Episode 783 | Reward -300.00 | Epsilon 0.0100
Seed 15 | Episode 784 | Reward -300.00 | Epsilon 0.0100
Seed 15 | Episode 785 | Reward -300.00 | Epsilon 0.0100
Seed 15 | Episode 786 | Reward -300.00 | Epsilon 0.0100
Seed 15 | Episode 787 | Reward -300.00 | Epsilon 0.0100
Seed 15 | Episode 788 | Reward -300.00 | Epsilon 0.0100
Seed 15 | Episode 789 | Reward -79.00 | Epsilon 0.0100
Seed 15 | Episode 790 | Reward -300.00 | Epsilon 0.0100
Seed 15 | Episode 791 | Reward -195.00 | Epsilon 0.0100
Seed 15 | Episode 792 | Reward -300.00 | Epsilon 0.0100
Seed 15 | Episode 793 | Reward -300.00 | Epsilon 0.0100
Seed 15 | Episode 794 | Reward -70.00 | Epsilon 0.0100
Seed 15 | Episode 795 | Reward -300.00 | Epsilon 0.0100
Seed 15 | Episode 796 | Reward -300.00 | Epsilon 0.0100
Seed 15 | Episode 797 | Reward -300.00 | Epsilon 0.0100
Seed 15 | Episode 798 | Reward -300.00 | Epsilon 0.0100
Seed 15 | Episode 799 | Reward -300.00 | Epsilon 0.0100
Seed 15 | Episode 800 | Reward -300.00 | Epsilon 0.0100
Seed 15 | Episode 801 | Reward -17.00 | Epsilon 0.0100
Seed 15 | Episode 802 | Reward -300.00 | Epsilon 0.0100
Seed 15 | Episode 803 | Reward -63.00 | Epsilon 0.0100
Seed 15 | Episode 804 | Reward -300.00 | Epsilon 0.0100
Seed 15 | Episode 805 | Reward -300.00 | Epsilon 0.0100
Seed 15 | Episode 806 | Reward -300.00 | Epsilon 0.0100
Seed 15 | Episode 807 | Reward -90.00 | Epsilon 0.0100
Seed 15 | Episode 808 | Reward -300.00 | Epsilon 0.0100
Seed 15 | Episode 809 | Reward -300.00 | Epsilon 0.0100
Seed 15 | Episode 810 | Reward -300.00 | Epsilon 0.0100
Seed 15 | Episode 811 | Reward -300.00 | Epsilon 0.0100
Seed 15 | Episode 812 | Reward 62.00 | Epsilon 0.0100
Seed 15 | Episode 813 | Reward -300.00 | Epsilon 0.0100
Seed 15 | Episode 814 | Reward 43.00 | Epsilon 0.0100
Seed 15 | Episode 815 | Reward -300.00 | Epsilon 0.0100
Seed 15 | Episode 816 | Reward -15.00 | Epsilon 0.0100
Seed 15 | Episode 817 | Reward -300.00 | Epsilon 0.0100
Seed 15 | Episode 818 | Reward -150.00 | Epsilon 0.0100
Seed 15 | Episode 819 | Reward -300.00 | Epsilon 0.0100
Seed 15 | Episode 820 | Reward -300.00 | Epsilon 0.0100
Seed 15 | Episode 821 | Reward -8.00 | Epsilon 0.0100
Seed 15 | Episode 822 | Reward -132.00 | Epsilon 0.0100
Seed 15 | Episode 823 | Reward -300.00 | Epsilon 0.0100
Seed 15 | Episode 824 | Reward -300.00 | Epsilon 0.0100
Seed 15 | Episode 825 | Reward -161.00 | Epsilon 0.0100
Seed 15 | Episode 826 | Reward 45.00 | Epsilon 0.0100
Seed 15 | Episode 827 | Reward 56.00 | Epsilon 0.0100
Seed 15 | Episode 828 | Reward 59.00 | Epsilon 0.0100
Seed 15 | Episode 829 | Reward 51.00 | Epsilon 0.0100
Seed 15 | Episode 830 | Reward -22.00 | Epsilon 0.0100
Seed 15 | Episode 831 | Reward -12.00 | Epsilon 0.0100
Seed 15 | Episode 832 | Reward 56.00 | Epsilon 0.0100
Seed 15 | Episode 833 | Reward 42.00 | Epsilon 0.0100
Seed 15 | Episode 834 | Reward 62.00 | Epsilon 0.0100
Seed 15 | Episode 835 | Reward -184.00 | Epsilon 0.0100
Seed 15 | Episode 836 | Reward -8.00 | Epsilon 0.0100
Seed 15 | Episode 837 | Reward -149.00 | Epsilon 0.0100
Seed 15 | Episode 838 | Reward -72.00 | Epsilon 0.0100
Seed 15 | Episode 839 | Reward 1.00 | Epsilon 0.0100
Seed 15 | Episode 840 | Reward 6.00 | Epsilon 0.0100
Seed 15 | Episode 841 | Reward -171.00 | Epsilon 0.0100
Seed 15 | Episode 842 | Reward 7.00 | Epsilon 0.0100
Seed 15 | Episode 843 | Reward -158.00 | Epsilon 0.0100
Seed 15 | Episode 844 | Reward 60.00 | Epsilon 0.0100
Seed 15 | Episode 845 | Reward -172.00 | Epsilon 0.0100
Seed 15 | Episode 846 | Reward 41.00 | Epsilon 0.0100
Seed 15 | Episode 847 | Reward 21.00 | Epsilon 0.0100
Seed 15 | Episode 848 | Reward -122.00 | Epsilon 0.0100
Seed 15 | Episode 849 | Reward -176.00 | Epsilon 0.0100
Seed 15 | Episode 850 | Reward -10.00 | Epsilon 0.0100
Seed 15 | Episode 851 | Reward -21.00 | Epsilon 0.0100
Seed 15 | Episode 852 | Reward 57.00 | Epsilon 0.0100
Seed 15 | Episode 853 | Reward 0.00 | Epsilon 0.0100
Seed 15 | Episode 854 | Reward 48.00 | Epsilon 0.0100
Seed 15 | Episode 855 | Reward -80.00 | Epsilon 0.0100
Seed 15 | Episode 856 | Reward 53.00 | Epsilon 0.0100
Seed 15 | Episode 857 | Reward 33.00 | Epsilon 0.0100
Seed 15 | Episode 858 | Reward -35.00 | Epsilon 0.0100
Seed 15 | Episode 859 | Reward 7.00 | Epsilon 0.0100
Seed 15 | Episode 860 | Reward -156.00 | Epsilon 0.0100
Seed 15 | Episode 861 | Reward 55.00 | Epsilon 0.0100
Seed 15 | Episode 862 | Reward 62.00 | Epsilon 0.0100
Seed 15 | Episode 863 | Reward -300.00 | Epsilon 0.0100
Seed 15 | Episode 864 | Reward 49.00 | Epsilon 0.0100
Seed 15 | Episode 865 | Reward -7.00 | Epsilon 0.0100
Seed 15 | Episode 866 | Reward -67.00 | Epsilon 0.0100
Seed 15 | Episode 867 | Reward -19.00 | Epsilon 0.0100
Seed 15 | Episode 868 | Reward -25.00 | Epsilon 0.0100
Seed 15 | Episode 869 | Reward -112.00 | Epsilon 0.0100
Seed 15 | Episode 870 | Reward -28.00 | Epsilon 0.0100
Seed 15 | Episode 871 | Reward 0.00 | Epsilon 0.0100
Seed 15 | Episode 872 | Reward -17.00 | Epsilon 0.0100
Seed 15 | Episode 873 | Reward -70.00 | Epsilon 0.0100
Seed 15 | Episode 874 | Reward 62.00 | Epsilon 0.0100
Seed 15 | Episode 875 | Reward -51.00 | Epsilon 0.0100
Seed 15 | Episode 876 | Reward 43.00 | Epsilon 0.0100
Seed 15 | Episode 877 | Reward 53.00 | Epsilon 0.0100
Seed 15 | Episode 878 | Reward 58.00 | Epsilon 0.0100
Seed 15 | Episode 879 | Reward -64.00 | Epsilon 0.0100
Seed 15 | Episode 880 | Reward -51.00 | Epsilon 0.0100
Seed 15 | Episode 881 | Reward 41.00 | Epsilon 0.0100
Seed 15 | Episode 882 | Reward -57.00 | Epsilon 0.0100
Seed 15 | Episode 883 | Reward -300.00 | Epsilon 0.0100
Seed 15 | Episode 884 | Reward 39.00 | Epsilon 0.0100
Seed 15 | Episode 885 | Reward 22.00 | Epsilon 0.0100
Seed 15 | Episode 886 | Reward 45.00 | Epsilon 0.0100
Seed 15 | Episode 887 | Reward 6.00 | Epsilon 0.0100
Seed 15 | Episode 888 | Reward -127.00 | Epsilon 0.0100
Seed 15 | Episode 889 | Reward -173.00 | Epsilon 0.0100
Seed 15 | Episode 890 | Reward 4.00 | Epsilon 0.0100
Seed 15 | Episode 891 | Reward 7.00 | Epsilon 0.0100
Seed 15 | Episode 892 | Reward 52.00 | Epsilon 0.0100
Seed 15 | Episode 893 | Reward -43.00 | Epsilon 0.0100
Seed 15 | Episode 894 | Reward -90.00 | Epsilon 0.0100
Seed 15 | Episode 895 | Reward 44.00 | Epsilon 0.0100
Seed 15 | Episode 896 | Reward 57.00 | Epsilon 0.0100
Seed 15 | Episode 897 | Reward 3.00 | Epsilon 0.0100
Seed 15 | Episode 898 | Reward 47.00 | Epsilon 0.0100
Seed 15 | Episode 899 | Reward -158.00 | Epsilon 0.0100
Seed 15 | Episode 900 | Reward -142.00 | Epsilon 0.0100
Seed 15 | Episode 901 | Reward 61.00 | Epsilon 0.0100
Seed 15 | Episode 902 | Reward 13.00 | Epsilon 0.0100
Seed 15 | Episode 903 | Reward -61.00 | Epsilon 0.0100
Seed 15 | Episode 904 | Reward 52.00 | Epsilon 0.0100
Seed 15 | Episode 905 | Reward 53.00 | Epsilon 0.0100
Seed 15 | Episode 906 | Reward 55.00 | Epsilon 0.0100
Seed 15 | Episode 907 | Reward 45.00 | Epsilon 0.0100
Seed 15 | Episode 908 | Reward 59.00 | Epsilon 0.0100
Seed 15 | Episode 909 | Reward 57.00 | Epsilon 0.0100
Seed 15 | Episode 910 | Reward 55.00 | Epsilon 0.0100
Seed 15 | Episode 911 | Reward 48.00 | Epsilon 0.0100
Seed 15 | Episode 912 | Reward 39.00 | Epsilon 0.0100
Seed 15 | Episode 913 | Reward 45.00 | Epsilon 0.0100
Seed 15 | Episode 914 | Reward 48.00 | Epsilon 0.0100
Seed 15 | Episode 915 | Reward 51.00 | Epsilon 0.0100
Seed 15 | Episode 916 | Reward 36.00 | Epsilon 0.0100
Seed 15 | Episode 917 | Reward 46.00 | Epsilon 0.0100
Seed 15 | Episode 918 | Reward 39.00 | Epsilon 0.0100
Seed 15 | Episode 919 | Reward -2.00 | Epsilon 0.0100
Seed 15 | Episode 920 | Reward 56.00 | Epsilon 0.0100
Seed 15 | Episode 921 | Reward 54.00 | Epsilon 0.0100
Seed 15 | Episode 922 | Reward -59.00 | Epsilon 0.0100
Seed 15 | Episode 923 | Reward -20.00 | Epsilon 0.0100
Seed 15 | Episode 924 | Reward 43.00 | Epsilon 0.0100
Seed 15 | Episode 925 | Reward 16.00 | Epsilon 0.0100
Seed 15 | Episode 926 | Reward 44.00 | Epsilon 0.0100
Seed 15 | Episode 927 | Reward 58.00 | Epsilon 0.0100
Seed 15 | Episode 928 | Reward 52.00 | Epsilon 0.0100
Seed 15 | Episode 929 | Reward 47.00 | Epsilon 0.0100
Seed 15 | Episode 930 | Reward 45.00 | Epsilon 0.0100
Seed 15 | Episode 931 | Reward 60.00 | Epsilon 0.0100
Seed 15 | Episode 932 | Reward 40.00 | Epsilon 0.0100
Seed 15 | Episode 933 | Reward 45.00 | Epsilon 0.0100
Seed 15 | Episode 934 | Reward 63.00 | Epsilon 0.0100
Seed 15 | Episode 935 | Reward 43.00 | Epsilon 0.0100
Seed 15 | Episode 936 | Reward 41.00 | Epsilon 0.0100
Seed 15 | Episode 937 | Reward 58.00 | Epsilon 0.0100
Seed 15 | Episode 938 | Reward 45.00 | Epsilon 0.0100
Seed 15 | Episode 939 | Reward 57.00 | Epsilon 0.0100
Seed 15 | Episode 940 | Reward 42.00 | Epsilon 0.0100
Seed 15 | Episode 941 | Reward 46.00 | Epsilon 0.0100
Seed 15 | Episode 942 | Reward 35.00 | Epsilon 0.0100
Seed 15 | Episode 943 | Reward 42.00 | Epsilon 0.0100
Seed 15 | Episode 944 | Reward -23.00 | Epsilon 0.0100
Seed 15 | Episode 945 | Reward 61.00 | Epsilon 0.0100
Seed 15 | Episode 946 | Reward 41.00 | Epsilon 0.0100
Seed 15 | Episode 947 | Reward 52.00 | Epsilon 0.0100
Seed 15 | Episode 948 | Reward 42.00 | Epsilon 0.0100
Seed 15 | Episode 949 | Reward 40.00 | Epsilon 0.0100
Seed 15 | Episode 950 | Reward 37.00 | Epsilon 0.0100
Seed 15 | Episode 951 | Reward 50.00 | Epsilon 0.0100
Seed 15 | Episode 952 | Reward 42.00 | Epsilon 0.0100
Seed 15 | Episode 953 | Reward 48.00 | Epsilon 0.0100
Seed 15 | Episode 954 | Reward 60.00 | Epsilon 0.0100
Seed 15 | Episode 955 | Reward 47.00 | Epsilon 0.0100
Seed 15 | Episode 956 | Reward 37.00 | Epsilon 0.0100
Seed 15 | Episode 957 | Reward 39.00 | Epsilon 0.0100
Seed 15 | Episode 958 | Reward 61.00 | Epsilon 0.0100
Seed 15 | Episode 959 | Reward 40.00 | Epsilon 0.0100
Seed 15 | Episode 960 | Reward 46.00 | Epsilon 0.0100
Seed 15 | Episode 961 | Reward 52.00 | Epsilon 0.0100
Seed 15 | Episode 962 | Reward 41.00 | Epsilon 0.0100
Seed 15 | Episode 963 | Reward 60.00 | Epsilon 0.0100
Seed 15 | Episode 964 | Reward 55.00 | Epsilon 0.0100
Seed 15 | Episode 965 | Reward 57.00 | Epsilon 0.0100
Seed 15 | Episode 966 | Reward 65.00 | Epsilon 0.0100
Seed 15 | Episode 967 | Reward 51.00 | Epsilon 0.0100
Seed 15 | Episode 968 | Reward 42.00 | Epsilon 0.0100
Seed 15 | Episode 969 | Reward 60.00 | Epsilon 0.0100
Seed 15 | Episode 970 | Reward 40.00 | Epsilon 0.0100
Seed 15 | Episode 971 | Reward 36.00 | Epsilon 0.0100
Seed 15 | Episode 972 | Reward 46.00 | Epsilon 0.0100
Seed 15 | Episode 973 | Reward 40.00 | Epsilon 0.0100
Seed 15 | Episode 974 | Reward 11.00 | Epsilon 0.0100
Seed 15 | Episode 975 | Reward 63.00 | Epsilon 0.0100
Seed 15 | Episode 976 | Reward 51.00 | Epsilon 0.0100
Seed 15 | Episode 977 | Reward 50.00 | Epsilon 0.0100
Seed 15 | Episode 978 | Reward 58.00 | Epsilon 0.0100
Seed 15 | Episode 979 | Reward 53.00 | Epsilon 0.0100
Seed 15 | Episode 980 | Reward 45.00 | Epsilon 0.0100
Seed 15 | Episode 981 | Reward 63.00 | Epsilon 0.0100
Seed 15 | Episode 982 | Reward 42.00 | Epsilon 0.0100
Seed 15 | Episode 983 | Reward 56.00 | Epsilon 0.0100
Seed 15 | Episode 984 | Reward 53.00 | Epsilon 0.0100
Seed 15 | Episode 985 | Reward 56.00 | Epsilon 0.0100
Seed 15 | Episode 986 | Reward 63.00 | Epsilon 0.0100
Seed 15 | Episode 987 | Reward 36.00 | Epsilon 0.0100
Seed 15 | Episode 988 | Reward 60.00 | Epsilon 0.0100
Seed 15 | Episode 989 | Reward 49.00 | Epsilon 0.0100
Seed 15 | Episode 990 | Reward 49.00 | Epsilon 0.0100
Seed 15 | Episode 991 | Reward 43.00 | Epsilon 0.0100
Seed 15 | Episode 992 | Reward 43.00 | Epsilon 0.0100
Seed 15 | Episode 993 | Reward 6.00 | Epsilon 0.0100
Seed 15 | Episode 994 | Reward 43.00 | Epsilon 0.0100
Seed 15 | Episode 995 | Reward 48.00 | Epsilon 0.0100
Seed 15 | Episode 996 | Reward 64.00 | Epsilon 0.0100
Seed 15 | Episode 997 | Reward 50.00 | Epsilon 0.0100
Seed 15 | Episode 998 | Reward 51.00 | Epsilon 0.0100
Seed 15 | Episode 999 | Reward 57.00 | Epsilon 0.0100
Finished seed 15
