starting job
Sun Dec  7 19:44:34 2025       
+-----------------------------------------------------------------------------------------+
| NVIDIA-SMI 580.65.06              Driver Version: 580.65.06      CUDA Version: 13.0     |
+-----------------------------------------+------------------------+----------------------+
| GPU  Name                 Persistence-M | Bus-Id          Disp.A | Volatile Uncorr. ECC |
| Fan  Temp   Perf          Pwr:Usage/Cap |           Memory-Usage | GPU-Util  Compute M. |
|                                         |                        |               MIG M. |
|=========================================+========================+======================|
|   0  NVIDIA H100 80GB HBM3          On  |   00000000:46:00.0 Off |                   On |
| N/A   31C    P0            283W /  700W |    7400MiB /  81559MiB |     N/A      Default |
|                                         |                        |              Enabled |
+-----------------------------------------+------------------------+----------------------+

+-----------------------------------------------------------------------------------------+
| MIG devices:                                                                            |
+------------------+----------------------------------+-----------+-----------------------+
| GPU  GI  CI  MIG |              Shared Memory-Usage |        Vol|        Shared         |
|      ID  ID  Dev |                Shared BAR1-Usage | SM     Unc| CE ENC  DEC  OFA  JPG |
|                  |                                  |        ECC|                       |
|==================+==================================+===========+=======================|
|  0   10   0   0  |              15MiB /  9984MiB    | 16      0 |  1   0    1    0    1 |
|                  |               0MiB /  6185MiB    |           |                       |
+------------------+----------------------------------+-----------+-----------------------+

+-----------------------------------------------------------------------------------------+
| Processes:                                                                              |
|  GPU   GI   CI              PID   Type   Process name                        GPU Memory |
|        ID   ID                                                               Usage      |
|=========================================================================================|
|  No running processes found                                                             |
+-----------------------------------------------------------------------------------------+
Running seed 11
Gym has been unmaintained since 2022 and does not support NumPy 2.0 amongst other critical functionality.
Please upgrade to Gymnasium, the maintained drop-in replacement of Gym, or contact the authors of your software and request that they upgrade.
Users of this version of Gym should be able to simply replace 'import gym' with 'import gymnasium as gym' in the vast majority of cases.
See the migration guide at https://gymnasium.farama.org/introduction/migration_guide/ for additional information.
Seed 11 | Episode 0 | Reward -300.00 | Epsilon 0.9987
Seed 11 | Episode 1 | Reward -300.00 | Epsilon 0.9897
Seed 11 | Episode 2 | Reward -300.00 | Epsilon 0.9808
Seed 11 | Episode 3 | Reward 59.00 | Epsilon 0.9796
Seed 11 | Episode 4 | Reward -300.00 | Epsilon 0.9708
Seed 11 | Episode 5 | Reward -300.00 | Epsilon 0.9621
Seed 11 | Episode 6 | Reward -300.00 | Epsilon 0.9535
Seed 11 | Episode 7 | Reward -300.00 | Epsilon 0.9450
Seed 11 | Episode 8 | Reward -300.00 | Epsilon 0.9365
Seed 11 | Episode 9 | Reward -300.00 | Epsilon 0.9281
Seed 11 | Episode 10 | Reward 3.00 | Epsilon 0.9254
Seed 11 | Episode 11 | Reward -300.00 | Epsilon 0.9171
Seed 11 | Episode 12 | Reward -300.00 | Epsilon 0.9089
Seed 11 | Episode 13 | Reward -300.00 | Epsilon 0.9007
Seed 11 | Episode 14 | Reward -300.00 | Epsilon 0.8927
Seed 11 | Episode 15 | Reward -300.00 | Epsilon 0.8847
Seed 11 | Episode 16 | Reward -300.00 | Epsilon 0.8767
Seed 11 | Episode 17 | Reward -300.00 | Epsilon 0.8689
Seed 11 | Episode 18 | Reward -300.00 | Epsilon 0.8611
Seed 11 | Episode 19 | Reward -300.00 | Epsilon 0.8534
Seed 11 | Episode 20 | Reward -300.00 | Epsilon 0.8457
Seed 11 | Episode 21 | Reward -300.00 | Epsilon 0.8382
Seed 11 | Episode 22 | Reward -300.00 | Epsilon 0.8306
Seed 11 | Episode 23 | Reward -300.00 | Epsilon 0.8232
Seed 11 | Episode 24 | Reward -300.00 | Epsilon 0.8158
Seed 11 | Episode 25 | Reward -300.00 | Epsilon 0.8085
Seed 11 | Episode 26 | Reward -300.00 | Epsilon 0.8013
Seed 11 | Episode 27 | Reward -300.00 | Epsilon 0.7941
Seed 11 | Episode 28 | Reward -300.00 | Epsilon 0.7870
Seed 11 | Episode 29 | Reward -300.00 | Epsilon 0.7799
Seed 11 | Episode 30 | Reward -300.00 | Epsilon 0.7729
Seed 11 | Episode 31 | Reward -300.00 | Epsilon 0.7660
Seed 11 | Episode 32 | Reward -300.00 | Epsilon 0.7592
Seed 11 | Episode 33 | Reward -300.00 | Epsilon 0.7523
Seed 11 | Episode 34 | Reward -300.00 | Epsilon 0.7456
Seed 11 | Episode 35 | Reward -300.00 | Epsilon 0.7389
Seed 11 | Episode 36 | Reward -300.00 | Epsilon 0.7323
Seed 11 | Episode 37 | Reward -300.00 | Epsilon 0.7257
Seed 11 | Episode 38 | Reward -300.00 | Epsilon 0.7192
Seed 11 | Episode 39 | Reward -300.00 | Epsilon 0.7128
Seed 11 | Episode 40 | Reward -300.00 | Epsilon 0.7064
Seed 11 | Episode 41 | Reward -300.00 | Epsilon 0.7001
Seed 11 | Episode 42 | Reward -300.00 | Epsilon 0.6938
Seed 11 | Episode 43 | Reward -300.00 | Epsilon 0.6876
Seed 11 | Episode 44 | Reward -300.00 | Epsilon 0.6814
Seed 11 | Episode 45 | Reward 53.00 | Epsilon 0.6805
Seed 11 | Episode 46 | Reward -300.00 | Epsilon 0.6744
Seed 11 | Episode 47 | Reward -300.00 | Epsilon 0.6683
Seed 11 | Episode 48 | Reward -300.00 | Epsilon 0.6623
Seed 11 | Episode 49 | Reward -300.00 | Epsilon 0.6564
Seed 11 | Episode 50 | Reward -300.00 | Epsilon 0.6505
Seed 11 | Episode 51 | Reward -300.00 | Epsilon 0.6447
Seed 11 | Episode 52 | Reward -300.00 | Epsilon 0.6389
Seed 11 | Episode 53 | Reward -300.00 | Epsilon 0.6332
Seed 11 | Episode 54 | Reward -300.00 | Epsilon 0.6275
Seed 11 | Episode 55 | Reward -300.00 | Epsilon 0.6219
Seed 11 | Episode 56 | Reward -300.00 | Epsilon 0.6163
Seed 11 | Episode 57 | Reward -300.00 | Epsilon 0.6108
Seed 11 | Episode 58 | Reward -300.00 | Epsilon 0.6053
Seed 11 | Episode 59 | Reward -300.00 | Epsilon 0.5999
Seed 11 | Episode 60 | Reward -300.00 | Epsilon 0.5945
Seed 11 | Episode 61 | Reward -300.00 | Epsilon 0.5892
Seed 11 | Episode 62 | Reward -300.00 | Epsilon 0.5839
Seed 11 | Episode 63 | Reward -300.00 | Epsilon 0.5787
Seed 11 | Episode 64 | Reward -300.00 | Epsilon 0.5735
Seed 11 | Episode 65 | Reward -300.00 | Epsilon 0.5684
Seed 11 | Episode 66 | Reward -300.00 | Epsilon 0.5633
Seed 11 | Episode 67 | Reward -300.00 | Epsilon 0.5582
Seed 11 | Episode 68 | Reward -300.00 | Epsilon 0.5532
Seed 11 | Episode 69 | Reward -300.00 | Epsilon 0.5483
Seed 11 | Episode 70 | Reward -300.00 | Epsilon 0.5434
Seed 11 | Episode 71 | Reward 43.00 | Epsilon 0.5424
Seed 11 | Episode 72 | Reward -300.00 | Epsilon 0.5375
Seed 11 | Episode 73 | Reward -300.00 | Epsilon 0.5327
Seed 11 | Episode 74 | Reward -300.00 | Epsilon 0.5280
Seed 11 | Episode 75 | Reward -300.00 | Epsilon 0.5232
Seed 11 | Episode 76 | Reward -300.00 | Epsilon 0.5185
Seed 11 | Episode 77 | Reward -300.00 | Epsilon 0.5139
Seed 11 | Episode 78 | Reward -300.00 | Epsilon 0.5093
Seed 11 | Episode 79 | Reward -300.00 | Epsilon 0.5047
Seed 11 | Episode 80 | Reward -300.00 | Epsilon 0.5002
Seed 11 | Episode 81 | Reward -300.00 | Epsilon 0.4957
Seed 11 | Episode 82 | Reward -300.00 | Epsilon 0.4913
Seed 11 | Episode 83 | Reward -300.00 | Epsilon 0.4869
Seed 11 | Episode 84 | Reward -300.00 | Epsilon 0.4825
Seed 11 | Episode 85 | Reward -300.00 | Epsilon 0.4782
Seed 11 | Episode 86 | Reward -300.00 | Epsilon 0.4739
Seed 11 | Episode 87 | Reward -300.00 | Epsilon 0.4697
Seed 11 | Episode 88 | Reward -300.00 | Epsilon 0.4655
Seed 11 | Episode 89 | Reward -300.00 | Epsilon 0.4613
Seed 11 | Episode 90 | Reward -300.00 | Epsilon 0.4572
Seed 11 | Episode 91 | Reward -300.00 | Epsilon 0.4531
Seed 11 | Episode 92 | Reward -300.00 | Epsilon 0.4490
Seed 11 | Episode 93 | Reward -300.00 | Epsilon 0.4450
Seed 11 | Episode 94 | Reward -300.00 | Epsilon 0.4410
Seed 11 | Episode 95 | Reward -300.00 | Epsilon 0.4370
Seed 11 | Episode 96 | Reward -300.00 | Epsilon 0.4331
Seed 11 | Episode 97 | Reward -300.00 | Epsilon 0.4292
Seed 11 | Episode 98 | Reward -300.00 | Epsilon 0.4254
Seed 11 | Episode 99 | Reward -300.00 | Epsilon 0.4216
Seed 11 | Episode 100 | Reward -300.00 | Epsilon 0.4178
Seed 11 | Episode 101 | Reward -300.00 | Epsilon 0.4141
Seed 11 | Episode 102 | Reward -300.00 | Epsilon 0.4104
Seed 11 | Episode 103 | Reward -300.00 | Epsilon 0.4067
Seed 11 | Episode 104 | Reward -300.00 | Epsilon 0.4030
Seed 11 | Episode 105 | Reward -300.00 | Epsilon 0.3994
Seed 11 | Episode 106 | Reward -300.00 | Epsilon 0.3958
Seed 11 | Episode 107 | Reward -300.00 | Epsilon 0.3923
Seed 11 | Episode 108 | Reward -300.00 | Epsilon 0.3888
Seed 11 | Episode 109 | Reward -300.00 | Epsilon 0.3853
Seed 11 | Episode 110 | Reward -300.00 | Epsilon 0.3818
Seed 11 | Episode 111 | Reward -300.00 | Epsilon 0.3784
Seed 11 | Episode 112 | Reward -300.00 | Epsilon 0.3750
Seed 11 | Episode 113 | Reward -300.00 | Epsilon 0.3717
Seed 11 | Episode 114 | Reward -300.00 | Epsilon 0.3683
Seed 11 | Episode 115 | Reward -300.00 | Epsilon 0.3650
Seed 11 | Episode 116 | Reward -300.00 | Epsilon 0.3618
Seed 11 | Episode 117 | Reward -300.00 | Epsilon 0.3585
Seed 11 | Episode 118 | Reward -300.00 | Epsilon 0.3553
Seed 11 | Episode 119 | Reward -300.00 | Epsilon 0.3521
Seed 11 | Episode 120 | Reward -300.00 | Epsilon 0.3490
Seed 11 | Episode 121 | Reward -300.00 | Epsilon 0.3459
Seed 11 | Episode 122 | Reward -300.00 | Epsilon 0.3428
Seed 11 | Episode 123 | Reward -300.00 | Epsilon 0.3397
Seed 11 | Episode 124 | Reward -300.00 | Epsilon 0.3366
Seed 11 | Episode 125 | Reward -300.00 | Epsilon 0.3336
Seed 11 | Episode 126 | Reward -300.00 | Epsilon 0.3306
Seed 11 | Episode 127 | Reward -300.00 | Epsilon 0.3277
Seed 11 | Episode 128 | Reward -300.00 | Epsilon 0.3247
Seed 11 | Episode 129 | Reward -300.00 | Epsilon 0.3218
Seed 11 | Episode 130 | Reward -300.00 | Epsilon 0.3189
Seed 11 | Episode 131 | Reward -300.00 | Epsilon 0.3161
Seed 11 | Episode 132 | Reward -300.00 | Epsilon 0.3133
Seed 11 | Episode 133 | Reward -300.00 | Epsilon 0.3104
Seed 11 | Episode 134 | Reward -300.00 | Epsilon 0.3077
Seed 11 | Episode 135 | Reward -300.00 | Epsilon 0.3049
Seed 11 | Episode 136 | Reward -300.00 | Epsilon 0.3022
Seed 11 | Episode 137 | Reward -300.00 | Epsilon 0.2995
Seed 11 | Episode 138 | Reward -300.00 | Epsilon 0.2968
Seed 11 | Episode 139 | Reward -300.00 | Epsilon 0.2941
Seed 11 | Episode 140 | Reward -300.00 | Epsilon 0.2915
Seed 11 | Episode 141 | Reward -300.00 | Epsilon 0.2889
Seed 11 | Episode 142 | Reward -300.00 | Epsilon 0.2863
Seed 11 | Episode 143 | Reward -300.00 | Epsilon 0.2837
Seed 11 | Episode 144 | Reward -300.00 | Epsilon 0.2812
Seed 11 | Episode 145 | Reward -300.00 | Epsilon 0.2787
Seed 11 | Episode 146 | Reward -300.00 | Epsilon 0.2762
Seed 11 | Episode 147 | Reward -300.00 | Epsilon 0.2737
Seed 11 | Episode 148 | Reward -300.00 | Epsilon 0.2712
Seed 11 | Episode 149 | Reward -300.00 | Epsilon 0.2688
Seed 11 | Episode 150 | Reward -300.00 | Epsilon 0.2664
Seed 11 | Episode 151 | Reward -300.00 | Epsilon 0.2640
Seed 11 | Episode 152 | Reward -300.00 | Epsilon 0.2616
Seed 11 | Episode 153 | Reward -300.00 | Epsilon 0.2593
Seed 11 | Episode 154 | Reward -300.00 | Epsilon 0.2570
Seed 11 | Episode 155 | Reward -300.00 | Epsilon 0.2547
Seed 11 | Episode 156 | Reward -300.00 | Epsilon 0.2524
Seed 11 | Episode 157 | Reward -300.00 | Epsilon 0.2501
Seed 11 | Episode 158 | Reward -300.00 | Epsilon 0.2479
Seed 11 | Episode 159 | Reward -300.00 | Epsilon 0.2457
Seed 11 | Episode 160 | Reward -300.00 | Epsilon 0.2435
Seed 11 | Episode 161 | Reward -300.00 | Epsilon 0.2413
Seed 11 | Episode 162 | Reward -300.00 | Epsilon 0.2391
Seed 11 | Episode 163 | Reward -300.00 | Epsilon 0.2370
Seed 11 | Episode 164 | Reward -300.00 | Epsilon 0.2349
Seed 11 | Episode 165 | Reward -300.00 | Epsilon 0.2328
Seed 11 | Episode 166 | Reward -300.00 | Epsilon 0.2307
Seed 11 | Episode 167 | Reward -300.00 | Epsilon 0.2286
Seed 11 | Episode 168 | Reward -300.00 | Epsilon 0.2266
Seed 11 | Episode 169 | Reward -300.00 | Epsilon 0.2245
Seed 11 | Episode 170 | Reward -300.00 | Epsilon 0.2225
Seed 11 | Episode 171 | Reward -300.00 | Epsilon 0.2205
Seed 11 | Episode 172 | Reward -300.00 | Epsilon 0.2185
Seed 11 | Episode 173 | Reward -300.00 | Epsilon 0.2166
Seed 11 | Episode 174 | Reward -300.00 | Epsilon 0.2146
Seed 11 | Episode 175 | Reward -300.00 | Epsilon 0.2127
Seed 11 | Episode 176 | Reward -300.00 | Epsilon 0.2108
Seed 11 | Episode 177 | Reward -300.00 | Epsilon 0.2089
Seed 11 | Episode 178 | Reward -300.00 | Epsilon 0.2071
Seed 11 | Episode 179 | Reward -300.00 | Epsilon 0.2052
Seed 11 | Episode 180 | Reward -300.00 | Epsilon 0.2034
Seed 11 | Episode 181 | Reward -300.00 | Epsilon 0.2015
Seed 11 | Episode 182 | Reward -300.00 | Epsilon 0.1997
Seed 11 | Episode 183 | Reward -300.00 | Epsilon 0.1979
Seed 11 | Episode 184 | Reward -300.00 | Epsilon 0.1962
Seed 11 | Episode 185 | Reward -300.00 | Epsilon 0.1944
Seed 11 | Episode 186 | Reward -300.00 | Epsilon 0.1927
Seed 11 | Episode 187 | Reward -300.00 | Epsilon 0.1909
Seed 11 | Episode 188 | Reward -300.00 | Epsilon 0.1892
Seed 11 | Episode 189 | Reward -300.00 | Epsilon 0.1875
Seed 11 | Episode 190 | Reward -300.00 | Epsilon 0.1859
Seed 11 | Episode 191 | Reward -300.00 | Epsilon 0.1842
Seed 11 | Episode 192 | Reward -300.00 | Epsilon 0.1825
Seed 11 | Episode 193 | Reward -300.00 | Epsilon 0.1809
Seed 11 | Episode 194 | Reward -300.00 | Epsilon 0.1793
Seed 11 | Episode 195 | Reward -300.00 | Epsilon 0.1777
Seed 11 | Episode 196 | Reward -300.00 | Epsilon 0.1761
Seed 11 | Episode 197 | Reward -300.00 | Epsilon 0.1745
Seed 11 | Episode 198 | Reward -300.00 | Epsilon 0.1729
Seed 11 | Episode 199 | Reward -300.00 | Epsilon 0.1714
Seed 11 | Episode 200 | Reward -300.00 | Epsilon 0.1699
Seed 11 | Episode 201 | Reward -300.00 | Epsilon 0.1683
Seed 11 | Episode 202 | Reward -300.00 | Epsilon 0.1668
Seed 11 | Episode 203 | Reward -300.00 | Epsilon 0.1653
Seed 11 | Episode 204 | Reward -300.00 | Epsilon 0.1639
Seed 11 | Episode 205 | Reward -300.00 | Epsilon 0.1624
Seed 11 | Episode 206 | Reward -300.00 | Epsilon 0.1609
Seed 11 | Episode 207 | Reward -300.00 | Epsilon 0.1595
Seed 11 | Episode 208 | Reward -300.00 | Epsilon 0.1581
Seed 11 | Episode 209 | Reward -300.00 | Epsilon 0.1566
Seed 11 | Episode 210 | Reward -300.00 | Epsilon 0.1552
Seed 11 | Episode 211 | Reward -300.00 | Epsilon 0.1539
Seed 11 | Episode 212 | Reward -300.00 | Epsilon 0.1525
Seed 11 | Episode 213 | Reward -300.00 | Epsilon 0.1511
Seed 11 | Episode 214 | Reward -300.00 | Epsilon 0.1498
Seed 11 | Episode 215 | Reward -300.00 | Epsilon 0.1484
Seed 11 | Episode 216 | Reward -300.00 | Epsilon 0.1471
Seed 11 | Episode 217 | Reward -300.00 | Epsilon 0.1458
Seed 11 | Episode 218 | Reward -300.00 | Epsilon 0.1445
Seed 11 | Episode 219 | Reward -300.00 | Epsilon 0.1432
Seed 11 | Episode 220 | Reward -300.00 | Epsilon 0.1419
Seed 11 | Episode 221 | Reward -300.00 | Epsilon 0.1406
Seed 11 | Episode 222 | Reward -300.00 | Epsilon 0.1394
Seed 11 | Episode 223 | Reward -300.00 | Epsilon 0.1381
Seed 11 | Episode 224 | Reward -300.00 | Epsilon 0.1369
Seed 11 | Episode 225 | Reward -300.00 | Epsilon 0.1356
Seed 11 | Episode 226 | Reward -300.00 | Epsilon 0.1344
Seed 11 | Episode 227 | Reward -300.00 | Epsilon 0.1332
Seed 11 | Episode 228 | Reward -300.00 | Epsilon 0.1320
Seed 11 | Episode 229 | Reward -300.00 | Epsilon 0.1308
Seed 11 | Episode 230 | Reward -300.00 | Epsilon 0.1297
Seed 11 | Episode 231 | Reward -300.00 | Epsilon 0.1285
Seed 11 | Episode 232 | Reward -300.00 | Epsilon 0.1274
Seed 11 | Episode 233 | Reward -300.00 | Epsilon 0.1262
Seed 11 | Episode 234 | Reward -300.00 | Epsilon 0.1251
Seed 11 | Episode 235 | Reward -300.00 | Epsilon 0.1240
Seed 11 | Episode 236 | Reward -300.00 | Epsilon 0.1229
Seed 11 | Episode 237 | Reward -300.00 | Epsilon 0.1218
Seed 11 | Episode 238 | Reward -300.00 | Epsilon 0.1207
Seed 11 | Episode 239 | Reward -300.00 | Epsilon 0.1196
Seed 11 | Episode 240 | Reward -300.00 | Epsilon 0.1185
Seed 11 | Episode 241 | Reward -300.00 | Epsilon 0.1174
Seed 11 | Episode 242 | Reward -300.00 | Epsilon 0.1164
Seed 11 | Episode 243 | Reward -300.00 | Epsilon 0.1154
Seed 11 | Episode 244 | Reward -300.00 | Epsilon 0.1143
Seed 11 | Episode 245 | Reward -300.00 | Epsilon 0.1133
Seed 11 | Episode 246 | Reward -300.00 | Epsilon 0.1123
Seed 11 | Episode 247 | Reward -300.00 | Epsilon 0.1113
Seed 11 | Episode 248 | Reward -300.00 | Epsilon 0.1103
Seed 11 | Episode 249 | Reward -300.00 | Epsilon 0.1093
Seed 11 | Episode 250 | Reward -300.00 | Epsilon 0.1083
Seed 11 | Episode 251 | Reward -300.00 | Epsilon 0.1073
Seed 11 | Episode 252 | Reward -300.00 | Epsilon 0.1064
Seed 11 | Episode 253 | Reward -300.00 | Epsilon 0.1054
Seed 11 | Episode 254 | Reward -300.00 | Epsilon 0.1045
Seed 11 | Episode 255 | Reward -300.00 | Epsilon 0.1035
Seed 11 | Episode 256 | Reward -300.00 | Epsilon 0.1026
Seed 11 | Episode 257 | Reward -300.00 | Epsilon 0.1017
Seed 11 | Episode 258 | Reward -300.00 | Epsilon 0.1008
Seed 11 | Episode 259 | Reward -300.00 | Epsilon 0.0999
Seed 11 | Episode 260 | Reward -300.00 | Epsilon 0.0990
Seed 11 | Episode 261 | Reward -300.00 | Epsilon 0.0981
Seed 11 | Episode 262 | Reward -300.00 | Epsilon 0.0972
Seed 11 | Episode 263 | Reward -300.00 | Epsilon 0.0964
Seed 11 | Episode 264 | Reward -300.00 | Epsilon 0.0955
Seed 11 | Episode 265 | Reward -300.00 | Epsilon 0.0946
Seed 11 | Episode 266 | Reward -300.00 | Epsilon 0.0938
Seed 11 | Episode 267 | Reward -300.00 | Epsilon 0.0929
Seed 11 | Episode 268 | Reward -300.00 | Epsilon 0.0921
Seed 11 | Episode 269 | Reward -300.00 | Epsilon 0.0913
Seed 11 | Episode 270 | Reward -300.00 | Epsilon 0.0905
Seed 11 | Episode 271 | Reward -300.00 | Epsilon 0.0897
Seed 11 | Episode 272 | Reward -300.00 | Epsilon 0.0889
Seed 11 | Episode 273 | Reward -300.00 | Epsilon 0.0881
Seed 11 | Episode 274 | Reward -300.00 | Epsilon 0.0873
Seed 11 | Episode 275 | Reward -300.00 | Epsilon 0.0865
Seed 11 | Episode 276 | Reward -300.00 | Epsilon 0.0857
Seed 11 | Episode 277 | Reward -300.00 | Epsilon 0.0849
Seed 11 | Episode 278 | Reward -300.00 | Epsilon 0.0842
Seed 11 | Episode 279 | Reward -300.00 | Epsilon 0.0834
Seed 11 | Episode 280 | Reward -300.00 | Epsilon 0.0827
Seed 11 | Episode 281 | Reward -300.00 | Epsilon 0.0819
Seed 11 | Episode 282 | Reward -300.00 | Epsilon 0.0812
Seed 11 | Episode 283 | Reward -300.00 | Epsilon 0.0805
Seed 11 | Episode 284 | Reward -300.00 | Epsilon 0.0798
Seed 11 | Episode 285 | Reward -300.00 | Epsilon 0.0790
Seed 11 | Episode 286 | Reward -300.00 | Epsilon 0.0783
Seed 11 | Episode 287 | Reward -300.00 | Epsilon 0.0776
Seed 11 | Episode 288 | Reward -300.00 | Epsilon 0.0769
Seed 11 | Episode 289 | Reward -300.00 | Epsilon 0.0762
Seed 11 | Episode 290 | Reward -300.00 | Epsilon 0.0756
Seed 11 | Episode 291 | Reward -300.00 | Epsilon 0.0749
Seed 11 | Episode 292 | Reward -300.00 | Epsilon 0.0742
Seed 11 | Episode 293 | Reward -300.00 | Epsilon 0.0736
Seed 11 | Episode 294 | Reward -300.00 | Epsilon 0.0729
Seed 11 | Episode 295 | Reward -300.00 | Epsilon 0.0722
Seed 11 | Episode 296 | Reward -300.00 | Epsilon 0.0716
Seed 11 | Episode 297 | Reward -300.00 | Epsilon 0.0710
Seed 11 | Episode 298 | Reward -300.00 | Epsilon 0.0703
Seed 11 | Episode 299 | Reward -300.00 | Epsilon 0.0697
Seed 11 | Episode 300 | Reward -300.00 | Epsilon 0.0691
Seed 11 | Episode 301 | Reward -300.00 | Epsilon 0.0684
Seed 11 | Episode 302 | Reward -300.00 | Epsilon 0.0678
Seed 11 | Episode 303 | Reward -300.00 | Epsilon 0.0672
Seed 11 | Episode 304 | Reward -300.00 | Epsilon 0.0666
Seed 11 | Episode 305 | Reward -300.00 | Epsilon 0.0660
Seed 11 | Episode 306 | Reward -300.00 | Epsilon 0.0654
Seed 11 | Episode 307 | Reward -300.00 | Epsilon 0.0648
Seed 11 | Episode 308 | Reward -300.00 | Epsilon 0.0643
Seed 11 | Episode 309 | Reward -300.00 | Epsilon 0.0637
Seed 11 | Episode 310 | Reward -300.00 | Epsilon 0.0631
Seed 11 | Episode 311 | Reward -300.00 | Epsilon 0.0626
Seed 11 | Episode 312 | Reward -300.00 | Epsilon 0.0620
Seed 11 | Episode 313 | Reward -300.00 | Epsilon 0.0614
Seed 11 | Episode 314 | Reward -300.00 | Epsilon 0.0609
Seed 11 | Episode 315 | Reward -300.00 | Epsilon 0.0603
Seed 11 | Episode 316 | Reward -300.00 | Epsilon 0.0598
Seed 11 | Episode 317 | Reward -300.00 | Epsilon 0.0593
Seed 11 | Episode 318 | Reward -300.00 | Epsilon 0.0587
Seed 11 | Episode 319 | Reward -300.00 | Epsilon 0.0582
Seed 11 | Episode 320 | Reward -300.00 | Epsilon 0.0577
Seed 11 | Episode 321 | Reward -300.00 | Epsilon 0.0572
Seed 11 | Episode 322 | Reward -300.00 | Epsilon 0.0567
Seed 11 | Episode 323 | Reward -300.00 | Epsilon 0.0561
Seed 11 | Episode 324 | Reward -300.00 | Epsilon 0.0556
Seed 11 | Episode 325 | Reward -300.00 | Epsilon 0.0551
Seed 11 | Episode 326 | Reward -300.00 | Epsilon 0.0547
Seed 11 | Episode 327 | Reward -300.00 | Epsilon 0.0542
Seed 11 | Episode 328 | Reward -300.00 | Epsilon 0.0537
Seed 11 | Episode 329 | Reward -300.00 | Epsilon 0.0532
Seed 11 | Episode 330 | Reward -300.00 | Epsilon 0.0527
Seed 11 | Episode 331 | Reward -300.00 | Epsilon 0.0522
Seed 11 | Episode 332 | Reward -300.00 | Epsilon 0.0518
Seed 11 | Episode 333 | Reward -300.00 | Epsilon 0.0513
Seed 11 | Episode 334 | Reward -300.00 | Epsilon 0.0509
Seed 11 | Episode 335 | Reward -300.00 | Epsilon 0.0504
Seed 11 | Episode 336 | Reward -300.00 | Epsilon 0.0499
Seed 11 | Episode 337 | Reward -300.00 | Epsilon 0.0495
Seed 11 | Episode 338 | Reward -300.00 | Epsilon 0.0491
Seed 11 | Episode 339 | Reward -300.00 | Epsilon 0.0486
Seed 11 | Episode 340 | Reward -300.00 | Epsilon 0.0482
Seed 11 | Episode 341 | Reward -300.00 | Epsilon 0.0478
Seed 11 | Episode 342 | Reward -300.00 | Epsilon 0.0473
Seed 11 | Episode 343 | Reward -300.00 | Epsilon 0.0469
Seed 11 | Episode 344 | Reward -300.00 | Epsilon 0.0465
Seed 11 | Episode 345 | Reward -300.00 | Epsilon 0.0461
Seed 11 | Episode 346 | Reward -300.00 | Epsilon 0.0456
Seed 11 | Episode 347 | Reward -300.00 | Epsilon 0.0452
Seed 11 | Episode 348 | Reward -300.00 | Epsilon 0.0448
Seed 11 | Episode 349 | Reward -300.00 | Epsilon 0.0444
Seed 11 | Episode 350 | Reward -300.00 | Epsilon 0.0440
Seed 11 | Episode 351 | Reward -300.00 | Epsilon 0.0436
Seed 11 | Episode 352 | Reward -300.00 | Epsilon 0.0432
Seed 11 | Episode 353 | Reward -300.00 | Epsilon 0.0429
Seed 11 | Episode 354 | Reward -300.00 | Epsilon 0.0425
Seed 11 | Episode 355 | Reward -300.00 | Epsilon 0.0421
Seed 11 | Episode 356 | Reward -300.00 | Epsilon 0.0417
Seed 11 | Episode 357 | Reward -300.00 | Epsilon 0.0413
Seed 11 | Episode 358 | Reward -300.00 | Epsilon 0.0410
Seed 11 | Episode 359 | Reward -300.00 | Epsilon 0.0406
Seed 11 | Episode 360 | Reward -300.00 | Epsilon 0.0402
Seed 11 | Episode 361 | Reward -300.00 | Epsilon 0.0399
Seed 11 | Episode 362 | Reward -300.00 | Epsilon 0.0395
Seed 11 | Episode 363 | Reward -300.00 | Epsilon 0.0392
Seed 11 | Episode 364 | Reward 61.00 | Epsilon 0.0391
Seed 11 | Episode 365 | Reward -300.00 | Epsilon 0.0388
Seed 11 | Episode 366 | Reward -300.00 | Epsilon 0.0384
Seed 11 | Episode 367 | Reward -300.00 | Epsilon 0.0381
Seed 11 | Episode 368 | Reward -300.00 | Epsilon 0.0377
Seed 11 | Episode 369 | Reward -300.00 | Epsilon 0.0374
Seed 11 | Episode 370 | Reward -300.00 | Epsilon 0.0371
Seed 11 | Episode 371 | Reward -300.00 | Epsilon 0.0367
Seed 11 | Episode 372 | Reward -300.00 | Epsilon 0.0364
Seed 11 | Episode 373 | Reward -300.00 | Epsilon 0.0361
Seed 11 | Episode 374 | Reward -300.00 | Epsilon 0.0358
Seed 11 | Episode 375 | Reward -300.00 | Epsilon 0.0354
Seed 11 | Episode 376 | Reward -300.00 | Epsilon 0.0351
Seed 11 | Episode 377 | Reward -300.00 | Epsilon 0.0348
Seed 11 | Episode 378 | Reward -300.00 | Epsilon 0.0345
Seed 11 | Episode 379 | Reward -300.00 | Epsilon 0.0342
Seed 11 | Episode 380 | Reward -300.00 | Epsilon 0.0339
Seed 11 | Episode 381 | Reward -300.00 | Epsilon 0.0336
Seed 11 | Episode 382 | Reward -300.00 | Epsilon 0.0333
Seed 11 | Episode 383 | Reward -300.00 | Epsilon 0.0330
Seed 11 | Episode 384 | Reward -300.00 | Epsilon 0.0327
Seed 11 | Episode 385 | Reward -300.00 | Epsilon 0.0324
Seed 11 | Episode 386 | Reward -300.00 | Epsilon 0.0321
Seed 11 | Episode 387 | Reward -300.00 | Epsilon 0.0318
Seed 11 | Episode 388 | Reward -300.00 | Epsilon 0.0315
Seed 11 | Episode 389 | Reward -300.00 | Epsilon 0.0312
Seed 11 | Episode 390 | Reward -300.00 | Epsilon 0.0310
Seed 11 | Episode 391 | Reward -300.00 | Epsilon 0.0307
Seed 11 | Episode 392 | Reward -300.00 | Epsilon 0.0304
Seed 11 | Episode 393 | Reward -300.00 | Epsilon 0.0301
Seed 11 | Episode 394 | Reward -300.00 | Epsilon 0.0299
Seed 11 | Episode 395 | Reward -300.00 | Epsilon 0.0296
Seed 11 | Episode 396 | Reward -300.00 | Epsilon 0.0293
Seed 11 | Episode 397 | Reward -300.00 | Epsilon 0.0291
Seed 11 | Episode 398 | Reward -300.00 | Epsilon 0.0288
Seed 11 | Episode 399 | Reward -300.00 | Epsilon 0.0286
Seed 11 | Episode 400 | Reward -300.00 | Epsilon 0.0283
Seed 11 | Episode 401 | Reward -300.00 | Epsilon 0.0280
Seed 11 | Episode 402 | Reward -300.00 | Epsilon 0.0278
Seed 11 | Episode 403 | Reward -300.00 | Epsilon 0.0275
Seed 11 | Episode 404 | Reward -300.00 | Epsilon 0.0273
Seed 11 | Episode 405 | Reward -300.00 | Epsilon 0.0271
Seed 11 | Episode 406 | Reward -300.00 | Epsilon 0.0268
Seed 11 | Episode 407 | Reward -300.00 | Epsilon 0.0266
Seed 11 | Episode 408 | Reward -300.00 | Epsilon 0.0263
Seed 11 | Episode 409 | Reward -300.00 | Epsilon 0.0261
Seed 11 | Episode 410 | Reward -300.00 | Epsilon 0.0259
Seed 11 | Episode 411 | Reward -300.00 | Epsilon 0.0256
Seed 11 | Episode 412 | Reward -300.00 | Epsilon 0.0254
Seed 11 | Episode 413 | Reward -300.00 | Epsilon 0.0252
Seed 11 | Episode 414 | Reward -300.00 | Epsilon 0.0249
Seed 11 | Episode 415 | Reward -300.00 | Epsilon 0.0247
Seed 11 | Episode 416 | Reward -300.00 | Epsilon 0.0245
Seed 11 | Episode 417 | Reward -300.00 | Epsilon 0.0243
Seed 11 | Episode 418 | Reward -300.00 | Epsilon 0.0241
Seed 11 | Episode 419 | Reward -300.00 | Epsilon 0.0238
Seed 11 | Episode 420 | Reward -300.00 | Epsilon 0.0236
Seed 11 | Episode 421 | Reward -300.00 | Epsilon 0.0234
Seed 11 | Episode 422 | Reward -300.00 | Epsilon 0.0232
Seed 11 | Episode 423 | Reward -300.00 | Epsilon 0.0230
Seed 11 | Episode 424 | Reward -300.00 | Epsilon 0.0228
Seed 11 | Episode 425 | Reward -300.00 | Epsilon 0.0226
Seed 11 | Episode 426 | Reward -300.00 | Epsilon 0.0224
Seed 11 | Episode 427 | Reward -300.00 | Epsilon 0.0222
Seed 11 | Episode 428 | Reward -300.00 | Epsilon 0.0220
Seed 11 | Episode 429 | Reward -300.00 | Epsilon 0.0218
Seed 11 | Episode 430 | Reward -300.00 | Epsilon 0.0216
Seed 11 | Episode 431 | Reward -300.00 | Epsilon 0.0214
Seed 11 | Episode 432 | Reward -300.00 | Epsilon 0.0212
Seed 11 | Episode 433 | Reward -300.00 | Epsilon 0.0210
Seed 11 | Episode 434 | Reward -300.00 | Epsilon 0.0208
Seed 11 | Episode 435 | Reward -300.00 | Epsilon 0.0207
Seed 11 | Episode 436 | Reward -300.00 | Epsilon 0.0205
Seed 11 | Episode 437 | Reward -300.00 | Epsilon 0.0203
Seed 11 | Episode 438 | Reward -300.00 | Epsilon 0.0201
Seed 11 | Episode 439 | Reward -300.00 | Epsilon 0.0199
Seed 11 | Episode 440 | Reward -300.00 | Epsilon 0.0197
Seed 11 | Episode 441 | Reward -300.00 | Epsilon 0.0196
Seed 11 | Episode 442 | Reward -300.00 | Epsilon 0.0194
Seed 11 | Episode 443 | Reward -300.00 | Epsilon 0.0192
Seed 11 | Episode 444 | Reward -300.00 | Epsilon 0.0190
Seed 11 | Episode 445 | Reward -300.00 | Epsilon 0.0189
Seed 11 | Episode 446 | Reward -300.00 | Epsilon 0.0187
Seed 11 | Episode 447 | Reward -300.00 | Epsilon 0.0185
Seed 11 | Episode 448 | Reward -300.00 | Epsilon 0.0184
Seed 11 | Episode 449 | Reward -300.00 | Epsilon 0.0182
Seed 11 | Episode 450 | Reward -300.00 | Epsilon 0.0180
Seed 11 | Episode 451 | Reward -300.00 | Epsilon 0.0179
Seed 11 | Episode 452 | Reward -300.00 | Epsilon 0.0177
Seed 11 | Episode 453 | Reward -300.00 | Epsilon 0.0176
Seed 11 | Episode 454 | Reward -300.00 | Epsilon 0.0174
Seed 11 | Episode 455 | Reward -300.00 | Epsilon 0.0172
Seed 11 | Episode 456 | Reward -300.00 | Epsilon 0.0171
Seed 11 | Episode 457 | Reward -300.00 | Epsilon 0.0169
Seed 11 | Episode 458 | Reward -300.00 | Epsilon 0.0168
Seed 11 | Episode 459 | Reward -300.00 | Epsilon 0.0166
Seed 11 | Episode 460 | Reward -300.00 | Epsilon 0.0165
Seed 11 | Episode 461 | Reward -300.00 | Epsilon 0.0163
Seed 11 | Episode 462 | Reward -300.00 | Epsilon 0.0162
Seed 11 | Episode 463 | Reward -300.00 | Epsilon 0.0161
Seed 11 | Episode 464 | Reward -300.00 | Epsilon 0.0159
Seed 11 | Episode 465 | Reward -300.00 | Epsilon 0.0158
Seed 11 | Episode 466 | Reward -300.00 | Epsilon 0.0156
Seed 11 | Episode 467 | Reward -300.00 | Epsilon 0.0155
Seed 11 | Episode 468 | Reward -300.00 | Epsilon 0.0153
Seed 11 | Episode 469 | Reward -300.00 | Epsilon 0.0152
Seed 11 | Episode 470 | Reward -300.00 | Epsilon 0.0151
Seed 11 | Episode 471 | Reward -300.00 | Epsilon 0.0149
Seed 11 | Episode 472 | Reward -300.00 | Epsilon 0.0148
Seed 11 | Episode 473 | Reward -300.00 | Epsilon 0.0147
Seed 11 | Episode 474 | Reward -300.00 | Epsilon 0.0145
Seed 11 | Episode 475 | Reward -300.00 | Epsilon 0.0144
Seed 11 | Episode 476 | Reward -300.00 | Epsilon 0.0143
Seed 11 | Episode 477 | Reward -300.00 | Epsilon 0.0142
Seed 11 | Episode 478 | Reward -300.00 | Epsilon 0.0140
Seed 11 | Episode 479 | Reward -300.00 | Epsilon 0.0139
Seed 11 | Episode 480 | Reward -300.00 | Epsilon 0.0138
Seed 11 | Episode 481 | Reward -300.00 | Epsilon 0.0137
Seed 11 | Episode 482 | Reward -300.00 | Epsilon 0.0135
Seed 11 | Episode 483 | Reward -300.00 | Epsilon 0.0134
Seed 11 | Episode 484 | Reward -300.00 | Epsilon 0.0133
Seed 11 | Episode 485 | Reward -300.00 | Epsilon 0.0132
Seed 11 | Episode 486 | Reward -300.00 | Epsilon 0.0130
Seed 11 | Episode 487 | Reward -300.00 | Epsilon 0.0129
Seed 11 | Episode 488 | Reward -300.00 | Epsilon 0.0128
Seed 11 | Episode 489 | Reward -300.00 | Epsilon 0.0127
Seed 11 | Episode 490 | Reward -300.00 | Epsilon 0.0126
Seed 11 | Episode 491 | Reward -300.00 | Epsilon 0.0125
Seed 11 | Episode 492 | Reward -300.00 | Epsilon 0.0124
Seed 11 | Episode 493 | Reward -300.00 | Epsilon 0.0123
Seed 11 | Episode 494 | Reward -300.00 | Epsilon 0.0121
Seed 11 | Episode 495 | Reward -300.00 | Epsilon 0.0120
Seed 11 | Episode 496 | Reward -300.00 | Epsilon 0.0119
Seed 11 | Episode 497 | Reward -300.00 | Epsilon 0.0118
Seed 11 | Episode 498 | Reward -300.00 | Epsilon 0.0117
Seed 11 | Episode 499 | Reward -300.00 | Epsilon 0.0116
Seed 11 | Episode 500 | Reward -300.00 | Epsilon 0.0115
Seed 11 | Episode 501 | Reward -300.00 | Epsilon 0.0114
Seed 11 | Episode 502 | Reward -300.00 | Epsilon 0.0113
Seed 11 | Episode 503 | Reward -66.00 | Epsilon 0.0112
Seed 11 | Episode 504 | Reward -300.00 | Epsilon 0.0111
Seed 11 | Episode 505 | Reward -300.00 | Epsilon 0.0110
Seed 11 | Episode 506 | Reward -300.00 | Epsilon 0.0109
Seed 11 | Episode 507 | Reward -300.00 | Epsilon 0.0108
Seed 11 | Episode 508 | Reward -300.00 | Epsilon 0.0107
Seed 11 | Episode 509 | Reward -300.00 | Epsilon 0.0107
Seed 11 | Episode 510 | Reward -300.00 | Epsilon 0.0106
Seed 11 | Episode 511 | Reward -300.00 | Epsilon 0.0105
Seed 11 | Episode 512 | Reward -300.00 | Epsilon 0.0104
Seed 11 | Episode 513 | Reward -300.00 | Epsilon 0.0103
Seed 11 | Episode 514 | Reward -300.00 | Epsilon 0.0102
Seed 11 | Episode 515 | Reward -300.00 | Epsilon 0.0101
Seed 11 | Episode 516 | Reward -300.00 | Epsilon 0.0100
Seed 11 | Episode 517 | Reward -300.00 | Epsilon 0.0100
Seed 11 | Episode 518 | Reward -300.00 | Epsilon 0.0100
Seed 11 | Episode 519 | Reward -300.00 | Epsilon 0.0100
Seed 11 | Episode 520 | Reward -300.00 | Epsilon 0.0100
Seed 11 | Episode 521 | Reward -300.00 | Epsilon 0.0100
Seed 11 | Episode 522 | Reward -300.00 | Epsilon 0.0100
Seed 11 | Episode 523 | Reward -300.00 | Epsilon 0.0100
Seed 11 | Episode 524 | Reward -300.00 | Epsilon 0.0100
Seed 11 | Episode 525 | Reward -300.00 | Epsilon 0.0100
Seed 11 | Episode 526 | Reward -300.00 | Epsilon 0.0100
Seed 11 | Episode 527 | Reward -300.00 | Epsilon 0.0100
Seed 11 | Episode 528 | Reward -300.00 | Epsilon 0.0100
Seed 11 | Episode 529 | Reward -300.00 | Epsilon 0.0100
Seed 11 | Episode 530 | Reward -300.00 | Epsilon 0.0100
Seed 11 | Episode 531 | Reward -300.00 | Epsilon 0.0100
Seed 11 | Episode 532 | Reward -300.00 | Epsilon 0.0100
Seed 11 | Episode 533 | Reward -300.00 | Epsilon 0.0100
Seed 11 | Episode 534 | Reward -300.00 | Epsilon 0.0100
Seed 11 | Episode 535 | Reward -300.00 | Epsilon 0.0100
Seed 11 | Episode 536 | Reward -300.00 | Epsilon 0.0100
Seed 11 | Episode 537 | Reward -300.00 | Epsilon 0.0100
Seed 11 | Episode 538 | Reward -300.00 | Epsilon 0.0100
Seed 11 | Episode 539 | Reward -300.00 | Epsilon 0.0100
Seed 11 | Episode 540 | Reward -300.00 | Epsilon 0.0100
Seed 11 | Episode 541 | Reward -300.00 | Epsilon 0.0100
Seed 11 | Episode 542 | Reward -300.00 | Epsilon 0.0100
Seed 11 | Episode 543 | Reward -300.00 | Epsilon 0.0100
Seed 11 | Episode 544 | Reward -300.00 | Epsilon 0.0100
Seed 11 | Episode 545 | Reward -300.00 | Epsilon 0.0100
Seed 11 | Episode 546 | Reward -300.00 | Epsilon 0.0100
Seed 11 | Episode 547 | Reward -300.00 | Epsilon 0.0100
Seed 11 | Episode 548 | Reward -300.00 | Epsilon 0.0100
Seed 11 | Episode 549 | Reward -300.00 | Epsilon 0.0100
Seed 11 | Episode 550 | Reward -300.00 | Epsilon 0.0100
Seed 11 | Episode 551 | Reward -300.00 | Epsilon 0.0100
Seed 11 | Episode 552 | Reward -300.00 | Epsilon 0.0100
Seed 11 | Episode 553 | Reward -300.00 | Epsilon 0.0100
Seed 11 | Episode 554 | Reward -300.00 | Epsilon 0.0100
Seed 11 | Episode 555 | Reward -300.00 | Epsilon 0.0100
Seed 11 | Episode 556 | Reward -300.00 | Epsilon 0.0100
Seed 11 | Episode 557 | Reward -300.00 | Epsilon 0.0100
Seed 11 | Episode 558 | Reward -300.00 | Epsilon 0.0100
Seed 11 | Episode 559 | Reward -300.00 | Epsilon 0.0100
Seed 11 | Episode 560 | Reward -300.00 | Epsilon 0.0100
Seed 11 | Episode 561 | Reward -300.00 | Epsilon 0.0100
Seed 11 | Episode 562 | Reward -300.00 | Epsilon 0.0100
Seed 11 | Episode 563 | Reward -300.00 | Epsilon 0.0100
Seed 11 | Episode 564 | Reward -300.00 | Epsilon 0.0100
Seed 11 | Episode 565 | Reward -300.00 | Epsilon 0.0100
Seed 11 | Episode 566 | Reward -300.00 | Epsilon 0.0100
Seed 11 | Episode 567 | Reward -300.00 | Epsilon 0.0100
Seed 11 | Episode 568 | Reward -300.00 | Epsilon 0.0100
Seed 11 | Episode 569 | Reward -300.00 | Epsilon 0.0100
Seed 11 | Episode 570 | Reward -300.00 | Epsilon 0.0100
Seed 11 | Episode 571 | Reward -300.00 | Epsilon 0.0100
Seed 11 | Episode 572 | Reward -300.00 | Epsilon 0.0100
Seed 11 | Episode 573 | Reward -300.00 | Epsilon 0.0100
Seed 11 | Episode 574 | Reward -300.00 | Epsilon 0.0100
Seed 11 | Episode 575 | Reward -300.00 | Epsilon 0.0100
Seed 11 | Episode 576 | Reward -300.00 | Epsilon 0.0100
Seed 11 | Episode 577 | Reward -300.00 | Epsilon 0.0100
Seed 11 | Episode 578 | Reward -300.00 | Epsilon 0.0100
Seed 11 | Episode 579 | Reward -300.00 | Epsilon 0.0100
Seed 11 | Episode 580 | Reward -300.00 | Epsilon 0.0100
Seed 11 | Episode 581 | Reward -300.00 | Epsilon 0.0100
Seed 11 | Episode 582 | Reward -300.00 | Epsilon 0.0100
Seed 11 | Episode 583 | Reward -300.00 | Epsilon 0.0100
Seed 11 | Episode 584 | Reward -300.00 | Epsilon 0.0100
Seed 11 | Episode 585 | Reward -300.00 | Epsilon 0.0100
Seed 11 | Episode 586 | Reward -300.00 | Epsilon 0.0100
Seed 11 | Episode 587 | Reward -300.00 | Epsilon 0.0100
Seed 11 | Episode 588 | Reward -300.00 | Epsilon 0.0100
Seed 11 | Episode 589 | Reward -300.00 | Epsilon 0.0100
Seed 11 | Episode 590 | Reward -300.00 | Epsilon 0.0100
Seed 11 | Episode 591 | Reward -300.00 | Epsilon 0.0100
Seed 11 | Episode 592 | Reward -300.00 | Epsilon 0.0100
Seed 11 | Episode 593 | Reward -300.00 | Epsilon 0.0100
Seed 11 | Episode 594 | Reward -300.00 | Epsilon 0.0100
Seed 11 | Episode 595 | Reward -300.00 | Epsilon 0.0100
Seed 11 | Episode 596 | Reward -300.00 | Epsilon 0.0100
Seed 11 | Episode 597 | Reward -300.00 | Epsilon 0.0100
Seed 11 | Episode 598 | Reward -300.00 | Epsilon 0.0100
Seed 11 | Episode 599 | Reward -300.00 | Epsilon 0.0100
Seed 11 | Episode 600 | Reward -300.00 | Epsilon 0.0100
Seed 11 | Episode 601 | Reward -300.00 | Epsilon 0.0100
Seed 11 | Episode 602 | Reward -300.00 | Epsilon 0.0100
Seed 11 | Episode 603 | Reward -300.00 | Epsilon 0.0100
Seed 11 | Episode 604 | Reward -300.00 | Epsilon 0.0100
Seed 11 | Episode 605 | Reward -300.00 | Epsilon 0.0100
Seed 11 | Episode 606 | Reward -300.00 | Epsilon 0.0100
Seed 11 | Episode 607 | Reward -300.00 | Epsilon 0.0100
Seed 11 | Episode 608 | Reward -300.00 | Epsilon 0.0100
Seed 11 | Episode 609 | Reward -300.00 | Epsilon 0.0100
Seed 11 | Episode 610 | Reward -300.00 | Epsilon 0.0100
Seed 11 | Episode 611 | Reward -300.00 | Epsilon 0.0100
Seed 11 | Episode 612 | Reward -300.00 | Epsilon 0.0100
Seed 11 | Episode 613 | Reward -300.00 | Epsilon 0.0100
Seed 11 | Episode 614 | Reward -300.00 | Epsilon 0.0100
Seed 11 | Episode 615 | Reward -300.00 | Epsilon 0.0100
Seed 11 | Episode 616 | Reward -300.00 | Epsilon 0.0100
Seed 11 | Episode 617 | Reward -300.00 | Epsilon 0.0100
Seed 11 | Episode 618 | Reward -300.00 | Epsilon 0.0100
Seed 11 | Episode 619 | Reward -300.00 | Epsilon 0.0100
Seed 11 | Episode 620 | Reward -300.00 | Epsilon 0.0100
Seed 11 | Episode 621 | Reward -300.00 | Epsilon 0.0100
Seed 11 | Episode 622 | Reward -300.00 | Epsilon 0.0100
Seed 11 | Episode 623 | Reward -300.00 | Epsilon 0.0100
Seed 11 | Episode 624 | Reward -300.00 | Epsilon 0.0100
Seed 11 | Episode 625 | Reward -300.00 | Epsilon 0.0100
Seed 11 | Episode 626 | Reward -300.00 | Epsilon 0.0100
Seed 11 | Episode 627 | Reward -300.00 | Epsilon 0.0100
Seed 11 | Episode 628 | Reward -300.00 | Epsilon 0.0100
Seed 11 | Episode 629 | Reward -300.00 | Epsilon 0.0100
Seed 11 | Episode 630 | Reward -300.00 | Epsilon 0.0100
Seed 11 | Episode 631 | Reward -300.00 | Epsilon 0.0100
Seed 11 | Episode 632 | Reward -300.00 | Epsilon 0.0100
Seed 11 | Episode 633 | Reward -300.00 | Epsilon 0.0100
Seed 11 | Episode 634 | Reward -300.00 | Epsilon 0.0100
Seed 11 | Episode 635 | Reward -300.00 | Epsilon 0.0100
Seed 11 | Episode 636 | Reward -300.00 | Epsilon 0.0100
Seed 11 | Episode 637 | Reward -300.00 | Epsilon 0.0100
Seed 11 | Episode 638 | Reward -300.00 | Epsilon 0.0100
Seed 11 | Episode 639 | Reward -300.00 | Epsilon 0.0100
Seed 11 | Episode 640 | Reward -300.00 | Epsilon 0.0100
Seed 11 | Episode 641 | Reward -300.00 | Epsilon 0.0100
Seed 11 | Episode 642 | Reward -300.00 | Epsilon 0.0100
Seed 11 | Episode 643 | Reward -300.00 | Epsilon 0.0100
Seed 11 | Episode 644 | Reward -300.00 | Epsilon 0.0100
Seed 11 | Episode 645 | Reward -300.00 | Epsilon 0.0100
Seed 11 | Episode 646 | Reward -300.00 | Epsilon 0.0100
Seed 11 | Episode 647 | Reward -300.00 | Epsilon 0.0100
Seed 11 | Episode 648 | Reward -300.00 | Epsilon 0.0100
Seed 11 | Episode 649 | Reward -300.00 | Epsilon 0.0100
Seed 11 | Episode 650 | Reward -300.00 | Epsilon 0.0100
Seed 11 | Episode 651 | Reward -300.00 | Epsilon 0.0100
Seed 11 | Episode 652 | Reward -300.00 | Epsilon 0.0100
Seed 11 | Episode 653 | Reward -300.00 | Epsilon 0.0100
Seed 11 | Episode 654 | Reward -300.00 | Epsilon 0.0100
Seed 11 | Episode 655 | Reward -300.00 | Epsilon 0.0100
Seed 11 | Episode 656 | Reward -300.00 | Epsilon 0.0100
Seed 11 | Episode 657 | Reward -300.00 | Epsilon 0.0100
Seed 11 | Episode 658 | Reward -300.00 | Epsilon 0.0100
Seed 11 | Episode 659 | Reward -300.00 | Epsilon 0.0100
Seed 11 | Episode 660 | Reward -300.00 | Epsilon 0.0100
Seed 11 | Episode 661 | Reward -300.00 | Epsilon 0.0100
Seed 11 | Episode 662 | Reward -300.00 | Epsilon 0.0100
Seed 11 | Episode 663 | Reward -300.00 | Epsilon 0.0100
Seed 11 | Episode 664 | Reward -300.00 | Epsilon 0.0100
Seed 11 | Episode 665 | Reward -300.00 | Epsilon 0.0100
Seed 11 | Episode 666 | Reward -300.00 | Epsilon 0.0100
Seed 11 | Episode 667 | Reward -300.00 | Epsilon 0.0100
Seed 11 | Episode 668 | Reward -300.00 | Epsilon 0.0100
Seed 11 | Episode 669 | Reward -300.00 | Epsilon 0.0100
Seed 11 | Episode 670 | Reward -300.00 | Epsilon 0.0100
Seed 11 | Episode 671 | Reward -300.00 | Epsilon 0.0100
Seed 11 | Episode 672 | Reward -300.00 | Epsilon 0.0100
Seed 11 | Episode 673 | Reward -300.00 | Epsilon 0.0100
Seed 11 | Episode 674 | Reward -300.00 | Epsilon 0.0100
Seed 11 | Episode 675 | Reward -300.00 | Epsilon 0.0100
Seed 11 | Episode 676 | Reward -300.00 | Epsilon 0.0100
Seed 11 | Episode 677 | Reward -300.00 | Epsilon 0.0100
Seed 11 | Episode 678 | Reward -300.00 | Epsilon 0.0100
Seed 11 | Episode 679 | Reward -300.00 | Epsilon 0.0100
Seed 11 | Episode 680 | Reward -300.00 | Epsilon 0.0100
Seed 11 | Episode 681 | Reward -300.00 | Epsilon 0.0100
Seed 11 | Episode 682 | Reward -300.00 | Epsilon 0.0100
Seed 11 | Episode 683 | Reward -300.00 | Epsilon 0.0100
Seed 11 | Episode 684 | Reward -300.00 | Epsilon 0.0100
Seed 11 | Episode 685 | Reward -300.00 | Epsilon 0.0100
Seed 11 | Episode 686 | Reward -300.00 | Epsilon 0.0100
Seed 11 | Episode 687 | Reward -300.00 | Epsilon 0.0100
Seed 11 | Episode 688 | Reward -300.00 | Epsilon 0.0100
Seed 11 | Episode 689 | Reward -300.00 | Epsilon 0.0100
Seed 11 | Episode 690 | Reward -300.00 | Epsilon 0.0100
Seed 11 | Episode 691 | Reward -300.00 | Epsilon 0.0100
Seed 11 | Episode 692 | Reward -300.00 | Epsilon 0.0100
Seed 11 | Episode 693 | Reward -300.00 | Epsilon 0.0100
Seed 11 | Episode 694 | Reward -300.00 | Epsilon 0.0100
Seed 11 | Episode 695 | Reward -300.00 | Epsilon 0.0100
Seed 11 | Episode 696 | Reward -300.00 | Epsilon 0.0100
Seed 11 | Episode 697 | Reward -300.00 | Epsilon 0.0100
Seed 11 | Episode 698 | Reward -300.00 | Epsilon 0.0100
Seed 11 | Episode 699 | Reward -300.00 | Epsilon 0.0100
Seed 11 | Episode 700 | Reward -300.00 | Epsilon 0.0100
Seed 11 | Episode 701 | Reward -300.00 | Epsilon 0.0100
Seed 11 | Episode 702 | Reward -300.00 | Epsilon 0.0100
Seed 11 | Episode 703 | Reward -300.00 | Epsilon 0.0100
Seed 11 | Episode 704 | Reward -300.00 | Epsilon 0.0100
Seed 11 | Episode 705 | Reward -300.00 | Epsilon 0.0100
Seed 11 | Episode 706 | Reward -300.00 | Epsilon 0.0100
Seed 11 | Episode 707 | Reward -300.00 | Epsilon 0.0100
Seed 11 | Episode 708 | Reward -300.00 | Epsilon 0.0100
Seed 11 | Episode 709 | Reward -300.00 | Epsilon 0.0100
Seed 11 | Episode 710 | Reward -300.00 | Epsilon 0.0100
Seed 11 | Episode 711 | Reward -300.00 | Epsilon 0.0100
Seed 11 | Episode 712 | Reward -300.00 | Epsilon 0.0100
Seed 11 | Episode 713 | Reward -300.00 | Epsilon 0.0100
Seed 11 | Episode 714 | Reward -300.00 | Epsilon 0.0100
Seed 11 | Episode 715 | Reward -300.00 | Epsilon 0.0100
Seed 11 | Episode 716 | Reward -300.00 | Epsilon 0.0100
Seed 11 | Episode 717 | Reward -300.00 | Epsilon 0.0100
Seed 11 | Episode 718 | Reward -300.00 | Epsilon 0.0100
Seed 11 | Episode 719 | Reward -300.00 | Epsilon 0.0100
Seed 11 | Episode 720 | Reward -300.00 | Epsilon 0.0100
Seed 11 | Episode 721 | Reward -300.00 | Epsilon 0.0100
Seed 11 | Episode 722 | Reward -300.00 | Epsilon 0.0100
Seed 11 | Episode 723 | Reward -300.00 | Epsilon 0.0100
Seed 11 | Episode 724 | Reward -300.00 | Epsilon 0.0100
Seed 11 | Episode 725 | Reward -300.00 | Epsilon 0.0100
Seed 11 | Episode 726 | Reward -300.00 | Epsilon 0.0100
Seed 11 | Episode 727 | Reward -300.00 | Epsilon 0.0100
Seed 11 | Episode 728 | Reward -300.00 | Epsilon 0.0100
Seed 11 | Episode 729 | Reward -300.00 | Epsilon 0.0100
Seed 11 | Episode 730 | Reward -300.00 | Epsilon 0.0100
Seed 11 | Episode 731 | Reward -300.00 | Epsilon 0.0100
Seed 11 | Episode 732 | Reward -300.00 | Epsilon 0.0100
Seed 11 | Episode 733 | Reward -300.00 | Epsilon 0.0100
Seed 11 | Episode 734 | Reward -300.00 | Epsilon 0.0100
Seed 11 | Episode 735 | Reward -300.00 | Epsilon 0.0100
Seed 11 | Episode 736 | Reward -300.00 | Epsilon 0.0100
Seed 11 | Episode 737 | Reward -300.00 | Epsilon 0.0100
Seed 11 | Episode 738 | Reward -300.00 | Epsilon 0.0100
Seed 11 | Episode 739 | Reward -300.00 | Epsilon 0.0100
Seed 11 | Episode 740 | Reward -300.00 | Epsilon 0.0100
Seed 11 | Episode 741 | Reward -300.00 | Epsilon 0.0100
Seed 11 | Episode 742 | Reward -300.00 | Epsilon 0.0100
Seed 11 | Episode 743 | Reward -300.00 | Epsilon 0.0100
Seed 11 | Episode 744 | Reward -300.00 | Epsilon 0.0100
Seed 11 | Episode 745 | Reward -300.00 | Epsilon 0.0100
Seed 11 | Episode 746 | Reward -300.00 | Epsilon 0.0100
Seed 11 | Episode 747 | Reward -300.00 | Epsilon 0.0100
Seed 11 | Episode 748 | Reward -300.00 | Epsilon 0.0100
Seed 11 | Episode 749 | Reward -300.00 | Epsilon 0.0100
Seed 11 | Episode 750 | Reward -300.00 | Epsilon 0.0100
Seed 11 | Episode 751 | Reward -300.00 | Epsilon 0.0100
Seed 11 | Episode 752 | Reward -300.00 | Epsilon 0.0100
Seed 11 | Episode 753 | Reward -300.00 | Epsilon 0.0100
Seed 11 | Episode 754 | Reward -300.00 | Epsilon 0.0100
Seed 11 | Episode 755 | Reward -300.00 | Epsilon 0.0100
Seed 11 | Episode 756 | Reward -300.00 | Epsilon 0.0100
Seed 11 | Episode 757 | Reward -300.00 | Epsilon 0.0100
Seed 11 | Episode 758 | Reward -300.00 | Epsilon 0.0100
Seed 11 | Episode 759 | Reward -300.00 | Epsilon 0.0100
Seed 11 | Episode 760 | Reward -300.00 | Epsilon 0.0100
Seed 11 | Episode 761 | Reward -300.00 | Epsilon 0.0100
Seed 11 | Episode 762 | Reward -300.00 | Epsilon 0.0100
Seed 11 | Episode 763 | Reward -300.00 | Epsilon 0.0100
Seed 11 | Episode 764 | Reward -300.00 | Epsilon 0.0100
Seed 11 | Episode 765 | Reward -300.00 | Epsilon 0.0100
Seed 11 | Episode 766 | Reward -300.00 | Epsilon 0.0100
Seed 11 | Episode 767 | Reward -300.00 | Epsilon 0.0100
Seed 11 | Episode 768 | Reward -300.00 | Epsilon 0.0100
Seed 11 | Episode 769 | Reward -300.00 | Epsilon 0.0100
Seed 11 | Episode 770 | Reward -300.00 | Epsilon 0.0100
Seed 11 | Episode 771 | Reward -300.00 | Epsilon 0.0100
Seed 11 | Episode 772 | Reward -300.00 | Epsilon 0.0100
Seed 11 | Episode 773 | Reward -300.00 | Epsilon 0.0100
Seed 11 | Episode 774 | Reward -300.00 | Epsilon 0.0100
Seed 11 | Episode 775 | Reward -300.00 | Epsilon 0.0100
Seed 11 | Episode 776 | Reward -300.00 | Epsilon 0.0100
Seed 11 | Episode 777 | Reward -300.00 | Epsilon 0.0100
Seed 11 | Episode 778 | Reward -300.00 | Epsilon 0.0100
Seed 11 | Episode 779 | Reward -300.00 | Epsilon 0.0100
Seed 11 | Episode 780 | Reward -300.00 | Epsilon 0.0100
Seed 11 | Episode 781 | Reward -300.00 | Epsilon 0.0100
Seed 11 | Episode 782 | Reward -300.00 | Epsilon 0.0100
Seed 11 | Episode 783 | Reward -300.00 | Epsilon 0.0100
Seed 11 | Episode 784 | Reward -300.00 | Epsilon 0.0100
Seed 11 | Episode 785 | Reward -300.00 | Epsilon 0.0100
Seed 11 | Episode 786 | Reward -300.00 | Epsilon 0.0100
Seed 11 | Episode 787 | Reward -300.00 | Epsilon 0.0100
Seed 11 | Episode 788 | Reward -300.00 | Epsilon 0.0100
Seed 11 | Episode 789 | Reward -300.00 | Epsilon 0.0100
Seed 11 | Episode 790 | Reward -300.00 | Epsilon 0.0100
Seed 11 | Episode 791 | Reward -300.00 | Epsilon 0.0100
Seed 11 | Episode 792 | Reward -300.00 | Epsilon 0.0100
Seed 11 | Episode 793 | Reward -300.00 | Epsilon 0.0100
Seed 11 | Episode 794 | Reward -300.00 | Epsilon 0.0100
Seed 11 | Episode 795 | Reward -300.00 | Epsilon 0.0100
Seed 11 | Episode 796 | Reward -300.00 | Epsilon 0.0100
Seed 11 | Episode 797 | Reward -300.00 | Epsilon 0.0100
Seed 11 | Episode 798 | Reward -300.00 | Epsilon 0.0100
Seed 11 | Episode 799 | Reward -300.00 | Epsilon 0.0100
Seed 11 | Episode 800 | Reward -300.00 | Epsilon 0.0100
Seed 11 | Episode 801 | Reward -300.00 | Epsilon 0.0100
Seed 11 | Episode 802 | Reward -300.00 | Epsilon 0.0100
Seed 11 | Episode 803 | Reward -300.00 | Epsilon 0.0100
Seed 11 | Episode 804 | Reward -300.00 | Epsilon 0.0100
Seed 11 | Episode 805 | Reward -300.00 | Epsilon 0.0100
Seed 11 | Episode 806 | Reward -300.00 | Epsilon 0.0100
Seed 11 | Episode 807 | Reward -300.00 | Epsilon 0.0100
Seed 11 | Episode 808 | Reward -300.00 | Epsilon 0.0100
Seed 11 | Episode 809 | Reward -300.00 | Epsilon 0.0100
Seed 11 | Episode 810 | Reward -300.00 | Epsilon 0.0100
Seed 11 | Episode 811 | Reward -300.00 | Epsilon 0.0100
Seed 11 | Episode 812 | Reward -300.00 | Epsilon 0.0100
Seed 11 | Episode 813 | Reward -300.00 | Epsilon 0.0100
Seed 11 | Episode 814 | Reward -300.00 | Epsilon 0.0100
Seed 11 | Episode 815 | Reward -300.00 | Epsilon 0.0100
Seed 11 | Episode 816 | Reward -300.00 | Epsilon 0.0100
Seed 11 | Episode 817 | Reward -300.00 | Epsilon 0.0100
Seed 11 | Episode 818 | Reward -300.00 | Epsilon 0.0100
Seed 11 | Episode 819 | Reward -300.00 | Epsilon 0.0100
Seed 11 | Episode 820 | Reward -300.00 | Epsilon 0.0100
Seed 11 | Episode 821 | Reward -300.00 | Epsilon 0.0100
Seed 11 | Episode 822 | Reward -300.00 | Epsilon 0.0100
Seed 11 | Episode 823 | Reward -300.00 | Epsilon 0.0100
Seed 11 | Episode 824 | Reward -300.00 | Epsilon 0.0100
Seed 11 | Episode 825 | Reward -300.00 | Epsilon 0.0100
Seed 11 | Episode 826 | Reward -300.00 | Epsilon 0.0100
Seed 11 | Episode 827 | Reward -300.00 | Epsilon 0.0100
Seed 11 | Episode 828 | Reward -300.00 | Epsilon 0.0100
Seed 11 | Episode 829 | Reward -300.00 | Epsilon 0.0100
Seed 11 | Episode 830 | Reward -300.00 | Epsilon 0.0100
Seed 11 | Episode 831 | Reward -300.00 | Epsilon 0.0100
Seed 11 | Episode 832 | Reward -300.00 | Epsilon 0.0100
Seed 11 | Episode 833 | Reward -300.00 | Epsilon 0.0100
Seed 11 | Episode 834 | Reward -300.00 | Epsilon 0.0100
Seed 11 | Episode 835 | Reward -300.00 | Epsilon 0.0100
Seed 11 | Episode 836 | Reward -300.00 | Epsilon 0.0100
Seed 11 | Episode 837 | Reward -300.00 | Epsilon 0.0100
Seed 11 | Episode 838 | Reward -300.00 | Epsilon 0.0100
Seed 11 | Episode 839 | Reward -300.00 | Epsilon 0.0100
Seed 11 | Episode 840 | Reward -300.00 | Epsilon 0.0100
Seed 11 | Episode 841 | Reward -300.00 | Epsilon 0.0100
Seed 11 | Episode 842 | Reward -300.00 | Epsilon 0.0100
Seed 11 | Episode 843 | Reward -300.00 | Epsilon 0.0100
Seed 11 | Episode 844 | Reward -300.00 | Epsilon 0.0100
Seed 11 | Episode 845 | Reward -300.00 | Epsilon 0.0100
Seed 11 | Episode 846 | Reward -300.00 | Epsilon 0.0100
Seed 11 | Episode 847 | Reward -300.00 | Epsilon 0.0100
Seed 11 | Episode 848 | Reward -300.00 | Epsilon 0.0100
Seed 11 | Episode 849 | Reward -300.00 | Epsilon 0.0100
Seed 11 | Episode 850 | Reward -300.00 | Epsilon 0.0100
Seed 11 | Episode 851 | Reward -300.00 | Epsilon 0.0100
Seed 11 | Episode 852 | Reward -300.00 | Epsilon 0.0100
Seed 11 | Episode 853 | Reward -300.00 | Epsilon 0.0100
Seed 11 | Episode 854 | Reward -300.00 | Epsilon 0.0100
Seed 11 | Episode 855 | Reward -300.00 | Epsilon 0.0100
Seed 11 | Episode 856 | Reward -300.00 | Epsilon 0.0100
Seed 11 | Episode 857 | Reward -300.00 | Epsilon 0.0100
Seed 11 | Episode 858 | Reward -300.00 | Epsilon 0.0100
Seed 11 | Episode 859 | Reward -300.00 | Epsilon 0.0100
Seed 11 | Episode 860 | Reward -300.00 | Epsilon 0.0100
Seed 11 | Episode 861 | Reward -300.00 | Epsilon 0.0100
Seed 11 | Episode 862 | Reward -300.00 | Epsilon 0.0100
Seed 11 | Episode 863 | Reward -300.00 | Epsilon 0.0100
Seed 11 | Episode 864 | Reward -300.00 | Epsilon 0.0100
Seed 11 | Episode 865 | Reward -300.00 | Epsilon 0.0100
Seed 11 | Episode 866 | Reward -300.00 | Epsilon 0.0100
Seed 11 | Episode 867 | Reward -300.00 | Epsilon 0.0100
Seed 11 | Episode 868 | Reward -300.00 | Epsilon 0.0100
Seed 11 | Episode 869 | Reward -300.00 | Epsilon 0.0100
Seed 11 | Episode 870 | Reward -300.00 | Epsilon 0.0100
Seed 11 | Episode 871 | Reward -300.00 | Epsilon 0.0100
Seed 11 | Episode 872 | Reward -300.00 | Epsilon 0.0100
Seed 11 | Episode 873 | Reward -300.00 | Epsilon 0.0100
Seed 11 | Episode 874 | Reward -300.00 | Epsilon 0.0100
Seed 11 | Episode 875 | Reward -300.00 | Epsilon 0.0100
Seed 11 | Episode 876 | Reward -300.00 | Epsilon 0.0100
Seed 11 | Episode 877 | Reward -300.00 | Epsilon 0.0100
Seed 11 | Episode 878 | Reward -300.00 | Epsilon 0.0100
Seed 11 | Episode 879 | Reward -300.00 | Epsilon 0.0100
Seed 11 | Episode 880 | Reward -300.00 | Epsilon 0.0100
Seed 11 | Episode 881 | Reward -300.00 | Epsilon 0.0100
Seed 11 | Episode 882 | Reward -300.00 | Epsilon 0.0100
Seed 11 | Episode 883 | Reward -300.00 | Epsilon 0.0100
Seed 11 | Episode 884 | Reward -300.00 | Epsilon 0.0100
Seed 11 | Episode 885 | Reward -300.00 | Epsilon 0.0100
Seed 11 | Episode 886 | Reward -300.00 | Epsilon 0.0100
Seed 11 | Episode 887 | Reward -300.00 | Epsilon 0.0100
Seed 11 | Episode 888 | Reward -300.00 | Epsilon 0.0100
Seed 11 | Episode 889 | Reward -300.00 | Epsilon 0.0100
Seed 11 | Episode 890 | Reward -300.00 | Epsilon 0.0100
Seed 11 | Episode 891 | Reward -300.00 | Epsilon 0.0100
Seed 11 | Episode 892 | Reward -300.00 | Epsilon 0.0100
Seed 11 | Episode 893 | Reward -300.00 | Epsilon 0.0100
Seed 11 | Episode 894 | Reward -300.00 | Epsilon 0.0100
Seed 11 | Episode 895 | Reward -300.00 | Epsilon 0.0100
Seed 11 | Episode 896 | Reward -300.00 | Epsilon 0.0100
Seed 11 | Episode 897 | Reward -300.00 | Epsilon 0.0100
Seed 11 | Episode 898 | Reward -300.00 | Epsilon 0.0100
Seed 11 | Episode 899 | Reward -300.00 | Epsilon 0.0100
Seed 11 | Episode 900 | Reward -300.00 | Epsilon 0.0100
Seed 11 | Episode 901 | Reward -300.00 | Epsilon 0.0100
Seed 11 | Episode 902 | Reward -300.00 | Epsilon 0.0100
Seed 11 | Episode 903 | Reward -300.00 | Epsilon 0.0100
Seed 11 | Episode 904 | Reward -300.00 | Epsilon 0.0100
Seed 11 | Episode 905 | Reward -300.00 | Epsilon 0.0100
Seed 11 | Episode 906 | Reward -300.00 | Epsilon 0.0100
Seed 11 | Episode 907 | Reward -300.00 | Epsilon 0.0100
Seed 11 | Episode 908 | Reward -300.00 | Epsilon 0.0100
Seed 11 | Episode 909 | Reward -300.00 | Epsilon 0.0100
Seed 11 | Episode 910 | Reward -300.00 | Epsilon 0.0100
Seed 11 | Episode 911 | Reward -300.00 | Epsilon 0.0100
Seed 11 | Episode 912 | Reward -300.00 | Epsilon 0.0100
Seed 11 | Episode 913 | Reward -300.00 | Epsilon 0.0100
Seed 11 | Episode 914 | Reward -300.00 | Epsilon 0.0100
Seed 11 | Episode 915 | Reward -300.00 | Epsilon 0.0100
Seed 11 | Episode 916 | Reward -300.00 | Epsilon 0.0100
Seed 11 | Episode 917 | Reward -300.00 | Epsilon 0.0100
Seed 11 | Episode 918 | Reward -300.00 | Epsilon 0.0100
Seed 11 | Episode 919 | Reward -300.00 | Epsilon 0.0100
Seed 11 | Episode 920 | Reward -300.00 | Epsilon 0.0100
Seed 11 | Episode 921 | Reward -300.00 | Epsilon 0.0100
Seed 11 | Episode 922 | Reward -300.00 | Epsilon 0.0100
Seed 11 | Episode 923 | Reward -300.00 | Epsilon 0.0100
Seed 11 | Episode 924 | Reward -300.00 | Epsilon 0.0100
Seed 11 | Episode 925 | Reward -300.00 | Epsilon 0.0100
Seed 11 | Episode 926 | Reward -300.00 | Epsilon 0.0100
Seed 11 | Episode 927 | Reward -300.00 | Epsilon 0.0100
Seed 11 | Episode 928 | Reward -300.00 | Epsilon 0.0100
Seed 11 | Episode 929 | Reward -300.00 | Epsilon 0.0100
Seed 11 | Episode 930 | Reward -300.00 | Epsilon 0.0100
Seed 11 | Episode 931 | Reward -300.00 | Epsilon 0.0100
Seed 11 | Episode 932 | Reward -300.00 | Epsilon 0.0100
Seed 11 | Episode 933 | Reward -300.00 | Epsilon 0.0100
Seed 11 | Episode 934 | Reward -300.00 | Epsilon 0.0100
Seed 11 | Episode 935 | Reward -300.00 | Epsilon 0.0100
Seed 11 | Episode 936 | Reward -300.00 | Epsilon 0.0100
Seed 11 | Episode 937 | Reward -300.00 | Epsilon 0.0100
Seed 11 | Episode 938 | Reward -300.00 | Epsilon 0.0100
Seed 11 | Episode 939 | Reward -300.00 | Epsilon 0.0100
Seed 11 | Episode 940 | Reward -300.00 | Epsilon 0.0100
Seed 11 | Episode 941 | Reward -300.00 | Epsilon 0.0100
Seed 11 | Episode 942 | Reward -300.00 | Epsilon 0.0100
Seed 11 | Episode 943 | Reward -300.00 | Epsilon 0.0100
Seed 11 | Episode 944 | Reward -300.00 | Epsilon 0.0100
Seed 11 | Episode 945 | Reward -300.00 | Epsilon 0.0100
Seed 11 | Episode 946 | Reward -300.00 | Epsilon 0.0100
Seed 11 | Episode 947 | Reward -300.00 | Epsilon 0.0100
Seed 11 | Episode 948 | Reward -300.00 | Epsilon 0.0100
Seed 11 | Episode 949 | Reward -300.00 | Epsilon 0.0100
Seed 11 | Episode 950 | Reward -300.00 | Epsilon 0.0100
Seed 11 | Episode 951 | Reward -300.00 | Epsilon 0.0100
Seed 11 | Episode 952 | Reward -300.00 | Epsilon 0.0100
Seed 11 | Episode 953 | Reward -300.00 | Epsilon 0.0100
Seed 11 | Episode 954 | Reward -300.00 | Epsilon 0.0100
Seed 11 | Episode 955 | Reward -300.00 | Epsilon 0.0100
Seed 11 | Episode 956 | Reward -300.00 | Epsilon 0.0100
Seed 11 | Episode 957 | Reward -300.00 | Epsilon 0.0100
Seed 11 | Episode 958 | Reward -300.00 | Epsilon 0.0100
Seed 11 | Episode 959 | Reward -300.00 | Epsilon 0.0100
Seed 11 | Episode 960 | Reward -300.00 | Epsilon 0.0100
Seed 11 | Episode 961 | Reward -300.00 | Epsilon 0.0100
Seed 11 | Episode 962 | Reward -300.00 | Epsilon 0.0100
Seed 11 | Episode 963 | Reward -300.00 | Epsilon 0.0100
Seed 11 | Episode 964 | Reward -300.00 | Epsilon 0.0100
Seed 11 | Episode 965 | Reward -300.00 | Epsilon 0.0100
Seed 11 | Episode 966 | Reward -300.00 | Epsilon 0.0100
Seed 11 | Episode 967 | Reward -151.00 | Epsilon 0.0100
Seed 11 | Episode 968 | Reward -300.00 | Epsilon 0.0100
Seed 11 | Episode 969 | Reward -300.00 | Epsilon 0.0100
Seed 11 | Episode 970 | Reward -300.00 | Epsilon 0.0100
Seed 11 | Episode 971 | Reward -300.00 | Epsilon 0.0100
Seed 11 | Episode 972 | Reward -300.00 | Epsilon 0.0100
Seed 11 | Episode 973 | Reward -300.00 | Epsilon 0.0100
Seed 11 | Episode 974 | Reward -300.00 | Epsilon 0.0100
Seed 11 | Episode 975 | Reward -300.00 | Epsilon 0.0100
Seed 11 | Episode 976 | Reward -300.00 | Epsilon 0.0100
Seed 11 | Episode 977 | Reward -300.00 | Epsilon 0.0100
Seed 11 | Episode 978 | Reward -300.00 | Epsilon 0.0100
Seed 11 | Episode 979 | Reward -300.00 | Epsilon 0.0100
Seed 11 | Episode 980 | Reward -300.00 | Epsilon 0.0100
Seed 11 | Episode 981 | Reward -300.00 | Epsilon 0.0100
Seed 11 | Episode 982 | Reward -300.00 | Epsilon 0.0100
Seed 11 | Episode 983 | Reward -300.00 | Epsilon 0.0100
Seed 11 | Episode 984 | Reward -300.00 | Epsilon 0.0100
Seed 11 | Episode 985 | Reward -300.00 | Epsilon 0.0100
Seed 11 | Episode 986 | Reward -300.00 | Epsilon 0.0100
Seed 11 | Episode 987 | Reward -300.00 | Epsilon 0.0100
Seed 11 | Episode 988 | Reward -300.00 | Epsilon 0.0100
Seed 11 | Episode 989 | Reward -300.00 | Epsilon 0.0100
Seed 11 | Episode 990 | Reward -300.00 | Epsilon 0.0100
Seed 11 | Episode 991 | Reward -300.00 | Epsilon 0.0100
Seed 11 | Episode 992 | Reward -300.00 | Epsilon 0.0100
Seed 11 | Episode 993 | Reward -300.00 | Epsilon 0.0100
Seed 11 | Episode 994 | Reward -300.00 | Epsilon 0.0100
Seed 11 | Episode 995 | Reward -300.00 | Epsilon 0.0100
Seed 11 | Episode 996 | Reward -300.00 | Epsilon 0.0100
Seed 11 | Episode 997 | Reward -300.00 | Epsilon 0.0100
Seed 11 | Episode 998 | Reward -300.00 | Epsilon 0.0100
Seed 11 | Episode 999 | Reward -300.00 | Epsilon 0.0100
Finished seed 11
