starting job
Sun Dec  7 19:47:58 2025       
+-----------------------------------------------------------------------------------------+
| NVIDIA-SMI 580.65.06              Driver Version: 580.65.06      CUDA Version: 13.0     |
+-----------------------------------------+------------------------+----------------------+
| GPU  Name                 Persistence-M | Bus-Id          Disp.A | Volatile Uncorr. ECC |
| Fan  Temp   Perf          Pwr:Usage/Cap |           Memory-Usage | GPU-Util  Compute M. |
|                                         |                        |               MIG M. |
|=========================================+========================+======================|
|   0  NVIDIA H100 80GB HBM3          On  |   00000000:0C:00.0 Off |                   On |
| N/A   42C    P0            505W /  700W |   34700MiB /  81559MiB |     N/A      Default |
|                                         |                        |              Enabled |
+-----------------------------------------+------------------------+----------------------+

+-----------------------------------------------------------------------------------------+
| MIG devices:                                                                            |
+------------------+----------------------------------+-----------+-----------------------+
| GPU  GI  CI  MIG |              Shared Memory-Usage |        Vol|        Shared         |
|      ID  ID  Dev |                Shared BAR1-Usage | SM     Unc| CE ENC  DEC  OFA  JPG |
|                  |                                  |        ECC|                       |
|==================+==================================+===========+=======================|
|  0   10   0   0  |              15MiB /  9984MiB    | 16      0 |  1   0    1    0    1 |
|                  |               0MiB /  6185MiB    |           |                       |
+------------------+----------------------------------+-----------+-----------------------+

+-----------------------------------------------------------------------------------------+
| Processes:                                                                              |
|  GPU   GI   CI              PID   Type   Process name                        GPU Memory |
|        ID   ID                                                               Usage      |
|=========================================================================================|
|  No running processes found                                                             |
+-----------------------------------------------------------------------------------------+
Running seed 14
Gym has been unmaintained since 2022 and does not support NumPy 2.0 amongst other critical functionality.
Please upgrade to Gymnasium, the maintained drop-in replacement of Gym, or contact the authors of your software and request that they upgrade.
Users of this version of Gym should be able to simply replace 'import gym' with 'import gymnasium as gym' in the vast majority of cases.
See the migration guide at https://gymnasium.farama.org/introduction/migration_guide/ for additional information.
Seed 14 | Episode 0 | Reward -300.00 | Epsilon 0.9987
Seed 14 | Episode 1 | Reward -300.00 | Epsilon 0.9897
Seed 14 | Episode 2 | Reward -300.00 | Epsilon 0.9808
Seed 14 | Episode 3 | Reward -300.00 | Epsilon 0.9720
Seed 14 | Episode 4 | Reward -300.00 | Epsilon 0.9633
Seed 14 | Episode 5 | Reward -300.00 | Epsilon 0.9547
Seed 14 | Episode 6 | Reward -300.00 | Epsilon 0.9462
Seed 14 | Episode 7 | Reward -300.00 | Epsilon 0.9377
Seed 14 | Episode 8 | Reward -300.00 | Epsilon 0.9293
Seed 14 | Episode 9 | Reward -300.00 | Epsilon 0.9209
Seed 14 | Episode 10 | Reward -300.00 | Epsilon 0.9127
Seed 14 | Episode 11 | Reward -300.00 | Epsilon 0.9045
Seed 14 | Episode 12 | Reward -300.00 | Epsilon 0.8964
Seed 14 | Episode 13 | Reward -300.00 | Epsilon 0.8884
Seed 14 | Episode 14 | Reward -300.00 | Epsilon 0.8804
Seed 14 | Episode 15 | Reward -300.00 | Epsilon 0.8725
Seed 14 | Episode 16 | Reward -300.00 | Epsilon 0.8647
Seed 14 | Episode 17 | Reward -300.00 | Epsilon 0.8570
Seed 14 | Episode 18 | Reward -300.00 | Epsilon 0.8493
Seed 14 | Episode 19 | Reward -300.00 | Epsilon 0.8417
Seed 14 | Episode 20 | Reward -300.00 | Epsilon 0.8341
Seed 14 | Episode 21 | Reward -300.00 | Epsilon 0.8267
Seed 14 | Episode 22 | Reward -300.00 | Epsilon 0.8193
Seed 14 | Episode 23 | Reward -300.00 | Epsilon 0.8119
Seed 14 | Episode 24 | Reward -300.00 | Epsilon 0.8046
Seed 14 | Episode 25 | Reward -300.00 | Epsilon 0.7974
Seed 14 | Episode 26 | Reward -185.00 | Epsilon 0.7906
Seed 14 | Episode 27 | Reward -300.00 | Epsilon 0.7835
Seed 14 | Episode 28 | Reward -300.00 | Epsilon 0.7765
Seed 14 | Episode 29 | Reward -300.00 | Epsilon 0.7696
Seed 14 | Episode 30 | Reward -300.00 | Epsilon 0.7627
Seed 14 | Episode 31 | Reward -300.00 | Epsilon 0.7558
Seed 14 | Episode 32 | Reward -300.00 | Epsilon 0.7491
Seed 14 | Episode 33 | Reward -300.00 | Epsilon 0.7423
Seed 14 | Episode 34 | Reward -300.00 | Epsilon 0.7357
Seed 14 | Episode 35 | Reward -300.00 | Epsilon 0.7291
Seed 14 | Episode 36 | Reward -300.00 | Epsilon 0.7226
Seed 14 | Episode 37 | Reward -300.00 | Epsilon 0.7161
Seed 14 | Episode 38 | Reward -300.00 | Epsilon 0.7097
Seed 14 | Episode 39 | Reward -300.00 | Epsilon 0.7033
Seed 14 | Episode 40 | Reward -300.00 | Epsilon 0.6970
Seed 14 | Episode 41 | Reward -300.00 | Epsilon 0.6908
Seed 14 | Episode 42 | Reward -300.00 | Epsilon 0.6846
Seed 14 | Episode 43 | Reward -300.00 | Epsilon 0.6785
Seed 14 | Episode 44 | Reward -300.00 | Epsilon 0.6724
Seed 14 | Episode 45 | Reward -300.00 | Epsilon 0.6664
Seed 14 | Episode 46 | Reward -300.00 | Epsilon 0.6604
Seed 14 | Episode 47 | Reward -300.00 | Epsilon 0.6545
Seed 14 | Episode 48 | Reward -300.00 | Epsilon 0.6486
Seed 14 | Episode 49 | Reward -300.00 | Epsilon 0.6428
Seed 14 | Episode 50 | Reward -300.00 | Epsilon 0.6370
Seed 14 | Episode 51 | Reward -300.00 | Epsilon 0.6313
Seed 14 | Episode 52 | Reward -300.00 | Epsilon 0.6257
Seed 14 | Episode 53 | Reward -300.00 | Epsilon 0.6201
Seed 14 | Episode 54 | Reward -300.00 | Epsilon 0.6145
Seed 14 | Episode 55 | Reward -300.00 | Epsilon 0.6090
Seed 14 | Episode 56 | Reward -300.00 | Epsilon 0.6035
Seed 14 | Episode 57 | Reward -300.00 | Epsilon 0.5981
Seed 14 | Episode 58 | Reward -300.00 | Epsilon 0.5928
Seed 14 | Episode 59 | Reward -300.00 | Epsilon 0.5875
Seed 14 | Episode 60 | Reward -300.00 | Epsilon 0.5822
Seed 14 | Episode 61 | Reward -300.00 | Epsilon 0.5770
Seed 14 | Episode 62 | Reward -300.00 | Epsilon 0.5718
Seed 14 | Episode 63 | Reward -300.00 | Epsilon 0.5667
Seed 14 | Episode 64 | Reward -300.00 | Epsilon 0.5616
Seed 14 | Episode 65 | Reward -300.00 | Epsilon 0.5566
Seed 14 | Episode 66 | Reward -300.00 | Epsilon 0.5516
Seed 14 | Episode 67 | Reward -300.00 | Epsilon 0.5467
Seed 14 | Episode 68 | Reward -300.00 | Epsilon 0.5418
Seed 14 | Episode 69 | Reward -300.00 | Epsilon 0.5369
Seed 14 | Episode 70 | Reward -300.00 | Epsilon 0.5321
Seed 14 | Episode 71 | Reward -300.00 | Epsilon 0.5273
Seed 14 | Episode 72 | Reward -300.00 | Epsilon 0.5226
Seed 14 | Episode 73 | Reward -300.00 | Epsilon 0.5179
Seed 14 | Episode 74 | Reward -300.00 | Epsilon 0.5133
Seed 14 | Episode 75 | Reward -300.00 | Epsilon 0.5087
Seed 14 | Episode 76 | Reward -300.00 | Epsilon 0.5041
Seed 14 | Episode 77 | Reward -300.00 | Epsilon 0.4996
Seed 14 | Episode 78 | Reward -300.00 | Epsilon 0.4951
Seed 14 | Episode 79 | Reward -300.00 | Epsilon 0.4907
Seed 14 | Episode 80 | Reward -300.00 | Epsilon 0.4863
Seed 14 | Episode 81 | Reward -300.00 | Epsilon 0.4819
Seed 14 | Episode 82 | Reward -300.00 | Epsilon 0.4776
Seed 14 | Episode 83 | Reward -300.00 | Epsilon 0.4733
Seed 14 | Episode 84 | Reward -300.00 | Epsilon 0.4691
Seed 14 | Episode 85 | Reward -300.00 | Epsilon 0.4649
Seed 14 | Episode 86 | Reward -300.00 | Epsilon 0.4607
Seed 14 | Episode 87 | Reward -300.00 | Epsilon 0.4566
Seed 14 | Episode 88 | Reward -300.00 | Epsilon 0.4525
Seed 14 | Episode 89 | Reward -300.00 | Epsilon 0.4485
Seed 14 | Episode 90 | Reward -300.00 | Epsilon 0.4444
Seed 14 | Episode 91 | Reward -300.00 | Epsilon 0.4405
Seed 14 | Episode 92 | Reward -300.00 | Epsilon 0.4365
Seed 14 | Episode 93 | Reward -300.00 | Epsilon 0.4326
Seed 14 | Episode 94 | Reward -300.00 | Epsilon 0.4287
Seed 14 | Episode 95 | Reward -300.00 | Epsilon 0.4249
Seed 14 | Episode 96 | Reward -300.00 | Epsilon 0.4211
Seed 14 | Episode 97 | Reward -300.00 | Epsilon 0.4173
Seed 14 | Episode 98 | Reward -300.00 | Epsilon 0.4136
Seed 14 | Episode 99 | Reward -300.00 | Epsilon 0.4099
Seed 14 | Episode 100 | Reward -300.00 | Epsilon 0.4062
Seed 14 | Episode 101 | Reward -300.00 | Epsilon 0.4025
Seed 14 | Episode 102 | Reward -300.00 | Epsilon 0.3989
Seed 14 | Episode 103 | Reward -300.00 | Epsilon 0.3954
Seed 14 | Episode 104 | Reward -300.00 | Epsilon 0.3918
Seed 14 | Episode 105 | Reward -300.00 | Epsilon 0.3883
Seed 14 | Episode 106 | Reward -300.00 | Epsilon 0.3848
Seed 14 | Episode 107 | Reward -300.00 | Epsilon 0.3814
Seed 14 | Episode 108 | Reward -300.00 | Epsilon 0.3780
Seed 14 | Episode 109 | Reward -300.00 | Epsilon 0.3746
Seed 14 | Episode 110 | Reward -300.00 | Epsilon 0.3712
Seed 14 | Episode 111 | Reward -300.00 | Epsilon 0.3679
Seed 14 | Episode 112 | Reward -300.00 | Epsilon 0.3646
Seed 14 | Episode 113 | Reward -300.00 | Epsilon 0.3613
Seed 14 | Episode 114 | Reward -300.00 | Epsilon 0.3581
Seed 14 | Episode 115 | Reward -300.00 | Epsilon 0.3549
Seed 14 | Episode 116 | Reward -300.00 | Epsilon 0.3517
Seed 14 | Episode 117 | Reward -300.00 | Epsilon 0.3486
Seed 14 | Episode 118 | Reward -300.00 | Epsilon 0.3454
Seed 14 | Episode 119 | Reward -300.00 | Epsilon 0.3423
Seed 14 | Episode 120 | Reward -300.00 | Epsilon 0.3393
Seed 14 | Episode 121 | Reward -300.00 | Epsilon 0.3362
Seed 14 | Episode 122 | Reward -300.00 | Epsilon 0.3332
Seed 14 | Episode 123 | Reward -300.00 | Epsilon 0.3302
Seed 14 | Episode 124 | Reward -300.00 | Epsilon 0.3273
Seed 14 | Episode 125 | Reward -300.00 | Epsilon 0.3243
Seed 14 | Episode 126 | Reward -300.00 | Epsilon 0.3214
Seed 14 | Episode 127 | Reward -300.00 | Epsilon 0.3186
Seed 14 | Episode 128 | Reward -300.00 | Epsilon 0.3157
Seed 14 | Episode 129 | Reward -300.00 | Epsilon 0.3129
Seed 14 | Episode 130 | Reward -300.00 | Epsilon 0.3101
Seed 14 | Episode 131 | Reward -300.00 | Epsilon 0.3073
Seed 14 | Episode 132 | Reward -300.00 | Epsilon 0.3045
Seed 14 | Episode 133 | Reward -300.00 | Epsilon 0.3018
Seed 14 | Episode 134 | Reward -300.00 | Epsilon 0.2991
Seed 14 | Episode 135 | Reward -300.00 | Epsilon 0.2964
Seed 14 | Episode 136 | Reward -300.00 | Epsilon 0.2938
Seed 14 | Episode 137 | Reward -300.00 | Epsilon 0.2911
Seed 14 | Episode 138 | Reward -300.00 | Epsilon 0.2885
Seed 14 | Episode 139 | Reward -300.00 | Epsilon 0.2859
Seed 14 | Episode 140 | Reward -300.00 | Epsilon 0.2834
Seed 14 | Episode 141 | Reward -300.00 | Epsilon 0.2808
Seed 14 | Episode 142 | Reward -300.00 | Epsilon 0.2783
Seed 14 | Episode 143 | Reward -300.00 | Epsilon 0.2758
Seed 14 | Episode 144 | Reward -300.00 | Epsilon 0.2734
Seed 14 | Episode 145 | Reward -300.00 | Epsilon 0.2709
Seed 14 | Episode 146 | Reward -300.00 | Epsilon 0.2685
Seed 14 | Episode 147 | Reward -300.00 | Epsilon 0.2661
Seed 14 | Episode 148 | Reward -300.00 | Epsilon 0.2637
Seed 14 | Episode 149 | Reward -300.00 | Epsilon 0.2613
Seed 14 | Episode 150 | Reward -300.00 | Epsilon 0.2590
Seed 14 | Episode 151 | Reward -300.00 | Epsilon 0.2567
Seed 14 | Episode 152 | Reward -300.00 | Epsilon 0.2544
Seed 14 | Episode 153 | Reward -300.00 | Epsilon 0.2521
Seed 14 | Episode 154 | Reward -300.00 | Epsilon 0.2498
Seed 14 | Episode 155 | Reward -300.00 | Epsilon 0.2476
Seed 14 | Episode 156 | Reward -300.00 | Epsilon 0.2454
Seed 14 | Episode 157 | Reward -300.00 | Epsilon 0.2432
Seed 14 | Episode 158 | Reward -300.00 | Epsilon 0.2410
Seed 14 | Episode 159 | Reward -300.00 | Epsilon 0.2388
Seed 14 | Episode 160 | Reward -300.00 | Epsilon 0.2367
Seed 14 | Episode 161 | Reward -300.00 | Epsilon 0.2346
Seed 14 | Episode 162 | Reward -300.00 | Epsilon 0.2325
Seed 14 | Episode 163 | Reward -300.00 | Epsilon 0.2304
Seed 14 | Episode 164 | Reward -300.00 | Epsilon 0.2283
Seed 14 | Episode 165 | Reward -300.00 | Epsilon 0.2263
Seed 14 | Episode 166 | Reward -300.00 | Epsilon 0.2243
Seed 14 | Episode 167 | Reward -300.00 | Epsilon 0.2222
Seed 14 | Episode 168 | Reward -300.00 | Epsilon 0.2203
Seed 14 | Episode 169 | Reward -300.00 | Epsilon 0.2183
Seed 14 | Episode 170 | Reward -300.00 | Epsilon 0.2163
Seed 14 | Episode 171 | Reward -300.00 | Epsilon 0.2144
Seed 14 | Episode 172 | Reward -300.00 | Epsilon 0.2125
Seed 14 | Episode 173 | Reward -300.00 | Epsilon 0.2106
Seed 14 | Episode 174 | Reward -300.00 | Epsilon 0.2087
Seed 14 | Episode 175 | Reward -300.00 | Epsilon 0.2068
Seed 14 | Episode 176 | Reward -300.00 | Epsilon 0.2050
Seed 14 | Episode 177 | Reward -300.00 | Epsilon 0.2031
Seed 14 | Episode 178 | Reward -300.00 | Epsilon 0.2013
Seed 14 | Episode 179 | Reward -300.00 | Epsilon 0.1995
Seed 14 | Episode 180 | Reward -300.00 | Epsilon 0.1977
Seed 14 | Episode 181 | Reward -300.00 | Epsilon 0.1959
Seed 14 | Episode 182 | Reward -300.00 | Epsilon 0.1942
Seed 14 | Episode 183 | Reward -300.00 | Epsilon 0.1924
Seed 14 | Episode 184 | Reward -300.00 | Epsilon 0.1907
Seed 14 | Episode 185 | Reward -300.00 | Epsilon 0.1890
Seed 14 | Episode 186 | Reward -300.00 | Epsilon 0.1873
Seed 14 | Episode 187 | Reward -300.00 | Epsilon 0.1856
Seed 14 | Episode 188 | Reward -300.00 | Epsilon 0.1840
Seed 14 | Episode 189 | Reward -300.00 | Epsilon 0.1823
Seed 14 | Episode 190 | Reward -300.00 | Epsilon 0.1807
Seed 14 | Episode 191 | Reward -300.00 | Epsilon 0.1791
Seed 14 | Episode 192 | Reward -300.00 | Epsilon 0.1775
Seed 14 | Episode 193 | Reward -300.00 | Epsilon 0.1759
Seed 14 | Episode 194 | Reward -300.00 | Epsilon 0.1743
Seed 14 | Episode 195 | Reward -300.00 | Epsilon 0.1727
Seed 14 | Episode 196 | Reward -300.00 | Epsilon 0.1712
Seed 14 | Episode 197 | Reward -300.00 | Epsilon 0.1697
Seed 14 | Episode 198 | Reward -300.00 | Epsilon 0.1681
Seed 14 | Episode 199 | Reward -300.00 | Epsilon 0.1666
Seed 14 | Episode 200 | Reward -300.00 | Epsilon 0.1651
Seed 14 | Episode 201 | Reward -300.00 | Epsilon 0.1637
Seed 14 | Episode 202 | Reward -300.00 | Epsilon 0.1622
Seed 14 | Episode 203 | Reward -300.00 | Epsilon 0.1607
Seed 14 | Episode 204 | Reward -300.00 | Epsilon 0.1593
Seed 14 | Episode 205 | Reward -300.00 | Epsilon 0.1579
Seed 14 | Episode 206 | Reward -300.00 | Epsilon 0.1565
Seed 14 | Episode 207 | Reward -300.00 | Epsilon 0.1551
Seed 14 | Episode 208 | Reward -300.00 | Epsilon 0.1537
Seed 14 | Episode 209 | Reward -300.00 | Epsilon 0.1523
Seed 14 | Episode 210 | Reward -300.00 | Epsilon 0.1509
Seed 14 | Episode 211 | Reward -300.00 | Epsilon 0.1496
Seed 14 | Episode 212 | Reward -300.00 | Epsilon 0.1482
Seed 14 | Episode 213 | Reward -300.00 | Epsilon 0.1469
Seed 14 | Episode 214 | Reward -300.00 | Epsilon 0.1456
Seed 14 | Episode 215 | Reward -300.00 | Epsilon 0.1443
Seed 14 | Episode 216 | Reward -300.00 | Epsilon 0.1430
Seed 14 | Episode 217 | Reward -300.00 | Epsilon 0.1417
Seed 14 | Episode 218 | Reward -300.00 | Epsilon 0.1404
Seed 14 | Episode 219 | Reward -300.00 | Epsilon 0.1392
Seed 14 | Episode 220 | Reward -300.00 | Epsilon 0.1379
Seed 14 | Episode 221 | Reward -300.00 | Epsilon 0.1367
Seed 14 | Episode 222 | Reward -300.00 | Epsilon 0.1355
Seed 14 | Episode 223 | Reward -300.00 | Epsilon 0.1343
Seed 14 | Episode 224 | Reward -300.00 | Epsilon 0.1331
Seed 14 | Episode 225 | Reward -300.00 | Epsilon 0.1319
Seed 14 | Episode 226 | Reward -300.00 | Epsilon 0.1307
Seed 14 | Episode 227 | Reward -300.00 | Epsilon 0.1295
Seed 14 | Episode 228 | Reward -300.00 | Epsilon 0.1284
Seed 14 | Episode 229 | Reward -300.00 | Epsilon 0.1272
Seed 14 | Episode 230 | Reward -300.00 | Epsilon 0.1261
Seed 14 | Episode 231 | Reward -300.00 | Epsilon 0.1249
Seed 14 | Episode 232 | Reward -300.00 | Epsilon 0.1238
Seed 14 | Episode 233 | Reward -300.00 | Epsilon 0.1227
Seed 14 | Episode 234 | Reward -300.00 | Epsilon 0.1216
Seed 14 | Episode 235 | Reward -300.00 | Epsilon 0.1205
Seed 14 | Episode 236 | Reward -300.00 | Epsilon 0.1194
Seed 14 | Episode 237 | Reward -300.00 | Epsilon 0.1184
Seed 14 | Episode 238 | Reward -300.00 | Epsilon 0.1173
Seed 14 | Episode 239 | Reward -300.00 | Epsilon 0.1163
Seed 14 | Episode 240 | Reward -300.00 | Epsilon 0.1152
Seed 14 | Episode 241 | Reward -300.00 | Epsilon 0.1142
Seed 14 | Episode 242 | Reward -300.00 | Epsilon 0.1132
Seed 14 | Episode 243 | Reward -300.00 | Epsilon 0.1121
Seed 14 | Episode 244 | Reward -300.00 | Epsilon 0.1111
Seed 14 | Episode 245 | Reward -300.00 | Epsilon 0.1101
Seed 14 | Episode 246 | Reward -300.00 | Epsilon 0.1092
Seed 14 | Episode 247 | Reward -300.00 | Epsilon 0.1082
Seed 14 | Episode 248 | Reward -300.00 | Epsilon 0.1072
Seed 14 | Episode 249 | Reward -300.00 | Epsilon 0.1062
Seed 14 | Episode 250 | Reward -300.00 | Epsilon 0.1053
Seed 14 | Episode 251 | Reward -300.00 | Epsilon 0.1044
Seed 14 | Episode 252 | Reward -300.00 | Epsilon 0.1034
Seed 14 | Episode 253 | Reward -300.00 | Epsilon 0.1025
Seed 14 | Episode 254 | Reward -300.00 | Epsilon 0.1016
Seed 14 | Episode 255 | Reward -300.00 | Epsilon 0.1007
Seed 14 | Episode 256 | Reward -300.00 | Epsilon 0.0998
Seed 14 | Episode 257 | Reward -300.00 | Epsilon 0.0989
Seed 14 | Episode 258 | Reward -300.00 | Epsilon 0.0980
Seed 14 | Episode 259 | Reward -300.00 | Epsilon 0.0971
Seed 14 | Episode 260 | Reward -300.00 | Epsilon 0.0962
Seed 14 | Episode 261 | Reward -300.00 | Epsilon 0.0954
Seed 14 | Episode 262 | Reward -300.00 | Epsilon 0.0945
Seed 14 | Episode 263 | Reward -300.00 | Epsilon 0.0937
Seed 14 | Episode 264 | Reward -300.00 | Epsilon 0.0928
Seed 14 | Episode 265 | Reward -300.00 | Epsilon 0.0920
Seed 14 | Episode 266 | Reward -300.00 | Epsilon 0.0912
Seed 14 | Episode 267 | Reward -300.00 | Epsilon 0.0904
Seed 14 | Episode 268 | Reward -300.00 | Epsilon 0.0895
Seed 14 | Episode 269 | Reward -300.00 | Epsilon 0.0887
Seed 14 | Episode 270 | Reward -300.00 | Epsilon 0.0880
Seed 14 | Episode 271 | Reward -300.00 | Epsilon 0.0872
Seed 14 | Episode 272 | Reward -300.00 | Epsilon 0.0864
Seed 14 | Episode 273 | Reward -300.00 | Epsilon 0.0856
Seed 14 | Episode 274 | Reward -300.00 | Epsilon 0.0848
Seed 14 | Episode 275 | Reward -300.00 | Epsilon 0.0841
Seed 14 | Episode 276 | Reward -300.00 | Epsilon 0.0833
Seed 14 | Episode 277 | Reward -300.00 | Epsilon 0.0826
Seed 14 | Episode 278 | Reward -300.00 | Epsilon 0.0818
Seed 14 | Episode 279 | Reward -300.00 | Epsilon 0.0811
Seed 14 | Episode 280 | Reward -300.00 | Epsilon 0.0804
Seed 14 | Episode 281 | Reward -300.00 | Epsilon 0.0797
Seed 14 | Episode 282 | Reward -300.00 | Epsilon 0.0789
Seed 14 | Episode 283 | Reward -300.00 | Epsilon 0.0782
Seed 14 | Episode 284 | Reward -300.00 | Epsilon 0.0775
Seed 14 | Episode 285 | Reward -300.00 | Epsilon 0.0768
Seed 14 | Episode 286 | Reward -300.00 | Epsilon 0.0762
Seed 14 | Episode 287 | Reward -300.00 | Epsilon 0.0755
Seed 14 | Episode 288 | Reward -300.00 | Epsilon 0.0748
Seed 14 | Episode 289 | Reward -300.00 | Epsilon 0.0741
Seed 14 | Episode 290 | Reward -300.00 | Epsilon 0.0735
Seed 14 | Episode 291 | Reward -300.00 | Epsilon 0.0728
Seed 14 | Episode 292 | Reward -300.00 | Epsilon 0.0722
Seed 14 | Episode 293 | Reward -300.00 | Epsilon 0.0715
Seed 14 | Episode 294 | Reward -300.00 | Epsilon 0.0709
Seed 14 | Episode 295 | Reward -300.00 | Epsilon 0.0702
Seed 14 | Episode 296 | Reward -300.00 | Epsilon 0.0696
Seed 14 | Episode 297 | Reward -300.00 | Epsilon 0.0690
Seed 14 | Episode 298 | Reward -300.00 | Epsilon 0.0684
Seed 14 | Episode 299 | Reward -300.00 | Epsilon 0.0677
Seed 14 | Episode 300 | Reward -300.00 | Epsilon 0.0671
Seed 14 | Episode 301 | Reward -300.00 | Epsilon 0.0665
Seed 14 | Episode 302 | Reward -300.00 | Epsilon 0.0659
Seed 14 | Episode 303 | Reward -300.00 | Epsilon 0.0654
Seed 14 | Episode 304 | Reward -300.00 | Epsilon 0.0648
Seed 14 | Episode 305 | Reward -300.00 | Epsilon 0.0642
Seed 14 | Episode 306 | Reward -300.00 | Epsilon 0.0636
Seed 14 | Episode 307 | Reward -300.00 | Epsilon 0.0630
Seed 14 | Episode 308 | Reward -300.00 | Epsilon 0.0625
Seed 14 | Episode 309 | Reward -300.00 | Epsilon 0.0619
Seed 14 | Episode 310 | Reward -300.00 | Epsilon 0.0614
Seed 14 | Episode 311 | Reward -300.00 | Epsilon 0.0608
Seed 14 | Episode 312 | Reward -300.00 | Epsilon 0.0603
Seed 14 | Episode 313 | Reward -300.00 | Epsilon 0.0597
Seed 14 | Episode 314 | Reward -300.00 | Epsilon 0.0592
Seed 14 | Episode 315 | Reward -300.00 | Epsilon 0.0587
Seed 14 | Episode 316 | Reward -300.00 | Epsilon 0.0581
Seed 14 | Episode 317 | Reward -300.00 | Epsilon 0.0576
Seed 14 | Episode 318 | Reward -300.00 | Epsilon 0.0571
Seed 14 | Episode 319 | Reward -300.00 | Epsilon 0.0566
Seed 14 | Episode 320 | Reward -300.00 | Epsilon 0.0561
Seed 14 | Episode 321 | Reward -300.00 | Epsilon 0.0556
Seed 14 | Episode 322 | Reward -300.00 | Epsilon 0.0551
Seed 14 | Episode 323 | Reward -300.00 | Epsilon 0.0546
Seed 14 | Episode 324 | Reward -300.00 | Epsilon 0.0541
Seed 14 | Episode 325 | Reward -300.00 | Epsilon 0.0536
Seed 14 | Episode 326 | Reward -300.00 | Epsilon 0.0531
Seed 14 | Episode 327 | Reward -300.00 | Epsilon 0.0527
Seed 14 | Episode 328 | Reward -300.00 | Epsilon 0.0522
Seed 14 | Episode 329 | Reward -300.00 | Epsilon 0.0517
Seed 14 | Episode 330 | Reward -300.00 | Epsilon 0.0513
Seed 14 | Episode 331 | Reward -300.00 | Epsilon 0.0508
Seed 14 | Episode 332 | Reward -300.00 | Epsilon 0.0503
Seed 14 | Episode 333 | Reward -300.00 | Epsilon 0.0499
Seed 14 | Episode 334 | Reward -300.00 | Epsilon 0.0494
Seed 14 | Episode 335 | Reward -300.00 | Epsilon 0.0490
Seed 14 | Episode 336 | Reward -300.00 | Epsilon 0.0486
Seed 14 | Episode 337 | Reward -300.00 | Epsilon 0.0481
Seed 14 | Episode 338 | Reward -300.00 | Epsilon 0.0477
Seed 14 | Episode 339 | Reward -300.00 | Epsilon 0.0473
Seed 14 | Episode 340 | Reward -300.00 | Epsilon 0.0468
Seed 14 | Episode 341 | Reward -300.00 | Epsilon 0.0464
Seed 14 | Episode 342 | Reward -300.00 | Epsilon 0.0460
Seed 14 | Episode 343 | Reward -300.00 | Epsilon 0.0456
Seed 14 | Episode 344 | Reward -300.00 | Epsilon 0.0452
Seed 14 | Episode 345 | Reward -300.00 | Epsilon 0.0448
Seed 14 | Episode 346 | Reward -300.00 | Epsilon 0.0444
Seed 14 | Episode 347 | Reward -300.00 | Epsilon 0.0440
Seed 14 | Episode 348 | Reward -300.00 | Epsilon 0.0436
Seed 14 | Episode 349 | Reward -300.00 | Epsilon 0.0432
Seed 14 | Episode 350 | Reward -300.00 | Epsilon 0.0428
Seed 14 | Episode 351 | Reward -300.00 | Epsilon 0.0424
Seed 14 | Episode 352 | Reward -300.00 | Epsilon 0.0420
Seed 14 | Episode 353 | Reward -300.00 | Epsilon 0.0417
Seed 14 | Episode 354 | Reward -300.00 | Epsilon 0.0413
Seed 14 | Episode 355 | Reward -300.00 | Epsilon 0.0409
Seed 14 | Episode 356 | Reward -300.00 | Epsilon 0.0406
Seed 14 | Episode 357 | Reward -300.00 | Epsilon 0.0402
Seed 14 | Episode 358 | Reward -300.00 | Epsilon 0.0398
Seed 14 | Episode 359 | Reward -300.00 | Epsilon 0.0395
Seed 14 | Episode 360 | Reward -300.00 | Epsilon 0.0391
Seed 14 | Episode 361 | Reward -300.00 | Epsilon 0.0388
Seed 14 | Episode 362 | Reward -300.00 | Epsilon 0.0384
Seed 14 | Episode 363 | Reward -300.00 | Epsilon 0.0381
Seed 14 | Episode 364 | Reward -300.00 | Epsilon 0.0377
Seed 14 | Episode 365 | Reward -300.00 | Epsilon 0.0374
Seed 14 | Episode 366 | Reward -300.00 | Epsilon 0.0371
Seed 14 | Episode 367 | Reward -300.00 | Epsilon 0.0367
Seed 14 | Episode 368 | Reward -300.00 | Epsilon 0.0364
Seed 14 | Episode 369 | Reward -300.00 | Epsilon 0.0361
Seed 14 | Episode 370 | Reward -300.00 | Epsilon 0.0358
Seed 14 | Episode 371 | Reward -300.00 | Epsilon 0.0354
Seed 14 | Episode 372 | Reward -300.00 | Epsilon 0.0351
Seed 14 | Episode 373 | Reward -300.00 | Epsilon 0.0348
Seed 14 | Episode 374 | Reward -300.00 | Epsilon 0.0345
Seed 14 | Episode 375 | Reward -300.00 | Epsilon 0.0342
Seed 14 | Episode 376 | Reward -300.00 | Epsilon 0.0339
Seed 14 | Episode 377 | Reward -300.00 | Epsilon 0.0336
Seed 14 | Episode 378 | Reward -300.00 | Epsilon 0.0333
Seed 14 | Episode 379 | Reward -300.00 | Epsilon 0.0330
Seed 14 | Episode 380 | Reward -300.00 | Epsilon 0.0327
Seed 14 | Episode 381 | Reward -300.00 | Epsilon 0.0324
Seed 14 | Episode 382 | Reward -300.00 | Epsilon 0.0321
Seed 14 | Episode 383 | Reward -300.00 | Epsilon 0.0318
Seed 14 | Episode 384 | Reward -300.00 | Epsilon 0.0315
Seed 14 | Episode 385 | Reward -300.00 | Epsilon 0.0312
Seed 14 | Episode 386 | Reward -300.00 | Epsilon 0.0310
Seed 14 | Episode 387 | Reward -300.00 | Epsilon 0.0307
Seed 14 | Episode 388 | Reward -300.00 | Epsilon 0.0304
Seed 14 | Episode 389 | Reward -300.00 | Epsilon 0.0301
Seed 14 | Episode 390 | Reward -300.00 | Epsilon 0.0299
Seed 14 | Episode 391 | Reward -300.00 | Epsilon 0.0296
Seed 14 | Episode 392 | Reward -300.00 | Epsilon 0.0293
Seed 14 | Episode 393 | Reward -300.00 | Epsilon 0.0291
Seed 14 | Episode 394 | Reward -300.00 | Epsilon 0.0288
Seed 14 | Episode 395 | Reward -300.00 | Epsilon 0.0286
Seed 14 | Episode 396 | Reward -300.00 | Epsilon 0.0283
Seed 14 | Episode 397 | Reward -300.00 | Epsilon 0.0280
Seed 14 | Episode 398 | Reward -300.00 | Epsilon 0.0278
Seed 14 | Episode 399 | Reward -300.00 | Epsilon 0.0275
Seed 14 | Episode 400 | Reward -300.00 | Epsilon 0.0273
Seed 14 | Episode 401 | Reward -300.00 | Epsilon 0.0271
Seed 14 | Episode 402 | Reward -300.00 | Epsilon 0.0268
Seed 14 | Episode 403 | Reward -300.00 | Epsilon 0.0266
Seed 14 | Episode 404 | Reward -300.00 | Epsilon 0.0263
Seed 14 | Episode 405 | Reward -300.00 | Epsilon 0.0261
Seed 14 | Episode 406 | Reward -300.00 | Epsilon 0.0259
Seed 14 | Episode 407 | Reward -300.00 | Epsilon 0.0256
Seed 14 | Episode 408 | Reward -300.00 | Epsilon 0.0254
Seed 14 | Episode 409 | Reward -300.00 | Epsilon 0.0252
Seed 14 | Episode 410 | Reward -300.00 | Epsilon 0.0249
Seed 14 | Episode 411 | Reward -300.00 | Epsilon 0.0247
Seed 14 | Episode 412 | Reward -300.00 | Epsilon 0.0245
Seed 14 | Episode 413 | Reward -300.00 | Epsilon 0.0243
Seed 14 | Episode 414 | Reward -300.00 | Epsilon 0.0241
Seed 14 | Episode 415 | Reward -300.00 | Epsilon 0.0238
Seed 14 | Episode 416 | Reward -300.00 | Epsilon 0.0236
Seed 14 | Episode 417 | Reward -300.00 | Epsilon 0.0234
Seed 14 | Episode 418 | Reward -300.00 | Epsilon 0.0232
Seed 14 | Episode 419 | Reward -300.00 | Epsilon 0.0230
Seed 14 | Episode 420 | Reward -300.00 | Epsilon 0.0228
Seed 14 | Episode 421 | Reward -300.00 | Epsilon 0.0226
Seed 14 | Episode 422 | Reward -300.00 | Epsilon 0.0224
Seed 14 | Episode 423 | Reward -300.00 | Epsilon 0.0222
Seed 14 | Episode 424 | Reward -300.00 | Epsilon 0.0220
Seed 14 | Episode 425 | Reward -300.00 | Epsilon 0.0218
Seed 14 | Episode 426 | Reward -300.00 | Epsilon 0.0216
Seed 14 | Episode 427 | Reward -300.00 | Epsilon 0.0214
Seed 14 | Episode 428 | Reward -300.00 | Epsilon 0.0212
Seed 14 | Episode 429 | Reward -300.00 | Epsilon 0.0210
Seed 14 | Episode 430 | Reward -300.00 | Epsilon 0.0208
Seed 14 | Episode 431 | Reward -300.00 | Epsilon 0.0207
Seed 14 | Episode 432 | Reward -300.00 | Epsilon 0.0205
Seed 14 | Episode 433 | Reward -300.00 | Epsilon 0.0203
Seed 14 | Episode 434 | Reward -300.00 | Epsilon 0.0201
Seed 14 | Episode 435 | Reward -300.00 | Epsilon 0.0199
Seed 14 | Episode 436 | Reward -300.00 | Epsilon 0.0197
Seed 14 | Episode 437 | Reward -300.00 | Epsilon 0.0196
Seed 14 | Episode 438 | Reward -300.00 | Epsilon 0.0194
Seed 14 | Episode 439 | Reward -300.00 | Epsilon 0.0192
Seed 14 | Episode 440 | Reward -300.00 | Epsilon 0.0190
Seed 14 | Episode 441 | Reward -300.00 | Epsilon 0.0189
Seed 14 | Episode 442 | Reward -300.00 | Epsilon 0.0187
Seed 14 | Episode 443 | Reward -300.00 | Epsilon 0.0185
Seed 14 | Episode 444 | Reward -300.00 | Epsilon 0.0184
Seed 14 | Episode 445 | Reward -300.00 | Epsilon 0.0182
Seed 14 | Episode 446 | Reward -300.00 | Epsilon 0.0180
Seed 14 | Episode 447 | Reward -300.00 | Epsilon 0.0179
Seed 14 | Episode 448 | Reward -300.00 | Epsilon 0.0177
Seed 14 | Episode 449 | Reward -300.00 | Epsilon 0.0176
Seed 14 | Episode 450 | Reward -300.00 | Epsilon 0.0174
Seed 14 | Episode 451 | Reward -300.00 | Epsilon 0.0172
Seed 14 | Episode 452 | Reward -300.00 | Epsilon 0.0171
Seed 14 | Episode 453 | Reward -300.00 | Epsilon 0.0169
Seed 14 | Episode 454 | Reward -300.00 | Epsilon 0.0168
Seed 14 | Episode 455 | Reward -300.00 | Epsilon 0.0166
Seed 14 | Episode 456 | Reward -300.00 | Epsilon 0.0165
Seed 14 | Episode 457 | Reward -300.00 | Epsilon 0.0163
Seed 14 | Episode 458 | Reward -300.00 | Epsilon 0.0162
Seed 14 | Episode 459 | Reward -300.00 | Epsilon 0.0161
Seed 14 | Episode 460 | Reward -300.00 | Epsilon 0.0159
Seed 14 | Episode 461 | Reward -300.00 | Epsilon 0.0158
Seed 14 | Episode 462 | Reward -300.00 | Epsilon 0.0156
Seed 14 | Episode 463 | Reward -300.00 | Epsilon 0.0155
Seed 14 | Episode 464 | Reward -300.00 | Epsilon 0.0153
Seed 14 | Episode 465 | Reward -300.00 | Epsilon 0.0152
Seed 14 | Episode 466 | Reward -300.00 | Epsilon 0.0151
Seed 14 | Episode 467 | Reward -300.00 | Epsilon 0.0149
Seed 14 | Episode 468 | Reward -300.00 | Epsilon 0.0148
Seed 14 | Episode 469 | Reward -300.00 | Epsilon 0.0147
Seed 14 | Episode 470 | Reward -300.00 | Epsilon 0.0145
Seed 14 | Episode 471 | Reward -300.00 | Epsilon 0.0144
Seed 14 | Episode 472 | Reward -300.00 | Epsilon 0.0143
Seed 14 | Episode 473 | Reward -300.00 | Epsilon 0.0142
Seed 14 | Episode 474 | Reward -300.00 | Epsilon 0.0140
Seed 14 | Episode 475 | Reward -300.00 | Epsilon 0.0139
Seed 14 | Episode 476 | Reward -300.00 | Epsilon 0.0138
Seed 14 | Episode 477 | Reward -300.00 | Epsilon 0.0137
Seed 14 | Episode 478 | Reward -300.00 | Epsilon 0.0135
Seed 14 | Episode 479 | Reward -300.00 | Epsilon 0.0134
Seed 14 | Episode 480 | Reward -300.00 | Epsilon 0.0133
Seed 14 | Episode 481 | Reward -300.00 | Epsilon 0.0132
Seed 14 | Episode 482 | Reward -300.00 | Epsilon 0.0130
Seed 14 | Episode 483 | Reward -300.00 | Epsilon 0.0129
Seed 14 | Episode 484 | Reward -300.00 | Epsilon 0.0128
Seed 14 | Episode 485 | Reward -300.00 | Epsilon 0.0127
Seed 14 | Episode 486 | Reward -300.00 | Epsilon 0.0126
Seed 14 | Episode 487 | Reward -300.00 | Epsilon 0.0125
Seed 14 | Episode 488 | Reward -300.00 | Epsilon 0.0124
Seed 14 | Episode 489 | Reward -300.00 | Epsilon 0.0123
Seed 14 | Episode 490 | Reward -300.00 | Epsilon 0.0121
Seed 14 | Episode 491 | Reward -300.00 | Epsilon 0.0120
Seed 14 | Episode 492 | Reward -300.00 | Epsilon 0.0119
Seed 14 | Episode 493 | Reward -300.00 | Epsilon 0.0118
Seed 14 | Episode 494 | Reward -300.00 | Epsilon 0.0117
Seed 14 | Episode 495 | Reward -300.00 | Epsilon 0.0116
Seed 14 | Episode 496 | Reward -300.00 | Epsilon 0.0115
Seed 14 | Episode 497 | Reward -300.00 | Epsilon 0.0114
Seed 14 | Episode 498 | Reward -300.00 | Epsilon 0.0113
Seed 14 | Episode 499 | Reward -300.00 | Epsilon 0.0112
Seed 14 | Episode 500 | Reward -300.00 | Epsilon 0.0111
Seed 14 | Episode 501 | Reward -300.00 | Epsilon 0.0110
Seed 14 | Episode 502 | Reward -300.00 | Epsilon 0.0109
Seed 14 | Episode 503 | Reward -300.00 | Epsilon 0.0108
Seed 14 | Episode 504 | Reward -300.00 | Epsilon 0.0107
Seed 14 | Episode 505 | Reward -300.00 | Epsilon 0.0106
Seed 14 | Episode 506 | Reward -300.00 | Epsilon 0.0105
Seed 14 | Episode 507 | Reward -300.00 | Epsilon 0.0104
Seed 14 | Episode 508 | Reward -300.00 | Epsilon 0.0103
Seed 14 | Episode 509 | Reward -300.00 | Epsilon 0.0102
Seed 14 | Episode 510 | Reward -300.00 | Epsilon 0.0101
Seed 14 | Episode 511 | Reward -300.00 | Epsilon 0.0101
Seed 14 | Episode 512 | Reward -300.00 | Epsilon 0.0100
Seed 14 | Episode 513 | Reward -300.00 | Epsilon 0.0100
Seed 14 | Episode 514 | Reward -300.00 | Epsilon 0.0100
Seed 14 | Episode 515 | Reward -300.00 | Epsilon 0.0100
Seed 14 | Episode 516 | Reward -300.00 | Epsilon 0.0100
Seed 14 | Episode 517 | Reward -300.00 | Epsilon 0.0100
Seed 14 | Episode 518 | Reward -300.00 | Epsilon 0.0100
Seed 14 | Episode 519 | Reward -300.00 | Epsilon 0.0100
Seed 14 | Episode 520 | Reward -300.00 | Epsilon 0.0100
Seed 14 | Episode 521 | Reward -300.00 | Epsilon 0.0100
Seed 14 | Episode 522 | Reward -300.00 | Epsilon 0.0100
Seed 14 | Episode 523 | Reward -300.00 | Epsilon 0.0100
Seed 14 | Episode 524 | Reward -300.00 | Epsilon 0.0100
Seed 14 | Episode 525 | Reward -300.00 | Epsilon 0.0100
Seed 14 | Episode 526 | Reward -300.00 | Epsilon 0.0100
Seed 14 | Episode 527 | Reward -300.00 | Epsilon 0.0100
Seed 14 | Episode 528 | Reward -300.00 | Epsilon 0.0100
Seed 14 | Episode 529 | Reward -300.00 | Epsilon 0.0100
Seed 14 | Episode 530 | Reward -300.00 | Epsilon 0.0100
Seed 14 | Episode 531 | Reward -300.00 | Epsilon 0.0100
Seed 14 | Episode 532 | Reward -300.00 | Epsilon 0.0100
Seed 14 | Episode 533 | Reward -300.00 | Epsilon 0.0100
Seed 14 | Episode 534 | Reward -300.00 | Epsilon 0.0100
Seed 14 | Episode 535 | Reward -300.00 | Epsilon 0.0100
Seed 14 | Episode 536 | Reward -300.00 | Epsilon 0.0100
Seed 14 | Episode 537 | Reward -300.00 | Epsilon 0.0100
Seed 14 | Episode 538 | Reward -300.00 | Epsilon 0.0100
Seed 14 | Episode 539 | Reward -300.00 | Epsilon 0.0100
Seed 14 | Episode 540 | Reward -300.00 | Epsilon 0.0100
Seed 14 | Episode 541 | Reward -300.00 | Epsilon 0.0100
Seed 14 | Episode 542 | Reward -300.00 | Epsilon 0.0100
Seed 14 | Episode 543 | Reward -300.00 | Epsilon 0.0100
Seed 14 | Episode 544 | Reward -300.00 | Epsilon 0.0100
Seed 14 | Episode 545 | Reward -300.00 | Epsilon 0.0100
Seed 14 | Episode 546 | Reward -300.00 | Epsilon 0.0100
Seed 14 | Episode 547 | Reward -300.00 | Epsilon 0.0100
Seed 14 | Episode 548 | Reward -300.00 | Epsilon 0.0100
Seed 14 | Episode 549 | Reward -300.00 | Epsilon 0.0100
Seed 14 | Episode 550 | Reward -300.00 | Epsilon 0.0100
Seed 14 | Episode 551 | Reward -300.00 | Epsilon 0.0100
Seed 14 | Episode 552 | Reward -300.00 | Epsilon 0.0100
Seed 14 | Episode 553 | Reward -300.00 | Epsilon 0.0100
Seed 14 | Episode 554 | Reward -300.00 | Epsilon 0.0100
Seed 14 | Episode 555 | Reward -300.00 | Epsilon 0.0100
Seed 14 | Episode 556 | Reward -300.00 | Epsilon 0.0100
Seed 14 | Episode 557 | Reward -300.00 | Epsilon 0.0100
Seed 14 | Episode 558 | Reward -300.00 | Epsilon 0.0100
Seed 14 | Episode 559 | Reward -300.00 | Epsilon 0.0100
Seed 14 | Episode 560 | Reward -300.00 | Epsilon 0.0100
Seed 14 | Episode 561 | Reward -300.00 | Epsilon 0.0100
Seed 14 | Episode 562 | Reward -300.00 | Epsilon 0.0100
Seed 14 | Episode 563 | Reward -300.00 | Epsilon 0.0100
Seed 14 | Episode 564 | Reward -300.00 | Epsilon 0.0100
Seed 14 | Episode 565 | Reward -300.00 | Epsilon 0.0100
Seed 14 | Episode 566 | Reward -300.00 | Epsilon 0.0100
Seed 14 | Episode 567 | Reward -300.00 | Epsilon 0.0100
Seed 14 | Episode 568 | Reward -300.00 | Epsilon 0.0100
Seed 14 | Episode 569 | Reward -300.00 | Epsilon 0.0100
Seed 14 | Episode 570 | Reward -300.00 | Epsilon 0.0100
Seed 14 | Episode 571 | Reward -300.00 | Epsilon 0.0100
Seed 14 | Episode 572 | Reward -300.00 | Epsilon 0.0100
Seed 14 | Episode 573 | Reward -300.00 | Epsilon 0.0100
Seed 14 | Episode 574 | Reward -300.00 | Epsilon 0.0100
Seed 14 | Episode 575 | Reward -300.00 | Epsilon 0.0100
Seed 14 | Episode 576 | Reward -300.00 | Epsilon 0.0100
Seed 14 | Episode 577 | Reward -300.00 | Epsilon 0.0100
Seed 14 | Episode 578 | Reward -300.00 | Epsilon 0.0100
Seed 14 | Episode 579 | Reward -300.00 | Epsilon 0.0100
Seed 14 | Episode 580 | Reward -300.00 | Epsilon 0.0100
Seed 14 | Episode 581 | Reward -300.00 | Epsilon 0.0100
Seed 14 | Episode 582 | Reward -300.00 | Epsilon 0.0100
Seed 14 | Episode 583 | Reward -300.00 | Epsilon 0.0100
Seed 14 | Episode 584 | Reward -300.00 | Epsilon 0.0100
Seed 14 | Episode 585 | Reward -300.00 | Epsilon 0.0100
Seed 14 | Episode 586 | Reward -300.00 | Epsilon 0.0100
Seed 14 | Episode 587 | Reward -300.00 | Epsilon 0.0100
Seed 14 | Episode 588 | Reward -300.00 | Epsilon 0.0100
Seed 14 | Episode 589 | Reward -300.00 | Epsilon 0.0100
Seed 14 | Episode 590 | Reward -300.00 | Epsilon 0.0100
Seed 14 | Episode 591 | Reward -300.00 | Epsilon 0.0100
Seed 14 | Episode 592 | Reward -300.00 | Epsilon 0.0100
Seed 14 | Episode 593 | Reward -300.00 | Epsilon 0.0100
Seed 14 | Episode 594 | Reward -300.00 | Epsilon 0.0100
Seed 14 | Episode 595 | Reward -300.00 | Epsilon 0.0100
Seed 14 | Episode 596 | Reward -300.00 | Epsilon 0.0100
Seed 14 | Episode 597 | Reward -300.00 | Epsilon 0.0100
Seed 14 | Episode 598 | Reward -300.00 | Epsilon 0.0100
Seed 14 | Episode 599 | Reward -300.00 | Epsilon 0.0100
Seed 14 | Episode 600 | Reward -300.00 | Epsilon 0.0100
Seed 14 | Episode 601 | Reward -300.00 | Epsilon 0.0100
Seed 14 | Episode 602 | Reward -300.00 | Epsilon 0.0100
Seed 14 | Episode 603 | Reward -300.00 | Epsilon 0.0100
Seed 14 | Episode 604 | Reward -300.00 | Epsilon 0.0100
Seed 14 | Episode 605 | Reward -300.00 | Epsilon 0.0100
Seed 14 | Episode 606 | Reward -300.00 | Epsilon 0.0100
Seed 14 | Episode 607 | Reward -300.00 | Epsilon 0.0100
Seed 14 | Episode 608 | Reward -300.00 | Epsilon 0.0100
Seed 14 | Episode 609 | Reward -300.00 | Epsilon 0.0100
Seed 14 | Episode 610 | Reward -300.00 | Epsilon 0.0100
Seed 14 | Episode 611 | Reward -300.00 | Epsilon 0.0100
Seed 14 | Episode 612 | Reward -300.00 | Epsilon 0.0100
Seed 14 | Episode 613 | Reward -300.00 | Epsilon 0.0100
Seed 14 | Episode 614 | Reward -300.00 | Epsilon 0.0100
Seed 14 | Episode 615 | Reward -300.00 | Epsilon 0.0100
Seed 14 | Episode 616 | Reward -300.00 | Epsilon 0.0100
Seed 14 | Episode 617 | Reward -300.00 | Epsilon 0.0100
Seed 14 | Episode 618 | Reward -300.00 | Epsilon 0.0100
Seed 14 | Episode 619 | Reward -300.00 | Epsilon 0.0100
Seed 14 | Episode 620 | Reward -300.00 | Epsilon 0.0100
Seed 14 | Episode 621 | Reward -300.00 | Epsilon 0.0100
Seed 14 | Episode 622 | Reward -300.00 | Epsilon 0.0100
Seed 14 | Episode 623 | Reward -300.00 | Epsilon 0.0100
Seed 14 | Episode 624 | Reward -300.00 | Epsilon 0.0100
Seed 14 | Episode 625 | Reward -300.00 | Epsilon 0.0100
Seed 14 | Episode 626 | Reward -300.00 | Epsilon 0.0100
Seed 14 | Episode 627 | Reward -300.00 | Epsilon 0.0100
Seed 14 | Episode 628 | Reward -300.00 | Epsilon 0.0100
Seed 14 | Episode 629 | Reward -300.00 | Epsilon 0.0100
Seed 14 | Episode 630 | Reward -300.00 | Epsilon 0.0100
Seed 14 | Episode 631 | Reward -300.00 | Epsilon 0.0100
Seed 14 | Episode 632 | Reward -300.00 | Epsilon 0.0100
Seed 14 | Episode 633 | Reward -300.00 | Epsilon 0.0100
Seed 14 | Episode 634 | Reward -300.00 | Epsilon 0.0100
Seed 14 | Episode 635 | Reward -300.00 | Epsilon 0.0100
Seed 14 | Episode 636 | Reward -300.00 | Epsilon 0.0100
Seed 14 | Episode 637 | Reward -300.00 | Epsilon 0.0100
Seed 14 | Episode 638 | Reward -300.00 | Epsilon 0.0100
Seed 14 | Episode 639 | Reward -300.00 | Epsilon 0.0100
Seed 14 | Episode 640 | Reward -300.00 | Epsilon 0.0100
Seed 14 | Episode 641 | Reward -300.00 | Epsilon 0.0100
Seed 14 | Episode 642 | Reward -300.00 | Epsilon 0.0100
Seed 14 | Episode 643 | Reward -300.00 | Epsilon 0.0100
Seed 14 | Episode 644 | Reward -300.00 | Epsilon 0.0100
Seed 14 | Episode 645 | Reward -300.00 | Epsilon 0.0100
Seed 14 | Episode 646 | Reward -300.00 | Epsilon 0.0100
Seed 14 | Episode 647 | Reward -300.00 | Epsilon 0.0100
Seed 14 | Episode 648 | Reward -300.00 | Epsilon 0.0100
Seed 14 | Episode 649 | Reward -300.00 | Epsilon 0.0100
Seed 14 | Episode 650 | Reward -300.00 | Epsilon 0.0100
Seed 14 | Episode 651 | Reward -300.00 | Epsilon 0.0100
Seed 14 | Episode 652 | Reward -300.00 | Epsilon 0.0100
Seed 14 | Episode 653 | Reward -300.00 | Epsilon 0.0100
Seed 14 | Episode 654 | Reward -300.00 | Epsilon 0.0100
Seed 14 | Episode 655 | Reward -300.00 | Epsilon 0.0100
Seed 14 | Episode 656 | Reward -300.00 | Epsilon 0.0100
Seed 14 | Episode 657 | Reward -300.00 | Epsilon 0.0100
Seed 14 | Episode 658 | Reward -300.00 | Epsilon 0.0100
Seed 14 | Episode 659 | Reward -300.00 | Epsilon 0.0100
Seed 14 | Episode 660 | Reward -300.00 | Epsilon 0.0100
Seed 14 | Episode 661 | Reward -300.00 | Epsilon 0.0100
Seed 14 | Episode 662 | Reward -300.00 | Epsilon 0.0100
Seed 14 | Episode 663 | Reward -300.00 | Epsilon 0.0100
Seed 14 | Episode 664 | Reward -300.00 | Epsilon 0.0100
Seed 14 | Episode 665 | Reward -300.00 | Epsilon 0.0100
Seed 14 | Episode 666 | Reward -300.00 | Epsilon 0.0100
Seed 14 | Episode 667 | Reward -300.00 | Epsilon 0.0100
Seed 14 | Episode 668 | Reward -300.00 | Epsilon 0.0100
Seed 14 | Episode 669 | Reward -300.00 | Epsilon 0.0100
Seed 14 | Episode 670 | Reward -300.00 | Epsilon 0.0100
Seed 14 | Episode 671 | Reward -300.00 | Epsilon 0.0100
Seed 14 | Episode 672 | Reward -300.00 | Epsilon 0.0100
Seed 14 | Episode 673 | Reward -300.00 | Epsilon 0.0100
Seed 14 | Episode 674 | Reward -300.00 | Epsilon 0.0100
Seed 14 | Episode 675 | Reward -300.00 | Epsilon 0.0100
Seed 14 | Episode 676 | Reward -300.00 | Epsilon 0.0100
Seed 14 | Episode 677 | Reward -300.00 | Epsilon 0.0100
Seed 14 | Episode 678 | Reward -300.00 | Epsilon 0.0100
Seed 14 | Episode 679 | Reward -300.00 | Epsilon 0.0100
Seed 14 | Episode 680 | Reward -300.00 | Epsilon 0.0100
Seed 14 | Episode 681 | Reward -300.00 | Epsilon 0.0100
Seed 14 | Episode 682 | Reward -300.00 | Epsilon 0.0100
Seed 14 | Episode 683 | Reward -300.00 | Epsilon 0.0100
Seed 14 | Episode 684 | Reward -300.00 | Epsilon 0.0100
Seed 14 | Episode 685 | Reward -300.00 | Epsilon 0.0100
Seed 14 | Episode 686 | Reward -300.00 | Epsilon 0.0100
Seed 14 | Episode 687 | Reward -300.00 | Epsilon 0.0100
Seed 14 | Episode 688 | Reward -300.00 | Epsilon 0.0100
Seed 14 | Episode 689 | Reward -300.00 | Epsilon 0.0100
Seed 14 | Episode 690 | Reward -300.00 | Epsilon 0.0100
Seed 14 | Episode 691 | Reward -300.00 | Epsilon 0.0100
Seed 14 | Episode 692 | Reward -300.00 | Epsilon 0.0100
Seed 14 | Episode 693 | Reward -300.00 | Epsilon 0.0100
Seed 14 | Episode 694 | Reward -300.00 | Epsilon 0.0100
Seed 14 | Episode 695 | Reward -300.00 | Epsilon 0.0100
Seed 14 | Episode 696 | Reward -300.00 | Epsilon 0.0100
Seed 14 | Episode 697 | Reward -300.00 | Epsilon 0.0100
Seed 14 | Episode 698 | Reward -300.00 | Epsilon 0.0100
Seed 14 | Episode 699 | Reward -300.00 | Epsilon 0.0100
Seed 14 | Episode 700 | Reward -300.00 | Epsilon 0.0100
Seed 14 | Episode 701 | Reward -300.00 | Epsilon 0.0100
Seed 14 | Episode 702 | Reward -300.00 | Epsilon 0.0100
Seed 14 | Episode 703 | Reward -300.00 | Epsilon 0.0100
Seed 14 | Episode 704 | Reward -300.00 | Epsilon 0.0100
Seed 14 | Episode 705 | Reward -300.00 | Epsilon 0.0100
Seed 14 | Episode 706 | Reward -300.00 | Epsilon 0.0100
Seed 14 | Episode 707 | Reward -300.00 | Epsilon 0.0100
Seed 14 | Episode 708 | Reward -300.00 | Epsilon 0.0100
Seed 14 | Episode 709 | Reward -300.00 | Epsilon 0.0100
Seed 14 | Episode 710 | Reward -300.00 | Epsilon 0.0100
Seed 14 | Episode 711 | Reward -300.00 | Epsilon 0.0100
Seed 14 | Episode 712 | Reward -300.00 | Epsilon 0.0100
Seed 14 | Episode 713 | Reward -300.00 | Epsilon 0.0100
Seed 14 | Episode 714 | Reward -300.00 | Epsilon 0.0100
Seed 14 | Episode 715 | Reward -300.00 | Epsilon 0.0100
Seed 14 | Episode 716 | Reward -300.00 | Epsilon 0.0100
Seed 14 | Episode 717 | Reward -300.00 | Epsilon 0.0100
Seed 14 | Episode 718 | Reward -300.00 | Epsilon 0.0100
Seed 14 | Episode 719 | Reward -300.00 | Epsilon 0.0100
Seed 14 | Episode 720 | Reward -300.00 | Epsilon 0.0100
Seed 14 | Episode 721 | Reward -300.00 | Epsilon 0.0100
Seed 14 | Episode 722 | Reward -300.00 | Epsilon 0.0100
Seed 14 | Episode 723 | Reward -300.00 | Epsilon 0.0100
Seed 14 | Episode 724 | Reward -300.00 | Epsilon 0.0100
Seed 14 | Episode 725 | Reward -300.00 | Epsilon 0.0100
Seed 14 | Episode 726 | Reward -300.00 | Epsilon 0.0100
Seed 14 | Episode 727 | Reward -300.00 | Epsilon 0.0100
Seed 14 | Episode 728 | Reward -300.00 | Epsilon 0.0100
Seed 14 | Episode 729 | Reward -300.00 | Epsilon 0.0100
Seed 14 | Episode 730 | Reward -300.00 | Epsilon 0.0100
Seed 14 | Episode 731 | Reward -300.00 | Epsilon 0.0100
Seed 14 | Episode 732 | Reward -300.00 | Epsilon 0.0100
Seed 14 | Episode 733 | Reward -300.00 | Epsilon 0.0100
Seed 14 | Episode 734 | Reward -300.00 | Epsilon 0.0100
Seed 14 | Episode 735 | Reward -300.00 | Epsilon 0.0100
Seed 14 | Episode 736 | Reward -300.00 | Epsilon 0.0100
Seed 14 | Episode 737 | Reward -300.00 | Epsilon 0.0100
Seed 14 | Episode 738 | Reward -300.00 | Epsilon 0.0100
Seed 14 | Episode 739 | Reward -300.00 | Epsilon 0.0100
Seed 14 | Episode 740 | Reward -300.00 | Epsilon 0.0100
Seed 14 | Episode 741 | Reward -300.00 | Epsilon 0.0100
Seed 14 | Episode 742 | Reward -300.00 | Epsilon 0.0100
Seed 14 | Episode 743 | Reward -300.00 | Epsilon 0.0100
Seed 14 | Episode 744 | Reward -300.00 | Epsilon 0.0100
Seed 14 | Episode 745 | Reward -300.00 | Epsilon 0.0100
Seed 14 | Episode 746 | Reward -300.00 | Epsilon 0.0100
Seed 14 | Episode 747 | Reward -300.00 | Epsilon 0.0100
Seed 14 | Episode 748 | Reward -300.00 | Epsilon 0.0100
Seed 14 | Episode 749 | Reward -300.00 | Epsilon 0.0100
Seed 14 | Episode 750 | Reward -300.00 | Epsilon 0.0100
Seed 14 | Episode 751 | Reward -300.00 | Epsilon 0.0100
Seed 14 | Episode 752 | Reward -300.00 | Epsilon 0.0100
Seed 14 | Episode 753 | Reward -300.00 | Epsilon 0.0100
Seed 14 | Episode 754 | Reward -300.00 | Epsilon 0.0100
Seed 14 | Episode 755 | Reward -300.00 | Epsilon 0.0100
Seed 14 | Episode 756 | Reward -300.00 | Epsilon 0.0100
Seed 14 | Episode 757 | Reward -300.00 | Epsilon 0.0100
Seed 14 | Episode 758 | Reward -300.00 | Epsilon 0.0100
Seed 14 | Episode 759 | Reward -300.00 | Epsilon 0.0100
Seed 14 | Episode 760 | Reward -300.00 | Epsilon 0.0100
Seed 14 | Episode 761 | Reward -300.00 | Epsilon 0.0100
Seed 14 | Episode 762 | Reward -300.00 | Epsilon 0.0100
Seed 14 | Episode 763 | Reward -300.00 | Epsilon 0.0100
Seed 14 | Episode 764 | Reward -300.00 | Epsilon 0.0100
Seed 14 | Episode 765 | Reward -300.00 | Epsilon 0.0100
Seed 14 | Episode 766 | Reward -300.00 | Epsilon 0.0100
Seed 14 | Episode 767 | Reward -300.00 | Epsilon 0.0100
Seed 14 | Episode 768 | Reward -300.00 | Epsilon 0.0100
Seed 14 | Episode 769 | Reward -300.00 | Epsilon 0.0100
Seed 14 | Episode 770 | Reward -300.00 | Epsilon 0.0100
Seed 14 | Episode 771 | Reward -300.00 | Epsilon 0.0100
Seed 14 | Episode 772 | Reward -300.00 | Epsilon 0.0100
Seed 14 | Episode 773 | Reward -300.00 | Epsilon 0.0100
Seed 14 | Episode 774 | Reward -300.00 | Epsilon 0.0100
Seed 14 | Episode 775 | Reward 54.00 | Epsilon 0.0100
Seed 14 | Episode 776 | Reward -300.00 | Epsilon 0.0100
Seed 14 | Episode 777 | Reward -300.00 | Epsilon 0.0100
Seed 14 | Episode 778 | Reward -300.00 | Epsilon 0.0100
Seed 14 | Episode 779 | Reward -300.00 | Epsilon 0.0100
Seed 14 | Episode 780 | Reward -300.00 | Epsilon 0.0100
Seed 14 | Episode 781 | Reward -300.00 | Epsilon 0.0100
Seed 14 | Episode 782 | Reward -300.00 | Epsilon 0.0100
Seed 14 | Episode 783 | Reward -300.00 | Epsilon 0.0100
Seed 14 | Episode 784 | Reward -300.00 | Epsilon 0.0100
Seed 14 | Episode 785 | Reward -300.00 | Epsilon 0.0100
Seed 14 | Episode 786 | Reward -300.00 | Epsilon 0.0100
Seed 14 | Episode 787 | Reward -300.00 | Epsilon 0.0100
Seed 14 | Episode 788 | Reward -300.00 | Epsilon 0.0100
Seed 14 | Episode 789 | Reward -300.00 | Epsilon 0.0100
Seed 14 | Episode 790 | Reward -300.00 | Epsilon 0.0100
Seed 14 | Episode 791 | Reward -300.00 | Epsilon 0.0100
Seed 14 | Episode 792 | Reward -300.00 | Epsilon 0.0100
Seed 14 | Episode 793 | Reward -300.00 | Epsilon 0.0100
Seed 14 | Episode 794 | Reward -300.00 | Epsilon 0.0100
Seed 14 | Episode 795 | Reward -300.00 | Epsilon 0.0100
Seed 14 | Episode 796 | Reward -300.00 | Epsilon 0.0100
Seed 14 | Episode 797 | Reward -300.00 | Epsilon 0.0100
Seed 14 | Episode 798 | Reward -300.00 | Epsilon 0.0100
Seed 14 | Episode 799 | Reward -300.00 | Epsilon 0.0100
Seed 14 | Episode 800 | Reward -300.00 | Epsilon 0.0100
Seed 14 | Episode 801 | Reward -300.00 | Epsilon 0.0100
Seed 14 | Episode 802 | Reward -300.00 | Epsilon 0.0100
Seed 14 | Episode 803 | Reward -300.00 | Epsilon 0.0100
Seed 14 | Episode 804 | Reward -300.00 | Epsilon 0.0100
Seed 14 | Episode 805 | Reward -300.00 | Epsilon 0.0100
Seed 14 | Episode 806 | Reward -300.00 | Epsilon 0.0100
Seed 14 | Episode 807 | Reward -300.00 | Epsilon 0.0100
Seed 14 | Episode 808 | Reward -300.00 | Epsilon 0.0100
Seed 14 | Episode 809 | Reward -300.00 | Epsilon 0.0100
Seed 14 | Episode 810 | Reward -300.00 | Epsilon 0.0100
Seed 14 | Episode 811 | Reward -300.00 | Epsilon 0.0100
Seed 14 | Episode 812 | Reward -300.00 | Epsilon 0.0100
Seed 14 | Episode 813 | Reward -300.00 | Epsilon 0.0100
Seed 14 | Episode 814 | Reward -300.00 | Epsilon 0.0100
Seed 14 | Episode 815 | Reward -300.00 | Epsilon 0.0100
Seed 14 | Episode 816 | Reward -300.00 | Epsilon 0.0100
Seed 14 | Episode 817 | Reward -300.00 | Epsilon 0.0100
Seed 14 | Episode 818 | Reward -300.00 | Epsilon 0.0100
Seed 14 | Episode 819 | Reward -300.00 | Epsilon 0.0100
Seed 14 | Episode 820 | Reward -300.00 | Epsilon 0.0100
Seed 14 | Episode 821 | Reward -300.00 | Epsilon 0.0100
Seed 14 | Episode 822 | Reward -300.00 | Epsilon 0.0100
Seed 14 | Episode 823 | Reward -300.00 | Epsilon 0.0100
Seed 14 | Episode 824 | Reward -300.00 | Epsilon 0.0100
Seed 14 | Episode 825 | Reward -300.00 | Epsilon 0.0100
Seed 14 | Episode 826 | Reward -300.00 | Epsilon 0.0100
Seed 14 | Episode 827 | Reward -300.00 | Epsilon 0.0100
Seed 14 | Episode 828 | Reward -300.00 | Epsilon 0.0100
Seed 14 | Episode 829 | Reward -300.00 | Epsilon 0.0100
Seed 14 | Episode 830 | Reward -300.00 | Epsilon 0.0100
Seed 14 | Episode 831 | Reward -300.00 | Epsilon 0.0100
Seed 14 | Episode 832 | Reward -300.00 | Epsilon 0.0100
Seed 14 | Episode 833 | Reward -300.00 | Epsilon 0.0100
Seed 14 | Episode 834 | Reward -300.00 | Epsilon 0.0100
Seed 14 | Episode 835 | Reward -300.00 | Epsilon 0.0100
Seed 14 | Episode 836 | Reward -300.00 | Epsilon 0.0100
Seed 14 | Episode 837 | Reward -300.00 | Epsilon 0.0100
Seed 14 | Episode 838 | Reward -300.00 | Epsilon 0.0100
Seed 14 | Episode 839 | Reward -300.00 | Epsilon 0.0100
Seed 14 | Episode 840 | Reward -300.00 | Epsilon 0.0100
Seed 14 | Episode 841 | Reward -300.00 | Epsilon 0.0100
Seed 14 | Episode 842 | Reward -300.00 | Epsilon 0.0100
Seed 14 | Episode 843 | Reward -300.00 | Epsilon 0.0100
Seed 14 | Episode 844 | Reward -300.00 | Epsilon 0.0100
Seed 14 | Episode 845 | Reward -300.00 | Epsilon 0.0100
Seed 14 | Episode 846 | Reward -300.00 | Epsilon 0.0100
Seed 14 | Episode 847 | Reward -300.00 | Epsilon 0.0100
Seed 14 | Episode 848 | Reward -300.00 | Epsilon 0.0100
Seed 14 | Episode 849 | Reward -300.00 | Epsilon 0.0100
Seed 14 | Episode 850 | Reward -300.00 | Epsilon 0.0100
Seed 14 | Episode 851 | Reward -300.00 | Epsilon 0.0100
Seed 14 | Episode 852 | Reward -300.00 | Epsilon 0.0100
Seed 14 | Episode 853 | Reward -300.00 | Epsilon 0.0100
Seed 14 | Episode 854 | Reward -300.00 | Epsilon 0.0100
Seed 14 | Episode 855 | Reward -300.00 | Epsilon 0.0100
Seed 14 | Episode 856 | Reward -300.00 | Epsilon 0.0100
Seed 14 | Episode 857 | Reward -300.00 | Epsilon 0.0100
Seed 14 | Episode 858 | Reward -300.00 | Epsilon 0.0100
Seed 14 | Episode 859 | Reward -300.00 | Epsilon 0.0100
Seed 14 | Episode 860 | Reward -300.00 | Epsilon 0.0100
Seed 14 | Episode 861 | Reward -300.00 | Epsilon 0.0100
Seed 14 | Episode 862 | Reward -300.00 | Epsilon 0.0100
Seed 14 | Episode 863 | Reward -300.00 | Epsilon 0.0100
Seed 14 | Episode 864 | Reward -300.00 | Epsilon 0.0100
Seed 14 | Episode 865 | Reward -300.00 | Epsilon 0.0100
Seed 14 | Episode 866 | Reward -300.00 | Epsilon 0.0100
Seed 14 | Episode 867 | Reward -300.00 | Epsilon 0.0100
Seed 14 | Episode 868 | Reward -300.00 | Epsilon 0.0100
Seed 14 | Episode 869 | Reward -300.00 | Epsilon 0.0100
Seed 14 | Episode 870 | Reward -300.00 | Epsilon 0.0100
Seed 14 | Episode 871 | Reward -300.00 | Epsilon 0.0100
Seed 14 | Episode 872 | Reward -300.00 | Epsilon 0.0100
Seed 14 | Episode 873 | Reward -300.00 | Epsilon 0.0100
Seed 14 | Episode 874 | Reward -300.00 | Epsilon 0.0100
Seed 14 | Episode 875 | Reward -300.00 | Epsilon 0.0100
Seed 14 | Episode 876 | Reward -300.00 | Epsilon 0.0100
Seed 14 | Episode 877 | Reward -300.00 | Epsilon 0.0100
Seed 14 | Episode 878 | Reward -300.00 | Epsilon 0.0100
Seed 14 | Episode 879 | Reward -300.00 | Epsilon 0.0100
Seed 14 | Episode 880 | Reward -300.00 | Epsilon 0.0100
Seed 14 | Episode 881 | Reward -300.00 | Epsilon 0.0100
Seed 14 | Episode 882 | Reward -300.00 | Epsilon 0.0100
Seed 14 | Episode 883 | Reward -300.00 | Epsilon 0.0100
Seed 14 | Episode 884 | Reward -300.00 | Epsilon 0.0100
Seed 14 | Episode 885 | Reward -300.00 | Epsilon 0.0100
Seed 14 | Episode 886 | Reward -300.00 | Epsilon 0.0100
Seed 14 | Episode 887 | Reward -300.00 | Epsilon 0.0100
Seed 14 | Episode 888 | Reward -300.00 | Epsilon 0.0100
Seed 14 | Episode 889 | Reward -300.00 | Epsilon 0.0100
Seed 14 | Episode 890 | Reward -300.00 | Epsilon 0.0100
Seed 14 | Episode 891 | Reward -300.00 | Epsilon 0.0100
Seed 14 | Episode 892 | Reward -300.00 | Epsilon 0.0100
Seed 14 | Episode 893 | Reward -300.00 | Epsilon 0.0100
Seed 14 | Episode 894 | Reward -300.00 | Epsilon 0.0100
Seed 14 | Episode 895 | Reward -300.00 | Epsilon 0.0100
Seed 14 | Episode 896 | Reward -300.00 | Epsilon 0.0100
Seed 14 | Episode 897 | Reward -300.00 | Epsilon 0.0100
Seed 14 | Episode 898 | Reward -300.00 | Epsilon 0.0100
Seed 14 | Episode 899 | Reward -300.00 | Epsilon 0.0100
Seed 14 | Episode 900 | Reward -300.00 | Epsilon 0.0100
Seed 14 | Episode 901 | Reward -300.00 | Epsilon 0.0100
Seed 14 | Episode 902 | Reward -300.00 | Epsilon 0.0100
Seed 14 | Episode 903 | Reward -300.00 | Epsilon 0.0100
Seed 14 | Episode 904 | Reward 56.00 | Epsilon 0.0100
Seed 14 | Episode 905 | Reward -300.00 | Epsilon 0.0100
Seed 14 | Episode 906 | Reward 58.00 | Epsilon 0.0100
Seed 14 | Episode 907 | Reward -300.00 | Epsilon 0.0100
Seed 14 | Episode 908 | Reward -300.00 | Epsilon 0.0100
Seed 14 | Episode 909 | Reward -300.00 | Epsilon 0.0100
Seed 14 | Episode 910 | Reward -300.00 | Epsilon 0.0100
Seed 14 | Episode 911 | Reward -300.00 | Epsilon 0.0100
Seed 14 | Episode 912 | Reward -300.00 | Epsilon 0.0100
Seed 14 | Episode 913 | Reward -300.00 | Epsilon 0.0100
Seed 14 | Episode 914 | Reward -300.00 | Epsilon 0.0100
Seed 14 | Episode 915 | Reward -300.00 | Epsilon 0.0100
Seed 14 | Episode 916 | Reward -300.00 | Epsilon 0.0100
Seed 14 | Episode 917 | Reward -300.00 | Epsilon 0.0100
Seed 14 | Episode 918 | Reward -300.00 | Epsilon 0.0100
Seed 14 | Episode 919 | Reward -300.00 | Epsilon 0.0100
Seed 14 | Episode 920 | Reward -300.00 | Epsilon 0.0100
Seed 14 | Episode 921 | Reward -300.00 | Epsilon 0.0100
Seed 14 | Episode 922 | Reward -300.00 | Epsilon 0.0100
Seed 14 | Episode 923 | Reward -300.00 | Epsilon 0.0100
Seed 14 | Episode 924 | Reward -300.00 | Epsilon 0.0100
Seed 14 | Episode 925 | Reward -300.00 | Epsilon 0.0100
Seed 14 | Episode 926 | Reward -300.00 | Epsilon 0.0100
Seed 14 | Episode 927 | Reward -300.00 | Epsilon 0.0100
Seed 14 | Episode 928 | Reward -300.00 | Epsilon 0.0100
Seed 14 | Episode 929 | Reward -300.00 | Epsilon 0.0100
Seed 14 | Episode 930 | Reward -300.00 | Epsilon 0.0100
Seed 14 | Episode 931 | Reward -300.00 | Epsilon 0.0100
Seed 14 | Episode 932 | Reward -300.00 | Epsilon 0.0100
Seed 14 | Episode 933 | Reward -300.00 | Epsilon 0.0100
Seed 14 | Episode 934 | Reward -145.00 | Epsilon 0.0100
Seed 14 | Episode 935 | Reward -300.00 | Epsilon 0.0100
Seed 14 | Episode 936 | Reward -300.00 | Epsilon 0.0100
Seed 14 | Episode 937 | Reward -300.00 | Epsilon 0.0100
Seed 14 | Episode 938 | Reward -300.00 | Epsilon 0.0100
Seed 14 | Episode 939 | Reward -127.00 | Epsilon 0.0100
Seed 14 | Episode 940 | Reward -300.00 | Epsilon 0.0100
Seed 14 | Episode 941 | Reward -300.00 | Epsilon 0.0100
Seed 14 | Episode 942 | Reward -300.00 | Epsilon 0.0100
Seed 14 | Episode 943 | Reward -300.00 | Epsilon 0.0100
Seed 14 | Episode 944 | Reward -300.00 | Epsilon 0.0100
Seed 14 | Episode 945 | Reward -300.00 | Epsilon 0.0100
Seed 14 | Episode 946 | Reward -300.00 | Epsilon 0.0100
Seed 14 | Episode 947 | Reward -300.00 | Epsilon 0.0100
Seed 14 | Episode 948 | Reward -300.00 | Epsilon 0.0100
Seed 14 | Episode 949 | Reward -300.00 | Epsilon 0.0100
Seed 14 | Episode 950 | Reward -300.00 | Epsilon 0.0100
Seed 14 | Episode 951 | Reward -300.00 | Epsilon 0.0100
Seed 14 | Episode 952 | Reward -300.00 | Epsilon 0.0100
Seed 14 | Episode 953 | Reward -300.00 | Epsilon 0.0100
Seed 14 | Episode 954 | Reward -300.00 | Epsilon 0.0100
Seed 14 | Episode 955 | Reward -300.00 | Epsilon 0.0100
Seed 14 | Episode 956 | Reward -300.00 | Epsilon 0.0100
Seed 14 | Episode 957 | Reward -300.00 | Epsilon 0.0100
Seed 14 | Episode 958 | Reward -300.00 | Epsilon 0.0100
Seed 14 | Episode 959 | Reward -300.00 | Epsilon 0.0100
Seed 14 | Episode 960 | Reward -300.00 | Epsilon 0.0100
Seed 14 | Episode 961 | Reward -300.00 | Epsilon 0.0100
Seed 14 | Episode 962 | Reward -300.00 | Epsilon 0.0100
Seed 14 | Episode 963 | Reward -300.00 | Epsilon 0.0100
Seed 14 | Episode 964 | Reward -300.00 | Epsilon 0.0100
Seed 14 | Episode 965 | Reward -300.00 | Epsilon 0.0100
Seed 14 | Episode 966 | Reward -300.00 | Epsilon 0.0100
Seed 14 | Episode 967 | Reward -300.00 | Epsilon 0.0100
Seed 14 | Episode 968 | Reward -300.00 | Epsilon 0.0100
Seed 14 | Episode 969 | Reward -300.00 | Epsilon 0.0100
Seed 14 | Episode 970 | Reward -300.00 | Epsilon 0.0100
Seed 14 | Episode 971 | Reward -300.00 | Epsilon 0.0100
Seed 14 | Episode 972 | Reward -300.00 | Epsilon 0.0100
Seed 14 | Episode 973 | Reward -300.00 | Epsilon 0.0100
Seed 14 | Episode 974 | Reward -300.00 | Epsilon 0.0100
Seed 14 | Episode 975 | Reward -300.00 | Epsilon 0.0100
Seed 14 | Episode 976 | Reward -300.00 | Epsilon 0.0100
Seed 14 | Episode 977 | Reward -300.00 | Epsilon 0.0100
Seed 14 | Episode 978 | Reward -300.00 | Epsilon 0.0100
Seed 14 | Episode 979 | Reward -300.00 | Epsilon 0.0100
Seed 14 | Episode 980 | Reward -300.00 | Epsilon 0.0100
Seed 14 | Episode 981 | Reward -300.00 | Epsilon 0.0100
Seed 14 | Episode 982 | Reward -300.00 | Epsilon 0.0100
Seed 14 | Episode 983 | Reward -300.00 | Epsilon 0.0100
Seed 14 | Episode 984 | Reward -300.00 | Epsilon 0.0100
Seed 14 | Episode 985 | Reward -300.00 | Epsilon 0.0100
Seed 14 | Episode 986 | Reward -300.00 | Epsilon 0.0100
Seed 14 | Episode 987 | Reward -300.00 | Epsilon 0.0100
Seed 14 | Episode 988 | Reward -300.00 | Epsilon 0.0100
Seed 14 | Episode 989 | Reward -300.00 | Epsilon 0.0100
Seed 14 | Episode 990 | Reward -300.00 | Epsilon 0.0100
Seed 14 | Episode 991 | Reward -300.00 | Epsilon 0.0100
Seed 14 | Episode 992 | Reward -300.00 | Epsilon 0.0100
Seed 14 | Episode 993 | Reward -300.00 | Epsilon 0.0100
Seed 14 | Episode 994 | Reward -300.00 | Epsilon 0.0100
Seed 14 | Episode 995 | Reward -300.00 | Epsilon 0.0100
Seed 14 | Episode 996 | Reward -300.00 | Epsilon 0.0100
Seed 14 | Episode 997 | Reward -300.00 | Epsilon 0.0100
Seed 14 | Episode 998 | Reward -300.00 | Epsilon 0.0100
Seed 14 | Episode 999 | Reward -300.00 | Epsilon 0.0100
Finished seed 14
