starting job
Sun Dec  7 19:38:00 2025       
+-----------------------------------------------------------------------------------------+
| NVIDIA-SMI 580.65.06              Driver Version: 580.65.06      CUDA Version: 13.0     |
+-----------------------------------------+------------------------+----------------------+
| GPU  Name                 Persistence-M | Bus-Id          Disp.A | Volatile Uncorr. ECC |
| Fan  Temp   Perf          Pwr:Usage/Cap |           Memory-Usage | GPU-Util  Compute M. |
|                                         |                        |               MIG M. |
|=========================================+========================+======================|
|   0  NVIDIA H100 80GB HBM3          On  |   00000000:4C:00.0 Off |                   On |
| N/A   24C    P0            117W /  700W |     486MiB /  81559MiB |     N/A      Default |
|                                         |                        |              Enabled |
+-----------------------------------------+------------------------+----------------------+

+-----------------------------------------------------------------------------------------+
| MIG devices:                                                                            |
+------------------+----------------------------------+-----------+-----------------------+
| GPU  GI  CI  MIG |              Shared Memory-Usage |        Vol|        Shared         |
|      ID  ID  Dev |                Shared BAR1-Usage | SM     Unc| CE ENC  DEC  OFA  JPG |
|                  |                                  |        ECC|                       |
|==================+==================================+===========+=======================|
|  0   14   0   0  |              15MiB /  9984MiB    | 16      0 |  1   0    1    0    1 |
|                  |               0MiB /  6185MiB    |           |                       |
+------------------+----------------------------------+-----------+-----------------------+

+-----------------------------------------------------------------------------------------+
| Processes:                                                                              |
|  GPU   GI   CI              PID   Type   Process name                        GPU Memory |
|        ID   ID                                                               Usage      |
|=========================================================================================|
|  No running processes found                                                             |
+-----------------------------------------------------------------------------------------+
Running seed 0
Gym has been unmaintained since 2022 and does not support NumPy 2.0 amongst other critical functionality.
Please upgrade to Gymnasium, the maintained drop-in replacement of Gym, or contact the authors of your software and request that they upgrade.
Users of this version of Gym should be able to simply replace 'import gym' with 'import gymnasium as gym' in the vast majority of cases.
See the migration guide at https://gymnasium.farama.org/introduction/migration_guide/ for additional information.
Seed 0 | Episode 0 | Reward -300.00 | Epsilon 0.9987
Seed 0 | Episode 1 | Reward 55.00 | Epsilon 0.9973
Seed 0 | Episode 2 | Reward -300.00 | Epsilon 0.9883
Seed 0 | Episode 3 | Reward -300.00 | Epsilon 0.9795
Seed 0 | Episode 4 | Reward -300.00 | Epsilon 0.9707
Seed 0 | Episode 5 | Reward -300.00 | Epsilon 0.9620
Seed 0 | Episode 6 | Reward -300.00 | Epsilon 0.9534
Seed 0 | Episode 7 | Reward -300.00 | Epsilon 0.9448
Seed 0 | Episode 8 | Reward -300.00 | Epsilon 0.9364
Seed 0 | Episode 9 | Reward -300.00 | Epsilon 0.9280
Seed 0 | Episode 10 | Reward -300.00 | Epsilon 0.9197
Seed 0 | Episode 11 | Reward -300.00 | Epsilon 0.9114
Seed 0 | Episode 12 | Reward 46.00 | Epsilon 0.9099
Seed 0 | Episode 13 | Reward -300.00 | Epsilon 0.9018
Seed 0 | Episode 14 | Reward -300.00 | Epsilon 0.8937
Seed 0 | Episode 15 | Reward -300.00 | Epsilon 0.8857
Seed 0 | Episode 16 | Reward -300.00 | Epsilon 0.8778
Seed 0 | Episode 17 | Reward -300.00 | Epsilon 0.8699
Seed 0 | Episode 18 | Reward -300.00 | Epsilon 0.8621
Seed 0 | Episode 19 | Reward -300.00 | Epsilon 0.8544
Seed 0 | Episode 20 | Reward -300.00 | Epsilon 0.8467
Seed 0 | Episode 21 | Reward -300.00 | Epsilon 0.8391
Seed 0 | Episode 22 | Reward -300.00 | Epsilon 0.8316
Seed 0 | Episode 23 | Reward -300.00 | Epsilon 0.8242
Seed 0 | Episode 24 | Reward -300.00 | Epsilon 0.8168
Seed 0 | Episode 25 | Reward -300.00 | Epsilon 0.8095
Seed 0 | Episode 26 | Reward -300.00 | Epsilon 0.8022
Seed 0 | Episode 27 | Reward -300.00 | Epsilon 0.7950
Seed 0 | Episode 28 | Reward -300.00 | Epsilon 0.7879
Seed 0 | Episode 29 | Reward -300.00 | Epsilon 0.7808
Seed 0 | Episode 30 | Reward -300.00 | Epsilon 0.7738
Seed 0 | Episode 31 | Reward -300.00 | Epsilon 0.7669
Seed 0 | Episode 32 | Reward -300.00 | Epsilon 0.7600
Seed 0 | Episode 33 | Reward -300.00 | Epsilon 0.7532
Seed 0 | Episode 34 | Reward -300.00 | Epsilon 0.7465
Seed 0 | Episode 35 | Reward -300.00 | Epsilon 0.7398
Seed 0 | Episode 36 | Reward -300.00 | Epsilon 0.7332
Seed 0 | Episode 37 | Reward -300.00 | Epsilon 0.7266
Seed 0 | Episode 38 | Reward -300.00 | Epsilon 0.7201
Seed 0 | Episode 39 | Reward -300.00 | Epsilon 0.7136
Seed 0 | Episode 40 | Reward -300.00 | Epsilon 0.7072
Seed 0 | Episode 41 | Reward -300.00 | Epsilon 0.7009
Seed 0 | Episode 42 | Reward -300.00 | Epsilon 0.6946
Seed 0 | Episode 43 | Reward -300.00 | Epsilon 0.6884
Seed 0 | Episode 44 | Reward -300.00 | Epsilon 0.6822
Seed 0 | Episode 45 | Reward -300.00 | Epsilon 0.6761
Seed 0 | Episode 46 | Reward -300.00 | Epsilon 0.6701
Seed 0 | Episode 47 | Reward -300.00 | Epsilon 0.6641
Seed 0 | Episode 48 | Reward -300.00 | Epsilon 0.6581
Seed 0 | Episode 49 | Reward -300.00 | Epsilon 0.6522
Seed 0 | Episode 50 | Reward -300.00 | Epsilon 0.6464
Seed 0 | Episode 51 | Reward -300.00 | Epsilon 0.6406
Seed 0 | Episode 52 | Reward -18.00 | Epsilon 0.6383
Seed 0 | Episode 53 | Reward -300.00 | Epsilon 0.6326
Seed 0 | Episode 54 | Reward -300.00 | Epsilon 0.6269
Seed 0 | Episode 55 | Reward -300.00 | Epsilon 0.6213
Seed 0 | Episode 56 | Reward -300.00 | Epsilon 0.6157
Seed 0 | Episode 57 | Reward -300.00 | Epsilon 0.6102
Seed 0 | Episode 58 | Reward -300.00 | Epsilon 0.6047
Seed 0 | Episode 59 | Reward -300.00 | Epsilon 0.5993
Seed 0 | Episode 60 | Reward -300.00 | Epsilon 0.5940
Seed 0 | Episode 61 | Reward -300.00 | Epsilon 0.5886
Seed 0 | Episode 62 | Reward -300.00 | Epsilon 0.5834
Seed 0 | Episode 63 | Reward -300.00 | Epsilon 0.5781
Seed 0 | Episode 64 | Reward -300.00 | Epsilon 0.5729
Seed 0 | Episode 65 | Reward -300.00 | Epsilon 0.5678
Seed 0 | Episode 66 | Reward -300.00 | Epsilon 0.5627
Seed 0 | Episode 67 | Reward -300.00 | Epsilon 0.5577
Seed 0 | Episode 68 | Reward -300.00 | Epsilon 0.5527
Seed 0 | Episode 69 | Reward -300.00 | Epsilon 0.5477
Seed 0 | Episode 70 | Reward -300.00 | Epsilon 0.5428
Seed 0 | Episode 71 | Reward -300.00 | Epsilon 0.5380
Seed 0 | Episode 72 | Reward -300.00 | Epsilon 0.5331
Seed 0 | Episode 73 | Reward -122.00 | Epsilon 0.5296
Seed 0 | Episode 74 | Reward -300.00 | Epsilon 0.5248
Seed 0 | Episode 75 | Reward -18.00 | Epsilon 0.5230
Seed 0 | Episode 76 | Reward -300.00 | Epsilon 0.5183
Seed 0 | Episode 77 | Reward -300.00 | Epsilon 0.5136
Seed 0 | Episode 78 | Reward -300.00 | Epsilon 0.5090
Seed 0 | Episode 79 | Reward -300.00 | Epsilon 0.5045
Seed 0 | Episode 80 | Reward -300.00 | Epsilon 0.5000
Seed 0 | Episode 81 | Reward -300.00 | Epsilon 0.4955
Seed 0 | Episode 82 | Reward -300.00 | Epsilon 0.4910
Seed 0 | Episode 83 | Reward -300.00 | Epsilon 0.4866
Seed 0 | Episode 84 | Reward -300.00 | Epsilon 0.4823
Seed 0 | Episode 85 | Reward -300.00 | Epsilon 0.4780
Seed 0 | Episode 86 | Reward -300.00 | Epsilon 0.4737
Seed 0 | Episode 87 | Reward -300.00 | Epsilon 0.4694
Seed 0 | Episode 88 | Reward -300.00 | Epsilon 0.4652
Seed 0 | Episode 89 | Reward -300.00 | Epsilon 0.4611
Seed 0 | Episode 90 | Reward -300.00 | Epsilon 0.4569
Seed 0 | Episode 91 | Reward -300.00 | Epsilon 0.4528
Seed 0 | Episode 92 | Reward -300.00 | Epsilon 0.4488
Seed 0 | Episode 93 | Reward -300.00 | Epsilon 0.4448
Seed 0 | Episode 94 | Reward -300.00 | Epsilon 0.4408
Seed 0 | Episode 95 | Reward -300.00 | Epsilon 0.4368
Seed 0 | Episode 96 | Reward -300.00 | Epsilon 0.4329
Seed 0 | Episode 97 | Reward -300.00 | Epsilon 0.4290
Seed 0 | Episode 98 | Reward -300.00 | Epsilon 0.4252
Seed 0 | Episode 99 | Reward -300.00 | Epsilon 0.4214
Seed 0 | Episode 100 | Reward -300.00 | Epsilon 0.4176
Seed 0 | Episode 101 | Reward -300.00 | Epsilon 0.4139
Seed 0 | Episode 102 | Reward -300.00 | Epsilon 0.4102
Seed 0 | Episode 103 | Reward -300.00 | Epsilon 0.4065
Seed 0 | Episode 104 | Reward -300.00 | Epsilon 0.4028
Seed 0 | Episode 105 | Reward -300.00 | Epsilon 0.3992
Seed 0 | Episode 106 | Reward -300.00 | Epsilon 0.3957
Seed 0 | Episode 107 | Reward -300.00 | Epsilon 0.3921
Seed 0 | Episode 108 | Reward -300.00 | Epsilon 0.3886
Seed 0 | Episode 109 | Reward -300.00 | Epsilon 0.3851
Seed 0 | Episode 110 | Reward -300.00 | Epsilon 0.3817
Seed 0 | Episode 111 | Reward -300.00 | Epsilon 0.3782
Seed 0 | Episode 112 | Reward -300.00 | Epsilon 0.3749
Seed 0 | Episode 113 | Reward -300.00 | Epsilon 0.3715
Seed 0 | Episode 114 | Reward -300.00 | Epsilon 0.3682
Seed 0 | Episode 115 | Reward -300.00 | Epsilon 0.3649
Seed 0 | Episode 116 | Reward -300.00 | Epsilon 0.3616
Seed 0 | Episode 117 | Reward -300.00 | Epsilon 0.3584
Seed 0 | Episode 118 | Reward -300.00 | Epsilon 0.3551
Seed 0 | Episode 119 | Reward -300.00 | Epsilon 0.3520
Seed 0 | Episode 120 | Reward -300.00 | Epsilon 0.3488
Seed 0 | Episode 121 | Reward -300.00 | Epsilon 0.3457
Seed 0 | Episode 122 | Reward -300.00 | Epsilon 0.3426
Seed 0 | Episode 123 | Reward -300.00 | Epsilon 0.3395
Seed 0 | Episode 124 | Reward -300.00 | Epsilon 0.3365
Seed 0 | Episode 125 | Reward -300.00 | Epsilon 0.3335
Seed 0 | Episode 126 | Reward -300.00 | Epsilon 0.3305
Seed 0 | Episode 127 | Reward -300.00 | Epsilon 0.3275
Seed 0 | Episode 128 | Reward -300.00 | Epsilon 0.3246
Seed 0 | Episode 129 | Reward -300.00 | Epsilon 0.3217
Seed 0 | Episode 130 | Reward -300.00 | Epsilon 0.3188
Seed 0 | Episode 131 | Reward -300.00 | Epsilon 0.3159
Seed 0 | Episode 132 | Reward -300.00 | Epsilon 0.3131
Seed 0 | Episode 133 | Reward -300.00 | Epsilon 0.3103
Seed 0 | Episode 134 | Reward -300.00 | Epsilon 0.3075
Seed 0 | Episode 135 | Reward -300.00 | Epsilon 0.3048
Seed 0 | Episode 136 | Reward -300.00 | Epsilon 0.3020
Seed 0 | Episode 137 | Reward -300.00 | Epsilon 0.2993
Seed 0 | Episode 138 | Reward -300.00 | Epsilon 0.2966
Seed 0 | Episode 139 | Reward -300.00 | Epsilon 0.2940
Seed 0 | Episode 140 | Reward -121.00 | Epsilon 0.2920
Seed 0 | Episode 141 | Reward -300.00 | Epsilon 0.2894
Seed 0 | Episode 142 | Reward -300.00 | Epsilon 0.2868
Seed 0 | Episode 143 | Reward -300.00 | Epsilon 0.2843
Seed 0 | Episode 144 | Reward -300.00 | Epsilon 0.2817
Seed 0 | Episode 145 | Reward -300.00 | Epsilon 0.2792
Seed 0 | Episode 146 | Reward -300.00 | Epsilon 0.2767
Seed 0 | Episode 147 | Reward -300.00 | Epsilon 0.2742
Seed 0 | Episode 148 | Reward -300.00 | Epsilon 0.2717
Seed 0 | Episode 149 | Reward -300.00 | Epsilon 0.2693
Seed 0 | Episode 150 | Reward -300.00 | Epsilon 0.2669
Seed 0 | Episode 151 | Reward -300.00 | Epsilon 0.2645
Seed 0 | Episode 152 | Reward -300.00 | Epsilon 0.2621
Seed 0 | Episode 153 | Reward -300.00 | Epsilon 0.2598
Seed 0 | Episode 154 | Reward -300.00 | Epsilon 0.2575
Seed 0 | Episode 155 | Reward -300.00 | Epsilon 0.2552
Seed 0 | Episode 156 | Reward -300.00 | Epsilon 0.2529
Seed 0 | Episode 157 | Reward -300.00 | Epsilon 0.2506
Seed 0 | Episode 158 | Reward -300.00 | Epsilon 0.2484
Seed 0 | Episode 159 | Reward -300.00 | Epsilon 0.2461
Seed 0 | Episode 160 | Reward -300.00 | Epsilon 0.2439
Seed 0 | Episode 161 | Reward -300.00 | Epsilon 0.2417
Seed 0 | Episode 162 | Reward -300.00 | Epsilon 0.2396
Seed 0 | Episode 163 | Reward -300.00 | Epsilon 0.2374
Seed 0 | Episode 164 | Reward -300.00 | Epsilon 0.2353
Seed 0 | Episode 165 | Reward -300.00 | Epsilon 0.2332
Seed 0 | Episode 166 | Reward -300.00 | Epsilon 0.2311
Seed 0 | Episode 167 | Reward -300.00 | Epsilon 0.2290
Seed 0 | Episode 168 | Reward -300.00 | Epsilon 0.2270
Seed 0 | Episode 169 | Reward -300.00 | Epsilon 0.2249
Seed 0 | Episode 170 | Reward -300.00 | Epsilon 0.2229
Seed 0 | Episode 171 | Reward -300.00 | Epsilon 0.2209
Seed 0 | Episode 172 | Reward -300.00 | Epsilon 0.2190
Seed 0 | Episode 173 | Reward -300.00 | Epsilon 0.2170
Seed 0 | Episode 174 | Reward -300.00 | Epsilon 0.2150
Seed 0 | Episode 175 | Reward -300.00 | Epsilon 0.2131
Seed 0 | Episode 176 | Reward -300.00 | Epsilon 0.2112
Seed 0 | Episode 177 | Reward -300.00 | Epsilon 0.2093
Seed 0 | Episode 178 | Reward -300.00 | Epsilon 0.2074
Seed 0 | Episode 179 | Reward -300.00 | Epsilon 0.2056
Seed 0 | Episode 180 | Reward -300.00 | Epsilon 0.2037
Seed 0 | Episode 181 | Reward -300.00 | Epsilon 0.2019
Seed 0 | Episode 182 | Reward -300.00 | Epsilon 0.2001
Seed 0 | Episode 183 | Reward 53.00 | Epsilon 0.1998
Seed 0 | Episode 184 | Reward 47.00 | Epsilon 0.1995
Seed 0 | Episode 185 | Reward -300.00 | Epsilon 0.1977
Seed 0 | Episode 186 | Reward -197.00 | Epsilon 0.1960
Seed 0 | Episode 187 | Reward -300.00 | Epsilon 0.1942
Seed 0 | Episode 188 | Reward -300.00 | Epsilon 0.1925
Seed 0 | Episode 189 | Reward -300.00 | Epsilon 0.1907
Seed 0 | Episode 190 | Reward -300.00 | Epsilon 0.1890
Seed 0 | Episode 191 | Reward -300.00 | Epsilon 0.1873
Seed 0 | Episode 192 | Reward -80.00 | Epsilon 0.1863
Seed 0 | Episode 193 | Reward -300.00 | Epsilon 0.1846
Seed 0 | Episode 194 | Reward -100.00 | Epsilon 0.1835
Seed 0 | Episode 195 | Reward 61.00 | Epsilon 0.1833
Seed 0 | Episode 196 | Reward 48.00 | Epsilon 0.1830
Seed 0 | Episode 197 | Reward -145.00 | Epsilon 0.1817
Seed 0 | Episode 198 | Reward -111.00 | Epsilon 0.1805
Seed 0 | Episode 199 | Reward -300.00 | Epsilon 0.1789
Seed 0 | Episode 200 | Reward -119.00 | Epsilon 0.1777
Seed 0 | Episode 201 | Reward -300.00 | Epsilon 0.1761
Seed 0 | Episode 202 | Reward -300.00 | Epsilon 0.1746
Seed 0 | Episode 203 | Reward -300.00 | Epsilon 0.1730
Seed 0 | Episode 204 | Reward -181.00 | Epsilon 0.1715
Seed 0 | Episode 205 | Reward -300.00 | Epsilon 0.1700
Seed 0 | Episode 206 | Reward -300.00 | Epsilon 0.1685
Seed 0 | Episode 207 | Reward -159.00 | Epsilon 0.1672
Seed 0 | Episode 208 | Reward -300.00 | Epsilon 0.1657
Seed 0 | Episode 209 | Reward -300.00 | Epsilon 0.1642
Seed 0 | Episode 210 | Reward -300.00 | Epsilon 0.1627
Seed 0 | Episode 211 | Reward -300.00 | Epsilon 0.1613
Seed 0 | Episode 212 | Reward -300.00 | Epsilon 0.1598
Seed 0 | Episode 213 | Reward -300.00 | Epsilon 0.1584
Seed 0 | Episode 214 | Reward -300.00 | Epsilon 0.1570
Seed 0 | Episode 215 | Reward -300.00 | Epsilon 0.1556
Seed 0 | Episode 216 | Reward -300.00 | Epsilon 0.1542
Seed 0 | Episode 217 | Reward -300.00 | Epsilon 0.1528
Seed 0 | Episode 218 | Reward -300.00 | Epsilon 0.1514
Seed 0 | Episode 219 | Reward -300.00 | Epsilon 0.1501
Seed 0 | Episode 220 | Reward 49.00 | Epsilon 0.1498
Seed 0 | Episode 221 | Reward -300.00 | Epsilon 0.1485
Seed 0 | Episode 222 | Reward -300.00 | Epsilon 0.1471
Seed 0 | Episode 223 | Reward -300.00 | Epsilon 0.1458
Seed 0 | Episode 224 | Reward -300.00 | Epsilon 0.1445
Seed 0 | Episode 225 | Reward -300.00 | Epsilon 0.1432
Seed 0 | Episode 226 | Reward -300.00 | Epsilon 0.1419
Seed 0 | Episode 227 | Reward -300.00 | Epsilon 0.1407
Seed 0 | Episode 228 | Reward -300.00 | Epsilon 0.1394
Seed 0 | Episode 229 | Reward -300.00 | Epsilon 0.1382
Seed 0 | Episode 230 | Reward -300.00 | Epsilon 0.1369
Seed 0 | Episode 231 | Reward -300.00 | Epsilon 0.1357
Seed 0 | Episode 232 | Reward 5.00 | Epsilon 0.1353
Seed 0 | Episode 233 | Reward -300.00 | Epsilon 0.1341
Seed 0 | Episode 234 | Reward -300.00 | Epsilon 0.1329
Seed 0 | Episode 235 | Reward -63.00 | Epsilon 0.1322
Seed 0 | Episode 236 | Reward -300.00 | Epsilon 0.1311
Seed 0 | Episode 237 | Reward -300.00 | Epsilon 0.1299
Seed 0 | Episode 238 | Reward -300.00 | Epsilon 0.1287
Seed 0 | Episode 239 | Reward -132.00 | Epsilon 0.1278
Seed 0 | Episode 240 | Reward -300.00 | Epsilon 0.1267
Seed 0 | Episode 241 | Reward -300.00 | Epsilon 0.1255
Seed 0 | Episode 242 | Reward -300.00 | Epsilon 0.1244
Seed 0 | Episode 243 | Reward -300.00 | Epsilon 0.1233
Seed 0 | Episode 244 | Reward -300.00 | Epsilon 0.1222
Seed 0 | Episode 245 | Reward -300.00 | Epsilon 0.1211
Seed 0 | Episode 246 | Reward -18.00 | Epsilon 0.1207
Seed 0 | Episode 247 | Reward 43.00 | Epsilon 0.1205
Seed 0 | Episode 248 | Reward -300.00 | Epsilon 0.1194
Seed 0 | Episode 249 | Reward -300.00 | Epsilon 0.1183
Seed 0 | Episode 250 | Reward 42.00 | Epsilon 0.1181
Seed 0 | Episode 251 | Reward -300.00 | Epsilon 0.1170
Seed 0 | Episode 252 | Reward -159.00 | Epsilon 0.1161
Seed 0 | Episode 253 | Reward -106.00 | Epsilon 0.1154
Seed 0 | Episode 254 | Reward -300.00 | Epsilon 0.1144
Seed 0 | Episode 255 | Reward -300.00 | Epsilon 0.1134
Seed 0 | Episode 256 | Reward -300.00 | Epsilon 0.1123
Seed 0 | Episode 257 | Reward -300.00 | Epsilon 0.1113
Seed 0 | Episode 258 | Reward 47.00 | Epsilon 0.1112
Seed 0 | Episode 259 | Reward -300.00 | Epsilon 0.1102
Seed 0 | Episode 260 | Reward -94.00 | Epsilon 0.1095
Seed 0 | Episode 261 | Reward 12.00 | Epsilon 0.1092
Seed 0 | Episode 262 | Reward -300.00 | Epsilon 0.1082
Seed 0 | Episode 263 | Reward -300.00 | Epsilon 0.1073
Seed 0 | Episode 264 | Reward -150.00 | Epsilon 0.1065
Seed 0 | Episode 265 | Reward -300.00 | Epsilon 0.1055
Seed 0 | Episode 266 | Reward -101.00 | Epsilon 0.1049
Seed 0 | Episode 267 | Reward -33.00 | Epsilon 0.1045
Seed 0 | Episode 268 | Reward -300.00 | Epsilon 0.1035
Seed 0 | Episode 269 | Reward -50.00 | Epsilon 0.1031
Seed 0 | Episode 270 | Reward -300.00 | Epsilon 0.1021
Seed 0 | Episode 271 | Reward -68.00 | Epsilon 0.1016
Seed 0 | Episode 272 | Reward -17.00 | Epsilon 0.1013
Seed 0 | Episode 273 | Reward -300.00 | Epsilon 0.1004
Seed 0 | Episode 274 | Reward -6.00 | Epsilon 0.1000
Seed 0 | Episode 275 | Reward 52.00 | Epsilon 0.0999
Seed 0 | Episode 276 | Reward 47.00 | Epsilon 0.0997
Seed 0 | Episode 277 | Reward -1.00 | Epsilon 0.0994
Seed 0 | Episode 278 | Reward 49.00 | Epsilon 0.0993
Seed 0 | Episode 279 | Reward -186.00 | Epsilon 0.0984
Seed 0 | Episode 280 | Reward -51.00 | Epsilon 0.0980
Seed 0 | Episode 281 | Reward -300.00 | Epsilon 0.0971
Seed 0 | Episode 282 | Reward 44.00 | Epsilon 0.0969
Seed 0 | Episode 283 | Reward 50.00 | Epsilon 0.0968
Seed 0 | Episode 284 | Reward 45.00 | Epsilon 0.0966
Seed 0 | Episode 285 | Reward 47.00 | Epsilon 0.0965
Seed 0 | Episode 286 | Reward 33.00 | Epsilon 0.0963
Seed 0 | Episode 287 | Reward 57.00 | Epsilon 0.0961
Seed 0 | Episode 288 | Reward 40.00 | Epsilon 0.0960
Seed 0 | Episode 289 | Reward -300.00 | Epsilon 0.0951
Seed 0 | Episode 290 | Reward 42.00 | Epsilon 0.0949
Seed 0 | Episode 291 | Reward 51.00 | Epsilon 0.0948
Seed 0 | Episode 292 | Reward 31.00 | Epsilon 0.0946
Seed 0 | Episode 293 | Reward -300.00 | Epsilon 0.0937
Seed 0 | Episode 294 | Reward 51.00 | Epsilon 0.0936
Seed 0 | Episode 295 | Reward 18.00 | Epsilon 0.0934
Seed 0 | Episode 296 | Reward 47.00 | Epsilon 0.0932
Seed 0 | Episode 297 | Reward 28.00 | Epsilon 0.0930
Seed 0 | Episode 298 | Reward 50.00 | Epsilon 0.0929
Seed 0 | Episode 299 | Reward -60.00 | Epsilon 0.0924
Seed 0 | Episode 300 | Reward -93.00 | Epsilon 0.0919
Seed 0 | Episode 301 | Reward -67.00 | Epsilon 0.0914
Seed 0 | Episode 302 | Reward -43.00 | Epsilon 0.0910
Seed 0 | Episode 303 | Reward 42.00 | Epsilon 0.0909
Seed 0 | Episode 304 | Reward 40.00 | Epsilon 0.0907
Seed 0 | Episode 305 | Reward 50.00 | Epsilon 0.0906
Seed 0 | Episode 306 | Reward 35.00 | Epsilon 0.0904
Seed 0 | Episode 307 | Reward -73.00 | Epsilon 0.0899
Seed 0 | Episode 308 | Reward 42.00 | Epsilon 0.0898
Seed 0 | Episode 309 | Reward 44.00 | Epsilon 0.0896
Seed 0 | Episode 310 | Reward 55.00 | Epsilon 0.0895
Seed 0 | Episode 311 | Reward 55.00 | Epsilon 0.0894
Seed 0 | Episode 312 | Reward 36.00 | Epsilon 0.0892
Seed 0 | Episode 313 | Reward 60.00 | Epsilon 0.0891
Seed 0 | Episode 314 | Reward 3.00 | Epsilon 0.0888
Seed 0 | Episode 315 | Reward 55.00 | Epsilon 0.0887
Seed 0 | Episode 316 | Reward -190.00 | Epsilon 0.0879
Seed 0 | Episode 317 | Reward 58.00 | Epsilon 0.0878
Seed 0 | Episode 318 | Reward 53.00 | Epsilon 0.0877
Seed 0 | Episode 319 | Reward 35.00 | Epsilon 0.0875
Seed 0 | Episode 320 | Reward 44.00 | Epsilon 0.0873
Seed 0 | Episode 321 | Reward 49.00 | Epsilon 0.0872
Seed 0 | Episode 322 | Reward 14.00 | Epsilon 0.0870
Seed 0 | Episode 323 | Reward 45.00 | Epsilon 0.0868
Seed 0 | Episode 324 | Reward 56.00 | Epsilon 0.0867
Seed 0 | Episode 325 | Reward 54.00 | Epsilon 0.0866
Seed 0 | Episode 326 | Reward 46.00 | Epsilon 0.0865
Seed 0 | Episode 327 | Reward 53.00 | Epsilon 0.0863
Seed 0 | Episode 328 | Reward 60.00 | Epsilon 0.0862
Seed 0 | Episode 329 | Reward 49.00 | Epsilon 0.0861
Seed 0 | Episode 330 | Reward 50.00 | Epsilon 0.0860
Seed 0 | Episode 331 | Reward 54.00 | Epsilon 0.0858
Seed 0 | Episode 332 | Reward 43.00 | Epsilon 0.0857
Seed 0 | Episode 333 | Reward 62.00 | Epsilon 0.0856
Seed 0 | Episode 334 | Reward 38.00 | Epsilon 0.0854
Seed 0 | Episode 335 | Reward -300.00 | Epsilon 0.0847
Seed 0 | Episode 336 | Reward 27.00 | Epsilon 0.0845
Seed 0 | Episode 337 | Reward 53.00 | Epsilon 0.0844
Seed 0 | Episode 338 | Reward 46.00 | Epsilon 0.0842
Seed 0 | Episode 339 | Reward -27.00 | Epsilon 0.0839
Seed 0 | Episode 340 | Reward -30.00 | Epsilon 0.0836
Seed 0 | Episode 341 | Reward 48.00 | Epsilon 0.0834
Seed 0 | Episode 342 | Reward -8.00 | Epsilon 0.0832
Seed 0 | Episode 343 | Reward -300.00 | Epsilon 0.0824
Seed 0 | Episode 344 | Reward 55.00 | Epsilon 0.0823
Seed 0 | Episode 345 | Reward 49.00 | Epsilon 0.0822
Seed 0 | Episode 346 | Reward -15.00 | Epsilon 0.0819
Seed 0 | Episode 347 | Reward -12.00 | Epsilon 0.0816
Seed 0 | Episode 348 | Reward 12.00 | Epsilon 0.0814
Seed 0 | Episode 349 | Reward 47.00 | Epsilon 0.0813
Seed 0 | Episode 350 | Reward -16.00 | Epsilon 0.0810
Seed 0 | Episode 351 | Reward 58.00 | Epsilon 0.0809
Seed 0 | Episode 352 | Reward 60.00 | Epsilon 0.0808
Seed 0 | Episode 353 | Reward 56.00 | Epsilon 0.0807
Seed 0 | Episode 354 | Reward 31.00 | Epsilon 0.0805
Seed 0 | Episode 355 | Reward -146.00 | Epsilon 0.0799
Seed 0 | Episode 356 | Reward 55.00 | Epsilon 0.0798
Seed 0 | Episode 357 | Reward -31.00 | Epsilon 0.0795
Seed 0 | Episode 358 | Reward -11.00 | Epsilon 0.0792
Seed 0 | Episode 359 | Reward 49.00 | Epsilon 0.0791
Seed 0 | Episode 360 | Reward -39.00 | Epsilon 0.0788
Seed 0 | Episode 361 | Reward 36.00 | Epsilon 0.0786
Seed 0 | Episode 362 | Reward 45.00 | Epsilon 0.0785
Seed 0 | Episode 363 | Reward 49.00 | Epsilon 0.0783
Seed 0 | Episode 364 | Reward -3.00 | Epsilon 0.0781
Seed 0 | Episode 365 | Reward -300.00 | Epsilon 0.0774
Seed 0 | Episode 366 | Reward 42.00 | Epsilon 0.0773
Seed 0 | Episode 367 | Reward 48.00 | Epsilon 0.0771
Seed 0 | Episode 368 | Reward 37.00 | Epsilon 0.0770
Seed 0 | Episode 369 | Reward 25.00 | Epsilon 0.0768
Seed 0 | Episode 370 | Reward 51.00 | Epsilon 0.0767
Seed 0 | Episode 371 | Reward 49.00 | Epsilon 0.0766
Seed 0 | Episode 372 | Reward -134.00 | Epsilon 0.0760
Seed 0 | Episode 373 | Reward 43.00 | Epsilon 0.0759
Seed 0 | Episode 374 | Reward 42.00 | Epsilon 0.0758
Seed 0 | Episode 375 | Reward 5.00 | Epsilon 0.0756
Seed 0 | Episode 376 | Reward 46.00 | Epsilon 0.0754
Seed 0 | Episode 377 | Reward -13.00 | Epsilon 0.0752
Seed 0 | Episode 378 | Reward 37.00 | Epsilon 0.0750
Seed 0 | Episode 379 | Reward 57.00 | Epsilon 0.0749
Seed 0 | Episode 380 | Reward 60.00 | Epsilon 0.0748
Seed 0 | Episode 381 | Reward -300.00 | Epsilon 0.0742
Seed 0 | Episode 382 | Reward 48.00 | Epsilon 0.0741
Seed 0 | Episode 383 | Reward 42.00 | Epsilon 0.0739
Seed 0 | Episode 384 | Reward 45.00 | Epsilon 0.0738
Seed 0 | Episode 385 | Reward 52.00 | Epsilon 0.0737
Seed 0 | Episode 386 | Reward 52.00 | Epsilon 0.0736
Seed 0 | Episode 387 | Reward 53.00 | Epsilon 0.0735
Seed 0 | Episode 388 | Reward -62.00 | Epsilon 0.0731
Seed 0 | Episode 389 | Reward 57.00 | Epsilon 0.0730
Seed 0 | Episode 390 | Reward 55.00 | Epsilon 0.0729
Seed 0 | Episode 391 | Reward 53.00 | Epsilon 0.0728
Seed 0 | Episode 392 | Reward 56.00 | Epsilon 0.0727
Seed 0 | Episode 393 | Reward 60.00 | Epsilon 0.0726
Seed 0 | Episode 394 | Reward 45.00 | Epsilon 0.0725
Seed 0 | Episode 395 | Reward 48.00 | Epsilon 0.0724
Seed 0 | Episode 396 | Reward -11.00 | Epsilon 0.0721
Seed 0 | Episode 397 | Reward -80.00 | Epsilon 0.0718
Seed 0 | Episode 398 | Reward 58.00 | Epsilon 0.0717
Seed 0 | Episode 399 | Reward 44.00 | Epsilon 0.0715
Seed 0 | Episode 400 | Reward 59.00 | Epsilon 0.0715
Seed 0 | Episode 401 | Reward 44.00 | Epsilon 0.0713
Seed 0 | Episode 402 | Reward -1.00 | Epsilon 0.0711
Seed 0 | Episode 403 | Reward 42.00 | Epsilon 0.0710
Seed 0 | Episode 404 | Reward 55.00 | Epsilon 0.0709
Seed 0 | Episode 405 | Reward 47.00 | Epsilon 0.0708
Seed 0 | Episode 406 | Reward 50.00 | Epsilon 0.0707
Seed 0 | Episode 407 | Reward 49.00 | Epsilon 0.0706
Seed 0 | Episode 408 | Reward -80.00 | Epsilon 0.0702
Seed 0 | Episode 409 | Reward 55.00 | Epsilon 0.0701
Seed 0 | Episode 410 | Reward -103.00 | Epsilon 0.0696
Seed 0 | Episode 411 | Reward 52.00 | Epsilon 0.0695
Seed 0 | Episode 412 | Reward 61.00 | Epsilon 0.0695
Seed 0 | Episode 413 | Reward 59.00 | Epsilon 0.0694
Seed 0 | Episode 414 | Reward 37.00 | Epsilon 0.0692
Seed 0 | Episode 415 | Reward 45.00 | Epsilon 0.0691
Seed 0 | Episode 416 | Reward 48.00 | Epsilon 0.0690
Seed 0 | Episode 417 | Reward 35.00 | Epsilon 0.0689
Seed 0 | Episode 418 | Reward 55.00 | Epsilon 0.0688
Seed 0 | Episode 419 | Reward 39.00 | Epsilon 0.0687
Seed 0 | Episode 420 | Reward 40.00 | Epsilon 0.0685
Seed 0 | Episode 421 | Reward 45.00 | Epsilon 0.0684
Seed 0 | Episode 422 | Reward 43.00 | Epsilon 0.0683
Seed 0 | Episode 423 | Reward 52.00 | Epsilon 0.0682
Seed 0 | Episode 424 | Reward 57.00 | Epsilon 0.0681
Seed 0 | Episode 425 | Reward 53.00 | Epsilon 0.0680
Seed 0 | Episode 426 | Reward 56.00 | Epsilon 0.0679
Seed 0 | Episode 427 | Reward 61.00 | Epsilon 0.0678
Seed 0 | Episode 428 | Reward 45.00 | Epsilon 0.0677
Seed 0 | Episode 429 | Reward 48.00 | Epsilon 0.0676
Seed 0 | Episode 430 | Reward 34.00 | Epsilon 0.0675
Seed 0 | Episode 431 | Reward 51.00 | Epsilon 0.0674
Seed 0 | Episode 432 | Reward 38.00 | Epsilon 0.0673
Seed 0 | Episode 433 | Reward 44.00 | Epsilon 0.0671
Seed 0 | Episode 434 | Reward 41.00 | Epsilon 0.0670
Seed 0 | Episode 435 | Reward 45.00 | Epsilon 0.0669
Seed 0 | Episode 436 | Reward 50.00 | Epsilon 0.0668
Seed 0 | Episode 437 | Reward 58.00 | Epsilon 0.0667
Seed 0 | Episode 438 | Reward 59.00 | Epsilon 0.0666
Seed 0 | Episode 439 | Reward 63.00 | Epsilon 0.0666
Seed 0 | Episode 440 | Reward 41.00 | Epsilon 0.0664
Seed 0 | Episode 441 | Reward 50.00 | Epsilon 0.0663
Seed 0 | Episode 442 | Reward 46.00 | Epsilon 0.0662
Seed 0 | Episode 443 | Reward 50.00 | Epsilon 0.0661
Seed 0 | Episode 444 | Reward 62.00 | Epsilon 0.0660
Seed 0 | Episode 445 | Reward 47.00 | Epsilon 0.0659
Seed 0 | Episode 446 | Reward 38.00 | Epsilon 0.0658
Seed 0 | Episode 447 | Reward 53.00 | Epsilon 0.0657
Seed 0 | Episode 448 | Reward 45.00 | Epsilon 0.0656
Seed 0 | Episode 449 | Reward 56.00 | Epsilon 0.0655
Seed 0 | Episode 450 | Reward 41.00 | Epsilon 0.0654
Seed 0 | Episode 451 | Reward 49.00 | Epsilon 0.0653
Seed 0 | Episode 452 | Reward 56.00 | Epsilon 0.0652
Seed 0 | Episode 453 | Reward 36.00 | Epsilon 0.0651
Seed 0 | Episode 454 | Reward 55.00 | Epsilon 0.0650
Seed 0 | Episode 455 | Reward 53.00 | Epsilon 0.0649
Seed 0 | Episode 456 | Reward 47.00 | Epsilon 0.0648
Seed 0 | Episode 457 | Reward 46.00 | Epsilon 0.0647
Seed 0 | Episode 458 | Reward 55.00 | Epsilon 0.0646
Seed 0 | Episode 459 | Reward 51.00 | Epsilon 0.0645
Seed 0 | Episode 460 | Reward 36.00 | Epsilon 0.0644
Seed 0 | Episode 461 | Reward 43.00 | Epsilon 0.0643
Seed 0 | Episode 462 | Reward 47.00 | Epsilon 0.0642
Seed 0 | Episode 463 | Reward 37.00 | Epsilon 0.0640
Seed 0 | Episode 464 | Reward 52.00 | Epsilon 0.0639
Seed 0 | Episode 465 | Reward 57.00 | Epsilon 0.0639
Seed 0 | Episode 466 | Reward 55.00 | Epsilon 0.0638
Seed 0 | Episode 467 | Reward 47.00 | Epsilon 0.0637
Seed 0 | Episode 468 | Reward 39.00 | Epsilon 0.0636
Seed 0 | Episode 469 | Reward 45.00 | Epsilon 0.0634
Seed 0 | Episode 470 | Reward 46.00 | Epsilon 0.0633
Seed 0 | Episode 471 | Reward 53.00 | Epsilon 0.0632
Seed 0 | Episode 472 | Reward 41.00 | Epsilon 0.0631
Seed 0 | Episode 473 | Reward 42.00 | Epsilon 0.0630
Seed 0 | Episode 474 | Reward 36.00 | Epsilon 0.0629
Seed 0 | Episode 475 | Reward 59.00 | Epsilon 0.0628
Seed 0 | Episode 476 | Reward 60.00 | Epsilon 0.0627
Seed 0 | Episode 477 | Reward 35.00 | Epsilon 0.0626
Seed 0 | Episode 478 | Reward 55.00 | Epsilon 0.0625
Seed 0 | Episode 479 | Reward 40.00 | Epsilon 0.0624
Seed 0 | Episode 480 | Reward 46.00 | Epsilon 0.0623
Seed 0 | Episode 481 | Reward 48.00 | Epsilon 0.0622
Seed 0 | Episode 482 | Reward 45.00 | Epsilon 0.0621
Seed 0 | Episode 483 | Reward 51.00 | Epsilon 0.0620
Seed 0 | Episode 484 | Reward 45.00 | Epsilon 0.0619
Seed 0 | Episode 485 | Reward 57.00 | Epsilon 0.0618
Seed 0 | Episode 486 | Reward 56.00 | Epsilon 0.0618
Seed 0 | Episode 487 | Reward 47.00 | Epsilon 0.0617
Seed 0 | Episode 488 | Reward 35.00 | Epsilon 0.0615
Seed 0 | Episode 489 | Reward 58.00 | Epsilon 0.0614
Seed 0 | Episode 490 | Reward 48.00 | Epsilon 0.0614
Seed 0 | Episode 491 | Reward 56.00 | Epsilon 0.0613
Seed 0 | Episode 492 | Reward 48.00 | Epsilon 0.0612
Seed 0 | Episode 493 | Reward 47.00 | Epsilon 0.0611
Seed 0 | Episode 494 | Reward 61.00 | Epsilon 0.0610
Seed 0 | Episode 495 | Reward 57.00 | Epsilon 0.0609
Seed 0 | Episode 496 | Reward 41.00 | Epsilon 0.0608
Seed 0 | Episode 497 | Reward 40.00 | Epsilon 0.0607
Seed 0 | Episode 498 | Reward 53.00 | Epsilon 0.0606
Seed 0 | Episode 499 | Reward 60.00 | Epsilon 0.0605
Seed 0 | Episode 500 | Reward 46.00 | Epsilon 0.0604
Seed 0 | Episode 501 | Reward 50.00 | Epsilon 0.0603
Seed 0 | Episode 502 | Reward 57.00 | Epsilon 0.0603
Seed 0 | Episode 503 | Reward 46.00 | Epsilon 0.0602
Seed 0 | Episode 504 | Reward 41.00 | Epsilon 0.0601
Seed 0 | Episode 505 | Reward 61.00 | Epsilon 0.0600
Seed 0 | Episode 506 | Reward 45.00 | Epsilon 0.0599
Seed 0 | Episode 507 | Reward 53.00 | Epsilon 0.0598
Seed 0 | Episode 508 | Reward 55.00 | Epsilon 0.0597
Seed 0 | Episode 509 | Reward 43.00 | Epsilon 0.0596
Seed 0 | Episode 510 | Reward 43.00 | Epsilon 0.0595
Seed 0 | Episode 511 | Reward 45.00 | Epsilon 0.0594
Seed 0 | Episode 512 | Reward 5.00 | Epsilon 0.0592
Seed 0 | Episode 513 | Reward 27.00 | Epsilon 0.0591
Seed 0 | Episode 514 | Reward 58.00 | Epsilon 0.0590
Seed 0 | Episode 515 | Reward 57.00 | Epsilon 0.0590
Seed 0 | Episode 516 | Reward 54.00 | Epsilon 0.0589
Seed 0 | Episode 517 | Reward 45.00 | Epsilon 0.0588
Seed 0 | Episode 518 | Reward 50.00 | Epsilon 0.0587
Seed 0 | Episode 519 | Reward 43.00 | Epsilon 0.0586
Seed 0 | Episode 520 | Reward 48.00 | Epsilon 0.0585
Seed 0 | Episode 521 | Reward 54.00 | Epsilon 0.0584
Seed 0 | Episode 522 | Reward 50.00 | Epsilon 0.0583
Seed 0 | Episode 523 | Reward 47.00 | Epsilon 0.0582
Seed 0 | Episode 524 | Reward 58.00 | Epsilon 0.0581
Seed 0 | Episode 525 | Reward -11.00 | Epsilon 0.0579
Seed 0 | Episode 526 | Reward 51.00 | Epsilon 0.0579
Seed 0 | Episode 527 | Reward 44.00 | Epsilon 0.0578
Seed 0 | Episode 528 | Reward 55.00 | Epsilon 0.0577
Seed 0 | Episode 529 | Reward 43.00 | Epsilon 0.0576
Seed 0 | Episode 530 | Reward 59.00 | Epsilon 0.0575
Seed 0 | Episode 531 | Reward 42.00 | Epsilon 0.0574
Seed 0 | Episode 532 | Reward 52.00 | Epsilon 0.0573
Seed 0 | Episode 533 | Reward 45.00 | Epsilon 0.0572
Seed 0 | Episode 534 | Reward 48.00 | Epsilon 0.0571
Seed 0 | Episode 535 | Reward 52.00 | Epsilon 0.0571
Seed 0 | Episode 536 | Reward 14.00 | Epsilon 0.0569
Seed 0 | Episode 537 | Reward 54.00 | Epsilon 0.0568
Seed 0 | Episode 538 | Reward 39.00 | Epsilon 0.0567
Seed 0 | Episode 539 | Reward 60.00 | Epsilon 0.0567
Seed 0 | Episode 540 | Reward 58.00 | Epsilon 0.0566
Seed 0 | Episode 541 | Reward 46.00 | Epsilon 0.0565
Seed 0 | Episode 542 | Reward 49.00 | Epsilon 0.0564
Seed 0 | Episode 543 | Reward 52.00 | Epsilon 0.0563
Seed 0 | Episode 544 | Reward 4.00 | Epsilon 0.0561
Seed 0 | Episode 545 | Reward 62.00 | Epsilon 0.0561
Seed 0 | Episode 546 | Reward 55.00 | Epsilon 0.0560
Seed 0 | Episode 547 | Reward 44.00 | Epsilon 0.0559
Seed 0 | Episode 548 | Reward 45.00 | Epsilon 0.0558
Seed 0 | Episode 549 | Reward 41.00 | Epsilon 0.0557
Seed 0 | Episode 550 | Reward 53.00 | Epsilon 0.0556
Seed 0 | Episode 551 | Reward 44.00 | Epsilon 0.0555
Seed 0 | Episode 552 | Reward 40.00 | Epsilon 0.0554
Seed 0 | Episode 553 | Reward 51.00 | Epsilon 0.0554
Seed 0 | Episode 554 | Reward 38.00 | Epsilon 0.0553
Seed 0 | Episode 555 | Reward 64.00 | Epsilon 0.0552
Seed 0 | Episode 556 | Reward 59.00 | Epsilon 0.0551
Seed 0 | Episode 557 | Reward 47.00 | Epsilon 0.0550
Seed 0 | Episode 558 | Reward 45.00 | Epsilon 0.0549
Seed 0 | Episode 559 | Reward 48.00 | Epsilon 0.0549
Seed 0 | Episode 560 | Reward 60.00 | Epsilon 0.0548
Seed 0 | Episode 561 | Reward 52.00 | Epsilon 0.0547
Seed 0 | Episode 562 | Reward 50.00 | Epsilon 0.0546
Seed 0 | Episode 563 | Reward 43.00 | Epsilon 0.0545
Seed 0 | Episode 564 | Reward 57.00 | Epsilon 0.0545
Seed 0 | Episode 565 | Reward 45.00 | Epsilon 0.0544
Seed 0 | Episode 566 | Reward 50.00 | Epsilon 0.0543
Seed 0 | Episode 567 | Reward 34.00 | Epsilon 0.0542
Seed 0 | Episode 568 | Reward 50.00 | Epsilon 0.0541
Seed 0 | Episode 569 | Reward 53.00 | Epsilon 0.0540
Seed 0 | Episode 570 | Reward 52.00 | Epsilon 0.0539
Seed 0 | Episode 571 | Reward 43.00 | Epsilon 0.0538
Seed 0 | Episode 572 | Reward 45.00 | Epsilon 0.0537
Seed 0 | Episode 573 | Reward 48.00 | Epsilon 0.0537
Seed 0 | Episode 574 | Reward 57.00 | Epsilon 0.0536
Seed 0 | Episode 575 | Reward 45.00 | Epsilon 0.0535
Seed 0 | Episode 576 | Reward 54.00 | Epsilon 0.0534
Seed 0 | Episode 577 | Reward 50.00 | Epsilon 0.0533
Seed 0 | Episode 578 | Reward 50.00 | Epsilon 0.0533
Seed 0 | Episode 579 | Reward 45.00 | Epsilon 0.0532
Seed 0 | Episode 580 | Reward 54.00 | Epsilon 0.0531
Seed 0 | Episode 581 | Reward 46.00 | Epsilon 0.0530
Seed 0 | Episode 582 | Reward 59.00 | Epsilon 0.0529
Seed 0 | Episode 583 | Reward 53.00 | Epsilon 0.0529
Seed 0 | Episode 584 | Reward 52.00 | Epsilon 0.0528
Seed 0 | Episode 585 | Reward 61.00 | Epsilon 0.0527
Seed 0 | Episode 586 | Reward 47.00 | Epsilon 0.0526
Seed 0 | Episode 587 | Reward 45.00 | Epsilon 0.0526
Seed 0 | Episode 588 | Reward 47.00 | Epsilon 0.0525
Seed 0 | Episode 589 | Reward 56.00 | Epsilon 0.0524
Seed 0 | Episode 590 | Reward 44.00 | Epsilon 0.0523
Seed 0 | Episode 591 | Reward 45.00 | Epsilon 0.0522
Seed 0 | Episode 592 | Reward 55.00 | Epsilon 0.0521
Seed 0 | Episode 593 | Reward 51.00 | Epsilon 0.0521
Seed 0 | Episode 594 | Reward 46.00 | Epsilon 0.0520
Seed 0 | Episode 595 | Reward 33.00 | Epsilon 0.0519
Seed 0 | Episode 596 | Reward 50.00 | Epsilon 0.0518
Seed 0 | Episode 597 | Reward 64.00 | Epsilon 0.0517
Seed 0 | Episode 598 | Reward 57.00 | Epsilon 0.0517
Seed 0 | Episode 599 | Reward 58.00 | Epsilon 0.0516
Seed 0 | Episode 600 | Reward 57.00 | Epsilon 0.0515
Seed 0 | Episode 601 | Reward 43.00 | Epsilon 0.0514
Seed 0 | Episode 602 | Reward 59.00 | Epsilon 0.0514
Seed 0 | Episode 603 | Reward 62.00 | Epsilon 0.0513
Seed 0 | Episode 604 | Reward 58.00 | Epsilon 0.0513
Seed 0 | Episode 605 | Reward 54.00 | Epsilon 0.0512
Seed 0 | Episode 606 | Reward 56.00 | Epsilon 0.0511
Seed 0 | Episode 607 | Reward 51.00 | Epsilon 0.0510
Seed 0 | Episode 608 | Reward 47.00 | Epsilon 0.0510
Seed 0 | Episode 609 | Reward 50.00 | Epsilon 0.0509
Seed 0 | Episode 610 | Reward 52.00 | Epsilon 0.0508
Seed 0 | Episode 611 | Reward 56.00 | Epsilon 0.0507
Seed 0 | Episode 612 | Reward 50.00 | Epsilon 0.0507
Seed 0 | Episode 613 | Reward 60.00 | Epsilon 0.0506
Seed 0 | Episode 614 | Reward 61.00 | Epsilon 0.0505
Seed 0 | Episode 615 | Reward 57.00 | Epsilon 0.0505
Seed 0 | Episode 616 | Reward 45.00 | Epsilon 0.0504
Seed 0 | Episode 617 | Reward 45.00 | Epsilon 0.0503
Seed 0 | Episode 618 | Reward 43.00 | Epsilon 0.0502
Seed 0 | Episode 619 | Reward 49.00 | Epsilon 0.0501
Seed 0 | Episode 620 | Reward 53.00 | Epsilon 0.0501
Seed 0 | Episode 621 | Reward 50.00 | Epsilon 0.0500
Seed 0 | Episode 622 | Reward 43.00 | Epsilon 0.0499
Seed 0 | Episode 623 | Reward 60.00 | Epsilon 0.0498
Seed 0 | Episode 624 | Reward 41.00 | Epsilon 0.0497
Seed 0 | Episode 625 | Reward 57.00 | Epsilon 0.0497
Seed 0 | Episode 626 | Reward 51.00 | Epsilon 0.0496
Seed 0 | Episode 627 | Reward 55.00 | Epsilon 0.0495
Seed 0 | Episode 628 | Reward 56.00 | Epsilon 0.0495
Seed 0 | Episode 629 | Reward 57.00 | Epsilon 0.0494
Seed 0 | Episode 630 | Reward 45.00 | Epsilon 0.0493
Seed 0 | Episode 631 | Reward 24.00 | Epsilon 0.0492
Seed 0 | Episode 632 | Reward 43.00 | Epsilon 0.0491
Seed 0 | Episode 633 | Reward 60.00 | Epsilon 0.0491
Seed 0 | Episode 634 | Reward 46.00 | Epsilon 0.0490
Seed 0 | Episode 635 | Reward 60.00 | Epsilon 0.0489
Seed 0 | Episode 636 | Reward 46.00 | Epsilon 0.0488
Seed 0 | Episode 637 | Reward 58.00 | Epsilon 0.0488
Seed 0 | Episode 638 | Reward 55.00 | Epsilon 0.0487
Seed 0 | Episode 639 | Reward 47.00 | Epsilon 0.0486
Seed 0 | Episode 640 | Reward 62.00 | Epsilon 0.0486
Seed 0 | Episode 641 | Reward 54.00 | Epsilon 0.0485
Seed 0 | Episode 642 | Reward 46.00 | Epsilon 0.0484
Seed 0 | Episode 643 | Reward 45.00 | Epsilon 0.0483
Seed 0 | Episode 644 | Reward 50.00 | Epsilon 0.0483
Seed 0 | Episode 645 | Reward 47.00 | Epsilon 0.0482
Seed 0 | Episode 646 | Reward 57.00 | Epsilon 0.0481
Seed 0 | Episode 647 | Reward 57.00 | Epsilon 0.0481
Seed 0 | Episode 648 | Reward 60.00 | Epsilon 0.0480
Seed 0 | Episode 649 | Reward 55.00 | Epsilon 0.0479
Seed 0 | Episode 650 | Reward 48.00 | Epsilon 0.0479
Seed 0 | Episode 651 | Reward 62.00 | Epsilon 0.0478
Seed 0 | Episode 652 | Reward 48.00 | Epsilon 0.0477
Seed 0 | Episode 653 | Reward 60.00 | Epsilon 0.0477
Seed 0 | Episode 654 | Reward 62.00 | Epsilon 0.0476
Seed 0 | Episode 655 | Reward 57.00 | Epsilon 0.0476
Seed 0 | Episode 656 | Reward 64.00 | Epsilon 0.0475
Seed 0 | Episode 657 | Reward 54.00 | Epsilon 0.0474
Seed 0 | Episode 658 | Reward 59.00 | Epsilon 0.0474
Seed 0 | Episode 659 | Reward 56.00 | Epsilon 0.0473
Seed 0 | Episode 660 | Reward -8.00 | Epsilon 0.0472
Seed 0 | Episode 661 | Reward 55.00 | Epsilon 0.0471
Seed 0 | Episode 662 | Reward 46.00 | Epsilon 0.0470
Seed 0 | Episode 663 | Reward 64.00 | Epsilon 0.0470
Seed 0 | Episode 664 | Reward 64.00 | Epsilon 0.0469
Seed 0 | Episode 665 | Reward 58.00 | Epsilon 0.0469
Seed 0 | Episode 666 | Reward 54.00 | Epsilon 0.0468
Seed 0 | Episode 667 | Reward 45.00 | Epsilon 0.0467
Seed 0 | Episode 668 | Reward 19.00 | Epsilon 0.0466
Seed 0 | Episode 669 | Reward 65.00 | Epsilon 0.0465
Seed 0 | Episode 670 | Reward 54.00 | Epsilon 0.0465
Seed 0 | Episode 671 | Reward 61.00 | Epsilon 0.0464
Seed 0 | Episode 672 | Reward -2.00 | Epsilon 0.0463
Seed 0 | Episode 673 | Reward 51.00 | Epsilon 0.0462
Seed 0 | Episode 674 | Reward 58.00 | Epsilon 0.0461
Seed 0 | Episode 675 | Reward 50.00 | Epsilon 0.0461
Seed 0 | Episode 676 | Reward 59.00 | Epsilon 0.0460
Seed 0 | Episode 677 | Reward 53.00 | Epsilon 0.0460
Seed 0 | Episode 678 | Reward 54.00 | Epsilon 0.0459
Seed 0 | Episode 679 | Reward 49.00 | Epsilon 0.0458
Seed 0 | Episode 680 | Reward 50.00 | Epsilon 0.0457
Seed 0 | Episode 681 | Reward 45.00 | Epsilon 0.0457
Seed 0 | Episode 682 | Reward 30.00 | Epsilon 0.0456
Seed 0 | Episode 683 | Reward 54.00 | Epsilon 0.0455
Seed 0 | Episode 684 | Reward 46.00 | Epsilon 0.0454
Seed 0 | Episode 685 | Reward 49.00 | Epsilon 0.0454
Seed 0 | Episode 686 | Reward 52.00 | Epsilon 0.0453
Seed 0 | Episode 687 | Reward 45.00 | Epsilon 0.0452
Seed 0 | Episode 688 | Reward 46.00 | Epsilon 0.0451
Seed 0 | Episode 689 | Reward 42.00 | Epsilon 0.0451
Seed 0 | Episode 690 | Reward 53.00 | Epsilon 0.0450
Seed 0 | Episode 691 | Reward 47.00 | Epsilon 0.0449
Seed 0 | Episode 692 | Reward 48.00 | Epsilon 0.0449
Seed 0 | Episode 693 | Reward 57.00 | Epsilon 0.0448
Seed 0 | Episode 694 | Reward 59.00 | Epsilon 0.0447
Seed 0 | Episode 695 | Reward 48.00 | Epsilon 0.0447
Seed 0 | Episode 696 | Reward 58.00 | Epsilon 0.0446
Seed 0 | Episode 697 | Reward 46.00 | Epsilon 0.0445
Seed 0 | Episode 698 | Reward 50.00 | Epsilon 0.0445
Seed 0 | Episode 699 | Reward 57.00 | Epsilon 0.0444
Seed 0 | Episode 700 | Reward 44.00 | Epsilon 0.0443
Seed 0 | Episode 701 | Reward 39.00 | Epsilon 0.0443
Seed 0 | Episode 702 | Reward 65.00 | Epsilon 0.0442
Seed 0 | Episode 703 | Reward 43.00 | Epsilon 0.0441
Seed 0 | Episode 704 | Reward 56.00 | Epsilon 0.0441
Seed 0 | Episode 705 | Reward 49.00 | Epsilon 0.0440
Seed 0 | Episode 706 | Reward 42.00 | Epsilon 0.0439
Seed 0 | Episode 707 | Reward 62.00 | Epsilon 0.0439
Seed 0 | Episode 708 | Reward -19.00 | Epsilon 0.0437
Seed 0 | Episode 709 | Reward 49.00 | Epsilon 0.0436
Seed 0 | Episode 710 | Reward 50.00 | Epsilon 0.0436
Seed 0 | Episode 711 | Reward 54.00 | Epsilon 0.0435
Seed 0 | Episode 712 | Reward 44.00 | Epsilon 0.0434
Seed 0 | Episode 713 | Reward 58.00 | Epsilon 0.0434
Seed 0 | Episode 714 | Reward 58.00 | Epsilon 0.0433
Seed 0 | Episode 715 | Reward 61.00 | Epsilon 0.0433
Seed 0 | Episode 716 | Reward 38.00 | Epsilon 0.0432
Seed 0 | Episode 717 | Reward 57.00 | Epsilon 0.0431
Seed 0 | Episode 718 | Reward 48.00 | Epsilon 0.0431
Seed 0 | Episode 719 | Reward 44.00 | Epsilon 0.0430
Seed 0 | Episode 720 | Reward 40.00 | Epsilon 0.0429
Seed 0 | Episode 721 | Reward 44.00 | Epsilon 0.0428
Seed 0 | Episode 722 | Reward 33.00 | Epsilon 0.0428
Seed 0 | Episode 723 | Reward 46.00 | Epsilon 0.0427
Seed 0 | Episode 724 | Reward 61.00 | Epsilon 0.0426
Seed 0 | Episode 725 | Reward 46.00 | Epsilon 0.0426
Seed 0 | Episode 726 | Reward 59.00 | Epsilon 0.0425
Seed 0 | Episode 727 | Reward 51.00 | Epsilon 0.0424
Seed 0 | Episode 728 | Reward 44.00 | Epsilon 0.0424
Seed 0 | Episode 729 | Reward 62.00 | Epsilon 0.0423
Seed 0 | Episode 730 | Reward 55.00 | Epsilon 0.0423
Seed 0 | Episode 731 | Reward 61.00 | Epsilon 0.0422
Seed 0 | Episode 732 | Reward 56.00 | Epsilon 0.0422
Seed 0 | Episode 733 | Reward 49.00 | Epsilon 0.0421
Seed 0 | Episode 734 | Reward 49.00 | Epsilon 0.0420
Seed 0 | Episode 735 | Reward 63.00 | Epsilon 0.0420
Seed 0 | Episode 736 | Reward 57.00 | Epsilon 0.0419
Seed 0 | Episode 737 | Reward 43.00 | Epsilon 0.0419
Seed 0 | Episode 738 | Reward 34.00 | Epsilon 0.0418
Seed 0 | Episode 739 | Reward 59.00 | Epsilon 0.0417
Seed 0 | Episode 740 | Reward 36.00 | Epsilon 0.0416
Seed 0 | Episode 741 | Reward 58.00 | Epsilon 0.0416
Seed 0 | Episode 742 | Reward 54.00 | Epsilon 0.0415
Seed 0 | Episode 743 | Reward 59.00 | Epsilon 0.0415
Seed 0 | Episode 744 | Reward 59.00 | Epsilon 0.0414
Seed 0 | Episode 745 | Reward 58.00 | Epsilon 0.0414
Seed 0 | Episode 746 | Reward 54.00 | Epsilon 0.0413
Seed 0 | Episode 747 | Reward 60.00 | Epsilon 0.0413
Seed 0 | Episode 748 | Reward 58.00 | Epsilon 0.0412
Seed 0 | Episode 749 | Reward 52.00 | Epsilon 0.0411
Seed 0 | Episode 750 | Reward 52.00 | Epsilon 0.0411
Seed 0 | Episode 751 | Reward 54.00 | Epsilon 0.0410
Seed 0 | Episode 752 | Reward 43.00 | Epsilon 0.0410
Seed 0 | Episode 753 | Reward 49.00 | Epsilon 0.0409
Seed 0 | Episode 754 | Reward 46.00 | Epsilon 0.0408
Seed 0 | Episode 755 | Reward 46.00 | Epsilon 0.0408
Seed 0 | Episode 756 | Reward 52.00 | Epsilon 0.0407
Seed 0 | Episode 757 | Reward 39.00 | Epsilon 0.0406
Seed 0 | Episode 758 | Reward 4.00 | Epsilon 0.0405
Seed 0 | Episode 759 | Reward 53.00 | Epsilon 0.0404
Seed 0 | Episode 760 | Reward 56.00 | Epsilon 0.0404
Seed 0 | Episode 761 | Reward 35.00 | Epsilon 0.0403
Seed 0 | Episode 762 | Reward 51.00 | Epsilon 0.0402
Seed 0 | Episode 763 | Reward 38.00 | Epsilon 0.0402
Seed 0 | Episode 764 | Reward 59.00 | Epsilon 0.0401
Seed 0 | Episode 765 | Reward 53.00 | Epsilon 0.0401
Seed 0 | Episode 766 | Reward 48.00 | Epsilon 0.0400
Seed 0 | Episode 767 | Reward 34.00 | Epsilon 0.0399
Seed 0 | Episode 768 | Reward 45.00 | Epsilon 0.0399
Seed 0 | Episode 769 | Reward 46.00 | Epsilon 0.0398
Seed 0 | Episode 770 | Reward 49.00 | Epsilon 0.0397
Seed 0 | Episode 771 | Reward 60.00 | Epsilon 0.0397
Seed 0 | Episode 772 | Reward 55.00 | Epsilon 0.0396
Seed 0 | Episode 773 | Reward 52.00 | Epsilon 0.0396
Seed 0 | Episode 774 | Reward 46.00 | Epsilon 0.0395
Seed 0 | Episode 775 | Reward 64.00 | Epsilon 0.0395
Seed 0 | Episode 776 | Reward 53.00 | Epsilon 0.0394
Seed 0 | Episode 777 | Reward 49.00 | Epsilon 0.0393
Seed 0 | Episode 778 | Reward 41.00 | Epsilon 0.0393
Seed 0 | Episode 779 | Reward 15.00 | Epsilon 0.0392
Seed 0 | Episode 780 | Reward 42.00 | Epsilon 0.0391
Seed 0 | Episode 781 | Reward 57.00 | Epsilon 0.0390
Seed 0 | Episode 782 | Reward 53.00 | Epsilon 0.0390
Seed 0 | Episode 783 | Reward 52.00 | Epsilon 0.0389
Seed 0 | Episode 784 | Reward 58.00 | Epsilon 0.0389
Seed 0 | Episode 785 | Reward 57.00 | Epsilon 0.0388
Seed 0 | Episode 786 | Reward 51.00 | Epsilon 0.0388
Seed 0 | Episode 787 | Reward 44.00 | Epsilon 0.0387
Seed 0 | Episode 788 | Reward 56.00 | Epsilon 0.0387
Seed 0 | Episode 789 | Reward 45.00 | Epsilon 0.0386
Seed 0 | Episode 790 | Reward 43.00 | Epsilon 0.0385
Seed 0 | Episode 791 | Reward 52.00 | Epsilon 0.0385
Seed 0 | Episode 792 | Reward 64.00 | Epsilon 0.0384
Seed 0 | Episode 793 | Reward 63.00 | Epsilon 0.0384
Seed 0 | Episode 794 | Reward 44.00 | Epsilon 0.0383
Seed 0 | Episode 795 | Reward 49.00 | Epsilon 0.0383
Seed 0 | Episode 796 | Reward 49.00 | Epsilon 0.0382
Seed 0 | Episode 797 | Reward 40.00 | Epsilon 0.0381
Seed 0 | Episode 798 | Reward 43.00 | Epsilon 0.0381
Seed 0 | Episode 799 | Reward 52.00 | Epsilon 0.0380
Seed 0 | Episode 800 | Reward 53.00 | Epsilon 0.0379
Seed 0 | Episode 801 | Reward 57.00 | Epsilon 0.0379
Seed 0 | Episode 802 | Reward 46.00 | Epsilon 0.0378
Seed 0 | Episode 803 | Reward 58.00 | Epsilon 0.0378
Seed 0 | Episode 804 | Reward 54.00 | Epsilon 0.0377
Seed 0 | Episode 805 | Reward 40.00 | Epsilon 0.0377
Seed 0 | Episode 806 | Reward 49.00 | Epsilon 0.0376
Seed 0 | Episode 807 | Reward -16.00 | Epsilon 0.0375
Seed 0 | Episode 808 | Reward 49.00 | Epsilon 0.0374
Seed 0 | Episode 809 | Reward 61.00 | Epsilon 0.0374
Seed 0 | Episode 810 | Reward 49.00 | Epsilon 0.0373
Seed 0 | Episode 811 | Reward 50.00 | Epsilon 0.0373
Seed 0 | Episode 812 | Reward 50.00 | Epsilon 0.0372
Seed 0 | Episode 813 | Reward 49.00 | Epsilon 0.0371
Seed 0 | Episode 814 | Reward 42.00 | Epsilon 0.0371
Seed 0 | Episode 815 | Reward 47.00 | Epsilon 0.0370
Seed 0 | Episode 816 | Reward 62.00 | Epsilon 0.0370
Seed 0 | Episode 817 | Reward 38.00 | Epsilon 0.0369
Seed 0 | Episode 818 | Reward 52.00 | Epsilon 0.0368
Seed 0 | Episode 819 | Reward 37.00 | Epsilon 0.0368
Seed 0 | Episode 820 | Reward 51.00 | Epsilon 0.0367
Seed 0 | Episode 821 | Reward 60.00 | Epsilon 0.0367
Seed 0 | Episode 822 | Reward 41.00 | Epsilon 0.0366
Seed 0 | Episode 823 | Reward 52.00 | Epsilon 0.0366
Seed 0 | Episode 824 | Reward 46.00 | Epsilon 0.0365
Seed 0 | Episode 825 | Reward 59.00 | Epsilon 0.0364
Seed 0 | Episode 826 | Reward 42.00 | Epsilon 0.0364
Seed 0 | Episode 827 | Reward 47.00 | Epsilon 0.0363
Seed 0 | Episode 828 | Reward 49.00 | Epsilon 0.0363
Seed 0 | Episode 829 | Reward 46.00 | Epsilon 0.0362
Seed 0 | Episode 830 | Reward 48.00 | Epsilon 0.0362
Seed 0 | Episode 831 | Reward 44.00 | Epsilon 0.0361
Seed 0 | Episode 832 | Reward 59.00 | Epsilon 0.0360
Seed 0 | Episode 833 | Reward 58.00 | Epsilon 0.0360
Seed 0 | Episode 834 | Reward 39.00 | Epsilon 0.0359
Seed 0 | Episode 835 | Reward 39.00 | Epsilon 0.0359
Seed 0 | Episode 836 | Reward 44.00 | Epsilon 0.0358
Seed 0 | Episode 837 | Reward 52.00 | Epsilon 0.0357
Seed 0 | Episode 838 | Reward 51.00 | Epsilon 0.0357
Seed 0 | Episode 839 | Reward 57.00 | Epsilon 0.0356
Seed 0 | Episode 840 | Reward 41.00 | Epsilon 0.0356
Seed 0 | Episode 841 | Reward 41.00 | Epsilon 0.0355
Seed 0 | Episode 842 | Reward 36.00 | Epsilon 0.0355
Seed 0 | Episode 843 | Reward 53.00 | Epsilon 0.0354
Seed 0 | Episode 844 | Reward 41.00 | Epsilon 0.0353
Seed 0 | Episode 845 | Reward 53.00 | Epsilon 0.0353
Seed 0 | Episode 846 | Reward 46.00 | Epsilon 0.0352
Seed 0 | Episode 847 | Reward 48.00 | Epsilon 0.0352
Seed 0 | Episode 848 | Reward 60.00 | Epsilon 0.0351
Seed 0 | Episode 849 | Reward 46.00 | Epsilon 0.0351
Seed 0 | Episode 850 | Reward 42.00 | Epsilon 0.0350
Seed 0 | Episode 851 | Reward 41.00 | Epsilon 0.0349
Seed 0 | Episode 852 | Reward 40.00 | Epsilon 0.0349
Seed 0 | Episode 853 | Reward 51.00 | Epsilon 0.0348
Seed 0 | Episode 854 | Reward 52.00 | Epsilon 0.0348
Seed 0 | Episode 855 | Reward 39.00 | Epsilon 0.0347
Seed 0 | Episode 856 | Reward 46.00 | Epsilon 0.0347
Seed 0 | Episode 857 | Reward 58.00 | Epsilon 0.0346
Seed 0 | Episode 858 | Reward 48.00 | Epsilon 0.0346
Seed 0 | Episode 859 | Reward 56.00 | Epsilon 0.0345
Seed 0 | Episode 860 | Reward 37.00 | Epsilon 0.0344
Seed 0 | Episode 861 | Reward 48.00 | Epsilon 0.0344
Seed 0 | Episode 862 | Reward 45.00 | Epsilon 0.0343
Seed 0 | Episode 863 | Reward 42.00 | Epsilon 0.0343
Seed 0 | Episode 864 | Reward 57.00 | Epsilon 0.0342
Seed 0 | Episode 865 | Reward 47.00 | Epsilon 0.0342
Seed 0 | Episode 866 | Reward 48.00 | Epsilon 0.0341
Seed 0 | Episode 867 | Reward 50.00 | Epsilon 0.0341
Seed 0 | Episode 868 | Reward 48.00 | Epsilon 0.0340
Seed 0 | Episode 869 | Reward 50.00 | Epsilon 0.0340
Seed 0 | Episode 870 | Reward 60.00 | Epsilon 0.0339
Seed 0 | Episode 871 | Reward 60.00 | Epsilon 0.0339
Seed 0 | Episode 872 | Reward 61.00 | Epsilon 0.0338
Seed 0 | Episode 873 | Reward 54.00 | Epsilon 0.0338
Seed 0 | Episode 874 | Reward 29.00 | Epsilon 0.0337
Seed 0 | Episode 875 | Reward 46.00 | Epsilon 0.0337
Seed 0 | Episode 876 | Reward 41.00 | Epsilon 0.0336
Seed 0 | Episode 877 | Reward 50.00 | Epsilon 0.0335
Seed 0 | Episode 878 | Reward 36.00 | Epsilon 0.0335
Seed 0 | Episode 879 | Reward 60.00 | Epsilon 0.0334
Seed 0 | Episode 880 | Reward 62.00 | Epsilon 0.0334
Seed 0 | Episode 881 | Reward 49.00 | Epsilon 0.0333
Seed 0 | Episode 882 | Reward 45.00 | Epsilon 0.0333
Seed 0 | Episode 883 | Reward 60.00 | Epsilon 0.0333
Seed 0 | Episode 884 | Reward 56.00 | Epsilon 0.0332
Seed 0 | Episode 885 | Reward 51.00 | Epsilon 0.0332
Seed 0 | Episode 886 | Reward 44.00 | Epsilon 0.0331
Seed 0 | Episode 887 | Reward 53.00 | Epsilon 0.0331
Seed 0 | Episode 888 | Reward 64.00 | Epsilon 0.0330
Seed 0 | Episode 889 | Reward 42.00 | Epsilon 0.0330
Seed 0 | Episode 890 | Reward 52.00 | Epsilon 0.0329
Seed 0 | Episode 891 | Reward 34.00 | Epsilon 0.0328
Seed 0 | Episode 892 | Reward 54.00 | Epsilon 0.0328
Seed 0 | Episode 893 | Reward 53.00 | Epsilon 0.0327
Seed 0 | Episode 894 | Reward 54.00 | Epsilon 0.0327
Seed 0 | Episode 895 | Reward 51.00 | Epsilon 0.0327
Seed 0 | Episode 896 | Reward 54.00 | Epsilon 0.0326
Seed 0 | Episode 897 | Reward 37.00 | Epsilon 0.0325
Seed 0 | Episode 898 | Reward 56.00 | Epsilon 0.0325
Seed 0 | Episode 899 | Reward 36.00 | Epsilon 0.0324
Seed 0 | Episode 900 | Reward 65.00 | Epsilon 0.0324
Seed 0 | Episode 901 | Reward 48.00 | Epsilon 0.0324
Seed 0 | Episode 902 | Reward 41.00 | Epsilon 0.0323
Seed 0 | Episode 903 | Reward 56.00 | Epsilon 0.0322
Seed 0 | Episode 904 | Reward 52.00 | Epsilon 0.0322
Seed 0 | Episode 905 | Reward 57.00 | Epsilon 0.0322
Seed 0 | Episode 906 | Reward 58.00 | Epsilon 0.0321
Seed 0 | Episode 907 | Reward 62.00 | Epsilon 0.0321
Seed 0 | Episode 908 | Reward 35.00 | Epsilon 0.0320
Seed 0 | Episode 909 | Reward 38.00 | Epsilon 0.0320
Seed 0 | Episode 910 | Reward 34.00 | Epsilon 0.0319
Seed 0 | Episode 911 | Reward 62.00 | Epsilon 0.0319
Seed 0 | Episode 912 | Reward 55.00 | Epsilon 0.0318
Seed 0 | Episode 913 | Reward 52.00 | Epsilon 0.0318
Seed 0 | Episode 914 | Reward 51.00 | Epsilon 0.0317
Seed 0 | Episode 915 | Reward 61.00 | Epsilon 0.0317
Seed 0 | Episode 916 | Reward 49.00 | Epsilon 0.0316
Seed 0 | Episode 917 | Reward 41.00 | Epsilon 0.0316
Seed 0 | Episode 918 | Reward 43.00 | Epsilon 0.0315
Seed 0 | Episode 919 | Reward 61.00 | Epsilon 0.0315
Seed 0 | Episode 920 | Reward 34.00 | Epsilon 0.0314
Seed 0 | Episode 921 | Reward 48.00 | Epsilon 0.0314
Seed 0 | Episode 922 | Reward 63.00 | Epsilon 0.0313
Seed 0 | Episode 923 | Reward 45.00 | Epsilon 0.0313
Seed 0 | Episode 924 | Reward 52.00 | Epsilon 0.0312
Seed 0 | Episode 925 | Reward 63.00 | Epsilon 0.0312
Seed 0 | Episode 926 | Reward 36.00 | Epsilon 0.0311
Seed 0 | Episode 927 | Reward 49.00 | Epsilon 0.0311
Seed 0 | Episode 928 | Reward 42.00 | Epsilon 0.0310
Seed 0 | Episode 929 | Reward 58.00 | Epsilon 0.0310
Seed 0 | Episode 930 | Reward 55.00 | Epsilon 0.0310
Seed 0 | Episode 931 | Reward 37.00 | Epsilon 0.0309
Seed 0 | Episode 932 | Reward 46.00 | Epsilon 0.0308
Seed 0 | Episode 933 | Reward 58.00 | Epsilon 0.0308
Seed 0 | Episode 934 | Reward 45.00 | Epsilon 0.0307
Seed 0 | Episode 935 | Reward 57.00 | Epsilon 0.0307
Seed 0 | Episode 936 | Reward 43.00 | Epsilon 0.0307
Seed 0 | Episode 937 | Reward 56.00 | Epsilon 0.0306
Seed 0 | Episode 938 | Reward 55.00 | Epsilon 0.0306
Seed 0 | Episode 939 | Reward 49.00 | Epsilon 0.0305
Seed 0 | Episode 940 | Reward 59.00 | Epsilon 0.0305
Seed 0 | Episode 941 | Reward 49.00 | Epsilon 0.0304
Seed 0 | Episode 942 | Reward 59.00 | Epsilon 0.0304
Seed 0 | Episode 943 | Reward 62.00 | Epsilon 0.0304
Seed 0 | Episode 944 | Reward 34.00 | Epsilon 0.0303
Seed 0 | Episode 945 | Reward 56.00 | Epsilon 0.0303
Seed 0 | Episode 946 | Reward 43.00 | Epsilon 0.0302
Seed 0 | Episode 947 | Reward 33.00 | Epsilon 0.0301
Seed 0 | Episode 948 | Reward 55.00 | Epsilon 0.0301
Seed 0 | Episode 949 | Reward 64.00 | Epsilon 0.0301
Seed 0 | Episode 950 | Reward 43.00 | Epsilon 0.0300
Seed 0 | Episode 951 | Reward 53.00 | Epsilon 0.0300
Seed 0 | Episode 952 | Reward 46.00 | Epsilon 0.0299
Seed 0 | Episode 953 | Reward 53.00 | Epsilon 0.0299
Seed 0 | Episode 954 | Reward 35.00 | Epsilon 0.0298
Seed 0 | Episode 955 | Reward 52.00 | Epsilon 0.0298
Seed 0 | Episode 956 | Reward 49.00 | Epsilon 0.0297
Seed 0 | Episode 957 | Reward 52.00 | Epsilon 0.0297
Seed 0 | Episode 958 | Reward 61.00 | Epsilon 0.0297
Seed 0 | Episode 959 | Reward 44.00 | Epsilon 0.0296
Seed 0 | Episode 960 | Reward 62.00 | Epsilon 0.0296
Seed 0 | Episode 961 | Reward 37.00 | Epsilon 0.0295
Seed 0 | Episode 962 | Reward 58.00 | Epsilon 0.0295
Seed 0 | Episode 963 | Reward 46.00 | Epsilon 0.0294
Seed 0 | Episode 964 | Reward 63.00 | Epsilon 0.0294
Seed 0 | Episode 965 | Reward 41.00 | Epsilon 0.0293
Seed 0 | Episode 966 | Reward 35.00 | Epsilon 0.0293
Seed 0 | Episode 967 | Reward 57.00 | Epsilon 0.0292
Seed 0 | Episode 968 | Reward 57.00 | Epsilon 0.0292
Seed 0 | Episode 969 | Reward 56.00 | Epsilon 0.0292
Seed 0 | Episode 970 | Reward -50.00 | Epsilon 0.0290
Seed 0 | Episode 971 | Reward 50.00 | Epsilon 0.0290
Seed 0 | Episode 972 | Reward 64.00 | Epsilon 0.0290
Seed 0 | Episode 973 | Reward 50.00 | Epsilon 0.0289
Seed 0 | Episode 974 | Reward 54.00 | Epsilon 0.0289
Seed 0 | Episode 975 | Reward 48.00 | Epsilon 0.0288
Seed 0 | Episode 976 | Reward 55.00 | Epsilon 0.0288
Seed 0 | Episode 977 | Reward 54.00 | Epsilon 0.0287
Seed 0 | Episode 978 | Reward 58.00 | Epsilon 0.0287
Seed 0 | Episode 979 | Reward 59.00 | Epsilon 0.0287
Seed 0 | Episode 980 | Reward 55.00 | Epsilon 0.0286
Seed 0 | Episode 981 | Reward 32.00 | Epsilon 0.0286
Seed 0 | Episode 982 | Reward 50.00 | Epsilon 0.0285
Seed 0 | Episode 983 | Reward 55.00 | Epsilon 0.0285
Seed 0 | Episode 984 | Reward 52.00 | Epsilon 0.0284
Seed 0 | Episode 985 | Reward 59.00 | Epsilon 0.0284
Seed 0 | Episode 986 | Reward 38.00 | Epsilon 0.0284
Seed 0 | Episode 987 | Reward 44.00 | Epsilon 0.0283
Seed 0 | Episode 988 | Reward 58.00 | Epsilon 0.0283
Seed 0 | Episode 989 | Reward 47.00 | Epsilon 0.0282
Seed 0 | Episode 990 | Reward 52.00 | Epsilon 0.0282
Seed 0 | Episode 991 | Reward 56.00 | Epsilon 0.0282
Seed 0 | Episode 992 | Reward 51.00 | Epsilon 0.0281
Seed 0 | Episode 993 | Reward 54.00 | Epsilon 0.0281
Seed 0 | Episode 994 | Reward 59.00 | Epsilon 0.0280
Seed 0 | Episode 995 | Reward 49.00 | Epsilon 0.0280
Seed 0 | Episode 996 | Reward 34.00 | Epsilon 0.0279
Seed 0 | Episode 997 | Reward 43.00 | Epsilon 0.0279
Seed 0 | Episode 998 | Reward 64.00 | Epsilon 0.0279
Seed 0 | Episode 999 | Reward 41.00 | Epsilon 0.0278
Finished seed 0
