starting job
Sun Dec  7 19:44:34 2025       
+-----------------------------------------------------------------------------------------+
| NVIDIA-SMI 580.65.06              Driver Version: 580.65.06      CUDA Version: 13.0     |
+-----------------------------------------+------------------------+----------------------+
| GPU  Name                 Persistence-M | Bus-Id          Disp.A | Volatile Uncorr. ECC |
| Fan  Temp   Perf          Pwr:Usage/Cap |           Memory-Usage | GPU-Util  Compute M. |
|                                         |                        |               MIG M. |
|=========================================+========================+======================|
|   0  NVIDIA H100 80GB HBM3          On  |   00000000:4C:00.0 Off |                   On |
| N/A   24C    P0            118W /  700W |     488MiB /  81559MiB |     N/A      Default |
|                                         |                        |              Enabled |
+-----------------------------------------+------------------------+----------------------+

+-----------------------------------------------------------------------------------------+
| MIG devices:                                                                            |
+------------------+----------------------------------+-----------+-----------------------+
| GPU  GI  CI  MIG |              Shared Memory-Usage |        Vol|        Shared         |
|      ID  ID  Dev |                Shared BAR1-Usage | SM     Unc| CE ENC  DEC  OFA  JPG |
|                  |                                  |        ECC|                       |
|==================+==================================+===========+=======================|
|  0   14   0   0  |              15MiB /  9984MiB    | 16      0 |  1   0    1    0    1 |
|                  |               0MiB /  6185MiB    |           |                       |
+------------------+----------------------------------+-----------+-----------------------+

+-----------------------------------------------------------------------------------------+
| Processes:                                                                              |
|  GPU   GI   CI              PID   Type   Process name                        GPU Memory |
|        ID   ID                                                               Usage      |
|=========================================================================================|
|  No running processes found                                                             |
+-----------------------------------------------------------------------------------------+
Running seed 5
Gym has been unmaintained since 2022 and does not support NumPy 2.0 amongst other critical functionality.
Please upgrade to Gymnasium, the maintained drop-in replacement of Gym, or contact the authors of your software and request that they upgrade.
Users of this version of Gym should be able to simply replace 'import gym' with 'import gymnasium as gym' in the vast majority of cases.
See the migration guide at https://gymnasium.farama.org/introduction/migration_guide/ for additional information.
Seed 5 | Episode 0 | Reward -300.00 | Epsilon 0.9987
Seed 5 | Episode 1 | Reward -300.00 | Epsilon 0.9897
Seed 5 | Episode 2 | Reward -300.00 | Epsilon 0.9808
Seed 5 | Episode 3 | Reward -300.00 | Epsilon 0.9720
Seed 5 | Episode 4 | Reward -300.00 | Epsilon 0.9633
Seed 5 | Episode 5 | Reward -300.00 | Epsilon 0.9547
Seed 5 | Episode 6 | Reward -300.00 | Epsilon 0.9462
Seed 5 | Episode 7 | Reward -300.00 | Epsilon 0.9377
Seed 5 | Episode 8 | Reward -300.00 | Epsilon 0.9293
Seed 5 | Episode 9 | Reward -300.00 | Epsilon 0.9209
Seed 5 | Episode 10 | Reward -300.00 | Epsilon 0.9127
Seed 5 | Episode 11 | Reward -300.00 | Epsilon 0.9045
Seed 5 | Episode 12 | Reward -300.00 | Epsilon 0.8964
Seed 5 | Episode 13 | Reward -300.00 | Epsilon 0.8884
Seed 5 | Episode 14 | Reward -300.00 | Epsilon 0.8804
Seed 5 | Episode 15 | Reward -300.00 | Epsilon 0.8725
Seed 5 | Episode 16 | Reward -300.00 | Epsilon 0.8647
Seed 5 | Episode 17 | Reward -300.00 | Epsilon 0.8570
Seed 5 | Episode 18 | Reward -300.00 | Epsilon 0.8493
Seed 5 | Episode 19 | Reward -300.00 | Epsilon 0.8417
Seed 5 | Episode 20 | Reward -300.00 | Epsilon 0.8341
Seed 5 | Episode 21 | Reward -300.00 | Epsilon 0.8267
Seed 5 | Episode 22 | Reward -300.00 | Epsilon 0.8193
Seed 5 | Episode 23 | Reward -300.00 | Epsilon 0.8119
Seed 5 | Episode 24 | Reward -300.00 | Epsilon 0.8046
Seed 5 | Episode 25 | Reward -300.00 | Epsilon 0.7974
Seed 5 | Episode 26 | Reward -300.00 | Epsilon 0.7903
Seed 5 | Episode 27 | Reward -300.00 | Epsilon 0.7832
Seed 5 | Episode 28 | Reward -300.00 | Epsilon 0.7762
Seed 5 | Episode 29 | Reward -300.00 | Epsilon 0.7692
Seed 5 | Episode 30 | Reward -300.00 | Epsilon 0.7623
Seed 5 | Episode 31 | Reward -300.00 | Epsilon 0.7555
Seed 5 | Episode 32 | Reward -300.00 | Epsilon 0.7487
Seed 5 | Episode 33 | Reward -300.00 | Epsilon 0.7420
Seed 5 | Episode 34 | Reward -300.00 | Epsilon 0.7354
Seed 5 | Episode 35 | Reward -300.00 | Epsilon 0.7288
Seed 5 | Episode 36 | Reward -300.00 | Epsilon 0.7223
Seed 5 | Episode 37 | Reward -300.00 | Epsilon 0.7158
Seed 5 | Episode 38 | Reward -300.00 | Epsilon 0.7094
Seed 5 | Episode 39 | Reward -300.00 | Epsilon 0.7030
Seed 5 | Episode 40 | Reward -300.00 | Epsilon 0.6967
Seed 5 | Episode 41 | Reward -300.00 | Epsilon 0.6905
Seed 5 | Episode 42 | Reward -300.00 | Epsilon 0.6843
Seed 5 | Episode 43 | Reward -300.00 | Epsilon 0.6782
Seed 5 | Episode 44 | Reward -300.00 | Epsilon 0.6721
Seed 5 | Episode 45 | Reward -300.00 | Epsilon 0.6661
Seed 5 | Episode 46 | Reward -300.00 | Epsilon 0.6601
Seed 5 | Episode 47 | Reward -300.00 | Epsilon 0.6542
Seed 5 | Episode 48 | Reward -300.00 | Epsilon 0.6483
Seed 5 | Episode 49 | Reward -300.00 | Epsilon 0.6425
Seed 5 | Episode 50 | Reward -300.00 | Epsilon 0.6368
Seed 5 | Episode 51 | Reward -300.00 | Epsilon 0.6311
Seed 5 | Episode 52 | Reward -300.00 | Epsilon 0.6254
Seed 5 | Episode 53 | Reward -300.00 | Epsilon 0.6198
Seed 5 | Episode 54 | Reward -300.00 | Epsilon 0.6142
Seed 5 | Episode 55 | Reward -300.00 | Epsilon 0.6087
Seed 5 | Episode 56 | Reward -300.00 | Epsilon 0.6033
Seed 5 | Episode 57 | Reward -300.00 | Epsilon 0.5979
Seed 5 | Episode 58 | Reward -300.00 | Epsilon 0.5925
Seed 5 | Episode 59 | Reward -300.00 | Epsilon 0.5872
Seed 5 | Episode 60 | Reward -300.00 | Epsilon 0.5820
Seed 5 | Episode 61 | Reward -300.00 | Epsilon 0.5767
Seed 5 | Episode 62 | Reward -300.00 | Epsilon 0.5716
Seed 5 | Episode 63 | Reward -300.00 | Epsilon 0.5665
Seed 5 | Episode 64 | Reward -300.00 | Epsilon 0.5614
Seed 5 | Episode 65 | Reward -300.00 | Epsilon 0.5563
Seed 5 | Episode 66 | Reward -300.00 | Epsilon 0.5514
Seed 5 | Episode 67 | Reward -300.00 | Epsilon 0.5464
Seed 5 | Episode 68 | Reward -300.00 | Epsilon 0.5415
Seed 5 | Episode 69 | Reward 9.00 | Epsilon 0.5400
Seed 5 | Episode 70 | Reward -300.00 | Epsilon 0.5352
Seed 5 | Episode 71 | Reward -300.00 | Epsilon 0.5304
Seed 5 | Episode 72 | Reward -300.00 | Epsilon 0.5257
Seed 5 | Episode 73 | Reward -300.00 | Epsilon 0.5209
Seed 5 | Episode 74 | Reward -300.00 | Epsilon 0.5163
Seed 5 | Episode 75 | Reward -300.00 | Epsilon 0.5116
Seed 5 | Episode 76 | Reward -300.00 | Epsilon 0.5071
Seed 5 | Episode 77 | Reward -300.00 | Epsilon 0.5025
Seed 5 | Episode 78 | Reward -300.00 | Epsilon 0.4980
Seed 5 | Episode 79 | Reward -300.00 | Epsilon 0.4936
Seed 5 | Episode 80 | Reward -300.00 | Epsilon 0.4891
Seed 5 | Episode 81 | Reward -300.00 | Epsilon 0.4848
Seed 5 | Episode 82 | Reward -300.00 | Epsilon 0.4804
Seed 5 | Episode 83 | Reward -300.00 | Epsilon 0.4761
Seed 5 | Episode 84 | Reward -300.00 | Epsilon 0.4718
Seed 5 | Episode 85 | Reward -300.00 | Epsilon 0.4676
Seed 5 | Episode 86 | Reward -300.00 | Epsilon 0.4634
Seed 5 | Episode 87 | Reward -300.00 | Epsilon 0.4593
Seed 5 | Episode 88 | Reward -300.00 | Epsilon 0.4552
Seed 5 | Episode 89 | Reward -300.00 | Epsilon 0.4511
Seed 5 | Episode 90 | Reward -300.00 | Epsilon 0.4470
Seed 5 | Episode 91 | Reward -300.00 | Epsilon 0.4430
Seed 5 | Episode 92 | Reward -300.00 | Epsilon 0.4391
Seed 5 | Episode 93 | Reward -300.00 | Epsilon 0.4351
Seed 5 | Episode 94 | Reward -300.00 | Epsilon 0.4312
Seed 5 | Episode 95 | Reward -300.00 | Epsilon 0.4274
Seed 5 | Episode 96 | Reward -300.00 | Epsilon 0.4235
Seed 5 | Episode 97 | Reward -300.00 | Epsilon 0.4197
Seed 5 | Episode 98 | Reward -300.00 | Epsilon 0.4160
Seed 5 | Episode 99 | Reward -300.00 | Epsilon 0.4123
Seed 5 | Episode 100 | Reward -300.00 | Epsilon 0.4086
Seed 5 | Episode 101 | Reward -300.00 | Epsilon 0.4049
Seed 5 | Episode 102 | Reward -300.00 | Epsilon 0.4013
Seed 5 | Episode 103 | Reward -300.00 | Epsilon 0.3977
Seed 5 | Episode 104 | Reward -300.00 | Epsilon 0.3941
Seed 5 | Episode 105 | Reward -300.00 | Epsilon 0.3906
Seed 5 | Episode 106 | Reward -300.00 | Epsilon 0.3871
Seed 5 | Episode 107 | Reward -300.00 | Epsilon 0.3836
Seed 5 | Episode 108 | Reward -300.00 | Epsilon 0.3802
Seed 5 | Episode 109 | Reward -300.00 | Epsilon 0.3768
Seed 5 | Episode 110 | Reward -300.00 | Epsilon 0.3734
Seed 5 | Episode 111 | Reward -300.00 | Epsilon 0.3700
Seed 5 | Episode 112 | Reward -300.00 | Epsilon 0.3667
Seed 5 | Episode 113 | Reward -300.00 | Epsilon 0.3634
Seed 5 | Episode 114 | Reward -300.00 | Epsilon 0.3602
Seed 5 | Episode 115 | Reward -300.00 | Epsilon 0.3570
Seed 5 | Episode 116 | Reward -300.00 | Epsilon 0.3538
Seed 5 | Episode 117 | Reward -300.00 | Epsilon 0.3506
Seed 5 | Episode 118 | Reward -300.00 | Epsilon 0.3475
Seed 5 | Episode 119 | Reward -300.00 | Epsilon 0.3443
Seed 5 | Episode 120 | Reward -300.00 | Epsilon 0.3413
Seed 5 | Episode 121 | Reward -300.00 | Epsilon 0.3382
Seed 5 | Episode 122 | Reward -300.00 | Epsilon 0.3352
Seed 5 | Episode 123 | Reward -300.00 | Epsilon 0.3322
Seed 5 | Episode 124 | Reward -300.00 | Epsilon 0.3292
Seed 5 | Episode 125 | Reward -300.00 | Epsilon 0.3262
Seed 5 | Episode 126 | Reward -300.00 | Epsilon 0.3233
Seed 5 | Episode 127 | Reward -300.00 | Epsilon 0.3204
Seed 5 | Episode 128 | Reward -300.00 | Epsilon 0.3175
Seed 5 | Episode 129 | Reward -300.00 | Epsilon 0.3147
Seed 5 | Episode 130 | Reward -300.00 | Epsilon 0.3119
Seed 5 | Episode 131 | Reward -300.00 | Epsilon 0.3091
Seed 5 | Episode 132 | Reward -300.00 | Epsilon 0.3063
Seed 5 | Episode 133 | Reward -300.00 | Epsilon 0.3036
Seed 5 | Episode 134 | Reward -300.00 | Epsilon 0.3009
Seed 5 | Episode 135 | Reward -300.00 | Epsilon 0.2982
Seed 5 | Episode 136 | Reward -300.00 | Epsilon 0.2955
Seed 5 | Episode 137 | Reward -300.00 | Epsilon 0.2928
Seed 5 | Episode 138 | Reward -300.00 | Epsilon 0.2902
Seed 5 | Episode 139 | Reward -300.00 | Epsilon 0.2876
Seed 5 | Episode 140 | Reward -300.00 | Epsilon 0.2850
Seed 5 | Episode 141 | Reward -300.00 | Epsilon 0.2825
Seed 5 | Episode 142 | Reward -300.00 | Epsilon 0.2800
Seed 5 | Episode 143 | Reward -300.00 | Epsilon 0.2774
Seed 5 | Episode 144 | Reward -300.00 | Epsilon 0.2750
Seed 5 | Episode 145 | Reward -300.00 | Epsilon 0.2725
Seed 5 | Episode 146 | Reward -300.00 | Epsilon 0.2701
Seed 5 | Episode 147 | Reward -300.00 | Epsilon 0.2676
Seed 5 | Episode 148 | Reward -300.00 | Epsilon 0.2652
Seed 5 | Episode 149 | Reward -300.00 | Epsilon 0.2629
Seed 5 | Episode 150 | Reward -300.00 | Epsilon 0.2605
Seed 5 | Episode 151 | Reward -300.00 | Epsilon 0.2582
Seed 5 | Episode 152 | Reward -300.00 | Epsilon 0.2559
Seed 5 | Episode 153 | Reward -300.00 | Epsilon 0.2536
Seed 5 | Episode 154 | Reward -300.00 | Epsilon 0.2513
Seed 5 | Episode 155 | Reward -300.00 | Epsilon 0.2490
Seed 5 | Episode 156 | Reward -300.00 | Epsilon 0.2468
Seed 5 | Episode 157 | Reward -300.00 | Epsilon 0.2446
Seed 5 | Episode 158 | Reward -300.00 | Epsilon 0.2424
Seed 5 | Episode 159 | Reward -300.00 | Epsilon 0.2402
Seed 5 | Episode 160 | Reward -300.00 | Epsilon 0.2381
Seed 5 | Episode 161 | Reward -300.00 | Epsilon 0.2360
Seed 5 | Episode 162 | Reward -300.00 | Epsilon 0.2338
Seed 5 | Episode 163 | Reward -300.00 | Epsilon 0.2317
Seed 5 | Episode 164 | Reward -300.00 | Epsilon 0.2297
Seed 5 | Episode 165 | Reward -300.00 | Epsilon 0.2276
Seed 5 | Episode 166 | Reward -300.00 | Epsilon 0.2256
Seed 5 | Episode 167 | Reward -300.00 | Epsilon 0.2235
Seed 5 | Episode 168 | Reward -300.00 | Epsilon 0.2215
Seed 5 | Episode 169 | Reward -300.00 | Epsilon 0.2196
Seed 5 | Episode 170 | Reward -300.00 | Epsilon 0.2176
Seed 5 | Episode 171 | Reward -300.00 | Epsilon 0.2156
Seed 5 | Episode 172 | Reward -300.00 | Epsilon 0.2137
Seed 5 | Episode 173 | Reward -300.00 | Epsilon 0.2118
Seed 5 | Episode 174 | Reward -300.00 | Epsilon 0.2099
Seed 5 | Episode 175 | Reward -300.00 | Epsilon 0.2080
Seed 5 | Episode 176 | Reward -300.00 | Epsilon 0.2062
Seed 5 | Episode 177 | Reward -300.00 | Epsilon 0.2043
Seed 5 | Episode 178 | Reward -300.00 | Epsilon 0.2025
Seed 5 | Episode 179 | Reward -300.00 | Epsilon 0.2007
Seed 5 | Episode 180 | Reward -300.00 | Epsilon 0.1989
Seed 5 | Episode 181 | Reward 44.00 | Epsilon 0.1985
Seed 5 | Episode 182 | Reward -68.00 | Epsilon 0.1975
Seed 5 | Episode 183 | Reward -300.00 | Epsilon 0.1958
Seed 5 | Episode 184 | Reward -300.00 | Epsilon 0.1940
Seed 5 | Episode 185 | Reward -300.00 | Epsilon 0.1923
Seed 5 | Episode 186 | Reward -300.00 | Epsilon 0.1905
Seed 5 | Episode 187 | Reward 39.00 | Epsilon 0.1902
Seed 5 | Episode 188 | Reward -300.00 | Epsilon 0.1885
Seed 5 | Episode 189 | Reward -300.00 | Epsilon 0.1868
Seed 5 | Episode 190 | Reward -300.00 | Epsilon 0.1851
Seed 5 | Episode 191 | Reward -300.00 | Epsilon 0.1835
Seed 5 | Episode 192 | Reward -300.00 | Epsilon 0.1818
Seed 5 | Episode 193 | Reward -300.00 | Epsilon 0.1802
Seed 5 | Episode 194 | Reward -300.00 | Epsilon 0.1786
Seed 5 | Episode 195 | Reward -300.00 | Epsilon 0.1770
Seed 5 | Episode 196 | Reward -300.00 | Epsilon 0.1754
Seed 5 | Episode 197 | Reward -300.00 | Epsilon 0.1738
Seed 5 | Episode 198 | Reward -300.00 | Epsilon 0.1723
Seed 5 | Episode 199 | Reward -300.00 | Epsilon 0.1707
Seed 5 | Episode 200 | Reward -300.00 | Epsilon 0.1692
Seed 5 | Episode 201 | Reward -300.00 | Epsilon 0.1677
Seed 5 | Episode 202 | Reward -300.00 | Epsilon 0.1662
Seed 5 | Episode 203 | Reward -300.00 | Epsilon 0.1647
Seed 5 | Episode 204 | Reward -300.00 | Epsilon 0.1632
Seed 5 | Episode 205 | Reward -300.00 | Epsilon 0.1617
Seed 5 | Episode 206 | Reward -300.00 | Epsilon 0.1603
Seed 5 | Episode 207 | Reward -300.00 | Epsilon 0.1589
Seed 5 | Episode 208 | Reward -300.00 | Epsilon 0.1574
Seed 5 | Episode 209 | Reward -300.00 | Epsilon 0.1560
Seed 5 | Episode 210 | Reward -300.00 | Epsilon 0.1546
Seed 5 | Episode 211 | Reward -300.00 | Epsilon 0.1532
Seed 5 | Episode 212 | Reward -300.00 | Epsilon 0.1519
Seed 5 | Episode 213 | Reward -300.00 | Epsilon 0.1505
Seed 5 | Episode 214 | Reward -300.00 | Epsilon 0.1492
Seed 5 | Episode 215 | Reward -300.00 | Epsilon 0.1478
Seed 5 | Episode 216 | Reward -300.00 | Epsilon 0.1465
Seed 5 | Episode 217 | Reward -300.00 | Epsilon 0.1452
Seed 5 | Episode 218 | Reward -300.00 | Epsilon 0.1439
Seed 5 | Episode 219 | Reward -300.00 | Epsilon 0.1426
Seed 5 | Episode 220 | Reward -300.00 | Epsilon 0.1413
Seed 5 | Episode 221 | Reward -300.00 | Epsilon 0.1400
Seed 5 | Episode 222 | Reward -300.00 | Epsilon 0.1388
Seed 5 | Episode 223 | Reward -300.00 | Epsilon 0.1375
Seed 5 | Episode 224 | Reward -300.00 | Epsilon 0.1363
Seed 5 | Episode 225 | Reward -300.00 | Epsilon 0.1351
Seed 5 | Episode 226 | Reward -300.00 | Epsilon 0.1339
Seed 5 | Episode 227 | Reward -300.00 | Epsilon 0.1327
Seed 5 | Episode 228 | Reward -300.00 | Epsilon 0.1315
Seed 5 | Episode 229 | Reward -300.00 | Epsilon 0.1303
Seed 5 | Episode 230 | Reward -300.00 | Epsilon 0.1292
Seed 5 | Episode 231 | Reward -300.00 | Epsilon 0.1280
Seed 5 | Episode 232 | Reward -300.00 | Epsilon 0.1268
Seed 5 | Episode 233 | Reward -300.00 | Epsilon 0.1257
Seed 5 | Episode 234 | Reward -300.00 | Epsilon 0.1246
Seed 5 | Episode 235 | Reward -300.00 | Epsilon 0.1235
Seed 5 | Episode 236 | Reward -300.00 | Epsilon 0.1224
Seed 5 | Episode 237 | Reward -300.00 | Epsilon 0.1213
Seed 5 | Episode 238 | Reward -300.00 | Epsilon 0.1202
Seed 5 | Episode 239 | Reward -300.00 | Epsilon 0.1191
Seed 5 | Episode 240 | Reward -300.00 | Epsilon 0.1180
Seed 5 | Episode 241 | Reward -300.00 | Epsilon 0.1170
Seed 5 | Episode 242 | Reward -300.00 | Epsilon 0.1159
Seed 5 | Episode 243 | Reward -300.00 | Epsilon 0.1149
Seed 5 | Episode 244 | Reward -300.00 | Epsilon 0.1139
Seed 5 | Episode 245 | Reward -300.00 | Epsilon 0.1128
Seed 5 | Episode 246 | Reward -300.00 | Epsilon 0.1118
Seed 5 | Episode 247 | Reward -300.00 | Epsilon 0.1108
Seed 5 | Episode 248 | Reward -300.00 | Epsilon 0.1098
Seed 5 | Episode 249 | Reward -300.00 | Epsilon 0.1089
Seed 5 | Episode 250 | Reward -300.00 | Epsilon 0.1079
Seed 5 | Episode 251 | Reward -300.00 | Epsilon 0.1069
Seed 5 | Episode 252 | Reward -300.00 | Epsilon 0.1060
Seed 5 | Episode 253 | Reward -300.00 | Epsilon 0.1050
Seed 5 | Episode 254 | Reward -300.00 | Epsilon 0.1041
Seed 5 | Episode 255 | Reward -300.00 | Epsilon 0.1031
Seed 5 | Episode 256 | Reward -300.00 | Epsilon 0.1022
Seed 5 | Episode 257 | Reward -46.00 | Epsilon 0.1018
Seed 5 | Episode 258 | Reward -300.00 | Epsilon 0.1008
Seed 5 | Episode 259 | Reward -300.00 | Epsilon 0.0999
Seed 5 | Episode 260 | Reward -300.00 | Epsilon 0.0990
Seed 5 | Episode 261 | Reward -300.00 | Epsilon 0.0982
Seed 5 | Episode 262 | Reward -300.00 | Epsilon 0.0973
Seed 5 | Episode 263 | Reward -300.00 | Epsilon 0.0964
Seed 5 | Episode 264 | Reward -300.00 | Epsilon 0.0955
Seed 5 | Episode 265 | Reward -300.00 | Epsilon 0.0947
Seed 5 | Episode 266 | Reward -300.00 | Epsilon 0.0938
Seed 5 | Episode 267 | Reward -300.00 | Epsilon 0.0930
Seed 5 | Episode 268 | Reward -300.00 | Epsilon 0.0922
Seed 5 | Episode 269 | Reward -300.00 | Epsilon 0.0913
Seed 5 | Episode 270 | Reward -300.00 | Epsilon 0.0905
Seed 5 | Episode 271 | Reward -300.00 | Epsilon 0.0897
Seed 5 | Episode 272 | Reward -300.00 | Epsilon 0.0889
Seed 5 | Episode 273 | Reward -300.00 | Epsilon 0.0881
Seed 5 | Episode 274 | Reward -300.00 | Epsilon 0.0873
Seed 5 | Episode 275 | Reward -300.00 | Epsilon 0.0865
Seed 5 | Episode 276 | Reward -300.00 | Epsilon 0.0858
Seed 5 | Episode 277 | Reward -300.00 | Epsilon 0.0850
Seed 5 | Episode 278 | Reward -300.00 | Epsilon 0.0842
Seed 5 | Episode 279 | Reward -300.00 | Epsilon 0.0835
Seed 5 | Episode 280 | Reward -300.00 | Epsilon 0.0827
Seed 5 | Episode 281 | Reward -300.00 | Epsilon 0.0820
Seed 5 | Episode 282 | Reward -300.00 | Epsilon 0.0813
Seed 5 | Episode 283 | Reward -300.00 | Epsilon 0.0805
Seed 5 | Episode 284 | Reward -300.00 | Epsilon 0.0798
Seed 5 | Episode 285 | Reward -300.00 | Epsilon 0.0791
Seed 5 | Episode 286 | Reward -300.00 | Epsilon 0.0784
Seed 5 | Episode 287 | Reward -300.00 | Epsilon 0.0777
Seed 5 | Episode 288 | Reward -300.00 | Epsilon 0.0770
Seed 5 | Episode 289 | Reward -300.00 | Epsilon 0.0763
Seed 5 | Episode 290 | Reward -300.00 | Epsilon 0.0756
Seed 5 | Episode 291 | Reward -300.00 | Epsilon 0.0749
Seed 5 | Episode 292 | Reward -300.00 | Epsilon 0.0743
Seed 5 | Episode 293 | Reward -300.00 | Epsilon 0.0736
Seed 5 | Episode 294 | Reward -300.00 | Epsilon 0.0729
Seed 5 | Episode 295 | Reward -300.00 | Epsilon 0.0723
Seed 5 | Episode 296 | Reward -300.00 | Epsilon 0.0716
Seed 5 | Episode 297 | Reward -300.00 | Epsilon 0.0710
Seed 5 | Episode 298 | Reward -300.00 | Epsilon 0.0704
Seed 5 | Episode 299 | Reward -300.00 | Epsilon 0.0697
Seed 5 | Episode 300 | Reward -300.00 | Epsilon 0.0691
Seed 5 | Episode 301 | Reward -300.00 | Epsilon 0.0685
Seed 5 | Episode 302 | Reward -300.00 | Epsilon 0.0679
Seed 5 | Episode 303 | Reward -300.00 | Epsilon 0.0673
Seed 5 | Episode 304 | Reward -300.00 | Epsilon 0.0667
Seed 5 | Episode 305 | Reward -300.00 | Epsilon 0.0661
Seed 5 | Episode 306 | Reward -300.00 | Epsilon 0.0655
Seed 5 | Episode 307 | Reward -300.00 | Epsilon 0.0649
Seed 5 | Episode 308 | Reward -300.00 | Epsilon 0.0643
Seed 5 | Episode 309 | Reward -300.00 | Epsilon 0.0637
Seed 5 | Episode 310 | Reward -300.00 | Epsilon 0.0632
Seed 5 | Episode 311 | Reward -300.00 | Epsilon 0.0626
Seed 5 | Episode 312 | Reward -300.00 | Epsilon 0.0620
Seed 5 | Episode 313 | Reward -300.00 | Epsilon 0.0615
Seed 5 | Episode 314 | Reward -300.00 | Epsilon 0.0609
Seed 5 | Episode 315 | Reward -300.00 | Epsilon 0.0604
Seed 5 | Episode 316 | Reward -300.00 | Epsilon 0.0598
Seed 5 | Episode 317 | Reward -300.00 | Epsilon 0.0593
Seed 5 | Episode 318 | Reward -300.00 | Epsilon 0.0588
Seed 5 | Episode 319 | Reward -300.00 | Epsilon 0.0582
Seed 5 | Episode 320 | Reward -300.00 | Epsilon 0.0577
Seed 5 | Episode 321 | Reward -300.00 | Epsilon 0.0572
Seed 5 | Episode 322 | Reward -300.00 | Epsilon 0.0567
Seed 5 | Episode 323 | Reward -300.00 | Epsilon 0.0562
Seed 5 | Episode 324 | Reward -300.00 | Epsilon 0.0557
Seed 5 | Episode 325 | Reward -300.00 | Epsilon 0.0552
Seed 5 | Episode 326 | Reward -300.00 | Epsilon 0.0547
Seed 5 | Episode 327 | Reward -300.00 | Epsilon 0.0542
Seed 5 | Episode 328 | Reward -300.00 | Epsilon 0.0537
Seed 5 | Episode 329 | Reward -300.00 | Epsilon 0.0532
Seed 5 | Episode 330 | Reward -300.00 | Epsilon 0.0527
Seed 5 | Episode 331 | Reward -300.00 | Epsilon 0.0523
Seed 5 | Episode 332 | Reward -300.00 | Epsilon 0.0518
Seed 5 | Episode 333 | Reward -300.00 | Epsilon 0.0513
Seed 5 | Episode 334 | Reward -300.00 | Epsilon 0.0509
Seed 5 | Episode 335 | Reward -300.00 | Epsilon 0.0504
Seed 5 | Episode 336 | Reward -300.00 | Epsilon 0.0500
Seed 5 | Episode 337 | Reward -300.00 | Epsilon 0.0495
Seed 5 | Episode 338 | Reward -300.00 | Epsilon 0.0491
Seed 5 | Episode 339 | Reward -300.00 | Epsilon 0.0486
Seed 5 | Episode 340 | Reward -300.00 | Epsilon 0.0482
Seed 5 | Episode 341 | Reward -300.00 | Epsilon 0.0478
Seed 5 | Episode 342 | Reward -300.00 | Epsilon 0.0473
Seed 5 | Episode 343 | Reward -300.00 | Epsilon 0.0469
Seed 5 | Episode 344 | Reward -300.00 | Epsilon 0.0465
Seed 5 | Episode 345 | Reward -95.00 | Epsilon 0.0462
Seed 5 | Episode 346 | Reward -300.00 | Epsilon 0.0458
Seed 5 | Episode 347 | Reward -300.00 | Epsilon 0.0454
Seed 5 | Episode 348 | Reward -300.00 | Epsilon 0.0450
Seed 5 | Episode 349 | Reward -300.00 | Epsilon 0.0446
Seed 5 | Episode 350 | Reward -300.00 | Epsilon 0.0442
Seed 5 | Episode 351 | Reward -300.00 | Epsilon 0.0438
Seed 5 | Episode 352 | Reward -300.00 | Epsilon 0.0434
Seed 5 | Episode 353 | Reward -300.00 | Epsilon 0.0430
Seed 5 | Episode 354 | Reward -300.00 | Epsilon 0.0426
Seed 5 | Episode 355 | Reward -300.00 | Epsilon 0.0423
Seed 5 | Episode 356 | Reward -300.00 | Epsilon 0.0419
Seed 5 | Episode 357 | Reward -300.00 | Epsilon 0.0415
Seed 5 | Episode 358 | Reward -300.00 | Epsilon 0.0411
Seed 5 | Episode 359 | Reward -300.00 | Epsilon 0.0408
Seed 5 | Episode 360 | Reward -300.00 | Epsilon 0.0404
Seed 5 | Episode 361 | Reward -300.00 | Epsilon 0.0400
Seed 5 | Episode 362 | Reward -300.00 | Epsilon 0.0397
Seed 5 | Episode 363 | Reward -300.00 | Epsilon 0.0393
Seed 5 | Episode 364 | Reward -300.00 | Epsilon 0.0390
Seed 5 | Episode 365 | Reward -300.00 | Epsilon 0.0386
Seed 5 | Episode 366 | Reward -300.00 | Epsilon 0.0383
Seed 5 | Episode 367 | Reward -300.00 | Epsilon 0.0379
Seed 5 | Episode 368 | Reward -300.00 | Epsilon 0.0376
Seed 5 | Episode 369 | Reward -300.00 | Epsilon 0.0373
Seed 5 | Episode 370 | Reward -300.00 | Epsilon 0.0369
Seed 5 | Episode 371 | Reward -300.00 | Epsilon 0.0366
Seed 5 | Episode 372 | Reward -300.00 | Epsilon 0.0363
Seed 5 | Episode 373 | Reward -300.00 | Epsilon 0.0359
Seed 5 | Episode 374 | Reward -300.00 | Epsilon 0.0356
Seed 5 | Episode 375 | Reward -300.00 | Epsilon 0.0353
Seed 5 | Episode 376 | Reward -300.00 | Epsilon 0.0350
Seed 5 | Episode 377 | Reward -300.00 | Epsilon 0.0347
Seed 5 | Episode 378 | Reward -300.00 | Epsilon 0.0344
Seed 5 | Episode 379 | Reward -300.00 | Epsilon 0.0340
Seed 5 | Episode 380 | Reward -300.00 | Epsilon 0.0337
Seed 5 | Episode 381 | Reward -300.00 | Epsilon 0.0334
Seed 5 | Episode 382 | Reward -300.00 | Epsilon 0.0331
Seed 5 | Episode 383 | Reward -300.00 | Epsilon 0.0328
Seed 5 | Episode 384 | Reward -300.00 | Epsilon 0.0325
Seed 5 | Episode 385 | Reward -300.00 | Epsilon 0.0323
Seed 5 | Episode 386 | Reward -300.00 | Epsilon 0.0320
Seed 5 | Episode 387 | Reward -300.00 | Epsilon 0.0317
Seed 5 | Episode 388 | Reward -300.00 | Epsilon 0.0314
Seed 5 | Episode 389 | Reward -300.00 | Epsilon 0.0311
Seed 5 | Episode 390 | Reward -300.00 | Epsilon 0.0308
Seed 5 | Episode 391 | Reward -300.00 | Epsilon 0.0306
Seed 5 | Episode 392 | Reward -300.00 | Epsilon 0.0303
Seed 5 | Episode 393 | Reward -300.00 | Epsilon 0.0300
Seed 5 | Episode 394 | Reward -300.00 | Epsilon 0.0297
Seed 5 | Episode 395 | Reward -300.00 | Epsilon 0.0295
Seed 5 | Episode 396 | Reward -300.00 | Epsilon 0.0292
Seed 5 | Episode 397 | Reward -169.00 | Epsilon 0.0290
Seed 5 | Episode 398 | Reward -300.00 | Epsilon 0.0287
Seed 5 | Episode 399 | Reward -300.00 | Epsilon 0.0285
Seed 5 | Episode 400 | Reward -300.00 | Epsilon 0.0282
Seed 5 | Episode 401 | Reward -300.00 | Epsilon 0.0280
Seed 5 | Episode 402 | Reward -300.00 | Epsilon 0.0277
Seed 5 | Episode 403 | Reward -300.00 | Epsilon 0.0275
Seed 5 | Episode 404 | Reward -300.00 | Epsilon 0.0272
Seed 5 | Episode 405 | Reward -300.00 | Epsilon 0.0270
Seed 5 | Episode 406 | Reward -300.00 | Epsilon 0.0267
Seed 5 | Episode 407 | Reward -300.00 | Epsilon 0.0265
Seed 5 | Episode 408 | Reward -300.00 | Epsilon 0.0262
Seed 5 | Episode 409 | Reward -300.00 | Epsilon 0.0260
Seed 5 | Episode 410 | Reward -300.00 | Epsilon 0.0258
Seed 5 | Episode 411 | Reward -300.00 | Epsilon 0.0255
Seed 5 | Episode 412 | Reward -300.00 | Epsilon 0.0253
Seed 5 | Episode 413 | Reward -300.00 | Epsilon 0.0251
Seed 5 | Episode 414 | Reward -300.00 | Epsilon 0.0249
Seed 5 | Episode 415 | Reward -300.00 | Epsilon 0.0246
Seed 5 | Episode 416 | Reward -300.00 | Epsilon 0.0244
Seed 5 | Episode 417 | Reward -300.00 | Epsilon 0.0242
Seed 5 | Episode 418 | Reward -300.00 | Epsilon 0.0240
Seed 5 | Episode 419 | Reward -300.00 | Epsilon 0.0238
Seed 5 | Episode 420 | Reward -300.00 | Epsilon 0.0236
Seed 5 | Episode 421 | Reward -300.00 | Epsilon 0.0233
Seed 5 | Episode 422 | Reward -300.00 | Epsilon 0.0231
Seed 5 | Episode 423 | Reward -300.00 | Epsilon 0.0229
Seed 5 | Episode 424 | Reward -300.00 | Epsilon 0.0227
Seed 5 | Episode 425 | Reward -300.00 | Epsilon 0.0225
Seed 5 | Episode 426 | Reward -300.00 | Epsilon 0.0223
Seed 5 | Episode 427 | Reward -300.00 | Epsilon 0.0221
Seed 5 | Episode 428 | Reward -300.00 | Epsilon 0.0219
Seed 5 | Episode 429 | Reward -300.00 | Epsilon 0.0217
Seed 5 | Episode 430 | Reward -300.00 | Epsilon 0.0215
Seed 5 | Episode 431 | Reward -300.00 | Epsilon 0.0213
Seed 5 | Episode 432 | Reward -300.00 | Epsilon 0.0211
Seed 5 | Episode 433 | Reward -300.00 | Epsilon 0.0210
Seed 5 | Episode 434 | Reward -300.00 | Epsilon 0.0208
Seed 5 | Episode 435 | Reward -300.00 | Epsilon 0.0206
Seed 5 | Episode 436 | Reward -300.00 | Epsilon 0.0204
Seed 5 | Episode 437 | Reward -300.00 | Epsilon 0.0202
Seed 5 | Episode 438 | Reward -300.00 | Epsilon 0.0200
Seed 5 | Episode 439 | Reward -300.00 | Epsilon 0.0199
Seed 5 | Episode 440 | Reward -300.00 | Epsilon 0.0197
Seed 5 | Episode 441 | Reward -300.00 | Epsilon 0.0195
Seed 5 | Episode 442 | Reward -300.00 | Epsilon 0.0193
Seed 5 | Episode 443 | Reward -300.00 | Epsilon 0.0192
Seed 5 | Episode 444 | Reward -300.00 | Epsilon 0.0190
Seed 5 | Episode 445 | Reward -300.00 | Epsilon 0.0188
Seed 5 | Episode 446 | Reward -300.00 | Epsilon 0.0186
Seed 5 | Episode 447 | Reward -300.00 | Epsilon 0.0185
Seed 5 | Episode 448 | Reward -300.00 | Epsilon 0.0183
Seed 5 | Episode 449 | Reward -300.00 | Epsilon 0.0181
Seed 5 | Episode 450 | Reward -300.00 | Epsilon 0.0180
Seed 5 | Episode 451 | Reward -300.00 | Epsilon 0.0178
Seed 5 | Episode 452 | Reward -300.00 | Epsilon 0.0177
Seed 5 | Episode 453 | Reward -300.00 | Epsilon 0.0175
Seed 5 | Episode 454 | Reward -300.00 | Epsilon 0.0173
Seed 5 | Episode 455 | Reward -300.00 | Epsilon 0.0172
Seed 5 | Episode 456 | Reward -300.00 | Epsilon 0.0170
Seed 5 | Episode 457 | Reward -300.00 | Epsilon 0.0169
Seed 5 | Episode 458 | Reward -300.00 | Epsilon 0.0167
Seed 5 | Episode 459 | Reward -300.00 | Epsilon 0.0166
Seed 5 | Episode 460 | Reward -300.00 | Epsilon 0.0164
Seed 5 | Episode 461 | Reward -300.00 | Epsilon 0.0163
Seed 5 | Episode 462 | Reward -300.00 | Epsilon 0.0161
Seed 5 | Episode 463 | Reward -300.00 | Epsilon 0.0160
Seed 5 | Episode 464 | Reward -300.00 | Epsilon 0.0159
Seed 5 | Episode 465 | Reward -300.00 | Epsilon 0.0157
Seed 5 | Episode 466 | Reward -300.00 | Epsilon 0.0156
Seed 5 | Episode 467 | Reward -300.00 | Epsilon 0.0154
Seed 5 | Episode 468 | Reward -300.00 | Epsilon 0.0153
Seed 5 | Episode 469 | Reward -300.00 | Epsilon 0.0152
Seed 5 | Episode 470 | Reward -300.00 | Epsilon 0.0150
Seed 5 | Episode 471 | Reward -300.00 | Epsilon 0.0149
Seed 5 | Episode 472 | Reward -300.00 | Epsilon 0.0148
Seed 5 | Episode 473 | Reward -300.00 | Epsilon 0.0146
Seed 5 | Episode 474 | Reward -300.00 | Epsilon 0.0145
Seed 5 | Episode 475 | Reward -300.00 | Epsilon 0.0144
Seed 5 | Episode 476 | Reward -300.00 | Epsilon 0.0142
Seed 5 | Episode 477 | Reward -300.00 | Epsilon 0.0141
Seed 5 | Episode 478 | Reward -300.00 | Epsilon 0.0140
Seed 5 | Episode 479 | Reward -300.00 | Epsilon 0.0139
Seed 5 | Episode 480 | Reward -300.00 | Epsilon 0.0137
Seed 5 | Episode 481 | Reward -300.00 | Epsilon 0.0136
Seed 5 | Episode 482 | Reward -300.00 | Epsilon 0.0135
Seed 5 | Episode 483 | Reward -300.00 | Epsilon 0.0134
Seed 5 | Episode 484 | Reward -300.00 | Epsilon 0.0132
Seed 5 | Episode 485 | Reward -300.00 | Epsilon 0.0131
Seed 5 | Episode 486 | Reward -300.00 | Epsilon 0.0130
Seed 5 | Episode 487 | Reward -300.00 | Epsilon 0.0129
Seed 5 | Episode 488 | Reward -300.00 | Epsilon 0.0128
Seed 5 | Episode 489 | Reward -300.00 | Epsilon 0.0127
Seed 5 | Episode 490 | Reward -300.00 | Epsilon 0.0125
Seed 5 | Episode 491 | Reward -300.00 | Epsilon 0.0124
Seed 5 | Episode 492 | Reward -300.00 | Epsilon 0.0123
Seed 5 | Episode 493 | Reward -300.00 | Epsilon 0.0122
Seed 5 | Episode 494 | Reward -300.00 | Epsilon 0.0121
Seed 5 | Episode 495 | Reward -300.00 | Epsilon 0.0120
Seed 5 | Episode 496 | Reward -300.00 | Epsilon 0.0119
Seed 5 | Episode 497 | Reward -300.00 | Epsilon 0.0118
Seed 5 | Episode 498 | Reward -300.00 | Epsilon 0.0117
Seed 5 | Episode 499 | Reward -300.00 | Epsilon 0.0116
Seed 5 | Episode 500 | Reward -300.00 | Epsilon 0.0115
Seed 5 | Episode 501 | Reward -300.00 | Epsilon 0.0114
Seed 5 | Episode 502 | Reward -300.00 | Epsilon 0.0113
Seed 5 | Episode 503 | Reward -300.00 | Epsilon 0.0112
Seed 5 | Episode 504 | Reward -300.00 | Epsilon 0.0111
Seed 5 | Episode 505 | Reward -300.00 | Epsilon 0.0110
Seed 5 | Episode 506 | Reward -300.00 | Epsilon 0.0109
Seed 5 | Episode 507 | Reward -300.00 | Epsilon 0.0108
Seed 5 | Episode 508 | Reward -300.00 | Epsilon 0.0107
Seed 5 | Episode 509 | Reward -300.00 | Epsilon 0.0106
Seed 5 | Episode 510 | Reward -300.00 | Epsilon 0.0105
Seed 5 | Episode 511 | Reward -300.00 | Epsilon 0.0104
Seed 5 | Episode 512 | Reward -300.00 | Epsilon 0.0103
Seed 5 | Episode 513 | Reward -300.00 | Epsilon 0.0102
Seed 5 | Episode 514 | Reward -300.00 | Epsilon 0.0101
Seed 5 | Episode 515 | Reward -300.00 | Epsilon 0.0100
Seed 5 | Episode 516 | Reward -300.00 | Epsilon 0.0100
Seed 5 | Episode 517 | Reward -300.00 | Epsilon 0.0100
Seed 5 | Episode 518 | Reward -300.00 | Epsilon 0.0100
Seed 5 | Episode 519 | Reward -300.00 | Epsilon 0.0100
Seed 5 | Episode 520 | Reward -300.00 | Epsilon 0.0100
Seed 5 | Episode 521 | Reward -300.00 | Epsilon 0.0100
Seed 5 | Episode 522 | Reward -300.00 | Epsilon 0.0100
Seed 5 | Episode 523 | Reward -300.00 | Epsilon 0.0100
Seed 5 | Episode 524 | Reward -300.00 | Epsilon 0.0100
Seed 5 | Episode 525 | Reward -300.00 | Epsilon 0.0100
Seed 5 | Episode 526 | Reward -300.00 | Epsilon 0.0100
Seed 5 | Episode 527 | Reward -300.00 | Epsilon 0.0100
Seed 5 | Episode 528 | Reward -300.00 | Epsilon 0.0100
Seed 5 | Episode 529 | Reward -300.00 | Epsilon 0.0100
Seed 5 | Episode 530 | Reward -300.00 | Epsilon 0.0100
Seed 5 | Episode 531 | Reward -300.00 | Epsilon 0.0100
Seed 5 | Episode 532 | Reward -300.00 | Epsilon 0.0100
Seed 5 | Episode 533 | Reward -300.00 | Epsilon 0.0100
Seed 5 | Episode 534 | Reward -300.00 | Epsilon 0.0100
Seed 5 | Episode 535 | Reward -300.00 | Epsilon 0.0100
Seed 5 | Episode 536 | Reward -300.00 | Epsilon 0.0100
Seed 5 | Episode 537 | Reward -300.00 | Epsilon 0.0100
Seed 5 | Episode 538 | Reward -300.00 | Epsilon 0.0100
Seed 5 | Episode 539 | Reward -300.00 | Epsilon 0.0100
Seed 5 | Episode 540 | Reward -300.00 | Epsilon 0.0100
Seed 5 | Episode 541 | Reward -300.00 | Epsilon 0.0100
Seed 5 | Episode 542 | Reward -300.00 | Epsilon 0.0100
Seed 5 | Episode 543 | Reward -300.00 | Epsilon 0.0100
Seed 5 | Episode 544 | Reward -300.00 | Epsilon 0.0100
Seed 5 | Episode 545 | Reward -300.00 | Epsilon 0.0100
Seed 5 | Episode 546 | Reward -300.00 | Epsilon 0.0100
Seed 5 | Episode 547 | Reward -300.00 | Epsilon 0.0100
Seed 5 | Episode 548 | Reward -300.00 | Epsilon 0.0100
Seed 5 | Episode 549 | Reward -300.00 | Epsilon 0.0100
Seed 5 | Episode 550 | Reward -300.00 | Epsilon 0.0100
Seed 5 | Episode 551 | Reward -300.00 | Epsilon 0.0100
Seed 5 | Episode 552 | Reward -300.00 | Epsilon 0.0100
Seed 5 | Episode 553 | Reward -300.00 | Epsilon 0.0100
Seed 5 | Episode 554 | Reward -300.00 | Epsilon 0.0100
Seed 5 | Episode 555 | Reward -300.00 | Epsilon 0.0100
Seed 5 | Episode 556 | Reward -300.00 | Epsilon 0.0100
Seed 5 | Episode 557 | Reward -300.00 | Epsilon 0.0100
Seed 5 | Episode 558 | Reward -300.00 | Epsilon 0.0100
Seed 5 | Episode 559 | Reward -300.00 | Epsilon 0.0100
Seed 5 | Episode 560 | Reward -300.00 | Epsilon 0.0100
Seed 5 | Episode 561 | Reward -300.00 | Epsilon 0.0100
Seed 5 | Episode 562 | Reward -300.00 | Epsilon 0.0100
Seed 5 | Episode 563 | Reward -300.00 | Epsilon 0.0100
Seed 5 | Episode 564 | Reward -300.00 | Epsilon 0.0100
Seed 5 | Episode 565 | Reward -300.00 | Epsilon 0.0100
Seed 5 | Episode 566 | Reward -300.00 | Epsilon 0.0100
Seed 5 | Episode 567 | Reward -300.00 | Epsilon 0.0100
Seed 5 | Episode 568 | Reward -300.00 | Epsilon 0.0100
Seed 5 | Episode 569 | Reward -300.00 | Epsilon 0.0100
Seed 5 | Episode 570 | Reward -300.00 | Epsilon 0.0100
Seed 5 | Episode 571 | Reward -300.00 | Epsilon 0.0100
Seed 5 | Episode 572 | Reward -300.00 | Epsilon 0.0100
Seed 5 | Episode 573 | Reward -300.00 | Epsilon 0.0100
Seed 5 | Episode 574 | Reward -300.00 | Epsilon 0.0100
Seed 5 | Episode 575 | Reward -300.00 | Epsilon 0.0100
Seed 5 | Episode 576 | Reward -300.00 | Epsilon 0.0100
Seed 5 | Episode 577 | Reward -300.00 | Epsilon 0.0100
Seed 5 | Episode 578 | Reward -300.00 | Epsilon 0.0100
Seed 5 | Episode 579 | Reward -300.00 | Epsilon 0.0100
Seed 5 | Episode 580 | Reward -300.00 | Epsilon 0.0100
Seed 5 | Episode 581 | Reward -300.00 | Epsilon 0.0100
Seed 5 | Episode 582 | Reward -300.00 | Epsilon 0.0100
Seed 5 | Episode 583 | Reward -300.00 | Epsilon 0.0100
Seed 5 | Episode 584 | Reward -300.00 | Epsilon 0.0100
Seed 5 | Episode 585 | Reward -300.00 | Epsilon 0.0100
Seed 5 | Episode 586 | Reward -300.00 | Epsilon 0.0100
Seed 5 | Episode 587 | Reward -300.00 | Epsilon 0.0100
Seed 5 | Episode 588 | Reward -300.00 | Epsilon 0.0100
Seed 5 | Episode 589 | Reward -300.00 | Epsilon 0.0100
Seed 5 | Episode 590 | Reward -300.00 | Epsilon 0.0100
Seed 5 | Episode 591 | Reward -300.00 | Epsilon 0.0100
Seed 5 | Episode 592 | Reward -300.00 | Epsilon 0.0100
Seed 5 | Episode 593 | Reward -300.00 | Epsilon 0.0100
Seed 5 | Episode 594 | Reward -300.00 | Epsilon 0.0100
Seed 5 | Episode 595 | Reward -300.00 | Epsilon 0.0100
Seed 5 | Episode 596 | Reward -300.00 | Epsilon 0.0100
Seed 5 | Episode 597 | Reward -300.00 | Epsilon 0.0100
Seed 5 | Episode 598 | Reward -300.00 | Epsilon 0.0100
Seed 5 | Episode 599 | Reward -300.00 | Epsilon 0.0100
Seed 5 | Episode 600 | Reward -300.00 | Epsilon 0.0100
Seed 5 | Episode 601 | Reward -300.00 | Epsilon 0.0100
Seed 5 | Episode 602 | Reward -300.00 | Epsilon 0.0100
Seed 5 | Episode 603 | Reward -300.00 | Epsilon 0.0100
Seed 5 | Episode 604 | Reward -300.00 | Epsilon 0.0100
Seed 5 | Episode 605 | Reward -300.00 | Epsilon 0.0100
Seed 5 | Episode 606 | Reward -300.00 | Epsilon 0.0100
Seed 5 | Episode 607 | Reward -300.00 | Epsilon 0.0100
Seed 5 | Episode 608 | Reward -300.00 | Epsilon 0.0100
Seed 5 | Episode 609 | Reward -300.00 | Epsilon 0.0100
Seed 5 | Episode 610 | Reward -300.00 | Epsilon 0.0100
Seed 5 | Episode 611 | Reward -300.00 | Epsilon 0.0100
Seed 5 | Episode 612 | Reward -300.00 | Epsilon 0.0100
Seed 5 | Episode 613 | Reward -300.00 | Epsilon 0.0100
Seed 5 | Episode 614 | Reward -300.00 | Epsilon 0.0100
Seed 5 | Episode 615 | Reward -300.00 | Epsilon 0.0100
Seed 5 | Episode 616 | Reward -300.00 | Epsilon 0.0100
Seed 5 | Episode 617 | Reward -300.00 | Epsilon 0.0100
Seed 5 | Episode 618 | Reward -300.00 | Epsilon 0.0100
Seed 5 | Episode 619 | Reward -300.00 | Epsilon 0.0100
Seed 5 | Episode 620 | Reward -300.00 | Epsilon 0.0100
Seed 5 | Episode 621 | Reward -300.00 | Epsilon 0.0100
Seed 5 | Episode 622 | Reward -300.00 | Epsilon 0.0100
Seed 5 | Episode 623 | Reward -300.00 | Epsilon 0.0100
Seed 5 | Episode 624 | Reward -300.00 | Epsilon 0.0100
Seed 5 | Episode 625 | Reward -300.00 | Epsilon 0.0100
Seed 5 | Episode 626 | Reward -300.00 | Epsilon 0.0100
Seed 5 | Episode 627 | Reward -300.00 | Epsilon 0.0100
Seed 5 | Episode 628 | Reward -300.00 | Epsilon 0.0100
Seed 5 | Episode 629 | Reward -300.00 | Epsilon 0.0100
Seed 5 | Episode 630 | Reward -300.00 | Epsilon 0.0100
Seed 5 | Episode 631 | Reward -300.00 | Epsilon 0.0100
Seed 5 | Episode 632 | Reward -300.00 | Epsilon 0.0100
Seed 5 | Episode 633 | Reward -300.00 | Epsilon 0.0100
Seed 5 | Episode 634 | Reward -300.00 | Epsilon 0.0100
Seed 5 | Episode 635 | Reward -300.00 | Epsilon 0.0100
Seed 5 | Episode 636 | Reward -300.00 | Epsilon 0.0100
Seed 5 | Episode 637 | Reward -300.00 | Epsilon 0.0100
Seed 5 | Episode 638 | Reward -300.00 | Epsilon 0.0100
Seed 5 | Episode 639 | Reward -300.00 | Epsilon 0.0100
Seed 5 | Episode 640 | Reward -300.00 | Epsilon 0.0100
Seed 5 | Episode 641 | Reward -300.00 | Epsilon 0.0100
Seed 5 | Episode 642 | Reward -300.00 | Epsilon 0.0100
Seed 5 | Episode 643 | Reward -300.00 | Epsilon 0.0100
Seed 5 | Episode 644 | Reward -300.00 | Epsilon 0.0100
Seed 5 | Episode 645 | Reward -300.00 | Epsilon 0.0100
Seed 5 | Episode 646 | Reward -300.00 | Epsilon 0.0100
Seed 5 | Episode 647 | Reward -300.00 | Epsilon 0.0100
Seed 5 | Episode 648 | Reward -300.00 | Epsilon 0.0100
Seed 5 | Episode 649 | Reward -300.00 | Epsilon 0.0100
Seed 5 | Episode 650 | Reward -300.00 | Epsilon 0.0100
Seed 5 | Episode 651 | Reward -300.00 | Epsilon 0.0100
Seed 5 | Episode 652 | Reward -300.00 | Epsilon 0.0100
Seed 5 | Episode 653 | Reward -300.00 | Epsilon 0.0100
Seed 5 | Episode 654 | Reward -300.00 | Epsilon 0.0100
Seed 5 | Episode 655 | Reward -300.00 | Epsilon 0.0100
Seed 5 | Episode 656 | Reward -300.00 | Epsilon 0.0100
Seed 5 | Episode 657 | Reward -300.00 | Epsilon 0.0100
Seed 5 | Episode 658 | Reward -300.00 | Epsilon 0.0100
Seed 5 | Episode 659 | Reward -300.00 | Epsilon 0.0100
Seed 5 | Episode 660 | Reward -300.00 | Epsilon 0.0100
Seed 5 | Episode 661 | Reward -300.00 | Epsilon 0.0100
Seed 5 | Episode 662 | Reward -300.00 | Epsilon 0.0100
Seed 5 | Episode 663 | Reward -300.00 | Epsilon 0.0100
Seed 5 | Episode 664 | Reward -300.00 | Epsilon 0.0100
Seed 5 | Episode 665 | Reward -300.00 | Epsilon 0.0100
Seed 5 | Episode 666 | Reward -300.00 | Epsilon 0.0100
Seed 5 | Episode 667 | Reward -300.00 | Epsilon 0.0100
Seed 5 | Episode 668 | Reward -300.00 | Epsilon 0.0100
Seed 5 | Episode 669 | Reward -300.00 | Epsilon 0.0100
Seed 5 | Episode 670 | Reward -300.00 | Epsilon 0.0100
Seed 5 | Episode 671 | Reward -300.00 | Epsilon 0.0100
Seed 5 | Episode 672 | Reward -300.00 | Epsilon 0.0100
Seed 5 | Episode 673 | Reward -300.00 | Epsilon 0.0100
Seed 5 | Episode 674 | Reward -300.00 | Epsilon 0.0100
Seed 5 | Episode 675 | Reward -300.00 | Epsilon 0.0100
Seed 5 | Episode 676 | Reward -300.00 | Epsilon 0.0100
Seed 5 | Episode 677 | Reward -300.00 | Epsilon 0.0100
Seed 5 | Episode 678 | Reward -300.00 | Epsilon 0.0100
Seed 5 | Episode 679 | Reward -300.00 | Epsilon 0.0100
Seed 5 | Episode 680 | Reward -300.00 | Epsilon 0.0100
Seed 5 | Episode 681 | Reward -300.00 | Epsilon 0.0100
Seed 5 | Episode 682 | Reward -300.00 | Epsilon 0.0100
Seed 5 | Episode 683 | Reward -300.00 | Epsilon 0.0100
Seed 5 | Episode 684 | Reward -300.00 | Epsilon 0.0100
Seed 5 | Episode 685 | Reward -300.00 | Epsilon 0.0100
Seed 5 | Episode 686 | Reward -300.00 | Epsilon 0.0100
Seed 5 | Episode 687 | Reward -300.00 | Epsilon 0.0100
Seed 5 | Episode 688 | Reward -300.00 | Epsilon 0.0100
Seed 5 | Episode 689 | Reward -300.00 | Epsilon 0.0100
Seed 5 | Episode 690 | Reward -300.00 | Epsilon 0.0100
Seed 5 | Episode 691 | Reward -300.00 | Epsilon 0.0100
Seed 5 | Episode 692 | Reward -300.00 | Epsilon 0.0100
Seed 5 | Episode 693 | Reward -300.00 | Epsilon 0.0100
Seed 5 | Episode 694 | Reward -300.00 | Epsilon 0.0100
Seed 5 | Episode 695 | Reward -300.00 | Epsilon 0.0100
Seed 5 | Episode 696 | Reward -300.00 | Epsilon 0.0100
Seed 5 | Episode 697 | Reward -300.00 | Epsilon 0.0100
Seed 5 | Episode 698 | Reward -300.00 | Epsilon 0.0100
Seed 5 | Episode 699 | Reward -300.00 | Epsilon 0.0100
Seed 5 | Episode 700 | Reward -300.00 | Epsilon 0.0100
Seed 5 | Episode 701 | Reward -300.00 | Epsilon 0.0100
Seed 5 | Episode 702 | Reward -300.00 | Epsilon 0.0100
Seed 5 | Episode 703 | Reward -300.00 | Epsilon 0.0100
Seed 5 | Episode 704 | Reward -300.00 | Epsilon 0.0100
Seed 5 | Episode 705 | Reward -300.00 | Epsilon 0.0100
Seed 5 | Episode 706 | Reward -300.00 | Epsilon 0.0100
Seed 5 | Episode 707 | Reward -141.00 | Epsilon 0.0100
Seed 5 | Episode 708 | Reward -300.00 | Epsilon 0.0100
Seed 5 | Episode 709 | Reward -300.00 | Epsilon 0.0100
Seed 5 | Episode 710 | Reward -300.00 | Epsilon 0.0100
Seed 5 | Episode 711 | Reward -300.00 | Epsilon 0.0100
Seed 5 | Episode 712 | Reward -300.00 | Epsilon 0.0100
Seed 5 | Episode 713 | Reward -300.00 | Epsilon 0.0100
Seed 5 | Episode 714 | Reward -300.00 | Epsilon 0.0100
Seed 5 | Episode 715 | Reward -300.00 | Epsilon 0.0100
Seed 5 | Episode 716 | Reward -300.00 | Epsilon 0.0100
Seed 5 | Episode 717 | Reward -300.00 | Epsilon 0.0100
Seed 5 | Episode 718 | Reward -300.00 | Epsilon 0.0100
Seed 5 | Episode 719 | Reward -300.00 | Epsilon 0.0100
Seed 5 | Episode 720 | Reward -300.00 | Epsilon 0.0100
Seed 5 | Episode 721 | Reward -300.00 | Epsilon 0.0100
Seed 5 | Episode 722 | Reward -300.00 | Epsilon 0.0100
Seed 5 | Episode 723 | Reward -300.00 | Epsilon 0.0100
Seed 5 | Episode 724 | Reward -300.00 | Epsilon 0.0100
Seed 5 | Episode 725 | Reward -300.00 | Epsilon 0.0100
Seed 5 | Episode 726 | Reward -300.00 | Epsilon 0.0100
Seed 5 | Episode 727 | Reward -300.00 | Epsilon 0.0100
Seed 5 | Episode 728 | Reward -300.00 | Epsilon 0.0100
Seed 5 | Episode 729 | Reward -300.00 | Epsilon 0.0100
Seed 5 | Episode 730 | Reward -300.00 | Epsilon 0.0100
Seed 5 | Episode 731 | Reward -300.00 | Epsilon 0.0100
Seed 5 | Episode 732 | Reward -300.00 | Epsilon 0.0100
Seed 5 | Episode 733 | Reward -300.00 | Epsilon 0.0100
Seed 5 | Episode 734 | Reward -300.00 | Epsilon 0.0100
Seed 5 | Episode 735 | Reward -300.00 | Epsilon 0.0100
Seed 5 | Episode 736 | Reward -300.00 | Epsilon 0.0100
Seed 5 | Episode 737 | Reward -300.00 | Epsilon 0.0100
Seed 5 | Episode 738 | Reward -300.00 | Epsilon 0.0100
Seed 5 | Episode 739 | Reward -300.00 | Epsilon 0.0100
Seed 5 | Episode 740 | Reward -300.00 | Epsilon 0.0100
Seed 5 | Episode 741 | Reward -300.00 | Epsilon 0.0100
Seed 5 | Episode 742 | Reward -300.00 | Epsilon 0.0100
Seed 5 | Episode 743 | Reward -300.00 | Epsilon 0.0100
Seed 5 | Episode 744 | Reward -300.00 | Epsilon 0.0100
Seed 5 | Episode 745 | Reward -300.00 | Epsilon 0.0100
Seed 5 | Episode 746 | Reward -300.00 | Epsilon 0.0100
Seed 5 | Episode 747 | Reward -300.00 | Epsilon 0.0100
Seed 5 | Episode 748 | Reward -300.00 | Epsilon 0.0100
Seed 5 | Episode 749 | Reward -300.00 | Epsilon 0.0100
Seed 5 | Episode 750 | Reward -300.00 | Epsilon 0.0100
Seed 5 | Episode 751 | Reward -300.00 | Epsilon 0.0100
Seed 5 | Episode 752 | Reward -300.00 | Epsilon 0.0100
Seed 5 | Episode 753 | Reward -300.00 | Epsilon 0.0100
Seed 5 | Episode 754 | Reward -300.00 | Epsilon 0.0100
Seed 5 | Episode 755 | Reward -300.00 | Epsilon 0.0100
Seed 5 | Episode 756 | Reward -300.00 | Epsilon 0.0100
Seed 5 | Episode 757 | Reward -300.00 | Epsilon 0.0100
Seed 5 | Episode 758 | Reward -300.00 | Epsilon 0.0100
Seed 5 | Episode 759 | Reward -300.00 | Epsilon 0.0100
Seed 5 | Episode 760 | Reward -300.00 | Epsilon 0.0100
Seed 5 | Episode 761 | Reward -300.00 | Epsilon 0.0100
Seed 5 | Episode 762 | Reward -300.00 | Epsilon 0.0100
Seed 5 | Episode 763 | Reward -300.00 | Epsilon 0.0100
Seed 5 | Episode 764 | Reward -300.00 | Epsilon 0.0100
Seed 5 | Episode 765 | Reward -300.00 | Epsilon 0.0100
Seed 5 | Episode 766 | Reward -300.00 | Epsilon 0.0100
Seed 5 | Episode 767 | Reward -300.00 | Epsilon 0.0100
Seed 5 | Episode 768 | Reward -300.00 | Epsilon 0.0100
Seed 5 | Episode 769 | Reward -300.00 | Epsilon 0.0100
Seed 5 | Episode 770 | Reward -300.00 | Epsilon 0.0100
Seed 5 | Episode 771 | Reward -300.00 | Epsilon 0.0100
Seed 5 | Episode 772 | Reward -300.00 | Epsilon 0.0100
Seed 5 | Episode 773 | Reward -300.00 | Epsilon 0.0100
Seed 5 | Episode 774 | Reward -300.00 | Epsilon 0.0100
Seed 5 | Episode 775 | Reward -300.00 | Epsilon 0.0100
Seed 5 | Episode 776 | Reward -300.00 | Epsilon 0.0100
Seed 5 | Episode 777 | Reward -300.00 | Epsilon 0.0100
Seed 5 | Episode 778 | Reward -300.00 | Epsilon 0.0100
Seed 5 | Episode 779 | Reward -300.00 | Epsilon 0.0100
Seed 5 | Episode 780 | Reward -300.00 | Epsilon 0.0100
Seed 5 | Episode 781 | Reward -300.00 | Epsilon 0.0100
Seed 5 | Episode 782 | Reward -300.00 | Epsilon 0.0100
Seed 5 | Episode 783 | Reward -300.00 | Epsilon 0.0100
Seed 5 | Episode 784 | Reward -300.00 | Epsilon 0.0100
Seed 5 | Episode 785 | Reward -300.00 | Epsilon 0.0100
Seed 5 | Episode 786 | Reward -300.00 | Epsilon 0.0100
Seed 5 | Episode 787 | Reward -300.00 | Epsilon 0.0100
Seed 5 | Episode 788 | Reward -300.00 | Epsilon 0.0100
Seed 5 | Episode 789 | Reward -300.00 | Epsilon 0.0100
Seed 5 | Episode 790 | Reward -300.00 | Epsilon 0.0100
Seed 5 | Episode 791 | Reward -300.00 | Epsilon 0.0100
Seed 5 | Episode 792 | Reward -300.00 | Epsilon 0.0100
Seed 5 | Episode 793 | Reward -300.00 | Epsilon 0.0100
Seed 5 | Episode 794 | Reward -300.00 | Epsilon 0.0100
Seed 5 | Episode 795 | Reward -300.00 | Epsilon 0.0100
Seed 5 | Episode 796 | Reward -300.00 | Epsilon 0.0100
Seed 5 | Episode 797 | Reward -300.00 | Epsilon 0.0100
Seed 5 | Episode 798 | Reward -300.00 | Epsilon 0.0100
Seed 5 | Episode 799 | Reward -300.00 | Epsilon 0.0100
Seed 5 | Episode 800 | Reward -300.00 | Epsilon 0.0100
Seed 5 | Episode 801 | Reward -300.00 | Epsilon 0.0100
Seed 5 | Episode 802 | Reward -300.00 | Epsilon 0.0100
Seed 5 | Episode 803 | Reward -300.00 | Epsilon 0.0100
Seed 5 | Episode 804 | Reward -300.00 | Epsilon 0.0100
Seed 5 | Episode 805 | Reward -300.00 | Epsilon 0.0100
Seed 5 | Episode 806 | Reward -300.00 | Epsilon 0.0100
Seed 5 | Episode 807 | Reward -300.00 | Epsilon 0.0100
Seed 5 | Episode 808 | Reward -300.00 | Epsilon 0.0100
Seed 5 | Episode 809 | Reward -300.00 | Epsilon 0.0100
Seed 5 | Episode 810 | Reward -300.00 | Epsilon 0.0100
Seed 5 | Episode 811 | Reward -300.00 | Epsilon 0.0100
Seed 5 | Episode 812 | Reward -300.00 | Epsilon 0.0100
Seed 5 | Episode 813 | Reward -300.00 | Epsilon 0.0100
Seed 5 | Episode 814 | Reward -300.00 | Epsilon 0.0100
Seed 5 | Episode 815 | Reward -300.00 | Epsilon 0.0100
Seed 5 | Episode 816 | Reward -300.00 | Epsilon 0.0100
Seed 5 | Episode 817 | Reward -300.00 | Epsilon 0.0100
Seed 5 | Episode 818 | Reward -300.00 | Epsilon 0.0100
Seed 5 | Episode 819 | Reward -300.00 | Epsilon 0.0100
Seed 5 | Episode 820 | Reward -300.00 | Epsilon 0.0100
Seed 5 | Episode 821 | Reward -300.00 | Epsilon 0.0100
Seed 5 | Episode 822 | Reward -300.00 | Epsilon 0.0100
Seed 5 | Episode 823 | Reward -300.00 | Epsilon 0.0100
Seed 5 | Episode 824 | Reward -300.00 | Epsilon 0.0100
Seed 5 | Episode 825 | Reward -300.00 | Epsilon 0.0100
Seed 5 | Episode 826 | Reward -300.00 | Epsilon 0.0100
Seed 5 | Episode 827 | Reward -300.00 | Epsilon 0.0100
Seed 5 | Episode 828 | Reward -300.00 | Epsilon 0.0100
Seed 5 | Episode 829 | Reward -300.00 | Epsilon 0.0100
Seed 5 | Episode 830 | Reward -300.00 | Epsilon 0.0100
Seed 5 | Episode 831 | Reward -300.00 | Epsilon 0.0100
Seed 5 | Episode 832 | Reward -300.00 | Epsilon 0.0100
Seed 5 | Episode 833 | Reward -300.00 | Epsilon 0.0100
Seed 5 | Episode 834 | Reward -300.00 | Epsilon 0.0100
Seed 5 | Episode 835 | Reward -300.00 | Epsilon 0.0100
Seed 5 | Episode 836 | Reward -300.00 | Epsilon 0.0100
Seed 5 | Episode 837 | Reward -300.00 | Epsilon 0.0100
Seed 5 | Episode 838 | Reward -300.00 | Epsilon 0.0100
Seed 5 | Episode 839 | Reward -300.00 | Epsilon 0.0100
Seed 5 | Episode 840 | Reward -300.00 | Epsilon 0.0100
Seed 5 | Episode 841 | Reward -300.00 | Epsilon 0.0100
Seed 5 | Episode 842 | Reward -300.00 | Epsilon 0.0100
Seed 5 | Episode 843 | Reward -300.00 | Epsilon 0.0100
Seed 5 | Episode 844 | Reward -300.00 | Epsilon 0.0100
Seed 5 | Episode 845 | Reward -300.00 | Epsilon 0.0100
Seed 5 | Episode 846 | Reward -300.00 | Epsilon 0.0100
Seed 5 | Episode 847 | Reward -300.00 | Epsilon 0.0100
Seed 5 | Episode 848 | Reward -300.00 | Epsilon 0.0100
Seed 5 | Episode 849 | Reward -300.00 | Epsilon 0.0100
Seed 5 | Episode 850 | Reward -300.00 | Epsilon 0.0100
Seed 5 | Episode 851 | Reward -300.00 | Epsilon 0.0100
Seed 5 | Episode 852 | Reward -300.00 | Epsilon 0.0100
Seed 5 | Episode 853 | Reward -300.00 | Epsilon 0.0100
Seed 5 | Episode 854 | Reward -300.00 | Epsilon 0.0100
Seed 5 | Episode 855 | Reward -300.00 | Epsilon 0.0100
Seed 5 | Episode 856 | Reward -300.00 | Epsilon 0.0100
Seed 5 | Episode 857 | Reward -300.00 | Epsilon 0.0100
Seed 5 | Episode 858 | Reward -300.00 | Epsilon 0.0100
Seed 5 | Episode 859 | Reward -300.00 | Epsilon 0.0100
Seed 5 | Episode 860 | Reward -300.00 | Epsilon 0.0100
Seed 5 | Episode 861 | Reward -300.00 | Epsilon 0.0100
Seed 5 | Episode 862 | Reward -300.00 | Epsilon 0.0100
Seed 5 | Episode 863 | Reward -300.00 | Epsilon 0.0100
Seed 5 | Episode 864 | Reward -300.00 | Epsilon 0.0100
Seed 5 | Episode 865 | Reward -300.00 | Epsilon 0.0100
Seed 5 | Episode 866 | Reward -300.00 | Epsilon 0.0100
Seed 5 | Episode 867 | Reward -300.00 | Epsilon 0.0100
Seed 5 | Episode 868 | Reward -300.00 | Epsilon 0.0100
Seed 5 | Episode 869 | Reward -300.00 | Epsilon 0.0100
Seed 5 | Episode 870 | Reward -300.00 | Epsilon 0.0100
Seed 5 | Episode 871 | Reward -300.00 | Epsilon 0.0100
Seed 5 | Episode 872 | Reward -300.00 | Epsilon 0.0100
Seed 5 | Episode 873 | Reward -300.00 | Epsilon 0.0100
Seed 5 | Episode 874 | Reward -300.00 | Epsilon 0.0100
Seed 5 | Episode 875 | Reward -300.00 | Epsilon 0.0100
Seed 5 | Episode 876 | Reward -300.00 | Epsilon 0.0100
Seed 5 | Episode 877 | Reward -300.00 | Epsilon 0.0100
Seed 5 | Episode 878 | Reward -300.00 | Epsilon 0.0100
Seed 5 | Episode 879 | Reward -300.00 | Epsilon 0.0100
Seed 5 | Episode 880 | Reward -300.00 | Epsilon 0.0100
Seed 5 | Episode 881 | Reward -300.00 | Epsilon 0.0100
Seed 5 | Episode 882 | Reward -300.00 | Epsilon 0.0100
Seed 5 | Episode 883 | Reward -300.00 | Epsilon 0.0100
Seed 5 | Episode 884 | Reward -300.00 | Epsilon 0.0100
Seed 5 | Episode 885 | Reward -300.00 | Epsilon 0.0100
Seed 5 | Episode 886 | Reward -300.00 | Epsilon 0.0100
Seed 5 | Episode 887 | Reward -300.00 | Epsilon 0.0100
Seed 5 | Episode 888 | Reward -300.00 | Epsilon 0.0100
Seed 5 | Episode 889 | Reward -300.00 | Epsilon 0.0100
Seed 5 | Episode 890 | Reward -300.00 | Epsilon 0.0100
Seed 5 | Episode 891 | Reward -300.00 | Epsilon 0.0100
Seed 5 | Episode 892 | Reward -300.00 | Epsilon 0.0100
Seed 5 | Episode 893 | Reward -300.00 | Epsilon 0.0100
Seed 5 | Episode 894 | Reward -300.00 | Epsilon 0.0100
Seed 5 | Episode 895 | Reward -300.00 | Epsilon 0.0100
Seed 5 | Episode 896 | Reward -300.00 | Epsilon 0.0100
Seed 5 | Episode 897 | Reward -300.00 | Epsilon 0.0100
Seed 5 | Episode 898 | Reward -300.00 | Epsilon 0.0100
Seed 5 | Episode 899 | Reward -300.00 | Epsilon 0.0100
Seed 5 | Episode 900 | Reward -300.00 | Epsilon 0.0100
Seed 5 | Episode 901 | Reward -300.00 | Epsilon 0.0100
Seed 5 | Episode 902 | Reward -300.00 | Epsilon 0.0100
Seed 5 | Episode 903 | Reward -300.00 | Epsilon 0.0100
Seed 5 | Episode 904 | Reward -300.00 | Epsilon 0.0100
Seed 5 | Episode 905 | Reward -300.00 | Epsilon 0.0100
Seed 5 | Episode 906 | Reward -300.00 | Epsilon 0.0100
Seed 5 | Episode 907 | Reward -300.00 | Epsilon 0.0100
Seed 5 | Episode 908 | Reward -300.00 | Epsilon 0.0100
Seed 5 | Episode 909 | Reward -300.00 | Epsilon 0.0100
Seed 5 | Episode 910 | Reward -300.00 | Epsilon 0.0100
Seed 5 | Episode 911 | Reward -300.00 | Epsilon 0.0100
Seed 5 | Episode 912 | Reward -300.00 | Epsilon 0.0100
Seed 5 | Episode 913 | Reward -300.00 | Epsilon 0.0100
Seed 5 | Episode 914 | Reward -300.00 | Epsilon 0.0100
Seed 5 | Episode 915 | Reward -300.00 | Epsilon 0.0100
Seed 5 | Episode 916 | Reward -300.00 | Epsilon 0.0100
Seed 5 | Episode 917 | Reward -300.00 | Epsilon 0.0100
Seed 5 | Episode 918 | Reward -300.00 | Epsilon 0.0100
Seed 5 | Episode 919 | Reward -300.00 | Epsilon 0.0100
Seed 5 | Episode 920 | Reward -300.00 | Epsilon 0.0100
Seed 5 | Episode 921 | Reward -300.00 | Epsilon 0.0100
Seed 5 | Episode 922 | Reward -300.00 | Epsilon 0.0100
Seed 5 | Episode 923 | Reward -300.00 | Epsilon 0.0100
Seed 5 | Episode 924 | Reward -300.00 | Epsilon 0.0100
Seed 5 | Episode 925 | Reward -300.00 | Epsilon 0.0100
Seed 5 | Episode 926 | Reward -300.00 | Epsilon 0.0100
Seed 5 | Episode 927 | Reward -300.00 | Epsilon 0.0100
Seed 5 | Episode 928 | Reward -300.00 | Epsilon 0.0100
Seed 5 | Episode 929 | Reward -300.00 | Epsilon 0.0100
Seed 5 | Episode 930 | Reward -300.00 | Epsilon 0.0100
Seed 5 | Episode 931 | Reward -300.00 | Epsilon 0.0100
Seed 5 | Episode 932 | Reward -300.00 | Epsilon 0.0100
Seed 5 | Episode 933 | Reward -300.00 | Epsilon 0.0100
Seed 5 | Episode 934 | Reward -300.00 | Epsilon 0.0100
Seed 5 | Episode 935 | Reward -300.00 | Epsilon 0.0100
Seed 5 | Episode 936 | Reward -300.00 | Epsilon 0.0100
Seed 5 | Episode 937 | Reward -300.00 | Epsilon 0.0100
Seed 5 | Episode 938 | Reward -300.00 | Epsilon 0.0100
Seed 5 | Episode 939 | Reward -300.00 | Epsilon 0.0100
Seed 5 | Episode 940 | Reward -300.00 | Epsilon 0.0100
Seed 5 | Episode 941 | Reward -300.00 | Epsilon 0.0100
Seed 5 | Episode 942 | Reward -300.00 | Epsilon 0.0100
Seed 5 | Episode 943 | Reward -300.00 | Epsilon 0.0100
Seed 5 | Episode 944 | Reward -300.00 | Epsilon 0.0100
Seed 5 | Episode 945 | Reward -300.00 | Epsilon 0.0100
Seed 5 | Episode 946 | Reward -300.00 | Epsilon 0.0100
Seed 5 | Episode 947 | Reward -300.00 | Epsilon 0.0100
Seed 5 | Episode 948 | Reward -300.00 | Epsilon 0.0100
Seed 5 | Episode 949 | Reward -300.00 | Epsilon 0.0100
Seed 5 | Episode 950 | Reward -300.00 | Epsilon 0.0100
Seed 5 | Episode 951 | Reward -300.00 | Epsilon 0.0100
Seed 5 | Episode 952 | Reward -300.00 | Epsilon 0.0100
Seed 5 | Episode 953 | Reward -300.00 | Epsilon 0.0100
Seed 5 | Episode 954 | Reward -300.00 | Epsilon 0.0100
Seed 5 | Episode 955 | Reward -300.00 | Epsilon 0.0100
Seed 5 | Episode 956 | Reward -300.00 | Epsilon 0.0100
Seed 5 | Episode 957 | Reward -300.00 | Epsilon 0.0100
Seed 5 | Episode 958 | Reward -300.00 | Epsilon 0.0100
Seed 5 | Episode 959 | Reward -300.00 | Epsilon 0.0100
Seed 5 | Episode 960 | Reward -300.00 | Epsilon 0.0100
Seed 5 | Episode 961 | Reward -175.00 | Epsilon 0.0100
Seed 5 | Episode 962 | Reward -300.00 | Epsilon 0.0100
Seed 5 | Episode 963 | Reward -300.00 | Epsilon 0.0100
Seed 5 | Episode 964 | Reward -300.00 | Epsilon 0.0100
Seed 5 | Episode 965 | Reward -300.00 | Epsilon 0.0100
Seed 5 | Episode 966 | Reward -300.00 | Epsilon 0.0100
Seed 5 | Episode 967 | Reward -300.00 | Epsilon 0.0100
Seed 5 | Episode 968 | Reward -300.00 | Epsilon 0.0100
Seed 5 | Episode 969 | Reward -300.00 | Epsilon 0.0100
Seed 5 | Episode 970 | Reward -300.00 | Epsilon 0.0100
Seed 5 | Episode 971 | Reward -300.00 | Epsilon 0.0100
Seed 5 | Episode 972 | Reward -300.00 | Epsilon 0.0100
Seed 5 | Episode 973 | Reward -300.00 | Epsilon 0.0100
Seed 5 | Episode 974 | Reward -300.00 | Epsilon 0.0100
Seed 5 | Episode 975 | Reward -300.00 | Epsilon 0.0100
Seed 5 | Episode 976 | Reward -300.00 | Epsilon 0.0100
Seed 5 | Episode 977 | Reward -300.00 | Epsilon 0.0100
Seed 5 | Episode 978 | Reward -300.00 | Epsilon 0.0100
Seed 5 | Episode 979 | Reward -300.00 | Epsilon 0.0100
Seed 5 | Episode 980 | Reward -300.00 | Epsilon 0.0100
Seed 5 | Episode 981 | Reward -300.00 | Epsilon 0.0100
Seed 5 | Episode 982 | Reward -300.00 | Epsilon 0.0100
Seed 5 | Episode 983 | Reward -300.00 | Epsilon 0.0100
Seed 5 | Episode 984 | Reward -300.00 | Epsilon 0.0100
Seed 5 | Episode 985 | Reward -300.00 | Epsilon 0.0100
Seed 5 | Episode 986 | Reward -300.00 | Epsilon 0.0100
Seed 5 | Episode 987 | Reward -300.00 | Epsilon 0.0100
Seed 5 | Episode 988 | Reward -300.00 | Epsilon 0.0100
Seed 5 | Episode 989 | Reward -300.00 | Epsilon 0.0100
Seed 5 | Episode 990 | Reward -300.00 | Epsilon 0.0100
Seed 5 | Episode 991 | Reward -300.00 | Epsilon 0.0100
Seed 5 | Episode 992 | Reward -300.00 | Epsilon 0.0100
Seed 5 | Episode 993 | Reward -300.00 | Epsilon 0.0100
Seed 5 | Episode 994 | Reward -300.00 | Epsilon 0.0100
Seed 5 | Episode 995 | Reward -300.00 | Epsilon 0.0100
Seed 5 | Episode 996 | Reward -300.00 | Epsilon 0.0100
Seed 5 | Episode 997 | Reward -300.00 | Epsilon 0.0100
Seed 5 | Episode 998 | Reward -300.00 | Epsilon 0.0100
Seed 5 | Episode 999 | Reward -300.00 | Epsilon 0.0100
Finished seed 5
